[2024-05-10T10:52:04.450+0000] {local_task_job_runner.py:120} INFO - ::group::Pre task execution logs
[2024-05-10T10:52:04.478+0000] {taskinstance.py:2073} INFO - Dependencies all met for dep_context=non-requeueable deps ti=<TaskInstance: file_process_dag.force_unix_newlines_step manual__2024-05-10T10:52:01.930469+00:00 [queued]>
[2024-05-10T10:52:04.484+0000] {taskinstance.py:2073} INFO - Dependencies all met for dep_context=requeueable deps ti=<TaskInstance: file_process_dag.force_unix_newlines_step manual__2024-05-10T10:52:01.930469+00:00 [queued]>
[2024-05-10T10:52:04.485+0000] {taskinstance.py:2303} INFO - Starting attempt 1 of 1
[2024-05-10T10:52:04.520+0000] {taskinstance.py:2327} INFO - Executing <Task(PythonOperator): force_unix_newlines_step> on 2024-05-10 10:52:01.930469+00:00
[2024-05-10T10:52:04.525+0000] {warnings.py:110} WARNING - /home/***/.local/lib/python3.12/site-packages/***/task/task_runner/standard_task_runner.py:61: DeprecationWarning: This process (pid=2084) is multi-threaded, use of fork() may lead to deadlocks in the child.
  pid = os.fork()

[2024-05-10T10:52:04.526+0000] {standard_task_runner.py:63} INFO - Started process 2085 to run task
[2024-05-10T10:52:04.526+0000] {standard_task_runner.py:90} INFO - Running: ['***', 'tasks', 'run', 'file_process_dag', 'force_unix_newlines_step', 'manual__2024-05-10T10:52:01.930469+00:00', '--job-id', '44', '--raw', '--subdir', 'DAGS_FOLDER/text_processing.py', '--cfg-path', '/tmp/tmptskr4knz']
[2024-05-10T10:52:04.528+0000] {standard_task_runner.py:91} INFO - Job 44: Subtask force_unix_newlines_step
[2024-05-10T10:52:04.573+0000] {task_command.py:426} INFO - Running <TaskInstance: file_process_dag.force_unix_newlines_step manual__2024-05-10T10:52:01.930469+00:00 [running]> on host 24b77fb676b2
[2024-05-10T10:52:04.699+0000] {taskinstance.py:2644} INFO - Exporting env vars: AIRFLOW_CTX_DAG_OWNER='***' AIRFLOW_CTX_DAG_ID='file_process_dag' AIRFLOW_CTX_TASK_ID='force_unix_newlines_step' AIRFLOW_CTX_EXECUTION_DATE='2024-05-10T10:52:01.930469+00:00' AIRFLOW_CTX_TRY_NUMBER='1' AIRFLOW_CTX_DAG_RUN_ID='manual__2024-05-10T10:52:01.930469+00:00'
[2024-05-10T10:52:04.701+0000] {taskinstance.py:430} INFO - ::endgroup::
[2024-05-10T10:52:04.725+0000] {logging_mixin.py:188} INFO - Force unix newline characters
[2024-05-10T10:52:04.726+0000] {logging_mixin.py:188} INFO - Processing file: 25531204.txt
[2024-05-10T10:52:04.726+0000] {logging_mixin.py:188} INFO - Processing file: 25654384.txt
[2024-05-10T10:52:04.726+0000] {python.py:237} INFO - Done. Returned value was: None
[2024-05-10T10:52:04.727+0000] {taskinstance.py:441} INFO - ::group::Post task execution logs
[2024-05-10T10:52:04.737+0000] {taskinstance.py:1205} INFO - Marking task as SUCCESS. dag_id=file_process_dag, task_id=force_unix_newlines_step, execution_date=20240510T105201, start_date=20240510T105204, end_date=20240510T105204
[2024-05-10T10:52:04.781+0000] {local_task_job_runner.py:240} INFO - Task exited with return code 0
[2024-05-10T10:52:04.797+0000] {taskinstance.py:3482} INFO - 1 downstream tasks scheduled from follow-on schedule check
[2024-05-10T10:52:04.808+0000] {local_task_job_runner.py:222} INFO - ::endgroup::
