[2024-05-10T07:34:58.401+0000] {local_task_job_runner.py:120} INFO - ::group::Pre task execution logs
[2024-05-10T07:34:58.419+0000] {taskinstance.py:2073} INFO - Dependencies all met for dep_context=non-requeueable deps ti=<TaskInstance: hello_world_dag.print_hello manual__2024-05-10T07:34:55.301348+00:00 [queued]>
[2024-05-10T07:34:58.426+0000] {taskinstance.py:2073} INFO - Dependencies all met for dep_context=requeueable deps ti=<TaskInstance: hello_world_dag.print_hello manual__2024-05-10T07:34:55.301348+00:00 [queued]>
[2024-05-10T07:34:58.426+0000] {taskinstance.py:2303} INFO - Starting attempt 1 of 1
[2024-05-10T07:34:58.481+0000] {taskinstance.py:2327} INFO - Executing <Task(PythonOperator): print_hello> on 2024-05-10 07:34:55.301348+00:00
[2024-05-10T07:34:58.486+0000] {warnings.py:110} WARNING - /home/***/.local/lib/python3.12/site-packages/***/task/task_runner/standard_task_runner.py:61: DeprecationWarning: This process (pid=208) is multi-threaded, use of fork() may lead to deadlocks in the child.
  pid = os.fork()

[2024-05-10T07:34:58.487+0000] {standard_task_runner.py:63} INFO - Started process 210 to run task
[2024-05-10T07:34:58.487+0000] {standard_task_runner.py:90} INFO - Running: ['***', 'tasks', 'run', 'hello_world_dag', 'print_hello', 'manual__2024-05-10T07:34:55.301348+00:00', '--job-id', '24', '--raw', '--subdir', 'DAGS_FOLDER/test_dag.py', '--cfg-path', '/tmp/tmpvf96nmww']
[2024-05-10T07:34:58.489+0000] {standard_task_runner.py:91} INFO - Job 24: Subtask print_hello
[2024-05-10T07:34:58.539+0000] {task_command.py:426} INFO - Running <TaskInstance: hello_world_dag.print_hello manual__2024-05-10T07:34:55.301348+00:00 [running]> on host 3fce687fb5bc
[2024-05-10T07:34:58.631+0000] {taskinstance.py:2644} INFO - Exporting env vars: AIRFLOW_CTX_DAG_OWNER='***' AIRFLOW_CTX_DAG_ID='hello_world_dag' AIRFLOW_CTX_TASK_ID='print_hello' AIRFLOW_CTX_EXECUTION_DATE='2024-05-10T07:34:55.301348+00:00' AIRFLOW_CTX_TRY_NUMBER='1' AIRFLOW_CTX_DAG_RUN_ID='manual__2024-05-10T07:34:55.301348+00:00'
[2024-05-10T07:34:58.633+0000] {taskinstance.py:430} INFO - ::endgroup::
[2024-05-10T07:34:58.633+0000] {logging_mixin.py:188} INFO - Hello World
[2024-05-10T07:34:58.633+0000] {python.py:237} INFO - Done. Returned value was: None
[2024-05-10T07:34:58.633+0000] {taskinstance.py:441} INFO - ::group::Post task execution logs
[2024-05-10T07:34:58.640+0000] {taskinstance.py:1205} INFO - Marking task as SUCCESS. dag_id=hello_world_dag, task_id=print_hello, execution_date=20240510T073455, start_date=20240510T073458, end_date=20240510T073458
[2024-05-10T07:34:58.702+0000] {local_task_job_runner.py:240} INFO - Task exited with return code 0
[2024-05-10T07:34:58.752+0000] {taskinstance.py:3482} INFO - 0 downstream tasks scheduled from follow-on schedule check
[2024-05-10T07:34:58.768+0000] {local_task_job_runner.py:222} INFO - ::endgroup::
