[2024-05-10T09:31:18.492+0000] {processor.py:161} INFO - Started process (PID=1077) to work on /opt/airflow/dags/basic_processing.py
[2024-05-10T09:31:18.493+0000] {processor.py:830} INFO - Processing file /opt/airflow/dags/basic_processing.py for tasks to queue
[2024-05-10T09:31:18.493+0000] {logging_mixin.py:188} INFO - [2024-05-10T09:31:18.493+0000] {dagbag.py:540} INFO - Filling up the DagBag from /opt/airflow/dags/basic_processing.py
[2024-05-10T09:31:18.502+0000] {processor.py:840} INFO - DAG(s) 'file_process_dag' retrieved from /opt/airflow/dags/basic_processing.py
[2024-05-10T09:31:18.593+0000] {logging_mixin.py:188} INFO - [2024-05-10T09:31:18.593+0000] {dag.py:3096} INFO - Sync 1 DAGs
[2024-05-10T09:31:18.601+0000] {logging_mixin.py:188} INFO - [2024-05-10T09:31:18.601+0000] {dag.py:3954} INFO - Setting next_dagrun for file_process_dag to None, run_after=None
[2024-05-10T09:31:18.627+0000] {processor.py:183} INFO - Processing /opt/airflow/dags/basic_processing.py took 0.139 seconds
[2024-05-10T09:31:48.668+0000] {processor.py:161} INFO - Started process (PID=1084) to work on /opt/airflow/dags/basic_processing.py
[2024-05-10T09:31:48.669+0000] {processor.py:830} INFO - Processing file /opt/airflow/dags/basic_processing.py for tasks to queue
[2024-05-10T09:31:48.669+0000] {logging_mixin.py:188} INFO - [2024-05-10T09:31:48.669+0000] {dagbag.py:540} INFO - Filling up the DagBag from /opt/airflow/dags/basic_processing.py
[2024-05-10T09:31:48.677+0000] {processor.py:840} INFO - DAG(s) 'file_process_dag' retrieved from /opt/airflow/dags/basic_processing.py
[2024-05-10T09:31:48.699+0000] {logging_mixin.py:188} INFO - [2024-05-10T09:31:48.699+0000] {dag.py:3096} INFO - Sync 1 DAGs
[2024-05-10T09:31:48.712+0000] {logging_mixin.py:188} INFO - [2024-05-10T09:31:48.712+0000] {dag.py:3954} INFO - Setting next_dagrun for file_process_dag to None, run_after=None
[2024-05-10T09:31:48.733+0000] {processor.py:183} INFO - Processing /opt/airflow/dags/basic_processing.py took 0.070 seconds
[2024-05-10T09:31:50.705+0000] {processor.py:161} INFO - Started process (PID=1085) to work on /opt/airflow/dags/basic_processing.py
[2024-05-10T09:31:50.706+0000] {processor.py:830} INFO - Processing file /opt/airflow/dags/basic_processing.py for tasks to queue
[2024-05-10T09:31:50.707+0000] {logging_mixin.py:188} INFO - [2024-05-10T09:31:50.706+0000] {dagbag.py:540} INFO - Filling up the DagBag from /opt/airflow/dags/basic_processing.py
[2024-05-10T09:31:50.718+0000] {logging_mixin.py:188} INFO - [2024-05-10T09:31:50.712+0000] {dagbag.py:350} ERROR - Failed to import: /opt/airflow/dags/basic_processing.py
Traceback (most recent call last):
  File "/home/airflow/.local/lib/python3.12/site-packages/airflow/models/dagbag.py", line 346, in parse
    loader.exec_module(new_module)
  File "<frozen importlib._bootstrap_external>", line 995, in exec_module
  File "<frozen importlib._bootstrap>", line 488, in _call_with_frames_removed
  File "/opt/airflow/dags/basic_processing.py", line 16, in <module>
    python_callable=process_file,
                    ^^^^^^^^^^^^
NameError: name 'process_file' is not defined
[2024-05-10T09:31:50.723+0000] {processor.py:842} WARNING - No viable dags retrieved from /opt/airflow/dags/basic_processing.py
[2024-05-10T09:31:50.759+0000] {processor.py:183} INFO - Processing /opt/airflow/dags/basic_processing.py took 0.065 seconds
[2024-05-10T09:32:20.923+0000] {processor.py:161} INFO - Started process (PID=1092) to work on /opt/airflow/dags/basic_processing.py
[2024-05-10T09:32:20.925+0000] {processor.py:830} INFO - Processing file /opt/airflow/dags/basic_processing.py for tasks to queue
[2024-05-10T09:32:20.925+0000] {logging_mixin.py:188} INFO - [2024-05-10T09:32:20.925+0000] {dagbag.py:540} INFO - Filling up the DagBag from /opt/airflow/dags/basic_processing.py
[2024-05-10T09:32:20.935+0000] {logging_mixin.py:188} INFO - [2024-05-10T09:32:20.928+0000] {dagbag.py:350} ERROR - Failed to import: /opt/airflow/dags/basic_processing.py
Traceback (most recent call last):
  File "/home/airflow/.local/lib/python3.12/site-packages/airflow/models/dagbag.py", line 346, in parse
    loader.exec_module(new_module)
  File "<frozen importlib._bootstrap_external>", line 995, in exec_module
  File "<frozen importlib._bootstrap>", line 488, in _call_with_frames_removed
  File "/opt/airflow/dags/basic_processing.py", line 16, in <module>
    python_callable=process_file,
                    ^^^^^^^^^^^^
NameError: name 'process_file' is not defined
[2024-05-10T09:32:20.939+0000] {processor.py:842} WARNING - No viable dags retrieved from /opt/airflow/dags/basic_processing.py
[2024-05-10T09:32:20.970+0000] {processor.py:183} INFO - Processing /opt/airflow/dags/basic_processing.py took 0.051 seconds
[2024-05-10T09:32:39.064+0000] {processor.py:161} INFO - Started process (PID=1093) to work on /opt/airflow/dags/basic_processing.py
[2024-05-10T09:32:39.065+0000] {processor.py:830} INFO - Processing file /opt/airflow/dags/basic_processing.py for tasks to queue
[2024-05-10T09:32:39.066+0000] {logging_mixin.py:188} INFO - [2024-05-10T09:32:39.065+0000] {dagbag.py:540} INFO - Filling up the DagBag from /opt/airflow/dags/basic_processing.py
[2024-05-10T09:32:39.081+0000] {logging_mixin.py:188} INFO - [2024-05-10T09:32:39.080+0000] {dagbag.py:350} ERROR - Failed to import: /opt/airflow/dags/basic_processing.py
Traceback (most recent call last):
  File "/home/airflow/.local/lib/python3.12/site-packages/airflow/models/dagbag.py", line 346, in parse
    loader.exec_module(new_module)
  File "<frozen importlib._bootstrap_external>", line 995, in exec_module
  File "<frozen importlib._bootstrap>", line 488, in _call_with_frames_removed
  File "/opt/airflow/dags/basic_processing.py", line 5, in <module>
    from scripts.text_processing.basic_processing import process_file
  File "/opt/airflow/dags/scripts/text_processing/basic_processing.py", line 26
    all_files = f"{output_dir/*}"
                             ^
SyntaxError: f-string: expecting '=', or '!', or ':', or '}'
[2024-05-10T09:32:39.082+0000] {processor.py:842} WARNING - No viable dags retrieved from /opt/airflow/dags/basic_processing.py
[2024-05-10T09:32:39.114+0000] {processor.py:183} INFO - Processing /opt/airflow/dags/basic_processing.py took 0.054 seconds
[2024-05-10T09:33:09.285+0000] {processor.py:161} INFO - Started process (PID=1099) to work on /opt/airflow/dags/basic_processing.py
[2024-05-10T09:33:09.287+0000] {processor.py:830} INFO - Processing file /opt/airflow/dags/basic_processing.py for tasks to queue
[2024-05-10T09:33:09.288+0000] {logging_mixin.py:188} INFO - [2024-05-10T09:33:09.288+0000] {dagbag.py:540} INFO - Filling up the DagBag from /opt/airflow/dags/basic_processing.py
[2024-05-10T09:33:09.295+0000] {logging_mixin.py:188} INFO - [2024-05-10T09:33:09.293+0000] {dagbag.py:350} ERROR - Failed to import: /opt/airflow/dags/basic_processing.py
Traceback (most recent call last):
  File "/home/airflow/.local/lib/python3.12/site-packages/airflow/models/dagbag.py", line 346, in parse
    loader.exec_module(new_module)
  File "<frozen importlib._bootstrap_external>", line 995, in exec_module
  File "<frozen importlib._bootstrap>", line 488, in _call_with_frames_removed
  File "/opt/airflow/dags/basic_processing.py", line 5, in <module>
    from scripts.text_processing.basic_processing import process_file
  File "/opt/airflow/dags/scripts/text_processing/basic_processing.py", line 26
    all_files = f"{output_dir/*}"
                             ^
SyntaxError: f-string: expecting '=', or '!', or ':', or '}'
[2024-05-10T09:33:09.296+0000] {processor.py:842} WARNING - No viable dags retrieved from /opt/airflow/dags/basic_processing.py
[2024-05-10T09:33:09.326+0000] {processor.py:183} INFO - Processing /opt/airflow/dags/basic_processing.py took 0.060 seconds
[2024-05-10T09:33:39.490+0000] {processor.py:161} INFO - Started process (PID=1106) to work on /opt/airflow/dags/basic_processing.py
[2024-05-10T09:33:39.493+0000] {processor.py:830} INFO - Processing file /opt/airflow/dags/basic_processing.py for tasks to queue
[2024-05-10T09:33:39.495+0000] {logging_mixin.py:188} INFO - [2024-05-10T09:33:39.494+0000] {dagbag.py:540} INFO - Filling up the DagBag from /opt/airflow/dags/basic_processing.py
[2024-05-10T09:33:39.509+0000] {processor.py:840} INFO - DAG(s) 'file_process_dag' retrieved from /opt/airflow/dags/basic_processing.py
[2024-05-10T09:33:39.605+0000] {logging_mixin.py:188} INFO - [2024-05-10T09:33:39.605+0000] {dag.py:3096} INFO - Sync 1 DAGs
[2024-05-10T09:33:39.614+0000] {logging_mixin.py:188} INFO - [2024-05-10T09:33:39.614+0000] {dag.py:3954} INFO - Setting next_dagrun for file_process_dag to None, run_after=None
[2024-05-10T09:33:39.639+0000] {processor.py:183} INFO - Processing /opt/airflow/dags/basic_processing.py took 0.171 seconds
[2024-05-10T09:33:45.555+0000] {processor.py:161} INFO - Started process (PID=1112) to work on /opt/airflow/dags/basic_processing.py
[2024-05-10T09:33:45.558+0000] {processor.py:830} INFO - Processing file /opt/airflow/dags/basic_processing.py for tasks to queue
[2024-05-10T09:33:45.559+0000] {logging_mixin.py:188} INFO - [2024-05-10T09:33:45.558+0000] {dagbag.py:540} INFO - Filling up the DagBag from /opt/airflow/dags/basic_processing.py
[2024-05-10T09:33:45.573+0000] {processor.py:840} INFO - DAG(s) 'file_process_dag' retrieved from /opt/airflow/dags/basic_processing.py
[2024-05-10T09:33:45.583+0000] {logging_mixin.py:188} INFO - [2024-05-10T09:33:45.583+0000] {dag.py:3096} INFO - Sync 1 DAGs
[2024-05-10T09:33:45.594+0000] {logging_mixin.py:188} INFO - [2024-05-10T09:33:45.594+0000] {dag.py:3954} INFO - Setting next_dagrun for file_process_dag to None, run_after=None
[2024-05-10T09:33:45.639+0000] {processor.py:183} INFO - Processing /opt/airflow/dags/basic_processing.py took 0.101 seconds
[2024-05-10T09:34:15.696+0000] {processor.py:161} INFO - Started process (PID=1119) to work on /opt/airflow/dags/basic_processing.py
[2024-05-10T09:34:15.697+0000] {processor.py:830} INFO - Processing file /opt/airflow/dags/basic_processing.py for tasks to queue
[2024-05-10T09:34:15.698+0000] {logging_mixin.py:188} INFO - [2024-05-10T09:34:15.697+0000] {dagbag.py:540} INFO - Filling up the DagBag from /opt/airflow/dags/basic_processing.py
[2024-05-10T09:34:15.706+0000] {processor.py:840} INFO - DAG(s) 'file_process_dag' retrieved from /opt/airflow/dags/basic_processing.py
[2024-05-10T09:34:15.726+0000] {logging_mixin.py:188} INFO - [2024-05-10T09:34:15.726+0000] {dag.py:3096} INFO - Sync 1 DAGs
[2024-05-10T09:34:15.737+0000] {logging_mixin.py:188} INFO - [2024-05-10T09:34:15.736+0000] {dag.py:3954} INFO - Setting next_dagrun for file_process_dag to None, run_after=None
[2024-05-10T09:34:15.754+0000] {processor.py:183} INFO - Processing /opt/airflow/dags/basic_processing.py took 0.063 seconds
[2024-05-10T09:34:45.894+0000] {processor.py:161} INFO - Started process (PID=1126) to work on /opt/airflow/dags/basic_processing.py
[2024-05-10T09:34:45.896+0000] {processor.py:830} INFO - Processing file /opt/airflow/dags/basic_processing.py for tasks to queue
[2024-05-10T09:34:45.898+0000] {logging_mixin.py:188} INFO - [2024-05-10T09:34:45.897+0000] {dagbag.py:540} INFO - Filling up the DagBag from /opt/airflow/dags/basic_processing.py
[2024-05-10T09:34:45.911+0000] {processor.py:840} INFO - DAG(s) 'file_process_dag' retrieved from /opt/airflow/dags/basic_processing.py
[2024-05-10T09:34:45.940+0000] {logging_mixin.py:188} INFO - [2024-05-10T09:34:45.940+0000] {dag.py:3096} INFO - Sync 1 DAGs
[2024-05-10T09:34:45.951+0000] {logging_mixin.py:188} INFO - [2024-05-10T09:34:45.951+0000] {dag.py:3954} INFO - Setting next_dagrun for file_process_dag to None, run_after=None
[2024-05-10T09:34:45.976+0000] {processor.py:183} INFO - Processing /opt/airflow/dags/basic_processing.py took 0.100 seconds
[2024-05-10T09:35:16.124+0000] {processor.py:161} INFO - Started process (PID=1133) to work on /opt/airflow/dags/basic_processing.py
[2024-05-10T09:35:16.126+0000] {processor.py:830} INFO - Processing file /opt/airflow/dags/basic_processing.py for tasks to queue
[2024-05-10T09:35:16.127+0000] {logging_mixin.py:188} INFO - [2024-05-10T09:35:16.126+0000] {dagbag.py:540} INFO - Filling up the DagBag from /opt/airflow/dags/basic_processing.py
[2024-05-10T09:35:16.138+0000] {processor.py:840} INFO - DAG(s) 'file_process_dag' retrieved from /opt/airflow/dags/basic_processing.py
[2024-05-10T09:35:16.157+0000] {logging_mixin.py:188} INFO - [2024-05-10T09:35:16.157+0000] {dag.py:3096} INFO - Sync 1 DAGs
[2024-05-10T09:35:16.167+0000] {logging_mixin.py:188} INFO - [2024-05-10T09:35:16.167+0000] {dag.py:3954} INFO - Setting next_dagrun for file_process_dag to None, run_after=None
[2024-05-10T09:35:16.202+0000] {processor.py:183} INFO - Processing /opt/airflow/dags/basic_processing.py took 0.087 seconds
[2024-05-10T09:35:46.281+0000] {processor.py:161} INFO - Started process (PID=1140) to work on /opt/airflow/dags/basic_processing.py
[2024-05-10T09:35:46.283+0000] {processor.py:830} INFO - Processing file /opt/airflow/dags/basic_processing.py for tasks to queue
[2024-05-10T09:35:46.283+0000] {logging_mixin.py:188} INFO - [2024-05-10T09:35:46.283+0000] {dagbag.py:540} INFO - Filling up the DagBag from /opt/airflow/dags/basic_processing.py
[2024-05-10T09:35:46.291+0000] {processor.py:840} INFO - DAG(s) 'file_process_dag' retrieved from /opt/airflow/dags/basic_processing.py
[2024-05-10T09:35:46.310+0000] {logging_mixin.py:188} INFO - [2024-05-10T09:35:46.310+0000] {dag.py:3096} INFO - Sync 1 DAGs
[2024-05-10T09:35:46.320+0000] {logging_mixin.py:188} INFO - [2024-05-10T09:35:46.320+0000] {dag.py:3954} INFO - Setting next_dagrun for file_process_dag to None, run_after=None
[2024-05-10T09:35:46.360+0000] {processor.py:183} INFO - Processing /opt/airflow/dags/basic_processing.py took 0.084 seconds
[2024-05-10T09:36:16.541+0000] {processor.py:161} INFO - Started process (PID=1148) to work on /opt/airflow/dags/basic_processing.py
[2024-05-10T09:36:16.542+0000] {processor.py:830} INFO - Processing file /opt/airflow/dags/basic_processing.py for tasks to queue
[2024-05-10T09:36:16.543+0000] {logging_mixin.py:188} INFO - [2024-05-10T09:36:16.543+0000] {dagbag.py:540} INFO - Filling up the DagBag from /opt/airflow/dags/basic_processing.py
[2024-05-10T09:36:16.551+0000] {processor.py:840} INFO - DAG(s) 'file_process_dag' retrieved from /opt/airflow/dags/basic_processing.py
[2024-05-10T09:36:16.570+0000] {logging_mixin.py:188} INFO - [2024-05-10T09:36:16.570+0000] {dag.py:3096} INFO - Sync 1 DAGs
[2024-05-10T09:36:16.580+0000] {logging_mixin.py:188} INFO - [2024-05-10T09:36:16.580+0000] {dag.py:3954} INFO - Setting next_dagrun for file_process_dag to None, run_after=None
[2024-05-10T09:36:16.634+0000] {processor.py:183} INFO - Processing /opt/airflow/dags/basic_processing.py took 0.098 seconds
[2024-05-10T09:36:46.759+0000] {processor.py:161} INFO - Started process (PID=1155) to work on /opt/airflow/dags/basic_processing.py
[2024-05-10T09:36:46.761+0000] {processor.py:830} INFO - Processing file /opt/airflow/dags/basic_processing.py for tasks to queue
[2024-05-10T09:36:46.762+0000] {logging_mixin.py:188} INFO - [2024-05-10T09:36:46.762+0000] {dagbag.py:540} INFO - Filling up the DagBag from /opt/airflow/dags/basic_processing.py
[2024-05-10T09:36:46.772+0000] {processor.py:840} INFO - DAG(s) 'file_process_dag' retrieved from /opt/airflow/dags/basic_processing.py
[2024-05-10T09:36:46.791+0000] {logging_mixin.py:188} INFO - [2024-05-10T09:36:46.791+0000] {dag.py:3096} INFO - Sync 1 DAGs
[2024-05-10T09:36:46.801+0000] {logging_mixin.py:188} INFO - [2024-05-10T09:36:46.801+0000] {dag.py:3954} INFO - Setting next_dagrun for file_process_dag to None, run_after=None
[2024-05-10T09:36:46.850+0000] {processor.py:183} INFO - Processing /opt/airflow/dags/basic_processing.py took 0.099 seconds
[2024-05-10T09:37:16.984+0000] {processor.py:161} INFO - Started process (PID=1163) to work on /opt/airflow/dags/basic_processing.py
[2024-05-10T09:37:16.987+0000] {processor.py:830} INFO - Processing file /opt/airflow/dags/basic_processing.py for tasks to queue
[2024-05-10T09:37:16.989+0000] {logging_mixin.py:188} INFO - [2024-05-10T09:37:16.988+0000] {dagbag.py:540} INFO - Filling up the DagBag from /opt/airflow/dags/basic_processing.py
[2024-05-10T09:37:17.002+0000] {processor.py:840} INFO - DAG(s) 'file_process_dag' retrieved from /opt/airflow/dags/basic_processing.py
[2024-05-10T09:37:17.023+0000] {logging_mixin.py:188} INFO - [2024-05-10T09:37:17.023+0000] {dag.py:3096} INFO - Sync 1 DAGs
[2024-05-10T09:37:17.034+0000] {logging_mixin.py:188} INFO - [2024-05-10T09:37:17.034+0000] {dag.py:3954} INFO - Setting next_dagrun for file_process_dag to None, run_after=None
[2024-05-10T09:37:17.064+0000] {processor.py:183} INFO - Processing /opt/airflow/dags/basic_processing.py took 0.100 seconds
[2024-05-10T09:37:47.207+0000] {processor.py:161} INFO - Started process (PID=1170) to work on /opt/airflow/dags/basic_processing.py
[2024-05-10T09:37:47.208+0000] {processor.py:830} INFO - Processing file /opt/airflow/dags/basic_processing.py for tasks to queue
[2024-05-10T09:37:47.209+0000] {logging_mixin.py:188} INFO - [2024-05-10T09:37:47.209+0000] {dagbag.py:540} INFO - Filling up the DagBag from /opt/airflow/dags/basic_processing.py
[2024-05-10T09:37:47.219+0000] {processor.py:840} INFO - DAG(s) 'file_process_dag' retrieved from /opt/airflow/dags/basic_processing.py
[2024-05-10T09:37:47.238+0000] {logging_mixin.py:188} INFO - [2024-05-10T09:37:47.238+0000] {dag.py:3096} INFO - Sync 1 DAGs
[2024-05-10T09:37:47.247+0000] {logging_mixin.py:188} INFO - [2024-05-10T09:37:47.247+0000] {dag.py:3954} INFO - Setting next_dagrun for file_process_dag to None, run_after=None
[2024-05-10T09:37:47.274+0000] {processor.py:183} INFO - Processing /opt/airflow/dags/basic_processing.py took 0.075 seconds
[2024-05-10T09:38:17.409+0000] {processor.py:161} INFO - Started process (PID=1177) to work on /opt/airflow/dags/basic_processing.py
[2024-05-10T09:38:17.411+0000] {processor.py:830} INFO - Processing file /opt/airflow/dags/basic_processing.py for tasks to queue
[2024-05-10T09:38:17.411+0000] {logging_mixin.py:188} INFO - [2024-05-10T09:38:17.411+0000] {dagbag.py:540} INFO - Filling up the DagBag from /opt/airflow/dags/basic_processing.py
[2024-05-10T09:38:17.420+0000] {processor.py:840} INFO - DAG(s) 'file_process_dag' retrieved from /opt/airflow/dags/basic_processing.py
[2024-05-10T09:38:17.440+0000] {logging_mixin.py:188} INFO - [2024-05-10T09:38:17.439+0000] {dag.py:3096} INFO - Sync 1 DAGs
[2024-05-10T09:38:17.450+0000] {logging_mixin.py:188} INFO - [2024-05-10T09:38:17.450+0000] {dag.py:3954} INFO - Setting next_dagrun for file_process_dag to None, run_after=None
[2024-05-10T09:38:17.485+0000] {processor.py:183} INFO - Processing /opt/airflow/dags/basic_processing.py took 0.081 seconds
[2024-05-10T09:38:47.638+0000] {processor.py:161} INFO - Started process (PID=1185) to work on /opt/airflow/dags/basic_processing.py
[2024-05-10T09:38:47.640+0000] {processor.py:830} INFO - Processing file /opt/airflow/dags/basic_processing.py for tasks to queue
[2024-05-10T09:38:47.641+0000] {logging_mixin.py:188} INFO - [2024-05-10T09:38:47.640+0000] {dagbag.py:540} INFO - Filling up the DagBag from /opt/airflow/dags/basic_processing.py
[2024-05-10T09:38:47.654+0000] {processor.py:840} INFO - DAG(s) 'file_process_dag' retrieved from /opt/airflow/dags/basic_processing.py
[2024-05-10T09:38:47.675+0000] {logging_mixin.py:188} INFO - [2024-05-10T09:38:47.674+0000] {dag.py:3096} INFO - Sync 1 DAGs
[2024-05-10T09:38:47.685+0000] {logging_mixin.py:188} INFO - [2024-05-10T09:38:47.685+0000] {dag.py:3954} INFO - Setting next_dagrun for file_process_dag to None, run_after=None
[2024-05-10T09:38:47.737+0000] {processor.py:183} INFO - Processing /opt/airflow/dags/basic_processing.py took 0.119 seconds
[2024-05-10T09:39:17.855+0000] {processor.py:161} INFO - Started process (PID=1192) to work on /opt/airflow/dags/basic_processing.py
[2024-05-10T09:39:17.858+0000] {processor.py:830} INFO - Processing file /opt/airflow/dags/basic_processing.py for tasks to queue
[2024-05-10T09:39:17.859+0000] {logging_mixin.py:188} INFO - [2024-05-10T09:39:17.859+0000] {dagbag.py:540} INFO - Filling up the DagBag from /opt/airflow/dags/basic_processing.py
[2024-05-10T09:39:17.873+0000] {processor.py:840} INFO - DAG(s) 'file_process_dag' retrieved from /opt/airflow/dags/basic_processing.py
[2024-05-10T09:39:17.895+0000] {logging_mixin.py:188} INFO - [2024-05-10T09:39:17.894+0000] {dag.py:3096} INFO - Sync 1 DAGs
[2024-05-10T09:39:17.905+0000] {logging_mixin.py:188} INFO - [2024-05-10T09:39:17.905+0000] {dag.py:3954} INFO - Setting next_dagrun for file_process_dag to None, run_after=None
[2024-05-10T09:39:17.940+0000] {processor.py:183} INFO - Processing /opt/airflow/dags/basic_processing.py took 0.104 seconds
[2024-05-10T09:39:41.025+0000] {processor.py:161} INFO - Started process (PID=1193) to work on /opt/airflow/dags/basic_processing.py
[2024-05-10T09:39:41.027+0000] {processor.py:830} INFO - Processing file /opt/airflow/dags/basic_processing.py for tasks to queue
[2024-05-10T09:39:41.028+0000] {logging_mixin.py:188} INFO - [2024-05-10T09:39:41.027+0000] {dagbag.py:540} INFO - Filling up the DagBag from /opt/airflow/dags/basic_processing.py
[2024-05-10T09:39:41.030+0000] {logging_mixin.py:188} INFO - [2024-05-10T09:39:41.029+0000] {dagbag.py:350} ERROR - Failed to import: /opt/airflow/dags/basic_processing.py
Traceback (most recent call last):
  File "/home/airflow/.local/lib/python3.12/site-packages/airflow/models/dagbag.py", line 346, in parse
    loader.exec_module(new_module)
  File "<frozen importlib._bootstrap_external>", line 991, in exec_module
  File "<frozen importlib._bootstrap_external>", line 1129, in get_code
  File "<frozen importlib._bootstrap_external>", line 1059, in source_to_code
  File "<frozen importlib._bootstrap>", line 488, in _call_with_frames_removed
  File "/opt/airflow/dags/basic_processing.py", line 17
    bash_command=
    ^^^^^^^^^^^^^
SyntaxError: expected argument value expression
[2024-05-10T09:39:41.031+0000] {processor.py:842} WARNING - No viable dags retrieved from /opt/airflow/dags/basic_processing.py
[2024-05-10T09:39:41.056+0000] {processor.py:183} INFO - Processing /opt/airflow/dags/basic_processing.py took 0.035 seconds
[2024-05-10T09:40:11.249+0000] {processor.py:161} INFO - Started process (PID=1200) to work on /opt/airflow/dags/basic_processing.py
[2024-05-10T09:40:11.252+0000] {processor.py:830} INFO - Processing file /opt/airflow/dags/basic_processing.py for tasks to queue
[2024-05-10T09:40:11.254+0000] {logging_mixin.py:188} INFO - [2024-05-10T09:40:11.253+0000] {dagbag.py:540} INFO - Filling up the DagBag from /opt/airflow/dags/basic_processing.py
[2024-05-10T09:40:11.260+0000] {logging_mixin.py:188} INFO - [2024-05-10T09:40:11.258+0000] {dagbag.py:350} ERROR - Failed to import: /opt/airflow/dags/basic_processing.py
Traceback (most recent call last):
  File "/home/airflow/.local/lib/python3.12/site-packages/airflow/models/dagbag.py", line 346, in parse
    loader.exec_module(new_module)
  File "<frozen importlib._bootstrap_external>", line 991, in exec_module
  File "<frozen importlib._bootstrap_external>", line 1129, in get_code
  File "<frozen importlib._bootstrap_external>", line 1059, in source_to_code
  File "<frozen importlib._bootstrap>", line 488, in _call_with_frames_removed
  File "/opt/airflow/dags/basic_processing.py", line 17
    bash_command=
    ^^^^^^^^^^^^^
SyntaxError: expected argument value expression
[2024-05-10T09:40:11.261+0000] {processor.py:842} WARNING - No viable dags retrieved from /opt/airflow/dags/basic_processing.py
[2024-05-10T09:40:11.289+0000] {processor.py:183} INFO - Processing /opt/airflow/dags/basic_processing.py took 0.058 seconds
[2024-05-10T09:40:41.454+0000] {processor.py:161} INFO - Started process (PID=1207) to work on /opt/airflow/dags/basic_processing.py
[2024-05-10T09:40:41.456+0000] {processor.py:830} INFO - Processing file /opt/airflow/dags/basic_processing.py for tasks to queue
[2024-05-10T09:40:41.458+0000] {logging_mixin.py:188} INFO - [2024-05-10T09:40:41.457+0000] {dagbag.py:540} INFO - Filling up the DagBag from /opt/airflow/dags/basic_processing.py
[2024-05-10T09:40:41.464+0000] {logging_mixin.py:188} INFO - [2024-05-10T09:40:41.462+0000] {dagbag.py:350} ERROR - Failed to import: /opt/airflow/dags/basic_processing.py
Traceback (most recent call last):
  File "/home/airflow/.local/lib/python3.12/site-packages/airflow/models/dagbag.py", line 346, in parse
    loader.exec_module(new_module)
  File "<frozen importlib._bootstrap_external>", line 991, in exec_module
  File "<frozen importlib._bootstrap_external>", line 1129, in get_code
  File "<frozen importlib._bootstrap_external>", line 1059, in source_to_code
  File "<frozen importlib._bootstrap>", line 488, in _call_with_frames_removed
  File "/opt/airflow/dags/basic_processing.py", line 17
    bash_command=
    ^^^^^^^^^^^^^
SyntaxError: expected argument value expression
[2024-05-10T09:40:41.464+0000] {processor.py:842} WARNING - No viable dags retrieved from /opt/airflow/dags/basic_processing.py
[2024-05-10T09:40:41.500+0000] {processor.py:183} INFO - Processing /opt/airflow/dags/basic_processing.py took 0.065 seconds
[2024-05-10T09:41:11.669+0000] {processor.py:161} INFO - Started process (PID=1214) to work on /opt/airflow/dags/basic_processing.py
[2024-05-10T09:41:11.672+0000] {processor.py:830} INFO - Processing file /opt/airflow/dags/basic_processing.py for tasks to queue
[2024-05-10T09:41:11.673+0000] {logging_mixin.py:188} INFO - [2024-05-10T09:41:11.672+0000] {dagbag.py:540} INFO - Filling up the DagBag from /opt/airflow/dags/basic_processing.py
[2024-05-10T09:41:11.678+0000] {logging_mixin.py:188} INFO - [2024-05-10T09:41:11.676+0000] {dagbag.py:350} ERROR - Failed to import: /opt/airflow/dags/basic_processing.py
Traceback (most recent call last):
  File "/home/airflow/.local/lib/python3.12/site-packages/airflow/models/dagbag.py", line 346, in parse
    loader.exec_module(new_module)
  File "<frozen importlib._bootstrap_external>", line 991, in exec_module
  File "<frozen importlib._bootstrap_external>", line 1129, in get_code
  File "<frozen importlib._bootstrap_external>", line 1059, in source_to_code
  File "<frozen importlib._bootstrap>", line 488, in _call_with_frames_removed
  File "/opt/airflow/dags/basic_processing.py", line 17
    bash_command=
    ^^^^^^^^^^^^^
SyntaxError: expected argument value expression
[2024-05-10T09:41:11.678+0000] {processor.py:842} WARNING - No viable dags retrieved from /opt/airflow/dags/basic_processing.py
[2024-05-10T09:41:11.699+0000] {processor.py:183} INFO - Processing /opt/airflow/dags/basic_processing.py took 0.047 seconds
[2024-05-10T09:41:41.897+0000] {processor.py:161} INFO - Started process (PID=1221) to work on /opt/airflow/dags/basic_processing.py
[2024-05-10T09:41:41.899+0000] {processor.py:830} INFO - Processing file /opt/airflow/dags/basic_processing.py for tasks to queue
[2024-05-10T09:41:41.901+0000] {logging_mixin.py:188} INFO - [2024-05-10T09:41:41.900+0000] {dagbag.py:540} INFO - Filling up the DagBag from /opt/airflow/dags/basic_processing.py
[2024-05-10T09:41:41.905+0000] {logging_mixin.py:188} INFO - [2024-05-10T09:41:41.903+0000] {dagbag.py:350} ERROR - Failed to import: /opt/airflow/dags/basic_processing.py
Traceback (most recent call last):
  File "/home/airflow/.local/lib/python3.12/site-packages/airflow/models/dagbag.py", line 346, in parse
    loader.exec_module(new_module)
  File "<frozen importlib._bootstrap_external>", line 991, in exec_module
  File "<frozen importlib._bootstrap_external>", line 1129, in get_code
  File "<frozen importlib._bootstrap_external>", line 1059, in source_to_code
  File "<frozen importlib._bootstrap>", line 488, in _call_with_frames_removed
  File "/opt/airflow/dags/basic_processing.py", line 17
    bash_command=
    ^^^^^^^^^^^^^
SyntaxError: expected argument value expression
[2024-05-10T09:41:41.906+0000] {processor.py:842} WARNING - No viable dags retrieved from /opt/airflow/dags/basic_processing.py
[2024-05-10T09:41:41.933+0000] {processor.py:183} INFO - Processing /opt/airflow/dags/basic_processing.py took 0.049 seconds
[2024-05-10T09:42:12.068+0000] {processor.py:161} INFO - Started process (PID=1227) to work on /opt/airflow/dags/basic_processing.py
[2024-05-10T09:42:12.070+0000] {processor.py:830} INFO - Processing file /opt/airflow/dags/basic_processing.py for tasks to queue
[2024-05-10T09:42:12.071+0000] {logging_mixin.py:188} INFO - [2024-05-10T09:42:12.070+0000] {dagbag.py:540} INFO - Filling up the DagBag from /opt/airflow/dags/basic_processing.py
[2024-05-10T09:42:12.075+0000] {logging_mixin.py:188} INFO - [2024-05-10T09:42:12.073+0000] {dagbag.py:350} ERROR - Failed to import: /opt/airflow/dags/basic_processing.py
Traceback (most recent call last):
  File "/home/airflow/.local/lib/python3.12/site-packages/airflow/models/dagbag.py", line 346, in parse
    loader.exec_module(new_module)
  File "<frozen importlib._bootstrap_external>", line 991, in exec_module
  File "<frozen importlib._bootstrap_external>", line 1129, in get_code
  File "<frozen importlib._bootstrap_external>", line 1059, in source_to_code
  File "<frozen importlib._bootstrap>", line 488, in _call_with_frames_removed
  File "/opt/airflow/dags/basic_processing.py", line 17
    bash_command=
    ^^^^^^^^^^^^^
SyntaxError: expected argument value expression
[2024-05-10T09:42:12.076+0000] {processor.py:842} WARNING - No viable dags retrieved from /opt/airflow/dags/basic_processing.py
[2024-05-10T09:42:12.099+0000] {processor.py:183} INFO - Processing /opt/airflow/dags/basic_processing.py took 0.039 seconds
[2024-05-10T09:42:42.257+0000] {processor.py:161} INFO - Started process (PID=1234) to work on /opt/airflow/dags/basic_processing.py
[2024-05-10T09:42:42.258+0000] {processor.py:830} INFO - Processing file /opt/airflow/dags/basic_processing.py for tasks to queue
[2024-05-10T09:42:42.259+0000] {logging_mixin.py:188} INFO - [2024-05-10T09:42:42.259+0000] {dagbag.py:540} INFO - Filling up the DagBag from /opt/airflow/dags/basic_processing.py
[2024-05-10T09:42:42.262+0000] {logging_mixin.py:188} INFO - [2024-05-10T09:42:42.261+0000] {dagbag.py:350} ERROR - Failed to import: /opt/airflow/dags/basic_processing.py
Traceback (most recent call last):
  File "/home/airflow/.local/lib/python3.12/site-packages/airflow/models/dagbag.py", line 346, in parse
    loader.exec_module(new_module)
  File "<frozen importlib._bootstrap_external>", line 991, in exec_module
  File "<frozen importlib._bootstrap_external>", line 1129, in get_code
  File "<frozen importlib._bootstrap_external>", line 1059, in source_to_code
  File "<frozen importlib._bootstrap>", line 488, in _call_with_frames_removed
  File "/opt/airflow/dags/basic_processing.py", line 17
    bash_command=
    ^^^^^^^^^^^^^
SyntaxError: expected argument value expression
[2024-05-10T09:42:42.262+0000] {processor.py:842} WARNING - No viable dags retrieved from /opt/airflow/dags/basic_processing.py
[2024-05-10T09:42:42.288+0000] {processor.py:183} INFO - Processing /opt/airflow/dags/basic_processing.py took 0.037 seconds
[2024-05-10T09:43:12.450+0000] {processor.py:161} INFO - Started process (PID=1241) to work on /opt/airflow/dags/basic_processing.py
[2024-05-10T09:43:12.451+0000] {processor.py:830} INFO - Processing file /opt/airflow/dags/basic_processing.py for tasks to queue
[2024-05-10T09:43:12.452+0000] {logging_mixin.py:188} INFO - [2024-05-10T09:43:12.452+0000] {dagbag.py:540} INFO - Filling up the DagBag from /opt/airflow/dags/basic_processing.py
[2024-05-10T09:43:12.455+0000] {logging_mixin.py:188} INFO - [2024-05-10T09:43:12.454+0000] {dagbag.py:350} ERROR - Failed to import: /opt/airflow/dags/basic_processing.py
Traceback (most recent call last):
  File "/home/airflow/.local/lib/python3.12/site-packages/airflow/models/dagbag.py", line 346, in parse
    loader.exec_module(new_module)
  File "<frozen importlib._bootstrap_external>", line 991, in exec_module
  File "<frozen importlib._bootstrap_external>", line 1129, in get_code
  File "<frozen importlib._bootstrap_external>", line 1059, in source_to_code
  File "<frozen importlib._bootstrap>", line 488, in _call_with_frames_removed
  File "/opt/airflow/dags/basic_processing.py", line 17
    bash_command=
    ^^^^^^^^^^^^^
SyntaxError: expected argument value expression
[2024-05-10T09:43:12.455+0000] {processor.py:842} WARNING - No viable dags retrieved from /opt/airflow/dags/basic_processing.py
[2024-05-10T09:43:12.476+0000] {processor.py:183} INFO - Processing /opt/airflow/dags/basic_processing.py took 0.031 seconds
[2024-05-10T09:43:42.644+0000] {processor.py:161} INFO - Started process (PID=1248) to work on /opt/airflow/dags/basic_processing.py
[2024-05-10T09:43:42.658+0000] {processor.py:830} INFO - Processing file /opt/airflow/dags/basic_processing.py for tasks to queue
[2024-05-10T09:43:42.659+0000] {logging_mixin.py:188} INFO - [2024-05-10T09:43:42.659+0000] {dagbag.py:540} INFO - Filling up the DagBag from /opt/airflow/dags/basic_processing.py
[2024-05-10T09:43:42.662+0000] {logging_mixin.py:188} INFO - [2024-05-10T09:43:42.661+0000] {dagbag.py:350} ERROR - Failed to import: /opt/airflow/dags/basic_processing.py
Traceback (most recent call last):
  File "/home/airflow/.local/lib/python3.12/site-packages/airflow/models/dagbag.py", line 346, in parse
    loader.exec_module(new_module)
  File "<frozen importlib._bootstrap_external>", line 991, in exec_module
  File "<frozen importlib._bootstrap_external>", line 1129, in get_code
  File "<frozen importlib._bootstrap_external>", line 1059, in source_to_code
  File "<frozen importlib._bootstrap>", line 488, in _call_with_frames_removed
  File "/opt/airflow/dags/basic_processing.py", line 17
    bash_command=
    ^^^^^^^^^^^^^
SyntaxError: expected argument value expression
[2024-05-10T09:43:42.662+0000] {processor.py:842} WARNING - No viable dags retrieved from /opt/airflow/dags/basic_processing.py
[2024-05-10T09:43:42.687+0000] {processor.py:183} INFO - Processing /opt/airflow/dags/basic_processing.py took 0.052 seconds
[2024-05-10T09:44:12.838+0000] {processor.py:161} INFO - Started process (PID=1255) to work on /opt/airflow/dags/basic_processing.py
[2024-05-10T09:44:12.840+0000] {processor.py:830} INFO - Processing file /opt/airflow/dags/basic_processing.py for tasks to queue
[2024-05-10T09:44:12.841+0000] {logging_mixin.py:188} INFO - [2024-05-10T09:44:12.840+0000] {dagbag.py:540} INFO - Filling up the DagBag from /opt/airflow/dags/basic_processing.py
[2024-05-10T09:44:12.843+0000] {logging_mixin.py:188} INFO - [2024-05-10T09:44:12.842+0000] {dagbag.py:350} ERROR - Failed to import: /opt/airflow/dags/basic_processing.py
Traceback (most recent call last):
  File "/home/airflow/.local/lib/python3.12/site-packages/airflow/models/dagbag.py", line 346, in parse
    loader.exec_module(new_module)
  File "<frozen importlib._bootstrap_external>", line 991, in exec_module
  File "<frozen importlib._bootstrap_external>", line 1129, in get_code
  File "<frozen importlib._bootstrap_external>", line 1059, in source_to_code
  File "<frozen importlib._bootstrap>", line 488, in _call_with_frames_removed
  File "/opt/airflow/dags/basic_processing.py", line 17
    bash_command=
    ^^^^^^^^^^^^^
SyntaxError: expected argument value expression
[2024-05-10T09:44:12.843+0000] {processor.py:842} WARNING - No viable dags retrieved from /opt/airflow/dags/basic_processing.py
[2024-05-10T09:44:12.876+0000] {processor.py:183} INFO - Processing /opt/airflow/dags/basic_processing.py took 0.042 seconds
[2024-05-10T09:44:43.048+0000] {processor.py:161} INFO - Started process (PID=1262) to work on /opt/airflow/dags/basic_processing.py
[2024-05-10T09:44:43.049+0000] {processor.py:830} INFO - Processing file /opt/airflow/dags/basic_processing.py for tasks to queue
[2024-05-10T09:44:43.050+0000] {logging_mixin.py:188} INFO - [2024-05-10T09:44:43.049+0000] {dagbag.py:540} INFO - Filling up the DagBag from /opt/airflow/dags/basic_processing.py
[2024-05-10T09:44:43.054+0000] {logging_mixin.py:188} INFO - [2024-05-10T09:44:43.053+0000] {dagbag.py:350} ERROR - Failed to import: /opt/airflow/dags/basic_processing.py
Traceback (most recent call last):
  File "/home/airflow/.local/lib/python3.12/site-packages/airflow/models/dagbag.py", line 346, in parse
    loader.exec_module(new_module)
  File "<frozen importlib._bootstrap_external>", line 991, in exec_module
  File "<frozen importlib._bootstrap_external>", line 1129, in get_code
  File "<frozen importlib._bootstrap_external>", line 1059, in source_to_code
  File "<frozen importlib._bootstrap>", line 488, in _call_with_frames_removed
  File "/opt/airflow/dags/basic_processing.py", line 17
    bash_command=
    ^^^^^^^^^^^^^
SyntaxError: expected argument value expression
[2024-05-10T09:44:43.054+0000] {processor.py:842} WARNING - No viable dags retrieved from /opt/airflow/dags/basic_processing.py
[2024-05-10T09:44:43.076+0000] {processor.py:183} INFO - Processing /opt/airflow/dags/basic_processing.py took 0.039 seconds
[2024-05-10T09:45:13.260+0000] {processor.py:161} INFO - Started process (PID=1269) to work on /opt/airflow/dags/basic_processing.py
[2024-05-10T09:45:13.262+0000] {processor.py:830} INFO - Processing file /opt/airflow/dags/basic_processing.py for tasks to queue
[2024-05-10T09:45:13.264+0000] {logging_mixin.py:188} INFO - [2024-05-10T09:45:13.263+0000] {dagbag.py:540} INFO - Filling up the DagBag from /opt/airflow/dags/basic_processing.py
[2024-05-10T09:45:13.268+0000] {logging_mixin.py:188} INFO - [2024-05-10T09:45:13.267+0000] {dagbag.py:350} ERROR - Failed to import: /opt/airflow/dags/basic_processing.py
Traceback (most recent call last):
  File "/home/airflow/.local/lib/python3.12/site-packages/airflow/models/dagbag.py", line 346, in parse
    loader.exec_module(new_module)
  File "<frozen importlib._bootstrap_external>", line 991, in exec_module
  File "<frozen importlib._bootstrap_external>", line 1129, in get_code
  File "<frozen importlib._bootstrap_external>", line 1059, in source_to_code
  File "<frozen importlib._bootstrap>", line 488, in _call_with_frames_removed
  File "/opt/airflow/dags/basic_processing.py", line 17
    bash_command=
    ^^^^^^^^^^^^^
SyntaxError: expected argument value expression
[2024-05-10T09:45:13.269+0000] {processor.py:842} WARNING - No viable dags retrieved from /opt/airflow/dags/basic_processing.py
[2024-05-10T09:45:13.297+0000] {processor.py:183} INFO - Processing /opt/airflow/dags/basic_processing.py took 0.054 seconds
[2024-05-10T09:45:36.384+0000] {processor.py:161} INFO - Started process (PID=1276) to work on /opt/airflow/dags/basic_processing.py
[2024-05-10T09:45:36.385+0000] {processor.py:830} INFO - Processing file /opt/airflow/dags/basic_processing.py for tasks to queue
[2024-05-10T09:45:36.386+0000] {logging_mixin.py:188} INFO - [2024-05-10T09:45:36.385+0000] {dagbag.py:540} INFO - Filling up the DagBag from /opt/airflow/dags/basic_processing.py
[2024-05-10T09:45:36.388+0000] {logging_mixin.py:188} INFO - [2024-05-10T09:45:36.387+0000] {dagbag.py:350} ERROR - Failed to import: /opt/airflow/dags/basic_processing.py
Traceback (most recent call last):
  File "/home/airflow/.local/lib/python3.12/site-packages/airflow/models/dagbag.py", line 346, in parse
    loader.exec_module(new_module)
  File "<frozen importlib._bootstrap_external>", line 991, in exec_module
  File "<frozen importlib._bootstrap_external>", line 1129, in get_code
  File "<frozen importlib._bootstrap_external>", line 1059, in source_to_code
  File "<frozen importlib._bootstrap>", line 488, in _call_with_frames_removed
  File "/opt/airflow/dags/basic_processing.py", line 20
    python_callable=copy_files
                    
SyntaxError: invalid syntax. Perhaps you forgot a comma?
[2024-05-10T09:45:36.388+0000] {processor.py:842} WARNING - No viable dags retrieved from /opt/airflow/dags/basic_processing.py
[2024-05-10T09:45:36.408+0000] {processor.py:183} INFO - Processing /opt/airflow/dags/basic_processing.py took 0.030 seconds
[2024-05-10T09:46:03.593+0000] {processor.py:161} INFO - Started process (PID=1283) to work on /opt/airflow/dags/basic_processing.py
[2024-05-10T09:46:03.595+0000] {processor.py:830} INFO - Processing file /opt/airflow/dags/basic_processing.py for tasks to queue
[2024-05-10T09:46:03.596+0000] {logging_mixin.py:188} INFO - [2024-05-10T09:46:03.595+0000] {dagbag.py:540} INFO - Filling up the DagBag from /opt/airflow/dags/basic_processing.py
[2024-05-10T09:46:03.600+0000] {logging_mixin.py:188} INFO - [2024-05-10T09:46:03.598+0000] {dagbag.py:350} ERROR - Failed to import: /opt/airflow/dags/basic_processing.py
Traceback (most recent call last):
  File "/home/airflow/.local/lib/python3.12/site-packages/airflow/models/dagbag.py", line 346, in parse
    loader.exec_module(new_module)
  File "<frozen importlib._bootstrap_external>", line 991, in exec_module
  File "<frozen importlib._bootstrap_external>", line 1129, in get_code
  File "<frozen importlib._bootstrap_external>", line 1059, in source_to_code
  File "<frozen importlib._bootstrap>", line 488, in _call_with_frames_removed
  File "/opt/airflow/dags/basic_processing.py", line 20
    python_callable=copy_files
                    
SyntaxError: invalid syntax. Perhaps you forgot a comma?
[2024-05-10T09:46:03.601+0000] {processor.py:842} WARNING - No viable dags retrieved from /opt/airflow/dags/basic_processing.py
[2024-05-10T09:46:03.619+0000] {processor.py:183} INFO - Processing /opt/airflow/dags/basic_processing.py took 0.039 seconds
[2024-05-10T09:46:33.836+0000] {processor.py:161} INFO - Started process (PID=1289) to work on /opt/airflow/dags/basic_processing.py
[2024-05-10T09:46:33.838+0000] {processor.py:830} INFO - Processing file /opt/airflow/dags/basic_processing.py for tasks to queue
[2024-05-10T09:46:33.840+0000] {logging_mixin.py:188} INFO - [2024-05-10T09:46:33.839+0000] {dagbag.py:540} INFO - Filling up the DagBag from /opt/airflow/dags/basic_processing.py
[2024-05-10T09:46:33.845+0000] {logging_mixin.py:188} INFO - [2024-05-10T09:46:33.843+0000] {dagbag.py:350} ERROR - Failed to import: /opt/airflow/dags/basic_processing.py
Traceback (most recent call last):
  File "/home/airflow/.local/lib/python3.12/site-packages/airflow/models/dagbag.py", line 346, in parse
    loader.exec_module(new_module)
  File "<frozen importlib._bootstrap_external>", line 991, in exec_module
  File "<frozen importlib._bootstrap_external>", line 1129, in get_code
  File "<frozen importlib._bootstrap_external>", line 1059, in source_to_code
  File "<frozen importlib._bootstrap>", line 488, in _call_with_frames_removed
  File "/opt/airflow/dags/basic_processing.py", line 20
    python_callable=copy_files
                    
SyntaxError: invalid syntax. Perhaps you forgot a comma?
[2024-05-10T09:46:33.846+0000] {processor.py:842} WARNING - No viable dags retrieved from /opt/airflow/dags/basic_processing.py
[2024-05-10T09:46:33.874+0000] {processor.py:183} INFO - Processing /opt/airflow/dags/basic_processing.py took 0.057 seconds
[2024-05-10T09:46:59.004+0000] {processor.py:161} INFO - Started process (PID=1296) to work on /opt/airflow/dags/basic_processing.py
[2024-05-10T09:46:59.008+0000] {processor.py:830} INFO - Processing file /opt/airflow/dags/basic_processing.py for tasks to queue
[2024-05-10T09:46:59.011+0000] {logging_mixin.py:188} INFO - [2024-05-10T09:46:59.010+0000] {dagbag.py:540} INFO - Filling up the DagBag from /opt/airflow/dags/basic_processing.py
[2024-05-10T09:46:59.028+0000] {logging_mixin.py:188} INFO - [2024-05-10T09:46:59.020+0000] {dagbag.py:350} ERROR - Failed to import: /opt/airflow/dags/basic_processing.py
Traceback (most recent call last):
  File "/home/airflow/.local/lib/python3.12/site-packages/airflow/models/dagbag.py", line 346, in parse
    loader.exec_module(new_module)
  File "<frozen importlib._bootstrap_external>", line 991, in exec_module
  File "<frozen importlib._bootstrap_external>", line 1129, in get_code
  File "<frozen importlib._bootstrap_external>", line 1059, in source_to_code
  File "<frozen importlib._bootstrap>", line 488, in _call_with_frames_removed
  File "/opt/airflow/dags/basic_processing.py", line 20
    python_callable=copy_files
                    
SyntaxError: invalid syntax. Perhaps you forgot a comma?
[2024-05-10T09:46:59.030+0000] {processor.py:842} WARNING - No viable dags retrieved from /opt/airflow/dags/basic_processing.py
[2024-05-10T09:46:59.096+0000] {processor.py:183} INFO - Processing /opt/airflow/dags/basic_processing.py took 0.112 seconds
[2024-05-10T09:47:29.198+0000] {processor.py:161} INFO - Started process (PID=1303) to work on /opt/airflow/dags/basic_processing.py
[2024-05-10T09:47:29.202+0000] {processor.py:830} INFO - Processing file /opt/airflow/dags/basic_processing.py for tasks to queue
[2024-05-10T09:47:29.204+0000] {logging_mixin.py:188} INFO - [2024-05-10T09:47:29.203+0000] {dagbag.py:540} INFO - Filling up the DagBag from /opt/airflow/dags/basic_processing.py
[2024-05-10T09:47:29.208+0000] {logging_mixin.py:188} INFO - [2024-05-10T09:47:29.207+0000] {dagbag.py:350} ERROR - Failed to import: /opt/airflow/dags/basic_processing.py
Traceback (most recent call last):
  File "/home/airflow/.local/lib/python3.12/site-packages/airflow/models/dagbag.py", line 346, in parse
    loader.exec_module(new_module)
  File "<frozen importlib._bootstrap_external>", line 991, in exec_module
  File "<frozen importlib._bootstrap_external>", line 1129, in get_code
  File "<frozen importlib._bootstrap_external>", line 1059, in source_to_code
  File "<frozen importlib._bootstrap>", line 488, in _call_with_frames_removed
  File "/opt/airflow/dags/basic_processing.py", line 20
    python_callable=copy_files
                    
SyntaxError: invalid syntax. Perhaps you forgot a comma?
[2024-05-10T09:47:29.209+0000] {processor.py:842} WARNING - No viable dags retrieved from /opt/airflow/dags/basic_processing.py
[2024-05-10T09:47:29.229+0000] {processor.py:183} INFO - Processing /opt/airflow/dags/basic_processing.py took 0.049 seconds
[2024-05-10T09:47:32.285+0000] {processor.py:161} INFO - Started process (PID=1304) to work on /opt/airflow/dags/basic_processing.py
[2024-05-10T09:47:32.286+0000] {processor.py:830} INFO - Processing file /opt/airflow/dags/basic_processing.py for tasks to queue
[2024-05-10T09:47:32.287+0000] {logging_mixin.py:188} INFO - [2024-05-10T09:47:32.287+0000] {dagbag.py:540} INFO - Filling up the DagBag from /opt/airflow/dags/basic_processing.py
[2024-05-10T09:47:32.298+0000] {processor.py:840} INFO - DAG(s) 'file_process_dag' retrieved from /opt/airflow/dags/basic_processing.py
[2024-05-10T09:47:32.391+0000] {logging_mixin.py:188} INFO - [2024-05-10T09:47:32.391+0000] {dag.py:3096} INFO - Sync 1 DAGs
[2024-05-10T09:47:32.399+0000] {logging_mixin.py:188} INFO - [2024-05-10T09:47:32.399+0000] {dag.py:3954} INFO - Setting next_dagrun for file_process_dag to None, run_after=None
[2024-05-10T09:47:32.448+0000] {processor.py:183} INFO - Processing /opt/airflow/dags/basic_processing.py took 0.174 seconds
[2024-05-10T09:48:02.607+0000] {processor.py:161} INFO - Started process (PID=1311) to work on /opt/airflow/dags/basic_processing.py
[2024-05-10T09:48:02.608+0000] {processor.py:830} INFO - Processing file /opt/airflow/dags/basic_processing.py for tasks to queue
[2024-05-10T09:48:02.609+0000] {logging_mixin.py:188} INFO - [2024-05-10T09:48:02.609+0000] {dagbag.py:540} INFO - Filling up the DagBag from /opt/airflow/dags/basic_processing.py
[2024-05-10T09:48:02.618+0000] {processor.py:840} INFO - DAG(s) 'file_process_dag' retrieved from /opt/airflow/dags/basic_processing.py
[2024-05-10T09:48:02.638+0000] {logging_mixin.py:188} INFO - [2024-05-10T09:48:02.638+0000] {dag.py:3096} INFO - Sync 1 DAGs
[2024-05-10T09:48:02.648+0000] {logging_mixin.py:188} INFO - [2024-05-10T09:48:02.648+0000] {dag.py:3954} INFO - Setting next_dagrun for file_process_dag to None, run_after=None
[2024-05-10T09:48:02.700+0000] {processor.py:183} INFO - Processing /opt/airflow/dags/basic_processing.py took 0.098 seconds
[2024-05-10T09:48:32.801+0000] {processor.py:161} INFO - Started process (PID=1318) to work on /opt/airflow/dags/basic_processing.py
[2024-05-10T09:48:32.803+0000] {processor.py:830} INFO - Processing file /opt/airflow/dags/basic_processing.py for tasks to queue
[2024-05-10T09:48:32.804+0000] {logging_mixin.py:188} INFO - [2024-05-10T09:48:32.804+0000] {dagbag.py:540} INFO - Filling up the DagBag from /opt/airflow/dags/basic_processing.py
[2024-05-10T09:48:32.817+0000] {processor.py:840} INFO - DAG(s) 'file_process_dag' retrieved from /opt/airflow/dags/basic_processing.py
[2024-05-10T09:48:32.839+0000] {logging_mixin.py:188} INFO - [2024-05-10T09:48:32.839+0000] {dag.py:3096} INFO - Sync 1 DAGs
[2024-05-10T09:48:32.850+0000] {logging_mixin.py:188} INFO - [2024-05-10T09:48:32.849+0000] {dag.py:3954} INFO - Setting next_dagrun for file_process_dag to None, run_after=None
[2024-05-10T09:48:32.881+0000] {processor.py:183} INFO - Processing /opt/airflow/dags/basic_processing.py took 0.098 seconds
[2024-05-10T09:48:40.943+0000] {processor.py:161} INFO - Started process (PID=1319) to work on /opt/airflow/dags/basic_processing.py
[2024-05-10T09:48:40.946+0000] {processor.py:830} INFO - Processing file /opt/airflow/dags/basic_processing.py for tasks to queue
[2024-05-10T09:48:40.948+0000] {logging_mixin.py:188} INFO - [2024-05-10T09:48:40.947+0000] {dagbag.py:540} INFO - Filling up the DagBag from /opt/airflow/dags/basic_processing.py
[2024-05-10T09:48:40.984+0000] {processor.py:840} INFO - DAG(s) 'file_process_dag' retrieved from /opt/airflow/dags/basic_processing.py
[2024-05-10T09:48:41.172+0000] {logging_mixin.py:188} INFO - [2024-05-10T09:48:41.172+0000] {dag.py:3096} INFO - Sync 1 DAGs
[2024-05-10T09:48:41.181+0000] {logging_mixin.py:188} INFO - [2024-05-10T09:48:41.180+0000] {dag.py:3954} INFO - Setting next_dagrun for file_process_dag to None, run_after=None
[2024-05-10T09:48:41.209+0000] {processor.py:183} INFO - Processing /opt/airflow/dags/basic_processing.py took 0.285 seconds
[2024-05-10T09:49:11.364+0000] {processor.py:161} INFO - Started process (PID=1326) to work on /opt/airflow/dags/basic_processing.py
[2024-05-10T09:49:11.365+0000] {processor.py:830} INFO - Processing file /opt/airflow/dags/basic_processing.py for tasks to queue
[2024-05-10T09:49:11.366+0000] {logging_mixin.py:188} INFO - [2024-05-10T09:49:11.365+0000] {dagbag.py:540} INFO - Filling up the DagBag from /opt/airflow/dags/basic_processing.py
[2024-05-10T09:49:11.374+0000] {processor.py:840} INFO - DAG(s) 'file_process_dag' retrieved from /opt/airflow/dags/basic_processing.py
[2024-05-10T09:49:11.394+0000] {logging_mixin.py:188} INFO - [2024-05-10T09:49:11.394+0000] {dag.py:3096} INFO - Sync 1 DAGs
[2024-05-10T09:49:11.404+0000] {logging_mixin.py:188} INFO - [2024-05-10T09:49:11.404+0000] {dag.py:3954} INFO - Setting next_dagrun for file_process_dag to None, run_after=None
[2024-05-10T09:49:11.442+0000] {processor.py:183} INFO - Processing /opt/airflow/dags/basic_processing.py took 0.083 seconds
[2024-05-10T09:49:41.566+0000] {processor.py:161} INFO - Started process (PID=1333) to work on /opt/airflow/dags/basic_processing.py
[2024-05-10T09:49:41.569+0000] {processor.py:830} INFO - Processing file /opt/airflow/dags/basic_processing.py for tasks to queue
[2024-05-10T09:49:41.571+0000] {logging_mixin.py:188} INFO - [2024-05-10T09:49:41.570+0000] {dagbag.py:540} INFO - Filling up the DagBag from /opt/airflow/dags/basic_processing.py
[2024-05-10T09:49:41.587+0000] {processor.py:840} INFO - DAG(s) 'file_process_dag' retrieved from /opt/airflow/dags/basic_processing.py
[2024-05-10T09:49:41.609+0000] {logging_mixin.py:188} INFO - [2024-05-10T09:49:41.609+0000] {dag.py:3096} INFO - Sync 1 DAGs
[2024-05-10T09:49:41.619+0000] {logging_mixin.py:188} INFO - [2024-05-10T09:49:41.619+0000] {dag.py:3954} INFO - Setting next_dagrun for file_process_dag to None, run_after=None
[2024-05-10T09:49:41.635+0000] {processor.py:183} INFO - Processing /opt/airflow/dags/basic_processing.py took 0.088 seconds
[2024-05-10T09:50:11.777+0000] {processor.py:161} INFO - Started process (PID=1340) to work on /opt/airflow/dags/basic_processing.py
[2024-05-10T09:50:11.779+0000] {processor.py:830} INFO - Processing file /opt/airflow/dags/basic_processing.py for tasks to queue
[2024-05-10T09:50:11.779+0000] {logging_mixin.py:188} INFO - [2024-05-10T09:50:11.779+0000] {dagbag.py:540} INFO - Filling up the DagBag from /opt/airflow/dags/basic_processing.py
[2024-05-10T09:50:11.791+0000] {processor.py:840} INFO - DAG(s) 'file_process_dag' retrieved from /opt/airflow/dags/basic_processing.py
[2024-05-10T09:50:11.813+0000] {logging_mixin.py:188} INFO - [2024-05-10T09:50:11.813+0000] {dag.py:3096} INFO - Sync 1 DAGs
[2024-05-10T09:50:11.823+0000] {logging_mixin.py:188} INFO - [2024-05-10T09:50:11.823+0000] {dag.py:3954} INFO - Setting next_dagrun for file_process_dag to None, run_after=None
[2024-05-10T09:50:11.846+0000] {processor.py:183} INFO - Processing /opt/airflow/dags/basic_processing.py took 0.076 seconds
[2024-05-10T09:50:41.992+0000] {processor.py:161} INFO - Started process (PID=1347) to work on /opt/airflow/dags/basic_processing.py
[2024-05-10T09:50:41.994+0000] {processor.py:830} INFO - Processing file /opt/airflow/dags/basic_processing.py for tasks to queue
[2024-05-10T09:50:41.996+0000] {logging_mixin.py:188} INFO - [2024-05-10T09:50:41.995+0000] {dagbag.py:540} INFO - Filling up the DagBag from /opt/airflow/dags/basic_processing.py
[2024-05-10T09:50:42.010+0000] {processor.py:840} INFO - DAG(s) 'file_process_dag' retrieved from /opt/airflow/dags/basic_processing.py
[2024-05-10T09:50:42.031+0000] {logging_mixin.py:188} INFO - [2024-05-10T09:50:42.031+0000] {dag.py:3096} INFO - Sync 1 DAGs
[2024-05-10T09:50:42.041+0000] {logging_mixin.py:188} INFO - [2024-05-10T09:50:42.040+0000] {dag.py:3954} INFO - Setting next_dagrun for file_process_dag to None, run_after=None
[2024-05-10T09:50:42.057+0000] {processor.py:183} INFO - Processing /opt/airflow/dags/basic_processing.py took 0.084 seconds
[2024-05-10T09:51:12.169+0000] {processor.py:161} INFO - Started process (PID=1353) to work on /opt/airflow/dags/basic_processing.py
[2024-05-10T09:51:12.169+0000] {processor.py:830} INFO - Processing file /opt/airflow/dags/basic_processing.py for tasks to queue
[2024-05-10T09:51:12.170+0000] {logging_mixin.py:188} INFO - [2024-05-10T09:51:12.170+0000] {dagbag.py:540} INFO - Filling up the DagBag from /opt/airflow/dags/basic_processing.py
[2024-05-10T09:51:12.178+0000] {processor.py:840} INFO - DAG(s) 'file_process_dag' retrieved from /opt/airflow/dags/basic_processing.py
[2024-05-10T09:51:12.198+0000] {logging_mixin.py:188} INFO - [2024-05-10T09:51:12.198+0000] {dag.py:3096} INFO - Sync 1 DAGs
[2024-05-10T09:51:12.208+0000] {logging_mixin.py:188} INFO - [2024-05-10T09:51:12.207+0000] {dag.py:3954} INFO - Setting next_dagrun for file_process_dag to None, run_after=None
[2024-05-10T09:51:12.223+0000] {processor.py:183} INFO - Processing /opt/airflow/dags/basic_processing.py took 0.059 seconds
[2024-05-10T09:51:42.418+0000] {processor.py:161} INFO - Started process (PID=1360) to work on /opt/airflow/dags/basic_processing.py
[2024-05-10T09:51:42.418+0000] {processor.py:830} INFO - Processing file /opt/airflow/dags/basic_processing.py for tasks to queue
[2024-05-10T09:51:42.419+0000] {logging_mixin.py:188} INFO - [2024-05-10T09:51:42.419+0000] {dagbag.py:540} INFO - Filling up the DagBag from /opt/airflow/dags/basic_processing.py
[2024-05-10T09:51:42.427+0000] {processor.py:840} INFO - DAG(s) 'file_process_dag' retrieved from /opt/airflow/dags/basic_processing.py
[2024-05-10T09:51:42.447+0000] {logging_mixin.py:188} INFO - [2024-05-10T09:51:42.447+0000] {dag.py:3096} INFO - Sync 1 DAGs
[2024-05-10T09:51:42.456+0000] {logging_mixin.py:188} INFO - [2024-05-10T09:51:42.456+0000] {dag.py:3954} INFO - Setting next_dagrun for file_process_dag to None, run_after=None
[2024-05-10T09:51:42.479+0000] {processor.py:183} INFO - Processing /opt/airflow/dags/basic_processing.py took 0.066 seconds
[2024-05-10T09:52:12.622+0000] {processor.py:161} INFO - Started process (PID=1367) to work on /opt/airflow/dags/basic_processing.py
[2024-05-10T09:52:12.625+0000] {processor.py:830} INFO - Processing file /opt/airflow/dags/basic_processing.py for tasks to queue
[2024-05-10T09:52:12.627+0000] {logging_mixin.py:188} INFO - [2024-05-10T09:52:12.626+0000] {dagbag.py:540} INFO - Filling up the DagBag from /opt/airflow/dags/basic_processing.py
[2024-05-10T09:52:12.643+0000] {processor.py:840} INFO - DAG(s) 'file_process_dag' retrieved from /opt/airflow/dags/basic_processing.py
[2024-05-10T09:52:12.669+0000] {logging_mixin.py:188} INFO - [2024-05-10T09:52:12.669+0000] {dag.py:3096} INFO - Sync 1 DAGs
[2024-05-10T09:52:12.680+0000] {logging_mixin.py:188} INFO - [2024-05-10T09:52:12.679+0000] {dag.py:3954} INFO - Setting next_dagrun for file_process_dag to None, run_after=None
[2024-05-10T09:52:12.701+0000] {processor.py:183} INFO - Processing /opt/airflow/dags/basic_processing.py took 0.097 seconds
[2024-05-10T09:52:42.830+0000] {processor.py:161} INFO - Started process (PID=1375) to work on /opt/airflow/dags/basic_processing.py
[2024-05-10T09:52:42.832+0000] {processor.py:830} INFO - Processing file /opt/airflow/dags/basic_processing.py for tasks to queue
[2024-05-10T09:52:42.834+0000] {logging_mixin.py:188} INFO - [2024-05-10T09:52:42.833+0000] {dagbag.py:540} INFO - Filling up the DagBag from /opt/airflow/dags/basic_processing.py
[2024-05-10T09:52:42.849+0000] {processor.py:840} INFO - DAG(s) 'file_process_dag' retrieved from /opt/airflow/dags/basic_processing.py
[2024-05-10T09:52:42.870+0000] {logging_mixin.py:188} INFO - [2024-05-10T09:52:42.870+0000] {dag.py:3096} INFO - Sync 1 DAGs
[2024-05-10T09:52:42.880+0000] {logging_mixin.py:188} INFO - [2024-05-10T09:52:42.880+0000] {dag.py:3954} INFO - Setting next_dagrun for file_process_dag to None, run_after=None
[2024-05-10T09:52:42.900+0000] {processor.py:183} INFO - Processing /opt/airflow/dags/basic_processing.py took 0.089 seconds
[2024-05-10T09:53:13.066+0000] {processor.py:161} INFO - Started process (PID=1383) to work on /opt/airflow/dags/basic_processing.py
[2024-05-10T09:53:13.068+0000] {processor.py:830} INFO - Processing file /opt/airflow/dags/basic_processing.py for tasks to queue
[2024-05-10T09:53:13.070+0000] {logging_mixin.py:188} INFO - [2024-05-10T09:53:13.069+0000] {dagbag.py:540} INFO - Filling up the DagBag from /opt/airflow/dags/basic_processing.py
[2024-05-10T09:53:13.084+0000] {processor.py:840} INFO - DAG(s) 'file_process_dag' retrieved from /opt/airflow/dags/basic_processing.py
[2024-05-10T09:53:13.106+0000] {logging_mixin.py:188} INFO - [2024-05-10T09:53:13.106+0000] {dag.py:3096} INFO - Sync 1 DAGs
[2024-05-10T09:53:13.116+0000] {logging_mixin.py:188} INFO - [2024-05-10T09:53:13.116+0000] {dag.py:3954} INFO - Setting next_dagrun for file_process_dag to None, run_after=None
[2024-05-10T09:53:13.147+0000] {processor.py:183} INFO - Processing /opt/airflow/dags/basic_processing.py took 0.099 seconds
[2024-05-10T09:53:43.263+0000] {processor.py:161} INFO - Started process (PID=1390) to work on /opt/airflow/dags/basic_processing.py
[2024-05-10T09:53:43.264+0000] {processor.py:830} INFO - Processing file /opt/airflow/dags/basic_processing.py for tasks to queue
[2024-05-10T09:53:43.265+0000] {logging_mixin.py:188} INFO - [2024-05-10T09:53:43.265+0000] {dagbag.py:540} INFO - Filling up the DagBag from /opt/airflow/dags/basic_processing.py
[2024-05-10T09:53:43.273+0000] {processor.py:840} INFO - DAG(s) 'file_process_dag' retrieved from /opt/airflow/dags/basic_processing.py
[2024-05-10T09:53:43.293+0000] {logging_mixin.py:188} INFO - [2024-05-10T09:53:43.293+0000] {dag.py:3096} INFO - Sync 1 DAGs
[2024-05-10T09:53:43.303+0000] {logging_mixin.py:188} INFO - [2024-05-10T09:53:43.303+0000] {dag.py:3954} INFO - Setting next_dagrun for file_process_dag to None, run_after=None
[2024-05-10T09:53:43.322+0000] {processor.py:183} INFO - Processing /opt/airflow/dags/basic_processing.py took 0.063 seconds
[2024-05-10T09:54:13.499+0000] {processor.py:161} INFO - Started process (PID=1397) to work on /opt/airflow/dags/basic_processing.py
[2024-05-10T09:54:13.500+0000] {processor.py:830} INFO - Processing file /opt/airflow/dags/basic_processing.py for tasks to queue
[2024-05-10T09:54:13.501+0000] {logging_mixin.py:188} INFO - [2024-05-10T09:54:13.500+0000] {dagbag.py:540} INFO - Filling up the DagBag from /opt/airflow/dags/basic_processing.py
[2024-05-10T09:54:13.509+0000] {processor.py:840} INFO - DAG(s) 'file_process_dag' retrieved from /opt/airflow/dags/basic_processing.py
[2024-05-10T09:54:13.528+0000] {logging_mixin.py:188} INFO - [2024-05-10T09:54:13.528+0000] {dag.py:3096} INFO - Sync 1 DAGs
[2024-05-10T09:54:13.537+0000] {logging_mixin.py:188} INFO - [2024-05-10T09:54:13.537+0000] {dag.py:3954} INFO - Setting next_dagrun for file_process_dag to None, run_after=None
[2024-05-10T09:54:13.555+0000] {processor.py:183} INFO - Processing /opt/airflow/dags/basic_processing.py took 0.060 seconds
[2024-05-10T09:54:43.700+0000] {processor.py:161} INFO - Started process (PID=1404) to work on /opt/airflow/dags/basic_processing.py
[2024-05-10T09:54:43.702+0000] {processor.py:830} INFO - Processing file /opt/airflow/dags/basic_processing.py for tasks to queue
[2024-05-10T09:54:43.704+0000] {logging_mixin.py:188} INFO - [2024-05-10T09:54:43.703+0000] {dagbag.py:540} INFO - Filling up the DagBag from /opt/airflow/dags/basic_processing.py
[2024-05-10T09:54:43.718+0000] {processor.py:840} INFO - DAG(s) 'file_process_dag' retrieved from /opt/airflow/dags/basic_processing.py
[2024-05-10T09:54:43.740+0000] {logging_mixin.py:188} INFO - [2024-05-10T09:54:43.739+0000] {dag.py:3096} INFO - Sync 1 DAGs
[2024-05-10T09:54:43.750+0000] {logging_mixin.py:188} INFO - [2024-05-10T09:54:43.750+0000] {dag.py:3954} INFO - Setting next_dagrun for file_process_dag to None, run_after=None
[2024-05-10T09:54:43.780+0000] {processor.py:183} INFO - Processing /opt/airflow/dags/basic_processing.py took 0.099 seconds
[2024-05-10T09:55:13.921+0000] {processor.py:161} INFO - Started process (PID=1411) to work on /opt/airflow/dags/basic_processing.py
[2024-05-10T09:55:13.924+0000] {processor.py:830} INFO - Processing file /opt/airflow/dags/basic_processing.py for tasks to queue
[2024-05-10T09:55:13.926+0000] {logging_mixin.py:188} INFO - [2024-05-10T09:55:13.925+0000] {dagbag.py:540} INFO - Filling up the DagBag from /opt/airflow/dags/basic_processing.py
[2024-05-10T09:55:13.949+0000] {processor.py:840} INFO - DAG(s) 'file_process_dag' retrieved from /opt/airflow/dags/basic_processing.py
[2024-05-10T09:55:13.981+0000] {logging_mixin.py:188} INFO - [2024-05-10T09:55:13.980+0000] {dag.py:3096} INFO - Sync 1 DAGs
[2024-05-10T09:55:13.992+0000] {logging_mixin.py:188} INFO - [2024-05-10T09:55:13.992+0000] {dag.py:3954} INFO - Setting next_dagrun for file_process_dag to None, run_after=None
[2024-05-10T09:55:14.011+0000] {processor.py:183} INFO - Processing /opt/airflow/dags/basic_processing.py took 0.109 seconds
[2024-05-10T09:55:44.132+0000] {processor.py:161} INFO - Started process (PID=1419) to work on /opt/airflow/dags/basic_processing.py
[2024-05-10T09:55:44.133+0000] {processor.py:830} INFO - Processing file /opt/airflow/dags/basic_processing.py for tasks to queue
[2024-05-10T09:55:44.134+0000] {logging_mixin.py:188} INFO - [2024-05-10T09:55:44.134+0000] {dagbag.py:540} INFO - Filling up the DagBag from /opt/airflow/dags/basic_processing.py
[2024-05-10T09:55:44.144+0000] {processor.py:840} INFO - DAG(s) 'file_process_dag' retrieved from /opt/airflow/dags/basic_processing.py
[2024-05-10T09:55:44.164+0000] {logging_mixin.py:188} INFO - [2024-05-10T09:55:44.163+0000] {dag.py:3096} INFO - Sync 1 DAGs
[2024-05-10T09:55:44.174+0000] {logging_mixin.py:188} INFO - [2024-05-10T09:55:44.174+0000] {dag.py:3954} INFO - Setting next_dagrun for file_process_dag to None, run_after=None
[2024-05-10T09:55:44.187+0000] {processor.py:183} INFO - Processing /opt/airflow/dags/basic_processing.py took 0.063 seconds
[2024-05-10T09:56:14.382+0000] {processor.py:161} INFO - Started process (PID=1426) to work on /opt/airflow/dags/basic_processing.py
[2024-05-10T09:56:14.384+0000] {processor.py:830} INFO - Processing file /opt/airflow/dags/basic_processing.py for tasks to queue
[2024-05-10T09:56:14.386+0000] {logging_mixin.py:188} INFO - [2024-05-10T09:56:14.385+0000] {dagbag.py:540} INFO - Filling up the DagBag from /opt/airflow/dags/basic_processing.py
[2024-05-10T09:56:14.401+0000] {processor.py:840} INFO - DAG(s) 'file_process_dag' retrieved from /opt/airflow/dags/basic_processing.py
[2024-05-10T09:56:14.423+0000] {logging_mixin.py:188} INFO - [2024-05-10T09:56:14.422+0000] {dag.py:3096} INFO - Sync 1 DAGs
[2024-05-10T09:56:14.432+0000] {logging_mixin.py:188} INFO - [2024-05-10T09:56:14.432+0000] {dag.py:3954} INFO - Setting next_dagrun for file_process_dag to None, run_after=None
[2024-05-10T09:56:14.454+0000] {processor.py:183} INFO - Processing /opt/airflow/dags/basic_processing.py took 0.090 seconds
[2024-05-10T09:56:44.596+0000] {processor.py:161} INFO - Started process (PID=1433) to work on /opt/airflow/dags/basic_processing.py
[2024-05-10T09:56:44.598+0000] {processor.py:830} INFO - Processing file /opt/airflow/dags/basic_processing.py for tasks to queue
[2024-05-10T09:56:44.599+0000] {logging_mixin.py:188} INFO - [2024-05-10T09:56:44.599+0000] {dagbag.py:540} INFO - Filling up the DagBag from /opt/airflow/dags/basic_processing.py
[2024-05-10T09:56:44.616+0000] {processor.py:840} INFO - DAG(s) 'file_process_dag' retrieved from /opt/airflow/dags/basic_processing.py
[2024-05-10T09:56:44.640+0000] {logging_mixin.py:188} INFO - [2024-05-10T09:56:44.640+0000] {dag.py:3096} INFO - Sync 1 DAGs
[2024-05-10T09:56:44.649+0000] {logging_mixin.py:188} INFO - [2024-05-10T09:56:44.649+0000] {dag.py:3954} INFO - Setting next_dagrun for file_process_dag to None, run_after=None
[2024-05-10T09:56:44.664+0000] {processor.py:183} INFO - Processing /opt/airflow/dags/basic_processing.py took 0.078 seconds
[2024-05-10T09:57:14.812+0000] {processor.py:161} INFO - Started process (PID=1440) to work on /opt/airflow/dags/basic_processing.py
[2024-05-10T09:57:14.814+0000] {processor.py:830} INFO - Processing file /opt/airflow/dags/basic_processing.py for tasks to queue
[2024-05-10T09:57:14.816+0000] {logging_mixin.py:188} INFO - [2024-05-10T09:57:14.815+0000] {dagbag.py:540} INFO - Filling up the DagBag from /opt/airflow/dags/basic_processing.py
[2024-05-10T09:57:14.830+0000] {processor.py:840} INFO - DAG(s) 'file_process_dag' retrieved from /opt/airflow/dags/basic_processing.py
[2024-05-10T09:57:14.851+0000] {logging_mixin.py:188} INFO - [2024-05-10T09:57:14.851+0000] {dag.py:3096} INFO - Sync 1 DAGs
[2024-05-10T09:57:14.860+0000] {logging_mixin.py:188} INFO - [2024-05-10T09:57:14.860+0000] {dag.py:3954} INFO - Setting next_dagrun for file_process_dag to None, run_after=None
[2024-05-10T09:57:14.875+0000] {processor.py:183} INFO - Processing /opt/airflow/dags/basic_processing.py took 0.081 seconds
[2024-05-10T09:57:45.019+0000] {processor.py:161} INFO - Started process (PID=1447) to work on /opt/airflow/dags/basic_processing.py
[2024-05-10T09:57:45.022+0000] {processor.py:830} INFO - Processing file /opt/airflow/dags/basic_processing.py for tasks to queue
[2024-05-10T09:57:45.023+0000] {logging_mixin.py:188} INFO - [2024-05-10T09:57:45.022+0000] {dagbag.py:540} INFO - Filling up the DagBag from /opt/airflow/dags/basic_processing.py
[2024-05-10T09:57:45.038+0000] {processor.py:840} INFO - DAG(s) 'file_process_dag' retrieved from /opt/airflow/dags/basic_processing.py
[2024-05-10T09:57:45.058+0000] {logging_mixin.py:188} INFO - [2024-05-10T09:57:45.058+0000] {dag.py:3096} INFO - Sync 1 DAGs
[2024-05-10T09:57:45.068+0000] {logging_mixin.py:188} INFO - [2024-05-10T09:57:45.068+0000] {dag.py:3954} INFO - Setting next_dagrun for file_process_dag to None, run_after=None
[2024-05-10T09:57:45.086+0000] {processor.py:183} INFO - Processing /opt/airflow/dags/basic_processing.py took 0.086 seconds
[2024-05-10T09:58:15.229+0000] {processor.py:161} INFO - Started process (PID=1455) to work on /opt/airflow/dags/basic_processing.py
[2024-05-10T09:58:15.232+0000] {processor.py:830} INFO - Processing file /opt/airflow/dags/basic_processing.py for tasks to queue
[2024-05-10T09:58:15.233+0000] {logging_mixin.py:188} INFO - [2024-05-10T09:58:15.233+0000] {dagbag.py:540} INFO - Filling up the DagBag from /opt/airflow/dags/basic_processing.py
[2024-05-10T09:58:15.250+0000] {processor.py:840} INFO - DAG(s) 'file_process_dag' retrieved from /opt/airflow/dags/basic_processing.py
[2024-05-10T09:58:15.273+0000] {logging_mixin.py:188} INFO - [2024-05-10T09:58:15.272+0000] {dag.py:3096} INFO - Sync 1 DAGs
[2024-05-10T09:58:15.285+0000] {logging_mixin.py:188} INFO - [2024-05-10T09:58:15.285+0000] {dag.py:3954} INFO - Setting next_dagrun for file_process_dag to None, run_after=None
[2024-05-10T09:58:15.320+0000] {processor.py:183} INFO - Processing /opt/airflow/dags/basic_processing.py took 0.110 seconds
[2024-05-10T09:58:45.423+0000] {processor.py:161} INFO - Started process (PID=1462) to work on /opt/airflow/dags/basic_processing.py
[2024-05-10T09:58:45.425+0000] {processor.py:830} INFO - Processing file /opt/airflow/dags/basic_processing.py for tasks to queue
[2024-05-10T09:58:45.427+0000] {logging_mixin.py:188} INFO - [2024-05-10T09:58:45.426+0000] {dagbag.py:540} INFO - Filling up the DagBag from /opt/airflow/dags/basic_processing.py
[2024-05-10T09:58:45.445+0000] {processor.py:840} INFO - DAG(s) 'file_process_dag' retrieved from /opt/airflow/dags/basic_processing.py
[2024-05-10T09:58:45.470+0000] {logging_mixin.py:188} INFO - [2024-05-10T09:58:45.470+0000] {dag.py:3096} INFO - Sync 1 DAGs
[2024-05-10T09:58:45.483+0000] {logging_mixin.py:188} INFO - [2024-05-10T09:58:45.482+0000] {dag.py:3954} INFO - Setting next_dagrun for file_process_dag to None, run_after=None
[2024-05-10T09:58:45.536+0000] {processor.py:183} INFO - Processing /opt/airflow/dags/basic_processing.py took 0.124 seconds
[2024-05-10T09:59:15.657+0000] {processor.py:161} INFO - Started process (PID=1469) to work on /opt/airflow/dags/basic_processing.py
[2024-05-10T09:59:15.658+0000] {processor.py:830} INFO - Processing file /opt/airflow/dags/basic_processing.py for tasks to queue
[2024-05-10T09:59:15.659+0000] {logging_mixin.py:188} INFO - [2024-05-10T09:59:15.659+0000] {dagbag.py:540} INFO - Filling up the DagBag from /opt/airflow/dags/basic_processing.py
[2024-05-10T09:59:15.667+0000] {processor.py:840} INFO - DAG(s) 'file_process_dag' retrieved from /opt/airflow/dags/basic_processing.py
[2024-05-10T09:59:15.687+0000] {logging_mixin.py:188} INFO - [2024-05-10T09:59:15.687+0000] {dag.py:3096} INFO - Sync 1 DAGs
[2024-05-10T09:59:15.697+0000] {logging_mixin.py:188} INFO - [2024-05-10T09:59:15.697+0000] {dag.py:3954} INFO - Setting next_dagrun for file_process_dag to None, run_after=None
[2024-05-10T09:59:15.730+0000] {processor.py:183} INFO - Processing /opt/airflow/dags/basic_processing.py took 0.078 seconds
[2024-05-10T09:59:45.921+0000] {processor.py:161} INFO - Started process (PID=1476) to work on /opt/airflow/dags/basic_processing.py
[2024-05-10T09:59:45.923+0000] {processor.py:830} INFO - Processing file /opt/airflow/dags/basic_processing.py for tasks to queue
[2024-05-10T09:59:45.925+0000] {logging_mixin.py:188} INFO - [2024-05-10T09:59:45.924+0000] {dagbag.py:540} INFO - Filling up the DagBag from /opt/airflow/dags/basic_processing.py
[2024-05-10T09:59:45.940+0000] {processor.py:840} INFO - DAG(s) 'file_process_dag' retrieved from /opt/airflow/dags/basic_processing.py
[2024-05-10T09:59:45.963+0000] {logging_mixin.py:188} INFO - [2024-05-10T09:59:45.963+0000] {dag.py:3096} INFO - Sync 1 DAGs
[2024-05-10T09:59:45.975+0000] {logging_mixin.py:188} INFO - [2024-05-10T09:59:45.974+0000] {dag.py:3954} INFO - Setting next_dagrun for file_process_dag to None, run_after=None
[2024-05-10T09:59:45.996+0000] {processor.py:183} INFO - Processing /opt/airflow/dags/basic_processing.py took 0.093 seconds
[2024-05-10T10:00:16.110+0000] {processor.py:161} INFO - Started process (PID=1484) to work on /opt/airflow/dags/basic_processing.py
[2024-05-10T10:00:16.112+0000] {processor.py:830} INFO - Processing file /opt/airflow/dags/basic_processing.py for tasks to queue
[2024-05-10T10:00:16.114+0000] {logging_mixin.py:188} INFO - [2024-05-10T10:00:16.113+0000] {dagbag.py:540} INFO - Filling up the DagBag from /opt/airflow/dags/basic_processing.py
[2024-05-10T10:00:16.130+0000] {processor.py:840} INFO - DAG(s) 'file_process_dag' retrieved from /opt/airflow/dags/basic_processing.py
[2024-05-10T10:00:16.153+0000] {logging_mixin.py:188} INFO - [2024-05-10T10:00:16.152+0000] {dag.py:3096} INFO - Sync 1 DAGs
[2024-05-10T10:00:16.162+0000] {logging_mixin.py:188} INFO - [2024-05-10T10:00:16.162+0000] {dag.py:3954} INFO - Setting next_dagrun for file_process_dag to None, run_after=None
[2024-05-10T10:00:16.214+0000] {processor.py:183} INFO - Processing /opt/airflow/dags/basic_processing.py took 0.112 seconds
[2024-05-10T10:00:46.369+0000] {processor.py:161} INFO - Started process (PID=1491) to work on /opt/airflow/dags/basic_processing.py
[2024-05-10T10:00:46.372+0000] {processor.py:830} INFO - Processing file /opt/airflow/dags/basic_processing.py for tasks to queue
[2024-05-10T10:00:46.374+0000] {logging_mixin.py:188} INFO - [2024-05-10T10:00:46.373+0000] {dagbag.py:540} INFO - Filling up the DagBag from /opt/airflow/dags/basic_processing.py
[2024-05-10T10:00:46.390+0000] {processor.py:840} INFO - DAG(s) 'file_process_dag' retrieved from /opt/airflow/dags/basic_processing.py
[2024-05-10T10:00:46.412+0000] {logging_mixin.py:188} INFO - [2024-05-10T10:00:46.412+0000] {dag.py:3096} INFO - Sync 1 DAGs
[2024-05-10T10:00:46.421+0000] {logging_mixin.py:188} INFO - [2024-05-10T10:00:46.421+0000] {dag.py:3954} INFO - Setting next_dagrun for file_process_dag to None, run_after=None
[2024-05-10T10:00:46.441+0000] {processor.py:183} INFO - Processing /opt/airflow/dags/basic_processing.py took 0.090 seconds
[2024-05-10T10:01:16.565+0000] {processor.py:161} INFO - Started process (PID=1498) to work on /opt/airflow/dags/basic_processing.py
[2024-05-10T10:01:16.566+0000] {processor.py:830} INFO - Processing file /opt/airflow/dags/basic_processing.py for tasks to queue
[2024-05-10T10:01:16.567+0000] {logging_mixin.py:188} INFO - [2024-05-10T10:01:16.567+0000] {dagbag.py:540} INFO - Filling up the DagBag from /opt/airflow/dags/basic_processing.py
[2024-05-10T10:01:16.575+0000] {processor.py:840} INFO - DAG(s) 'file_process_dag' retrieved from /opt/airflow/dags/basic_processing.py
[2024-05-10T10:01:16.595+0000] {logging_mixin.py:188} INFO - [2024-05-10T10:01:16.595+0000] {dag.py:3096} INFO - Sync 1 DAGs
[2024-05-10T10:01:16.606+0000] {logging_mixin.py:188} INFO - [2024-05-10T10:01:16.605+0000] {dag.py:3954} INFO - Setting next_dagrun for file_process_dag to None, run_after=None
[2024-05-10T10:01:16.629+0000] {processor.py:183} INFO - Processing /opt/airflow/dags/basic_processing.py took 0.069 seconds
[2024-05-10T10:01:46.865+0000] {processor.py:161} INFO - Started process (PID=1504) to work on /opt/airflow/dags/basic_processing.py
[2024-05-10T10:01:46.867+0000] {processor.py:830} INFO - Processing file /opt/airflow/dags/basic_processing.py for tasks to queue
[2024-05-10T10:01:46.868+0000] {logging_mixin.py:188} INFO - [2024-05-10T10:01:46.868+0000] {dagbag.py:540} INFO - Filling up the DagBag from /opt/airflow/dags/basic_processing.py
[2024-05-10T10:01:46.880+0000] {processor.py:840} INFO - DAG(s) 'file_process_dag' retrieved from /opt/airflow/dags/basic_processing.py
[2024-05-10T10:01:46.902+0000] {logging_mixin.py:188} INFO - [2024-05-10T10:01:46.902+0000] {dag.py:3096} INFO - Sync 1 DAGs
[2024-05-10T10:01:46.913+0000] {logging_mixin.py:188} INFO - [2024-05-10T10:01:46.912+0000] {dag.py:3954} INFO - Setting next_dagrun for file_process_dag to None, run_after=None
[2024-05-10T10:01:46.940+0000] {processor.py:183} INFO - Processing /opt/airflow/dags/basic_processing.py took 0.087 seconds
[2024-05-10T10:02:17.070+0000] {processor.py:161} INFO - Started process (PID=1511) to work on /opt/airflow/dags/basic_processing.py
[2024-05-10T10:02:17.073+0000] {processor.py:830} INFO - Processing file /opt/airflow/dags/basic_processing.py for tasks to queue
[2024-05-10T10:02:17.075+0000] {logging_mixin.py:188} INFO - [2024-05-10T10:02:17.074+0000] {dagbag.py:540} INFO - Filling up the DagBag from /opt/airflow/dags/basic_processing.py
[2024-05-10T10:02:17.090+0000] {processor.py:840} INFO - DAG(s) 'file_process_dag' retrieved from /opt/airflow/dags/basic_processing.py
[2024-05-10T10:02:17.112+0000] {logging_mixin.py:188} INFO - [2024-05-10T10:02:17.112+0000] {dag.py:3096} INFO - Sync 1 DAGs
[2024-05-10T10:02:17.122+0000] {logging_mixin.py:188} INFO - [2024-05-10T10:02:17.121+0000] {dag.py:3954} INFO - Setting next_dagrun for file_process_dag to None, run_after=None
[2024-05-10T10:02:17.167+0000] {processor.py:183} INFO - Processing /opt/airflow/dags/basic_processing.py took 0.117 seconds
[2024-05-10T10:02:47.309+0000] {processor.py:161} INFO - Started process (PID=1519) to work on /opt/airflow/dags/basic_processing.py
[2024-05-10T10:02:47.311+0000] {processor.py:830} INFO - Processing file /opt/airflow/dags/basic_processing.py for tasks to queue
[2024-05-10T10:02:47.312+0000] {logging_mixin.py:188} INFO - [2024-05-10T10:02:47.312+0000] {dagbag.py:540} INFO - Filling up the DagBag from /opt/airflow/dags/basic_processing.py
[2024-05-10T10:02:47.327+0000] {processor.py:840} INFO - DAG(s) 'file_process_dag' retrieved from /opt/airflow/dags/basic_processing.py
[2024-05-10T10:02:47.348+0000] {logging_mixin.py:188} INFO - [2024-05-10T10:02:47.348+0000] {dag.py:3096} INFO - Sync 1 DAGs
[2024-05-10T10:02:47.359+0000] {logging_mixin.py:188} INFO - [2024-05-10T10:02:47.358+0000] {dag.py:3954} INFO - Setting next_dagrun for file_process_dag to None, run_after=None
[2024-05-10T10:02:47.373+0000] {processor.py:183} INFO - Processing /opt/airflow/dags/basic_processing.py took 0.084 seconds
[2024-05-10T10:03:17.527+0000] {processor.py:161} INFO - Started process (PID=1526) to work on /opt/airflow/dags/basic_processing.py
[2024-05-10T10:03:17.529+0000] {processor.py:830} INFO - Processing file /opt/airflow/dags/basic_processing.py for tasks to queue
[2024-05-10T10:03:17.530+0000] {logging_mixin.py:188} INFO - [2024-05-10T10:03:17.530+0000] {dagbag.py:540} INFO - Filling up the DagBag from /opt/airflow/dags/basic_processing.py
[2024-05-10T10:03:17.543+0000] {processor.py:840} INFO - DAG(s) 'file_process_dag' retrieved from /opt/airflow/dags/basic_processing.py
[2024-05-10T10:03:17.564+0000] {logging_mixin.py:188} INFO - [2024-05-10T10:03:17.564+0000] {dag.py:3096} INFO - Sync 1 DAGs
[2024-05-10T10:03:17.574+0000] {logging_mixin.py:188} INFO - [2024-05-10T10:03:17.574+0000] {dag.py:3954} INFO - Setting next_dagrun for file_process_dag to None, run_after=None
[2024-05-10T10:03:17.594+0000] {processor.py:183} INFO - Processing /opt/airflow/dags/basic_processing.py took 0.084 seconds
[2024-05-10T10:03:47.699+0000] {processor.py:161} INFO - Started process (PID=1533) to work on /opt/airflow/dags/basic_processing.py
[2024-05-10T10:03:47.701+0000] {processor.py:830} INFO - Processing file /opt/airflow/dags/basic_processing.py for tasks to queue
[2024-05-10T10:03:47.702+0000] {logging_mixin.py:188} INFO - [2024-05-10T10:03:47.702+0000] {dagbag.py:540} INFO - Filling up the DagBag from /opt/airflow/dags/basic_processing.py
[2024-05-10T10:03:47.710+0000] {processor.py:840} INFO - DAG(s) 'file_process_dag' retrieved from /opt/airflow/dags/basic_processing.py
[2024-05-10T10:03:47.729+0000] {logging_mixin.py:188} INFO - [2024-05-10T10:03:47.729+0000] {dag.py:3096} INFO - Sync 1 DAGs
[2024-05-10T10:03:47.739+0000] {logging_mixin.py:188} INFO - [2024-05-10T10:03:47.739+0000] {dag.py:3954} INFO - Setting next_dagrun for file_process_dag to None, run_after=None
[2024-05-10T10:03:47.772+0000] {processor.py:183} INFO - Processing /opt/airflow/dags/basic_processing.py took 0.078 seconds
[2024-05-10T10:04:17.938+0000] {processor.py:161} INFO - Started process (PID=1540) to work on /opt/airflow/dags/basic_processing.py
[2024-05-10T10:04:17.940+0000] {processor.py:830} INFO - Processing file /opt/airflow/dags/basic_processing.py for tasks to queue
[2024-05-10T10:04:17.941+0000] {logging_mixin.py:188} INFO - [2024-05-10T10:04:17.940+0000] {dagbag.py:540} INFO - Filling up the DagBag from /opt/airflow/dags/basic_processing.py
[2024-05-10T10:04:17.955+0000] {processor.py:840} INFO - DAG(s) 'file_process_dag' retrieved from /opt/airflow/dags/basic_processing.py
[2024-05-10T10:04:17.977+0000] {logging_mixin.py:188} INFO - [2024-05-10T10:04:17.977+0000] {dag.py:3096} INFO - Sync 1 DAGs
[2024-05-10T10:04:17.989+0000] {logging_mixin.py:188} INFO - [2024-05-10T10:04:17.989+0000] {dag.py:3954} INFO - Setting next_dagrun for file_process_dag to None, run_after=None
[2024-05-10T10:04:18.005+0000] {processor.py:183} INFO - Processing /opt/airflow/dags/basic_processing.py took 0.076 seconds
[2024-05-10T10:04:48.150+0000] {processor.py:161} INFO - Started process (PID=1547) to work on /opt/airflow/dags/basic_processing.py
[2024-05-10T10:04:48.153+0000] {processor.py:830} INFO - Processing file /opt/airflow/dags/basic_processing.py for tasks to queue
[2024-05-10T10:04:48.154+0000] {logging_mixin.py:188} INFO - [2024-05-10T10:04:48.153+0000] {dagbag.py:540} INFO - Filling up the DagBag from /opt/airflow/dags/basic_processing.py
[2024-05-10T10:04:48.168+0000] {processor.py:840} INFO - DAG(s) 'file_process_dag' retrieved from /opt/airflow/dags/basic_processing.py
[2024-05-10T10:04:48.189+0000] {logging_mixin.py:188} INFO - [2024-05-10T10:04:48.189+0000] {dag.py:3096} INFO - Sync 1 DAGs
[2024-05-10T10:04:48.198+0000] {logging_mixin.py:188} INFO - [2024-05-10T10:04:48.198+0000] {dag.py:3954} INFO - Setting next_dagrun for file_process_dag to None, run_after=None
[2024-05-10T10:04:48.222+0000] {processor.py:183} INFO - Processing /opt/airflow/dags/basic_processing.py took 0.089 seconds
[2024-05-10T10:05:18.354+0000] {processor.py:161} INFO - Started process (PID=1554) to work on /opt/airflow/dags/basic_processing.py
[2024-05-10T10:05:18.355+0000] {processor.py:830} INFO - Processing file /opt/airflow/dags/basic_processing.py for tasks to queue
[2024-05-10T10:05:18.356+0000] {logging_mixin.py:188} INFO - [2024-05-10T10:05:18.356+0000] {dagbag.py:540} INFO - Filling up the DagBag from /opt/airflow/dags/basic_processing.py
[2024-05-10T10:05:18.364+0000] {processor.py:840} INFO - DAG(s) 'file_process_dag' retrieved from /opt/airflow/dags/basic_processing.py
[2024-05-10T10:05:18.385+0000] {logging_mixin.py:188} INFO - [2024-05-10T10:05:18.385+0000] {dag.py:3096} INFO - Sync 1 DAGs
[2024-05-10T10:05:18.395+0000] {logging_mixin.py:188} INFO - [2024-05-10T10:05:18.394+0000] {dag.py:3954} INFO - Setting next_dagrun for file_process_dag to None, run_after=None
[2024-05-10T10:05:18.416+0000] {processor.py:183} INFO - Processing /opt/airflow/dags/basic_processing.py took 0.067 seconds
[2024-05-10T10:05:48.570+0000] {processor.py:161} INFO - Started process (PID=1560) to work on /opt/airflow/dags/basic_processing.py
[2024-05-10T10:05:48.572+0000] {processor.py:830} INFO - Processing file /opt/airflow/dags/basic_processing.py for tasks to queue
[2024-05-10T10:05:48.572+0000] {logging_mixin.py:188} INFO - [2024-05-10T10:05:48.572+0000] {dagbag.py:540} INFO - Filling up the DagBag from /opt/airflow/dags/basic_processing.py
[2024-05-10T10:05:48.584+0000] {processor.py:840} INFO - DAG(s) 'file_process_dag' retrieved from /opt/airflow/dags/basic_processing.py
[2024-05-10T10:05:48.603+0000] {logging_mixin.py:188} INFO - [2024-05-10T10:05:48.603+0000] {dag.py:3096} INFO - Sync 1 DAGs
[2024-05-10T10:05:48.613+0000] {logging_mixin.py:188} INFO - [2024-05-10T10:05:48.613+0000] {dag.py:3954} INFO - Setting next_dagrun for file_process_dag to None, run_after=None
[2024-05-10T10:05:48.657+0000] {processor.py:183} INFO - Processing /opt/airflow/dags/basic_processing.py took 0.096 seconds
[2024-05-10T10:06:18.778+0000] {processor.py:161} INFO - Started process (PID=1567) to work on /opt/airflow/dags/basic_processing.py
[2024-05-10T10:06:18.779+0000] {processor.py:830} INFO - Processing file /opt/airflow/dags/basic_processing.py for tasks to queue
[2024-05-10T10:06:18.781+0000] {logging_mixin.py:188} INFO - [2024-05-10T10:06:18.780+0000] {dagbag.py:540} INFO - Filling up the DagBag from /opt/airflow/dags/basic_processing.py
[2024-05-10T10:06:18.795+0000] {processor.py:840} INFO - DAG(s) 'file_process_dag' retrieved from /opt/airflow/dags/basic_processing.py
[2024-05-10T10:06:18.816+0000] {logging_mixin.py:188} INFO - [2024-05-10T10:06:18.816+0000] {dag.py:3096} INFO - Sync 1 DAGs
[2024-05-10T10:06:18.826+0000] {logging_mixin.py:188} INFO - [2024-05-10T10:06:18.826+0000] {dag.py:3954} INFO - Setting next_dagrun for file_process_dag to None, run_after=None
[2024-05-10T10:06:18.848+0000] {processor.py:183} INFO - Processing /opt/airflow/dags/basic_processing.py took 0.088 seconds
[2024-05-10T10:06:49.037+0000] {processor.py:161} INFO - Started process (PID=1574) to work on /opt/airflow/dags/basic_processing.py
[2024-05-10T10:06:49.038+0000] {processor.py:830} INFO - Processing file /opt/airflow/dags/basic_processing.py for tasks to queue
[2024-05-10T10:06:49.039+0000] {logging_mixin.py:188} INFO - [2024-05-10T10:06:49.039+0000] {dagbag.py:540} INFO - Filling up the DagBag from /opt/airflow/dags/basic_processing.py
[2024-05-10T10:06:49.051+0000] {processor.py:840} INFO - DAG(s) 'file_process_dag' retrieved from /opt/airflow/dags/basic_processing.py
[2024-05-10T10:06:49.072+0000] {logging_mixin.py:188} INFO - [2024-05-10T10:06:49.072+0000] {dag.py:3096} INFO - Sync 1 DAGs
[2024-05-10T10:06:49.082+0000] {logging_mixin.py:188} INFO - [2024-05-10T10:06:49.082+0000] {dag.py:3954} INFO - Setting next_dagrun for file_process_dag to None, run_after=None
[2024-05-10T10:06:49.133+0000] {processor.py:183} INFO - Processing /opt/airflow/dags/basic_processing.py took 0.108 seconds
[2024-05-10T10:07:19.211+0000] {processor.py:161} INFO - Started process (PID=1581) to work on /opt/airflow/dags/basic_processing.py
[2024-05-10T10:07:19.212+0000] {processor.py:830} INFO - Processing file /opt/airflow/dags/basic_processing.py for tasks to queue
[2024-05-10T10:07:19.213+0000] {logging_mixin.py:188} INFO - [2024-05-10T10:07:19.213+0000] {dagbag.py:540} INFO - Filling up the DagBag from /opt/airflow/dags/basic_processing.py
[2024-05-10T10:07:19.221+0000] {processor.py:840} INFO - DAG(s) 'file_process_dag' retrieved from /opt/airflow/dags/basic_processing.py
[2024-05-10T10:07:19.240+0000] {logging_mixin.py:188} INFO - [2024-05-10T10:07:19.240+0000] {dag.py:3096} INFO - Sync 1 DAGs
[2024-05-10T10:07:19.251+0000] {logging_mixin.py:188} INFO - [2024-05-10T10:07:19.250+0000] {dag.py:3954} INFO - Setting next_dagrun for file_process_dag to None, run_after=None
[2024-05-10T10:07:19.270+0000] {processor.py:183} INFO - Processing /opt/airflow/dags/basic_processing.py took 0.064 seconds
[2024-05-10T10:07:49.418+0000] {processor.py:161} INFO - Started process (PID=1588) to work on /opt/airflow/dags/basic_processing.py
[2024-05-10T10:07:49.421+0000] {processor.py:830} INFO - Processing file /opt/airflow/dags/basic_processing.py for tasks to queue
[2024-05-10T10:07:49.423+0000] {logging_mixin.py:188} INFO - [2024-05-10T10:07:49.422+0000] {dagbag.py:540} INFO - Filling up the DagBag from /opt/airflow/dags/basic_processing.py
[2024-05-10T10:07:49.456+0000] {processor.py:840} INFO - DAG(s) 'file_process_dag' retrieved from /opt/airflow/dags/basic_processing.py
[2024-05-10T10:07:49.503+0000] {logging_mixin.py:188} INFO - [2024-05-10T10:07:49.503+0000] {dag.py:3096} INFO - Sync 1 DAGs
[2024-05-10T10:07:49.522+0000] {logging_mixin.py:188} INFO - [2024-05-10T10:07:49.522+0000] {dag.py:3954} INFO - Setting next_dagrun for file_process_dag to None, run_after=None
[2024-05-10T10:07:49.549+0000] {processor.py:183} INFO - Processing /opt/airflow/dags/basic_processing.py took 0.152 seconds
