[2024-05-10T10:39:31.906+0000] {local_task_job_runner.py:120} INFO - ::group::Pre task execution logs
[2024-05-10T10:39:31.924+0000] {taskinstance.py:2073} INFO - Dependencies all met for dep_context=non-requeueable deps ti=<TaskInstance: file_process_dag.copy_files_step manual__2024-05-10T10:39:30.658379+00:00 [queued]>
[2024-05-10T10:39:31.930+0000] {taskinstance.py:2073} INFO - Dependencies all met for dep_context=requeueable deps ti=<TaskInstance: file_process_dag.copy_files_step manual__2024-05-10T10:39:30.658379+00:00 [queued]>
[2024-05-10T10:39:31.931+0000] {taskinstance.py:2303} INFO - Starting attempt 1 of 1
[2024-05-10T10:39:31.946+0000] {taskinstance.py:2327} INFO - Executing <Task(PythonOperator): copy_files_step> on 2024-05-10 10:39:30.658379+00:00
[2024-05-10T10:39:31.951+0000] {warnings.py:110} WARNING - /home/***/.local/lib/python3.12/site-packages/***/task/task_runner/standard_task_runner.py:61: DeprecationWarning: This process (pid=1910) is multi-threaded, use of fork() may lead to deadlocks in the child.
  pid = os.fork()

[2024-05-10T10:39:31.952+0000] {standard_task_runner.py:63} INFO - Started process 1911 to run task
[2024-05-10T10:39:31.952+0000] {standard_task_runner.py:90} INFO - Running: ['***', 'tasks', 'run', 'file_process_dag', 'copy_files_step', 'manual__2024-05-10T10:39:30.658379+00:00', '--job-id', '39', '--raw', '--subdir', 'DAGS_FOLDER/basic_processing.py', '--cfg-path', '/tmp/tmpd11uavi5']
[2024-05-10T10:39:31.954+0000] {standard_task_runner.py:91} INFO - Job 39: Subtask copy_files_step
[2024-05-10T10:39:31.996+0000] {task_command.py:426} INFO - Running <TaskInstance: file_process_dag.copy_files_step manual__2024-05-10T10:39:30.658379+00:00 [running]> on host 24b77fb676b2
[2024-05-10T10:39:32.103+0000] {taskinstance.py:2644} INFO - Exporting env vars: AIRFLOW_CTX_DAG_OWNER='***' AIRFLOW_CTX_DAG_ID='file_process_dag' AIRFLOW_CTX_TASK_ID='copy_files_step' AIRFLOW_CTX_EXECUTION_DATE='2024-05-10T10:39:30.658379+00:00' AIRFLOW_CTX_TRY_NUMBER='1' AIRFLOW_CTX_DAG_RUN_ID='manual__2024-05-10T10:39:30.658379+00:00'
[2024-05-10T10:39:32.105+0000] {taskinstance.py:430} INFO - ::endgroup::
[2024-05-10T10:39:32.153+0000] {logging_mixin.py:188} INFO - Copy files
[2024-05-10T10:39:32.155+0000] {python.py:237} INFO - Done. Returned value was: None
[2024-05-10T10:39:32.158+0000] {taskinstance.py:441} INFO - ::group::Post task execution logs
[2024-05-10T10:39:32.193+0000] {taskinstance.py:1205} INFO - Marking task as SUCCESS. dag_id=file_process_dag, task_id=copy_files_step, execution_date=20240510T103930, start_date=20240510T103931, end_date=20240510T103932
[2024-05-10T10:39:32.286+0000] {local_task_job_runner.py:240} INFO - Task exited with return code 0
[2024-05-10T10:39:32.337+0000] {taskinstance.py:3482} INFO - 1 downstream tasks scheduled from follow-on schedule check
[2024-05-10T10:39:32.346+0000] {local_task_job_runner.py:222} INFO - ::endgroup::
