[2024-05-10T10:40:28.919+0000] {local_task_job_runner.py:120} INFO - ::group::Pre task execution logs
[2024-05-10T10:40:28.937+0000] {taskinstance.py:2073} INFO - Dependencies all met for dep_context=non-requeueable deps ti=<TaskInstance: file_process_dag.copy_files_step manual__2024-05-10T10:40:28.291903+00:00 [queued]>
[2024-05-10T10:40:28.944+0000] {taskinstance.py:2073} INFO - Dependencies all met for dep_context=requeueable deps ti=<TaskInstance: file_process_dag.copy_files_step manual__2024-05-10T10:40:28.291903+00:00 [queued]>
[2024-05-10T10:40:28.944+0000] {taskinstance.py:2303} INFO - Starting attempt 1 of 1
[2024-05-10T10:40:29.004+0000] {taskinstance.py:2327} INFO - Executing <Task(PythonOperator): copy_files_step> on 2024-05-10 10:40:28.291903+00:00
[2024-05-10T10:40:29.009+0000] {warnings.py:110} WARNING - /home/***/.local/lib/python3.12/site-packages/***/task/task_runner/standard_task_runner.py:61: DeprecationWarning: This process (pid=1928) is multi-threaded, use of fork() may lead to deadlocks in the child.
  pid = os.fork()

[2024-05-10T10:40:29.010+0000] {standard_task_runner.py:63} INFO - Started process 1929 to run task
[2024-05-10T10:40:29.013+0000] {standard_task_runner.py:90} INFO - Running: ['***', 'tasks', 'run', 'file_process_dag', 'copy_files_step', 'manual__2024-05-10T10:40:28.291903+00:00', '--job-id', '41', '--raw', '--subdir', 'DAGS_FOLDER/basic_processing.py', '--cfg-path', '/tmp/tmpkj9wu3p8']
[2024-05-10T10:40:29.015+0000] {standard_task_runner.py:91} INFO - Job 41: Subtask copy_files_step
[2024-05-10T10:40:29.064+0000] {task_command.py:426} INFO - Running <TaskInstance: file_process_dag.copy_files_step manual__2024-05-10T10:40:28.291903+00:00 [running]> on host 24b77fb676b2
[2024-05-10T10:40:29.166+0000] {taskinstance.py:2644} INFO - Exporting env vars: AIRFLOW_CTX_DAG_OWNER='***' AIRFLOW_CTX_DAG_ID='file_process_dag' AIRFLOW_CTX_TASK_ID='copy_files_step' AIRFLOW_CTX_EXECUTION_DATE='2024-05-10T10:40:28.291903+00:00' AIRFLOW_CTX_TRY_NUMBER='1' AIRFLOW_CTX_DAG_RUN_ID='manual__2024-05-10T10:40:28.291903+00:00'
[2024-05-10T10:40:29.167+0000] {taskinstance.py:430} INFO - ::endgroup::
[2024-05-10T10:40:29.180+0000] {logging_mixin.py:188} INFO - Copy files
[2024-05-10T10:40:29.180+0000] {python.py:237} INFO - Done. Returned value was: None
[2024-05-10T10:40:29.181+0000] {taskinstance.py:441} INFO - ::group::Post task execution logs
[2024-05-10T10:40:29.191+0000] {taskinstance.py:1205} INFO - Marking task as SUCCESS. dag_id=file_process_dag, task_id=copy_files_step, execution_date=20240510T104028, start_date=20240510T104028, end_date=20240510T104029
[2024-05-10T10:40:29.225+0000] {local_task_job_runner.py:240} INFO - Task exited with return code 0
[2024-05-10T10:40:29.247+0000] {taskinstance.py:3482} INFO - 1 downstream tasks scheduled from follow-on schedule check
[2024-05-10T10:40:29.260+0000] {local_task_job_runner.py:222} INFO - ::endgroup::
