[2024-05-10T07:22:24.522+0000] {processor.py:161} INFO - Started process (PID=61) to work on /home/airflow/.local/lib/python3.12/site-packages/airflow/example_dags/example_sla_dag.py
[2024-05-10T07:22:24.522+0000] {processor.py:830} INFO - Processing file /home/airflow/.local/lib/python3.12/site-packages/airflow/example_dags/example_sla_dag.py for tasks to queue
[2024-05-10T07:22:24.524+0000] {logging_mixin.py:188} INFO - [2024-05-10T07:22:24.523+0000] {dagbag.py:540} INFO - Filling up the DagBag from /home/airflow/.local/lib/python3.12/site-packages/airflow/example_dags/example_sla_dag.py
[2024-05-10T07:22:24.536+0000] {processor.py:840} INFO - DAG(s) 'example_sla_dag' retrieved from /home/airflow/.local/lib/python3.12/site-packages/airflow/example_dags/example_sla_dag.py
[2024-05-10T07:22:24.548+0000] {logging_mixin.py:188} INFO - [2024-05-10T07:22:24.548+0000] {dag.py:3096} INFO - Sync 1 DAGs
[2024-05-10T07:22:24.568+0000] {logging_mixin.py:188} INFO - [2024-05-10T07:22:24.568+0000] {dag.py:3954} INFO - Setting next_dagrun for example_sla_dag to 2024-05-10 07:20:00+00:00, run_after=2024-05-10 07:22:00+00:00
[2024-05-10T07:22:24.586+0000] {processor.py:183} INFO - Processing /home/airflow/.local/lib/python3.12/site-packages/airflow/example_dags/example_sla_dag.py took 0.070 seconds
[2024-05-10T07:22:56.128+0000] {processor.py:161} INFO - Started process (PID=119) to work on /home/airflow/.local/lib/python3.12/site-packages/airflow/example_dags/example_sla_dag.py
[2024-05-10T07:22:56.128+0000] {processor.py:830} INFO - Processing file /home/airflow/.local/lib/python3.12/site-packages/airflow/example_dags/example_sla_dag.py for tasks to queue
[2024-05-10T07:22:56.130+0000] {logging_mixin.py:188} INFO - [2024-05-10T07:22:56.129+0000] {dagbag.py:540} INFO - Filling up the DagBag from /home/airflow/.local/lib/python3.12/site-packages/airflow/example_dags/example_sla_dag.py
[2024-05-10T07:22:56.136+0000] {processor.py:840} INFO - DAG(s) 'example_sla_dag' retrieved from /home/airflow/.local/lib/python3.12/site-packages/airflow/example_dags/example_sla_dag.py
[2024-05-10T07:22:56.223+0000] {logging_mixin.py:188} INFO - [2024-05-10T07:22:56.223+0000] {dag.py:3096} INFO - Sync 1 DAGs
[2024-05-10T07:22:56.241+0000] {logging_mixin.py:188} INFO - [2024-05-10T07:22:56.241+0000] {dag.py:3954} INFO - Setting next_dagrun for example_sla_dag to 2024-05-10 07:20:00+00:00, run_after=2024-05-10 07:22:00+00:00
[2024-05-10T07:22:56.263+0000] {processor.py:183} INFO - Processing /home/airflow/.local/lib/python3.12/site-packages/airflow/example_dags/example_sla_dag.py took 0.140 seconds
[2024-05-10T07:23:26.367+0000] {processor.py:161} INFO - Started process (PID=177) to work on /home/airflow/.local/lib/python3.12/site-packages/airflow/example_dags/example_sla_dag.py
[2024-05-10T07:23:26.368+0000] {processor.py:830} INFO - Processing file /home/airflow/.local/lib/python3.12/site-packages/airflow/example_dags/example_sla_dag.py for tasks to queue
[2024-05-10T07:23:26.369+0000] {logging_mixin.py:188} INFO - [2024-05-10T07:23:26.369+0000] {dagbag.py:540} INFO - Filling up the DagBag from /home/airflow/.local/lib/python3.12/site-packages/airflow/example_dags/example_sla_dag.py
[2024-05-10T07:23:26.376+0000] {processor.py:840} INFO - DAG(s) 'example_sla_dag' retrieved from /home/airflow/.local/lib/python3.12/site-packages/airflow/example_dags/example_sla_dag.py
[2024-05-10T07:23:26.393+0000] {logging_mixin.py:188} INFO - [2024-05-10T07:23:26.393+0000] {dag.py:3096} INFO - Sync 1 DAGs
[2024-05-10T07:23:26.416+0000] {logging_mixin.py:188} INFO - [2024-05-10T07:23:26.416+0000] {dag.py:3954} INFO - Setting next_dagrun for example_sla_dag to 2024-05-10 07:20:00+00:00, run_after=2024-05-10 07:22:00+00:00
[2024-05-10T07:23:26.441+0000] {processor.py:183} INFO - Processing /home/airflow/.local/lib/python3.12/site-packages/airflow/example_dags/example_sla_dag.py took 0.081 seconds
[2024-05-10T07:23:56.949+0000] {processor.py:161} INFO - Started process (PID=235) to work on /home/airflow/.local/lib/python3.12/site-packages/airflow/example_dags/example_sla_dag.py
[2024-05-10T07:23:56.950+0000] {processor.py:830} INFO - Processing file /home/airflow/.local/lib/python3.12/site-packages/airflow/example_dags/example_sla_dag.py for tasks to queue
[2024-05-10T07:23:56.951+0000] {logging_mixin.py:188} INFO - [2024-05-10T07:23:56.951+0000] {dagbag.py:540} INFO - Filling up the DagBag from /home/airflow/.local/lib/python3.12/site-packages/airflow/example_dags/example_sla_dag.py
[2024-05-10T07:23:56.957+0000] {processor.py:840} INFO - DAG(s) 'example_sla_dag' retrieved from /home/airflow/.local/lib/python3.12/site-packages/airflow/example_dags/example_sla_dag.py
[2024-05-10T07:23:56.973+0000] {logging_mixin.py:188} INFO - [2024-05-10T07:23:56.972+0000] {dag.py:3096} INFO - Sync 1 DAGs
[2024-05-10T07:23:56.992+0000] {logging_mixin.py:188} INFO - [2024-05-10T07:23:56.992+0000] {dag.py:3954} INFO - Setting next_dagrun for example_sla_dag to 2024-05-10 07:20:00+00:00, run_after=2024-05-10 07:22:00+00:00
[2024-05-10T07:23:57.020+0000] {processor.py:183} INFO - Processing /home/airflow/.local/lib/python3.12/site-packages/airflow/example_dags/example_sla_dag.py took 0.076 seconds
[2024-05-10T07:24:27.570+0000] {processor.py:161} INFO - Started process (PID=292) to work on /home/airflow/.local/lib/python3.12/site-packages/airflow/example_dags/example_sla_dag.py
[2024-05-10T07:24:27.571+0000] {processor.py:830} INFO - Processing file /home/airflow/.local/lib/python3.12/site-packages/airflow/example_dags/example_sla_dag.py for tasks to queue
[2024-05-10T07:24:27.572+0000] {logging_mixin.py:188} INFO - [2024-05-10T07:24:27.572+0000] {dagbag.py:540} INFO - Filling up the DagBag from /home/airflow/.local/lib/python3.12/site-packages/airflow/example_dags/example_sla_dag.py
[2024-05-10T07:24:27.578+0000] {processor.py:840} INFO - DAG(s) 'example_sla_dag' retrieved from /home/airflow/.local/lib/python3.12/site-packages/airflow/example_dags/example_sla_dag.py
[2024-05-10T07:24:27.593+0000] {logging_mixin.py:188} INFO - [2024-05-10T07:24:27.593+0000] {dag.py:3096} INFO - Sync 1 DAGs
[2024-05-10T07:24:27.612+0000] {logging_mixin.py:188} INFO - [2024-05-10T07:24:27.612+0000] {dag.py:3954} INFO - Setting next_dagrun for example_sla_dag to 2024-05-10 07:22:00+00:00, run_after=2024-05-10 07:24:00+00:00
[2024-05-10T07:24:27.638+0000] {processor.py:183} INFO - Processing /home/airflow/.local/lib/python3.12/site-packages/airflow/example_dags/example_sla_dag.py took 0.073 seconds
[2024-05-10T07:24:58.092+0000] {processor.py:161} INFO - Started process (PID=350) to work on /home/airflow/.local/lib/python3.12/site-packages/airflow/example_dags/example_sla_dag.py
[2024-05-10T07:24:58.093+0000] {processor.py:830} INFO - Processing file /home/airflow/.local/lib/python3.12/site-packages/airflow/example_dags/example_sla_dag.py for tasks to queue
[2024-05-10T07:24:58.094+0000] {logging_mixin.py:188} INFO - [2024-05-10T07:24:58.094+0000] {dagbag.py:540} INFO - Filling up the DagBag from /home/airflow/.local/lib/python3.12/site-packages/airflow/example_dags/example_sla_dag.py
[2024-05-10T07:24:58.101+0000] {processor.py:840} INFO - DAG(s) 'example_sla_dag' retrieved from /home/airflow/.local/lib/python3.12/site-packages/airflow/example_dags/example_sla_dag.py
[2024-05-10T07:24:58.116+0000] {logging_mixin.py:188} INFO - [2024-05-10T07:24:58.116+0000] {dag.py:3096} INFO - Sync 1 DAGs
[2024-05-10T07:24:58.136+0000] {logging_mixin.py:188} INFO - [2024-05-10T07:24:58.136+0000] {dag.py:3954} INFO - Setting next_dagrun for example_sla_dag to 2024-05-10 07:22:00+00:00, run_after=2024-05-10 07:24:00+00:00
[2024-05-10T07:24:58.151+0000] {processor.py:183} INFO - Processing /home/airflow/.local/lib/python3.12/site-packages/airflow/example_dags/example_sla_dag.py took 0.064 seconds
[2024-05-10T07:25:28.791+0000] {processor.py:161} INFO - Started process (PID=408) to work on /home/airflow/.local/lib/python3.12/site-packages/airflow/example_dags/example_sla_dag.py
[2024-05-10T07:25:28.792+0000] {processor.py:830} INFO - Processing file /home/airflow/.local/lib/python3.12/site-packages/airflow/example_dags/example_sla_dag.py for tasks to queue
[2024-05-10T07:25:28.793+0000] {logging_mixin.py:188} INFO - [2024-05-10T07:25:28.793+0000] {dagbag.py:540} INFO - Filling up the DagBag from /home/airflow/.local/lib/python3.12/site-packages/airflow/example_dags/example_sla_dag.py
[2024-05-10T07:25:28.801+0000] {processor.py:840} INFO - DAG(s) 'example_sla_dag' retrieved from /home/airflow/.local/lib/python3.12/site-packages/airflow/example_dags/example_sla_dag.py
[2024-05-10T07:25:28.816+0000] {logging_mixin.py:188} INFO - [2024-05-10T07:25:28.816+0000] {dag.py:3096} INFO - Sync 1 DAGs
[2024-05-10T07:25:28.836+0000] {logging_mixin.py:188} INFO - [2024-05-10T07:25:28.836+0000] {dag.py:3954} INFO - Setting next_dagrun for example_sla_dag to 2024-05-10 07:22:00+00:00, run_after=2024-05-10 07:24:00+00:00
[2024-05-10T07:25:28.851+0000] {processor.py:183} INFO - Processing /home/airflow/.local/lib/python3.12/site-packages/airflow/example_dags/example_sla_dag.py took 0.064 seconds
[2024-05-10T07:25:59.781+0000] {processor.py:161} INFO - Started process (PID=466) to work on /home/airflow/.local/lib/python3.12/site-packages/airflow/example_dags/example_sla_dag.py
[2024-05-10T07:25:59.782+0000] {processor.py:830} INFO - Processing file /home/airflow/.local/lib/python3.12/site-packages/airflow/example_dags/example_sla_dag.py for tasks to queue
[2024-05-10T07:25:59.783+0000] {logging_mixin.py:188} INFO - [2024-05-10T07:25:59.783+0000] {dagbag.py:540} INFO - Filling up the DagBag from /home/airflow/.local/lib/python3.12/site-packages/airflow/example_dags/example_sla_dag.py
[2024-05-10T07:25:59.789+0000] {processor.py:840} INFO - DAG(s) 'example_sla_dag' retrieved from /home/airflow/.local/lib/python3.12/site-packages/airflow/example_dags/example_sla_dag.py
[2024-05-10T07:25:59.804+0000] {logging_mixin.py:188} INFO - [2024-05-10T07:25:59.804+0000] {dag.py:3096} INFO - Sync 1 DAGs
[2024-05-10T07:25:59.827+0000] {logging_mixin.py:188} INFO - [2024-05-10T07:25:59.827+0000] {dag.py:3954} INFO - Setting next_dagrun for example_sla_dag to 2024-05-10 07:22:00+00:00, run_after=2024-05-10 07:24:00+00:00
[2024-05-10T07:25:59.851+0000] {processor.py:183} INFO - Processing /home/airflow/.local/lib/python3.12/site-packages/airflow/example_dags/example_sla_dag.py took 0.075 seconds
[2024-05-10T07:26:30.259+0000] {processor.py:161} INFO - Started process (PID=524) to work on /home/airflow/.local/lib/python3.12/site-packages/airflow/example_dags/example_sla_dag.py
[2024-05-10T07:26:30.259+0000] {processor.py:830} INFO - Processing file /home/airflow/.local/lib/python3.12/site-packages/airflow/example_dags/example_sla_dag.py for tasks to queue
[2024-05-10T07:26:30.261+0000] {logging_mixin.py:188} INFO - [2024-05-10T07:26:30.260+0000] {dagbag.py:540} INFO - Filling up the DagBag from /home/airflow/.local/lib/python3.12/site-packages/airflow/example_dags/example_sla_dag.py
[2024-05-10T07:26:30.267+0000] {processor.py:840} INFO - DAG(s) 'example_sla_dag' retrieved from /home/airflow/.local/lib/python3.12/site-packages/airflow/example_dags/example_sla_dag.py
[2024-05-10T07:26:30.282+0000] {logging_mixin.py:188} INFO - [2024-05-10T07:26:30.282+0000] {dag.py:3096} INFO - Sync 1 DAGs
[2024-05-10T07:26:30.303+0000] {logging_mixin.py:188} INFO - [2024-05-10T07:26:30.302+0000] {dag.py:3954} INFO - Setting next_dagrun for example_sla_dag to 2024-05-10 07:24:00+00:00, run_after=2024-05-10 07:26:00+00:00
[2024-05-10T07:26:30.329+0000] {processor.py:183} INFO - Processing /home/airflow/.local/lib/python3.12/site-packages/airflow/example_dags/example_sla_dag.py took 0.075 seconds
[2024-05-10T07:27:00.828+0000] {processor.py:161} INFO - Started process (PID=582) to work on /home/airflow/.local/lib/python3.12/site-packages/airflow/example_dags/example_sla_dag.py
[2024-05-10T07:27:00.828+0000] {processor.py:830} INFO - Processing file /home/airflow/.local/lib/python3.12/site-packages/airflow/example_dags/example_sla_dag.py for tasks to queue
[2024-05-10T07:27:00.830+0000] {logging_mixin.py:188} INFO - [2024-05-10T07:27:00.829+0000] {dagbag.py:540} INFO - Filling up the DagBag from /home/airflow/.local/lib/python3.12/site-packages/airflow/example_dags/example_sla_dag.py
[2024-05-10T07:27:00.836+0000] {processor.py:840} INFO - DAG(s) 'example_sla_dag' retrieved from /home/airflow/.local/lib/python3.12/site-packages/airflow/example_dags/example_sla_dag.py
[2024-05-10T07:27:00.851+0000] {logging_mixin.py:188} INFO - [2024-05-10T07:27:00.851+0000] {dag.py:3096} INFO - Sync 1 DAGs
[2024-05-10T07:27:00.870+0000] {logging_mixin.py:188} INFO - [2024-05-10T07:27:00.870+0000] {dag.py:3954} INFO - Setting next_dagrun for example_sla_dag to 2024-05-10 07:24:00+00:00, run_after=2024-05-10 07:26:00+00:00
[2024-05-10T07:27:00.886+0000] {processor.py:183} INFO - Processing /home/airflow/.local/lib/python3.12/site-packages/airflow/example_dags/example_sla_dag.py took 0.063 seconds
[2024-05-10T07:27:31.371+0000] {processor.py:161} INFO - Started process (PID=640) to work on /home/airflow/.local/lib/python3.12/site-packages/airflow/example_dags/example_sla_dag.py
[2024-05-10T07:27:31.372+0000] {processor.py:830} INFO - Processing file /home/airflow/.local/lib/python3.12/site-packages/airflow/example_dags/example_sla_dag.py for tasks to queue
[2024-05-10T07:27:31.373+0000] {logging_mixin.py:188} INFO - [2024-05-10T07:27:31.373+0000] {dagbag.py:540} INFO - Filling up the DagBag from /home/airflow/.local/lib/python3.12/site-packages/airflow/example_dags/example_sla_dag.py
[2024-05-10T07:27:31.379+0000] {processor.py:840} INFO - DAG(s) 'example_sla_dag' retrieved from /home/airflow/.local/lib/python3.12/site-packages/airflow/example_dags/example_sla_dag.py
[2024-05-10T07:27:31.394+0000] {logging_mixin.py:188} INFO - [2024-05-10T07:27:31.394+0000] {dag.py:3096} INFO - Sync 1 DAGs
[2024-05-10T07:27:31.413+0000] {logging_mixin.py:188} INFO - [2024-05-10T07:27:31.413+0000] {dag.py:3954} INFO - Setting next_dagrun for example_sla_dag to 2024-05-10 07:24:00+00:00, run_after=2024-05-10 07:26:00+00:00
[2024-05-10T07:27:31.430+0000] {processor.py:183} INFO - Processing /home/airflow/.local/lib/python3.12/site-packages/airflow/example_dags/example_sla_dag.py took 0.064 seconds
[2024-05-10T07:28:02.542+0000] {processor.py:161} INFO - Started process (PID=698) to work on /home/airflow/.local/lib/python3.12/site-packages/airflow/example_dags/example_sla_dag.py
[2024-05-10T07:28:02.545+0000] {processor.py:830} INFO - Processing file /home/airflow/.local/lib/python3.12/site-packages/airflow/example_dags/example_sla_dag.py for tasks to queue
[2024-05-10T07:28:02.546+0000] {logging_mixin.py:188} INFO - [2024-05-10T07:28:02.546+0000] {dagbag.py:540} INFO - Filling up the DagBag from /home/airflow/.local/lib/python3.12/site-packages/airflow/example_dags/example_sla_dag.py
[2024-05-10T07:28:02.556+0000] {processor.py:840} INFO - DAG(s) 'example_sla_dag' retrieved from /home/airflow/.local/lib/python3.12/site-packages/airflow/example_dags/example_sla_dag.py
[2024-05-10T07:28:02.577+0000] {logging_mixin.py:188} INFO - [2024-05-10T07:28:02.577+0000] {dag.py:3096} INFO - Sync 1 DAGs
[2024-05-10T07:28:02.604+0000] {logging_mixin.py:188} INFO - [2024-05-10T07:28:02.603+0000] {dag.py:3954} INFO - Setting next_dagrun for example_sla_dag to 2024-05-10 07:26:00+00:00, run_after=2024-05-10 07:28:00+00:00
[2024-05-10T07:28:02.632+0000] {processor.py:183} INFO - Processing /home/airflow/.local/lib/python3.12/site-packages/airflow/example_dags/example_sla_dag.py took 0.096 seconds
[2024-05-10T07:28:33.517+0000] {processor.py:161} INFO - Started process (PID=756) to work on /home/airflow/.local/lib/python3.12/site-packages/airflow/example_dags/example_sla_dag.py
[2024-05-10T07:28:33.520+0000] {processor.py:830} INFO - Processing file /home/airflow/.local/lib/python3.12/site-packages/airflow/example_dags/example_sla_dag.py for tasks to queue
[2024-05-10T07:28:33.521+0000] {logging_mixin.py:188} INFO - [2024-05-10T07:28:33.521+0000] {dagbag.py:540} INFO - Filling up the DagBag from /home/airflow/.local/lib/python3.12/site-packages/airflow/example_dags/example_sla_dag.py
[2024-05-10T07:28:33.529+0000] {processor.py:840} INFO - DAG(s) 'example_sla_dag' retrieved from /home/airflow/.local/lib/python3.12/site-packages/airflow/example_dags/example_sla_dag.py
[2024-05-10T07:28:33.549+0000] {logging_mixin.py:188} INFO - [2024-05-10T07:28:33.549+0000] {dag.py:3096} INFO - Sync 1 DAGs
[2024-05-10T07:28:33.571+0000] {logging_mixin.py:188} INFO - [2024-05-10T07:28:33.570+0000] {dag.py:3954} INFO - Setting next_dagrun for example_sla_dag to 2024-05-10 07:26:00+00:00, run_after=2024-05-10 07:28:00+00:00
[2024-05-10T07:28:33.597+0000] {processor.py:183} INFO - Processing /home/airflow/.local/lib/python3.12/site-packages/airflow/example_dags/example_sla_dag.py took 0.089 seconds
[2024-05-10T07:29:03.839+0000] {processor.py:161} INFO - Started process (PID=814) to work on /home/airflow/.local/lib/python3.12/site-packages/airflow/example_dags/example_sla_dag.py
[2024-05-10T07:29:03.840+0000] {processor.py:830} INFO - Processing file /home/airflow/.local/lib/python3.12/site-packages/airflow/example_dags/example_sla_dag.py for tasks to queue
[2024-05-10T07:29:03.841+0000] {logging_mixin.py:188} INFO - [2024-05-10T07:29:03.841+0000] {dagbag.py:540} INFO - Filling up the DagBag from /home/airflow/.local/lib/python3.12/site-packages/airflow/example_dags/example_sla_dag.py
[2024-05-10T07:29:03.848+0000] {processor.py:840} INFO - DAG(s) 'example_sla_dag' retrieved from /home/airflow/.local/lib/python3.12/site-packages/airflow/example_dags/example_sla_dag.py
[2024-05-10T07:29:03.864+0000] {logging_mixin.py:188} INFO - [2024-05-10T07:29:03.864+0000] {dag.py:3096} INFO - Sync 1 DAGs
[2024-05-10T07:29:03.884+0000] {logging_mixin.py:188} INFO - [2024-05-10T07:29:03.884+0000] {dag.py:3954} INFO - Setting next_dagrun for example_sla_dag to 2024-05-10 07:26:00+00:00, run_after=2024-05-10 07:28:00+00:00
[2024-05-10T07:29:03.908+0000] {processor.py:183} INFO - Processing /home/airflow/.local/lib/python3.12/site-packages/airflow/example_dags/example_sla_dag.py took 0.073 seconds
[2024-05-10T07:29:34.171+0000] {processor.py:161} INFO - Started process (PID=872) to work on /home/airflow/.local/lib/python3.12/site-packages/airflow/example_dags/example_sla_dag.py
[2024-05-10T07:29:34.172+0000] {processor.py:830} INFO - Processing file /home/airflow/.local/lib/python3.12/site-packages/airflow/example_dags/example_sla_dag.py for tasks to queue
[2024-05-10T07:29:34.173+0000] {logging_mixin.py:188} INFO - [2024-05-10T07:29:34.173+0000] {dagbag.py:540} INFO - Filling up the DagBag from /home/airflow/.local/lib/python3.12/site-packages/airflow/example_dags/example_sla_dag.py
[2024-05-10T07:29:34.180+0000] {processor.py:840} INFO - DAG(s) 'example_sla_dag' retrieved from /home/airflow/.local/lib/python3.12/site-packages/airflow/example_dags/example_sla_dag.py
[2024-05-10T07:29:34.195+0000] {logging_mixin.py:188} INFO - [2024-05-10T07:29:34.195+0000] {dag.py:3096} INFO - Sync 1 DAGs
[2024-05-10T07:29:34.213+0000] {logging_mixin.py:188} INFO - [2024-05-10T07:29:34.213+0000] {dag.py:3954} INFO - Setting next_dagrun for example_sla_dag to 2024-05-10 07:26:00+00:00, run_after=2024-05-10 07:28:00+00:00
[2024-05-10T07:29:34.230+0000] {processor.py:183} INFO - Processing /home/airflow/.local/lib/python3.12/site-packages/airflow/example_dags/example_sla_dag.py took 0.063 seconds
[2024-05-10T07:30:04.837+0000] {processor.py:161} INFO - Started process (PID=930) to work on /home/airflow/.local/lib/python3.12/site-packages/airflow/example_dags/example_sla_dag.py
[2024-05-10T07:30:04.838+0000] {processor.py:830} INFO - Processing file /home/airflow/.local/lib/python3.12/site-packages/airflow/example_dags/example_sla_dag.py for tasks to queue
[2024-05-10T07:30:04.839+0000] {logging_mixin.py:188} INFO - [2024-05-10T07:30:04.839+0000] {dagbag.py:540} INFO - Filling up the DagBag from /home/airflow/.local/lib/python3.12/site-packages/airflow/example_dags/example_sla_dag.py
[2024-05-10T07:30:04.846+0000] {processor.py:840} INFO - DAG(s) 'example_sla_dag' retrieved from /home/airflow/.local/lib/python3.12/site-packages/airflow/example_dags/example_sla_dag.py
[2024-05-10T07:30:04.862+0000] {logging_mixin.py:188} INFO - [2024-05-10T07:30:04.861+0000] {dag.py:3096} INFO - Sync 1 DAGs
[2024-05-10T07:30:04.881+0000] {logging_mixin.py:188} INFO - [2024-05-10T07:30:04.880+0000] {dag.py:3954} INFO - Setting next_dagrun for example_sla_dag to 2024-05-10 07:28:00+00:00, run_after=2024-05-10 07:30:00+00:00
[2024-05-10T07:30:04.908+0000] {processor.py:183} INFO - Processing /home/airflow/.local/lib/python3.12/site-packages/airflow/example_dags/example_sla_dag.py took 0.075 seconds
[2024-05-10T07:30:35.543+0000] {processor.py:161} INFO - Started process (PID=989) to work on /home/airflow/.local/lib/python3.12/site-packages/airflow/example_dags/example_sla_dag.py
[2024-05-10T07:30:35.544+0000] {processor.py:830} INFO - Processing file /home/airflow/.local/lib/python3.12/site-packages/airflow/example_dags/example_sla_dag.py for tasks to queue
[2024-05-10T07:30:35.545+0000] {logging_mixin.py:188} INFO - [2024-05-10T07:30:35.545+0000] {dagbag.py:540} INFO - Filling up the DagBag from /home/airflow/.local/lib/python3.12/site-packages/airflow/example_dags/example_sla_dag.py
[2024-05-10T07:30:35.551+0000] {processor.py:840} INFO - DAG(s) 'example_sla_dag' retrieved from /home/airflow/.local/lib/python3.12/site-packages/airflow/example_dags/example_sla_dag.py
[2024-05-10T07:30:35.566+0000] {logging_mixin.py:188} INFO - [2024-05-10T07:30:35.566+0000] {dag.py:3096} INFO - Sync 1 DAGs
[2024-05-10T07:30:35.683+0000] {logging_mixin.py:188} INFO - [2024-05-10T07:30:35.683+0000] {dag.py:3954} INFO - Setting next_dagrun for example_sla_dag to 2024-05-10 07:28:00+00:00, run_after=2024-05-10 07:30:00+00:00
[2024-05-10T07:30:35.722+0000] {processor.py:183} INFO - Processing /home/airflow/.local/lib/python3.12/site-packages/airflow/example_dags/example_sla_dag.py took 0.183 seconds
[2024-05-10T07:31:06.660+0000] {processor.py:161} INFO - Started process (PID=1047) to work on /home/airflow/.local/lib/python3.12/site-packages/airflow/example_dags/example_sla_dag.py
[2024-05-10T07:31:06.661+0000] {processor.py:830} INFO - Processing file /home/airflow/.local/lib/python3.12/site-packages/airflow/example_dags/example_sla_dag.py for tasks to queue
[2024-05-10T07:31:06.662+0000] {logging_mixin.py:188} INFO - [2024-05-10T07:31:06.662+0000] {dagbag.py:540} INFO - Filling up the DagBag from /home/airflow/.local/lib/python3.12/site-packages/airflow/example_dags/example_sla_dag.py
[2024-05-10T07:31:06.669+0000] {processor.py:840} INFO - DAG(s) 'example_sla_dag' retrieved from /home/airflow/.local/lib/python3.12/site-packages/airflow/example_dags/example_sla_dag.py
[2024-05-10T07:31:06.684+0000] {logging_mixin.py:188} INFO - [2024-05-10T07:31:06.684+0000] {dag.py:3096} INFO - Sync 1 DAGs
[2024-05-10T07:31:06.703+0000] {logging_mixin.py:188} INFO - [2024-05-10T07:31:06.703+0000] {dag.py:3954} INFO - Setting next_dagrun for example_sla_dag to 2024-05-10 07:28:00+00:00, run_after=2024-05-10 07:30:00+00:00
[2024-05-10T07:31:06.829+0000] {processor.py:183} INFO - Processing /home/airflow/.local/lib/python3.12/site-packages/airflow/example_dags/example_sla_dag.py took 0.173 seconds
[2024-05-10T07:31:37.699+0000] {processor.py:161} INFO - Started process (PID=1105) to work on /home/airflow/.local/lib/python3.12/site-packages/airflow/example_dags/example_sla_dag.py
[2024-05-10T07:31:37.701+0000] {processor.py:830} INFO - Processing file /home/airflow/.local/lib/python3.12/site-packages/airflow/example_dags/example_sla_dag.py for tasks to queue
[2024-05-10T07:31:37.703+0000] {logging_mixin.py:188} INFO - [2024-05-10T07:31:37.703+0000] {dagbag.py:540} INFO - Filling up the DagBag from /home/airflow/.local/lib/python3.12/site-packages/airflow/example_dags/example_sla_dag.py
[2024-05-10T07:31:37.714+0000] {processor.py:840} INFO - DAG(s) 'example_sla_dag' retrieved from /home/airflow/.local/lib/python3.12/site-packages/airflow/example_dags/example_sla_dag.py
[2024-05-10T07:31:37.731+0000] {logging_mixin.py:188} INFO - [2024-05-10T07:31:37.730+0000] {dag.py:3096} INFO - Sync 1 DAGs
[2024-05-10T07:31:37.750+0000] {logging_mixin.py:188} INFO - [2024-05-10T07:31:37.750+0000] {dag.py:3954} INFO - Setting next_dagrun for example_sla_dag to 2024-05-10 07:28:00+00:00, run_after=2024-05-10 07:30:00+00:00
[2024-05-10T07:31:37.773+0000] {processor.py:183} INFO - Processing /home/airflow/.local/lib/python3.12/site-packages/airflow/example_dags/example_sla_dag.py took 0.085 seconds
[2024-05-10T07:32:08.602+0000] {processor.py:161} INFO - Started process (PID=1163) to work on /home/airflow/.local/lib/python3.12/site-packages/airflow/example_dags/example_sla_dag.py
[2024-05-10T07:32:08.604+0000] {processor.py:830} INFO - Processing file /home/airflow/.local/lib/python3.12/site-packages/airflow/example_dags/example_sla_dag.py for tasks to queue
[2024-05-10T07:32:08.606+0000] {logging_mixin.py:188} INFO - [2024-05-10T07:32:08.606+0000] {dagbag.py:540} INFO - Filling up the DagBag from /home/airflow/.local/lib/python3.12/site-packages/airflow/example_dags/example_sla_dag.py
[2024-05-10T07:32:08.616+0000] {processor.py:840} INFO - DAG(s) 'example_sla_dag' retrieved from /home/airflow/.local/lib/python3.12/site-packages/airflow/example_dags/example_sla_dag.py
[2024-05-10T07:32:08.656+0000] {logging_mixin.py:188} INFO - [2024-05-10T07:32:08.653+0000] {dag.py:3096} INFO - Sync 1 DAGs
[2024-05-10T07:32:08.677+0000] {logging_mixin.py:188} INFO - [2024-05-10T07:32:08.677+0000] {dag.py:3954} INFO - Setting next_dagrun for example_sla_dag to 2024-05-10 07:30:00+00:00, run_after=2024-05-10 07:32:00+00:00
[2024-05-10T07:32:08.697+0000] {processor.py:183} INFO - Processing /home/airflow/.local/lib/python3.12/site-packages/airflow/example_dags/example_sla_dag.py took 0.107 seconds
[2024-05-10T07:32:39.124+0000] {processor.py:161} INFO - Started process (PID=1227) to work on /home/airflow/.local/lib/python3.12/site-packages/airflow/example_dags/example_sla_dag.py
[2024-05-10T07:32:39.125+0000] {processor.py:830} INFO - Processing file /home/airflow/.local/lib/python3.12/site-packages/airflow/example_dags/example_sla_dag.py for tasks to queue
[2024-05-10T07:32:39.127+0000] {logging_mixin.py:188} INFO - [2024-05-10T07:32:39.127+0000] {dagbag.py:540} INFO - Filling up the DagBag from /home/airflow/.local/lib/python3.12/site-packages/airflow/example_dags/example_sla_dag.py
[2024-05-10T07:32:39.138+0000] {processor.py:840} INFO - DAG(s) 'example_sla_dag' retrieved from /home/airflow/.local/lib/python3.12/site-packages/airflow/example_dags/example_sla_dag.py
[2024-05-10T07:32:39.155+0000] {logging_mixin.py:188} INFO - [2024-05-10T07:32:39.155+0000] {dag.py:3096} INFO - Sync 1 DAGs
[2024-05-10T07:32:39.174+0000] {logging_mixin.py:188} INFO - [2024-05-10T07:32:39.174+0000] {dag.py:3954} INFO - Setting next_dagrun for example_sla_dag to 2024-05-10 07:30:00+00:00, run_after=2024-05-10 07:32:00+00:00
[2024-05-10T07:32:39.197+0000] {processor.py:183} INFO - Processing /home/airflow/.local/lib/python3.12/site-packages/airflow/example_dags/example_sla_dag.py took 0.084 seconds
[2024-05-10T07:33:09.971+0000] {processor.py:161} INFO - Started process (PID=1287) to work on /home/airflow/.local/lib/python3.12/site-packages/airflow/example_dags/example_sla_dag.py
[2024-05-10T07:33:09.973+0000] {processor.py:830} INFO - Processing file /home/airflow/.local/lib/python3.12/site-packages/airflow/example_dags/example_sla_dag.py for tasks to queue
[2024-05-10T07:33:09.976+0000] {logging_mixin.py:188} INFO - [2024-05-10T07:33:09.975+0000] {dagbag.py:540} INFO - Filling up the DagBag from /home/airflow/.local/lib/python3.12/site-packages/airflow/example_dags/example_sla_dag.py
[2024-05-10T07:33:09.985+0000] {processor.py:840} INFO - DAG(s) 'example_sla_dag' retrieved from /home/airflow/.local/lib/python3.12/site-packages/airflow/example_dags/example_sla_dag.py
[2024-05-10T07:33:10.002+0000] {logging_mixin.py:188} INFO - [2024-05-10T07:33:10.002+0000] {dag.py:3096} INFO - Sync 1 DAGs
[2024-05-10T07:33:10.023+0000] {logging_mixin.py:188} INFO - [2024-05-10T07:33:10.022+0000] {dag.py:3954} INFO - Setting next_dagrun for example_sla_dag to 2024-05-10 07:30:00+00:00, run_after=2024-05-10 07:32:00+00:00
[2024-05-10T07:33:10.042+0000] {processor.py:183} INFO - Processing /home/airflow/.local/lib/python3.12/site-packages/airflow/example_dags/example_sla_dag.py took 0.085 seconds
[2024-05-10T07:33:40.457+0000] {processor.py:161} INFO - Started process (PID=1346) to work on /home/airflow/.local/lib/python3.12/site-packages/airflow/example_dags/example_sla_dag.py
[2024-05-10T07:33:40.457+0000] {processor.py:830} INFO - Processing file /home/airflow/.local/lib/python3.12/site-packages/airflow/example_dags/example_sla_dag.py for tasks to queue
[2024-05-10T07:33:40.459+0000] {logging_mixin.py:188} INFO - [2024-05-10T07:33:40.459+0000] {dagbag.py:540} INFO - Filling up the DagBag from /home/airflow/.local/lib/python3.12/site-packages/airflow/example_dags/example_sla_dag.py
[2024-05-10T07:33:40.467+0000] {processor.py:840} INFO - DAG(s) 'example_sla_dag' retrieved from /home/airflow/.local/lib/python3.12/site-packages/airflow/example_dags/example_sla_dag.py
[2024-05-10T07:33:40.485+0000] {logging_mixin.py:188} INFO - [2024-05-10T07:33:40.485+0000] {dag.py:3096} INFO - Sync 1 DAGs
[2024-05-10T07:33:40.506+0000] {logging_mixin.py:188} INFO - [2024-05-10T07:33:40.506+0000] {dag.py:3954} INFO - Setting next_dagrun for example_sla_dag to 2024-05-10 07:30:00+00:00, run_after=2024-05-10 07:32:00+00:00
[2024-05-10T07:33:40.530+0000] {processor.py:183} INFO - Processing /home/airflow/.local/lib/python3.12/site-packages/airflow/example_dags/example_sla_dag.py took 0.078 seconds
[2024-05-10T07:34:11.171+0000] {processor.py:161} INFO - Started process (PID=1406) to work on /home/airflow/.local/lib/python3.12/site-packages/airflow/example_dags/example_sla_dag.py
[2024-05-10T07:34:11.173+0000] {processor.py:830} INFO - Processing file /home/airflow/.local/lib/python3.12/site-packages/airflow/example_dags/example_sla_dag.py for tasks to queue
[2024-05-10T07:34:11.175+0000] {logging_mixin.py:188} INFO - [2024-05-10T07:34:11.174+0000] {dagbag.py:540} INFO - Filling up the DagBag from /home/airflow/.local/lib/python3.12/site-packages/airflow/example_dags/example_sla_dag.py
[2024-05-10T07:34:11.182+0000] {processor.py:840} INFO - DAG(s) 'example_sla_dag' retrieved from /home/airflow/.local/lib/python3.12/site-packages/airflow/example_dags/example_sla_dag.py
[2024-05-10T07:34:11.201+0000] {logging_mixin.py:188} INFO - [2024-05-10T07:34:11.201+0000] {dag.py:3096} INFO - Sync 1 DAGs
[2024-05-10T07:34:11.223+0000] {logging_mixin.py:188} INFO - [2024-05-10T07:34:11.223+0000] {dag.py:3954} INFO - Setting next_dagrun for example_sla_dag to 2024-05-10 07:32:00+00:00, run_after=2024-05-10 07:34:00+00:00
[2024-05-10T07:34:11.263+0000] {processor.py:183} INFO - Processing /home/airflow/.local/lib/python3.12/site-packages/airflow/example_dags/example_sla_dag.py took 0.098 seconds
[2024-05-10T07:34:41.850+0000] {processor.py:161} INFO - Started process (PID=1465) to work on /home/airflow/.local/lib/python3.12/site-packages/airflow/example_dags/example_sla_dag.py
[2024-05-10T07:34:41.851+0000] {processor.py:830} INFO - Processing file /home/airflow/.local/lib/python3.12/site-packages/airflow/example_dags/example_sla_dag.py for tasks to queue
[2024-05-10T07:34:41.854+0000] {logging_mixin.py:188} INFO - [2024-05-10T07:34:41.853+0000] {dagbag.py:540} INFO - Filling up the DagBag from /home/airflow/.local/lib/python3.12/site-packages/airflow/example_dags/example_sla_dag.py
[2024-05-10T07:34:41.863+0000] {processor.py:840} INFO - DAG(s) 'example_sla_dag' retrieved from /home/airflow/.local/lib/python3.12/site-packages/airflow/example_dags/example_sla_dag.py
[2024-05-10T07:34:41.880+0000] {logging_mixin.py:188} INFO - [2024-05-10T07:34:41.880+0000] {dag.py:3096} INFO - Sync 1 DAGs
[2024-05-10T07:34:41.900+0000] {logging_mixin.py:188} INFO - [2024-05-10T07:34:41.899+0000] {dag.py:3954} INFO - Setting next_dagrun for example_sla_dag to 2024-05-10 07:32:00+00:00, run_after=2024-05-10 07:34:00+00:00
[2024-05-10T07:34:41.929+0000] {processor.py:183} INFO - Processing /home/airflow/.local/lib/python3.12/site-packages/airflow/example_dags/example_sla_dag.py took 0.091 seconds
[2024-05-10T07:35:12.534+0000] {processor.py:161} INFO - Started process (PID=1524) to work on /home/airflow/.local/lib/python3.12/site-packages/airflow/example_dags/example_sla_dag.py
[2024-05-10T07:35:12.536+0000] {processor.py:830} INFO - Processing file /home/airflow/.local/lib/python3.12/site-packages/airflow/example_dags/example_sla_dag.py for tasks to queue
[2024-05-10T07:35:12.538+0000] {logging_mixin.py:188} INFO - [2024-05-10T07:35:12.537+0000] {dagbag.py:540} INFO - Filling up the DagBag from /home/airflow/.local/lib/python3.12/site-packages/airflow/example_dags/example_sla_dag.py
[2024-05-10T07:35:12.547+0000] {processor.py:840} INFO - DAG(s) 'example_sla_dag' retrieved from /home/airflow/.local/lib/python3.12/site-packages/airflow/example_dags/example_sla_dag.py
[2024-05-10T07:35:12.563+0000] {logging_mixin.py:188} INFO - [2024-05-10T07:35:12.563+0000] {dag.py:3096} INFO - Sync 1 DAGs
[2024-05-10T07:35:12.584+0000] {logging_mixin.py:188} INFO - [2024-05-10T07:35:12.584+0000] {dag.py:3954} INFO - Setting next_dagrun for example_sla_dag to 2024-05-10 07:32:00+00:00, run_after=2024-05-10 07:34:00+00:00
[2024-05-10T07:35:12.618+0000] {processor.py:183} INFO - Processing /home/airflow/.local/lib/python3.12/site-packages/airflow/example_dags/example_sla_dag.py took 0.095 seconds
[2024-05-10T07:35:43.488+0000] {processor.py:161} INFO - Started process (PID=1583) to work on /home/airflow/.local/lib/python3.12/site-packages/airflow/example_dags/example_sla_dag.py
[2024-05-10T07:35:43.490+0000] {processor.py:830} INFO - Processing file /home/airflow/.local/lib/python3.12/site-packages/airflow/example_dags/example_sla_dag.py for tasks to queue
[2024-05-10T07:35:43.493+0000] {logging_mixin.py:188} INFO - [2024-05-10T07:35:43.492+0000] {dagbag.py:540} INFO - Filling up the DagBag from /home/airflow/.local/lib/python3.12/site-packages/airflow/example_dags/example_sla_dag.py
[2024-05-10T07:35:43.503+0000] {processor.py:840} INFO - DAG(s) 'example_sla_dag' retrieved from /home/airflow/.local/lib/python3.12/site-packages/airflow/example_dags/example_sla_dag.py
[2024-05-10T07:35:43.520+0000] {logging_mixin.py:188} INFO - [2024-05-10T07:35:43.520+0000] {dag.py:3096} INFO - Sync 1 DAGs
[2024-05-10T07:35:43.541+0000] {logging_mixin.py:188} INFO - [2024-05-10T07:35:43.540+0000] {dag.py:3954} INFO - Setting next_dagrun for example_sla_dag to 2024-05-10 07:32:00+00:00, run_after=2024-05-10 07:34:00+00:00
[2024-05-10T07:35:43.565+0000] {processor.py:183} INFO - Processing /home/airflow/.local/lib/python3.12/site-packages/airflow/example_dags/example_sla_dag.py took 0.088 seconds
[2024-05-10T07:36:13.845+0000] {processor.py:161} INFO - Started process (PID=1642) to work on /home/airflow/.local/lib/python3.12/site-packages/airflow/example_dags/example_sla_dag.py
[2024-05-10T07:36:13.847+0000] {processor.py:830} INFO - Processing file /home/airflow/.local/lib/python3.12/site-packages/airflow/example_dags/example_sla_dag.py for tasks to queue
[2024-05-10T07:36:13.849+0000] {logging_mixin.py:188} INFO - [2024-05-10T07:36:13.849+0000] {dagbag.py:540} INFO - Filling up the DagBag from /home/airflow/.local/lib/python3.12/site-packages/airflow/example_dags/example_sla_dag.py
[2024-05-10T07:36:13.858+0000] {processor.py:840} INFO - DAG(s) 'example_sla_dag' retrieved from /home/airflow/.local/lib/python3.12/site-packages/airflow/example_dags/example_sla_dag.py
[2024-05-10T07:36:13.875+0000] {logging_mixin.py:188} INFO - [2024-05-10T07:36:13.875+0000] {dag.py:3096} INFO - Sync 1 DAGs
[2024-05-10T07:36:13.895+0000] {logging_mixin.py:188} INFO - [2024-05-10T07:36:13.895+0000] {dag.py:3954} INFO - Setting next_dagrun for example_sla_dag to 2024-05-10 07:34:00+00:00, run_after=2024-05-10 07:36:00+00:00
[2024-05-10T07:36:13.918+0000] {processor.py:183} INFO - Processing /home/airflow/.local/lib/python3.12/site-packages/airflow/example_dags/example_sla_dag.py took 0.083 seconds
[2024-05-10T07:36:44.024+0000] {processor.py:161} INFO - Started process (PID=1700) to work on /home/airflow/.local/lib/python3.12/site-packages/airflow/example_dags/example_sla_dag.py
[2024-05-10T07:36:44.024+0000] {processor.py:830} INFO - Processing file /home/airflow/.local/lib/python3.12/site-packages/airflow/example_dags/example_sla_dag.py for tasks to queue
[2024-05-10T07:36:44.025+0000] {logging_mixin.py:188} INFO - [2024-05-10T07:36:44.025+0000] {dagbag.py:540} INFO - Filling up the DagBag from /home/airflow/.local/lib/python3.12/site-packages/airflow/example_dags/example_sla_dag.py
[2024-05-10T07:36:44.032+0000] {processor.py:840} INFO - DAG(s) 'example_sla_dag' retrieved from /home/airflow/.local/lib/python3.12/site-packages/airflow/example_dags/example_sla_dag.py
[2024-05-10T07:36:44.048+0000] {logging_mixin.py:188} INFO - [2024-05-10T07:36:44.048+0000] {dag.py:3096} INFO - Sync 1 DAGs
[2024-05-10T07:36:44.069+0000] {logging_mixin.py:188} INFO - [2024-05-10T07:36:44.068+0000] {dag.py:3954} INFO - Setting next_dagrun for example_sla_dag to 2024-05-10 07:34:00+00:00, run_after=2024-05-10 07:36:00+00:00
[2024-05-10T07:36:44.111+0000] {processor.py:183} INFO - Processing /home/airflow/.local/lib/python3.12/site-packages/airflow/example_dags/example_sla_dag.py took 0.093 seconds
[2024-05-10T07:37:15.033+0000] {processor.py:161} INFO - Started process (PID=1759) to work on /home/airflow/.local/lib/python3.12/site-packages/airflow/example_dags/example_sla_dag.py
[2024-05-10T07:37:15.034+0000] {processor.py:830} INFO - Processing file /home/airflow/.local/lib/python3.12/site-packages/airflow/example_dags/example_sla_dag.py for tasks to queue
[2024-05-10T07:37:15.035+0000] {logging_mixin.py:188} INFO - [2024-05-10T07:37:15.035+0000] {dagbag.py:540} INFO - Filling up the DagBag from /home/airflow/.local/lib/python3.12/site-packages/airflow/example_dags/example_sla_dag.py
[2024-05-10T07:37:15.043+0000] {processor.py:840} INFO - DAG(s) 'example_sla_dag' retrieved from /home/airflow/.local/lib/python3.12/site-packages/airflow/example_dags/example_sla_dag.py
[2024-05-10T07:37:15.062+0000] {logging_mixin.py:188} INFO - [2024-05-10T07:37:15.062+0000] {dag.py:3096} INFO - Sync 1 DAGs
[2024-05-10T07:37:15.086+0000] {logging_mixin.py:188} INFO - [2024-05-10T07:37:15.086+0000] {dag.py:3954} INFO - Setting next_dagrun for example_sla_dag to 2024-05-10 07:34:00+00:00, run_after=2024-05-10 07:36:00+00:00
[2024-05-10T07:37:15.110+0000] {processor.py:183} INFO - Processing /home/airflow/.local/lib/python3.12/site-packages/airflow/example_dags/example_sla_dag.py took 0.082 seconds
[2024-05-10T07:37:45.257+0000] {processor.py:161} INFO - Started process (PID=1818) to work on /home/airflow/.local/lib/python3.12/site-packages/airflow/example_dags/example_sla_dag.py
[2024-05-10T07:37:45.259+0000] {processor.py:830} INFO - Processing file /home/airflow/.local/lib/python3.12/site-packages/airflow/example_dags/example_sla_dag.py for tasks to queue
[2024-05-10T07:37:45.262+0000] {logging_mixin.py:188} INFO - [2024-05-10T07:37:45.261+0000] {dagbag.py:540} INFO - Filling up the DagBag from /home/airflow/.local/lib/python3.12/site-packages/airflow/example_dags/example_sla_dag.py
[2024-05-10T07:37:45.273+0000] {processor.py:840} INFO - DAG(s) 'example_sla_dag' retrieved from /home/airflow/.local/lib/python3.12/site-packages/airflow/example_dags/example_sla_dag.py
[2024-05-10T07:37:45.291+0000] {logging_mixin.py:188} INFO - [2024-05-10T07:37:45.290+0000] {dag.py:3096} INFO - Sync 1 DAGs
[2024-05-10T07:37:45.311+0000] {logging_mixin.py:188} INFO - [2024-05-10T07:37:45.311+0000] {dag.py:3954} INFO - Setting next_dagrun for example_sla_dag to 2024-05-10 07:34:00+00:00, run_after=2024-05-10 07:36:00+00:00
[2024-05-10T07:37:45.330+0000] {processor.py:183} INFO - Processing /home/airflow/.local/lib/python3.12/site-packages/airflow/example_dags/example_sla_dag.py took 0.087 seconds
[2024-05-10T07:38:15.900+0000] {processor.py:161} INFO - Started process (PID=1877) to work on /home/airflow/.local/lib/python3.12/site-packages/airflow/example_dags/example_sla_dag.py
[2024-05-10T07:38:15.900+0000] {processor.py:830} INFO - Processing file /home/airflow/.local/lib/python3.12/site-packages/airflow/example_dags/example_sla_dag.py for tasks to queue
[2024-05-10T07:38:15.902+0000] {logging_mixin.py:188} INFO - [2024-05-10T07:38:15.901+0000] {dagbag.py:540} INFO - Filling up the DagBag from /home/airflow/.local/lib/python3.12/site-packages/airflow/example_dags/example_sla_dag.py
[2024-05-10T07:38:15.909+0000] {processor.py:840} INFO - DAG(s) 'example_sla_dag' retrieved from /home/airflow/.local/lib/python3.12/site-packages/airflow/example_dags/example_sla_dag.py
[2024-05-10T07:38:15.927+0000] {logging_mixin.py:188} INFO - [2024-05-10T07:38:15.927+0000] {dag.py:3096} INFO - Sync 1 DAGs
[2024-05-10T07:38:15.948+0000] {logging_mixin.py:188} INFO - [2024-05-10T07:38:15.947+0000] {dag.py:3954} INFO - Setting next_dagrun for example_sla_dag to 2024-05-10 07:36:00+00:00, run_after=2024-05-10 07:38:00+00:00
[2024-05-10T07:38:15.987+0000] {processor.py:183} INFO - Processing /home/airflow/.local/lib/python3.12/site-packages/airflow/example_dags/example_sla_dag.py took 0.092 seconds
[2024-05-10T07:38:46.650+0000] {processor.py:161} INFO - Started process (PID=1935) to work on /home/airflow/.local/lib/python3.12/site-packages/airflow/example_dags/example_sla_dag.py
[2024-05-10T07:38:46.653+0000] {processor.py:830} INFO - Processing file /home/airflow/.local/lib/python3.12/site-packages/airflow/example_dags/example_sla_dag.py for tasks to queue
[2024-05-10T07:38:46.656+0000] {logging_mixin.py:188} INFO - [2024-05-10T07:38:46.655+0000] {dagbag.py:540} INFO - Filling up the DagBag from /home/airflow/.local/lib/python3.12/site-packages/airflow/example_dags/example_sla_dag.py
[2024-05-10T07:38:46.666+0000] {processor.py:840} INFO - DAG(s) 'example_sla_dag' retrieved from /home/airflow/.local/lib/python3.12/site-packages/airflow/example_dags/example_sla_dag.py
[2024-05-10T07:38:46.684+0000] {logging_mixin.py:188} INFO - [2024-05-10T07:38:46.683+0000] {dag.py:3096} INFO - Sync 1 DAGs
[2024-05-10T07:38:46.704+0000] {logging_mixin.py:188} INFO - [2024-05-10T07:38:46.704+0000] {dag.py:3954} INFO - Setting next_dagrun for example_sla_dag to 2024-05-10 07:36:00+00:00, run_after=2024-05-10 07:38:00+00:00
[2024-05-10T07:38:46.730+0000] {processor.py:183} INFO - Processing /home/airflow/.local/lib/python3.12/site-packages/airflow/example_dags/example_sla_dag.py took 0.092 seconds
[2024-05-10T07:39:17.392+0000] {processor.py:161} INFO - Started process (PID=1994) to work on /home/airflow/.local/lib/python3.12/site-packages/airflow/example_dags/example_sla_dag.py
[2024-05-10T07:39:17.393+0000] {processor.py:830} INFO - Processing file /home/airflow/.local/lib/python3.12/site-packages/airflow/example_dags/example_sla_dag.py for tasks to queue
[2024-05-10T07:39:17.396+0000] {logging_mixin.py:188} INFO - [2024-05-10T07:39:17.395+0000] {dagbag.py:540} INFO - Filling up the DagBag from /home/airflow/.local/lib/python3.12/site-packages/airflow/example_dags/example_sla_dag.py
[2024-05-10T07:39:17.405+0000] {processor.py:840} INFO - DAG(s) 'example_sla_dag' retrieved from /home/airflow/.local/lib/python3.12/site-packages/airflow/example_dags/example_sla_dag.py
[2024-05-10T07:39:17.427+0000] {logging_mixin.py:188} INFO - [2024-05-10T07:39:17.426+0000] {dag.py:3096} INFO - Sync 1 DAGs
[2024-05-10T07:39:17.446+0000] {logging_mixin.py:188} INFO - [2024-05-10T07:39:17.446+0000] {dag.py:3954} INFO - Setting next_dagrun for example_sla_dag to 2024-05-10 07:36:00+00:00, run_after=2024-05-10 07:38:00+00:00
[2024-05-10T07:39:17.471+0000] {processor.py:183} INFO - Processing /home/airflow/.local/lib/python3.12/site-packages/airflow/example_dags/example_sla_dag.py took 0.090 seconds
[2024-05-10T07:39:47.752+0000] {processor.py:161} INFO - Started process (PID=2052) to work on /home/airflow/.local/lib/python3.12/site-packages/airflow/example_dags/example_sla_dag.py
[2024-05-10T07:39:47.753+0000] {processor.py:830} INFO - Processing file /home/airflow/.local/lib/python3.12/site-packages/airflow/example_dags/example_sla_dag.py for tasks to queue
[2024-05-10T07:39:47.756+0000] {logging_mixin.py:188} INFO - [2024-05-10T07:39:47.755+0000] {dagbag.py:540} INFO - Filling up the DagBag from /home/airflow/.local/lib/python3.12/site-packages/airflow/example_dags/example_sla_dag.py
[2024-05-10T07:39:47.767+0000] {processor.py:840} INFO - DAG(s) 'example_sla_dag' retrieved from /home/airflow/.local/lib/python3.12/site-packages/airflow/example_dags/example_sla_dag.py
[2024-05-10T07:39:47.784+0000] {logging_mixin.py:188} INFO - [2024-05-10T07:39:47.784+0000] {dag.py:3096} INFO - Sync 1 DAGs
[2024-05-10T07:39:47.806+0000] {logging_mixin.py:188} INFO - [2024-05-10T07:39:47.806+0000] {dag.py:3954} INFO - Setting next_dagrun for example_sla_dag to 2024-05-10 07:36:00+00:00, run_after=2024-05-10 07:38:00+00:00
[2024-05-10T07:39:47.844+0000] {processor.py:183} INFO - Processing /home/airflow/.local/lib/python3.12/site-packages/airflow/example_dags/example_sla_dag.py took 0.101 seconds
[2024-05-10T07:40:18.771+0000] {processor.py:161} INFO - Started process (PID=2111) to work on /home/airflow/.local/lib/python3.12/site-packages/airflow/example_dags/example_sla_dag.py
[2024-05-10T07:40:18.773+0000] {processor.py:830} INFO - Processing file /home/airflow/.local/lib/python3.12/site-packages/airflow/example_dags/example_sla_dag.py for tasks to queue
[2024-05-10T07:40:18.776+0000] {logging_mixin.py:188} INFO - [2024-05-10T07:40:18.775+0000] {dagbag.py:540} INFO - Filling up the DagBag from /home/airflow/.local/lib/python3.12/site-packages/airflow/example_dags/example_sla_dag.py
[2024-05-10T07:40:18.787+0000] {processor.py:840} INFO - DAG(s) 'example_sla_dag' retrieved from /home/airflow/.local/lib/python3.12/site-packages/airflow/example_dags/example_sla_dag.py
[2024-05-10T07:40:18.805+0000] {logging_mixin.py:188} INFO - [2024-05-10T07:40:18.805+0000] {dag.py:3096} INFO - Sync 1 DAGs
[2024-05-10T07:40:18.825+0000] {logging_mixin.py:188} INFO - [2024-05-10T07:40:18.825+0000] {dag.py:3954} INFO - Setting next_dagrun for example_sla_dag to 2024-05-10 07:38:00+00:00, run_after=2024-05-10 07:40:00+00:00
[2024-05-10T07:40:18.852+0000] {processor.py:183} INFO - Processing /home/airflow/.local/lib/python3.12/site-packages/airflow/example_dags/example_sla_dag.py took 0.094 seconds
[2024-05-10T07:40:49.368+0000] {processor.py:161} INFO - Started process (PID=2170) to work on /home/airflow/.local/lib/python3.12/site-packages/airflow/example_dags/example_sla_dag.py
[2024-05-10T07:40:49.370+0000] {processor.py:830} INFO - Processing file /home/airflow/.local/lib/python3.12/site-packages/airflow/example_dags/example_sla_dag.py for tasks to queue
[2024-05-10T07:40:49.373+0000] {logging_mixin.py:188} INFO - [2024-05-10T07:40:49.372+0000] {dagbag.py:540} INFO - Filling up the DagBag from /home/airflow/.local/lib/python3.12/site-packages/airflow/example_dags/example_sla_dag.py
[2024-05-10T07:40:49.383+0000] {processor.py:840} INFO - DAG(s) 'example_sla_dag' retrieved from /home/airflow/.local/lib/python3.12/site-packages/airflow/example_dags/example_sla_dag.py
[2024-05-10T07:40:49.400+0000] {logging_mixin.py:188} INFO - [2024-05-10T07:40:49.400+0000] {dag.py:3096} INFO - Sync 1 DAGs
[2024-05-10T07:40:49.420+0000] {logging_mixin.py:188} INFO - [2024-05-10T07:40:49.420+0000] {dag.py:3954} INFO - Setting next_dagrun for example_sla_dag to 2024-05-10 07:38:00+00:00, run_after=2024-05-10 07:40:00+00:00
[2024-05-10T07:40:49.441+0000] {processor.py:183} INFO - Processing /home/airflow/.local/lib/python3.12/site-packages/airflow/example_dags/example_sla_dag.py took 0.083 seconds
[2024-05-10T07:41:20.066+0000] {processor.py:161} INFO - Started process (PID=2229) to work on /home/airflow/.local/lib/python3.12/site-packages/airflow/example_dags/example_sla_dag.py
[2024-05-10T07:41:20.068+0000] {processor.py:830} INFO - Processing file /home/airflow/.local/lib/python3.12/site-packages/airflow/example_dags/example_sla_dag.py for tasks to queue
[2024-05-10T07:41:20.070+0000] {logging_mixin.py:188} INFO - [2024-05-10T07:41:20.070+0000] {dagbag.py:540} INFO - Filling up the DagBag from /home/airflow/.local/lib/python3.12/site-packages/airflow/example_dags/example_sla_dag.py
[2024-05-10T07:41:20.079+0000] {processor.py:840} INFO - DAG(s) 'example_sla_dag' retrieved from /home/airflow/.local/lib/python3.12/site-packages/airflow/example_dags/example_sla_dag.py
[2024-05-10T07:41:20.097+0000] {logging_mixin.py:188} INFO - [2024-05-10T07:41:20.097+0000] {dag.py:3096} INFO - Sync 1 DAGs
[2024-05-10T07:41:20.117+0000] {logging_mixin.py:188} INFO - [2024-05-10T07:41:20.117+0000] {dag.py:3954} INFO - Setting next_dagrun for example_sla_dag to 2024-05-10 07:38:00+00:00, run_after=2024-05-10 07:40:00+00:00
[2024-05-10T07:41:20.140+0000] {processor.py:183} INFO - Processing /home/airflow/.local/lib/python3.12/site-packages/airflow/example_dags/example_sla_dag.py took 0.084 seconds
[2024-05-10T07:41:50.231+0000] {processor.py:161} INFO - Started process (PID=2288) to work on /home/airflow/.local/lib/python3.12/site-packages/airflow/example_dags/example_sla_dag.py
[2024-05-10T07:41:50.233+0000] {processor.py:830} INFO - Processing file /home/airflow/.local/lib/python3.12/site-packages/airflow/example_dags/example_sla_dag.py for tasks to queue
[2024-05-10T07:41:50.234+0000] {logging_mixin.py:188} INFO - [2024-05-10T07:41:50.234+0000] {dagbag.py:540} INFO - Filling up the DagBag from /home/airflow/.local/lib/python3.12/site-packages/airflow/example_dags/example_sla_dag.py
[2024-05-10T07:41:50.240+0000] {processor.py:840} INFO - DAG(s) 'example_sla_dag' retrieved from /home/airflow/.local/lib/python3.12/site-packages/airflow/example_dags/example_sla_dag.py
[2024-05-10T07:41:50.256+0000] {logging_mixin.py:188} INFO - [2024-05-10T07:41:50.256+0000] {dag.py:3096} INFO - Sync 1 DAGs
[2024-05-10T07:41:50.276+0000] {logging_mixin.py:188} INFO - [2024-05-10T07:41:50.276+0000] {dag.py:3954} INFO - Setting next_dagrun for example_sla_dag to 2024-05-10 07:38:00+00:00, run_after=2024-05-10 07:40:00+00:00
[2024-05-10T07:41:50.296+0000] {processor.py:183} INFO - Processing /home/airflow/.local/lib/python3.12/site-packages/airflow/example_dags/example_sla_dag.py took 0.070 seconds
[2024-05-10T07:42:20.580+0000] {processor.py:161} INFO - Started process (PID=2346) to work on /home/airflow/.local/lib/python3.12/site-packages/airflow/example_dags/example_sla_dag.py
[2024-05-10T07:42:20.582+0000] {processor.py:830} INFO - Processing file /home/airflow/.local/lib/python3.12/site-packages/airflow/example_dags/example_sla_dag.py for tasks to queue
[2024-05-10T07:42:20.584+0000] {logging_mixin.py:188} INFO - [2024-05-10T07:42:20.583+0000] {dagbag.py:540} INFO - Filling up the DagBag from /home/airflow/.local/lib/python3.12/site-packages/airflow/example_dags/example_sla_dag.py
[2024-05-10T07:42:20.593+0000] {processor.py:840} INFO - DAG(s) 'example_sla_dag' retrieved from /home/airflow/.local/lib/python3.12/site-packages/airflow/example_dags/example_sla_dag.py
[2024-05-10T07:42:20.608+0000] {logging_mixin.py:188} INFO - [2024-05-10T07:42:20.608+0000] {dag.py:3096} INFO - Sync 1 DAGs
[2024-05-10T07:42:20.627+0000] {logging_mixin.py:188} INFO - [2024-05-10T07:42:20.627+0000] {dag.py:3954} INFO - Setting next_dagrun for example_sla_dag to 2024-05-10 07:40:00+00:00, run_after=2024-05-10 07:42:00+00:00
[2024-05-10T07:42:20.651+0000] {processor.py:183} INFO - Processing /home/airflow/.local/lib/python3.12/site-packages/airflow/example_dags/example_sla_dag.py took 0.081 seconds
[2024-05-10T07:42:51.468+0000] {processor.py:161} INFO - Started process (PID=2405) to work on /home/airflow/.local/lib/python3.12/site-packages/airflow/example_dags/example_sla_dag.py
[2024-05-10T07:42:51.469+0000] {processor.py:830} INFO - Processing file /home/airflow/.local/lib/python3.12/site-packages/airflow/example_dags/example_sla_dag.py for tasks to queue
[2024-05-10T07:42:51.471+0000] {logging_mixin.py:188} INFO - [2024-05-10T07:42:51.471+0000] {dagbag.py:540} INFO - Filling up the DagBag from /home/airflow/.local/lib/python3.12/site-packages/airflow/example_dags/example_sla_dag.py
[2024-05-10T07:42:51.481+0000] {processor.py:840} INFO - DAG(s) 'example_sla_dag' retrieved from /home/airflow/.local/lib/python3.12/site-packages/airflow/example_dags/example_sla_dag.py
[2024-05-10T07:42:51.497+0000] {logging_mixin.py:188} INFO - [2024-05-10T07:42:51.497+0000] {dag.py:3096} INFO - Sync 1 DAGs
[2024-05-10T07:42:51.517+0000] {logging_mixin.py:188} INFO - [2024-05-10T07:42:51.516+0000] {dag.py:3954} INFO - Setting next_dagrun for example_sla_dag to 2024-05-10 07:40:00+00:00, run_after=2024-05-10 07:42:00+00:00
[2024-05-10T07:42:51.551+0000] {processor.py:183} INFO - Processing /home/airflow/.local/lib/python3.12/site-packages/airflow/example_dags/example_sla_dag.py took 0.094 seconds
[2024-05-10T07:43:22.012+0000] {processor.py:161} INFO - Started process (PID=2464) to work on /home/airflow/.local/lib/python3.12/site-packages/airflow/example_dags/example_sla_dag.py
[2024-05-10T07:43:22.014+0000] {processor.py:830} INFO - Processing file /home/airflow/.local/lib/python3.12/site-packages/airflow/example_dags/example_sla_dag.py for tasks to queue
[2024-05-10T07:43:22.016+0000] {logging_mixin.py:188} INFO - [2024-05-10T07:43:22.015+0000] {dagbag.py:540} INFO - Filling up the DagBag from /home/airflow/.local/lib/python3.12/site-packages/airflow/example_dags/example_sla_dag.py
[2024-05-10T07:43:22.025+0000] {processor.py:840} INFO - DAG(s) 'example_sla_dag' retrieved from /home/airflow/.local/lib/python3.12/site-packages/airflow/example_dags/example_sla_dag.py
[2024-05-10T07:43:22.042+0000] {logging_mixin.py:188} INFO - [2024-05-10T07:43:22.042+0000] {dag.py:3096} INFO - Sync 1 DAGs
[2024-05-10T07:43:22.064+0000] {logging_mixin.py:188} INFO - [2024-05-10T07:43:22.064+0000] {dag.py:3954} INFO - Setting next_dagrun for example_sla_dag to 2024-05-10 07:40:00+00:00, run_after=2024-05-10 07:42:00+00:00
[2024-05-10T07:43:22.084+0000] {processor.py:183} INFO - Processing /home/airflow/.local/lib/python3.12/site-packages/airflow/example_dags/example_sla_dag.py took 0.081 seconds
[2024-05-10T07:43:52.554+0000] {processor.py:161} INFO - Started process (PID=2523) to work on /home/airflow/.local/lib/python3.12/site-packages/airflow/example_dags/example_sla_dag.py
[2024-05-10T07:43:52.555+0000] {processor.py:830} INFO - Processing file /home/airflow/.local/lib/python3.12/site-packages/airflow/example_dags/example_sla_dag.py for tasks to queue
[2024-05-10T07:43:52.557+0000] {logging_mixin.py:188} INFO - [2024-05-10T07:43:52.557+0000] {dagbag.py:540} INFO - Filling up the DagBag from /home/airflow/.local/lib/python3.12/site-packages/airflow/example_dags/example_sla_dag.py
[2024-05-10T07:43:52.566+0000] {processor.py:840} INFO - DAG(s) 'example_sla_dag' retrieved from /home/airflow/.local/lib/python3.12/site-packages/airflow/example_dags/example_sla_dag.py
[2024-05-10T07:43:52.584+0000] {logging_mixin.py:188} INFO - [2024-05-10T07:43:52.583+0000] {dag.py:3096} INFO - Sync 1 DAGs
[2024-05-10T07:43:52.603+0000] {logging_mixin.py:188} INFO - [2024-05-10T07:43:52.603+0000] {dag.py:3954} INFO - Setting next_dagrun for example_sla_dag to 2024-05-10 07:40:00+00:00, run_after=2024-05-10 07:42:00+00:00
[2024-05-10T07:43:52.628+0000] {processor.py:183} INFO - Processing /home/airflow/.local/lib/python3.12/site-packages/airflow/example_dags/example_sla_dag.py took 0.084 seconds
[2024-05-10T07:44:23.126+0000] {processor.py:161} INFO - Started process (PID=2582) to work on /home/airflow/.local/lib/python3.12/site-packages/airflow/example_dags/example_sla_dag.py
[2024-05-10T07:44:23.127+0000] {processor.py:830} INFO - Processing file /home/airflow/.local/lib/python3.12/site-packages/airflow/example_dags/example_sla_dag.py for tasks to queue
[2024-05-10T07:44:23.130+0000] {logging_mixin.py:188} INFO - [2024-05-10T07:44:23.129+0000] {dagbag.py:540} INFO - Filling up the DagBag from /home/airflow/.local/lib/python3.12/site-packages/airflow/example_dags/example_sla_dag.py
[2024-05-10T07:44:23.141+0000] {processor.py:840} INFO - DAG(s) 'example_sla_dag' retrieved from /home/airflow/.local/lib/python3.12/site-packages/airflow/example_dags/example_sla_dag.py
[2024-05-10T07:44:23.158+0000] {logging_mixin.py:188} INFO - [2024-05-10T07:44:23.158+0000] {dag.py:3096} INFO - Sync 1 DAGs
[2024-05-10T07:44:23.179+0000] {logging_mixin.py:188} INFO - [2024-05-10T07:44:23.179+0000] {dag.py:3954} INFO - Setting next_dagrun for example_sla_dag to 2024-05-10 07:42:00+00:00, run_after=2024-05-10 07:44:00+00:00
[2024-05-10T07:44:23.220+0000] {processor.py:183} INFO - Processing /home/airflow/.local/lib/python3.12/site-packages/airflow/example_dags/example_sla_dag.py took 0.108 seconds
[2024-05-10T07:44:53.631+0000] {processor.py:161} INFO - Started process (PID=2641) to work on /home/airflow/.local/lib/python3.12/site-packages/airflow/example_dags/example_sla_dag.py
[2024-05-10T07:44:53.632+0000] {processor.py:830} INFO - Processing file /home/airflow/.local/lib/python3.12/site-packages/airflow/example_dags/example_sla_dag.py for tasks to queue
[2024-05-10T07:44:53.633+0000] {logging_mixin.py:188} INFO - [2024-05-10T07:44:53.633+0000] {dagbag.py:540} INFO - Filling up the DagBag from /home/airflow/.local/lib/python3.12/site-packages/airflow/example_dags/example_sla_dag.py
[2024-05-10T07:44:53.640+0000] {processor.py:840} INFO - DAG(s) 'example_sla_dag' retrieved from /home/airflow/.local/lib/python3.12/site-packages/airflow/example_dags/example_sla_dag.py
[2024-05-10T07:44:53.655+0000] {logging_mixin.py:188} INFO - [2024-05-10T07:44:53.655+0000] {dag.py:3096} INFO - Sync 1 DAGs
[2024-05-10T07:44:53.676+0000] {logging_mixin.py:188} INFO - [2024-05-10T07:44:53.676+0000] {dag.py:3954} INFO - Setting next_dagrun for example_sla_dag to 2024-05-10 07:42:00+00:00, run_after=2024-05-10 07:44:00+00:00
[2024-05-10T07:44:53.695+0000] {processor.py:183} INFO - Processing /home/airflow/.local/lib/python3.12/site-packages/airflow/example_dags/example_sla_dag.py took 0.069 seconds
[2024-05-10T07:45:24.222+0000] {processor.py:161} INFO - Started process (PID=2701) to work on /home/airflow/.local/lib/python3.12/site-packages/airflow/example_dags/example_sla_dag.py
[2024-05-10T07:45:24.223+0000] {processor.py:830} INFO - Processing file /home/airflow/.local/lib/python3.12/site-packages/airflow/example_dags/example_sla_dag.py for tasks to queue
[2024-05-10T07:45:24.224+0000] {logging_mixin.py:188} INFO - [2024-05-10T07:45:24.224+0000] {dagbag.py:540} INFO - Filling up the DagBag from /home/airflow/.local/lib/python3.12/site-packages/airflow/example_dags/example_sla_dag.py
[2024-05-10T07:45:24.237+0000] {processor.py:840} INFO - DAG(s) 'example_sla_dag' retrieved from /home/airflow/.local/lib/python3.12/site-packages/airflow/example_dags/example_sla_dag.py
[2024-05-10T07:45:24.259+0000] {logging_mixin.py:188} INFO - [2024-05-10T07:45:24.258+0000] {dag.py:3096} INFO - Sync 1 DAGs
[2024-05-10T07:45:24.281+0000] {logging_mixin.py:188} INFO - [2024-05-10T07:45:24.281+0000] {dag.py:3954} INFO - Setting next_dagrun for example_sla_dag to 2024-05-10 07:42:00+00:00, run_after=2024-05-10 07:44:00+00:00
[2024-05-10T07:45:24.306+0000] {processor.py:183} INFO - Processing /home/airflow/.local/lib/python3.12/site-packages/airflow/example_dags/example_sla_dag.py took 0.091 seconds
[2024-05-10T07:45:54.902+0000] {processor.py:161} INFO - Started process (PID=2760) to work on /home/airflow/.local/lib/python3.12/site-packages/airflow/example_dags/example_sla_dag.py
[2024-05-10T07:45:54.904+0000] {processor.py:830} INFO - Processing file /home/airflow/.local/lib/python3.12/site-packages/airflow/example_dags/example_sla_dag.py for tasks to queue
[2024-05-10T07:45:54.904+0000] {logging_mixin.py:188} INFO - [2024-05-10T07:45:54.904+0000] {dagbag.py:540} INFO - Filling up the DagBag from /home/airflow/.local/lib/python3.12/site-packages/airflow/example_dags/example_sla_dag.py
[2024-05-10T07:45:54.914+0000] {processor.py:840} INFO - DAG(s) 'example_sla_dag' retrieved from /home/airflow/.local/lib/python3.12/site-packages/airflow/example_dags/example_sla_dag.py
[2024-05-10T07:45:54.931+0000] {logging_mixin.py:188} INFO - [2024-05-10T07:45:54.931+0000] {dag.py:3096} INFO - Sync 1 DAGs
[2024-05-10T07:45:54.952+0000] {logging_mixin.py:188} INFO - [2024-05-10T07:45:54.952+0000] {dag.py:3954} INFO - Setting next_dagrun for example_sla_dag to 2024-05-10 07:42:00+00:00, run_after=2024-05-10 07:44:00+00:00
[2024-05-10T07:45:54.972+0000] {processor.py:183} INFO - Processing /home/airflow/.local/lib/python3.12/site-packages/airflow/example_dags/example_sla_dag.py took 0.080 seconds
[2024-05-10T07:46:25.577+0000] {processor.py:161} INFO - Started process (PID=2818) to work on /home/airflow/.local/lib/python3.12/site-packages/airflow/example_dags/example_sla_dag.py
[2024-05-10T07:46:25.578+0000] {processor.py:830} INFO - Processing file /home/airflow/.local/lib/python3.12/site-packages/airflow/example_dags/example_sla_dag.py for tasks to queue
[2024-05-10T07:46:25.579+0000] {logging_mixin.py:188} INFO - [2024-05-10T07:46:25.579+0000] {dagbag.py:540} INFO - Filling up the DagBag from /home/airflow/.local/lib/python3.12/site-packages/airflow/example_dags/example_sla_dag.py
[2024-05-10T07:46:25.593+0000] {processor.py:840} INFO - DAG(s) 'example_sla_dag' retrieved from /home/airflow/.local/lib/python3.12/site-packages/airflow/example_dags/example_sla_dag.py
[2024-05-10T07:46:25.622+0000] {logging_mixin.py:188} INFO - [2024-05-10T07:46:25.621+0000] {dag.py:3096} INFO - Sync 1 DAGs
[2024-05-10T07:46:25.651+0000] {logging_mixin.py:188} INFO - [2024-05-10T07:46:25.651+0000] {dag.py:3954} INFO - Setting next_dagrun for example_sla_dag to 2024-05-10 07:44:00+00:00, run_after=2024-05-10 07:46:00+00:00
[2024-05-10T07:46:25.686+0000] {processor.py:183} INFO - Processing /home/airflow/.local/lib/python3.12/site-packages/airflow/example_dags/example_sla_dag.py took 0.115 seconds
[2024-05-10T07:46:56.177+0000] {processor.py:161} INFO - Started process (PID=2875) to work on /home/airflow/.local/lib/python3.12/site-packages/airflow/example_dags/example_sla_dag.py
[2024-05-10T07:46:56.178+0000] {processor.py:830} INFO - Processing file /home/airflow/.local/lib/python3.12/site-packages/airflow/example_dags/example_sla_dag.py for tasks to queue
[2024-05-10T07:46:56.178+0000] {logging_mixin.py:188} INFO - [2024-05-10T07:46:56.178+0000] {dagbag.py:540} INFO - Filling up the DagBag from /home/airflow/.local/lib/python3.12/site-packages/airflow/example_dags/example_sla_dag.py
[2024-05-10T07:46:56.187+0000] {processor.py:840} INFO - DAG(s) 'example_sla_dag' retrieved from /home/airflow/.local/lib/python3.12/site-packages/airflow/example_dags/example_sla_dag.py
[2024-05-10T07:46:56.207+0000] {logging_mixin.py:188} INFO - [2024-05-10T07:46:56.207+0000] {dag.py:3096} INFO - Sync 1 DAGs
[2024-05-10T07:46:56.229+0000] {logging_mixin.py:188} INFO - [2024-05-10T07:46:56.229+0000] {dag.py:3954} INFO - Setting next_dagrun for example_sla_dag to 2024-05-10 07:44:00+00:00, run_after=2024-05-10 07:46:00+00:00
[2024-05-10T07:46:56.258+0000] {processor.py:183} INFO - Processing /home/airflow/.local/lib/python3.12/site-packages/airflow/example_dags/example_sla_dag.py took 0.086 seconds
[2024-05-10T07:47:26.436+0000] {processor.py:161} INFO - Started process (PID=2933) to work on /home/airflow/.local/lib/python3.12/site-packages/airflow/example_dags/example_sla_dag.py
[2024-05-10T07:47:26.438+0000] {processor.py:830} INFO - Processing file /home/airflow/.local/lib/python3.12/site-packages/airflow/example_dags/example_sla_dag.py for tasks to queue
[2024-05-10T07:47:26.438+0000] {logging_mixin.py:188} INFO - [2024-05-10T07:47:26.438+0000] {dagbag.py:540} INFO - Filling up the DagBag from /home/airflow/.local/lib/python3.12/site-packages/airflow/example_dags/example_sla_dag.py
[2024-05-10T07:47:26.445+0000] {processor.py:840} INFO - DAG(s) 'example_sla_dag' retrieved from /home/airflow/.local/lib/python3.12/site-packages/airflow/example_dags/example_sla_dag.py
[2024-05-10T07:47:26.462+0000] {logging_mixin.py:188} INFO - [2024-05-10T07:47:26.462+0000] {dag.py:3096} INFO - Sync 1 DAGs
[2024-05-10T07:47:26.482+0000] {logging_mixin.py:188} INFO - [2024-05-10T07:47:26.482+0000] {dag.py:3954} INFO - Setting next_dagrun for example_sla_dag to 2024-05-10 07:44:00+00:00, run_after=2024-05-10 07:46:00+00:00
[2024-05-10T07:47:26.508+0000] {processor.py:183} INFO - Processing /home/airflow/.local/lib/python3.12/site-packages/airflow/example_dags/example_sla_dag.py took 0.076 seconds
[2024-05-10T07:47:56.813+0000] {processor.py:161} INFO - Started process (PID=2991) to work on /home/airflow/.local/lib/python3.12/site-packages/airflow/example_dags/example_sla_dag.py
[2024-05-10T07:47:56.814+0000] {processor.py:830} INFO - Processing file /home/airflow/.local/lib/python3.12/site-packages/airflow/example_dags/example_sla_dag.py for tasks to queue
[2024-05-10T07:47:56.815+0000] {logging_mixin.py:188} INFO - [2024-05-10T07:47:56.814+0000] {dagbag.py:540} INFO - Filling up the DagBag from /home/airflow/.local/lib/python3.12/site-packages/airflow/example_dags/example_sla_dag.py
[2024-05-10T07:47:56.821+0000] {processor.py:840} INFO - DAG(s) 'example_sla_dag' retrieved from /home/airflow/.local/lib/python3.12/site-packages/airflow/example_dags/example_sla_dag.py
[2024-05-10T07:47:56.837+0000] {logging_mixin.py:188} INFO - [2024-05-10T07:47:56.837+0000] {dag.py:3096} INFO - Sync 1 DAGs
[2024-05-10T07:47:56.858+0000] {logging_mixin.py:188} INFO - [2024-05-10T07:47:56.858+0000] {dag.py:3954} INFO - Setting next_dagrun for example_sla_dag to 2024-05-10 07:44:00+00:00, run_after=2024-05-10 07:46:00+00:00
[2024-05-10T07:47:56.894+0000] {processor.py:183} INFO - Processing /home/airflow/.local/lib/python3.12/site-packages/airflow/example_dags/example_sla_dag.py took 0.086 seconds
[2024-05-10T07:48:27.684+0000] {processor.py:161} INFO - Started process (PID=3049) to work on /home/airflow/.local/lib/python3.12/site-packages/airflow/example_dags/example_sla_dag.py
[2024-05-10T07:48:27.685+0000] {processor.py:830} INFO - Processing file /home/airflow/.local/lib/python3.12/site-packages/airflow/example_dags/example_sla_dag.py for tasks to queue
[2024-05-10T07:48:27.686+0000] {logging_mixin.py:188} INFO - [2024-05-10T07:48:27.686+0000] {dagbag.py:540} INFO - Filling up the DagBag from /home/airflow/.local/lib/python3.12/site-packages/airflow/example_dags/example_sla_dag.py
[2024-05-10T07:48:27.695+0000] {processor.py:840} INFO - DAG(s) 'example_sla_dag' retrieved from /home/airflow/.local/lib/python3.12/site-packages/airflow/example_dags/example_sla_dag.py
[2024-05-10T07:48:27.713+0000] {logging_mixin.py:188} INFO - [2024-05-10T07:48:27.712+0000] {dag.py:3096} INFO - Sync 1 DAGs
[2024-05-10T07:48:27.735+0000] {logging_mixin.py:188} INFO - [2024-05-10T07:48:27.735+0000] {dag.py:3954} INFO - Setting next_dagrun for example_sla_dag to 2024-05-10 07:46:00+00:00, run_after=2024-05-10 07:48:00+00:00
[2024-05-10T07:48:27.755+0000] {processor.py:183} INFO - Processing /home/airflow/.local/lib/python3.12/site-packages/airflow/example_dags/example_sla_dag.py took 0.076 seconds
[2024-05-10T07:48:57.934+0000] {processor.py:161} INFO - Started process (PID=3107) to work on /home/airflow/.local/lib/python3.12/site-packages/airflow/example_dags/example_sla_dag.py
[2024-05-10T07:48:57.936+0000] {processor.py:830} INFO - Processing file /home/airflow/.local/lib/python3.12/site-packages/airflow/example_dags/example_sla_dag.py for tasks to queue
[2024-05-10T07:48:57.936+0000] {logging_mixin.py:188} INFO - [2024-05-10T07:48:57.936+0000] {dagbag.py:540} INFO - Filling up the DagBag from /home/airflow/.local/lib/python3.12/site-packages/airflow/example_dags/example_sla_dag.py
[2024-05-10T07:48:57.943+0000] {processor.py:840} INFO - DAG(s) 'example_sla_dag' retrieved from /home/airflow/.local/lib/python3.12/site-packages/airflow/example_dags/example_sla_dag.py
[2024-05-10T07:48:57.962+0000] {logging_mixin.py:188} INFO - [2024-05-10T07:48:57.961+0000] {dag.py:3096} INFO - Sync 1 DAGs
[2024-05-10T07:48:57.986+0000] {logging_mixin.py:188} INFO - [2024-05-10T07:48:57.986+0000] {dag.py:3954} INFO - Setting next_dagrun for example_sla_dag to 2024-05-10 07:46:00+00:00, run_after=2024-05-10 07:48:00+00:00
[2024-05-10T07:48:58.008+0000] {processor.py:183} INFO - Processing /home/airflow/.local/lib/python3.12/site-packages/airflow/example_dags/example_sla_dag.py took 0.079 seconds
[2024-05-10T07:49:28.221+0000] {processor.py:161} INFO - Started process (PID=3165) to work on /home/airflow/.local/lib/python3.12/site-packages/airflow/example_dags/example_sla_dag.py
[2024-05-10T07:49:28.222+0000] {processor.py:830} INFO - Processing file /home/airflow/.local/lib/python3.12/site-packages/airflow/example_dags/example_sla_dag.py for tasks to queue
[2024-05-10T07:49:28.223+0000] {logging_mixin.py:188} INFO - [2024-05-10T07:49:28.223+0000] {dagbag.py:540} INFO - Filling up the DagBag from /home/airflow/.local/lib/python3.12/site-packages/airflow/example_dags/example_sla_dag.py
[2024-05-10T07:49:28.230+0000] {processor.py:840} INFO - DAG(s) 'example_sla_dag' retrieved from /home/airflow/.local/lib/python3.12/site-packages/airflow/example_dags/example_sla_dag.py
[2024-05-10T07:49:28.247+0000] {logging_mixin.py:188} INFO - [2024-05-10T07:49:28.247+0000] {dag.py:3096} INFO - Sync 1 DAGs
[2024-05-10T07:49:28.269+0000] {logging_mixin.py:188} INFO - [2024-05-10T07:49:28.269+0000] {dag.py:3954} INFO - Setting next_dagrun for example_sla_dag to 2024-05-10 07:46:00+00:00, run_after=2024-05-10 07:48:00+00:00
[2024-05-10T07:49:28.290+0000] {processor.py:183} INFO - Processing /home/airflow/.local/lib/python3.12/site-packages/airflow/example_dags/example_sla_dag.py took 0.075 seconds
[2024-05-10T07:49:58.462+0000] {processor.py:161} INFO - Started process (PID=3223) to work on /home/airflow/.local/lib/python3.12/site-packages/airflow/example_dags/example_sla_dag.py
[2024-05-10T07:49:58.463+0000] {processor.py:830} INFO - Processing file /home/airflow/.local/lib/python3.12/site-packages/airflow/example_dags/example_sla_dag.py for tasks to queue
[2024-05-10T07:49:58.464+0000] {logging_mixin.py:188} INFO - [2024-05-10T07:49:58.464+0000] {dagbag.py:540} INFO - Filling up the DagBag from /home/airflow/.local/lib/python3.12/site-packages/airflow/example_dags/example_sla_dag.py
[2024-05-10T07:49:58.471+0000] {processor.py:840} INFO - DAG(s) 'example_sla_dag' retrieved from /home/airflow/.local/lib/python3.12/site-packages/airflow/example_dags/example_sla_dag.py
[2024-05-10T07:49:58.488+0000] {logging_mixin.py:188} INFO - [2024-05-10T07:49:58.488+0000] {dag.py:3096} INFO - Sync 1 DAGs
[2024-05-10T07:49:58.512+0000] {logging_mixin.py:188} INFO - [2024-05-10T07:49:58.511+0000] {dag.py:3954} INFO - Setting next_dagrun for example_sla_dag to 2024-05-10 07:46:00+00:00, run_after=2024-05-10 07:48:00+00:00
[2024-05-10T07:49:58.535+0000] {processor.py:183} INFO - Processing /home/airflow/.local/lib/python3.12/site-packages/airflow/example_dags/example_sla_dag.py took 0.078 seconds
[2024-05-10T07:50:29.349+0000] {processor.py:161} INFO - Started process (PID=3281) to work on /home/airflow/.local/lib/python3.12/site-packages/airflow/example_dags/example_sla_dag.py
[2024-05-10T07:50:29.351+0000] {processor.py:830} INFO - Processing file /home/airflow/.local/lib/python3.12/site-packages/airflow/example_dags/example_sla_dag.py for tasks to queue
[2024-05-10T07:50:29.352+0000] {logging_mixin.py:188} INFO - [2024-05-10T07:50:29.352+0000] {dagbag.py:540} INFO - Filling up the DagBag from /home/airflow/.local/lib/python3.12/site-packages/airflow/example_dags/example_sla_dag.py
[2024-05-10T07:50:29.360+0000] {processor.py:840} INFO - DAG(s) 'example_sla_dag' retrieved from /home/airflow/.local/lib/python3.12/site-packages/airflow/example_dags/example_sla_dag.py
[2024-05-10T07:50:29.383+0000] {logging_mixin.py:188} INFO - [2024-05-10T07:50:29.382+0000] {dag.py:3096} INFO - Sync 1 DAGs
[2024-05-10T07:50:29.413+0000] {logging_mixin.py:188} INFO - [2024-05-10T07:50:29.413+0000] {dag.py:3954} INFO - Setting next_dagrun for example_sla_dag to 2024-05-10 07:48:00+00:00, run_after=2024-05-10 07:50:00+00:00
[2024-05-10T07:50:29.446+0000] {processor.py:183} INFO - Processing /home/airflow/.local/lib/python3.12/site-packages/airflow/example_dags/example_sla_dag.py took 0.105 seconds
[2024-05-10T07:50:59.625+0000] {processor.py:161} INFO - Started process (PID=3339) to work on /home/airflow/.local/lib/python3.12/site-packages/airflow/example_dags/example_sla_dag.py
[2024-05-10T07:50:59.626+0000] {processor.py:830} INFO - Processing file /home/airflow/.local/lib/python3.12/site-packages/airflow/example_dags/example_sla_dag.py for tasks to queue
[2024-05-10T07:50:59.627+0000] {logging_mixin.py:188} INFO - [2024-05-10T07:50:59.627+0000] {dagbag.py:540} INFO - Filling up the DagBag from /home/airflow/.local/lib/python3.12/site-packages/airflow/example_dags/example_sla_dag.py
[2024-05-10T07:50:59.635+0000] {processor.py:840} INFO - DAG(s) 'example_sla_dag' retrieved from /home/airflow/.local/lib/python3.12/site-packages/airflow/example_dags/example_sla_dag.py
[2024-05-10T07:50:59.653+0000] {logging_mixin.py:188} INFO - [2024-05-10T07:50:59.653+0000] {dag.py:3096} INFO - Sync 1 DAGs
[2024-05-10T07:50:59.675+0000] {logging_mixin.py:188} INFO - [2024-05-10T07:50:59.675+0000] {dag.py:3954} INFO - Setting next_dagrun for example_sla_dag to 2024-05-10 07:48:00+00:00, run_after=2024-05-10 07:50:00+00:00
[2024-05-10T07:50:59.704+0000] {processor.py:183} INFO - Processing /home/airflow/.local/lib/python3.12/site-packages/airflow/example_dags/example_sla_dag.py took 0.084 seconds
[2024-05-10T07:51:29.850+0000] {processor.py:161} INFO - Started process (PID=3396) to work on /home/airflow/.local/lib/python3.12/site-packages/airflow/example_dags/example_sla_dag.py
[2024-05-10T07:51:29.851+0000] {processor.py:830} INFO - Processing file /home/airflow/.local/lib/python3.12/site-packages/airflow/example_dags/example_sla_dag.py for tasks to queue
[2024-05-10T07:51:29.852+0000] {logging_mixin.py:188} INFO - [2024-05-10T07:51:29.852+0000] {dagbag.py:540} INFO - Filling up the DagBag from /home/airflow/.local/lib/python3.12/site-packages/airflow/example_dags/example_sla_dag.py
[2024-05-10T07:51:29.858+0000] {processor.py:840} INFO - DAG(s) 'example_sla_dag' retrieved from /home/airflow/.local/lib/python3.12/site-packages/airflow/example_dags/example_sla_dag.py
[2024-05-10T07:51:29.874+0000] {logging_mixin.py:188} INFO - [2024-05-10T07:51:29.874+0000] {dag.py:3096} INFO - Sync 1 DAGs
[2024-05-10T07:51:29.895+0000] {logging_mixin.py:188} INFO - [2024-05-10T07:51:29.895+0000] {dag.py:3954} INFO - Setting next_dagrun for example_sla_dag to 2024-05-10 07:48:00+00:00, run_after=2024-05-10 07:50:00+00:00
[2024-05-10T07:51:29.915+0000] {processor.py:183} INFO - Processing /home/airflow/.local/lib/python3.12/site-packages/airflow/example_dags/example_sla_dag.py took 0.070 seconds
[2024-05-10T07:52:00.045+0000] {processor.py:161} INFO - Started process (PID=3454) to work on /home/airflow/.local/lib/python3.12/site-packages/airflow/example_dags/example_sla_dag.py
[2024-05-10T07:52:00.046+0000] {processor.py:830} INFO - Processing file /home/airflow/.local/lib/python3.12/site-packages/airflow/example_dags/example_sla_dag.py for tasks to queue
[2024-05-10T07:52:00.047+0000] {logging_mixin.py:188} INFO - [2024-05-10T07:52:00.047+0000] {dagbag.py:540} INFO - Filling up the DagBag from /home/airflow/.local/lib/python3.12/site-packages/airflow/example_dags/example_sla_dag.py
[2024-05-10T07:52:00.056+0000] {processor.py:840} INFO - DAG(s) 'example_sla_dag' retrieved from /home/airflow/.local/lib/python3.12/site-packages/airflow/example_dags/example_sla_dag.py
[2024-05-10T07:52:00.077+0000] {logging_mixin.py:188} INFO - [2024-05-10T07:52:00.077+0000] {dag.py:3096} INFO - Sync 1 DAGs
[2024-05-10T07:52:00.098+0000] {logging_mixin.py:188} INFO - [2024-05-10T07:52:00.098+0000] {dag.py:3954} INFO - Setting next_dagrun for example_sla_dag to 2024-05-10 07:50:00+00:00, run_after=2024-05-10 07:52:00+00:00
[2024-05-10T07:52:00.117+0000] {processor.py:183} INFO - Processing /home/airflow/.local/lib/python3.12/site-packages/airflow/example_dags/example_sla_dag.py took 0.083 seconds
[2024-05-10T07:52:30.176+0000] {processor.py:161} INFO - Started process (PID=3512) to work on /home/airflow/.local/lib/python3.12/site-packages/airflow/example_dags/example_sla_dag.py
[2024-05-10T07:52:30.177+0000] {processor.py:830} INFO - Processing file /home/airflow/.local/lib/python3.12/site-packages/airflow/example_dags/example_sla_dag.py for tasks to queue
[2024-05-10T07:52:30.179+0000] {logging_mixin.py:188} INFO - [2024-05-10T07:52:30.178+0000] {dagbag.py:540} INFO - Filling up the DagBag from /home/airflow/.local/lib/python3.12/site-packages/airflow/example_dags/example_sla_dag.py
[2024-05-10T07:52:30.188+0000] {processor.py:840} INFO - DAG(s) 'example_sla_dag' retrieved from /home/airflow/.local/lib/python3.12/site-packages/airflow/example_dags/example_sla_dag.py
[2024-05-10T07:52:30.207+0000] {logging_mixin.py:188} INFO - [2024-05-10T07:52:30.206+0000] {dag.py:3096} INFO - Sync 1 DAGs
[2024-05-10T07:52:30.230+0000] {logging_mixin.py:188} INFO - [2024-05-10T07:52:30.230+0000] {dag.py:3954} INFO - Setting next_dagrun for example_sla_dag to 2024-05-10 07:50:00+00:00, run_after=2024-05-10 07:52:00+00:00
[2024-05-10T07:52:30.264+0000] {processor.py:183} INFO - Processing /home/airflow/.local/lib/python3.12/site-packages/airflow/example_dags/example_sla_dag.py took 0.097 seconds
[2024-05-10T07:53:00.311+0000] {processor.py:161} INFO - Started process (PID=3570) to work on /home/airflow/.local/lib/python3.12/site-packages/airflow/example_dags/example_sla_dag.py
[2024-05-10T07:53:00.312+0000] {processor.py:830} INFO - Processing file /home/airflow/.local/lib/python3.12/site-packages/airflow/example_dags/example_sla_dag.py for tasks to queue
[2024-05-10T07:53:00.313+0000] {logging_mixin.py:188} INFO - [2024-05-10T07:53:00.313+0000] {dagbag.py:540} INFO - Filling up the DagBag from /home/airflow/.local/lib/python3.12/site-packages/airflow/example_dags/example_sla_dag.py
[2024-05-10T07:53:00.319+0000] {processor.py:840} INFO - DAG(s) 'example_sla_dag' retrieved from /home/airflow/.local/lib/python3.12/site-packages/airflow/example_dags/example_sla_dag.py
[2024-05-10T07:53:00.335+0000] {logging_mixin.py:188} INFO - [2024-05-10T07:53:00.335+0000] {dag.py:3096} INFO - Sync 1 DAGs
[2024-05-10T07:53:00.354+0000] {logging_mixin.py:188} INFO - [2024-05-10T07:53:00.354+0000] {dag.py:3954} INFO - Setting next_dagrun for example_sla_dag to 2024-05-10 07:50:00+00:00, run_after=2024-05-10 07:52:00+00:00
[2024-05-10T07:53:00.383+0000] {processor.py:183} INFO - Processing /home/airflow/.local/lib/python3.12/site-packages/airflow/example_dags/example_sla_dag.py took 0.077 seconds
[2024-05-10T07:53:30.857+0000] {processor.py:161} INFO - Started process (PID=3627) to work on /home/airflow/.local/lib/python3.12/site-packages/airflow/example_dags/example_sla_dag.py
[2024-05-10T07:53:30.858+0000] {processor.py:830} INFO - Processing file /home/airflow/.local/lib/python3.12/site-packages/airflow/example_dags/example_sla_dag.py for tasks to queue
[2024-05-10T07:53:30.859+0000] {logging_mixin.py:188} INFO - [2024-05-10T07:53:30.858+0000] {dagbag.py:540} INFO - Filling up the DagBag from /home/airflow/.local/lib/python3.12/site-packages/airflow/example_dags/example_sla_dag.py
[2024-05-10T07:53:30.872+0000] {processor.py:840} INFO - DAG(s) 'example_sla_dag' retrieved from /home/airflow/.local/lib/python3.12/site-packages/airflow/example_dags/example_sla_dag.py
[2024-05-10T07:53:30.891+0000] {logging_mixin.py:188} INFO - [2024-05-10T07:53:30.891+0000] {dag.py:3096} INFO - Sync 1 DAGs
[2024-05-10T07:53:30.912+0000] {logging_mixin.py:188} INFO - [2024-05-10T07:53:30.912+0000] {dag.py:3954} INFO - Setting next_dagrun for example_sla_dag to 2024-05-10 07:50:00+00:00, run_after=2024-05-10 07:52:00+00:00
[2024-05-10T07:53:30.938+0000] {processor.py:183} INFO - Processing /home/airflow/.local/lib/python3.12/site-packages/airflow/example_dags/example_sla_dag.py took 0.094 seconds
[2024-05-10T07:54:01.331+0000] {processor.py:161} INFO - Started process (PID=3685) to work on /home/airflow/.local/lib/python3.12/site-packages/airflow/example_dags/example_sla_dag.py
[2024-05-10T07:54:01.333+0000] {processor.py:830} INFO - Processing file /home/airflow/.local/lib/python3.12/site-packages/airflow/example_dags/example_sla_dag.py for tasks to queue
[2024-05-10T07:54:01.333+0000] {logging_mixin.py:188} INFO - [2024-05-10T07:54:01.333+0000] {dagbag.py:540} INFO - Filling up the DagBag from /home/airflow/.local/lib/python3.12/site-packages/airflow/example_dags/example_sla_dag.py
[2024-05-10T07:54:01.340+0000] {processor.py:840} INFO - DAG(s) 'example_sla_dag' retrieved from /home/airflow/.local/lib/python3.12/site-packages/airflow/example_dags/example_sla_dag.py
[2024-05-10T07:54:01.357+0000] {logging_mixin.py:188} INFO - [2024-05-10T07:54:01.357+0000] {dag.py:3096} INFO - Sync 1 DAGs
[2024-05-10T07:54:01.378+0000] {logging_mixin.py:188} INFO - [2024-05-10T07:54:01.377+0000] {dag.py:3954} INFO - Setting next_dagrun for example_sla_dag to 2024-05-10 07:52:00+00:00, run_after=2024-05-10 07:54:00+00:00
[2024-05-10T07:54:01.407+0000] {processor.py:183} INFO - Processing /home/airflow/.local/lib/python3.12/site-packages/airflow/example_dags/example_sla_dag.py took 0.081 seconds
[2024-05-10T07:54:31.893+0000] {processor.py:161} INFO - Started process (PID=3742) to work on /home/airflow/.local/lib/python3.12/site-packages/airflow/example_dags/example_sla_dag.py
[2024-05-10T07:54:31.895+0000] {processor.py:830} INFO - Processing file /home/airflow/.local/lib/python3.12/site-packages/airflow/example_dags/example_sla_dag.py for tasks to queue
[2024-05-10T07:54:31.896+0000] {logging_mixin.py:188} INFO - [2024-05-10T07:54:31.896+0000] {dagbag.py:540} INFO - Filling up the DagBag from /home/airflow/.local/lib/python3.12/site-packages/airflow/example_dags/example_sla_dag.py
[2024-05-10T07:54:31.906+0000] {processor.py:840} INFO - DAG(s) 'example_sla_dag' retrieved from /home/airflow/.local/lib/python3.12/site-packages/airflow/example_dags/example_sla_dag.py
[2024-05-10T07:54:31.923+0000] {logging_mixin.py:188} INFO - [2024-05-10T07:54:31.923+0000] {dag.py:3096} INFO - Sync 1 DAGs
[2024-05-10T07:54:31.942+0000] {logging_mixin.py:188} INFO - [2024-05-10T07:54:31.942+0000] {dag.py:3954} INFO - Setting next_dagrun for example_sla_dag to 2024-05-10 07:52:00+00:00, run_after=2024-05-10 07:54:00+00:00
[2024-05-10T07:54:31.960+0000] {processor.py:183} INFO - Processing /home/airflow/.local/lib/python3.12/site-packages/airflow/example_dags/example_sla_dag.py took 0.079 seconds
[2024-05-10T07:55:02.561+0000] {processor.py:161} INFO - Started process (PID=3800) to work on /home/airflow/.local/lib/python3.12/site-packages/airflow/example_dags/example_sla_dag.py
[2024-05-10T07:55:02.564+0000] {processor.py:830} INFO - Processing file /home/airflow/.local/lib/python3.12/site-packages/airflow/example_dags/example_sla_dag.py for tasks to queue
[2024-05-10T07:55:02.566+0000] {logging_mixin.py:188} INFO - [2024-05-10T07:55:02.565+0000] {dagbag.py:540} INFO - Filling up the DagBag from /home/airflow/.local/lib/python3.12/site-packages/airflow/example_dags/example_sla_dag.py
[2024-05-10T07:55:02.594+0000] {processor.py:840} INFO - DAG(s) 'example_sla_dag' retrieved from /home/airflow/.local/lib/python3.12/site-packages/airflow/example_dags/example_sla_dag.py
[2024-05-10T07:55:02.638+0000] {logging_mixin.py:188} INFO - [2024-05-10T07:55:02.638+0000] {dag.py:3096} INFO - Sync 1 DAGs
[2024-05-10T07:55:02.663+0000] {logging_mixin.py:188} INFO - [2024-05-10T07:55:02.663+0000] {dag.py:3954} INFO - Setting next_dagrun for example_sla_dag to 2024-05-10 07:52:00+00:00, run_after=2024-05-10 07:54:00+00:00
[2024-05-10T07:55:02.683+0000] {processor.py:183} INFO - Processing /home/airflow/.local/lib/python3.12/site-packages/airflow/example_dags/example_sla_dag.py took 0.140 seconds
