[2024-05-10T07:22:23.898+0000] {processor.py:161} INFO - Started process (PID=48) to work on /home/airflow/.local/lib/python3.12/site-packages/airflow/example_dags/example_latest_only.py
[2024-05-10T07:22:23.898+0000] {processor.py:830} INFO - Processing file /home/airflow/.local/lib/python3.12/site-packages/airflow/example_dags/example_latest_only.py for tasks to queue
[2024-05-10T07:22:23.900+0000] {logging_mixin.py:188} INFO - [2024-05-10T07:22:23.900+0000] {dagbag.py:540} INFO - Filling up the DagBag from /home/airflow/.local/lib/python3.12/site-packages/airflow/example_dags/example_latest_only.py
[2024-05-10T07:22:23.906+0000] {processor.py:840} INFO - DAG(s) 'latest_only' retrieved from /home/airflow/.local/lib/python3.12/site-packages/airflow/example_dags/example_latest_only.py
[2024-05-10T07:22:23.915+0000] {logging_mixin.py:188} INFO - [2024-05-10T07:22:23.915+0000] {dag.py:3096} INFO - Sync 1 DAGs
[2024-05-10T07:22:23.936+0000] {logging_mixin.py:188} INFO - [2024-05-10T07:22:23.935+0000] {dag.py:3954} INFO - Setting next_dagrun for latest_only to 2024-05-10 00:00:00+00:00, run_after=2024-05-10 04:00:00+00:00
[2024-05-10T07:22:23.962+0000] {processor.py:183} INFO - Processing /home/airflow/.local/lib/python3.12/site-packages/airflow/example_dags/example_latest_only.py took 0.069 seconds
[2024-05-10T07:22:55.158+0000] {processor.py:161} INFO - Started process (PID=106) to work on /home/airflow/.local/lib/python3.12/site-packages/airflow/example_dags/example_latest_only.py
[2024-05-10T07:22:55.160+0000] {processor.py:830} INFO - Processing file /home/airflow/.local/lib/python3.12/site-packages/airflow/example_dags/example_latest_only.py for tasks to queue
[2024-05-10T07:22:55.161+0000] {logging_mixin.py:188} INFO - [2024-05-10T07:22:55.161+0000] {dagbag.py:540} INFO - Filling up the DagBag from /home/airflow/.local/lib/python3.12/site-packages/airflow/example_dags/example_latest_only.py
[2024-05-10T07:22:55.165+0000] {processor.py:840} INFO - DAG(s) 'latest_only' retrieved from /home/airflow/.local/lib/python3.12/site-packages/airflow/example_dags/example_latest_only.py
[2024-05-10T07:22:55.250+0000] {logging_mixin.py:188} INFO - [2024-05-10T07:22:55.250+0000] {dag.py:3096} INFO - Sync 1 DAGs
[2024-05-10T07:22:55.266+0000] {logging_mixin.py:188} INFO - [2024-05-10T07:22:55.266+0000] {dag.py:3954} INFO - Setting next_dagrun for latest_only to 2024-05-10 00:00:00+00:00, run_after=2024-05-10 04:00:00+00:00
[2024-05-10T07:22:55.284+0000] {processor.py:183} INFO - Processing /home/airflow/.local/lib/python3.12/site-packages/airflow/example_dags/example_latest_only.py took 0.130 seconds
[2024-05-10T07:23:25.625+0000] {processor.py:161} INFO - Started process (PID=164) to work on /home/airflow/.local/lib/python3.12/site-packages/airflow/example_dags/example_latest_only.py
[2024-05-10T07:23:25.626+0000] {processor.py:830} INFO - Processing file /home/airflow/.local/lib/python3.12/site-packages/airflow/example_dags/example_latest_only.py for tasks to queue
[2024-05-10T07:23:25.627+0000] {logging_mixin.py:188} INFO - [2024-05-10T07:23:25.627+0000] {dagbag.py:540} INFO - Filling up the DagBag from /home/airflow/.local/lib/python3.12/site-packages/airflow/example_dags/example_latest_only.py
[2024-05-10T07:23:25.630+0000] {processor.py:840} INFO - DAG(s) 'latest_only' retrieved from /home/airflow/.local/lib/python3.12/site-packages/airflow/example_dags/example_latest_only.py
[2024-05-10T07:23:25.645+0000] {logging_mixin.py:188} INFO - [2024-05-10T07:23:25.645+0000] {dag.py:3096} INFO - Sync 1 DAGs
[2024-05-10T07:23:25.664+0000] {logging_mixin.py:188} INFO - [2024-05-10T07:23:25.664+0000] {dag.py:3954} INFO - Setting next_dagrun for latest_only to 2024-05-10 00:00:00+00:00, run_after=2024-05-10 04:00:00+00:00
[2024-05-10T07:23:25.685+0000] {processor.py:183} INFO - Processing /home/airflow/.local/lib/python3.12/site-packages/airflow/example_dags/example_latest_only.py took 0.064 seconds
[2024-05-10T07:23:56.427+0000] {processor.py:161} INFO - Started process (PID=222) to work on /home/airflow/.local/lib/python3.12/site-packages/airflow/example_dags/example_latest_only.py
[2024-05-10T07:23:56.428+0000] {processor.py:830} INFO - Processing file /home/airflow/.local/lib/python3.12/site-packages/airflow/example_dags/example_latest_only.py for tasks to queue
[2024-05-10T07:23:56.429+0000] {logging_mixin.py:188} INFO - [2024-05-10T07:23:56.429+0000] {dagbag.py:540} INFO - Filling up the DagBag from /home/airflow/.local/lib/python3.12/site-packages/airflow/example_dags/example_latest_only.py
[2024-05-10T07:23:56.433+0000] {processor.py:840} INFO - DAG(s) 'latest_only' retrieved from /home/airflow/.local/lib/python3.12/site-packages/airflow/example_dags/example_latest_only.py
[2024-05-10T07:23:56.451+0000] {logging_mixin.py:188} INFO - [2024-05-10T07:23:56.451+0000] {dag.py:3096} INFO - Sync 1 DAGs
[2024-05-10T07:23:56.469+0000] {logging_mixin.py:188} INFO - [2024-05-10T07:23:56.469+0000] {dag.py:3954} INFO - Setting next_dagrun for latest_only to 2024-05-10 00:00:00+00:00, run_after=2024-05-10 04:00:00+00:00
[2024-05-10T07:23:56.486+0000] {processor.py:183} INFO - Processing /home/airflow/.local/lib/python3.12/site-packages/airflow/example_dags/example_latest_only.py took 0.064 seconds
[2024-05-10T07:24:27.037+0000] {processor.py:161} INFO - Started process (PID=279) to work on /home/airflow/.local/lib/python3.12/site-packages/airflow/example_dags/example_latest_only.py
[2024-05-10T07:24:27.038+0000] {processor.py:830} INFO - Processing file /home/airflow/.local/lib/python3.12/site-packages/airflow/example_dags/example_latest_only.py for tasks to queue
[2024-05-10T07:24:27.039+0000] {logging_mixin.py:188} INFO - [2024-05-10T07:24:27.039+0000] {dagbag.py:540} INFO - Filling up the DagBag from /home/airflow/.local/lib/python3.12/site-packages/airflow/example_dags/example_latest_only.py
[2024-05-10T07:24:27.043+0000] {processor.py:840} INFO - DAG(s) 'latest_only' retrieved from /home/airflow/.local/lib/python3.12/site-packages/airflow/example_dags/example_latest_only.py
[2024-05-10T07:24:27.059+0000] {logging_mixin.py:188} INFO - [2024-05-10T07:24:27.059+0000] {dag.py:3096} INFO - Sync 1 DAGs
[2024-05-10T07:24:27.077+0000] {logging_mixin.py:188} INFO - [2024-05-10T07:24:27.077+0000] {dag.py:3954} INFO - Setting next_dagrun for latest_only to 2024-05-10 00:00:00+00:00, run_after=2024-05-10 04:00:00+00:00
[2024-05-10T07:24:27.096+0000] {processor.py:183} INFO - Processing /home/airflow/.local/lib/python3.12/site-packages/airflow/example_dags/example_latest_only.py took 0.064 seconds
[2024-05-10T07:24:57.548+0000] {processor.py:161} INFO - Started process (PID=337) to work on /home/airflow/.local/lib/python3.12/site-packages/airflow/example_dags/example_latest_only.py
[2024-05-10T07:24:57.548+0000] {processor.py:830} INFO - Processing file /home/airflow/.local/lib/python3.12/site-packages/airflow/example_dags/example_latest_only.py for tasks to queue
[2024-05-10T07:24:57.550+0000] {logging_mixin.py:188} INFO - [2024-05-10T07:24:57.549+0000] {dagbag.py:540} INFO - Filling up the DagBag from /home/airflow/.local/lib/python3.12/site-packages/airflow/example_dags/example_latest_only.py
[2024-05-10T07:24:57.553+0000] {processor.py:840} INFO - DAG(s) 'latest_only' retrieved from /home/airflow/.local/lib/python3.12/site-packages/airflow/example_dags/example_latest_only.py
[2024-05-10T07:24:57.568+0000] {logging_mixin.py:188} INFO - [2024-05-10T07:24:57.568+0000] {dag.py:3096} INFO - Sync 1 DAGs
[2024-05-10T07:24:57.585+0000] {logging_mixin.py:188} INFO - [2024-05-10T07:24:57.585+0000] {dag.py:3954} INFO - Setting next_dagrun for latest_only to 2024-05-10 00:00:00+00:00, run_after=2024-05-10 04:00:00+00:00
[2024-05-10T07:24:57.609+0000] {processor.py:183} INFO - Processing /home/airflow/.local/lib/python3.12/site-packages/airflow/example_dags/example_latest_only.py took 0.066 seconds
[2024-05-10T07:25:28.070+0000] {processor.py:161} INFO - Started process (PID=395) to work on /home/airflow/.local/lib/python3.12/site-packages/airflow/example_dags/example_latest_only.py
[2024-05-10T07:25:28.071+0000] {processor.py:830} INFO - Processing file /home/airflow/.local/lib/python3.12/site-packages/airflow/example_dags/example_latest_only.py for tasks to queue
[2024-05-10T07:25:28.072+0000] {logging_mixin.py:188} INFO - [2024-05-10T07:25:28.072+0000] {dagbag.py:540} INFO - Filling up the DagBag from /home/airflow/.local/lib/python3.12/site-packages/airflow/example_dags/example_latest_only.py
[2024-05-10T07:25:28.075+0000] {processor.py:840} INFO - DAG(s) 'latest_only' retrieved from /home/airflow/.local/lib/python3.12/site-packages/airflow/example_dags/example_latest_only.py
[2024-05-10T07:25:28.091+0000] {logging_mixin.py:188} INFO - [2024-05-10T07:25:28.091+0000] {dag.py:3096} INFO - Sync 1 DAGs
[2024-05-10T07:25:28.118+0000] {logging_mixin.py:188} INFO - [2024-05-10T07:25:28.117+0000] {dag.py:3954} INFO - Setting next_dagrun for latest_only to 2024-05-10 00:00:00+00:00, run_after=2024-05-10 04:00:00+00:00
[2024-05-10T07:25:28.140+0000] {processor.py:183} INFO - Processing /home/airflow/.local/lib/python3.12/site-packages/airflow/example_dags/example_latest_only.py took 0.075 seconds
[2024-05-10T07:25:58.203+0000] {processor.py:161} INFO - Started process (PID=453) to work on /home/airflow/.local/lib/python3.12/site-packages/airflow/example_dags/example_latest_only.py
[2024-05-10T07:25:58.203+0000] {processor.py:830} INFO - Processing file /home/airflow/.local/lib/python3.12/site-packages/airflow/example_dags/example_latest_only.py for tasks to queue
[2024-05-10T07:25:58.205+0000] {logging_mixin.py:188} INFO - [2024-05-10T07:25:58.204+0000] {dagbag.py:540} INFO - Filling up the DagBag from /home/airflow/.local/lib/python3.12/site-packages/airflow/example_dags/example_latest_only.py
[2024-05-10T07:25:58.208+0000] {processor.py:840} INFO - DAG(s) 'latest_only' retrieved from /home/airflow/.local/lib/python3.12/site-packages/airflow/example_dags/example_latest_only.py
[2024-05-10T07:25:58.224+0000] {logging_mixin.py:188} INFO - [2024-05-10T07:25:58.224+0000] {dag.py:3096} INFO - Sync 1 DAGs
[2024-05-10T07:25:58.241+0000] {logging_mixin.py:188} INFO - [2024-05-10T07:25:58.241+0000] {dag.py:3954} INFO - Setting next_dagrun for latest_only to 2024-05-10 00:00:00+00:00, run_after=2024-05-10 04:00:00+00:00
[2024-05-10T07:25:58.263+0000] {processor.py:183} INFO - Processing /home/airflow/.local/lib/python3.12/site-packages/airflow/example_dags/example_latest_only.py took 0.064 seconds
[2024-05-10T07:26:28.715+0000] {processor.py:161} INFO - Started process (PID=511) to work on /home/airflow/.local/lib/python3.12/site-packages/airflow/example_dags/example_latest_only.py
[2024-05-10T07:26:28.715+0000] {processor.py:830} INFO - Processing file /home/airflow/.local/lib/python3.12/site-packages/airflow/example_dags/example_latest_only.py for tasks to queue
[2024-05-10T07:26:28.717+0000] {logging_mixin.py:188} INFO - [2024-05-10T07:26:28.716+0000] {dagbag.py:540} INFO - Filling up the DagBag from /home/airflow/.local/lib/python3.12/site-packages/airflow/example_dags/example_latest_only.py
[2024-05-10T07:26:28.720+0000] {processor.py:840} INFO - DAG(s) 'latest_only' retrieved from /home/airflow/.local/lib/python3.12/site-packages/airflow/example_dags/example_latest_only.py
[2024-05-10T07:26:28.735+0000] {logging_mixin.py:188} INFO - [2024-05-10T07:26:28.735+0000] {dag.py:3096} INFO - Sync 1 DAGs
[2024-05-10T07:26:28.754+0000] {logging_mixin.py:188} INFO - [2024-05-10T07:26:28.754+0000] {dag.py:3954} INFO - Setting next_dagrun for latest_only to 2024-05-10 00:00:00+00:00, run_after=2024-05-10 04:00:00+00:00
[2024-05-10T07:26:28.775+0000] {processor.py:183} INFO - Processing /home/airflow/.local/lib/python3.12/site-packages/airflow/example_dags/example_latest_only.py took 0.065 seconds
[2024-05-10T07:26:59.294+0000] {processor.py:161} INFO - Started process (PID=569) to work on /home/airflow/.local/lib/python3.12/site-packages/airflow/example_dags/example_latest_only.py
[2024-05-10T07:26:59.295+0000] {processor.py:830} INFO - Processing file /home/airflow/.local/lib/python3.12/site-packages/airflow/example_dags/example_latest_only.py for tasks to queue
[2024-05-10T07:26:59.296+0000] {logging_mixin.py:188} INFO - [2024-05-10T07:26:59.296+0000] {dagbag.py:540} INFO - Filling up the DagBag from /home/airflow/.local/lib/python3.12/site-packages/airflow/example_dags/example_latest_only.py
[2024-05-10T07:26:59.299+0000] {processor.py:840} INFO - DAG(s) 'latest_only' retrieved from /home/airflow/.local/lib/python3.12/site-packages/airflow/example_dags/example_latest_only.py
[2024-05-10T07:26:59.315+0000] {logging_mixin.py:188} INFO - [2024-05-10T07:26:59.315+0000] {dag.py:3096} INFO - Sync 1 DAGs
[2024-05-10T07:26:59.332+0000] {logging_mixin.py:188} INFO - [2024-05-10T07:26:59.332+0000] {dag.py:3954} INFO - Setting next_dagrun for latest_only to 2024-05-10 00:00:00+00:00, run_after=2024-05-10 04:00:00+00:00
[2024-05-10T07:26:59.353+0000] {processor.py:183} INFO - Processing /home/airflow/.local/lib/python3.12/site-packages/airflow/example_dags/example_latest_only.py took 0.064 seconds
[2024-05-10T07:27:29.793+0000] {processor.py:161} INFO - Started process (PID=627) to work on /home/airflow/.local/lib/python3.12/site-packages/airflow/example_dags/example_latest_only.py
[2024-05-10T07:27:29.794+0000] {processor.py:830} INFO - Processing file /home/airflow/.local/lib/python3.12/site-packages/airflow/example_dags/example_latest_only.py for tasks to queue
[2024-05-10T07:27:29.795+0000] {logging_mixin.py:188} INFO - [2024-05-10T07:27:29.795+0000] {dagbag.py:540} INFO - Filling up the DagBag from /home/airflow/.local/lib/python3.12/site-packages/airflow/example_dags/example_latest_only.py
[2024-05-10T07:27:29.799+0000] {processor.py:840} INFO - DAG(s) 'latest_only' retrieved from /home/airflow/.local/lib/python3.12/site-packages/airflow/example_dags/example_latest_only.py
[2024-05-10T07:27:29.816+0000] {logging_mixin.py:188} INFO - [2024-05-10T07:27:29.816+0000] {dag.py:3096} INFO - Sync 1 DAGs
[2024-05-10T07:27:29.833+0000] {logging_mixin.py:188} INFO - [2024-05-10T07:27:29.833+0000] {dag.py:3954} INFO - Setting next_dagrun for latest_only to 2024-05-10 00:00:00+00:00, run_after=2024-05-10 04:00:00+00:00
[2024-05-10T07:27:29.852+0000] {processor.py:183} INFO - Processing /home/airflow/.local/lib/python3.12/site-packages/airflow/example_dags/example_latest_only.py took 0.064 seconds
[2024-05-10T07:28:00.556+0000] {processor.py:161} INFO - Started process (PID=685) to work on /home/airflow/.local/lib/python3.12/site-packages/airflow/example_dags/example_latest_only.py
[2024-05-10T07:28:00.557+0000] {processor.py:830} INFO - Processing file /home/airflow/.local/lib/python3.12/site-packages/airflow/example_dags/example_latest_only.py for tasks to queue
[2024-05-10T07:28:00.559+0000] {logging_mixin.py:188} INFO - [2024-05-10T07:28:00.558+0000] {dagbag.py:540} INFO - Filling up the DagBag from /home/airflow/.local/lib/python3.12/site-packages/airflow/example_dags/example_latest_only.py
[2024-05-10T07:28:00.571+0000] {processor.py:840} INFO - DAG(s) 'latest_only' retrieved from /home/airflow/.local/lib/python3.12/site-packages/airflow/example_dags/example_latest_only.py
[2024-05-10T07:28:00.596+0000] {logging_mixin.py:188} INFO - [2024-05-10T07:28:00.593+0000] {dag.py:3096} INFO - Sync 1 DAGs
[2024-05-10T07:28:00.615+0000] {logging_mixin.py:188} INFO - [2024-05-10T07:28:00.615+0000] {dag.py:3954} INFO - Setting next_dagrun for latest_only to 2024-05-10 00:00:00+00:00, run_after=2024-05-10 04:00:00+00:00
[2024-05-10T07:28:00.641+0000] {processor.py:183} INFO - Processing /home/airflow/.local/lib/python3.12/site-packages/airflow/example_dags/example_latest_only.py took 0.090 seconds
[2024-05-10T07:28:30.706+0000] {processor.py:161} INFO - Started process (PID=743) to work on /home/airflow/.local/lib/python3.12/site-packages/airflow/example_dags/example_latest_only.py
[2024-05-10T07:28:30.706+0000] {processor.py:830} INFO - Processing file /home/airflow/.local/lib/python3.12/site-packages/airflow/example_dags/example_latest_only.py for tasks to queue
[2024-05-10T07:28:30.708+0000] {logging_mixin.py:188} INFO - [2024-05-10T07:28:30.707+0000] {dagbag.py:540} INFO - Filling up the DagBag from /home/airflow/.local/lib/python3.12/site-packages/airflow/example_dags/example_latest_only.py
[2024-05-10T07:28:30.711+0000] {processor.py:840} INFO - DAG(s) 'latest_only' retrieved from /home/airflow/.local/lib/python3.12/site-packages/airflow/example_dags/example_latest_only.py
[2024-05-10T07:28:30.727+0000] {logging_mixin.py:188} INFO - [2024-05-10T07:28:30.727+0000] {dag.py:3096} INFO - Sync 1 DAGs
[2024-05-10T07:28:30.745+0000] {logging_mixin.py:188} INFO - [2024-05-10T07:28:30.744+0000] {dag.py:3954} INFO - Setting next_dagrun for latest_only to 2024-05-10 00:00:00+00:00, run_after=2024-05-10 04:00:00+00:00
[2024-05-10T07:28:30.763+0000] {processor.py:183} INFO - Processing /home/airflow/.local/lib/python3.12/site-packages/airflow/example_dags/example_latest_only.py took 0.062 seconds
[2024-05-10T07:29:01.197+0000] {processor.py:161} INFO - Started process (PID=801) to work on /home/airflow/.local/lib/python3.12/site-packages/airflow/example_dags/example_latest_only.py
[2024-05-10T07:29:01.198+0000] {processor.py:830} INFO - Processing file /home/airflow/.local/lib/python3.12/site-packages/airflow/example_dags/example_latest_only.py for tasks to queue
[2024-05-10T07:29:01.199+0000] {logging_mixin.py:188} INFO - [2024-05-10T07:29:01.199+0000] {dagbag.py:540} INFO - Filling up the DagBag from /home/airflow/.local/lib/python3.12/site-packages/airflow/example_dags/example_latest_only.py
[2024-05-10T07:29:01.203+0000] {processor.py:840} INFO - DAG(s) 'latest_only' retrieved from /home/airflow/.local/lib/python3.12/site-packages/airflow/example_dags/example_latest_only.py
[2024-05-10T07:29:01.222+0000] {logging_mixin.py:188} INFO - [2024-05-10T07:29:01.221+0000] {dag.py:3096} INFO - Sync 1 DAGs
[2024-05-10T07:29:01.244+0000] {logging_mixin.py:188} INFO - [2024-05-10T07:29:01.243+0000] {dag.py:3954} INFO - Setting next_dagrun for latest_only to 2024-05-10 00:00:00+00:00, run_after=2024-05-10 04:00:00+00:00
[2024-05-10T07:29:01.263+0000] {processor.py:183} INFO - Processing /home/airflow/.local/lib/python3.12/site-packages/airflow/example_dags/example_latest_only.py took 0.071 seconds
[2024-05-10T07:29:31.570+0000] {processor.py:161} INFO - Started process (PID=859) to work on /home/airflow/.local/lib/python3.12/site-packages/airflow/example_dags/example_latest_only.py
[2024-05-10T07:29:31.570+0000] {processor.py:830} INFO - Processing file /home/airflow/.local/lib/python3.12/site-packages/airflow/example_dags/example_latest_only.py for tasks to queue
[2024-05-10T07:29:31.572+0000] {logging_mixin.py:188} INFO - [2024-05-10T07:29:31.571+0000] {dagbag.py:540} INFO - Filling up the DagBag from /home/airflow/.local/lib/python3.12/site-packages/airflow/example_dags/example_latest_only.py
[2024-05-10T07:29:31.575+0000] {processor.py:840} INFO - DAG(s) 'latest_only' retrieved from /home/airflow/.local/lib/python3.12/site-packages/airflow/example_dags/example_latest_only.py
[2024-05-10T07:29:31.591+0000] {logging_mixin.py:188} INFO - [2024-05-10T07:29:31.591+0000] {dag.py:3096} INFO - Sync 1 DAGs
[2024-05-10T07:29:31.609+0000] {logging_mixin.py:188} INFO - [2024-05-10T07:29:31.608+0000] {dag.py:3954} INFO - Setting next_dagrun for latest_only to 2024-05-10 00:00:00+00:00, run_after=2024-05-10 04:00:00+00:00
[2024-05-10T07:29:31.629+0000] {processor.py:183} INFO - Processing /home/airflow/.local/lib/python3.12/site-packages/airflow/example_dags/example_latest_only.py took 0.064 seconds
[2024-05-10T07:30:02.224+0000] {processor.py:161} INFO - Started process (PID=917) to work on /home/airflow/.local/lib/python3.12/site-packages/airflow/example_dags/example_latest_only.py
[2024-05-10T07:30:02.225+0000] {processor.py:830} INFO - Processing file /home/airflow/.local/lib/python3.12/site-packages/airflow/example_dags/example_latest_only.py for tasks to queue
[2024-05-10T07:30:02.226+0000] {logging_mixin.py:188} INFO - [2024-05-10T07:30:02.226+0000] {dagbag.py:540} INFO - Filling up the DagBag from /home/airflow/.local/lib/python3.12/site-packages/airflow/example_dags/example_latest_only.py
[2024-05-10T07:30:02.229+0000] {processor.py:840} INFO - DAG(s) 'latest_only' retrieved from /home/airflow/.local/lib/python3.12/site-packages/airflow/example_dags/example_latest_only.py
[2024-05-10T07:30:02.245+0000] {logging_mixin.py:188} INFO - [2024-05-10T07:30:02.244+0000] {dag.py:3096} INFO - Sync 1 DAGs
[2024-05-10T07:30:02.262+0000] {logging_mixin.py:188} INFO - [2024-05-10T07:30:02.261+0000] {dag.py:3954} INFO - Setting next_dagrun for latest_only to 2024-05-10 00:00:00+00:00, run_after=2024-05-10 04:00:00+00:00
[2024-05-10T07:30:02.285+0000] {processor.py:183} INFO - Processing /home/airflow/.local/lib/python3.12/site-packages/airflow/example_dags/example_latest_only.py took 0.065 seconds
[2024-05-10T07:30:33.095+0000] {processor.py:161} INFO - Started process (PID=976) to work on /home/airflow/.local/lib/python3.12/site-packages/airflow/example_dags/example_latest_only.py
[2024-05-10T07:30:33.095+0000] {processor.py:830} INFO - Processing file /home/airflow/.local/lib/python3.12/site-packages/airflow/example_dags/example_latest_only.py for tasks to queue
[2024-05-10T07:30:33.096+0000] {logging_mixin.py:188} INFO - [2024-05-10T07:30:33.096+0000] {dagbag.py:540} INFO - Filling up the DagBag from /home/airflow/.local/lib/python3.12/site-packages/airflow/example_dags/example_latest_only.py
[2024-05-10T07:30:33.100+0000] {processor.py:840} INFO - DAG(s) 'latest_only' retrieved from /home/airflow/.local/lib/python3.12/site-packages/airflow/example_dags/example_latest_only.py
[2024-05-10T07:30:33.117+0000] {logging_mixin.py:188} INFO - [2024-05-10T07:30:33.117+0000] {dag.py:3096} INFO - Sync 1 DAGs
[2024-05-10T07:30:33.235+0000] {logging_mixin.py:188} INFO - [2024-05-10T07:30:33.235+0000] {dag.py:3954} INFO - Setting next_dagrun for latest_only to 2024-05-10 00:00:00+00:00, run_after=2024-05-10 04:00:00+00:00
[2024-05-10T07:30:33.251+0000] {processor.py:183} INFO - Processing /home/airflow/.local/lib/python3.12/site-packages/airflow/example_dags/example_latest_only.py took 0.161 seconds
[2024-05-10T07:31:03.315+0000] {processor.py:161} INFO - Started process (PID=1034) to work on /home/airflow/.local/lib/python3.12/site-packages/airflow/example_dags/example_latest_only.py
[2024-05-10T07:31:03.316+0000] {processor.py:830} INFO - Processing file /home/airflow/.local/lib/python3.12/site-packages/airflow/example_dags/example_latest_only.py for tasks to queue
[2024-05-10T07:31:03.317+0000] {logging_mixin.py:188} INFO - [2024-05-10T07:31:03.317+0000] {dagbag.py:540} INFO - Filling up the DagBag from /home/airflow/.local/lib/python3.12/site-packages/airflow/example_dags/example_latest_only.py
[2024-05-10T07:31:03.320+0000] {processor.py:840} INFO - DAG(s) 'latest_only' retrieved from /home/airflow/.local/lib/python3.12/site-packages/airflow/example_dags/example_latest_only.py
[2024-05-10T07:31:03.336+0000] {logging_mixin.py:188} INFO - [2024-05-10T07:31:03.336+0000] {dag.py:3096} INFO - Sync 1 DAGs
[2024-05-10T07:31:03.354+0000] {logging_mixin.py:188} INFO - [2024-05-10T07:31:03.354+0000] {dag.py:3954} INFO - Setting next_dagrun for latest_only to 2024-05-10 00:00:00+00:00, run_after=2024-05-10 04:00:00+00:00
[2024-05-10T07:31:03.470+0000] {processor.py:183} INFO - Processing /home/airflow/.local/lib/python3.12/site-packages/airflow/example_dags/example_latest_only.py took 0.160 seconds
[2024-05-10T07:31:34.081+0000] {processor.py:161} INFO - Started process (PID=1092) to work on /home/airflow/.local/lib/python3.12/site-packages/airflow/example_dags/example_latest_only.py
[2024-05-10T07:31:34.081+0000] {processor.py:830} INFO - Processing file /home/airflow/.local/lib/python3.12/site-packages/airflow/example_dags/example_latest_only.py for tasks to queue
[2024-05-10T07:31:34.083+0000] {logging_mixin.py:188} INFO - [2024-05-10T07:31:34.082+0000] {dagbag.py:540} INFO - Filling up the DagBag from /home/airflow/.local/lib/python3.12/site-packages/airflow/example_dags/example_latest_only.py
[2024-05-10T07:31:34.086+0000] {processor.py:840} INFO - DAG(s) 'latest_only' retrieved from /home/airflow/.local/lib/python3.12/site-packages/airflow/example_dags/example_latest_only.py
[2024-05-10T07:31:34.102+0000] {logging_mixin.py:188} INFO - [2024-05-10T07:31:34.102+0000] {dag.py:3096} INFO - Sync 1 DAGs
[2024-05-10T07:31:34.120+0000] {logging_mixin.py:188} INFO - [2024-05-10T07:31:34.120+0000] {dag.py:3954} INFO - Setting next_dagrun for latest_only to 2024-05-10 00:00:00+00:00, run_after=2024-05-10 04:00:00+00:00
[2024-05-10T07:31:34.139+0000] {processor.py:183} INFO - Processing /home/airflow/.local/lib/python3.12/site-packages/airflow/example_dags/example_latest_only.py took 0.064 seconds
[2024-05-10T07:32:04.877+0000] {processor.py:161} INFO - Started process (PID=1150) to work on /home/airflow/.local/lib/python3.12/site-packages/airflow/example_dags/example_latest_only.py
[2024-05-10T07:32:04.878+0000] {processor.py:830} INFO - Processing file /home/airflow/.local/lib/python3.12/site-packages/airflow/example_dags/example_latest_only.py for tasks to queue
[2024-05-10T07:32:04.879+0000] {logging_mixin.py:188} INFO - [2024-05-10T07:32:04.879+0000] {dagbag.py:540} INFO - Filling up the DagBag from /home/airflow/.local/lib/python3.12/site-packages/airflow/example_dags/example_latest_only.py
[2024-05-10T07:32:04.883+0000] {processor.py:840} INFO - DAG(s) 'latest_only' retrieved from /home/airflow/.local/lib/python3.12/site-packages/airflow/example_dags/example_latest_only.py
[2024-05-10T07:32:04.906+0000] {logging_mixin.py:188} INFO - [2024-05-10T07:32:04.906+0000] {dag.py:3096} INFO - Sync 1 DAGs
[2024-05-10T07:32:04.931+0000] {logging_mixin.py:188} INFO - [2024-05-10T07:32:04.931+0000] {dag.py:3954} INFO - Setting next_dagrun for latest_only to 2024-05-10 00:00:00+00:00, run_after=2024-05-10 04:00:00+00:00
[2024-05-10T07:32:04.965+0000] {processor.py:183} INFO - Processing /home/airflow/.local/lib/python3.12/site-packages/airflow/example_dags/example_latest_only.py took 0.097 seconds
[2024-05-10T07:32:35.526+0000] {processor.py:161} INFO - Started process (PID=1209) to work on /home/airflow/.local/lib/python3.12/site-packages/airflow/example_dags/example_latest_only.py
[2024-05-10T07:32:35.527+0000] {processor.py:830} INFO - Processing file /home/airflow/.local/lib/python3.12/site-packages/airflow/example_dags/example_latest_only.py for tasks to queue
[2024-05-10T07:32:35.528+0000] {logging_mixin.py:188} INFO - [2024-05-10T07:32:35.528+0000] {dagbag.py:540} INFO - Filling up the DagBag from /home/airflow/.local/lib/python3.12/site-packages/airflow/example_dags/example_latest_only.py
[2024-05-10T07:32:35.531+0000] {processor.py:840} INFO - DAG(s) 'latest_only' retrieved from /home/airflow/.local/lib/python3.12/site-packages/airflow/example_dags/example_latest_only.py
[2024-05-10T07:32:35.547+0000] {logging_mixin.py:188} INFO - [2024-05-10T07:32:35.547+0000] {dag.py:3096} INFO - Sync 1 DAGs
[2024-05-10T07:32:35.565+0000] {logging_mixin.py:188} INFO - [2024-05-10T07:32:35.565+0000] {dag.py:3954} INFO - Setting next_dagrun for latest_only to 2024-05-10 00:00:00+00:00, run_after=2024-05-10 04:00:00+00:00
[2024-05-10T07:32:35.585+0000] {processor.py:183} INFO - Processing /home/airflow/.local/lib/python3.12/site-packages/airflow/example_dags/example_latest_only.py took 0.063 seconds
[2024-05-10T07:33:06.177+0000] {processor.py:161} INFO - Started process (PID=1267) to work on /home/airflow/.local/lib/python3.12/site-packages/airflow/example_dags/example_latest_only.py
[2024-05-10T07:33:06.179+0000] {processor.py:830} INFO - Processing file /home/airflow/.local/lib/python3.12/site-packages/airflow/example_dags/example_latest_only.py for tasks to queue
[2024-05-10T07:33:06.182+0000] {logging_mixin.py:188} INFO - [2024-05-10T07:33:06.181+0000] {dagbag.py:540} INFO - Filling up the DagBag from /home/airflow/.local/lib/python3.12/site-packages/airflow/example_dags/example_latest_only.py
[2024-05-10T07:33:06.190+0000] {processor.py:840} INFO - DAG(s) 'latest_only' retrieved from /home/airflow/.local/lib/python3.12/site-packages/airflow/example_dags/example_latest_only.py
[2024-05-10T07:33:06.227+0000] {logging_mixin.py:188} INFO - [2024-05-10T07:33:06.227+0000] {dag.py:3096} INFO - Sync 1 DAGs
[2024-05-10T07:33:06.267+0000] {logging_mixin.py:188} INFO - [2024-05-10T07:33:06.267+0000] {dag.py:3954} INFO - Setting next_dagrun for latest_only to 2024-05-10 00:00:00+00:00, run_after=2024-05-10 04:00:00+00:00
[2024-05-10T07:33:06.297+0000] {processor.py:183} INFO - Processing /home/airflow/.local/lib/python3.12/site-packages/airflow/example_dags/example_latest_only.py took 0.131 seconds
[2024-05-10T07:33:36.895+0000] {processor.py:161} INFO - Started process (PID=1327) to work on /home/airflow/.local/lib/python3.12/site-packages/airflow/example_dags/example_latest_only.py
[2024-05-10T07:33:36.895+0000] {processor.py:830} INFO - Processing file /home/airflow/.local/lib/python3.12/site-packages/airflow/example_dags/example_latest_only.py for tasks to queue
[2024-05-10T07:33:36.896+0000] {logging_mixin.py:188} INFO - [2024-05-10T07:33:36.896+0000] {dagbag.py:540} INFO - Filling up the DagBag from /home/airflow/.local/lib/python3.12/site-packages/airflow/example_dags/example_latest_only.py
[2024-05-10T07:33:36.900+0000] {processor.py:840} INFO - DAG(s) 'latest_only' retrieved from /home/airflow/.local/lib/python3.12/site-packages/airflow/example_dags/example_latest_only.py
[2024-05-10T07:33:36.915+0000] {logging_mixin.py:188} INFO - [2024-05-10T07:33:36.915+0000] {dag.py:3096} INFO - Sync 1 DAGs
[2024-05-10T07:33:36.933+0000] {logging_mixin.py:188} INFO - [2024-05-10T07:33:36.933+0000] {dag.py:3954} INFO - Setting next_dagrun for latest_only to 2024-05-10 00:00:00+00:00, run_after=2024-05-10 04:00:00+00:00
[2024-05-10T07:33:36.951+0000] {processor.py:183} INFO - Processing /home/airflow/.local/lib/python3.12/site-packages/airflow/example_dags/example_latest_only.py took 0.061 seconds
[2024-05-10T07:34:07.453+0000] {processor.py:161} INFO - Started process (PID=1387) to work on /home/airflow/.local/lib/python3.12/site-packages/airflow/example_dags/example_latest_only.py
[2024-05-10T07:34:07.454+0000] {processor.py:830} INFO - Processing file /home/airflow/.local/lib/python3.12/site-packages/airflow/example_dags/example_latest_only.py for tasks to queue
[2024-05-10T07:34:07.457+0000] {logging_mixin.py:188} INFO - [2024-05-10T07:34:07.456+0000] {dagbag.py:540} INFO - Filling up the DagBag from /home/airflow/.local/lib/python3.12/site-packages/airflow/example_dags/example_latest_only.py
[2024-05-10T07:34:07.460+0000] {processor.py:840} INFO - DAG(s) 'latest_only' retrieved from /home/airflow/.local/lib/python3.12/site-packages/airflow/example_dags/example_latest_only.py
[2024-05-10T07:34:07.480+0000] {logging_mixin.py:188} INFO - [2024-05-10T07:34:07.480+0000] {dag.py:3096} INFO - Sync 1 DAGs
[2024-05-10T07:34:07.505+0000] {logging_mixin.py:188} INFO - [2024-05-10T07:34:07.505+0000] {dag.py:3954} INFO - Setting next_dagrun for latest_only to 2024-05-10 00:00:00+00:00, run_after=2024-05-10 04:00:00+00:00
[2024-05-10T07:34:07.529+0000] {processor.py:183} INFO - Processing /home/airflow/.local/lib/python3.12/site-packages/airflow/example_dags/example_latest_only.py took 0.081 seconds
[2024-05-10T07:34:38.259+0000] {processor.py:161} INFO - Started process (PID=1446) to work on /home/airflow/.local/lib/python3.12/site-packages/airflow/example_dags/example_latest_only.py
[2024-05-10T07:34:38.260+0000] {processor.py:830} INFO - Processing file /home/airflow/.local/lib/python3.12/site-packages/airflow/example_dags/example_latest_only.py for tasks to queue
[2024-05-10T07:34:38.261+0000] {logging_mixin.py:188} INFO - [2024-05-10T07:34:38.261+0000] {dagbag.py:540} INFO - Filling up the DagBag from /home/airflow/.local/lib/python3.12/site-packages/airflow/example_dags/example_latest_only.py
[2024-05-10T07:34:38.265+0000] {processor.py:840} INFO - DAG(s) 'latest_only' retrieved from /home/airflow/.local/lib/python3.12/site-packages/airflow/example_dags/example_latest_only.py
[2024-05-10T07:34:38.280+0000] {logging_mixin.py:188} INFO - [2024-05-10T07:34:38.280+0000] {dag.py:3096} INFO - Sync 1 DAGs
[2024-05-10T07:34:38.299+0000] {logging_mixin.py:188} INFO - [2024-05-10T07:34:38.299+0000] {dag.py:3954} INFO - Setting next_dagrun for latest_only to 2024-05-10 00:00:00+00:00, run_after=2024-05-10 04:00:00+00:00
[2024-05-10T07:34:38.318+0000] {processor.py:183} INFO - Processing /home/airflow/.local/lib/python3.12/site-packages/airflow/example_dags/example_latest_only.py took 0.063 seconds
[2024-05-10T07:35:08.852+0000] {processor.py:161} INFO - Started process (PID=1505) to work on /home/airflow/.local/lib/python3.12/site-packages/airflow/example_dags/example_latest_only.py
[2024-05-10T07:35:08.853+0000] {processor.py:830} INFO - Processing file /home/airflow/.local/lib/python3.12/site-packages/airflow/example_dags/example_latest_only.py for tasks to queue
[2024-05-10T07:35:08.854+0000] {logging_mixin.py:188} INFO - [2024-05-10T07:35:08.854+0000] {dagbag.py:540} INFO - Filling up the DagBag from /home/airflow/.local/lib/python3.12/site-packages/airflow/example_dags/example_latest_only.py
[2024-05-10T07:35:08.859+0000] {processor.py:840} INFO - DAG(s) 'latest_only' retrieved from /home/airflow/.local/lib/python3.12/site-packages/airflow/example_dags/example_latest_only.py
[2024-05-10T07:35:08.875+0000] {logging_mixin.py:188} INFO - [2024-05-10T07:35:08.875+0000] {dag.py:3096} INFO - Sync 1 DAGs
[2024-05-10T07:35:08.896+0000] {logging_mixin.py:188} INFO - [2024-05-10T07:35:08.896+0000] {dag.py:3954} INFO - Setting next_dagrun for latest_only to 2024-05-10 00:00:00+00:00, run_after=2024-05-10 04:00:00+00:00
[2024-05-10T07:35:08.918+0000] {processor.py:183} INFO - Processing /home/airflow/.local/lib/python3.12/site-packages/airflow/example_dags/example_latest_only.py took 0.072 seconds
[2024-05-10T07:35:39.737+0000] {processor.py:161} INFO - Started process (PID=1570) to work on /home/airflow/.local/lib/python3.12/site-packages/airflow/example_dags/example_latest_only.py
[2024-05-10T07:35:39.739+0000] {processor.py:830} INFO - Processing file /home/airflow/.local/lib/python3.12/site-packages/airflow/example_dags/example_latest_only.py for tasks to queue
[2024-05-10T07:35:39.740+0000] {logging_mixin.py:188} INFO - [2024-05-10T07:35:39.740+0000] {dagbag.py:540} INFO - Filling up the DagBag from /home/airflow/.local/lib/python3.12/site-packages/airflow/example_dags/example_latest_only.py
[2024-05-10T07:35:39.744+0000] {processor.py:840} INFO - DAG(s) 'latest_only' retrieved from /home/airflow/.local/lib/python3.12/site-packages/airflow/example_dags/example_latest_only.py
[2024-05-10T07:35:39.759+0000] {logging_mixin.py:188} INFO - [2024-05-10T07:35:39.759+0000] {dag.py:3096} INFO - Sync 1 DAGs
[2024-05-10T07:35:39.777+0000] {logging_mixin.py:188} INFO - [2024-05-10T07:35:39.777+0000] {dag.py:3954} INFO - Setting next_dagrun for latest_only to 2024-05-10 00:00:00+00:00, run_after=2024-05-10 04:00:00+00:00
[2024-05-10T07:35:39.796+0000] {processor.py:183} INFO - Processing /home/airflow/.local/lib/python3.12/site-packages/airflow/example_dags/example_latest_only.py took 0.063 seconds
[2024-05-10T07:36:10.045+0000] {processor.py:161} INFO - Started process (PID=1629) to work on /home/airflow/.local/lib/python3.12/site-packages/airflow/example_dags/example_latest_only.py
[2024-05-10T07:36:10.046+0000] {processor.py:830} INFO - Processing file /home/airflow/.local/lib/python3.12/site-packages/airflow/example_dags/example_latest_only.py for tasks to queue
[2024-05-10T07:36:10.047+0000] {logging_mixin.py:188} INFO - [2024-05-10T07:36:10.047+0000] {dagbag.py:540} INFO - Filling up the DagBag from /home/airflow/.local/lib/python3.12/site-packages/airflow/example_dags/example_latest_only.py
[2024-05-10T07:36:10.050+0000] {processor.py:840} INFO - DAG(s) 'latest_only' retrieved from /home/airflow/.local/lib/python3.12/site-packages/airflow/example_dags/example_latest_only.py
[2024-05-10T07:36:10.067+0000] {logging_mixin.py:188} INFO - [2024-05-10T07:36:10.067+0000] {dag.py:3096} INFO - Sync 1 DAGs
[2024-05-10T07:36:10.085+0000] {logging_mixin.py:188} INFO - [2024-05-10T07:36:10.085+0000] {dag.py:3954} INFO - Setting next_dagrun for latest_only to 2024-05-10 00:00:00+00:00, run_after=2024-05-10 04:00:00+00:00
[2024-05-10T07:36:10.107+0000] {processor.py:183} INFO - Processing /home/airflow/.local/lib/python3.12/site-packages/airflow/example_dags/example_latest_only.py took 0.067 seconds
[2024-05-10T07:36:40.227+0000] {processor.py:161} INFO - Started process (PID=1687) to work on /home/airflow/.local/lib/python3.12/site-packages/airflow/example_dags/example_latest_only.py
[2024-05-10T07:36:40.227+0000] {processor.py:830} INFO - Processing file /home/airflow/.local/lib/python3.12/site-packages/airflow/example_dags/example_latest_only.py for tasks to queue
[2024-05-10T07:36:40.229+0000] {logging_mixin.py:188} INFO - [2024-05-10T07:36:40.228+0000] {dagbag.py:540} INFO - Filling up the DagBag from /home/airflow/.local/lib/python3.12/site-packages/airflow/example_dags/example_latest_only.py
[2024-05-10T07:36:40.232+0000] {processor.py:840} INFO - DAG(s) 'latest_only' retrieved from /home/airflow/.local/lib/python3.12/site-packages/airflow/example_dags/example_latest_only.py
[2024-05-10T07:36:40.254+0000] {logging_mixin.py:188} INFO - [2024-05-10T07:36:40.254+0000] {dag.py:3096} INFO - Sync 1 DAGs
[2024-05-10T07:36:40.272+0000] {logging_mixin.py:188} INFO - [2024-05-10T07:36:40.272+0000] {dag.py:3954} INFO - Setting next_dagrun for latest_only to 2024-05-10 00:00:00+00:00, run_after=2024-05-10 04:00:00+00:00
[2024-05-10T07:36:40.297+0000] {processor.py:183} INFO - Processing /home/airflow/.local/lib/python3.12/site-packages/airflow/example_dags/example_latest_only.py took 0.075 seconds
[2024-05-10T07:37:10.383+0000] {processor.py:161} INFO - Started process (PID=1746) to work on /home/airflow/.local/lib/python3.12/site-packages/airflow/example_dags/example_latest_only.py
[2024-05-10T07:37:10.384+0000] {processor.py:830} INFO - Processing file /home/airflow/.local/lib/python3.12/site-packages/airflow/example_dags/example_latest_only.py for tasks to queue
[2024-05-10T07:37:10.385+0000] {logging_mixin.py:188} INFO - [2024-05-10T07:37:10.385+0000] {dagbag.py:540} INFO - Filling up the DagBag from /home/airflow/.local/lib/python3.12/site-packages/airflow/example_dags/example_latest_only.py
[2024-05-10T07:37:10.389+0000] {processor.py:840} INFO - DAG(s) 'latest_only' retrieved from /home/airflow/.local/lib/python3.12/site-packages/airflow/example_dags/example_latest_only.py
[2024-05-10T07:37:10.405+0000] {logging_mixin.py:188} INFO - [2024-05-10T07:37:10.405+0000] {dag.py:3096} INFO - Sync 1 DAGs
[2024-05-10T07:37:10.424+0000] {logging_mixin.py:188} INFO - [2024-05-10T07:37:10.424+0000] {dag.py:3954} INFO - Setting next_dagrun for latest_only to 2024-05-10 00:00:00+00:00, run_after=2024-05-10 04:00:00+00:00
[2024-05-10T07:37:10.441+0000] {processor.py:183} INFO - Processing /home/airflow/.local/lib/python3.12/site-packages/airflow/example_dags/example_latest_only.py took 0.063 seconds
[2024-05-10T07:37:40.593+0000] {processor.py:161} INFO - Started process (PID=1805) to work on /home/airflow/.local/lib/python3.12/site-packages/airflow/example_dags/example_latest_only.py
[2024-05-10T07:37:40.594+0000] {processor.py:830} INFO - Processing file /home/airflow/.local/lib/python3.12/site-packages/airflow/example_dags/example_latest_only.py for tasks to queue
[2024-05-10T07:37:40.595+0000] {logging_mixin.py:188} INFO - [2024-05-10T07:37:40.595+0000] {dagbag.py:540} INFO - Filling up the DagBag from /home/airflow/.local/lib/python3.12/site-packages/airflow/example_dags/example_latest_only.py
[2024-05-10T07:37:40.599+0000] {processor.py:840} INFO - DAG(s) 'latest_only' retrieved from /home/airflow/.local/lib/python3.12/site-packages/airflow/example_dags/example_latest_only.py
[2024-05-10T07:37:40.615+0000] {logging_mixin.py:188} INFO - [2024-05-10T07:37:40.614+0000] {dag.py:3096} INFO - Sync 1 DAGs
[2024-05-10T07:37:40.633+0000] {logging_mixin.py:188} INFO - [2024-05-10T07:37:40.633+0000] {dag.py:3954} INFO - Setting next_dagrun for latest_only to 2024-05-10 00:00:00+00:00, run_after=2024-05-10 04:00:00+00:00
[2024-05-10T07:37:40.652+0000] {processor.py:183} INFO - Processing /home/airflow/.local/lib/python3.12/site-packages/airflow/example_dags/example_latest_only.py took 0.063 seconds
[2024-05-10T07:38:11.289+0000] {processor.py:161} INFO - Started process (PID=1864) to work on /home/airflow/.local/lib/python3.12/site-packages/airflow/example_dags/example_latest_only.py
[2024-05-10T07:38:11.290+0000] {processor.py:830} INFO - Processing file /home/airflow/.local/lib/python3.12/site-packages/airflow/example_dags/example_latest_only.py for tasks to queue
[2024-05-10T07:38:11.291+0000] {logging_mixin.py:188} INFO - [2024-05-10T07:38:11.291+0000] {dagbag.py:540} INFO - Filling up the DagBag from /home/airflow/.local/lib/python3.12/site-packages/airflow/example_dags/example_latest_only.py
[2024-05-10T07:38:11.295+0000] {processor.py:840} INFO - DAG(s) 'latest_only' retrieved from /home/airflow/.local/lib/python3.12/site-packages/airflow/example_dags/example_latest_only.py
[2024-05-10T07:38:11.311+0000] {logging_mixin.py:188} INFO - [2024-05-10T07:38:11.311+0000] {dag.py:3096} INFO - Sync 1 DAGs
[2024-05-10T07:38:11.329+0000] {logging_mixin.py:188} INFO - [2024-05-10T07:38:11.329+0000] {dag.py:3954} INFO - Setting next_dagrun for latest_only to 2024-05-10 00:00:00+00:00, run_after=2024-05-10 04:00:00+00:00
[2024-05-10T07:38:11.353+0000] {processor.py:183} INFO - Processing /home/airflow/.local/lib/python3.12/site-packages/airflow/example_dags/example_latest_only.py took 0.069 seconds
[2024-05-10T07:38:41.973+0000] {processor.py:161} INFO - Started process (PID=1922) to work on /home/airflow/.local/lib/python3.12/site-packages/airflow/example_dags/example_latest_only.py
[2024-05-10T07:38:41.974+0000] {processor.py:830} INFO - Processing file /home/airflow/.local/lib/python3.12/site-packages/airflow/example_dags/example_latest_only.py for tasks to queue
[2024-05-10T07:38:41.975+0000] {logging_mixin.py:188} INFO - [2024-05-10T07:38:41.975+0000] {dagbag.py:540} INFO - Filling up the DagBag from /home/airflow/.local/lib/python3.12/site-packages/airflow/example_dags/example_latest_only.py
[2024-05-10T07:38:41.979+0000] {processor.py:840} INFO - DAG(s) 'latest_only' retrieved from /home/airflow/.local/lib/python3.12/site-packages/airflow/example_dags/example_latest_only.py
[2024-05-10T07:38:41.995+0000] {logging_mixin.py:188} INFO - [2024-05-10T07:38:41.995+0000] {dag.py:3096} INFO - Sync 1 DAGs
[2024-05-10T07:38:42.013+0000] {logging_mixin.py:188} INFO - [2024-05-10T07:38:42.013+0000] {dag.py:3954} INFO - Setting next_dagrun for latest_only to 2024-05-10 00:00:00+00:00, run_after=2024-05-10 04:00:00+00:00
[2024-05-10T07:38:42.030+0000] {processor.py:183} INFO - Processing /home/airflow/.local/lib/python3.12/site-packages/airflow/example_dags/example_latest_only.py took 0.061 seconds
[2024-05-10T07:39:12.760+0000] {processor.py:161} INFO - Started process (PID=1981) to work on /home/airflow/.local/lib/python3.12/site-packages/airflow/example_dags/example_latest_only.py
[2024-05-10T07:39:12.760+0000] {processor.py:830} INFO - Processing file /home/airflow/.local/lib/python3.12/site-packages/airflow/example_dags/example_latest_only.py for tasks to queue
[2024-05-10T07:39:12.762+0000] {logging_mixin.py:188} INFO - [2024-05-10T07:39:12.761+0000] {dagbag.py:540} INFO - Filling up the DagBag from /home/airflow/.local/lib/python3.12/site-packages/airflow/example_dags/example_latest_only.py
[2024-05-10T07:39:12.765+0000] {processor.py:840} INFO - DAG(s) 'latest_only' retrieved from /home/airflow/.local/lib/python3.12/site-packages/airflow/example_dags/example_latest_only.py
[2024-05-10T07:39:12.781+0000] {logging_mixin.py:188} INFO - [2024-05-10T07:39:12.781+0000] {dag.py:3096} INFO - Sync 1 DAGs
[2024-05-10T07:39:12.799+0000] {logging_mixin.py:188} INFO - [2024-05-10T07:39:12.799+0000] {dag.py:3954} INFO - Setting next_dagrun for latest_only to 2024-05-10 00:00:00+00:00, run_after=2024-05-10 04:00:00+00:00
[2024-05-10T07:39:12.819+0000] {processor.py:183} INFO - Processing /home/airflow/.local/lib/python3.12/site-packages/airflow/example_dags/example_latest_only.py took 0.064 seconds
[2024-05-10T07:39:42.973+0000] {processor.py:161} INFO - Started process (PID=2039) to work on /home/airflow/.local/lib/python3.12/site-packages/airflow/example_dags/example_latest_only.py
[2024-05-10T07:39:42.974+0000] {processor.py:830} INFO - Processing file /home/airflow/.local/lib/python3.12/site-packages/airflow/example_dags/example_latest_only.py for tasks to queue
[2024-05-10T07:39:42.975+0000] {logging_mixin.py:188} INFO - [2024-05-10T07:39:42.975+0000] {dagbag.py:540} INFO - Filling up the DagBag from /home/airflow/.local/lib/python3.12/site-packages/airflow/example_dags/example_latest_only.py
[2024-05-10T07:39:42.979+0000] {processor.py:840} INFO - DAG(s) 'latest_only' retrieved from /home/airflow/.local/lib/python3.12/site-packages/airflow/example_dags/example_latest_only.py
[2024-05-10T07:39:42.994+0000] {logging_mixin.py:188} INFO - [2024-05-10T07:39:42.994+0000] {dag.py:3096} INFO - Sync 1 DAGs
[2024-05-10T07:39:43.012+0000] {logging_mixin.py:188} INFO - [2024-05-10T07:39:43.012+0000] {dag.py:3954} INFO - Setting next_dagrun for latest_only to 2024-05-10 00:00:00+00:00, run_after=2024-05-10 04:00:00+00:00
[2024-05-10T07:39:43.099+0000] {processor.py:183} INFO - Processing /home/airflow/.local/lib/python3.12/site-packages/airflow/example_dags/example_latest_only.py took 0.131 seconds
[2024-05-10T07:40:14.068+0000] {processor.py:161} INFO - Started process (PID=2098) to work on /home/airflow/.local/lib/python3.12/site-packages/airflow/example_dags/example_latest_only.py
[2024-05-10T07:40:14.069+0000] {processor.py:830} INFO - Processing file /home/airflow/.local/lib/python3.12/site-packages/airflow/example_dags/example_latest_only.py for tasks to queue
[2024-05-10T07:40:14.071+0000] {logging_mixin.py:188} INFO - [2024-05-10T07:40:14.071+0000] {dagbag.py:540} INFO - Filling up the DagBag from /home/airflow/.local/lib/python3.12/site-packages/airflow/example_dags/example_latest_only.py
[2024-05-10T07:40:14.075+0000] {processor.py:840} INFO - DAG(s) 'latest_only' retrieved from /home/airflow/.local/lib/python3.12/site-packages/airflow/example_dags/example_latest_only.py
[2024-05-10T07:40:14.095+0000] {logging_mixin.py:188} INFO - [2024-05-10T07:40:14.095+0000] {dag.py:3096} INFO - Sync 1 DAGs
[2024-05-10T07:40:14.114+0000] {logging_mixin.py:188} INFO - [2024-05-10T07:40:14.114+0000] {dag.py:3954} INFO - Setting next_dagrun for latest_only to 2024-05-10 00:00:00+00:00, run_after=2024-05-10 04:00:00+00:00
[2024-05-10T07:40:14.129+0000] {processor.py:183} INFO - Processing /home/airflow/.local/lib/python3.12/site-packages/airflow/example_dags/example_latest_only.py took 0.069 seconds
[2024-05-10T07:40:44.737+0000] {processor.py:161} INFO - Started process (PID=2157) to work on /home/airflow/.local/lib/python3.12/site-packages/airflow/example_dags/example_latest_only.py
[2024-05-10T07:40:44.737+0000] {processor.py:830} INFO - Processing file /home/airflow/.local/lib/python3.12/site-packages/airflow/example_dags/example_latest_only.py for tasks to queue
[2024-05-10T07:40:44.738+0000] {logging_mixin.py:188} INFO - [2024-05-10T07:40:44.738+0000] {dagbag.py:540} INFO - Filling up the DagBag from /home/airflow/.local/lib/python3.12/site-packages/airflow/example_dags/example_latest_only.py
[2024-05-10T07:40:44.742+0000] {processor.py:840} INFO - DAG(s) 'latest_only' retrieved from /home/airflow/.local/lib/python3.12/site-packages/airflow/example_dags/example_latest_only.py
[2024-05-10T07:40:44.758+0000] {logging_mixin.py:188} INFO - [2024-05-10T07:40:44.758+0000] {dag.py:3096} INFO - Sync 1 DAGs
[2024-05-10T07:40:44.776+0000] {logging_mixin.py:188} INFO - [2024-05-10T07:40:44.776+0000] {dag.py:3954} INFO - Setting next_dagrun for latest_only to 2024-05-10 00:00:00+00:00, run_after=2024-05-10 04:00:00+00:00
[2024-05-10T07:40:44.797+0000] {processor.py:183} INFO - Processing /home/airflow/.local/lib/python3.12/site-packages/airflow/example_dags/example_latest_only.py took 0.065 seconds
[2024-05-10T07:41:15.259+0000] {processor.py:161} INFO - Started process (PID=2216) to work on /home/airflow/.local/lib/python3.12/site-packages/airflow/example_dags/example_latest_only.py
[2024-05-10T07:41:15.261+0000] {processor.py:830} INFO - Processing file /home/airflow/.local/lib/python3.12/site-packages/airflow/example_dags/example_latest_only.py for tasks to queue
[2024-05-10T07:41:15.265+0000] {logging_mixin.py:188} INFO - [2024-05-10T07:41:15.264+0000] {dagbag.py:540} INFO - Filling up the DagBag from /home/airflow/.local/lib/python3.12/site-packages/airflow/example_dags/example_latest_only.py
[2024-05-10T07:41:15.276+0000] {processor.py:840} INFO - DAG(s) 'latest_only' retrieved from /home/airflow/.local/lib/python3.12/site-packages/airflow/example_dags/example_latest_only.py
[2024-05-10T07:41:15.325+0000] {logging_mixin.py:188} INFO - [2024-05-10T07:41:15.324+0000] {dag.py:3096} INFO - Sync 1 DAGs
[2024-05-10T07:41:15.355+0000] {logging_mixin.py:188} INFO - [2024-05-10T07:41:15.355+0000] {dag.py:3954} INFO - Setting next_dagrun for latest_only to 2024-05-10 00:00:00+00:00, run_after=2024-05-10 04:00:00+00:00
[2024-05-10T07:41:15.385+0000] {processor.py:183} INFO - Processing /home/airflow/.local/lib/python3.12/site-packages/airflow/example_dags/example_latest_only.py took 0.140 seconds
[2024-05-10T07:41:45.564+0000] {processor.py:161} INFO - Started process (PID=2275) to work on /home/airflow/.local/lib/python3.12/site-packages/airflow/example_dags/example_latest_only.py
[2024-05-10T07:41:45.564+0000] {processor.py:830} INFO - Processing file /home/airflow/.local/lib/python3.12/site-packages/airflow/example_dags/example_latest_only.py for tasks to queue
[2024-05-10T07:41:45.566+0000] {logging_mixin.py:188} INFO - [2024-05-10T07:41:45.566+0000] {dagbag.py:540} INFO - Filling up the DagBag from /home/airflow/.local/lib/python3.12/site-packages/airflow/example_dags/example_latest_only.py
[2024-05-10T07:41:45.569+0000] {processor.py:840} INFO - DAG(s) 'latest_only' retrieved from /home/airflow/.local/lib/python3.12/site-packages/airflow/example_dags/example_latest_only.py
[2024-05-10T07:41:45.586+0000] {logging_mixin.py:188} INFO - [2024-05-10T07:41:45.586+0000] {dag.py:3096} INFO - Sync 1 DAGs
[2024-05-10T07:41:45.608+0000] {logging_mixin.py:188} INFO - [2024-05-10T07:41:45.608+0000] {dag.py:3954} INFO - Setting next_dagrun for latest_only to 2024-05-10 00:00:00+00:00, run_after=2024-05-10 04:00:00+00:00
[2024-05-10T07:41:45.632+0000] {processor.py:183} INFO - Processing /home/airflow/.local/lib/python3.12/site-packages/airflow/example_dags/example_latest_only.py took 0.074 seconds
[2024-05-10T07:42:15.763+0000] {processor.py:161} INFO - Started process (PID=2333) to work on /home/airflow/.local/lib/python3.12/site-packages/airflow/example_dags/example_latest_only.py
[2024-05-10T07:42:15.766+0000] {processor.py:830} INFO - Processing file /home/airflow/.local/lib/python3.12/site-packages/airflow/example_dags/example_latest_only.py for tasks to queue
[2024-05-10T07:42:15.771+0000] {logging_mixin.py:188} INFO - [2024-05-10T07:42:15.770+0000] {dagbag.py:540} INFO - Filling up the DagBag from /home/airflow/.local/lib/python3.12/site-packages/airflow/example_dags/example_latest_only.py
[2024-05-10T07:42:15.787+0000] {processor.py:840} INFO - DAG(s) 'latest_only' retrieved from /home/airflow/.local/lib/python3.12/site-packages/airflow/example_dags/example_latest_only.py
[2024-05-10T07:42:15.845+0000] {logging_mixin.py:188} INFO - [2024-05-10T07:42:15.844+0000] {dag.py:3096} INFO - Sync 1 DAGs
[2024-05-10T07:42:15.877+0000] {logging_mixin.py:188} INFO - [2024-05-10T07:42:15.877+0000] {dag.py:3954} INFO - Setting next_dagrun for latest_only to 2024-05-10 00:00:00+00:00, run_after=2024-05-10 04:00:00+00:00
[2024-05-10T07:42:15.908+0000] {processor.py:183} INFO - Processing /home/airflow/.local/lib/python3.12/site-packages/airflow/example_dags/example_latest_only.py took 0.163 seconds
[2024-05-10T07:42:46.843+0000] {processor.py:161} INFO - Started process (PID=2392) to work on /home/airflow/.local/lib/python3.12/site-packages/airflow/example_dags/example_latest_only.py
[2024-05-10T07:42:46.844+0000] {processor.py:830} INFO - Processing file /home/airflow/.local/lib/python3.12/site-packages/airflow/example_dags/example_latest_only.py for tasks to queue
[2024-05-10T07:42:46.846+0000] {logging_mixin.py:188} INFO - [2024-05-10T07:42:46.846+0000] {dagbag.py:540} INFO - Filling up the DagBag from /home/airflow/.local/lib/python3.12/site-packages/airflow/example_dags/example_latest_only.py
[2024-05-10T07:42:46.850+0000] {processor.py:840} INFO - DAG(s) 'latest_only' retrieved from /home/airflow/.local/lib/python3.12/site-packages/airflow/example_dags/example_latest_only.py
[2024-05-10T07:42:46.867+0000] {logging_mixin.py:188} INFO - [2024-05-10T07:42:46.866+0000] {dag.py:3096} INFO - Sync 1 DAGs
[2024-05-10T07:42:46.886+0000] {logging_mixin.py:188} INFO - [2024-05-10T07:42:46.886+0000] {dag.py:3954} INFO - Setting next_dagrun for latest_only to 2024-05-10 00:00:00+00:00, run_after=2024-05-10 04:00:00+00:00
[2024-05-10T07:42:46.907+0000] {processor.py:183} INFO - Processing /home/airflow/.local/lib/python3.12/site-packages/airflow/example_dags/example_latest_only.py took 0.071 seconds
[2024-05-10T07:43:17.394+0000] {processor.py:161} INFO - Started process (PID=2451) to work on /home/airflow/.local/lib/python3.12/site-packages/airflow/example_dags/example_latest_only.py
[2024-05-10T07:43:17.394+0000] {processor.py:830} INFO - Processing file /home/airflow/.local/lib/python3.12/site-packages/airflow/example_dags/example_latest_only.py for tasks to queue
[2024-05-10T07:43:17.396+0000] {logging_mixin.py:188} INFO - [2024-05-10T07:43:17.396+0000] {dagbag.py:540} INFO - Filling up the DagBag from /home/airflow/.local/lib/python3.12/site-packages/airflow/example_dags/example_latest_only.py
[2024-05-10T07:43:17.401+0000] {processor.py:840} INFO - DAG(s) 'latest_only' retrieved from /home/airflow/.local/lib/python3.12/site-packages/airflow/example_dags/example_latest_only.py
[2024-05-10T07:43:17.420+0000] {logging_mixin.py:188} INFO - [2024-05-10T07:43:17.419+0000] {dag.py:3096} INFO - Sync 1 DAGs
[2024-05-10T07:43:17.436+0000] {logging_mixin.py:188} INFO - [2024-05-10T07:43:17.436+0000] {dag.py:3954} INFO - Setting next_dagrun for latest_only to 2024-05-10 00:00:00+00:00, run_after=2024-05-10 04:00:00+00:00
[2024-05-10T07:43:17.451+0000] {processor.py:183} INFO - Processing /home/airflow/.local/lib/python3.12/site-packages/airflow/example_dags/example_latest_only.py took 0.063 seconds
[2024-05-10T07:43:47.866+0000] {processor.py:161} INFO - Started process (PID=2510) to work on /home/airflow/.local/lib/python3.12/site-packages/airflow/example_dags/example_latest_only.py
[2024-05-10T07:43:47.867+0000] {processor.py:830} INFO - Processing file /home/airflow/.local/lib/python3.12/site-packages/airflow/example_dags/example_latest_only.py for tasks to queue
[2024-05-10T07:43:47.869+0000] {logging_mixin.py:188} INFO - [2024-05-10T07:43:47.869+0000] {dagbag.py:540} INFO - Filling up the DagBag from /home/airflow/.local/lib/python3.12/site-packages/airflow/example_dags/example_latest_only.py
[2024-05-10T07:43:47.874+0000] {processor.py:840} INFO - DAG(s) 'latest_only' retrieved from /home/airflow/.local/lib/python3.12/site-packages/airflow/example_dags/example_latest_only.py
[2024-05-10T07:43:47.890+0000] {logging_mixin.py:188} INFO - [2024-05-10T07:43:47.890+0000] {dag.py:3096} INFO - Sync 1 DAGs
[2024-05-10T07:43:47.908+0000] {logging_mixin.py:188} INFO - [2024-05-10T07:43:47.908+0000] {dag.py:3954} INFO - Setting next_dagrun for latest_only to 2024-05-10 00:00:00+00:00, run_after=2024-05-10 04:00:00+00:00
[2024-05-10T07:43:47.928+0000] {processor.py:183} INFO - Processing /home/airflow/.local/lib/python3.12/site-packages/airflow/example_dags/example_latest_only.py took 0.071 seconds
[2024-05-10T07:44:18.480+0000] {processor.py:161} INFO - Started process (PID=2569) to work on /home/airflow/.local/lib/python3.12/site-packages/airflow/example_dags/example_latest_only.py
[2024-05-10T07:44:18.481+0000] {processor.py:830} INFO - Processing file /home/airflow/.local/lib/python3.12/site-packages/airflow/example_dags/example_latest_only.py for tasks to queue
[2024-05-10T07:44:18.483+0000] {logging_mixin.py:188} INFO - [2024-05-10T07:44:18.482+0000] {dagbag.py:540} INFO - Filling up the DagBag from /home/airflow/.local/lib/python3.12/site-packages/airflow/example_dags/example_latest_only.py
[2024-05-10T07:44:18.488+0000] {processor.py:840} INFO - DAG(s) 'latest_only' retrieved from /home/airflow/.local/lib/python3.12/site-packages/airflow/example_dags/example_latest_only.py
[2024-05-10T07:44:18.505+0000] {logging_mixin.py:188} INFO - [2024-05-10T07:44:18.505+0000] {dag.py:3096} INFO - Sync 1 DAGs
[2024-05-10T07:44:18.523+0000] {logging_mixin.py:188} INFO - [2024-05-10T07:44:18.523+0000] {dag.py:3954} INFO - Setting next_dagrun for latest_only to 2024-05-10 00:00:00+00:00, run_after=2024-05-10 04:00:00+00:00
[2024-05-10T07:44:18.540+0000] {processor.py:183} INFO - Processing /home/airflow/.local/lib/python3.12/site-packages/airflow/example_dags/example_latest_only.py took 0.068 seconds
[2024-05-10T07:44:48.976+0000] {processor.py:161} INFO - Started process (PID=2628) to work on /home/airflow/.local/lib/python3.12/site-packages/airflow/example_dags/example_latest_only.py
[2024-05-10T07:44:48.976+0000] {processor.py:830} INFO - Processing file /home/airflow/.local/lib/python3.12/site-packages/airflow/example_dags/example_latest_only.py for tasks to queue
[2024-05-10T07:44:48.978+0000] {logging_mixin.py:188} INFO - [2024-05-10T07:44:48.977+0000] {dagbag.py:540} INFO - Filling up the DagBag from /home/airflow/.local/lib/python3.12/site-packages/airflow/example_dags/example_latest_only.py
[2024-05-10T07:44:48.981+0000] {processor.py:840} INFO - DAG(s) 'latest_only' retrieved from /home/airflow/.local/lib/python3.12/site-packages/airflow/example_dags/example_latest_only.py
[2024-05-10T07:44:48.999+0000] {logging_mixin.py:188} INFO - [2024-05-10T07:44:48.998+0000] {dag.py:3096} INFO - Sync 1 DAGs
[2024-05-10T07:44:49.017+0000] {logging_mixin.py:188} INFO - [2024-05-10T07:44:49.017+0000] {dag.py:3954} INFO - Setting next_dagrun for latest_only to 2024-05-10 00:00:00+00:00, run_after=2024-05-10 04:00:00+00:00
[2024-05-10T07:44:49.050+0000] {processor.py:183} INFO - Processing /home/airflow/.local/lib/python3.12/site-packages/airflow/example_dags/example_latest_only.py took 0.080 seconds
[2024-05-10T07:45:19.510+0000] {processor.py:161} INFO - Started process (PID=2688) to work on /home/airflow/.local/lib/python3.12/site-packages/airflow/example_dags/example_latest_only.py
[2024-05-10T07:45:19.510+0000] {processor.py:830} INFO - Processing file /home/airflow/.local/lib/python3.12/site-packages/airflow/example_dags/example_latest_only.py for tasks to queue
[2024-05-10T07:45:19.511+0000] {logging_mixin.py:188} INFO - [2024-05-10T07:45:19.511+0000] {dagbag.py:540} INFO - Filling up the DagBag from /home/airflow/.local/lib/python3.12/site-packages/airflow/example_dags/example_latest_only.py
[2024-05-10T07:45:19.515+0000] {processor.py:840} INFO - DAG(s) 'latest_only' retrieved from /home/airflow/.local/lib/python3.12/site-packages/airflow/example_dags/example_latest_only.py
[2024-05-10T07:45:19.533+0000] {logging_mixin.py:188} INFO - [2024-05-10T07:45:19.533+0000] {dag.py:3096} INFO - Sync 1 DAGs
[2024-05-10T07:45:19.551+0000] {logging_mixin.py:188} INFO - [2024-05-10T07:45:19.551+0000] {dag.py:3954} INFO - Setting next_dagrun for latest_only to 2024-05-10 00:00:00+00:00, run_after=2024-05-10 04:00:00+00:00
[2024-05-10T07:45:19.572+0000] {processor.py:183} INFO - Processing /home/airflow/.local/lib/python3.12/site-packages/airflow/example_dags/example_latest_only.py took 0.074 seconds
[2024-05-10T07:45:50.315+0000] {processor.py:161} INFO - Started process (PID=2747) to work on /home/airflow/.local/lib/python3.12/site-packages/airflow/example_dags/example_latest_only.py
[2024-05-10T07:45:50.316+0000] {processor.py:830} INFO - Processing file /home/airflow/.local/lib/python3.12/site-packages/airflow/example_dags/example_latest_only.py for tasks to queue
[2024-05-10T07:45:50.317+0000] {logging_mixin.py:188} INFO - [2024-05-10T07:45:50.317+0000] {dagbag.py:540} INFO - Filling up the DagBag from /home/airflow/.local/lib/python3.12/site-packages/airflow/example_dags/example_latest_only.py
[2024-05-10T07:45:50.322+0000] {processor.py:840} INFO - DAG(s) 'latest_only' retrieved from /home/airflow/.local/lib/python3.12/site-packages/airflow/example_dags/example_latest_only.py
[2024-05-10T07:45:50.338+0000] {logging_mixin.py:188} INFO - [2024-05-10T07:45:50.338+0000] {dag.py:3096} INFO - Sync 1 DAGs
[2024-05-10T07:45:50.356+0000] {logging_mixin.py:188} INFO - [2024-05-10T07:45:50.356+0000] {dag.py:3954} INFO - Setting next_dagrun for latest_only to 2024-05-10 00:00:00+00:00, run_after=2024-05-10 04:00:00+00:00
[2024-05-10T07:45:50.372+0000] {processor.py:183} INFO - Processing /home/airflow/.local/lib/python3.12/site-packages/airflow/example_dags/example_latest_only.py took 0.065 seconds
[2024-05-10T07:46:20.776+0000] {processor.py:161} INFO - Started process (PID=2805) to work on /home/airflow/.local/lib/python3.12/site-packages/airflow/example_dags/example_latest_only.py
[2024-05-10T07:46:20.777+0000] {processor.py:830} INFO - Processing file /home/airflow/.local/lib/python3.12/site-packages/airflow/example_dags/example_latest_only.py for tasks to queue
[2024-05-10T07:46:20.778+0000] {logging_mixin.py:188} INFO - [2024-05-10T07:46:20.777+0000] {dagbag.py:540} INFO - Filling up the DagBag from /home/airflow/.local/lib/python3.12/site-packages/airflow/example_dags/example_latest_only.py
[2024-05-10T07:46:20.784+0000] {processor.py:840} INFO - DAG(s) 'latest_only' retrieved from /home/airflow/.local/lib/python3.12/site-packages/airflow/example_dags/example_latest_only.py
[2024-05-10T07:46:20.801+0000] {logging_mixin.py:188} INFO - [2024-05-10T07:46:20.801+0000] {dag.py:3096} INFO - Sync 1 DAGs
[2024-05-10T07:46:20.821+0000] {logging_mixin.py:188} INFO - [2024-05-10T07:46:20.821+0000] {dag.py:3954} INFO - Setting next_dagrun for latest_only to 2024-05-10 00:00:00+00:00, run_after=2024-05-10 04:00:00+00:00
[2024-05-10T07:46:20.865+0000] {processor.py:183} INFO - Processing /home/airflow/.local/lib/python3.12/site-packages/airflow/example_dags/example_latest_only.py took 0.094 seconds
[2024-05-10T07:46:51.418+0000] {processor.py:161} INFO - Started process (PID=2862) to work on /home/airflow/.local/lib/python3.12/site-packages/airflow/example_dags/example_latest_only.py
[2024-05-10T07:46:51.419+0000] {processor.py:830} INFO - Processing file /home/airflow/.local/lib/python3.12/site-packages/airflow/example_dags/example_latest_only.py for tasks to queue
[2024-05-10T07:46:51.420+0000] {logging_mixin.py:188} INFO - [2024-05-10T07:46:51.419+0000] {dagbag.py:540} INFO - Filling up the DagBag from /home/airflow/.local/lib/python3.12/site-packages/airflow/example_dags/example_latest_only.py
[2024-05-10T07:46:51.425+0000] {processor.py:840} INFO - DAG(s) 'latest_only' retrieved from /home/airflow/.local/lib/python3.12/site-packages/airflow/example_dags/example_latest_only.py
[2024-05-10T07:46:51.441+0000] {logging_mixin.py:188} INFO - [2024-05-10T07:46:51.441+0000] {dag.py:3096} INFO - Sync 1 DAGs
[2024-05-10T07:46:51.459+0000] {logging_mixin.py:188} INFO - [2024-05-10T07:46:51.459+0000] {dag.py:3954} INFO - Setting next_dagrun for latest_only to 2024-05-10 00:00:00+00:00, run_after=2024-05-10 04:00:00+00:00
[2024-05-10T07:46:51.474+0000] {processor.py:183} INFO - Processing /home/airflow/.local/lib/python3.12/site-packages/airflow/example_dags/example_latest_only.py took 0.063 seconds
[2024-05-10T07:47:21.710+0000] {processor.py:161} INFO - Started process (PID=2920) to work on /home/airflow/.local/lib/python3.12/site-packages/airflow/example_dags/example_latest_only.py
[2024-05-10T07:47:21.712+0000] {processor.py:830} INFO - Processing file /home/airflow/.local/lib/python3.12/site-packages/airflow/example_dags/example_latest_only.py for tasks to queue
[2024-05-10T07:47:21.715+0000] {logging_mixin.py:188} INFO - [2024-05-10T07:47:21.714+0000] {dagbag.py:540} INFO - Filling up the DagBag from /home/airflow/.local/lib/python3.12/site-packages/airflow/example_dags/example_latest_only.py
[2024-05-10T07:47:21.731+0000] {processor.py:840} INFO - DAG(s) 'latest_only' retrieved from /home/airflow/.local/lib/python3.12/site-packages/airflow/example_dags/example_latest_only.py
[2024-05-10T07:47:21.779+0000] {logging_mixin.py:188} INFO - [2024-05-10T07:47:21.778+0000] {dag.py:3096} INFO - Sync 1 DAGs
[2024-05-10T07:47:21.813+0000] {logging_mixin.py:188} INFO - [2024-05-10T07:47:21.813+0000] {dag.py:3954} INFO - Setting next_dagrun for latest_only to 2024-05-10 00:00:00+00:00, run_after=2024-05-10 04:00:00+00:00
[2024-05-10T07:47:21.845+0000] {processor.py:183} INFO - Processing /home/airflow/.local/lib/python3.12/site-packages/airflow/example_dags/example_latest_only.py took 0.155 seconds
[2024-05-10T07:47:52.003+0000] {processor.py:161} INFO - Started process (PID=2978) to work on /home/airflow/.local/lib/python3.12/site-packages/airflow/example_dags/example_latest_only.py
[2024-05-10T07:47:52.003+0000] {processor.py:830} INFO - Processing file /home/airflow/.local/lib/python3.12/site-packages/airflow/example_dags/example_latest_only.py for tasks to queue
[2024-05-10T07:47:52.004+0000] {logging_mixin.py:188} INFO - [2024-05-10T07:47:52.004+0000] {dagbag.py:540} INFO - Filling up the DagBag from /home/airflow/.local/lib/python3.12/site-packages/airflow/example_dags/example_latest_only.py
[2024-05-10T07:47:52.008+0000] {processor.py:840} INFO - DAG(s) 'latest_only' retrieved from /home/airflow/.local/lib/python3.12/site-packages/airflow/example_dags/example_latest_only.py
[2024-05-10T07:47:52.026+0000] {logging_mixin.py:188} INFO - [2024-05-10T07:47:52.026+0000] {dag.py:3096} INFO - Sync 1 DAGs
[2024-05-10T07:47:52.046+0000] {logging_mixin.py:188} INFO - [2024-05-10T07:47:52.045+0000] {dag.py:3954} INFO - Setting next_dagrun for latest_only to 2024-05-10 00:00:00+00:00, run_after=2024-05-10 04:00:00+00:00
[2024-05-10T07:47:52.106+0000] {processor.py:183} INFO - Processing /home/airflow/.local/lib/python3.12/site-packages/airflow/example_dags/example_latest_only.py took 0.108 seconds
[2024-05-10T07:48:23.064+0000] {processor.py:161} INFO - Started process (PID=3036) to work on /home/airflow/.local/lib/python3.12/site-packages/airflow/example_dags/example_latest_only.py
[2024-05-10T07:48:23.064+0000] {processor.py:830} INFO - Processing file /home/airflow/.local/lib/python3.12/site-packages/airflow/example_dags/example_latest_only.py for tasks to queue
[2024-05-10T07:48:23.065+0000] {logging_mixin.py:188} INFO - [2024-05-10T07:48:23.065+0000] {dagbag.py:540} INFO - Filling up the DagBag from /home/airflow/.local/lib/python3.12/site-packages/airflow/example_dags/example_latest_only.py
[2024-05-10T07:48:23.069+0000] {processor.py:840} INFO - DAG(s) 'latest_only' retrieved from /home/airflow/.local/lib/python3.12/site-packages/airflow/example_dags/example_latest_only.py
[2024-05-10T07:48:23.089+0000] {logging_mixin.py:188} INFO - [2024-05-10T07:48:23.089+0000] {dag.py:3096} INFO - Sync 1 DAGs
[2024-05-10T07:48:23.108+0000] {logging_mixin.py:188} INFO - [2024-05-10T07:48:23.107+0000] {dag.py:3954} INFO - Setting next_dagrun for latest_only to 2024-05-10 00:00:00+00:00, run_after=2024-05-10 04:00:00+00:00
[2024-05-10T07:48:23.131+0000] {processor.py:183} INFO - Processing /home/airflow/.local/lib/python3.12/site-packages/airflow/example_dags/example_latest_only.py took 0.073 seconds
[2024-05-10T07:48:53.203+0000] {processor.py:161} INFO - Started process (PID=3094) to work on /home/airflow/.local/lib/python3.12/site-packages/airflow/example_dags/example_latest_only.py
[2024-05-10T07:48:53.204+0000] {processor.py:830} INFO - Processing file /home/airflow/.local/lib/python3.12/site-packages/airflow/example_dags/example_latest_only.py for tasks to queue
[2024-05-10T07:48:53.205+0000] {logging_mixin.py:188} INFO - [2024-05-10T07:48:53.204+0000] {dagbag.py:540} INFO - Filling up the DagBag from /home/airflow/.local/lib/python3.12/site-packages/airflow/example_dags/example_latest_only.py
[2024-05-10T07:48:53.211+0000] {processor.py:840} INFO - DAG(s) 'latest_only' retrieved from /home/airflow/.local/lib/python3.12/site-packages/airflow/example_dags/example_latest_only.py
[2024-05-10T07:48:53.231+0000] {logging_mixin.py:188} INFO - [2024-05-10T07:48:53.231+0000] {dag.py:3096} INFO - Sync 1 DAGs
[2024-05-10T07:48:53.250+0000] {logging_mixin.py:188} INFO - [2024-05-10T07:48:53.250+0000] {dag.py:3954} INFO - Setting next_dagrun for latest_only to 2024-05-10 00:00:00+00:00, run_after=2024-05-10 04:00:00+00:00
[2024-05-10T07:48:53.266+0000] {processor.py:183} INFO - Processing /home/airflow/.local/lib/python3.12/site-packages/airflow/example_dags/example_latest_only.py took 0.070 seconds
[2024-05-10T07:49:23.439+0000] {processor.py:161} INFO - Started process (PID=3152) to work on /home/airflow/.local/lib/python3.12/site-packages/airflow/example_dags/example_latest_only.py
[2024-05-10T07:49:23.439+0000] {processor.py:830} INFO - Processing file /home/airflow/.local/lib/python3.12/site-packages/airflow/example_dags/example_latest_only.py for tasks to queue
[2024-05-10T07:49:23.440+0000] {logging_mixin.py:188} INFO - [2024-05-10T07:49:23.440+0000] {dagbag.py:540} INFO - Filling up the DagBag from /home/airflow/.local/lib/python3.12/site-packages/airflow/example_dags/example_latest_only.py
[2024-05-10T07:49:23.445+0000] {processor.py:840} INFO - DAG(s) 'latest_only' retrieved from /home/airflow/.local/lib/python3.12/site-packages/airflow/example_dags/example_latest_only.py
[2024-05-10T07:49:23.466+0000] {logging_mixin.py:188} INFO - [2024-05-10T07:49:23.465+0000] {dag.py:3096} INFO - Sync 1 DAGs
[2024-05-10T07:49:23.485+0000] {logging_mixin.py:188} INFO - [2024-05-10T07:49:23.485+0000] {dag.py:3954} INFO - Setting next_dagrun for latest_only to 2024-05-10 00:00:00+00:00, run_after=2024-05-10 04:00:00+00:00
[2024-05-10T07:49:23.512+0000] {processor.py:183} INFO - Processing /home/airflow/.local/lib/python3.12/site-packages/airflow/example_dags/example_latest_only.py took 0.080 seconds
[2024-05-10T07:49:53.664+0000] {processor.py:161} INFO - Started process (PID=3210) to work on /home/airflow/.local/lib/python3.12/site-packages/airflow/example_dags/example_latest_only.py
[2024-05-10T07:49:53.665+0000] {processor.py:830} INFO - Processing file /home/airflow/.local/lib/python3.12/site-packages/airflow/example_dags/example_latest_only.py for tasks to queue
[2024-05-10T07:49:53.666+0000] {logging_mixin.py:188} INFO - [2024-05-10T07:49:53.665+0000] {dagbag.py:540} INFO - Filling up the DagBag from /home/airflow/.local/lib/python3.12/site-packages/airflow/example_dags/example_latest_only.py
[2024-05-10T07:49:53.671+0000] {processor.py:840} INFO - DAG(s) 'latest_only' retrieved from /home/airflow/.local/lib/python3.12/site-packages/airflow/example_dags/example_latest_only.py
[2024-05-10T07:49:53.687+0000] {logging_mixin.py:188} INFO - [2024-05-10T07:49:53.687+0000] {dag.py:3096} INFO - Sync 1 DAGs
[2024-05-10T07:49:53.707+0000] {logging_mixin.py:188} INFO - [2024-05-10T07:49:53.706+0000] {dag.py:3954} INFO - Setting next_dagrun for latest_only to 2024-05-10 00:00:00+00:00, run_after=2024-05-10 04:00:00+00:00
[2024-05-10T07:49:53.723+0000] {processor.py:183} INFO - Processing /home/airflow/.local/lib/python3.12/site-packages/airflow/example_dags/example_latest_only.py took 0.065 seconds
[2024-05-10T07:50:24.592+0000] {processor.py:161} INFO - Started process (PID=3268) to work on /home/airflow/.local/lib/python3.12/site-packages/airflow/example_dags/example_latest_only.py
[2024-05-10T07:50:24.593+0000] {processor.py:830} INFO - Processing file /home/airflow/.local/lib/python3.12/site-packages/airflow/example_dags/example_latest_only.py for tasks to queue
[2024-05-10T07:50:24.593+0000] {logging_mixin.py:188} INFO - [2024-05-10T07:50:24.593+0000] {dagbag.py:540} INFO - Filling up the DagBag from /home/airflow/.local/lib/python3.12/site-packages/airflow/example_dags/example_latest_only.py
[2024-05-10T07:50:24.598+0000] {processor.py:840} INFO - DAG(s) 'latest_only' retrieved from /home/airflow/.local/lib/python3.12/site-packages/airflow/example_dags/example_latest_only.py
[2024-05-10T07:50:24.618+0000] {logging_mixin.py:188} INFO - [2024-05-10T07:50:24.618+0000] {dag.py:3096} INFO - Sync 1 DAGs
[2024-05-10T07:50:24.644+0000] {logging_mixin.py:188} INFO - [2024-05-10T07:50:24.643+0000] {dag.py:3954} INFO - Setting next_dagrun for latest_only to 2024-05-10 00:00:00+00:00, run_after=2024-05-10 04:00:00+00:00
[2024-05-10T07:50:24.679+0000] {processor.py:183} INFO - Processing /home/airflow/.local/lib/python3.12/site-packages/airflow/example_dags/example_latest_only.py took 0.093 seconds
[2024-05-10T07:50:54.706+0000] {processor.py:161} INFO - Started process (PID=3325) to work on /home/airflow/.local/lib/python3.12/site-packages/airflow/example_dags/example_latest_only.py
[2024-05-10T07:50:54.707+0000] {processor.py:830} INFO - Processing file /home/airflow/.local/lib/python3.12/site-packages/airflow/example_dags/example_latest_only.py for tasks to queue
[2024-05-10T07:50:54.707+0000] {logging_mixin.py:188} INFO - [2024-05-10T07:50:54.707+0000] {dagbag.py:540} INFO - Filling up the DagBag from /home/airflow/.local/lib/python3.12/site-packages/airflow/example_dags/example_latest_only.py
[2024-05-10T07:50:54.712+0000] {processor.py:840} INFO - DAG(s) 'latest_only' retrieved from /home/airflow/.local/lib/python3.12/site-packages/airflow/example_dags/example_latest_only.py
[2024-05-10T07:50:54.730+0000] {logging_mixin.py:188} INFO - [2024-05-10T07:50:54.730+0000] {dag.py:3096} INFO - Sync 1 DAGs
[2024-05-10T07:50:54.752+0000] {logging_mixin.py:188} INFO - [2024-05-10T07:50:54.752+0000] {dag.py:3954} INFO - Setting next_dagrun for latest_only to 2024-05-10 00:00:00+00:00, run_after=2024-05-10 04:00:00+00:00
[2024-05-10T07:50:54.803+0000] {processor.py:183} INFO - Processing /home/airflow/.local/lib/python3.12/site-packages/airflow/example_dags/example_latest_only.py took 0.102 seconds
[2024-05-10T07:51:25.984+0000] {processor.py:161} INFO - Started process (PID=3383) to work on /home/airflow/.local/lib/python3.12/site-packages/airflow/example_dags/example_latest_only.py
[2024-05-10T07:51:25.985+0000] {processor.py:830} INFO - Processing file /home/airflow/.local/lib/python3.12/site-packages/airflow/example_dags/example_latest_only.py for tasks to queue
[2024-05-10T07:51:25.986+0000] {logging_mixin.py:188} INFO - [2024-05-10T07:51:25.985+0000] {dagbag.py:540} INFO - Filling up the DagBag from /home/airflow/.local/lib/python3.12/site-packages/airflow/example_dags/example_latest_only.py
[2024-05-10T07:51:25.990+0000] {processor.py:840} INFO - DAG(s) 'latest_only' retrieved from /home/airflow/.local/lib/python3.12/site-packages/airflow/example_dags/example_latest_only.py
[2024-05-10T07:51:26.011+0000] {logging_mixin.py:188} INFO - [2024-05-10T07:51:26.011+0000] {dag.py:3096} INFO - Sync 1 DAGs
[2024-05-10T07:51:26.036+0000] {logging_mixin.py:188} INFO - [2024-05-10T07:51:26.036+0000] {dag.py:3954} INFO - Setting next_dagrun for latest_only to 2024-05-10 00:00:00+00:00, run_after=2024-05-10 04:00:00+00:00
[2024-05-10T07:51:26.071+0000] {processor.py:183} INFO - Processing /home/airflow/.local/lib/python3.12/site-packages/airflow/example_dags/example_latest_only.py took 0.097 seconds
[2024-05-10T07:51:56.203+0000] {processor.py:161} INFO - Started process (PID=3441) to work on /home/airflow/.local/lib/python3.12/site-packages/airflow/example_dags/example_latest_only.py
[2024-05-10T07:51:56.203+0000] {processor.py:830} INFO - Processing file /home/airflow/.local/lib/python3.12/site-packages/airflow/example_dags/example_latest_only.py for tasks to queue
[2024-05-10T07:51:56.204+0000] {logging_mixin.py:188} INFO - [2024-05-10T07:51:56.204+0000] {dagbag.py:540} INFO - Filling up the DagBag from /home/airflow/.local/lib/python3.12/site-packages/airflow/example_dags/example_latest_only.py
[2024-05-10T07:51:56.208+0000] {processor.py:840} INFO - DAG(s) 'latest_only' retrieved from /home/airflow/.local/lib/python3.12/site-packages/airflow/example_dags/example_latest_only.py
[2024-05-10T07:51:56.223+0000] {logging_mixin.py:188} INFO - [2024-05-10T07:51:56.223+0000] {dag.py:3096} INFO - Sync 1 DAGs
[2024-05-10T07:51:56.242+0000] {logging_mixin.py:188} INFO - [2024-05-10T07:51:56.241+0000] {dag.py:3954} INFO - Setting next_dagrun for latest_only to 2024-05-10 00:00:00+00:00, run_after=2024-05-10 04:00:00+00:00
[2024-05-10T07:51:56.266+0000] {processor.py:183} INFO - Processing /home/airflow/.local/lib/python3.12/site-packages/airflow/example_dags/example_latest_only.py took 0.068 seconds
[2024-05-10T07:52:26.370+0000] {processor.py:161} INFO - Started process (PID=3499) to work on /home/airflow/.local/lib/python3.12/site-packages/airflow/example_dags/example_latest_only.py
[2024-05-10T07:52:26.370+0000] {processor.py:830} INFO - Processing file /home/airflow/.local/lib/python3.12/site-packages/airflow/example_dags/example_latest_only.py for tasks to queue
[2024-05-10T07:52:26.371+0000] {logging_mixin.py:188} INFO - [2024-05-10T07:52:26.371+0000] {dagbag.py:540} INFO - Filling up the DagBag from /home/airflow/.local/lib/python3.12/site-packages/airflow/example_dags/example_latest_only.py
[2024-05-10T07:52:26.375+0000] {processor.py:840} INFO - DAG(s) 'latest_only' retrieved from /home/airflow/.local/lib/python3.12/site-packages/airflow/example_dags/example_latest_only.py
[2024-05-10T07:52:26.390+0000] {logging_mixin.py:188} INFO - [2024-05-10T07:52:26.390+0000] {dag.py:3096} INFO - Sync 1 DAGs
[2024-05-10T07:52:26.409+0000] {logging_mixin.py:188} INFO - [2024-05-10T07:52:26.409+0000] {dag.py:3954} INFO - Setting next_dagrun for latest_only to 2024-05-10 00:00:00+00:00, run_after=2024-05-10 04:00:00+00:00
[2024-05-10T07:52:26.428+0000] {processor.py:183} INFO - Processing /home/airflow/.local/lib/python3.12/site-packages/airflow/example_dags/example_latest_only.py took 0.062 seconds
[2024-05-10T07:52:56.529+0000] {processor.py:161} INFO - Started process (PID=3557) to work on /home/airflow/.local/lib/python3.12/site-packages/airflow/example_dags/example_latest_only.py
[2024-05-10T07:52:56.530+0000] {processor.py:830} INFO - Processing file /home/airflow/.local/lib/python3.12/site-packages/airflow/example_dags/example_latest_only.py for tasks to queue
[2024-05-10T07:52:56.530+0000] {logging_mixin.py:188} INFO - [2024-05-10T07:52:56.530+0000] {dagbag.py:540} INFO - Filling up the DagBag from /home/airflow/.local/lib/python3.12/site-packages/airflow/example_dags/example_latest_only.py
[2024-05-10T07:52:56.534+0000] {processor.py:840} INFO - DAG(s) 'latest_only' retrieved from /home/airflow/.local/lib/python3.12/site-packages/airflow/example_dags/example_latest_only.py
[2024-05-10T07:52:56.550+0000] {logging_mixin.py:188} INFO - [2024-05-10T07:52:56.550+0000] {dag.py:3096} INFO - Sync 1 DAGs
[2024-05-10T07:52:56.569+0000] {logging_mixin.py:188} INFO - [2024-05-10T07:52:56.569+0000] {dag.py:3954} INFO - Setting next_dagrun for latest_only to 2024-05-10 00:00:00+00:00, run_after=2024-05-10 04:00:00+00:00
[2024-05-10T07:52:56.594+0000] {processor.py:183} INFO - Processing /home/airflow/.local/lib/python3.12/site-packages/airflow/example_dags/example_latest_only.py took 0.069 seconds
[2024-05-10T07:53:27.249+0000] {processor.py:161} INFO - Started process (PID=3614) to work on /home/airflow/.local/lib/python3.12/site-packages/airflow/example_dags/example_latest_only.py
[2024-05-10T07:53:27.249+0000] {processor.py:830} INFO - Processing file /home/airflow/.local/lib/python3.12/site-packages/airflow/example_dags/example_latest_only.py for tasks to queue
[2024-05-10T07:53:27.250+0000] {logging_mixin.py:188} INFO - [2024-05-10T07:53:27.250+0000] {dagbag.py:540} INFO - Filling up the DagBag from /home/airflow/.local/lib/python3.12/site-packages/airflow/example_dags/example_latest_only.py
[2024-05-10T07:53:27.255+0000] {processor.py:840} INFO - DAG(s) 'latest_only' retrieved from /home/airflow/.local/lib/python3.12/site-packages/airflow/example_dags/example_latest_only.py
[2024-05-10T07:53:27.271+0000] {logging_mixin.py:188} INFO - [2024-05-10T07:53:27.271+0000] {dag.py:3096} INFO - Sync 1 DAGs
[2024-05-10T07:53:27.290+0000] {logging_mixin.py:188} INFO - [2024-05-10T07:53:27.290+0000] {dag.py:3954} INFO - Setting next_dagrun for latest_only to 2024-05-10 00:00:00+00:00, run_after=2024-05-10 04:00:00+00:00
[2024-05-10T07:53:27.307+0000] {processor.py:183} INFO - Processing /home/airflow/.local/lib/python3.12/site-packages/airflow/example_dags/example_latest_only.py took 0.063 seconds
[2024-05-10T07:53:57.759+0000] {processor.py:161} INFO - Started process (PID=3672) to work on /home/airflow/.local/lib/python3.12/site-packages/airflow/example_dags/example_latest_only.py
[2024-05-10T07:53:57.759+0000] {processor.py:830} INFO - Processing file /home/airflow/.local/lib/python3.12/site-packages/airflow/example_dags/example_latest_only.py for tasks to queue
[2024-05-10T07:53:57.760+0000] {logging_mixin.py:188} INFO - [2024-05-10T07:53:57.760+0000] {dagbag.py:540} INFO - Filling up the DagBag from /home/airflow/.local/lib/python3.12/site-packages/airflow/example_dags/example_latest_only.py
[2024-05-10T07:53:57.764+0000] {processor.py:840} INFO - DAG(s) 'latest_only' retrieved from /home/airflow/.local/lib/python3.12/site-packages/airflow/example_dags/example_latest_only.py
[2024-05-10T07:53:57.781+0000] {logging_mixin.py:188} INFO - [2024-05-10T07:53:57.780+0000] {dag.py:3096} INFO - Sync 1 DAGs
[2024-05-10T07:53:57.800+0000] {logging_mixin.py:188} INFO - [2024-05-10T07:53:57.800+0000] {dag.py:3954} INFO - Setting next_dagrun for latest_only to 2024-05-10 00:00:00+00:00, run_after=2024-05-10 04:00:00+00:00
[2024-05-10T07:53:57.816+0000] {processor.py:183} INFO - Processing /home/airflow/.local/lib/python3.12/site-packages/airflow/example_dags/example_latest_only.py took 0.062 seconds
[2024-05-10T07:54:28.238+0000] {processor.py:161} INFO - Started process (PID=3729) to work on /home/airflow/.local/lib/python3.12/site-packages/airflow/example_dags/example_latest_only.py
[2024-05-10T07:54:28.239+0000] {processor.py:830} INFO - Processing file /home/airflow/.local/lib/python3.12/site-packages/airflow/example_dags/example_latest_only.py for tasks to queue
[2024-05-10T07:54:28.240+0000] {logging_mixin.py:188} INFO - [2024-05-10T07:54:28.239+0000] {dagbag.py:540} INFO - Filling up the DagBag from /home/airflow/.local/lib/python3.12/site-packages/airflow/example_dags/example_latest_only.py
[2024-05-10T07:54:28.243+0000] {processor.py:840} INFO - DAG(s) 'latest_only' retrieved from /home/airflow/.local/lib/python3.12/site-packages/airflow/example_dags/example_latest_only.py
[2024-05-10T07:54:28.262+0000] {logging_mixin.py:188} INFO - [2024-05-10T07:54:28.261+0000] {dag.py:3096} INFO - Sync 1 DAGs
[2024-05-10T07:54:28.280+0000] {logging_mixin.py:188} INFO - [2024-05-10T07:54:28.280+0000] {dag.py:3954} INFO - Setting next_dagrun for latest_only to 2024-05-10 00:00:00+00:00, run_after=2024-05-10 04:00:00+00:00
[2024-05-10T07:54:28.305+0000] {processor.py:183} INFO - Processing /home/airflow/.local/lib/python3.12/site-packages/airflow/example_dags/example_latest_only.py took 0.071 seconds
[2024-05-10T07:54:58.914+0000] {processor.py:161} INFO - Started process (PID=3787) to work on /home/airflow/.local/lib/python3.12/site-packages/airflow/example_dags/example_latest_only.py
[2024-05-10T07:54:58.915+0000] {processor.py:830} INFO - Processing file /home/airflow/.local/lib/python3.12/site-packages/airflow/example_dags/example_latest_only.py for tasks to queue
[2024-05-10T07:54:58.915+0000] {logging_mixin.py:188} INFO - [2024-05-10T07:54:58.915+0000] {dagbag.py:540} INFO - Filling up the DagBag from /home/airflow/.local/lib/python3.12/site-packages/airflow/example_dags/example_latest_only.py
[2024-05-10T07:54:58.922+0000] {processor.py:840} INFO - DAG(s) 'latest_only' retrieved from /home/airflow/.local/lib/python3.12/site-packages/airflow/example_dags/example_latest_only.py
[2024-05-10T07:54:58.939+0000] {logging_mixin.py:188} INFO - [2024-05-10T07:54:58.939+0000] {dag.py:3096} INFO - Sync 1 DAGs
[2024-05-10T07:54:58.959+0000] {logging_mixin.py:188} INFO - [2024-05-10T07:54:58.959+0000] {dag.py:3954} INFO - Setting next_dagrun for latest_only to 2024-05-10 00:00:00+00:00, run_after=2024-05-10 04:00:00+00:00
[2024-05-10T07:54:58.982+0000] {processor.py:183} INFO - Processing /home/airflow/.local/lib/python3.12/site-packages/airflow/example_dags/example_latest_only.py took 0.073 seconds
