[2024-05-10T07:22:24.738+0000] {processor.py:161} INFO - Started process (PID=66) to work on /home/airflow/.local/lib/python3.12/site-packages/airflow/example_dags/example_nested_branch_dag.py
[2024-05-10T07:22:24.738+0000] {processor.py:830} INFO - Processing file /home/airflow/.local/lib/python3.12/site-packages/airflow/example_dags/example_nested_branch_dag.py for tasks to queue
[2024-05-10T07:22:24.740+0000] {logging_mixin.py:188} INFO - [2024-05-10T07:22:24.739+0000] {dagbag.py:540} INFO - Filling up the DagBag from /home/airflow/.local/lib/python3.12/site-packages/airflow/example_dags/example_nested_branch_dag.py
[2024-05-10T07:22:24.750+0000] {processor.py:840} INFO - DAG(s) 'example_nested_branch_dag' retrieved from /home/airflow/.local/lib/python3.12/site-packages/airflow/example_dags/example_nested_branch_dag.py
[2024-05-10T07:22:24.759+0000] {logging_mixin.py:188} INFO - [2024-05-10T07:22:24.758+0000] {dag.py:3096} INFO - Sync 1 DAGs
[2024-05-10T07:22:24.779+0000] {logging_mixin.py:188} INFO - [2024-05-10T07:22:24.779+0000] {dag.py:3954} INFO - Setting next_dagrun for example_nested_branch_dag to 2024-05-09 00:00:00+00:00, run_after=2024-05-10 00:00:00+00:00
[2024-05-10T07:22:24.796+0000] {processor.py:183} INFO - Processing /home/airflow/.local/lib/python3.12/site-packages/airflow/example_dags/example_nested_branch_dag.py took 0.063 seconds
[2024-05-10T07:22:56.944+0000] {processor.py:161} INFO - Started process (PID=124) to work on /home/airflow/.local/lib/python3.12/site-packages/airflow/example_dags/example_nested_branch_dag.py
[2024-05-10T07:22:56.944+0000] {processor.py:830} INFO - Processing file /home/airflow/.local/lib/python3.12/site-packages/airflow/example_dags/example_nested_branch_dag.py for tasks to queue
[2024-05-10T07:22:56.946+0000] {logging_mixin.py:188} INFO - [2024-05-10T07:22:56.945+0000] {dagbag.py:540} INFO - Filling up the DagBag from /home/airflow/.local/lib/python3.12/site-packages/airflow/example_dags/example_nested_branch_dag.py
[2024-05-10T07:22:56.955+0000] {processor.py:840} INFO - DAG(s) 'example_nested_branch_dag' retrieved from /home/airflow/.local/lib/python3.12/site-packages/airflow/example_dags/example_nested_branch_dag.py
[2024-05-10T07:22:57.055+0000] {logging_mixin.py:188} INFO - [2024-05-10T07:22:57.054+0000] {dag.py:3096} INFO - Sync 1 DAGs
[2024-05-10T07:22:57.072+0000] {logging_mixin.py:188} INFO - [2024-05-10T07:22:57.072+0000] {dag.py:3954} INFO - Setting next_dagrun for example_nested_branch_dag to 2024-05-09 00:00:00+00:00, run_after=2024-05-10 00:00:00+00:00
[2024-05-10T07:22:57.108+0000] {processor.py:183} INFO - Processing /home/airflow/.local/lib/python3.12/site-packages/airflow/example_dags/example_nested_branch_dag.py took 0.170 seconds
[2024-05-10T07:23:27.628+0000] {processor.py:161} INFO - Started process (PID=182) to work on /home/airflow/.local/lib/python3.12/site-packages/airflow/example_dags/example_nested_branch_dag.py
[2024-05-10T07:23:27.631+0000] {processor.py:830} INFO - Processing file /home/airflow/.local/lib/python3.12/site-packages/airflow/example_dags/example_nested_branch_dag.py for tasks to queue
[2024-05-10T07:23:27.632+0000] {logging_mixin.py:188} INFO - [2024-05-10T07:23:27.632+0000] {dagbag.py:540} INFO - Filling up the DagBag from /home/airflow/.local/lib/python3.12/site-packages/airflow/example_dags/example_nested_branch_dag.py
[2024-05-10T07:23:27.643+0000] {processor.py:840} INFO - DAG(s) 'example_nested_branch_dag' retrieved from /home/airflow/.local/lib/python3.12/site-packages/airflow/example_dags/example_nested_branch_dag.py
[2024-05-10T07:23:27.663+0000] {logging_mixin.py:188} INFO - [2024-05-10T07:23:27.663+0000] {dag.py:3096} INFO - Sync 1 DAGs
[2024-05-10T07:23:27.683+0000] {logging_mixin.py:188} INFO - [2024-05-10T07:23:27.683+0000] {dag.py:3954} INFO - Setting next_dagrun for example_nested_branch_dag to 2024-05-09 00:00:00+00:00, run_after=2024-05-10 00:00:00+00:00
[2024-05-10T07:23:27.708+0000] {processor.py:183} INFO - Processing /home/airflow/.local/lib/python3.12/site-packages/airflow/example_dags/example_nested_branch_dag.py took 0.086 seconds
[2024-05-10T07:23:58.198+0000] {processor.py:161} INFO - Started process (PID=240) to work on /home/airflow/.local/lib/python3.12/site-packages/airflow/example_dags/example_nested_branch_dag.py
[2024-05-10T07:23:58.199+0000] {processor.py:830} INFO - Processing file /home/airflow/.local/lib/python3.12/site-packages/airflow/example_dags/example_nested_branch_dag.py for tasks to queue
[2024-05-10T07:23:58.200+0000] {logging_mixin.py:188} INFO - [2024-05-10T07:23:58.200+0000] {dagbag.py:540} INFO - Filling up the DagBag from /home/airflow/.local/lib/python3.12/site-packages/airflow/example_dags/example_nested_branch_dag.py
[2024-05-10T07:23:58.208+0000] {processor.py:840} INFO - DAG(s) 'example_nested_branch_dag' retrieved from /home/airflow/.local/lib/python3.12/site-packages/airflow/example_dags/example_nested_branch_dag.py
[2024-05-10T07:23:58.227+0000] {logging_mixin.py:188} INFO - [2024-05-10T07:23:58.226+0000] {dag.py:3096} INFO - Sync 1 DAGs
[2024-05-10T07:23:58.246+0000] {logging_mixin.py:188} INFO - [2024-05-10T07:23:58.246+0000] {dag.py:3954} INFO - Setting next_dagrun for example_nested_branch_dag to 2024-05-09 00:00:00+00:00, run_after=2024-05-10 00:00:00+00:00
[2024-05-10T07:23:58.274+0000] {processor.py:183} INFO - Processing /home/airflow/.local/lib/python3.12/site-packages/airflow/example_dags/example_nested_branch_dag.py took 0.080 seconds
[2024-05-10T07:24:28.809+0000] {processor.py:161} INFO - Started process (PID=297) to work on /home/airflow/.local/lib/python3.12/site-packages/airflow/example_dags/example_nested_branch_dag.py
[2024-05-10T07:24:28.809+0000] {processor.py:830} INFO - Processing file /home/airflow/.local/lib/python3.12/site-packages/airflow/example_dags/example_nested_branch_dag.py for tasks to queue
[2024-05-10T07:24:28.811+0000] {logging_mixin.py:188} INFO - [2024-05-10T07:24:28.810+0000] {dagbag.py:540} INFO - Filling up the DagBag from /home/airflow/.local/lib/python3.12/site-packages/airflow/example_dags/example_nested_branch_dag.py
[2024-05-10T07:24:28.818+0000] {processor.py:840} INFO - DAG(s) 'example_nested_branch_dag' retrieved from /home/airflow/.local/lib/python3.12/site-packages/airflow/example_dags/example_nested_branch_dag.py
[2024-05-10T07:24:28.835+0000] {logging_mixin.py:188} INFO - [2024-05-10T07:24:28.834+0000] {dag.py:3096} INFO - Sync 1 DAGs
[2024-05-10T07:24:28.853+0000] {logging_mixin.py:188} INFO - [2024-05-10T07:24:28.853+0000] {dag.py:3954} INFO - Setting next_dagrun for example_nested_branch_dag to 2024-05-09 00:00:00+00:00, run_after=2024-05-10 00:00:00+00:00
[2024-05-10T07:24:28.874+0000] {processor.py:183} INFO - Processing /home/airflow/.local/lib/python3.12/site-packages/airflow/example_dags/example_nested_branch_dag.py took 0.070 seconds
[2024-05-10T07:24:59.293+0000] {processor.py:161} INFO - Started process (PID=355) to work on /home/airflow/.local/lib/python3.12/site-packages/airflow/example_dags/example_nested_branch_dag.py
[2024-05-10T07:24:59.293+0000] {processor.py:830} INFO - Processing file /home/airflow/.local/lib/python3.12/site-packages/airflow/example_dags/example_nested_branch_dag.py for tasks to queue
[2024-05-10T07:24:59.295+0000] {logging_mixin.py:188} INFO - [2024-05-10T07:24:59.294+0000] {dagbag.py:540} INFO - Filling up the DagBag from /home/airflow/.local/lib/python3.12/site-packages/airflow/example_dags/example_nested_branch_dag.py
[2024-05-10T07:24:59.302+0000] {processor.py:840} INFO - DAG(s) 'example_nested_branch_dag' retrieved from /home/airflow/.local/lib/python3.12/site-packages/airflow/example_dags/example_nested_branch_dag.py
[2024-05-10T07:24:59.319+0000] {logging_mixin.py:188} INFO - [2024-05-10T07:24:59.319+0000] {dag.py:3096} INFO - Sync 1 DAGs
[2024-05-10T07:24:59.341+0000] {logging_mixin.py:188} INFO - [2024-05-10T07:24:59.341+0000] {dag.py:3954} INFO - Setting next_dagrun for example_nested_branch_dag to 2024-05-09 00:00:00+00:00, run_after=2024-05-10 00:00:00+00:00
[2024-05-10T07:24:59.363+0000] {processor.py:183} INFO - Processing /home/airflow/.local/lib/python3.12/site-packages/airflow/example_dags/example_nested_branch_dag.py took 0.075 seconds
[2024-05-10T07:25:30.031+0000] {processor.py:161} INFO - Started process (PID=413) to work on /home/airflow/.local/lib/python3.12/site-packages/airflow/example_dags/example_nested_branch_dag.py
[2024-05-10T07:25:30.032+0000] {processor.py:830} INFO - Processing file /home/airflow/.local/lib/python3.12/site-packages/airflow/example_dags/example_nested_branch_dag.py for tasks to queue
[2024-05-10T07:25:30.033+0000] {logging_mixin.py:188} INFO - [2024-05-10T07:25:30.033+0000] {dagbag.py:540} INFO - Filling up the DagBag from /home/airflow/.local/lib/python3.12/site-packages/airflow/example_dags/example_nested_branch_dag.py
[2024-05-10T07:25:30.043+0000] {processor.py:840} INFO - DAG(s) 'example_nested_branch_dag' retrieved from /home/airflow/.local/lib/python3.12/site-packages/airflow/example_dags/example_nested_branch_dag.py
[2024-05-10T07:25:30.061+0000] {logging_mixin.py:188} INFO - [2024-05-10T07:25:30.061+0000] {dag.py:3096} INFO - Sync 1 DAGs
[2024-05-10T07:25:30.079+0000] {logging_mixin.py:188} INFO - [2024-05-10T07:25:30.079+0000] {dag.py:3954} INFO - Setting next_dagrun for example_nested_branch_dag to 2024-05-09 00:00:00+00:00, run_after=2024-05-10 00:00:00+00:00
[2024-05-10T07:25:30.096+0000] {processor.py:183} INFO - Processing /home/airflow/.local/lib/python3.12/site-packages/airflow/example_dags/example_nested_branch_dag.py took 0.072 seconds
[2024-05-10T07:26:01.037+0000] {processor.py:161} INFO - Started process (PID=471) to work on /home/airflow/.local/lib/python3.12/site-packages/airflow/example_dags/example_nested_branch_dag.py
[2024-05-10T07:26:01.038+0000] {processor.py:830} INFO - Processing file /home/airflow/.local/lib/python3.12/site-packages/airflow/example_dags/example_nested_branch_dag.py for tasks to queue
[2024-05-10T07:26:01.039+0000] {logging_mixin.py:188} INFO - [2024-05-10T07:26:01.039+0000] {dagbag.py:540} INFO - Filling up the DagBag from /home/airflow/.local/lib/python3.12/site-packages/airflow/example_dags/example_nested_branch_dag.py
[2024-05-10T07:26:01.047+0000] {processor.py:840} INFO - DAG(s) 'example_nested_branch_dag' retrieved from /home/airflow/.local/lib/python3.12/site-packages/airflow/example_dags/example_nested_branch_dag.py
[2024-05-10T07:26:01.064+0000] {logging_mixin.py:188} INFO - [2024-05-10T07:26:01.064+0000] {dag.py:3096} INFO - Sync 1 DAGs
[2024-05-10T07:26:01.083+0000] {logging_mixin.py:188} INFO - [2024-05-10T07:26:01.082+0000] {dag.py:3954} INFO - Setting next_dagrun for example_nested_branch_dag to 2024-05-09 00:00:00+00:00, run_after=2024-05-10 00:00:00+00:00
[2024-05-10T07:26:01.107+0000] {processor.py:183} INFO - Processing /home/airflow/.local/lib/python3.12/site-packages/airflow/example_dags/example_nested_branch_dag.py took 0.074 seconds
[2024-05-10T07:26:31.597+0000] {processor.py:161} INFO - Started process (PID=529) to work on /home/airflow/.local/lib/python3.12/site-packages/airflow/example_dags/example_nested_branch_dag.py
[2024-05-10T07:26:31.598+0000] {processor.py:830} INFO - Processing file /home/airflow/.local/lib/python3.12/site-packages/airflow/example_dags/example_nested_branch_dag.py for tasks to queue
[2024-05-10T07:26:31.599+0000] {logging_mixin.py:188} INFO - [2024-05-10T07:26:31.599+0000] {dagbag.py:540} INFO - Filling up the DagBag from /home/airflow/.local/lib/python3.12/site-packages/airflow/example_dags/example_nested_branch_dag.py
[2024-05-10T07:26:31.607+0000] {processor.py:840} INFO - DAG(s) 'example_nested_branch_dag' retrieved from /home/airflow/.local/lib/python3.12/site-packages/airflow/example_dags/example_nested_branch_dag.py
[2024-05-10T07:26:31.624+0000] {logging_mixin.py:188} INFO - [2024-05-10T07:26:31.624+0000] {dag.py:3096} INFO - Sync 1 DAGs
[2024-05-10T07:26:31.642+0000] {logging_mixin.py:188} INFO - [2024-05-10T07:26:31.642+0000] {dag.py:3954} INFO - Setting next_dagrun for example_nested_branch_dag to 2024-05-09 00:00:00+00:00, run_after=2024-05-10 00:00:00+00:00
[2024-05-10T07:26:31.664+0000] {processor.py:183} INFO - Processing /home/airflow/.local/lib/python3.12/site-packages/airflow/example_dags/example_nested_branch_dag.py took 0.072 seconds
[2024-05-10T07:27:02.060+0000] {processor.py:161} INFO - Started process (PID=587) to work on /home/airflow/.local/lib/python3.12/site-packages/airflow/example_dags/example_nested_branch_dag.py
[2024-05-10T07:27:02.061+0000] {processor.py:830} INFO - Processing file /home/airflow/.local/lib/python3.12/site-packages/airflow/example_dags/example_nested_branch_dag.py for tasks to queue
[2024-05-10T07:27:02.062+0000] {logging_mixin.py:188} INFO - [2024-05-10T07:27:02.062+0000] {dagbag.py:540} INFO - Filling up the DagBag from /home/airflow/.local/lib/python3.12/site-packages/airflow/example_dags/example_nested_branch_dag.py
[2024-05-10T07:27:02.070+0000] {processor.py:840} INFO - DAG(s) 'example_nested_branch_dag' retrieved from /home/airflow/.local/lib/python3.12/site-packages/airflow/example_dags/example_nested_branch_dag.py
[2024-05-10T07:27:02.087+0000] {logging_mixin.py:188} INFO - [2024-05-10T07:27:02.087+0000] {dag.py:3096} INFO - Sync 1 DAGs
[2024-05-10T07:27:02.106+0000] {logging_mixin.py:188} INFO - [2024-05-10T07:27:02.105+0000] {dag.py:3954} INFO - Setting next_dagrun for example_nested_branch_dag to 2024-05-09 00:00:00+00:00, run_after=2024-05-10 00:00:00+00:00
[2024-05-10T07:27:02.130+0000] {processor.py:183} INFO - Processing /home/airflow/.local/lib/python3.12/site-packages/airflow/example_dags/example_nested_branch_dag.py took 0.075 seconds
[2024-05-10T07:27:32.639+0000] {processor.py:161} INFO - Started process (PID=645) to work on /home/airflow/.local/lib/python3.12/site-packages/airflow/example_dags/example_nested_branch_dag.py
[2024-05-10T07:27:32.640+0000] {processor.py:830} INFO - Processing file /home/airflow/.local/lib/python3.12/site-packages/airflow/example_dags/example_nested_branch_dag.py for tasks to queue
[2024-05-10T07:27:32.641+0000] {logging_mixin.py:188} INFO - [2024-05-10T07:27:32.641+0000] {dagbag.py:540} INFO - Filling up the DagBag from /home/airflow/.local/lib/python3.12/site-packages/airflow/example_dags/example_nested_branch_dag.py
[2024-05-10T07:27:32.649+0000] {processor.py:840} INFO - DAG(s) 'example_nested_branch_dag' retrieved from /home/airflow/.local/lib/python3.12/site-packages/airflow/example_dags/example_nested_branch_dag.py
[2024-05-10T07:27:32.668+0000] {logging_mixin.py:188} INFO - [2024-05-10T07:27:32.668+0000] {dag.py:3096} INFO - Sync 1 DAGs
[2024-05-10T07:27:32.686+0000] {logging_mixin.py:188} INFO - [2024-05-10T07:27:32.686+0000] {dag.py:3954} INFO - Setting next_dagrun for example_nested_branch_dag to 2024-05-09 00:00:00+00:00, run_after=2024-05-10 00:00:00+00:00
[2024-05-10T07:27:32.708+0000] {processor.py:183} INFO - Processing /home/airflow/.local/lib/python3.12/site-packages/airflow/example_dags/example_nested_branch_dag.py took 0.074 seconds
[2024-05-10T07:28:02.875+0000] {processor.py:161} INFO - Started process (PID=703) to work on /home/airflow/.local/lib/python3.12/site-packages/airflow/example_dags/example_nested_branch_dag.py
[2024-05-10T07:28:02.876+0000] {processor.py:830} INFO - Processing file /home/airflow/.local/lib/python3.12/site-packages/airflow/example_dags/example_nested_branch_dag.py for tasks to queue
[2024-05-10T07:28:02.882+0000] {logging_mixin.py:188} INFO - [2024-05-10T07:28:02.882+0000] {dagbag.py:540} INFO - Filling up the DagBag from /home/airflow/.local/lib/python3.12/site-packages/airflow/example_dags/example_nested_branch_dag.py
[2024-05-10T07:28:02.891+0000] {processor.py:840} INFO - DAG(s) 'example_nested_branch_dag' retrieved from /home/airflow/.local/lib/python3.12/site-packages/airflow/example_dags/example_nested_branch_dag.py
[2024-05-10T07:28:02.920+0000] {logging_mixin.py:188} INFO - [2024-05-10T07:28:02.920+0000] {dag.py:3096} INFO - Sync 1 DAGs
[2024-05-10T07:28:02.940+0000] {logging_mixin.py:188} INFO - [2024-05-10T07:28:02.940+0000] {dag.py:3954} INFO - Setting next_dagrun for example_nested_branch_dag to 2024-05-09 00:00:00+00:00, run_after=2024-05-10 00:00:00+00:00
[2024-05-10T07:28:02.968+0000] {processor.py:183} INFO - Processing /home/airflow/.local/lib/python3.12/site-packages/airflow/example_dags/example_nested_branch_dag.py took 0.098 seconds
[2024-05-10T07:28:33.747+0000] {processor.py:161} INFO - Started process (PID=761) to work on /home/airflow/.local/lib/python3.12/site-packages/airflow/example_dags/example_nested_branch_dag.py
[2024-05-10T07:28:33.748+0000] {processor.py:830} INFO - Processing file /home/airflow/.local/lib/python3.12/site-packages/airflow/example_dags/example_nested_branch_dag.py for tasks to queue
[2024-05-10T07:28:33.749+0000] {logging_mixin.py:188} INFO - [2024-05-10T07:28:33.749+0000] {dagbag.py:540} INFO - Filling up the DagBag from /home/airflow/.local/lib/python3.12/site-packages/airflow/example_dags/example_nested_branch_dag.py
[2024-05-10T07:28:33.759+0000] {processor.py:840} INFO - DAG(s) 'example_nested_branch_dag' retrieved from /home/airflow/.local/lib/python3.12/site-packages/airflow/example_dags/example_nested_branch_dag.py
[2024-05-10T07:28:33.781+0000] {logging_mixin.py:188} INFO - [2024-05-10T07:28:33.781+0000] {dag.py:3096} INFO - Sync 1 DAGs
[2024-05-10T07:28:33.815+0000] {logging_mixin.py:188} INFO - [2024-05-10T07:28:33.815+0000] {dag.py:3954} INFO - Setting next_dagrun for example_nested_branch_dag to 2024-05-09 00:00:00+00:00, run_after=2024-05-10 00:00:00+00:00
[2024-05-10T07:28:33.841+0000] {processor.py:183} INFO - Processing /home/airflow/.local/lib/python3.12/site-packages/airflow/example_dags/example_nested_branch_dag.py took 0.098 seconds
[2024-05-10T07:29:04.060+0000] {processor.py:161} INFO - Started process (PID=819) to work on /home/airflow/.local/lib/python3.12/site-packages/airflow/example_dags/example_nested_branch_dag.py
[2024-05-10T07:29:04.061+0000] {processor.py:830} INFO - Processing file /home/airflow/.local/lib/python3.12/site-packages/airflow/example_dags/example_nested_branch_dag.py for tasks to queue
[2024-05-10T07:29:04.062+0000] {logging_mixin.py:188} INFO - [2024-05-10T07:29:04.062+0000] {dagbag.py:540} INFO - Filling up the DagBag from /home/airflow/.local/lib/python3.12/site-packages/airflow/example_dags/example_nested_branch_dag.py
[2024-05-10T07:29:04.070+0000] {processor.py:840} INFO - DAG(s) 'example_nested_branch_dag' retrieved from /home/airflow/.local/lib/python3.12/site-packages/airflow/example_dags/example_nested_branch_dag.py
[2024-05-10T07:29:04.087+0000] {logging_mixin.py:188} INFO - [2024-05-10T07:29:04.087+0000] {dag.py:3096} INFO - Sync 1 DAGs
[2024-05-10T07:29:04.106+0000] {logging_mixin.py:188} INFO - [2024-05-10T07:29:04.105+0000] {dag.py:3954} INFO - Setting next_dagrun for example_nested_branch_dag to 2024-05-09 00:00:00+00:00, run_after=2024-05-10 00:00:00+00:00
[2024-05-10T07:29:04.130+0000] {processor.py:183} INFO - Processing /home/airflow/.local/lib/python3.12/site-packages/airflow/example_dags/example_nested_branch_dag.py took 0.075 seconds
[2024-05-10T07:29:34.381+0000] {processor.py:161} INFO - Started process (PID=877) to work on /home/airflow/.local/lib/python3.12/site-packages/airflow/example_dags/example_nested_branch_dag.py
[2024-05-10T07:29:34.382+0000] {processor.py:830} INFO - Processing file /home/airflow/.local/lib/python3.12/site-packages/airflow/example_dags/example_nested_branch_dag.py for tasks to queue
[2024-05-10T07:29:34.383+0000] {logging_mixin.py:188} INFO - [2024-05-10T07:29:34.383+0000] {dagbag.py:540} INFO - Filling up the DagBag from /home/airflow/.local/lib/python3.12/site-packages/airflow/example_dags/example_nested_branch_dag.py
[2024-05-10T07:29:34.391+0000] {processor.py:840} INFO - DAG(s) 'example_nested_branch_dag' retrieved from /home/airflow/.local/lib/python3.12/site-packages/airflow/example_dags/example_nested_branch_dag.py
[2024-05-10T07:29:34.409+0000] {logging_mixin.py:188} INFO - [2024-05-10T07:29:34.409+0000] {dag.py:3096} INFO - Sync 1 DAGs
[2024-05-10T07:29:34.427+0000] {logging_mixin.py:188} INFO - [2024-05-10T07:29:34.427+0000] {dag.py:3954} INFO - Setting next_dagrun for example_nested_branch_dag to 2024-05-09 00:00:00+00:00, run_after=2024-05-10 00:00:00+00:00
[2024-05-10T07:29:34.452+0000] {processor.py:183} INFO - Processing /home/airflow/.local/lib/python3.12/site-packages/airflow/example_dags/example_nested_branch_dag.py took 0.075 seconds
[2024-05-10T07:30:05.069+0000] {processor.py:161} INFO - Started process (PID=935) to work on /home/airflow/.local/lib/python3.12/site-packages/airflow/example_dags/example_nested_branch_dag.py
[2024-05-10T07:30:05.070+0000] {processor.py:830} INFO - Processing file /home/airflow/.local/lib/python3.12/site-packages/airflow/example_dags/example_nested_branch_dag.py for tasks to queue
[2024-05-10T07:30:05.071+0000] {logging_mixin.py:188} INFO - [2024-05-10T07:30:05.071+0000] {dagbag.py:540} INFO - Filling up the DagBag from /home/airflow/.local/lib/python3.12/site-packages/airflow/example_dags/example_nested_branch_dag.py
[2024-05-10T07:30:05.079+0000] {processor.py:840} INFO - DAG(s) 'example_nested_branch_dag' retrieved from /home/airflow/.local/lib/python3.12/site-packages/airflow/example_dags/example_nested_branch_dag.py
[2024-05-10T07:30:05.096+0000] {logging_mixin.py:188} INFO - [2024-05-10T07:30:05.096+0000] {dag.py:3096} INFO - Sync 1 DAGs
[2024-05-10T07:30:05.115+0000] {logging_mixin.py:188} INFO - [2024-05-10T07:30:05.114+0000] {dag.py:3954} INFO - Setting next_dagrun for example_nested_branch_dag to 2024-05-09 00:00:00+00:00, run_after=2024-05-10 00:00:00+00:00
[2024-05-10T07:30:05.140+0000] {processor.py:183} INFO - Processing /home/airflow/.local/lib/python3.12/site-packages/airflow/example_dags/example_nested_branch_dag.py took 0.075 seconds
[2024-05-10T07:30:36.108+0000] {processor.py:161} INFO - Started process (PID=994) to work on /home/airflow/.local/lib/python3.12/site-packages/airflow/example_dags/example_nested_branch_dag.py
[2024-05-10T07:30:36.108+0000] {processor.py:830} INFO - Processing file /home/airflow/.local/lib/python3.12/site-packages/airflow/example_dags/example_nested_branch_dag.py for tasks to queue
[2024-05-10T07:30:36.110+0000] {logging_mixin.py:188} INFO - [2024-05-10T07:30:36.109+0000] {dagbag.py:540} INFO - Filling up the DagBag from /home/airflow/.local/lib/python3.12/site-packages/airflow/example_dags/example_nested_branch_dag.py
[2024-05-10T07:30:36.117+0000] {processor.py:840} INFO - DAG(s) 'example_nested_branch_dag' retrieved from /home/airflow/.local/lib/python3.12/site-packages/airflow/example_dags/example_nested_branch_dag.py
[2024-05-10T07:30:36.236+0000] {logging_mixin.py:188} INFO - [2024-05-10T07:30:36.236+0000] {dag.py:3096} INFO - Sync 1 DAGs
[2024-05-10T07:30:36.252+0000] {logging_mixin.py:188} INFO - [2024-05-10T07:30:36.251+0000] {dag.py:3954} INFO - Setting next_dagrun for example_nested_branch_dag to 2024-05-09 00:00:00+00:00, run_after=2024-05-10 00:00:00+00:00
[2024-05-10T07:30:36.273+0000] {processor.py:183} INFO - Processing /home/airflow/.local/lib/python3.12/site-packages/airflow/example_dags/example_nested_branch_dag.py took 0.170 seconds
[2024-05-10T07:31:07.050+0000] {processor.py:161} INFO - Started process (PID=1052) to work on /home/airflow/.local/lib/python3.12/site-packages/airflow/example_dags/example_nested_branch_dag.py
[2024-05-10T07:31:07.051+0000] {processor.py:830} INFO - Processing file /home/airflow/.local/lib/python3.12/site-packages/airflow/example_dags/example_nested_branch_dag.py for tasks to queue
[2024-05-10T07:31:07.052+0000] {logging_mixin.py:188} INFO - [2024-05-10T07:31:07.052+0000] {dagbag.py:540} INFO - Filling up the DagBag from /home/airflow/.local/lib/python3.12/site-packages/airflow/example_dags/example_nested_branch_dag.py
[2024-05-10T07:31:07.060+0000] {processor.py:840} INFO - DAG(s) 'example_nested_branch_dag' retrieved from /home/airflow/.local/lib/python3.12/site-packages/airflow/example_dags/example_nested_branch_dag.py
[2024-05-10T07:31:07.077+0000] {logging_mixin.py:188} INFO - [2024-05-10T07:31:07.076+0000] {dag.py:3096} INFO - Sync 1 DAGs
[2024-05-10T07:31:07.194+0000] {logging_mixin.py:188} INFO - [2024-05-10T07:31:07.194+0000] {dag.py:3954} INFO - Setting next_dagrun for example_nested_branch_dag to 2024-05-09 00:00:00+00:00, run_after=2024-05-10 00:00:00+00:00
[2024-05-10T07:31:07.217+0000] {processor.py:183} INFO - Processing /home/airflow/.local/lib/python3.12/site-packages/airflow/example_dags/example_nested_branch_dag.py took 0.171 seconds
[2024-05-10T07:31:37.893+0000] {processor.py:161} INFO - Started process (PID=1110) to work on /home/airflow/.local/lib/python3.12/site-packages/airflow/example_dags/example_nested_branch_dag.py
[2024-05-10T07:31:37.894+0000] {processor.py:830} INFO - Processing file /home/airflow/.local/lib/python3.12/site-packages/airflow/example_dags/example_nested_branch_dag.py for tasks to queue
[2024-05-10T07:31:37.895+0000] {logging_mixin.py:188} INFO - [2024-05-10T07:31:37.895+0000] {dagbag.py:540} INFO - Filling up the DagBag from /home/airflow/.local/lib/python3.12/site-packages/airflow/example_dags/example_nested_branch_dag.py
[2024-05-10T07:31:37.903+0000] {processor.py:840} INFO - DAG(s) 'example_nested_branch_dag' retrieved from /home/airflow/.local/lib/python3.12/site-packages/airflow/example_dags/example_nested_branch_dag.py
[2024-05-10T07:31:37.920+0000] {logging_mixin.py:188} INFO - [2024-05-10T07:31:37.919+0000] {dag.py:3096} INFO - Sync 1 DAGs
[2024-05-10T07:31:37.938+0000] {logging_mixin.py:188} INFO - [2024-05-10T07:31:37.938+0000] {dag.py:3954} INFO - Setting next_dagrun for example_nested_branch_dag to 2024-05-09 00:00:00+00:00, run_after=2024-05-10 00:00:00+00:00
[2024-05-10T07:31:37.962+0000] {processor.py:183} INFO - Processing /home/airflow/.local/lib/python3.12/site-packages/airflow/example_dags/example_nested_branch_dag.py took 0.074 seconds
[2024-05-10T07:32:08.804+0000] {processor.py:161} INFO - Started process (PID=1174) to work on /home/airflow/.local/lib/python3.12/site-packages/airflow/example_dags/example_nested_branch_dag.py
[2024-05-10T07:32:08.805+0000] {processor.py:830} INFO - Processing file /home/airflow/.local/lib/python3.12/site-packages/airflow/example_dags/example_nested_branch_dag.py for tasks to queue
[2024-05-10T07:32:08.806+0000] {logging_mixin.py:188} INFO - [2024-05-10T07:32:08.806+0000] {dagbag.py:540} INFO - Filling up the DagBag from /home/airflow/.local/lib/python3.12/site-packages/airflow/example_dags/example_nested_branch_dag.py
[2024-05-10T07:32:08.814+0000] {processor.py:840} INFO - DAG(s) 'example_nested_branch_dag' retrieved from /home/airflow/.local/lib/python3.12/site-packages/airflow/example_dags/example_nested_branch_dag.py
[2024-05-10T07:32:08.830+0000] {logging_mixin.py:188} INFO - [2024-05-10T07:32:08.830+0000] {dag.py:3096} INFO - Sync 1 DAGs
[2024-05-10T07:32:08.848+0000] {logging_mixin.py:188} INFO - [2024-05-10T07:32:08.847+0000] {dag.py:3954} INFO - Setting next_dagrun for example_nested_branch_dag to 2024-05-09 00:00:00+00:00, run_after=2024-05-10 00:00:00+00:00
[2024-05-10T07:32:08.873+0000] {processor.py:183} INFO - Processing /home/airflow/.local/lib/python3.12/site-packages/airflow/example_dags/example_nested_branch_dag.py took 0.074 seconds
[2024-05-10T07:32:39.403+0000] {processor.py:161} INFO - Started process (PID=1232) to work on /home/airflow/.local/lib/python3.12/site-packages/airflow/example_dags/example_nested_branch_dag.py
[2024-05-10T07:32:39.403+0000] {processor.py:830} INFO - Processing file /home/airflow/.local/lib/python3.12/site-packages/airflow/example_dags/example_nested_branch_dag.py for tasks to queue
[2024-05-10T07:32:39.405+0000] {logging_mixin.py:188} INFO - [2024-05-10T07:32:39.404+0000] {dagbag.py:540} INFO - Filling up the DagBag from /home/airflow/.local/lib/python3.12/site-packages/airflow/example_dags/example_nested_branch_dag.py
[2024-05-10T07:32:39.412+0000] {processor.py:840} INFO - DAG(s) 'example_nested_branch_dag' retrieved from /home/airflow/.local/lib/python3.12/site-packages/airflow/example_dags/example_nested_branch_dag.py
[2024-05-10T07:32:39.429+0000] {logging_mixin.py:188} INFO - [2024-05-10T07:32:39.429+0000] {dag.py:3096} INFO - Sync 1 DAGs
[2024-05-10T07:32:39.446+0000] {logging_mixin.py:188} INFO - [2024-05-10T07:32:39.446+0000] {dag.py:3954} INFO - Setting next_dagrun for example_nested_branch_dag to 2024-05-09 00:00:00+00:00, run_after=2024-05-10 00:00:00+00:00
[2024-05-10T07:32:39.462+0000] {processor.py:183} INFO - Processing /home/airflow/.local/lib/python3.12/site-packages/airflow/example_dags/example_nested_branch_dag.py took 0.064 seconds
[2024-05-10T07:33:10.163+0000] {processor.py:161} INFO - Started process (PID=1292) to work on /home/airflow/.local/lib/python3.12/site-packages/airflow/example_dags/example_nested_branch_dag.py
[2024-05-10T07:33:10.164+0000] {processor.py:830} INFO - Processing file /home/airflow/.local/lib/python3.12/site-packages/airflow/example_dags/example_nested_branch_dag.py for tasks to queue
[2024-05-10T07:33:10.165+0000] {logging_mixin.py:188} INFO - [2024-05-10T07:33:10.165+0000] {dagbag.py:540} INFO - Filling up the DagBag from /home/airflow/.local/lib/python3.12/site-packages/airflow/example_dags/example_nested_branch_dag.py
[2024-05-10T07:33:10.173+0000] {processor.py:840} INFO - DAG(s) 'example_nested_branch_dag' retrieved from /home/airflow/.local/lib/python3.12/site-packages/airflow/example_dags/example_nested_branch_dag.py
[2024-05-10T07:33:10.193+0000] {logging_mixin.py:188} INFO - [2024-05-10T07:33:10.193+0000] {dag.py:3096} INFO - Sync 1 DAGs
[2024-05-10T07:33:10.214+0000] {logging_mixin.py:188} INFO - [2024-05-10T07:33:10.213+0000] {dag.py:3954} INFO - Setting next_dagrun for example_nested_branch_dag to 2024-05-09 00:00:00+00:00, run_after=2024-05-10 00:00:00+00:00
[2024-05-10T07:33:10.242+0000] {processor.py:183} INFO - Processing /home/airflow/.local/lib/python3.12/site-packages/airflow/example_dags/example_nested_branch_dag.py took 0.084 seconds
[2024-05-10T07:33:40.650+0000] {processor.py:161} INFO - Started process (PID=1351) to work on /home/airflow/.local/lib/python3.12/site-packages/airflow/example_dags/example_nested_branch_dag.py
[2024-05-10T07:33:40.650+0000] {processor.py:830} INFO - Processing file /home/airflow/.local/lib/python3.12/site-packages/airflow/example_dags/example_nested_branch_dag.py for tasks to queue
[2024-05-10T07:33:40.651+0000] {logging_mixin.py:188} INFO - [2024-05-10T07:33:40.651+0000] {dagbag.py:540} INFO - Filling up the DagBag from /home/airflow/.local/lib/python3.12/site-packages/airflow/example_dags/example_nested_branch_dag.py
[2024-05-10T07:33:40.659+0000] {processor.py:840} INFO - DAG(s) 'example_nested_branch_dag' retrieved from /home/airflow/.local/lib/python3.12/site-packages/airflow/example_dags/example_nested_branch_dag.py
[2024-05-10T07:33:40.677+0000] {logging_mixin.py:188} INFO - [2024-05-10T07:33:40.676+0000] {dag.py:3096} INFO - Sync 1 DAGs
[2024-05-10T07:33:40.695+0000] {logging_mixin.py:188} INFO - [2024-05-10T07:33:40.695+0000] {dag.py:3954} INFO - Setting next_dagrun for example_nested_branch_dag to 2024-05-09 00:00:00+00:00, run_after=2024-05-10 00:00:00+00:00
[2024-05-10T07:33:40.718+0000] {processor.py:183} INFO - Processing /home/airflow/.local/lib/python3.12/site-packages/airflow/example_dags/example_nested_branch_dag.py took 0.073 seconds
[2024-05-10T07:34:11.484+0000] {processor.py:161} INFO - Started process (PID=1411) to work on /home/airflow/.local/lib/python3.12/site-packages/airflow/example_dags/example_nested_branch_dag.py
[2024-05-10T07:34:11.485+0000] {processor.py:830} INFO - Processing file /home/airflow/.local/lib/python3.12/site-packages/airflow/example_dags/example_nested_branch_dag.py for tasks to queue
[2024-05-10T07:34:11.487+0000] {logging_mixin.py:188} INFO - [2024-05-10T07:34:11.486+0000] {dagbag.py:540} INFO - Filling up the DagBag from /home/airflow/.local/lib/python3.12/site-packages/airflow/example_dags/example_nested_branch_dag.py
[2024-05-10T07:34:11.495+0000] {processor.py:840} INFO - DAG(s) 'example_nested_branch_dag' retrieved from /home/airflow/.local/lib/python3.12/site-packages/airflow/example_dags/example_nested_branch_dag.py
[2024-05-10T07:34:11.514+0000] {logging_mixin.py:188} INFO - [2024-05-10T07:34:11.513+0000] {dag.py:3096} INFO - Sync 1 DAGs
[2024-05-10T07:34:11.532+0000] {logging_mixin.py:188} INFO - [2024-05-10T07:34:11.532+0000] {dag.py:3954} INFO - Setting next_dagrun for example_nested_branch_dag to 2024-05-09 00:00:00+00:00, run_after=2024-05-10 00:00:00+00:00
[2024-05-10T07:34:11.552+0000] {processor.py:183} INFO - Processing /home/airflow/.local/lib/python3.12/site-packages/airflow/example_dags/example_nested_branch_dag.py took 0.073 seconds
[2024-05-10T07:34:42.039+0000] {processor.py:161} INFO - Started process (PID=1470) to work on /home/airflow/.local/lib/python3.12/site-packages/airflow/example_dags/example_nested_branch_dag.py
[2024-05-10T07:34:42.039+0000] {processor.py:830} INFO - Processing file /home/airflow/.local/lib/python3.12/site-packages/airflow/example_dags/example_nested_branch_dag.py for tasks to queue
[2024-05-10T07:34:42.041+0000] {logging_mixin.py:188} INFO - [2024-05-10T07:34:42.040+0000] {dagbag.py:540} INFO - Filling up the DagBag from /home/airflow/.local/lib/python3.12/site-packages/airflow/example_dags/example_nested_branch_dag.py
[2024-05-10T07:34:42.048+0000] {processor.py:840} INFO - DAG(s) 'example_nested_branch_dag' retrieved from /home/airflow/.local/lib/python3.12/site-packages/airflow/example_dags/example_nested_branch_dag.py
[2024-05-10T07:34:42.065+0000] {logging_mixin.py:188} INFO - [2024-05-10T07:34:42.065+0000] {dag.py:3096} INFO - Sync 1 DAGs
[2024-05-10T07:34:42.084+0000] {logging_mixin.py:188} INFO - [2024-05-10T07:34:42.084+0000] {dag.py:3954} INFO - Setting next_dagrun for example_nested_branch_dag to 2024-05-09 00:00:00+00:00, run_after=2024-05-10 00:00:00+00:00
[2024-05-10T07:34:42.107+0000] {processor.py:183} INFO - Processing /home/airflow/.local/lib/python3.12/site-packages/airflow/example_dags/example_nested_branch_dag.py took 0.073 seconds
[2024-05-10T07:35:12.750+0000] {processor.py:161} INFO - Started process (PID=1529) to work on /home/airflow/.local/lib/python3.12/site-packages/airflow/example_dags/example_nested_branch_dag.py
[2024-05-10T07:35:12.750+0000] {processor.py:830} INFO - Processing file /home/airflow/.local/lib/python3.12/site-packages/airflow/example_dags/example_nested_branch_dag.py for tasks to queue
[2024-05-10T07:35:12.752+0000] {logging_mixin.py:188} INFO - [2024-05-10T07:35:12.751+0000] {dagbag.py:540} INFO - Filling up the DagBag from /home/airflow/.local/lib/python3.12/site-packages/airflow/example_dags/example_nested_branch_dag.py
[2024-05-10T07:35:12.761+0000] {processor.py:840} INFO - DAG(s) 'example_nested_branch_dag' retrieved from /home/airflow/.local/lib/python3.12/site-packages/airflow/example_dags/example_nested_branch_dag.py
[2024-05-10T07:35:12.778+0000] {logging_mixin.py:188} INFO - [2024-05-10T07:35:12.778+0000] {dag.py:3096} INFO - Sync 1 DAGs
[2024-05-10T07:35:12.797+0000] {logging_mixin.py:188} INFO - [2024-05-10T07:35:12.797+0000] {dag.py:3954} INFO - Setting next_dagrun for example_nested_branch_dag to 2024-05-09 00:00:00+00:00, run_after=2024-05-10 00:00:00+00:00
[2024-05-10T07:35:12.818+0000] {processor.py:183} INFO - Processing /home/airflow/.local/lib/python3.12/site-packages/airflow/example_dags/example_nested_branch_dag.py took 0.073 seconds
[2024-05-10T07:35:43.683+0000] {processor.py:161} INFO - Started process (PID=1588) to work on /home/airflow/.local/lib/python3.12/site-packages/airflow/example_dags/example_nested_branch_dag.py
[2024-05-10T07:35:43.684+0000] {processor.py:830} INFO - Processing file /home/airflow/.local/lib/python3.12/site-packages/airflow/example_dags/example_nested_branch_dag.py for tasks to queue
[2024-05-10T07:35:43.685+0000] {logging_mixin.py:188} INFO - [2024-05-10T07:35:43.685+0000] {dagbag.py:540} INFO - Filling up the DagBag from /home/airflow/.local/lib/python3.12/site-packages/airflow/example_dags/example_nested_branch_dag.py
[2024-05-10T07:35:43.694+0000] {processor.py:840} INFO - DAG(s) 'example_nested_branch_dag' retrieved from /home/airflow/.local/lib/python3.12/site-packages/airflow/example_dags/example_nested_branch_dag.py
[2024-05-10T07:35:43.711+0000] {logging_mixin.py:188} INFO - [2024-05-10T07:35:43.711+0000] {dag.py:3096} INFO - Sync 1 DAGs
[2024-05-10T07:35:43.732+0000] {logging_mixin.py:188} INFO - [2024-05-10T07:35:43.732+0000] {dag.py:3954} INFO - Setting next_dagrun for example_nested_branch_dag to 2024-05-09 00:00:00+00:00, run_after=2024-05-10 00:00:00+00:00
[2024-05-10T07:35:43.752+0000] {processor.py:183} INFO - Processing /home/airflow/.local/lib/python3.12/site-packages/airflow/example_dags/example_nested_branch_dag.py took 0.073 seconds
[2024-05-10T07:36:14.028+0000] {processor.py:161} INFO - Started process (PID=1647) to work on /home/airflow/.local/lib/python3.12/site-packages/airflow/example_dags/example_nested_branch_dag.py
[2024-05-10T07:36:14.029+0000] {processor.py:830} INFO - Processing file /home/airflow/.local/lib/python3.12/site-packages/airflow/example_dags/example_nested_branch_dag.py for tasks to queue
[2024-05-10T07:36:14.030+0000] {logging_mixin.py:188} INFO - [2024-05-10T07:36:14.030+0000] {dagbag.py:540} INFO - Filling up the DagBag from /home/airflow/.local/lib/python3.12/site-packages/airflow/example_dags/example_nested_branch_dag.py
[2024-05-10T07:36:14.038+0000] {processor.py:840} INFO - DAG(s) 'example_nested_branch_dag' retrieved from /home/airflow/.local/lib/python3.12/site-packages/airflow/example_dags/example_nested_branch_dag.py
[2024-05-10T07:36:14.057+0000] {logging_mixin.py:188} INFO - [2024-05-10T07:36:14.057+0000] {dag.py:3096} INFO - Sync 1 DAGs
[2024-05-10T07:36:14.076+0000] {logging_mixin.py:188} INFO - [2024-05-10T07:36:14.076+0000] {dag.py:3954} INFO - Setting next_dagrun for example_nested_branch_dag to 2024-05-09 00:00:00+00:00, run_after=2024-05-10 00:00:00+00:00
[2024-05-10T07:36:14.097+0000] {processor.py:183} INFO - Processing /home/airflow/.local/lib/python3.12/site-packages/airflow/example_dags/example_nested_branch_dag.py took 0.073 seconds
[2024-05-10T07:36:44.253+0000] {processor.py:161} INFO - Started process (PID=1705) to work on /home/airflow/.local/lib/python3.12/site-packages/airflow/example_dags/example_nested_branch_dag.py
[2024-05-10T07:36:44.253+0000] {processor.py:830} INFO - Processing file /home/airflow/.local/lib/python3.12/site-packages/airflow/example_dags/example_nested_branch_dag.py for tasks to queue
[2024-05-10T07:36:44.255+0000] {logging_mixin.py:188} INFO - [2024-05-10T07:36:44.254+0000] {dagbag.py:540} INFO - Filling up the DagBag from /home/airflow/.local/lib/python3.12/site-packages/airflow/example_dags/example_nested_branch_dag.py
[2024-05-10T07:36:44.263+0000] {processor.py:840} INFO - DAG(s) 'example_nested_branch_dag' retrieved from /home/airflow/.local/lib/python3.12/site-packages/airflow/example_dags/example_nested_branch_dag.py
[2024-05-10T07:36:44.281+0000] {logging_mixin.py:188} INFO - [2024-05-10T07:36:44.280+0000] {dag.py:3096} INFO - Sync 1 DAGs
[2024-05-10T07:36:44.299+0000] {logging_mixin.py:188} INFO - [2024-05-10T07:36:44.299+0000] {dag.py:3954} INFO - Setting next_dagrun for example_nested_branch_dag to 2024-05-09 00:00:00+00:00, run_after=2024-05-10 00:00:00+00:00
[2024-05-10T07:36:44.319+0000] {processor.py:183} INFO - Processing /home/airflow/.local/lib/python3.12/site-packages/airflow/example_dags/example_nested_branch_dag.py took 0.072 seconds
[2024-05-10T07:37:15.232+0000] {processor.py:161} INFO - Started process (PID=1764) to work on /home/airflow/.local/lib/python3.12/site-packages/airflow/example_dags/example_nested_branch_dag.py
[2024-05-10T07:37:15.233+0000] {processor.py:830} INFO - Processing file /home/airflow/.local/lib/python3.12/site-packages/airflow/example_dags/example_nested_branch_dag.py for tasks to queue
[2024-05-10T07:37:15.234+0000] {logging_mixin.py:188} INFO - [2024-05-10T07:37:15.234+0000] {dagbag.py:540} INFO - Filling up the DagBag from /home/airflow/.local/lib/python3.12/site-packages/airflow/example_dags/example_nested_branch_dag.py
[2024-05-10T07:37:15.244+0000] {processor.py:840} INFO - DAG(s) 'example_nested_branch_dag' retrieved from /home/airflow/.local/lib/python3.12/site-packages/airflow/example_dags/example_nested_branch_dag.py
[2024-05-10T07:37:15.265+0000] {logging_mixin.py:188} INFO - [2024-05-10T07:37:15.265+0000] {dag.py:3096} INFO - Sync 1 DAGs
[2024-05-10T07:37:15.291+0000] {logging_mixin.py:188} INFO - [2024-05-10T07:37:15.291+0000] {dag.py:3954} INFO - Setting next_dagrun for example_nested_branch_dag to 2024-05-09 00:00:00+00:00, run_after=2024-05-10 00:00:00+00:00
[2024-05-10T07:37:15.320+0000] {processor.py:183} INFO - Processing /home/airflow/.local/lib/python3.12/site-packages/airflow/example_dags/example_nested_branch_dag.py took 0.093 seconds
[2024-05-10T07:37:45.441+0000] {processor.py:161} INFO - Started process (PID=1823) to work on /home/airflow/.local/lib/python3.12/site-packages/airflow/example_dags/example_nested_branch_dag.py
[2024-05-10T07:37:45.442+0000] {processor.py:830} INFO - Processing file /home/airflow/.local/lib/python3.12/site-packages/airflow/example_dags/example_nested_branch_dag.py for tasks to queue
[2024-05-10T07:37:45.443+0000] {logging_mixin.py:188} INFO - [2024-05-10T07:37:45.443+0000] {dagbag.py:540} INFO - Filling up the DagBag from /home/airflow/.local/lib/python3.12/site-packages/airflow/example_dags/example_nested_branch_dag.py
[2024-05-10T07:37:45.451+0000] {processor.py:840} INFO - DAG(s) 'example_nested_branch_dag' retrieved from /home/airflow/.local/lib/python3.12/site-packages/airflow/example_dags/example_nested_branch_dag.py
[2024-05-10T07:37:45.471+0000] {logging_mixin.py:188} INFO - [2024-05-10T07:37:45.471+0000] {dag.py:3096} INFO - Sync 1 DAGs
[2024-05-10T07:37:45.491+0000] {logging_mixin.py:188} INFO - [2024-05-10T07:37:45.491+0000] {dag.py:3954} INFO - Setting next_dagrun for example_nested_branch_dag to 2024-05-09 00:00:00+00:00, run_after=2024-05-10 00:00:00+00:00
[2024-05-10T07:37:45.509+0000] {processor.py:183} INFO - Processing /home/airflow/.local/lib/python3.12/site-packages/airflow/example_dags/example_nested_branch_dag.py took 0.073 seconds
[2024-05-10T07:38:16.205+0000] {processor.py:161} INFO - Started process (PID=1882) to work on /home/airflow/.local/lib/python3.12/site-packages/airflow/example_dags/example_nested_branch_dag.py
[2024-05-10T07:38:16.206+0000] {processor.py:830} INFO - Processing file /home/airflow/.local/lib/python3.12/site-packages/airflow/example_dags/example_nested_branch_dag.py for tasks to queue
[2024-05-10T07:38:16.207+0000] {logging_mixin.py:188} INFO - [2024-05-10T07:38:16.207+0000] {dagbag.py:540} INFO - Filling up the DagBag from /home/airflow/.local/lib/python3.12/site-packages/airflow/example_dags/example_nested_branch_dag.py
[2024-05-10T07:38:16.215+0000] {processor.py:840} INFO - DAG(s) 'example_nested_branch_dag' retrieved from /home/airflow/.local/lib/python3.12/site-packages/airflow/example_dags/example_nested_branch_dag.py
[2024-05-10T07:38:16.233+0000] {logging_mixin.py:188} INFO - [2024-05-10T07:38:16.233+0000] {dag.py:3096} INFO - Sync 1 DAGs
[2024-05-10T07:38:16.253+0000] {logging_mixin.py:188} INFO - [2024-05-10T07:38:16.253+0000] {dag.py:3954} INFO - Setting next_dagrun for example_nested_branch_dag to 2024-05-09 00:00:00+00:00, run_after=2024-05-10 00:00:00+00:00
[2024-05-10T07:38:16.274+0000] {processor.py:183} INFO - Processing /home/airflow/.local/lib/python3.12/site-packages/airflow/example_dags/example_nested_branch_dag.py took 0.074 seconds
[2024-05-10T07:38:46.850+0000] {processor.py:161} INFO - Started process (PID=1940) to work on /home/airflow/.local/lib/python3.12/site-packages/airflow/example_dags/example_nested_branch_dag.py
[2024-05-10T07:38:46.851+0000] {processor.py:830} INFO - Processing file /home/airflow/.local/lib/python3.12/site-packages/airflow/example_dags/example_nested_branch_dag.py for tasks to queue
[2024-05-10T07:38:46.853+0000] {logging_mixin.py:188} INFO - [2024-05-10T07:38:46.852+0000] {dagbag.py:540} INFO - Filling up the DagBag from /home/airflow/.local/lib/python3.12/site-packages/airflow/example_dags/example_nested_branch_dag.py
[2024-05-10T07:38:46.860+0000] {processor.py:840} INFO - DAG(s) 'example_nested_branch_dag' retrieved from /home/airflow/.local/lib/python3.12/site-packages/airflow/example_dags/example_nested_branch_dag.py
[2024-05-10T07:38:46.878+0000] {logging_mixin.py:188} INFO - [2024-05-10T07:38:46.877+0000] {dag.py:3096} INFO - Sync 1 DAGs
[2024-05-10T07:38:46.896+0000] {logging_mixin.py:188} INFO - [2024-05-10T07:38:46.896+0000] {dag.py:3954} INFO - Setting next_dagrun for example_nested_branch_dag to 2024-05-09 00:00:00+00:00, run_after=2024-05-10 00:00:00+00:00
[2024-05-10T07:38:46.920+0000] {processor.py:183} INFO - Processing /home/airflow/.local/lib/python3.12/site-packages/airflow/example_dags/example_nested_branch_dag.py took 0.074 seconds
[2024-05-10T07:39:17.838+0000] {processor.py:161} INFO - Started process (PID=1999) to work on /home/airflow/.local/lib/python3.12/site-packages/airflow/example_dags/example_nested_branch_dag.py
[2024-05-10T07:39:17.841+0000] {processor.py:830} INFO - Processing file /home/airflow/.local/lib/python3.12/site-packages/airflow/example_dags/example_nested_branch_dag.py for tasks to queue
[2024-05-10T07:39:17.846+0000] {logging_mixin.py:188} INFO - [2024-05-10T07:39:17.845+0000] {dagbag.py:540} INFO - Filling up the DagBag from /home/airflow/.local/lib/python3.12/site-packages/airflow/example_dags/example_nested_branch_dag.py
[2024-05-10T07:39:17.878+0000] {processor.py:840} INFO - DAG(s) 'example_nested_branch_dag' retrieved from /home/airflow/.local/lib/python3.12/site-packages/airflow/example_dags/example_nested_branch_dag.py
[2024-05-10T07:39:17.947+0000] {logging_mixin.py:188} INFO - [2024-05-10T07:39:17.946+0000] {dag.py:3096} INFO - Sync 1 DAGs
[2024-05-10T07:39:17.981+0000] {logging_mixin.py:188} INFO - [2024-05-10T07:39:17.981+0000] {dag.py:3954} INFO - Setting next_dagrun for example_nested_branch_dag to 2024-05-09 00:00:00+00:00, run_after=2024-05-10 00:00:00+00:00
[2024-05-10T07:39:18.007+0000] {processor.py:183} INFO - Processing /home/airflow/.local/lib/python3.12/site-packages/airflow/example_dags/example_nested_branch_dag.py took 0.189 seconds
[2024-05-10T07:39:48.062+0000] {processor.py:161} INFO - Started process (PID=2057) to work on /home/airflow/.local/lib/python3.12/site-packages/airflow/example_dags/example_nested_branch_dag.py
[2024-05-10T07:39:48.062+0000] {processor.py:830} INFO - Processing file /home/airflow/.local/lib/python3.12/site-packages/airflow/example_dags/example_nested_branch_dag.py for tasks to queue
[2024-05-10T07:39:48.063+0000] {logging_mixin.py:188} INFO - [2024-05-10T07:39:48.063+0000] {dagbag.py:540} INFO - Filling up the DagBag from /home/airflow/.local/lib/python3.12/site-packages/airflow/example_dags/example_nested_branch_dag.py
[2024-05-10T07:39:48.071+0000] {processor.py:840} INFO - DAG(s) 'example_nested_branch_dag' retrieved from /home/airflow/.local/lib/python3.12/site-packages/airflow/example_dags/example_nested_branch_dag.py
[2024-05-10T07:39:48.088+0000] {logging_mixin.py:188} INFO - [2024-05-10T07:39:48.088+0000] {dag.py:3096} INFO - Sync 1 DAGs
[2024-05-10T07:39:48.107+0000] {logging_mixin.py:188} INFO - [2024-05-10T07:39:48.107+0000] {dag.py:3954} INFO - Setting next_dagrun for example_nested_branch_dag to 2024-05-09 00:00:00+00:00, run_after=2024-05-10 00:00:00+00:00
[2024-05-10T07:39:48.129+0000] {processor.py:183} INFO - Processing /home/airflow/.local/lib/python3.12/site-packages/airflow/example_dags/example_nested_branch_dag.py took 0.073 seconds
[2024-05-10T07:40:18.961+0000] {processor.py:161} INFO - Started process (PID=2116) to work on /home/airflow/.local/lib/python3.12/site-packages/airflow/example_dags/example_nested_branch_dag.py
[2024-05-10T07:40:18.962+0000] {processor.py:830} INFO - Processing file /home/airflow/.local/lib/python3.12/site-packages/airflow/example_dags/example_nested_branch_dag.py for tasks to queue
[2024-05-10T07:40:18.963+0000] {logging_mixin.py:188} INFO - [2024-05-10T07:40:18.963+0000] {dagbag.py:540} INFO - Filling up the DagBag from /home/airflow/.local/lib/python3.12/site-packages/airflow/example_dags/example_nested_branch_dag.py
[2024-05-10T07:40:18.971+0000] {processor.py:840} INFO - DAG(s) 'example_nested_branch_dag' retrieved from /home/airflow/.local/lib/python3.12/site-packages/airflow/example_dags/example_nested_branch_dag.py
[2024-05-10T07:40:18.989+0000] {logging_mixin.py:188} INFO - [2024-05-10T07:40:18.989+0000] {dag.py:3096} INFO - Sync 1 DAGs
[2024-05-10T07:40:19.008+0000] {logging_mixin.py:188} INFO - [2024-05-10T07:40:19.008+0000] {dag.py:3954} INFO - Setting next_dagrun for example_nested_branch_dag to 2024-05-09 00:00:00+00:00, run_after=2024-05-10 00:00:00+00:00
[2024-05-10T07:40:19.029+0000] {processor.py:183} INFO - Processing /home/airflow/.local/lib/python3.12/site-packages/airflow/example_dags/example_nested_branch_dag.py took 0.073 seconds
[2024-05-10T07:40:49.549+0000] {processor.py:161} INFO - Started process (PID=2175) to work on /home/airflow/.local/lib/python3.12/site-packages/airflow/example_dags/example_nested_branch_dag.py
[2024-05-10T07:40:49.550+0000] {processor.py:830} INFO - Processing file /home/airflow/.local/lib/python3.12/site-packages/airflow/example_dags/example_nested_branch_dag.py for tasks to queue
[2024-05-10T07:40:49.551+0000] {logging_mixin.py:188} INFO - [2024-05-10T07:40:49.551+0000] {dagbag.py:540} INFO - Filling up the DagBag from /home/airflow/.local/lib/python3.12/site-packages/airflow/example_dags/example_nested_branch_dag.py
[2024-05-10T07:40:49.559+0000] {processor.py:840} INFO - DAG(s) 'example_nested_branch_dag' retrieved from /home/airflow/.local/lib/python3.12/site-packages/airflow/example_dags/example_nested_branch_dag.py
[2024-05-10T07:40:49.577+0000] {logging_mixin.py:188} INFO - [2024-05-10T07:40:49.577+0000] {dag.py:3096} INFO - Sync 1 DAGs
[2024-05-10T07:40:49.595+0000] {logging_mixin.py:188} INFO - [2024-05-10T07:40:49.595+0000] {dag.py:3954} INFO - Setting next_dagrun for example_nested_branch_dag to 2024-05-09 00:00:00+00:00, run_after=2024-05-10 00:00:00+00:00
[2024-05-10T07:40:49.618+0000] {processor.py:183} INFO - Processing /home/airflow/.local/lib/python3.12/site-packages/airflow/example_dags/example_nested_branch_dag.py took 0.073 seconds
[2024-05-10T07:41:20.336+0000] {processor.py:161} INFO - Started process (PID=2234) to work on /home/airflow/.local/lib/python3.12/site-packages/airflow/example_dags/example_nested_branch_dag.py
[2024-05-10T07:41:20.337+0000] {processor.py:830} INFO - Processing file /home/airflow/.local/lib/python3.12/site-packages/airflow/example_dags/example_nested_branch_dag.py for tasks to queue
[2024-05-10T07:41:20.338+0000] {logging_mixin.py:188} INFO - [2024-05-10T07:41:20.338+0000] {dagbag.py:540} INFO - Filling up the DagBag from /home/airflow/.local/lib/python3.12/site-packages/airflow/example_dags/example_nested_branch_dag.py
[2024-05-10T07:41:20.346+0000] {processor.py:840} INFO - DAG(s) 'example_nested_branch_dag' retrieved from /home/airflow/.local/lib/python3.12/site-packages/airflow/example_dags/example_nested_branch_dag.py
[2024-05-10T07:41:20.365+0000] {logging_mixin.py:188} INFO - [2024-05-10T07:41:20.365+0000] {dag.py:3096} INFO - Sync 1 DAGs
[2024-05-10T07:41:20.387+0000] {logging_mixin.py:188} INFO - [2024-05-10T07:41:20.387+0000] {dag.py:3954} INFO - Setting next_dagrun for example_nested_branch_dag to 2024-05-09 00:00:00+00:00, run_after=2024-05-10 00:00:00+00:00
[2024-05-10T07:41:20.407+0000] {processor.py:183} INFO - Processing /home/airflow/.local/lib/python3.12/site-packages/airflow/example_dags/example_nested_branch_dag.py took 0.075 seconds
[2024-05-10T07:41:50.509+0000] {processor.py:161} INFO - Started process (PID=2293) to work on /home/airflow/.local/lib/python3.12/site-packages/airflow/example_dags/example_nested_branch_dag.py
[2024-05-10T07:41:50.511+0000] {processor.py:830} INFO - Processing file /home/airflow/.local/lib/python3.12/site-packages/airflow/example_dags/example_nested_branch_dag.py for tasks to queue
[2024-05-10T07:41:50.514+0000] {logging_mixin.py:188} INFO - [2024-05-10T07:41:50.513+0000] {dagbag.py:540} INFO - Filling up the DagBag from /home/airflow/.local/lib/python3.12/site-packages/airflow/example_dags/example_nested_branch_dag.py
[2024-05-10T07:41:50.525+0000] {processor.py:840} INFO - DAG(s) 'example_nested_branch_dag' retrieved from /home/airflow/.local/lib/python3.12/site-packages/airflow/example_dags/example_nested_branch_dag.py
[2024-05-10T07:41:50.543+0000] {logging_mixin.py:188} INFO - [2024-05-10T07:41:50.542+0000] {dag.py:3096} INFO - Sync 1 DAGs
[2024-05-10T07:41:50.561+0000] {logging_mixin.py:188} INFO - [2024-05-10T07:41:50.561+0000] {dag.py:3954} INFO - Setting next_dagrun for example_nested_branch_dag to 2024-05-09 00:00:00+00:00, run_after=2024-05-10 00:00:00+00:00
[2024-05-10T07:41:50.584+0000] {processor.py:183} INFO - Processing /home/airflow/.local/lib/python3.12/site-packages/airflow/example_dags/example_nested_branch_dag.py took 0.086 seconds
[2024-05-10T07:42:20.781+0000] {processor.py:161} INFO - Started process (PID=2351) to work on /home/airflow/.local/lib/python3.12/site-packages/airflow/example_dags/example_nested_branch_dag.py
[2024-05-10T07:42:20.782+0000] {processor.py:830} INFO - Processing file /home/airflow/.local/lib/python3.12/site-packages/airflow/example_dags/example_nested_branch_dag.py for tasks to queue
[2024-05-10T07:42:20.783+0000] {logging_mixin.py:188} INFO - [2024-05-10T07:42:20.783+0000] {dagbag.py:540} INFO - Filling up the DagBag from /home/airflow/.local/lib/python3.12/site-packages/airflow/example_dags/example_nested_branch_dag.py
[2024-05-10T07:42:20.792+0000] {processor.py:840} INFO - DAG(s) 'example_nested_branch_dag' retrieved from /home/airflow/.local/lib/python3.12/site-packages/airflow/example_dags/example_nested_branch_dag.py
[2024-05-10T07:42:20.812+0000] {logging_mixin.py:188} INFO - [2024-05-10T07:42:20.812+0000] {dag.py:3096} INFO - Sync 1 DAGs
[2024-05-10T07:42:20.832+0000] {logging_mixin.py:188} INFO - [2024-05-10T07:42:20.832+0000] {dag.py:3954} INFO - Setting next_dagrun for example_nested_branch_dag to 2024-05-09 00:00:00+00:00, run_after=2024-05-10 00:00:00+00:00
[2024-05-10T07:42:20.907+0000] {processor.py:183} INFO - Processing /home/airflow/.local/lib/python3.12/site-packages/airflow/example_dags/example_nested_branch_dag.py took 0.132 seconds
[2024-05-10T07:42:51.692+0000] {processor.py:161} INFO - Started process (PID=2410) to work on /home/airflow/.local/lib/python3.12/site-packages/airflow/example_dags/example_nested_branch_dag.py
[2024-05-10T07:42:51.692+0000] {processor.py:830} INFO - Processing file /home/airflow/.local/lib/python3.12/site-packages/airflow/example_dags/example_nested_branch_dag.py for tasks to queue
[2024-05-10T07:42:51.694+0000] {logging_mixin.py:188} INFO - [2024-05-10T07:42:51.693+0000] {dagbag.py:540} INFO - Filling up the DagBag from /home/airflow/.local/lib/python3.12/site-packages/airflow/example_dags/example_nested_branch_dag.py
[2024-05-10T07:42:51.703+0000] {processor.py:840} INFO - DAG(s) 'example_nested_branch_dag' retrieved from /home/airflow/.local/lib/python3.12/site-packages/airflow/example_dags/example_nested_branch_dag.py
[2024-05-10T07:42:51.721+0000] {logging_mixin.py:188} INFO - [2024-05-10T07:42:51.721+0000] {dag.py:3096} INFO - Sync 1 DAGs
[2024-05-10T07:42:51.741+0000] {logging_mixin.py:188} INFO - [2024-05-10T07:42:51.741+0000] {dag.py:3954} INFO - Setting next_dagrun for example_nested_branch_dag to 2024-05-09 00:00:00+00:00, run_after=2024-05-10 00:00:00+00:00
[2024-05-10T07:42:51.763+0000] {processor.py:183} INFO - Processing /home/airflow/.local/lib/python3.12/site-packages/airflow/example_dags/example_nested_branch_dag.py took 0.077 seconds
[2024-05-10T07:43:22.193+0000] {processor.py:161} INFO - Started process (PID=2469) to work on /home/airflow/.local/lib/python3.12/site-packages/airflow/example_dags/example_nested_branch_dag.py
[2024-05-10T07:43:22.194+0000] {processor.py:830} INFO - Processing file /home/airflow/.local/lib/python3.12/site-packages/airflow/example_dags/example_nested_branch_dag.py for tasks to queue
[2024-05-10T07:43:22.195+0000] {logging_mixin.py:188} INFO - [2024-05-10T07:43:22.195+0000] {dagbag.py:540} INFO - Filling up the DagBag from /home/airflow/.local/lib/python3.12/site-packages/airflow/example_dags/example_nested_branch_dag.py
[2024-05-10T07:43:22.203+0000] {processor.py:840} INFO - DAG(s) 'example_nested_branch_dag' retrieved from /home/airflow/.local/lib/python3.12/site-packages/airflow/example_dags/example_nested_branch_dag.py
[2024-05-10T07:43:22.219+0000] {logging_mixin.py:188} INFO - [2024-05-10T07:43:22.219+0000] {dag.py:3096} INFO - Sync 1 DAGs
[2024-05-10T07:43:22.237+0000] {logging_mixin.py:188} INFO - [2024-05-10T07:43:22.237+0000] {dag.py:3954} INFO - Setting next_dagrun for example_nested_branch_dag to 2024-05-09 00:00:00+00:00, run_after=2024-05-10 00:00:00+00:00
[2024-05-10T07:43:22.262+0000] {processor.py:183} INFO - Processing /home/airflow/.local/lib/python3.12/site-packages/airflow/example_dags/example_nested_branch_dag.py took 0.074 seconds
[2024-05-10T07:43:52.748+0000] {processor.py:161} INFO - Started process (PID=2528) to work on /home/airflow/.local/lib/python3.12/site-packages/airflow/example_dags/example_nested_branch_dag.py
[2024-05-10T07:43:52.748+0000] {processor.py:830} INFO - Processing file /home/airflow/.local/lib/python3.12/site-packages/airflow/example_dags/example_nested_branch_dag.py for tasks to queue
[2024-05-10T07:43:52.750+0000] {logging_mixin.py:188} INFO - [2024-05-10T07:43:52.750+0000] {dagbag.py:540} INFO - Filling up the DagBag from /home/airflow/.local/lib/python3.12/site-packages/airflow/example_dags/example_nested_branch_dag.py
[2024-05-10T07:43:52.757+0000] {processor.py:840} INFO - DAG(s) 'example_nested_branch_dag' retrieved from /home/airflow/.local/lib/python3.12/site-packages/airflow/example_dags/example_nested_branch_dag.py
[2024-05-10T07:43:52.774+0000] {logging_mixin.py:188} INFO - [2024-05-10T07:43:52.774+0000] {dag.py:3096} INFO - Sync 1 DAGs
[2024-05-10T07:43:52.792+0000] {logging_mixin.py:188} INFO - [2024-05-10T07:43:52.792+0000] {dag.py:3954} INFO - Setting next_dagrun for example_nested_branch_dag to 2024-05-09 00:00:00+00:00, run_after=2024-05-10 00:00:00+00:00
[2024-05-10T07:43:52.818+0000] {processor.py:183} INFO - Processing /home/airflow/.local/lib/python3.12/site-packages/airflow/example_dags/example_nested_branch_dag.py took 0.074 seconds
[2024-05-10T07:44:23.448+0000] {processor.py:161} INFO - Started process (PID=2587) to work on /home/airflow/.local/lib/python3.12/site-packages/airflow/example_dags/example_nested_branch_dag.py
[2024-05-10T07:44:23.448+0000] {processor.py:830} INFO - Processing file /home/airflow/.local/lib/python3.12/site-packages/airflow/example_dags/example_nested_branch_dag.py for tasks to queue
[2024-05-10T07:44:23.450+0000] {logging_mixin.py:188} INFO - [2024-05-10T07:44:23.449+0000] {dagbag.py:540} INFO - Filling up the DagBag from /home/airflow/.local/lib/python3.12/site-packages/airflow/example_dags/example_nested_branch_dag.py
[2024-05-10T07:44:23.457+0000] {processor.py:840} INFO - DAG(s) 'example_nested_branch_dag' retrieved from /home/airflow/.local/lib/python3.12/site-packages/airflow/example_dags/example_nested_branch_dag.py
[2024-05-10T07:44:23.474+0000] {logging_mixin.py:188} INFO - [2024-05-10T07:44:23.474+0000] {dag.py:3096} INFO - Sync 1 DAGs
[2024-05-10T07:44:23.492+0000] {logging_mixin.py:188} INFO - [2024-05-10T07:44:23.492+0000] {dag.py:3954} INFO - Setting next_dagrun for example_nested_branch_dag to 2024-05-09 00:00:00+00:00, run_after=2024-05-10 00:00:00+00:00
[2024-05-10T07:44:23.519+0000] {processor.py:183} INFO - Processing /home/airflow/.local/lib/python3.12/site-packages/airflow/example_dags/example_nested_branch_dag.py took 0.076 seconds
[2024-05-10T07:44:53.815+0000] {processor.py:161} INFO - Started process (PID=2646) to work on /home/airflow/.local/lib/python3.12/site-packages/airflow/example_dags/example_nested_branch_dag.py
[2024-05-10T07:44:53.816+0000] {processor.py:830} INFO - Processing file /home/airflow/.local/lib/python3.12/site-packages/airflow/example_dags/example_nested_branch_dag.py for tasks to queue
[2024-05-10T07:44:53.817+0000] {logging_mixin.py:188} INFO - [2024-05-10T07:44:53.817+0000] {dagbag.py:540} INFO - Filling up the DagBag from /home/airflow/.local/lib/python3.12/site-packages/airflow/example_dags/example_nested_branch_dag.py
[2024-05-10T07:44:53.825+0000] {processor.py:840} INFO - DAG(s) 'example_nested_branch_dag' retrieved from /home/airflow/.local/lib/python3.12/site-packages/airflow/example_dags/example_nested_branch_dag.py
[2024-05-10T07:44:53.841+0000] {logging_mixin.py:188} INFO - [2024-05-10T07:44:53.841+0000] {dag.py:3096} INFO - Sync 1 DAGs
[2024-05-10T07:44:53.860+0000] {logging_mixin.py:188} INFO - [2024-05-10T07:44:53.860+0000] {dag.py:3954} INFO - Setting next_dagrun for example_nested_branch_dag to 2024-05-09 00:00:00+00:00, run_after=2024-05-10 00:00:00+00:00
[2024-05-10T07:44:53.884+0000] {processor.py:183} INFO - Processing /home/airflow/.local/lib/python3.12/site-packages/airflow/example_dags/example_nested_branch_dag.py took 0.073 seconds
[2024-05-10T07:45:24.454+0000] {processor.py:161} INFO - Started process (PID=2706) to work on /home/airflow/.local/lib/python3.12/site-packages/airflow/example_dags/example_nested_branch_dag.py
[2024-05-10T07:45:24.455+0000] {processor.py:830} INFO - Processing file /home/airflow/.local/lib/python3.12/site-packages/airflow/example_dags/example_nested_branch_dag.py for tasks to queue
[2024-05-10T07:45:24.456+0000] {logging_mixin.py:188} INFO - [2024-05-10T07:45:24.456+0000] {dagbag.py:540} INFO - Filling up the DagBag from /home/airflow/.local/lib/python3.12/site-packages/airflow/example_dags/example_nested_branch_dag.py
[2024-05-10T07:45:24.467+0000] {processor.py:840} INFO - DAG(s) 'example_nested_branch_dag' retrieved from /home/airflow/.local/lib/python3.12/site-packages/airflow/example_dags/example_nested_branch_dag.py
[2024-05-10T07:45:24.489+0000] {logging_mixin.py:188} INFO - [2024-05-10T07:45:24.489+0000] {dag.py:3096} INFO - Sync 1 DAGs
[2024-05-10T07:45:24.510+0000] {logging_mixin.py:188} INFO - [2024-05-10T07:45:24.510+0000] {dag.py:3954} INFO - Setting next_dagrun for example_nested_branch_dag to 2024-05-09 00:00:00+00:00, run_after=2024-05-10 00:00:00+00:00
[2024-05-10T07:45:24.528+0000] {processor.py:183} INFO - Processing /home/airflow/.local/lib/python3.12/site-packages/airflow/example_dags/example_nested_branch_dag.py took 0.079 seconds
[2024-05-10T07:45:55.093+0000] {processor.py:161} INFO - Started process (PID=2765) to work on /home/airflow/.local/lib/python3.12/site-packages/airflow/example_dags/example_nested_branch_dag.py
[2024-05-10T07:45:55.094+0000] {processor.py:830} INFO - Processing file /home/airflow/.local/lib/python3.12/site-packages/airflow/example_dags/example_nested_branch_dag.py for tasks to queue
[2024-05-10T07:45:55.095+0000] {logging_mixin.py:188} INFO - [2024-05-10T07:45:55.095+0000] {dagbag.py:540} INFO - Filling up the DagBag from /home/airflow/.local/lib/python3.12/site-packages/airflow/example_dags/example_nested_branch_dag.py
[2024-05-10T07:45:55.103+0000] {processor.py:840} INFO - DAG(s) 'example_nested_branch_dag' retrieved from /home/airflow/.local/lib/python3.12/site-packages/airflow/example_dags/example_nested_branch_dag.py
[2024-05-10T07:45:55.122+0000] {logging_mixin.py:188} INFO - [2024-05-10T07:45:55.121+0000] {dag.py:3096} INFO - Sync 1 DAGs
[2024-05-10T07:45:55.141+0000] {logging_mixin.py:188} INFO - [2024-05-10T07:45:55.141+0000] {dag.py:3954} INFO - Setting next_dagrun for example_nested_branch_dag to 2024-05-09 00:00:00+00:00, run_after=2024-05-10 00:00:00+00:00
[2024-05-10T07:45:55.162+0000] {processor.py:183} INFO - Processing /home/airflow/.local/lib/python3.12/site-packages/airflow/example_dags/example_nested_branch_dag.py took 0.073 seconds
[2024-05-10T07:46:25.870+0000] {processor.py:161} INFO - Started process (PID=2823) to work on /home/airflow/.local/lib/python3.12/site-packages/airflow/example_dags/example_nested_branch_dag.py
[2024-05-10T07:46:25.870+0000] {processor.py:830} INFO - Processing file /home/airflow/.local/lib/python3.12/site-packages/airflow/example_dags/example_nested_branch_dag.py for tasks to queue
[2024-05-10T07:46:25.871+0000] {logging_mixin.py:188} INFO - [2024-05-10T07:46:25.871+0000] {dagbag.py:540} INFO - Filling up the DagBag from /home/airflow/.local/lib/python3.12/site-packages/airflow/example_dags/example_nested_branch_dag.py
[2024-05-10T07:46:25.883+0000] {processor.py:840} INFO - DAG(s) 'example_nested_branch_dag' retrieved from /home/airflow/.local/lib/python3.12/site-packages/airflow/example_dags/example_nested_branch_dag.py
[2024-05-10T07:46:25.915+0000] {logging_mixin.py:188} INFO - [2024-05-10T07:46:25.915+0000] {dag.py:3096} INFO - Sync 1 DAGs
[2024-05-10T07:46:25.935+0000] {logging_mixin.py:188} INFO - [2024-05-10T07:46:25.935+0000] {dag.py:3954} INFO - Setting next_dagrun for example_nested_branch_dag to 2024-05-09 00:00:00+00:00, run_after=2024-05-10 00:00:00+00:00
[2024-05-10T07:46:25.962+0000] {processor.py:183} INFO - Processing /home/airflow/.local/lib/python3.12/site-packages/airflow/example_dags/example_nested_branch_dag.py took 0.098 seconds
[2024-05-10T07:46:56.423+0000] {processor.py:161} INFO - Started process (PID=2880) to work on /home/airflow/.local/lib/python3.12/site-packages/airflow/example_dags/example_nested_branch_dag.py
[2024-05-10T07:46:56.424+0000] {processor.py:830} INFO - Processing file /home/airflow/.local/lib/python3.12/site-packages/airflow/example_dags/example_nested_branch_dag.py for tasks to queue
[2024-05-10T07:46:56.425+0000] {logging_mixin.py:188} INFO - [2024-05-10T07:46:56.424+0000] {dagbag.py:540} INFO - Filling up the DagBag from /home/airflow/.local/lib/python3.12/site-packages/airflow/example_dags/example_nested_branch_dag.py
[2024-05-10T07:46:56.434+0000] {processor.py:840} INFO - DAG(s) 'example_nested_branch_dag' retrieved from /home/airflow/.local/lib/python3.12/site-packages/airflow/example_dags/example_nested_branch_dag.py
[2024-05-10T07:46:56.456+0000] {logging_mixin.py:188} INFO - [2024-05-10T07:46:56.456+0000] {dag.py:3096} INFO - Sync 1 DAGs
[2024-05-10T07:46:56.480+0000] {logging_mixin.py:188} INFO - [2024-05-10T07:46:56.480+0000] {dag.py:3954} INFO - Setting next_dagrun for example_nested_branch_dag to 2024-05-09 00:00:00+00:00, run_after=2024-05-10 00:00:00+00:00
[2024-05-10T07:46:56.508+0000] {processor.py:183} INFO - Processing /home/airflow/.local/lib/python3.12/site-packages/airflow/example_dags/example_nested_branch_dag.py took 0.091 seconds
[2024-05-10T07:47:26.617+0000] {processor.py:161} INFO - Started process (PID=2938) to work on /home/airflow/.local/lib/python3.12/site-packages/airflow/example_dags/example_nested_branch_dag.py
[2024-05-10T07:47:26.618+0000] {processor.py:830} INFO - Processing file /home/airflow/.local/lib/python3.12/site-packages/airflow/example_dags/example_nested_branch_dag.py for tasks to queue
[2024-05-10T07:47:26.619+0000] {logging_mixin.py:188} INFO - [2024-05-10T07:47:26.618+0000] {dagbag.py:540} INFO - Filling up the DagBag from /home/airflow/.local/lib/python3.12/site-packages/airflow/example_dags/example_nested_branch_dag.py
[2024-05-10T07:47:26.626+0000] {processor.py:840} INFO - DAG(s) 'example_nested_branch_dag' retrieved from /home/airflow/.local/lib/python3.12/site-packages/airflow/example_dags/example_nested_branch_dag.py
[2024-05-10T07:47:26.644+0000] {logging_mixin.py:188} INFO - [2024-05-10T07:47:26.643+0000] {dag.py:3096} INFO - Sync 1 DAGs
[2024-05-10T07:47:26.661+0000] {logging_mixin.py:188} INFO - [2024-05-10T07:47:26.661+0000] {dag.py:3954} INFO - Setting next_dagrun for example_nested_branch_dag to 2024-05-09 00:00:00+00:00, run_after=2024-05-10 00:00:00+00:00
[2024-05-10T07:47:26.686+0000] {processor.py:183} INFO - Processing /home/airflow/.local/lib/python3.12/site-packages/airflow/example_dags/example_nested_branch_dag.py took 0.073 seconds
[2024-05-10T07:47:57.063+0000] {processor.py:161} INFO - Started process (PID=2996) to work on /home/airflow/.local/lib/python3.12/site-packages/airflow/example_dags/example_nested_branch_dag.py
[2024-05-10T07:47:57.063+0000] {processor.py:830} INFO - Processing file /home/airflow/.local/lib/python3.12/site-packages/airflow/example_dags/example_nested_branch_dag.py for tasks to queue
[2024-05-10T07:47:57.064+0000] {logging_mixin.py:188} INFO - [2024-05-10T07:47:57.064+0000] {dagbag.py:540} INFO - Filling up the DagBag from /home/airflow/.local/lib/python3.12/site-packages/airflow/example_dags/example_nested_branch_dag.py
[2024-05-10T07:47:57.078+0000] {processor.py:840} INFO - DAG(s) 'example_nested_branch_dag' retrieved from /home/airflow/.local/lib/python3.12/site-packages/airflow/example_dags/example_nested_branch_dag.py
[2024-05-10T07:47:57.107+0000] {logging_mixin.py:188} INFO - [2024-05-10T07:47:57.107+0000] {dag.py:3096} INFO - Sync 1 DAGs
[2024-05-10T07:47:57.126+0000] {logging_mixin.py:188} INFO - [2024-05-10T07:47:57.126+0000] {dag.py:3954} INFO - Setting next_dagrun for example_nested_branch_dag to 2024-05-09 00:00:00+00:00, run_after=2024-05-10 00:00:00+00:00
[2024-05-10T07:47:57.143+0000] {processor.py:183} INFO - Processing /home/airflow/.local/lib/python3.12/site-packages/airflow/example_dags/example_nested_branch_dag.py took 0.086 seconds
[2024-05-10T07:48:28.028+0000] {processor.py:161} INFO - Started process (PID=3054) to work on /home/airflow/.local/lib/python3.12/site-packages/airflow/example_dags/example_nested_branch_dag.py
[2024-05-10T07:48:28.030+0000] {processor.py:830} INFO - Processing file /home/airflow/.local/lib/python3.12/site-packages/airflow/example_dags/example_nested_branch_dag.py for tasks to queue
[2024-05-10T07:48:28.030+0000] {logging_mixin.py:188} INFO - [2024-05-10T07:48:28.030+0000] {dagbag.py:540} INFO - Filling up the DagBag from /home/airflow/.local/lib/python3.12/site-packages/airflow/example_dags/example_nested_branch_dag.py
[2024-05-10T07:48:28.040+0000] {processor.py:840} INFO - DAG(s) 'example_nested_branch_dag' retrieved from /home/airflow/.local/lib/python3.12/site-packages/airflow/example_dags/example_nested_branch_dag.py
[2024-05-10T07:48:28.062+0000] {logging_mixin.py:188} INFO - [2024-05-10T07:48:28.062+0000] {dag.py:3096} INFO - Sync 1 DAGs
[2024-05-10T07:48:28.088+0000] {logging_mixin.py:188} INFO - [2024-05-10T07:48:28.088+0000] {dag.py:3954} INFO - Setting next_dagrun for example_nested_branch_dag to 2024-05-09 00:00:00+00:00, run_after=2024-05-10 00:00:00+00:00
[2024-05-10T07:48:28.128+0000] {processor.py:183} INFO - Processing /home/airflow/.local/lib/python3.12/site-packages/airflow/example_dags/example_nested_branch_dag.py took 0.105 seconds
[2024-05-10T07:48:58.297+0000] {processor.py:161} INFO - Started process (PID=3112) to work on /home/airflow/.local/lib/python3.12/site-packages/airflow/example_dags/example_nested_branch_dag.py
[2024-05-10T07:48:58.298+0000] {processor.py:830} INFO - Processing file /home/airflow/.local/lib/python3.12/site-packages/airflow/example_dags/example_nested_branch_dag.py for tasks to queue
[2024-05-10T07:48:58.299+0000] {logging_mixin.py:188} INFO - [2024-05-10T07:48:58.298+0000] {dagbag.py:540} INFO - Filling up the DagBag from /home/airflow/.local/lib/python3.12/site-packages/airflow/example_dags/example_nested_branch_dag.py
[2024-05-10T07:48:58.308+0000] {processor.py:840} INFO - DAG(s) 'example_nested_branch_dag' retrieved from /home/airflow/.local/lib/python3.12/site-packages/airflow/example_dags/example_nested_branch_dag.py
[2024-05-10T07:48:58.330+0000] {logging_mixin.py:188} INFO - [2024-05-10T07:48:58.329+0000] {dag.py:3096} INFO - Sync 1 DAGs
[2024-05-10T07:48:58.357+0000] {logging_mixin.py:188} INFO - [2024-05-10T07:48:58.354+0000] {dag.py:3954} INFO - Setting next_dagrun for example_nested_branch_dag to 2024-05-09 00:00:00+00:00, run_after=2024-05-10 00:00:00+00:00
[2024-05-10T07:48:58.393+0000] {processor.py:183} INFO - Processing /home/airflow/.local/lib/python3.12/site-packages/airflow/example_dags/example_nested_branch_dag.py took 0.102 seconds
[2024-05-10T07:49:28.564+0000] {processor.py:161} INFO - Started process (PID=3170) to work on /home/airflow/.local/lib/python3.12/site-packages/airflow/example_dags/example_nested_branch_dag.py
[2024-05-10T07:49:28.565+0000] {processor.py:830} INFO - Processing file /home/airflow/.local/lib/python3.12/site-packages/airflow/example_dags/example_nested_branch_dag.py for tasks to queue
[2024-05-10T07:49:28.566+0000] {logging_mixin.py:188} INFO - [2024-05-10T07:49:28.566+0000] {dagbag.py:540} INFO - Filling up the DagBag from /home/airflow/.local/lib/python3.12/site-packages/airflow/example_dags/example_nested_branch_dag.py
[2024-05-10T07:49:28.574+0000] {processor.py:840} INFO - DAG(s) 'example_nested_branch_dag' retrieved from /home/airflow/.local/lib/python3.12/site-packages/airflow/example_dags/example_nested_branch_dag.py
[2024-05-10T07:49:28.594+0000] {logging_mixin.py:188} INFO - [2024-05-10T07:49:28.594+0000] {dag.py:3096} INFO - Sync 1 DAGs
[2024-05-10T07:49:28.614+0000] {logging_mixin.py:188} INFO - [2024-05-10T07:49:28.614+0000] {dag.py:3954} INFO - Setting next_dagrun for example_nested_branch_dag to 2024-05-09 00:00:00+00:00, run_after=2024-05-10 00:00:00+00:00
[2024-05-10T07:49:28.637+0000] {processor.py:183} INFO - Processing /home/airflow/.local/lib/python3.12/site-packages/airflow/example_dags/example_nested_branch_dag.py took 0.078 seconds
[2024-05-10T07:49:58.785+0000] {processor.py:161} INFO - Started process (PID=3228) to work on /home/airflow/.local/lib/python3.12/site-packages/airflow/example_dags/example_nested_branch_dag.py
[2024-05-10T07:49:58.786+0000] {processor.py:830} INFO - Processing file /home/airflow/.local/lib/python3.12/site-packages/airflow/example_dags/example_nested_branch_dag.py for tasks to queue
[2024-05-10T07:49:58.787+0000] {logging_mixin.py:188} INFO - [2024-05-10T07:49:58.786+0000] {dagbag.py:540} INFO - Filling up the DagBag from /home/airflow/.local/lib/python3.12/site-packages/airflow/example_dags/example_nested_branch_dag.py
[2024-05-10T07:49:58.799+0000] {processor.py:840} INFO - DAG(s) 'example_nested_branch_dag' retrieved from /home/airflow/.local/lib/python3.12/site-packages/airflow/example_dags/example_nested_branch_dag.py
[2024-05-10T07:49:58.824+0000] {logging_mixin.py:188} INFO - [2024-05-10T07:49:58.824+0000] {dag.py:3096} INFO - Sync 1 DAGs
[2024-05-10T07:49:58.865+0000] {logging_mixin.py:188} INFO - [2024-05-10T07:49:58.865+0000] {dag.py:3954} INFO - Setting next_dagrun for example_nested_branch_dag to 2024-05-09 00:00:00+00:00, run_after=2024-05-10 00:00:00+00:00
[2024-05-10T07:49:58.892+0000] {processor.py:183} INFO - Processing /home/airflow/.local/lib/python3.12/site-packages/airflow/example_dags/example_nested_branch_dag.py took 0.114 seconds
[2024-05-10T07:50:29.756+0000] {processor.py:161} INFO - Started process (PID=3286) to work on /home/airflow/.local/lib/python3.12/site-packages/airflow/example_dags/example_nested_branch_dag.py
[2024-05-10T07:50:29.757+0000] {processor.py:830} INFO - Processing file /home/airflow/.local/lib/python3.12/site-packages/airflow/example_dags/example_nested_branch_dag.py for tasks to queue
[2024-05-10T07:50:29.758+0000] {logging_mixin.py:188} INFO - [2024-05-10T07:50:29.758+0000] {dagbag.py:540} INFO - Filling up the DagBag from /home/airflow/.local/lib/python3.12/site-packages/airflow/example_dags/example_nested_branch_dag.py
[2024-05-10T07:50:29.766+0000] {processor.py:840} INFO - DAG(s) 'example_nested_branch_dag' retrieved from /home/airflow/.local/lib/python3.12/site-packages/airflow/example_dags/example_nested_branch_dag.py
[2024-05-10T07:50:29.785+0000] {logging_mixin.py:188} INFO - [2024-05-10T07:50:29.785+0000] {dag.py:3096} INFO - Sync 1 DAGs
[2024-05-10T07:50:29.804+0000] {logging_mixin.py:188} INFO - [2024-05-10T07:50:29.804+0000] {dag.py:3954} INFO - Setting next_dagrun for example_nested_branch_dag to 2024-05-09 00:00:00+00:00, run_after=2024-05-10 00:00:00+00:00
[2024-05-10T07:50:29.825+0000] {processor.py:183} INFO - Processing /home/airflow/.local/lib/python3.12/site-packages/airflow/example_dags/example_nested_branch_dag.py took 0.074 seconds
[2024-05-10T07:50:59.911+0000] {processor.py:161} INFO - Started process (PID=3344) to work on /home/airflow/.local/lib/python3.12/site-packages/airflow/example_dags/example_nested_branch_dag.py
[2024-05-10T07:50:59.912+0000] {processor.py:830} INFO - Processing file /home/airflow/.local/lib/python3.12/site-packages/airflow/example_dags/example_nested_branch_dag.py for tasks to queue
[2024-05-10T07:50:59.912+0000] {logging_mixin.py:188} INFO - [2024-05-10T07:50:59.912+0000] {dagbag.py:540} INFO - Filling up the DagBag from /home/airflow/.local/lib/python3.12/site-packages/airflow/example_dags/example_nested_branch_dag.py
[2024-05-10T07:50:59.921+0000] {processor.py:840} INFO - DAG(s) 'example_nested_branch_dag' retrieved from /home/airflow/.local/lib/python3.12/site-packages/airflow/example_dags/example_nested_branch_dag.py
[2024-05-10T07:50:59.940+0000] {logging_mixin.py:188} INFO - [2024-05-10T07:50:59.939+0000] {dag.py:3096} INFO - Sync 1 DAGs
[2024-05-10T07:50:59.959+0000] {logging_mixin.py:188} INFO - [2024-05-10T07:50:59.959+0000] {dag.py:3954} INFO - Setting next_dagrun for example_nested_branch_dag to 2024-05-09 00:00:00+00:00, run_after=2024-05-10 00:00:00+00:00
[2024-05-10T07:50:59.982+0000] {processor.py:183} INFO - Processing /home/airflow/.local/lib/python3.12/site-packages/airflow/example_dags/example_nested_branch_dag.py took 0.076 seconds
[2024-05-10T07:51:30.208+0000] {processor.py:161} INFO - Started process (PID=3401) to work on /home/airflow/.local/lib/python3.12/site-packages/airflow/example_dags/example_nested_branch_dag.py
[2024-05-10T07:51:30.210+0000] {processor.py:830} INFO - Processing file /home/airflow/.local/lib/python3.12/site-packages/airflow/example_dags/example_nested_branch_dag.py for tasks to queue
[2024-05-10T07:51:30.211+0000] {logging_mixin.py:188} INFO - [2024-05-10T07:51:30.210+0000] {dagbag.py:540} INFO - Filling up the DagBag from /home/airflow/.local/lib/python3.12/site-packages/airflow/example_dags/example_nested_branch_dag.py
[2024-05-10T07:51:30.219+0000] {processor.py:840} INFO - DAG(s) 'example_nested_branch_dag' retrieved from /home/airflow/.local/lib/python3.12/site-packages/airflow/example_dags/example_nested_branch_dag.py
[2024-05-10T07:51:30.244+0000] {logging_mixin.py:188} INFO - [2024-05-10T07:51:30.244+0000] {dag.py:3096} INFO - Sync 1 DAGs
[2024-05-10T07:51:30.264+0000] {logging_mixin.py:188} INFO - [2024-05-10T07:51:30.263+0000] {dag.py:3954} INFO - Setting next_dagrun for example_nested_branch_dag to 2024-05-09 00:00:00+00:00, run_after=2024-05-10 00:00:00+00:00
[2024-05-10T07:51:30.292+0000] {processor.py:183} INFO - Processing /home/airflow/.local/lib/python3.12/site-packages/airflow/example_dags/example_nested_branch_dag.py took 0.089 seconds
[2024-05-10T07:52:00.312+0000] {processor.py:161} INFO - Started process (PID=3459) to work on /home/airflow/.local/lib/python3.12/site-packages/airflow/example_dags/example_nested_branch_dag.py
[2024-05-10T07:52:00.313+0000] {processor.py:830} INFO - Processing file /home/airflow/.local/lib/python3.12/site-packages/airflow/example_dags/example_nested_branch_dag.py for tasks to queue
[2024-05-10T07:52:00.314+0000] {logging_mixin.py:188} INFO - [2024-05-10T07:52:00.313+0000] {dagbag.py:540} INFO - Filling up the DagBag from /home/airflow/.local/lib/python3.12/site-packages/airflow/example_dags/example_nested_branch_dag.py
[2024-05-10T07:52:00.322+0000] {processor.py:840} INFO - DAG(s) 'example_nested_branch_dag' retrieved from /home/airflow/.local/lib/python3.12/site-packages/airflow/example_dags/example_nested_branch_dag.py
[2024-05-10T07:52:00.340+0000] {logging_mixin.py:188} INFO - [2024-05-10T07:52:00.340+0000] {dag.py:3096} INFO - Sync 1 DAGs
[2024-05-10T07:52:00.359+0000] {logging_mixin.py:188} INFO - [2024-05-10T07:52:00.359+0000] {dag.py:3954} INFO - Setting next_dagrun for example_nested_branch_dag to 2024-05-09 00:00:00+00:00, run_after=2024-05-10 00:00:00+00:00
[2024-05-10T07:52:00.403+0000] {processor.py:183} INFO - Processing /home/airflow/.local/lib/python3.12/site-packages/airflow/example_dags/example_nested_branch_dag.py took 0.096 seconds
[2024-05-10T07:52:30.499+0000] {processor.py:161} INFO - Started process (PID=3517) to work on /home/airflow/.local/lib/python3.12/site-packages/airflow/example_dags/example_nested_branch_dag.py
[2024-05-10T07:52:30.500+0000] {processor.py:830} INFO - Processing file /home/airflow/.local/lib/python3.12/site-packages/airflow/example_dags/example_nested_branch_dag.py for tasks to queue
[2024-05-10T07:52:30.500+0000] {logging_mixin.py:188} INFO - [2024-05-10T07:52:30.500+0000] {dagbag.py:540} INFO - Filling up the DagBag from /home/airflow/.local/lib/python3.12/site-packages/airflow/example_dags/example_nested_branch_dag.py
[2024-05-10T07:52:30.509+0000] {processor.py:840} INFO - DAG(s) 'example_nested_branch_dag' retrieved from /home/airflow/.local/lib/python3.12/site-packages/airflow/example_dags/example_nested_branch_dag.py
[2024-05-10T07:52:30.528+0000] {logging_mixin.py:188} INFO - [2024-05-10T07:52:30.528+0000] {dag.py:3096} INFO - Sync 1 DAGs
[2024-05-10T07:52:30.549+0000] {logging_mixin.py:188} INFO - [2024-05-10T07:52:30.548+0000] {dag.py:3954} INFO - Setting next_dagrun for example_nested_branch_dag to 2024-05-09 00:00:00+00:00, run_after=2024-05-10 00:00:00+00:00
[2024-05-10T07:52:30.574+0000] {processor.py:183} INFO - Processing /home/airflow/.local/lib/python3.12/site-packages/airflow/example_dags/example_nested_branch_dag.py took 0.080 seconds
[2024-05-10T07:53:01.515+0000] {processor.py:161} INFO - Started process (PID=3575) to work on /home/airflow/.local/lib/python3.12/site-packages/airflow/example_dags/example_nested_branch_dag.py
[2024-05-10T07:53:01.516+0000] {processor.py:830} INFO - Processing file /home/airflow/.local/lib/python3.12/site-packages/airflow/example_dags/example_nested_branch_dag.py for tasks to queue
[2024-05-10T07:53:01.517+0000] {logging_mixin.py:188} INFO - [2024-05-10T07:53:01.516+0000] {dagbag.py:540} INFO - Filling up the DagBag from /home/airflow/.local/lib/python3.12/site-packages/airflow/example_dags/example_nested_branch_dag.py
[2024-05-10T07:53:01.524+0000] {processor.py:840} INFO - DAG(s) 'example_nested_branch_dag' retrieved from /home/airflow/.local/lib/python3.12/site-packages/airflow/example_dags/example_nested_branch_dag.py
[2024-05-10T07:53:01.541+0000] {logging_mixin.py:188} INFO - [2024-05-10T07:53:01.541+0000] {dag.py:3096} INFO - Sync 1 DAGs
[2024-05-10T07:53:01.560+0000] {logging_mixin.py:188} INFO - [2024-05-10T07:53:01.559+0000] {dag.py:3954} INFO - Setting next_dagrun for example_nested_branch_dag to 2024-05-09 00:00:00+00:00, run_after=2024-05-10 00:00:00+00:00
[2024-05-10T07:53:01.596+0000] {processor.py:183} INFO - Processing /home/airflow/.local/lib/python3.12/site-packages/airflow/example_dags/example_nested_branch_dag.py took 0.085 seconds
[2024-05-10T07:53:32.064+0000] {processor.py:161} INFO - Started process (PID=3632) to work on /home/airflow/.local/lib/python3.12/site-packages/airflow/example_dags/example_nested_branch_dag.py
[2024-05-10T07:53:32.065+0000] {processor.py:830} INFO - Processing file /home/airflow/.local/lib/python3.12/site-packages/airflow/example_dags/example_nested_branch_dag.py for tasks to queue
[2024-05-10T07:53:32.065+0000] {logging_mixin.py:188} INFO - [2024-05-10T07:53:32.065+0000] {dagbag.py:540} INFO - Filling up the DagBag from /home/airflow/.local/lib/python3.12/site-packages/airflow/example_dags/example_nested_branch_dag.py
[2024-05-10T07:53:32.073+0000] {processor.py:840} INFO - DAG(s) 'example_nested_branch_dag' retrieved from /home/airflow/.local/lib/python3.12/site-packages/airflow/example_dags/example_nested_branch_dag.py
[2024-05-10T07:53:32.091+0000] {logging_mixin.py:188} INFO - [2024-05-10T07:53:32.090+0000] {dag.py:3096} INFO - Sync 1 DAGs
[2024-05-10T07:53:32.109+0000] {logging_mixin.py:188} INFO - [2024-05-10T07:53:32.109+0000] {dag.py:3954} INFO - Setting next_dagrun for example_nested_branch_dag to 2024-05-09 00:00:00+00:00, run_after=2024-05-10 00:00:00+00:00
[2024-05-10T07:53:32.127+0000] {processor.py:183} INFO - Processing /home/airflow/.local/lib/python3.12/site-packages/airflow/example_dags/example_nested_branch_dag.py took 0.068 seconds
[2024-05-10T07:54:02.558+0000] {processor.py:161} INFO - Started process (PID=3690) to work on /home/airflow/.local/lib/python3.12/site-packages/airflow/example_dags/example_nested_branch_dag.py
[2024-05-10T07:54:02.559+0000] {processor.py:830} INFO - Processing file /home/airflow/.local/lib/python3.12/site-packages/airflow/example_dags/example_nested_branch_dag.py for tasks to queue
[2024-05-10T07:54:02.560+0000] {logging_mixin.py:188} INFO - [2024-05-10T07:54:02.559+0000] {dagbag.py:540} INFO - Filling up the DagBag from /home/airflow/.local/lib/python3.12/site-packages/airflow/example_dags/example_nested_branch_dag.py
[2024-05-10T07:54:02.567+0000] {processor.py:840} INFO - DAG(s) 'example_nested_branch_dag' retrieved from /home/airflow/.local/lib/python3.12/site-packages/airflow/example_dags/example_nested_branch_dag.py
[2024-05-10T07:54:02.585+0000] {logging_mixin.py:188} INFO - [2024-05-10T07:54:02.585+0000] {dag.py:3096} INFO - Sync 1 DAGs
[2024-05-10T07:54:02.603+0000] {logging_mixin.py:188} INFO - [2024-05-10T07:54:02.603+0000] {dag.py:3954} INFO - Setting next_dagrun for example_nested_branch_dag to 2024-05-09 00:00:00+00:00, run_after=2024-05-10 00:00:00+00:00
[2024-05-10T07:54:02.627+0000] {processor.py:183} INFO - Processing /home/airflow/.local/lib/python3.12/site-packages/airflow/example_dags/example_nested_branch_dag.py took 0.073 seconds
[2024-05-10T07:54:33.083+0000] {processor.py:161} INFO - Started process (PID=3747) to work on /home/airflow/.local/lib/python3.12/site-packages/airflow/example_dags/example_nested_branch_dag.py
[2024-05-10T07:54:33.084+0000] {processor.py:830} INFO - Processing file /home/airflow/.local/lib/python3.12/site-packages/airflow/example_dags/example_nested_branch_dag.py for tasks to queue
[2024-05-10T07:54:33.084+0000] {logging_mixin.py:188} INFO - [2024-05-10T07:54:33.084+0000] {dagbag.py:540} INFO - Filling up the DagBag from /home/airflow/.local/lib/python3.12/site-packages/airflow/example_dags/example_nested_branch_dag.py
[2024-05-10T07:54:33.092+0000] {processor.py:840} INFO - DAG(s) 'example_nested_branch_dag' retrieved from /home/airflow/.local/lib/python3.12/site-packages/airflow/example_dags/example_nested_branch_dag.py
[2024-05-10T07:54:33.112+0000] {logging_mixin.py:188} INFO - [2024-05-10T07:54:33.112+0000] {dag.py:3096} INFO - Sync 1 DAGs
[2024-05-10T07:54:33.137+0000] {logging_mixin.py:188} INFO - [2024-05-10T07:54:33.137+0000] {dag.py:3954} INFO - Setting next_dagrun for example_nested_branch_dag to 2024-05-09 00:00:00+00:00, run_after=2024-05-10 00:00:00+00:00
[2024-05-10T07:54:33.160+0000] {processor.py:183} INFO - Processing /home/airflow/.local/lib/python3.12/site-packages/airflow/example_dags/example_nested_branch_dag.py took 0.082 seconds
[2024-05-10T07:55:03.804+0000] {processor.py:161} INFO - Started process (PID=3805) to work on /home/airflow/.local/lib/python3.12/site-packages/airflow/example_dags/example_nested_branch_dag.py
[2024-05-10T07:55:03.805+0000] {processor.py:830} INFO - Processing file /home/airflow/.local/lib/python3.12/site-packages/airflow/example_dags/example_nested_branch_dag.py for tasks to queue
[2024-05-10T07:55:03.806+0000] {logging_mixin.py:188} INFO - [2024-05-10T07:55:03.805+0000] {dagbag.py:540} INFO - Filling up the DagBag from /home/airflow/.local/lib/python3.12/site-packages/airflow/example_dags/example_nested_branch_dag.py
[2024-05-10T07:55:03.814+0000] {processor.py:840} INFO - DAG(s) 'example_nested_branch_dag' retrieved from /home/airflow/.local/lib/python3.12/site-packages/airflow/example_dags/example_nested_branch_dag.py
[2024-05-10T07:55:03.836+0000] {logging_mixin.py:188} INFO - [2024-05-10T07:55:03.836+0000] {dag.py:3096} INFO - Sync 1 DAGs
[2024-05-10T07:55:03.857+0000] {logging_mixin.py:188} INFO - [2024-05-10T07:55:03.857+0000] {dag.py:3954} INFO - Setting next_dagrun for example_nested_branch_dag to 2024-05-09 00:00:00+00:00, run_after=2024-05-10 00:00:00+00:00
[2024-05-10T07:55:03.871+0000] {processor.py:183} INFO - Processing /home/airflow/.local/lib/python3.12/site-packages/airflow/example_dags/example_nested_branch_dag.py took 0.072 seconds
