[2024-05-10T07:22:24.305+0000] {processor.py:161} INFO - Started process (PID=56) to work on /home/airflow/.local/lib/python3.12/site-packages/airflow/example_dags/example_sensor_decorator.py
[2024-05-10T07:22:24.305+0000] {processor.py:830} INFO - Processing file /home/airflow/.local/lib/python3.12/site-packages/airflow/example_dags/example_sensor_decorator.py for tasks to queue
[2024-05-10T07:22:24.306+0000] {logging_mixin.py:188} INFO - [2024-05-10T07:22:24.306+0000] {dagbag.py:540} INFO - Filling up the DagBag from /home/airflow/.local/lib/python3.12/site-packages/airflow/example_dags/example_sensor_decorator.py
[2024-05-10T07:22:24.316+0000] {processor.py:840} INFO - DAG(s) 'example_sensor_decorator' retrieved from /home/airflow/.local/lib/python3.12/site-packages/airflow/example_dags/example_sensor_decorator.py
[2024-05-10T07:22:24.336+0000] {logging_mixin.py:188} INFO - [2024-05-10T07:22:24.336+0000] {dag.py:3096} INFO - Sync 1 DAGs
[2024-05-10T07:22:24.351+0000] {logging_mixin.py:188} INFO - [2024-05-10T07:22:24.351+0000] {dag.py:3954} INFO - Setting next_dagrun for example_sensor_decorator to None, run_after=None
[2024-05-10T07:22:24.379+0000] {processor.py:183} INFO - Processing /home/airflow/.local/lib/python3.12/site-packages/airflow/example_dags/example_sensor_decorator.py took 0.079 seconds
[2024-05-10T07:22:55.802+0000] {processor.py:161} INFO - Started process (PID=114) to work on /home/airflow/.local/lib/python3.12/site-packages/airflow/example_dags/example_sensor_decorator.py
[2024-05-10T07:22:55.803+0000] {processor.py:830} INFO - Processing file /home/airflow/.local/lib/python3.12/site-packages/airflow/example_dags/example_sensor_decorator.py for tasks to queue
[2024-05-10T07:22:55.804+0000] {logging_mixin.py:188} INFO - [2024-05-10T07:22:55.804+0000] {dagbag.py:540} INFO - Filling up the DagBag from /home/airflow/.local/lib/python3.12/site-packages/airflow/example_dags/example_sensor_decorator.py
[2024-05-10T07:22:55.809+0000] {processor.py:840} INFO - DAG(s) 'example_sensor_decorator' retrieved from /home/airflow/.local/lib/python3.12/site-packages/airflow/example_dags/example_sensor_decorator.py
[2024-05-10T07:22:55.896+0000] {logging_mixin.py:188} INFO - [2024-05-10T07:22:55.895+0000] {dag.py:3096} INFO - Sync 1 DAGs
[2024-05-10T07:22:55.905+0000] {logging_mixin.py:188} INFO - [2024-05-10T07:22:55.905+0000] {dag.py:3954} INFO - Setting next_dagrun for example_sensor_decorator to None, run_after=None
[2024-05-10T07:22:55.940+0000] {processor.py:183} INFO - Processing /home/airflow/.local/lib/python3.12/site-packages/airflow/example_dags/example_sensor_decorator.py took 0.142 seconds
[2024-05-10T07:23:26.053+0000] {processor.py:161} INFO - Started process (PID=172) to work on /home/airflow/.local/lib/python3.12/site-packages/airflow/example_dags/example_sensor_decorator.py
[2024-05-10T07:23:26.055+0000] {processor.py:830} INFO - Processing file /home/airflow/.local/lib/python3.12/site-packages/airflow/example_dags/example_sensor_decorator.py for tasks to queue
[2024-05-10T07:23:26.057+0000] {logging_mixin.py:188} INFO - [2024-05-10T07:23:26.057+0000] {dagbag.py:540} INFO - Filling up the DagBag from /home/airflow/.local/lib/python3.12/site-packages/airflow/example_dags/example_sensor_decorator.py
[2024-05-10T07:23:26.064+0000] {processor.py:840} INFO - DAG(s) 'example_sensor_decorator' retrieved from /home/airflow/.local/lib/python3.12/site-packages/airflow/example_dags/example_sensor_decorator.py
[2024-05-10T07:23:26.081+0000] {logging_mixin.py:188} INFO - [2024-05-10T07:23:26.081+0000] {dag.py:3096} INFO - Sync 1 DAGs
[2024-05-10T07:23:26.091+0000] {logging_mixin.py:188} INFO - [2024-05-10T07:23:26.091+0000] {dag.py:3954} INFO - Setting next_dagrun for example_sensor_decorator to None, run_after=None
[2024-05-10T07:23:26.122+0000] {processor.py:183} INFO - Processing /home/airflow/.local/lib/python3.12/site-packages/airflow/example_dags/example_sensor_decorator.py took 0.078 seconds
[2024-05-10T07:23:56.771+0000] {processor.py:161} INFO - Started process (PID=230) to work on /home/airflow/.local/lib/python3.12/site-packages/airflow/example_dags/example_sensor_decorator.py
[2024-05-10T07:23:56.771+0000] {processor.py:830} INFO - Processing file /home/airflow/.local/lib/python3.12/site-packages/airflow/example_dags/example_sensor_decorator.py for tasks to queue
[2024-05-10T07:23:56.773+0000] {logging_mixin.py:188} INFO - [2024-05-10T07:23:56.772+0000] {dagbag.py:540} INFO - Filling up the DagBag from /home/airflow/.local/lib/python3.12/site-packages/airflow/example_dags/example_sensor_decorator.py
[2024-05-10T07:23:56.777+0000] {processor.py:840} INFO - DAG(s) 'example_sensor_decorator' retrieved from /home/airflow/.local/lib/python3.12/site-packages/airflow/example_dags/example_sensor_decorator.py
[2024-05-10T07:23:56.793+0000] {logging_mixin.py:188} INFO - [2024-05-10T07:23:56.793+0000] {dag.py:3096} INFO - Sync 1 DAGs
[2024-05-10T07:23:56.803+0000] {logging_mixin.py:188} INFO - [2024-05-10T07:23:56.803+0000] {dag.py:3954} INFO - Setting next_dagrun for example_sensor_decorator to None, run_after=None
[2024-05-10T07:23:56.819+0000] {processor.py:183} INFO - Processing /home/airflow/.local/lib/python3.12/site-packages/airflow/example_dags/example_sensor_decorator.py took 0.053 seconds
[2024-05-10T07:24:27.371+0000] {processor.py:161} INFO - Started process (PID=287) to work on /home/airflow/.local/lib/python3.12/site-packages/airflow/example_dags/example_sensor_decorator.py
[2024-05-10T07:24:27.371+0000] {processor.py:830} INFO - Processing file /home/airflow/.local/lib/python3.12/site-packages/airflow/example_dags/example_sensor_decorator.py for tasks to queue
[2024-05-10T07:24:27.373+0000] {logging_mixin.py:188} INFO - [2024-05-10T07:24:27.372+0000] {dagbag.py:540} INFO - Filling up the DagBag from /home/airflow/.local/lib/python3.12/site-packages/airflow/example_dags/example_sensor_decorator.py
[2024-05-10T07:24:27.377+0000] {processor.py:840} INFO - DAG(s) 'example_sensor_decorator' retrieved from /home/airflow/.local/lib/python3.12/site-packages/airflow/example_dags/example_sensor_decorator.py
[2024-05-10T07:24:27.392+0000] {logging_mixin.py:188} INFO - [2024-05-10T07:24:27.392+0000] {dag.py:3096} INFO - Sync 1 DAGs
[2024-05-10T07:24:27.402+0000] {logging_mixin.py:188} INFO - [2024-05-10T07:24:27.402+0000] {dag.py:3954} INFO - Setting next_dagrun for example_sensor_decorator to None, run_after=None
[2024-05-10T07:24:27.419+0000] {processor.py:183} INFO - Processing /home/airflow/.local/lib/python3.12/site-packages/airflow/example_dags/example_sensor_decorator.py took 0.052 seconds
[2024-05-10T07:24:57.870+0000] {processor.py:161} INFO - Started process (PID=345) to work on /home/airflow/.local/lib/python3.12/site-packages/airflow/example_dags/example_sensor_decorator.py
[2024-05-10T07:24:57.871+0000] {processor.py:830} INFO - Processing file /home/airflow/.local/lib/python3.12/site-packages/airflow/example_dags/example_sensor_decorator.py for tasks to queue
[2024-05-10T07:24:57.872+0000] {logging_mixin.py:188} INFO - [2024-05-10T07:24:57.872+0000] {dagbag.py:540} INFO - Filling up the DagBag from /home/airflow/.local/lib/python3.12/site-packages/airflow/example_dags/example_sensor_decorator.py
[2024-05-10T07:24:57.877+0000] {processor.py:840} INFO - DAG(s) 'example_sensor_decorator' retrieved from /home/airflow/.local/lib/python3.12/site-packages/airflow/example_dags/example_sensor_decorator.py
[2024-05-10T07:24:57.892+0000] {logging_mixin.py:188} INFO - [2024-05-10T07:24:57.892+0000] {dag.py:3096} INFO - Sync 1 DAGs
[2024-05-10T07:24:57.902+0000] {logging_mixin.py:188} INFO - [2024-05-10T07:24:57.902+0000] {dag.py:3954} INFO - Setting next_dagrun for example_sensor_decorator to None, run_after=None
[2024-05-10T07:24:57.929+0000] {processor.py:183} INFO - Processing /home/airflow/.local/lib/python3.12/site-packages/airflow/example_dags/example_sensor_decorator.py took 0.064 seconds
[2024-05-10T07:25:28.458+0000] {processor.py:161} INFO - Started process (PID=403) to work on /home/airflow/.local/lib/python3.12/site-packages/airflow/example_dags/example_sensor_decorator.py
[2024-05-10T07:25:28.460+0000] {processor.py:830} INFO - Processing file /home/airflow/.local/lib/python3.12/site-packages/airflow/example_dags/example_sensor_decorator.py for tasks to queue
[2024-05-10T07:25:28.462+0000] {logging_mixin.py:188} INFO - [2024-05-10T07:25:28.461+0000] {dagbag.py:540} INFO - Filling up the DagBag from /home/airflow/.local/lib/python3.12/site-packages/airflow/example_dags/example_sensor_decorator.py
[2024-05-10T07:25:28.468+0000] {processor.py:840} INFO - DAG(s) 'example_sensor_decorator' retrieved from /home/airflow/.local/lib/python3.12/site-packages/airflow/example_dags/example_sensor_decorator.py
[2024-05-10T07:25:28.484+0000] {logging_mixin.py:188} INFO - [2024-05-10T07:25:28.483+0000] {dag.py:3096} INFO - Sync 1 DAGs
[2024-05-10T07:25:28.493+0000] {logging_mixin.py:188} INFO - [2024-05-10T07:25:28.493+0000] {dag.py:3954} INFO - Setting next_dagrun for example_sensor_decorator to None, run_after=None
[2024-05-10T07:25:28.582+0000] {processor.py:183} INFO - Processing /home/airflow/.local/lib/python3.12/site-packages/airflow/example_dags/example_sensor_decorator.py took 0.132 seconds
[2024-05-10T07:25:59.602+0000] {processor.py:161} INFO - Started process (PID=461) to work on /home/airflow/.local/lib/python3.12/site-packages/airflow/example_dags/example_sensor_decorator.py
[2024-05-10T07:25:59.604+0000] {processor.py:830} INFO - Processing file /home/airflow/.local/lib/python3.12/site-packages/airflow/example_dags/example_sensor_decorator.py for tasks to queue
[2024-05-10T07:25:59.606+0000] {logging_mixin.py:188} INFO - [2024-05-10T07:25:59.606+0000] {dagbag.py:540} INFO - Filling up the DagBag from /home/airflow/.local/lib/python3.12/site-packages/airflow/example_dags/example_sensor_decorator.py
[2024-05-10T07:25:59.613+0000] {processor.py:840} INFO - DAG(s) 'example_sensor_decorator' retrieved from /home/airflow/.local/lib/python3.12/site-packages/airflow/example_dags/example_sensor_decorator.py
[2024-05-10T07:25:59.631+0000] {logging_mixin.py:188} INFO - [2024-05-10T07:25:59.630+0000] {dag.py:3096} INFO - Sync 1 DAGs
[2024-05-10T07:25:59.640+0000] {logging_mixin.py:188} INFO - [2024-05-10T07:25:59.640+0000] {dag.py:3954} INFO - Setting next_dagrun for example_sensor_decorator to None, run_after=None
[2024-05-10T07:25:59.662+0000] {processor.py:183} INFO - Processing /home/airflow/.local/lib/python3.12/site-packages/airflow/example_dags/example_sensor_decorator.py took 0.074 seconds
[2024-05-10T07:26:30.078+0000] {processor.py:161} INFO - Started process (PID=519) to work on /home/airflow/.local/lib/python3.12/site-packages/airflow/example_dags/example_sensor_decorator.py
[2024-05-10T07:26:30.080+0000] {processor.py:830} INFO - Processing file /home/airflow/.local/lib/python3.12/site-packages/airflow/example_dags/example_sensor_decorator.py for tasks to queue
[2024-05-10T07:26:30.082+0000] {logging_mixin.py:188} INFO - [2024-05-10T07:26:30.081+0000] {dagbag.py:540} INFO - Filling up the DagBag from /home/airflow/.local/lib/python3.12/site-packages/airflow/example_dags/example_sensor_decorator.py
[2024-05-10T07:26:30.089+0000] {processor.py:840} INFO - DAG(s) 'example_sensor_decorator' retrieved from /home/airflow/.local/lib/python3.12/site-packages/airflow/example_dags/example_sensor_decorator.py
[2024-05-10T07:26:30.106+0000] {logging_mixin.py:188} INFO - [2024-05-10T07:26:30.106+0000] {dag.py:3096} INFO - Sync 1 DAGs
[2024-05-10T07:26:30.116+0000] {logging_mixin.py:188} INFO - [2024-05-10T07:26:30.116+0000] {dag.py:3954} INFO - Setting next_dagrun for example_sensor_decorator to None, run_after=None
[2024-05-10T07:26:30.140+0000] {processor.py:183} INFO - Processing /home/airflow/.local/lib/python3.12/site-packages/airflow/example_dags/example_sensor_decorator.py took 0.074 seconds
[2024-05-10T07:27:00.648+0000] {processor.py:161} INFO - Started process (PID=577) to work on /home/airflow/.local/lib/python3.12/site-packages/airflow/example_dags/example_sensor_decorator.py
[2024-05-10T07:27:00.650+0000] {processor.py:830} INFO - Processing file /home/airflow/.local/lib/python3.12/site-packages/airflow/example_dags/example_sensor_decorator.py for tasks to queue
[2024-05-10T07:27:00.652+0000] {logging_mixin.py:188} INFO - [2024-05-10T07:27:00.652+0000] {dagbag.py:540} INFO - Filling up the DagBag from /home/airflow/.local/lib/python3.12/site-packages/airflow/example_dags/example_sensor_decorator.py
[2024-05-10T07:27:00.660+0000] {processor.py:840} INFO - DAG(s) 'example_sensor_decorator' retrieved from /home/airflow/.local/lib/python3.12/site-packages/airflow/example_dags/example_sensor_decorator.py
[2024-05-10T07:27:00.677+0000] {logging_mixin.py:188} INFO - [2024-05-10T07:27:00.677+0000] {dag.py:3096} INFO - Sync 1 DAGs
[2024-05-10T07:27:00.688+0000] {logging_mixin.py:188} INFO - [2024-05-10T07:27:00.688+0000] {dag.py:3954} INFO - Setting next_dagrun for example_sensor_decorator to None, run_after=None
[2024-05-10T07:27:00.708+0000] {processor.py:183} INFO - Processing /home/airflow/.local/lib/python3.12/site-packages/airflow/example_dags/example_sensor_decorator.py took 0.073 seconds
[2024-05-10T07:27:31.181+0000] {processor.py:161} INFO - Started process (PID=635) to work on /home/airflow/.local/lib/python3.12/site-packages/airflow/example_dags/example_sensor_decorator.py
[2024-05-10T07:27:31.182+0000] {processor.py:830} INFO - Processing file /home/airflow/.local/lib/python3.12/site-packages/airflow/example_dags/example_sensor_decorator.py for tasks to queue
[2024-05-10T07:27:31.185+0000] {logging_mixin.py:188} INFO - [2024-05-10T07:27:31.185+0000] {dagbag.py:540} INFO - Filling up the DagBag from /home/airflow/.local/lib/python3.12/site-packages/airflow/example_dags/example_sensor_decorator.py
[2024-05-10T07:27:31.192+0000] {processor.py:840} INFO - DAG(s) 'example_sensor_decorator' retrieved from /home/airflow/.local/lib/python3.12/site-packages/airflow/example_dags/example_sensor_decorator.py
[2024-05-10T07:27:31.210+0000] {logging_mixin.py:188} INFO - [2024-05-10T07:27:31.209+0000] {dag.py:3096} INFO - Sync 1 DAGs
[2024-05-10T07:27:31.220+0000] {logging_mixin.py:188} INFO - [2024-05-10T07:27:31.220+0000] {dag.py:3954} INFO - Setting next_dagrun for example_sensor_decorator to None, run_after=None
[2024-05-10T07:27:31.243+0000] {processor.py:183} INFO - Processing /home/airflow/.local/lib/python3.12/site-packages/airflow/example_dags/example_sensor_decorator.py took 0.076 seconds
[2024-05-10T07:28:02.001+0000] {processor.py:161} INFO - Started process (PID=693) to work on /home/airflow/.local/lib/python3.12/site-packages/airflow/example_dags/example_sensor_decorator.py
[2024-05-10T07:28:02.021+0000] {processor.py:830} INFO - Processing file /home/airflow/.local/lib/python3.12/site-packages/airflow/example_dags/example_sensor_decorator.py for tasks to queue
[2024-05-10T07:28:02.023+0000] {logging_mixin.py:188} INFO - [2024-05-10T07:28:02.022+0000] {dagbag.py:540} INFO - Filling up the DagBag from /home/airflow/.local/lib/python3.12/site-packages/airflow/example_dags/example_sensor_decorator.py
[2024-05-10T07:28:02.053+0000] {processor.py:840} INFO - DAG(s) 'example_sensor_decorator' retrieved from /home/airflow/.local/lib/python3.12/site-packages/airflow/example_dags/example_sensor_decorator.py
[2024-05-10T07:28:02.141+0000] {logging_mixin.py:188} INFO - [2024-05-10T07:28:02.141+0000] {dag.py:3096} INFO - Sync 1 DAGs
[2024-05-10T07:28:02.165+0000] {logging_mixin.py:188} INFO - [2024-05-10T07:28:02.165+0000] {dag.py:3954} INFO - Setting next_dagrun for example_sensor_decorator to None, run_after=None
[2024-05-10T07:28:02.258+0000] {processor.py:183} INFO - Processing /home/airflow/.local/lib/python3.12/site-packages/airflow/example_dags/example_sensor_decorator.py took 0.262 seconds
[2024-05-10T07:28:33.110+0000] {processor.py:161} INFO - Started process (PID=751) to work on /home/airflow/.local/lib/python3.12/site-packages/airflow/example_dags/example_sensor_decorator.py
[2024-05-10T07:28:33.111+0000] {processor.py:830} INFO - Processing file /home/airflow/.local/lib/python3.12/site-packages/airflow/example_dags/example_sensor_decorator.py for tasks to queue
[2024-05-10T07:28:33.112+0000] {logging_mixin.py:188} INFO - [2024-05-10T07:28:33.112+0000] {dagbag.py:540} INFO - Filling up the DagBag from /home/airflow/.local/lib/python3.12/site-packages/airflow/example_dags/example_sensor_decorator.py
[2024-05-10T07:28:33.120+0000] {processor.py:840} INFO - DAG(s) 'example_sensor_decorator' retrieved from /home/airflow/.local/lib/python3.12/site-packages/airflow/example_dags/example_sensor_decorator.py
[2024-05-10T07:28:33.140+0000] {logging_mixin.py:188} INFO - [2024-05-10T07:28:33.140+0000] {dag.py:3096} INFO - Sync 1 DAGs
[2024-05-10T07:28:33.151+0000] {logging_mixin.py:188} INFO - [2024-05-10T07:28:33.151+0000] {dag.py:3954} INFO - Setting next_dagrun for example_sensor_decorator to None, run_after=None
[2024-05-10T07:28:33.207+0000] {processor.py:183} INFO - Processing /home/airflow/.local/lib/python3.12/site-packages/airflow/example_dags/example_sensor_decorator.py took 0.102 seconds
[2024-05-10T07:29:03.605+0000] {processor.py:161} INFO - Started process (PID=809) to work on /home/airflow/.local/lib/python3.12/site-packages/airflow/example_dags/example_sensor_decorator.py
[2024-05-10T07:29:03.608+0000] {processor.py:830} INFO - Processing file /home/airflow/.local/lib/python3.12/site-packages/airflow/example_dags/example_sensor_decorator.py for tasks to queue
[2024-05-10T07:29:03.613+0000] {logging_mixin.py:188} INFO - [2024-05-10T07:29:03.612+0000] {dagbag.py:540} INFO - Filling up the DagBag from /home/airflow/.local/lib/python3.12/site-packages/airflow/example_dags/example_sensor_decorator.py
[2024-05-10T07:29:03.632+0000] {processor.py:840} INFO - DAG(s) 'example_sensor_decorator' retrieved from /home/airflow/.local/lib/python3.12/site-packages/airflow/example_dags/example_sensor_decorator.py
[2024-05-10T07:29:03.663+0000] {logging_mixin.py:188} INFO - [2024-05-10T07:29:03.663+0000] {dag.py:3096} INFO - Sync 1 DAGs
[2024-05-10T07:29:03.680+0000] {logging_mixin.py:188} INFO - [2024-05-10T07:29:03.679+0000] {dag.py:3954} INFO - Setting next_dagrun for example_sensor_decorator to None, run_after=None
[2024-05-10T07:29:03.708+0000] {processor.py:183} INFO - Processing /home/airflow/.local/lib/python3.12/site-packages/airflow/example_dags/example_sensor_decorator.py took 0.121 seconds
[2024-05-10T07:29:33.993+0000] {processor.py:161} INFO - Started process (PID=867) to work on /home/airflow/.local/lib/python3.12/site-packages/airflow/example_dags/example_sensor_decorator.py
[2024-05-10T07:29:33.994+0000] {processor.py:830} INFO - Processing file /home/airflow/.local/lib/python3.12/site-packages/airflow/example_dags/example_sensor_decorator.py for tasks to queue
[2024-05-10T07:29:33.996+0000] {logging_mixin.py:188} INFO - [2024-05-10T07:29:33.996+0000] {dagbag.py:540} INFO - Filling up the DagBag from /home/airflow/.local/lib/python3.12/site-packages/airflow/example_dags/example_sensor_decorator.py
[2024-05-10T07:29:34.003+0000] {processor.py:840} INFO - DAG(s) 'example_sensor_decorator' retrieved from /home/airflow/.local/lib/python3.12/site-packages/airflow/example_dags/example_sensor_decorator.py
[2024-05-10T07:29:34.021+0000] {logging_mixin.py:188} INFO - [2024-05-10T07:29:34.020+0000] {dag.py:3096} INFO - Sync 1 DAGs
[2024-05-10T07:29:34.030+0000] {logging_mixin.py:188} INFO - [2024-05-10T07:29:34.030+0000] {dag.py:3954} INFO - Setting next_dagrun for example_sensor_decorator to None, run_after=None
[2024-05-10T07:29:34.052+0000] {processor.py:183} INFO - Processing /home/airflow/.local/lib/python3.12/site-packages/airflow/example_dags/example_sensor_decorator.py took 0.072 seconds
[2024-05-10T07:30:04.599+0000] {processor.py:161} INFO - Started process (PID=925) to work on /home/airflow/.local/lib/python3.12/site-packages/airflow/example_dags/example_sensor_decorator.py
[2024-05-10T07:30:04.601+0000] {processor.py:830} INFO - Processing file /home/airflow/.local/lib/python3.12/site-packages/airflow/example_dags/example_sensor_decorator.py for tasks to queue
[2024-05-10T07:30:04.603+0000] {logging_mixin.py:188} INFO - [2024-05-10T07:30:04.603+0000] {dagbag.py:540} INFO - Filling up the DagBag from /home/airflow/.local/lib/python3.12/site-packages/airflow/example_dags/example_sensor_decorator.py
[2024-05-10T07:30:04.609+0000] {processor.py:840} INFO - DAG(s) 'example_sensor_decorator' retrieved from /home/airflow/.local/lib/python3.12/site-packages/airflow/example_dags/example_sensor_decorator.py
[2024-05-10T07:30:04.625+0000] {logging_mixin.py:188} INFO - [2024-05-10T07:30:04.625+0000] {dag.py:3096} INFO - Sync 1 DAGs
[2024-05-10T07:30:04.636+0000] {logging_mixin.py:188} INFO - [2024-05-10T07:30:04.636+0000] {dag.py:3954} INFO - Setting next_dagrun for example_sensor_decorator to None, run_after=None
[2024-05-10T07:30:04.663+0000] {processor.py:183} INFO - Processing /home/airflow/.local/lib/python3.12/site-packages/airflow/example_dags/example_sensor_decorator.py took 0.071 seconds
[2024-05-10T07:30:34.927+0000] {processor.py:161} INFO - Started process (PID=984) to work on /home/airflow/.local/lib/python3.12/site-packages/airflow/example_dags/example_sensor_decorator.py
[2024-05-10T07:30:34.928+0000] {processor.py:830} INFO - Processing file /home/airflow/.local/lib/python3.12/site-packages/airflow/example_dags/example_sensor_decorator.py for tasks to queue
[2024-05-10T07:30:34.931+0000] {logging_mixin.py:188} INFO - [2024-05-10T07:30:34.930+0000] {dagbag.py:540} INFO - Filling up the DagBag from /home/airflow/.local/lib/python3.12/site-packages/airflow/example_dags/example_sensor_decorator.py
[2024-05-10T07:30:34.939+0000] {processor.py:840} INFO - DAG(s) 'example_sensor_decorator' retrieved from /home/airflow/.local/lib/python3.12/site-packages/airflow/example_dags/example_sensor_decorator.py
[2024-05-10T07:30:34.957+0000] {logging_mixin.py:188} INFO - [2024-05-10T07:30:34.957+0000] {dag.py:3096} INFO - Sync 1 DAGs
[2024-05-10T07:30:35.071+0000] {logging_mixin.py:188} INFO - [2024-05-10T07:30:35.071+0000] {dag.py:3954} INFO - Setting next_dagrun for example_sensor_decorator to None, run_after=None
[2024-05-10T07:30:35.102+0000] {processor.py:183} INFO - Processing /home/airflow/.local/lib/python3.12/site-packages/airflow/example_dags/example_sensor_decorator.py took 0.188 seconds
[2024-05-10T07:31:05.163+0000] {processor.py:161} INFO - Started process (PID=1042) to work on /home/airflow/.local/lib/python3.12/site-packages/airflow/example_dags/example_sensor_decorator.py
[2024-05-10T07:31:05.165+0000] {processor.py:830} INFO - Processing file /home/airflow/.local/lib/python3.12/site-packages/airflow/example_dags/example_sensor_decorator.py for tasks to queue
[2024-05-10T07:31:05.168+0000] {logging_mixin.py:188} INFO - [2024-05-10T07:31:05.167+0000] {dagbag.py:540} INFO - Filling up the DagBag from /home/airflow/.local/lib/python3.12/site-packages/airflow/example_dags/example_sensor_decorator.py
[2024-05-10T07:31:05.177+0000] {processor.py:840} INFO - DAG(s) 'example_sensor_decorator' retrieved from /home/airflow/.local/lib/python3.12/site-packages/airflow/example_dags/example_sensor_decorator.py
[2024-05-10T07:31:05.196+0000] {logging_mixin.py:188} INFO - [2024-05-10T07:31:05.195+0000] {dag.py:3096} INFO - Sync 1 DAGs
[2024-05-10T07:31:05.206+0000] {logging_mixin.py:188} INFO - [2024-05-10T07:31:05.206+0000] {dag.py:3954} INFO - Setting next_dagrun for example_sensor_decorator to None, run_after=None
[2024-05-10T07:31:05.230+0000] {processor.py:183} INFO - Processing /home/airflow/.local/lib/python3.12/site-packages/airflow/example_dags/example_sensor_decorator.py took 0.083 seconds
[2024-05-10T07:31:35.432+0000] {processor.py:161} INFO - Started process (PID=1100) to work on /home/airflow/.local/lib/python3.12/site-packages/airflow/example_dags/example_sensor_decorator.py
[2024-05-10T07:31:35.434+0000] {processor.py:830} INFO - Processing file /home/airflow/.local/lib/python3.12/site-packages/airflow/example_dags/example_sensor_decorator.py for tasks to queue
[2024-05-10T07:31:35.435+0000] {logging_mixin.py:188} INFO - [2024-05-10T07:31:35.435+0000] {dagbag.py:540} INFO - Filling up the DagBag from /home/airflow/.local/lib/python3.12/site-packages/airflow/example_dags/example_sensor_decorator.py
[2024-05-10T07:31:35.441+0000] {processor.py:840} INFO - DAG(s) 'example_sensor_decorator' retrieved from /home/airflow/.local/lib/python3.12/site-packages/airflow/example_dags/example_sensor_decorator.py
[2024-05-10T07:31:35.456+0000] {logging_mixin.py:188} INFO - [2024-05-10T07:31:35.456+0000] {dag.py:3096} INFO - Sync 1 DAGs
[2024-05-10T07:31:35.467+0000] {logging_mixin.py:188} INFO - [2024-05-10T07:31:35.467+0000] {dag.py:3954} INFO - Setting next_dagrun for example_sensor_decorator to None, run_after=None
[2024-05-10T07:31:35.490+0000] {processor.py:183} INFO - Processing /home/airflow/.local/lib/python3.12/site-packages/airflow/example_dags/example_sensor_decorator.py took 0.065 seconds
[2024-05-10T07:32:06.373+0000] {processor.py:161} INFO - Started process (PID=1158) to work on /home/airflow/.local/lib/python3.12/site-packages/airflow/example_dags/example_sensor_decorator.py
[2024-05-10T07:32:06.375+0000] {processor.py:830} INFO - Processing file /home/airflow/.local/lib/python3.12/site-packages/airflow/example_dags/example_sensor_decorator.py for tasks to queue
[2024-05-10T07:32:06.377+0000] {logging_mixin.py:188} INFO - [2024-05-10T07:32:06.377+0000] {dagbag.py:540} INFO - Filling up the DagBag from /home/airflow/.local/lib/python3.12/site-packages/airflow/example_dags/example_sensor_decorator.py
[2024-05-10T07:32:06.384+0000] {processor.py:840} INFO - DAG(s) 'example_sensor_decorator' retrieved from /home/airflow/.local/lib/python3.12/site-packages/airflow/example_dags/example_sensor_decorator.py
[2024-05-10T07:32:06.401+0000] {logging_mixin.py:188} INFO - [2024-05-10T07:32:06.400+0000] {dag.py:3096} INFO - Sync 1 DAGs
[2024-05-10T07:32:06.411+0000] {logging_mixin.py:188} INFO - [2024-05-10T07:32:06.410+0000] {dag.py:3954} INFO - Setting next_dagrun for example_sensor_decorator to None, run_after=None
[2024-05-10T07:32:06.429+0000] {processor.py:183} INFO - Processing /home/airflow/.local/lib/python3.12/site-packages/airflow/example_dags/example_sensor_decorator.py took 0.068 seconds
[2024-05-10T07:32:36.909+0000] {processor.py:161} INFO - Started process (PID=1217) to work on /home/airflow/.local/lib/python3.12/site-packages/airflow/example_dags/example_sensor_decorator.py
[2024-05-10T07:32:36.910+0000] {processor.py:830} INFO - Processing file /home/airflow/.local/lib/python3.12/site-packages/airflow/example_dags/example_sensor_decorator.py for tasks to queue
[2024-05-10T07:32:36.911+0000] {logging_mixin.py:188} INFO - [2024-05-10T07:32:36.911+0000] {dagbag.py:540} INFO - Filling up the DagBag from /home/airflow/.local/lib/python3.12/site-packages/airflow/example_dags/example_sensor_decorator.py
[2024-05-10T07:32:36.917+0000] {processor.py:840} INFO - DAG(s) 'example_sensor_decorator' retrieved from /home/airflow/.local/lib/python3.12/site-packages/airflow/example_dags/example_sensor_decorator.py
[2024-05-10T07:32:36.933+0000] {logging_mixin.py:188} INFO - [2024-05-10T07:32:36.933+0000] {dag.py:3096} INFO - Sync 1 DAGs
[2024-05-10T07:32:36.943+0000] {logging_mixin.py:188} INFO - [2024-05-10T07:32:36.943+0000] {dag.py:3954} INFO - Setting next_dagrun for example_sensor_decorator to None, run_after=None
[2024-05-10T07:32:36.962+0000] {processor.py:183} INFO - Processing /home/airflow/.local/lib/python3.12/site-packages/airflow/example_dags/example_sensor_decorator.py took 0.060 seconds
[2024-05-10T07:33:07.677+0000] {processor.py:161} INFO - Started process (PID=1275) to work on /home/airflow/.local/lib/python3.12/site-packages/airflow/example_dags/example_sensor_decorator.py
[2024-05-10T07:33:07.678+0000] {processor.py:830} INFO - Processing file /home/airflow/.local/lib/python3.12/site-packages/airflow/example_dags/example_sensor_decorator.py for tasks to queue
[2024-05-10T07:33:07.680+0000] {logging_mixin.py:188} INFO - [2024-05-10T07:33:07.680+0000] {dagbag.py:540} INFO - Filling up the DagBag from /home/airflow/.local/lib/python3.12/site-packages/airflow/example_dags/example_sensor_decorator.py
[2024-05-10T07:33:07.686+0000] {processor.py:840} INFO - DAG(s) 'example_sensor_decorator' retrieved from /home/airflow/.local/lib/python3.12/site-packages/airflow/example_dags/example_sensor_decorator.py
[2024-05-10T07:33:07.704+0000] {logging_mixin.py:188} INFO - [2024-05-10T07:33:07.704+0000] {dag.py:3096} INFO - Sync 1 DAGs
[2024-05-10T07:33:07.716+0000] {logging_mixin.py:188} INFO - [2024-05-10T07:33:07.715+0000] {dag.py:3954} INFO - Setting next_dagrun for example_sensor_decorator to None, run_after=None
[2024-05-10T07:33:07.740+0000] {processor.py:183} INFO - Processing /home/airflow/.local/lib/python3.12/site-packages/airflow/example_dags/example_sensor_decorator.py took 0.069 seconds
[2024-05-10T07:33:38.240+0000] {processor.py:161} INFO - Started process (PID=1335) to work on /home/airflow/.local/lib/python3.12/site-packages/airflow/example_dags/example_sensor_decorator.py
[2024-05-10T07:33:38.241+0000] {processor.py:830} INFO - Processing file /home/airflow/.local/lib/python3.12/site-packages/airflow/example_dags/example_sensor_decorator.py for tasks to queue
[2024-05-10T07:33:38.243+0000] {logging_mixin.py:188} INFO - [2024-05-10T07:33:38.243+0000] {dagbag.py:540} INFO - Filling up the DagBag from /home/airflow/.local/lib/python3.12/site-packages/airflow/example_dags/example_sensor_decorator.py
[2024-05-10T07:33:38.252+0000] {processor.py:840} INFO - DAG(s) 'example_sensor_decorator' retrieved from /home/airflow/.local/lib/python3.12/site-packages/airflow/example_dags/example_sensor_decorator.py
[2024-05-10T07:33:38.275+0000] {logging_mixin.py:188} INFO - [2024-05-10T07:33:38.274+0000] {dag.py:3096} INFO - Sync 1 DAGs
[2024-05-10T07:33:38.286+0000] {logging_mixin.py:188} INFO - [2024-05-10T07:33:38.285+0000] {dag.py:3954} INFO - Setting next_dagrun for example_sensor_decorator to None, run_after=None
[2024-05-10T07:33:38.307+0000] {processor.py:183} INFO - Processing /home/airflow/.local/lib/python3.12/site-packages/airflow/example_dags/example_sensor_decorator.py took 0.076 seconds
[2024-05-10T07:34:08.895+0000] {processor.py:161} INFO - Started process (PID=1395) to work on /home/airflow/.local/lib/python3.12/site-packages/airflow/example_dags/example_sensor_decorator.py
[2024-05-10T07:34:08.897+0000] {processor.py:830} INFO - Processing file /home/airflow/.local/lib/python3.12/site-packages/airflow/example_dags/example_sensor_decorator.py for tasks to queue
[2024-05-10T07:34:08.899+0000] {logging_mixin.py:188} INFO - [2024-05-10T07:34:08.899+0000] {dagbag.py:540} INFO - Filling up the DagBag from /home/airflow/.local/lib/python3.12/site-packages/airflow/example_dags/example_sensor_decorator.py
[2024-05-10T07:34:08.907+0000] {processor.py:840} INFO - DAG(s) 'example_sensor_decorator' retrieved from /home/airflow/.local/lib/python3.12/site-packages/airflow/example_dags/example_sensor_decorator.py
[2024-05-10T07:34:08.926+0000] {logging_mixin.py:188} INFO - [2024-05-10T07:34:08.925+0000] {dag.py:3096} INFO - Sync 1 DAGs
[2024-05-10T07:34:08.936+0000] {logging_mixin.py:188} INFO - [2024-05-10T07:34:08.936+0000] {dag.py:3954} INFO - Setting next_dagrun for example_sensor_decorator to None, run_after=None
[2024-05-10T07:34:08.975+0000] {processor.py:183} INFO - Processing /home/airflow/.local/lib/python3.12/site-packages/airflow/example_dags/example_sensor_decorator.py took 0.091 seconds
[2024-05-10T07:34:39.624+0000] {processor.py:161} INFO - Started process (PID=1460) to work on /home/airflow/.local/lib/python3.12/site-packages/airflow/example_dags/example_sensor_decorator.py
[2024-05-10T07:34:39.625+0000] {processor.py:830} INFO - Processing file /home/airflow/.local/lib/python3.12/site-packages/airflow/example_dags/example_sensor_decorator.py for tasks to queue
[2024-05-10T07:34:39.626+0000] {logging_mixin.py:188} INFO - [2024-05-10T07:34:39.626+0000] {dagbag.py:540} INFO - Filling up the DagBag from /home/airflow/.local/lib/python3.12/site-packages/airflow/example_dags/example_sensor_decorator.py
[2024-05-10T07:34:39.632+0000] {processor.py:840} INFO - DAG(s) 'example_sensor_decorator' retrieved from /home/airflow/.local/lib/python3.12/site-packages/airflow/example_dags/example_sensor_decorator.py
[2024-05-10T07:34:39.648+0000] {logging_mixin.py:188} INFO - [2024-05-10T07:34:39.648+0000] {dag.py:3096} INFO - Sync 1 DAGs
[2024-05-10T07:34:39.658+0000] {logging_mixin.py:188} INFO - [2024-05-10T07:34:39.658+0000] {dag.py:3954} INFO - Setting next_dagrun for example_sensor_decorator to None, run_after=None
[2024-05-10T07:34:39.685+0000] {processor.py:183} INFO - Processing /home/airflow/.local/lib/python3.12/site-packages/airflow/example_dags/example_sensor_decorator.py took 0.069 seconds
[2024-05-10T07:35:10.252+0000] {processor.py:161} INFO - Started process (PID=1519) to work on /home/airflow/.local/lib/python3.12/site-packages/airflow/example_dags/example_sensor_decorator.py
[2024-05-10T07:35:10.257+0000] {processor.py:830} INFO - Processing file /home/airflow/.local/lib/python3.12/site-packages/airflow/example_dags/example_sensor_decorator.py for tasks to queue
[2024-05-10T07:35:10.263+0000] {logging_mixin.py:188} INFO - [2024-05-10T07:35:10.262+0000] {dagbag.py:540} INFO - Filling up the DagBag from /home/airflow/.local/lib/python3.12/site-packages/airflow/example_dags/example_sensor_decorator.py
[2024-05-10T07:35:10.283+0000] {processor.py:840} INFO - DAG(s) 'example_sensor_decorator' retrieved from /home/airflow/.local/lib/python3.12/site-packages/airflow/example_dags/example_sensor_decorator.py
[2024-05-10T07:35:10.317+0000] {logging_mixin.py:188} INFO - [2024-05-10T07:35:10.317+0000] {dag.py:3096} INFO - Sync 1 DAGs
[2024-05-10T07:35:10.333+0000] {logging_mixin.py:188} INFO - [2024-05-10T07:35:10.332+0000] {dag.py:3954} INFO - Setting next_dagrun for example_sensor_decorator to None, run_after=None
[2024-05-10T07:35:10.359+0000] {processor.py:183} INFO - Processing /home/airflow/.local/lib/python3.12/site-packages/airflow/example_dags/example_sensor_decorator.py took 0.121 seconds
[2024-05-10T07:35:41.119+0000] {processor.py:161} INFO - Started process (PID=1578) to work on /home/airflow/.local/lib/python3.12/site-packages/airflow/example_dags/example_sensor_decorator.py
[2024-05-10T07:35:41.121+0000] {processor.py:830} INFO - Processing file /home/airflow/.local/lib/python3.12/site-packages/airflow/example_dags/example_sensor_decorator.py for tasks to queue
[2024-05-10T07:35:41.123+0000] {logging_mixin.py:188} INFO - [2024-05-10T07:35:41.123+0000] {dagbag.py:540} INFO - Filling up the DagBag from /home/airflow/.local/lib/python3.12/site-packages/airflow/example_dags/example_sensor_decorator.py
[2024-05-10T07:35:41.130+0000] {processor.py:840} INFO - DAG(s) 'example_sensor_decorator' retrieved from /home/airflow/.local/lib/python3.12/site-packages/airflow/example_dags/example_sensor_decorator.py
[2024-05-10T07:35:41.150+0000] {logging_mixin.py:188} INFO - [2024-05-10T07:35:41.150+0000] {dag.py:3096} INFO - Sync 1 DAGs
[2024-05-10T07:35:41.160+0000] {logging_mixin.py:188} INFO - [2024-05-10T07:35:41.160+0000] {dag.py:3954} INFO - Setting next_dagrun for example_sensor_decorator to None, run_after=None
[2024-05-10T07:35:41.238+0000] {processor.py:183} INFO - Processing /home/airflow/.local/lib/python3.12/site-packages/airflow/example_dags/example_sensor_decorator.py took 0.134 seconds
[2024-05-10T07:36:11.608+0000] {processor.py:161} INFO - Started process (PID=1637) to work on /home/airflow/.local/lib/python3.12/site-packages/airflow/example_dags/example_sensor_decorator.py
[2024-05-10T07:36:11.609+0000] {processor.py:830} INFO - Processing file /home/airflow/.local/lib/python3.12/site-packages/airflow/example_dags/example_sensor_decorator.py for tasks to queue
[2024-05-10T07:36:11.610+0000] {logging_mixin.py:188} INFO - [2024-05-10T07:36:11.610+0000] {dagbag.py:540} INFO - Filling up the DagBag from /home/airflow/.local/lib/python3.12/site-packages/airflow/example_dags/example_sensor_decorator.py
[2024-05-10T07:36:11.615+0000] {processor.py:840} INFO - DAG(s) 'example_sensor_decorator' retrieved from /home/airflow/.local/lib/python3.12/site-packages/airflow/example_dags/example_sensor_decorator.py
[2024-05-10T07:36:11.633+0000] {logging_mixin.py:188} INFO - [2024-05-10T07:36:11.633+0000] {dag.py:3096} INFO - Sync 1 DAGs
[2024-05-10T07:36:11.644+0000] {logging_mixin.py:188} INFO - [2024-05-10T07:36:11.644+0000] {dag.py:3954} INFO - Setting next_dagrun for example_sensor_decorator to None, run_after=None
[2024-05-10T07:36:11.668+0000] {processor.py:183} INFO - Processing /home/airflow/.local/lib/python3.12/site-packages/airflow/example_dags/example_sensor_decorator.py took 0.065 seconds
[2024-05-10T07:36:41.711+0000] {processor.py:161} INFO - Started process (PID=1695) to work on /home/airflow/.local/lib/python3.12/site-packages/airflow/example_dags/example_sensor_decorator.py
[2024-05-10T07:36:41.711+0000] {processor.py:830} INFO - Processing file /home/airflow/.local/lib/python3.12/site-packages/airflow/example_dags/example_sensor_decorator.py for tasks to queue
[2024-05-10T07:36:41.712+0000] {logging_mixin.py:188} INFO - [2024-05-10T07:36:41.712+0000] {dagbag.py:540} INFO - Filling up the DagBag from /home/airflow/.local/lib/python3.12/site-packages/airflow/example_dags/example_sensor_decorator.py
[2024-05-10T07:36:41.717+0000] {processor.py:840} INFO - DAG(s) 'example_sensor_decorator' retrieved from /home/airflow/.local/lib/python3.12/site-packages/airflow/example_dags/example_sensor_decorator.py
[2024-05-10T07:36:41.733+0000] {logging_mixin.py:188} INFO - [2024-05-10T07:36:41.733+0000] {dag.py:3096} INFO - Sync 1 DAGs
[2024-05-10T07:36:41.744+0000] {logging_mixin.py:188} INFO - [2024-05-10T07:36:41.744+0000] {dag.py:3954} INFO - Setting next_dagrun for example_sensor_decorator to None, run_after=None
[2024-05-10T07:36:41.763+0000] {processor.py:183} INFO - Processing /home/airflow/.local/lib/python3.12/site-packages/airflow/example_dags/example_sensor_decorator.py took 0.061 seconds
[2024-05-10T07:37:11.837+0000] {processor.py:161} INFO - Started process (PID=1754) to work on /home/airflow/.local/lib/python3.12/site-packages/airflow/example_dags/example_sensor_decorator.py
[2024-05-10T07:37:11.838+0000] {processor.py:830} INFO - Processing file /home/airflow/.local/lib/python3.12/site-packages/airflow/example_dags/example_sensor_decorator.py for tasks to queue
[2024-05-10T07:37:11.840+0000] {logging_mixin.py:188} INFO - [2024-05-10T07:37:11.839+0000] {dagbag.py:540} INFO - Filling up the DagBag from /home/airflow/.local/lib/python3.12/site-packages/airflow/example_dags/example_sensor_decorator.py
[2024-05-10T07:37:11.846+0000] {processor.py:840} INFO - DAG(s) 'example_sensor_decorator' retrieved from /home/airflow/.local/lib/python3.12/site-packages/airflow/example_dags/example_sensor_decorator.py
[2024-05-10T07:37:11.862+0000] {logging_mixin.py:188} INFO - [2024-05-10T07:37:11.861+0000] {dag.py:3096} INFO - Sync 1 DAGs
[2024-05-10T07:37:11.872+0000] {logging_mixin.py:188} INFO - [2024-05-10T07:37:11.872+0000] {dag.py:3954} INFO - Setting next_dagrun for example_sensor_decorator to None, run_after=None
[2024-05-10T07:37:11.894+0000] {processor.py:183} INFO - Processing /home/airflow/.local/lib/python3.12/site-packages/airflow/example_dags/example_sensor_decorator.py took 0.063 seconds
[2024-05-10T07:37:42.014+0000] {processor.py:161} INFO - Started process (PID=1813) to work on /home/airflow/.local/lib/python3.12/site-packages/airflow/example_dags/example_sensor_decorator.py
[2024-05-10T07:37:42.015+0000] {processor.py:830} INFO - Processing file /home/airflow/.local/lib/python3.12/site-packages/airflow/example_dags/example_sensor_decorator.py for tasks to queue
[2024-05-10T07:37:42.016+0000] {logging_mixin.py:188} INFO - [2024-05-10T07:37:42.016+0000] {dagbag.py:540} INFO - Filling up the DagBag from /home/airflow/.local/lib/python3.12/site-packages/airflow/example_dags/example_sensor_decorator.py
[2024-05-10T07:37:42.021+0000] {processor.py:840} INFO - DAG(s) 'example_sensor_decorator' retrieved from /home/airflow/.local/lib/python3.12/site-packages/airflow/example_dags/example_sensor_decorator.py
[2024-05-10T07:37:42.036+0000] {logging_mixin.py:188} INFO - [2024-05-10T07:37:42.036+0000] {dag.py:3096} INFO - Sync 1 DAGs
[2024-05-10T07:37:42.047+0000] {logging_mixin.py:188} INFO - [2024-05-10T07:37:42.046+0000] {dag.py:3954} INFO - Setting next_dagrun for example_sensor_decorator to None, run_after=None
[2024-05-10T07:37:42.068+0000] {processor.py:183} INFO - Processing /home/airflow/.local/lib/python3.12/site-packages/airflow/example_dags/example_sensor_decorator.py took 0.059 seconds
[2024-05-10T07:38:12.693+0000] {processor.py:161} INFO - Started process (PID=1872) to work on /home/airflow/.local/lib/python3.12/site-packages/airflow/example_dags/example_sensor_decorator.py
[2024-05-10T07:38:12.693+0000] {processor.py:830} INFO - Processing file /home/airflow/.local/lib/python3.12/site-packages/airflow/example_dags/example_sensor_decorator.py for tasks to queue
[2024-05-10T07:38:12.695+0000] {logging_mixin.py:188} INFO - [2024-05-10T07:38:12.694+0000] {dagbag.py:540} INFO - Filling up the DagBag from /home/airflow/.local/lib/python3.12/site-packages/airflow/example_dags/example_sensor_decorator.py
[2024-05-10T07:38:12.699+0000] {processor.py:840} INFO - DAG(s) 'example_sensor_decorator' retrieved from /home/airflow/.local/lib/python3.12/site-packages/airflow/example_dags/example_sensor_decorator.py
[2024-05-10T07:38:12.714+0000] {logging_mixin.py:188} INFO - [2024-05-10T07:38:12.714+0000] {dag.py:3096} INFO - Sync 1 DAGs
[2024-05-10T07:38:12.724+0000] {logging_mixin.py:188} INFO - [2024-05-10T07:38:12.724+0000] {dag.py:3954} INFO - Setting next_dagrun for example_sensor_decorator to None, run_after=None
[2024-05-10T07:38:12.741+0000] {processor.py:183} INFO - Processing /home/airflow/.local/lib/python3.12/site-packages/airflow/example_dags/example_sensor_decorator.py took 0.054 seconds
[2024-05-10T07:38:43.370+0000] {processor.py:161} INFO - Started process (PID=1930) to work on /home/airflow/.local/lib/python3.12/site-packages/airflow/example_dags/example_sensor_decorator.py
[2024-05-10T07:38:43.371+0000] {processor.py:830} INFO - Processing file /home/airflow/.local/lib/python3.12/site-packages/airflow/example_dags/example_sensor_decorator.py for tasks to queue
[2024-05-10T07:38:43.372+0000] {logging_mixin.py:188} INFO - [2024-05-10T07:38:43.372+0000] {dagbag.py:540} INFO - Filling up the DagBag from /home/airflow/.local/lib/python3.12/site-packages/airflow/example_dags/example_sensor_decorator.py
[2024-05-10T07:38:43.377+0000] {processor.py:840} INFO - DAG(s) 'example_sensor_decorator' retrieved from /home/airflow/.local/lib/python3.12/site-packages/airflow/example_dags/example_sensor_decorator.py
[2024-05-10T07:38:43.393+0000] {logging_mixin.py:188} INFO - [2024-05-10T07:38:43.392+0000] {dag.py:3096} INFO - Sync 1 DAGs
[2024-05-10T07:38:43.403+0000] {logging_mixin.py:188} INFO - [2024-05-10T07:38:43.403+0000] {dag.py:3954} INFO - Setting next_dagrun for example_sensor_decorator to None, run_after=None
[2024-05-10T07:38:43.437+0000] {processor.py:183} INFO - Processing /home/airflow/.local/lib/python3.12/site-packages/airflow/example_dags/example_sensor_decorator.py took 0.072 seconds
[2024-05-10T07:39:14.137+0000] {processor.py:161} INFO - Started process (PID=1989) to work on /home/airflow/.local/lib/python3.12/site-packages/airflow/example_dags/example_sensor_decorator.py
[2024-05-10T07:39:14.138+0000] {processor.py:830} INFO - Processing file /home/airflow/.local/lib/python3.12/site-packages/airflow/example_dags/example_sensor_decorator.py for tasks to queue
[2024-05-10T07:39:14.139+0000] {logging_mixin.py:188} INFO - [2024-05-10T07:39:14.139+0000] {dagbag.py:540} INFO - Filling up the DagBag from /home/airflow/.local/lib/python3.12/site-packages/airflow/example_dags/example_sensor_decorator.py
[2024-05-10T07:39:14.144+0000] {processor.py:840} INFO - DAG(s) 'example_sensor_decorator' retrieved from /home/airflow/.local/lib/python3.12/site-packages/airflow/example_dags/example_sensor_decorator.py
[2024-05-10T07:39:14.159+0000] {logging_mixin.py:188} INFO - [2024-05-10T07:39:14.159+0000] {dag.py:3096} INFO - Sync 1 DAGs
[2024-05-10T07:39:14.169+0000] {logging_mixin.py:188} INFO - [2024-05-10T07:39:14.169+0000] {dag.py:3954} INFO - Setting next_dagrun for example_sensor_decorator to None, run_after=None
[2024-05-10T07:39:14.185+0000] {processor.py:183} INFO - Processing /home/airflow/.local/lib/python3.12/site-packages/airflow/example_dags/example_sensor_decorator.py took 0.053 seconds
[2024-05-10T07:39:44.560+0000] {processor.py:161} INFO - Started process (PID=2047) to work on /home/airflow/.local/lib/python3.12/site-packages/airflow/example_dags/example_sensor_decorator.py
[2024-05-10T07:39:44.560+0000] {processor.py:830} INFO - Processing file /home/airflow/.local/lib/python3.12/site-packages/airflow/example_dags/example_sensor_decorator.py for tasks to queue
[2024-05-10T07:39:44.561+0000] {logging_mixin.py:188} INFO - [2024-05-10T07:39:44.561+0000] {dagbag.py:540} INFO - Filling up the DagBag from /home/airflow/.local/lib/python3.12/site-packages/airflow/example_dags/example_sensor_decorator.py
[2024-05-10T07:39:44.566+0000] {processor.py:840} INFO - DAG(s) 'example_sensor_decorator' retrieved from /home/airflow/.local/lib/python3.12/site-packages/airflow/example_dags/example_sensor_decorator.py
[2024-05-10T07:39:44.581+0000] {logging_mixin.py:188} INFO - [2024-05-10T07:39:44.581+0000] {dag.py:3096} INFO - Sync 1 DAGs
[2024-05-10T07:39:44.591+0000] {logging_mixin.py:188} INFO - [2024-05-10T07:39:44.591+0000] {dag.py:3954} INFO - Setting next_dagrun for example_sensor_decorator to None, run_after=None
[2024-05-10T07:39:44.607+0000] {processor.py:183} INFO - Processing /home/airflow/.local/lib/python3.12/site-packages/airflow/example_dags/example_sensor_decorator.py took 0.052 seconds
[2024-05-10T07:40:15.506+0000] {processor.py:161} INFO - Started process (PID=2106) to work on /home/airflow/.local/lib/python3.12/site-packages/airflow/example_dags/example_sensor_decorator.py
[2024-05-10T07:40:15.507+0000] {processor.py:830} INFO - Processing file /home/airflow/.local/lib/python3.12/site-packages/airflow/example_dags/example_sensor_decorator.py for tasks to queue
[2024-05-10T07:40:15.509+0000] {logging_mixin.py:188} INFO - [2024-05-10T07:40:15.508+0000] {dagbag.py:540} INFO - Filling up the DagBag from /home/airflow/.local/lib/python3.12/site-packages/airflow/example_dags/example_sensor_decorator.py
[2024-05-10T07:40:15.513+0000] {processor.py:840} INFO - DAG(s) 'example_sensor_decorator' retrieved from /home/airflow/.local/lib/python3.12/site-packages/airflow/example_dags/example_sensor_decorator.py
[2024-05-10T07:40:15.529+0000] {logging_mixin.py:188} INFO - [2024-05-10T07:40:15.529+0000] {dag.py:3096} INFO - Sync 1 DAGs
[2024-05-10T07:40:15.539+0000] {logging_mixin.py:188} INFO - [2024-05-10T07:40:15.538+0000] {dag.py:3954} INFO - Setting next_dagrun for example_sensor_decorator to None, run_after=None
[2024-05-10T07:40:15.579+0000] {processor.py:183} INFO - Processing /home/airflow/.local/lib/python3.12/site-packages/airflow/example_dags/example_sensor_decorator.py took 0.079 seconds
[2024-05-10T07:40:46.124+0000] {processor.py:161} INFO - Started process (PID=2165) to work on /home/airflow/.local/lib/python3.12/site-packages/airflow/example_dags/example_sensor_decorator.py
[2024-05-10T07:40:46.125+0000] {processor.py:830} INFO - Processing file /home/airflow/.local/lib/python3.12/site-packages/airflow/example_dags/example_sensor_decorator.py for tasks to queue
[2024-05-10T07:40:46.126+0000] {logging_mixin.py:188} INFO - [2024-05-10T07:40:46.126+0000] {dagbag.py:540} INFO - Filling up the DagBag from /home/airflow/.local/lib/python3.12/site-packages/airflow/example_dags/example_sensor_decorator.py
[2024-05-10T07:40:46.131+0000] {processor.py:840} INFO - DAG(s) 'example_sensor_decorator' retrieved from /home/airflow/.local/lib/python3.12/site-packages/airflow/example_dags/example_sensor_decorator.py
[2024-05-10T07:40:46.146+0000] {logging_mixin.py:188} INFO - [2024-05-10T07:40:46.145+0000] {dag.py:3096} INFO - Sync 1 DAGs
[2024-05-10T07:40:46.156+0000] {logging_mixin.py:188} INFO - [2024-05-10T07:40:46.156+0000] {dag.py:3954} INFO - Setting next_dagrun for example_sensor_decorator to None, run_after=None
[2024-05-10T07:40:46.174+0000] {processor.py:183} INFO - Processing /home/airflow/.local/lib/python3.12/site-packages/airflow/example_dags/example_sensor_decorator.py took 0.054 seconds
[2024-05-10T07:41:16.851+0000] {processor.py:161} INFO - Started process (PID=2224) to work on /home/airflow/.local/lib/python3.12/site-packages/airflow/example_dags/example_sensor_decorator.py
[2024-05-10T07:41:16.852+0000] {processor.py:830} INFO - Processing file /home/airflow/.local/lib/python3.12/site-packages/airflow/example_dags/example_sensor_decorator.py for tasks to queue
[2024-05-10T07:41:16.854+0000] {logging_mixin.py:188} INFO - [2024-05-10T07:41:16.853+0000] {dagbag.py:540} INFO - Filling up the DagBag from /home/airflow/.local/lib/python3.12/site-packages/airflow/example_dags/example_sensor_decorator.py
[2024-05-10T07:41:16.859+0000] {processor.py:840} INFO - DAG(s) 'example_sensor_decorator' retrieved from /home/airflow/.local/lib/python3.12/site-packages/airflow/example_dags/example_sensor_decorator.py
[2024-05-10T07:41:16.876+0000] {logging_mixin.py:188} INFO - [2024-05-10T07:41:16.876+0000] {dag.py:3096} INFO - Sync 1 DAGs
[2024-05-10T07:41:16.888+0000] {logging_mixin.py:188} INFO - [2024-05-10T07:41:16.888+0000] {dag.py:3954} INFO - Setting next_dagrun for example_sensor_decorator to None, run_after=None
[2024-05-10T07:41:16.908+0000] {processor.py:183} INFO - Processing /home/airflow/.local/lib/python3.12/site-packages/airflow/example_dags/example_sensor_decorator.py took 0.063 seconds
[2024-05-10T07:41:47.019+0000] {processor.py:161} INFO - Started process (PID=2283) to work on /home/airflow/.local/lib/python3.12/site-packages/airflow/example_dags/example_sensor_decorator.py
[2024-05-10T07:41:47.019+0000] {processor.py:830} INFO - Processing file /home/airflow/.local/lib/python3.12/site-packages/airflow/example_dags/example_sensor_decorator.py for tasks to queue
[2024-05-10T07:41:47.020+0000] {logging_mixin.py:188} INFO - [2024-05-10T07:41:47.020+0000] {dagbag.py:540} INFO - Filling up the DagBag from /home/airflow/.local/lib/python3.12/site-packages/airflow/example_dags/example_sensor_decorator.py
[2024-05-10T07:41:47.025+0000] {processor.py:840} INFO - DAG(s) 'example_sensor_decorator' retrieved from /home/airflow/.local/lib/python3.12/site-packages/airflow/example_dags/example_sensor_decorator.py
[2024-05-10T07:41:47.041+0000] {logging_mixin.py:188} INFO - [2024-05-10T07:41:47.040+0000] {dag.py:3096} INFO - Sync 1 DAGs
[2024-05-10T07:41:47.051+0000] {logging_mixin.py:188} INFO - [2024-05-10T07:41:47.051+0000] {dag.py:3954} INFO - Setting next_dagrun for example_sensor_decorator to None, run_after=None
[2024-05-10T07:41:47.073+0000] {processor.py:183} INFO - Processing /home/airflow/.local/lib/python3.12/site-packages/airflow/example_dags/example_sensor_decorator.py took 0.060 seconds
[2024-05-10T07:42:17.325+0000] {processor.py:161} INFO - Started process (PID=2341) to work on /home/airflow/.local/lib/python3.12/site-packages/airflow/example_dags/example_sensor_decorator.py
[2024-05-10T07:42:17.325+0000] {processor.py:830} INFO - Processing file /home/airflow/.local/lib/python3.12/site-packages/airflow/example_dags/example_sensor_decorator.py for tasks to queue
[2024-05-10T07:42:17.327+0000] {logging_mixin.py:188} INFO - [2024-05-10T07:42:17.326+0000] {dagbag.py:540} INFO - Filling up the DagBag from /home/airflow/.local/lib/python3.12/site-packages/airflow/example_dags/example_sensor_decorator.py
[2024-05-10T07:42:17.331+0000] {processor.py:840} INFO - DAG(s) 'example_sensor_decorator' retrieved from /home/airflow/.local/lib/python3.12/site-packages/airflow/example_dags/example_sensor_decorator.py
[2024-05-10T07:42:17.347+0000] {logging_mixin.py:188} INFO - [2024-05-10T07:42:17.347+0000] {dag.py:3096} INFO - Sync 1 DAGs
[2024-05-10T07:42:17.358+0000] {logging_mixin.py:188} INFO - [2024-05-10T07:42:17.357+0000] {dag.py:3954} INFO - Setting next_dagrun for example_sensor_decorator to None, run_after=None
[2024-05-10T07:42:17.386+0000] {processor.py:183} INFO - Processing /home/airflow/.local/lib/python3.12/site-packages/airflow/example_dags/example_sensor_decorator.py took 0.066 seconds
[2024-05-10T07:42:48.247+0000] {processor.py:161} INFO - Started process (PID=2400) to work on /home/airflow/.local/lib/python3.12/site-packages/airflow/example_dags/example_sensor_decorator.py
[2024-05-10T07:42:48.248+0000] {processor.py:830} INFO - Processing file /home/airflow/.local/lib/python3.12/site-packages/airflow/example_dags/example_sensor_decorator.py for tasks to queue
[2024-05-10T07:42:48.249+0000] {logging_mixin.py:188} INFO - [2024-05-10T07:42:48.249+0000] {dagbag.py:540} INFO - Filling up the DagBag from /home/airflow/.local/lib/python3.12/site-packages/airflow/example_dags/example_sensor_decorator.py
[2024-05-10T07:42:48.254+0000] {processor.py:840} INFO - DAG(s) 'example_sensor_decorator' retrieved from /home/airflow/.local/lib/python3.12/site-packages/airflow/example_dags/example_sensor_decorator.py
[2024-05-10T07:42:48.269+0000] {logging_mixin.py:188} INFO - [2024-05-10T07:42:48.269+0000] {dag.py:3096} INFO - Sync 1 DAGs
[2024-05-10T07:42:48.279+0000] {logging_mixin.py:188} INFO - [2024-05-10T07:42:48.279+0000] {dag.py:3954} INFO - Setting next_dagrun for example_sensor_decorator to None, run_after=None
[2024-05-10T07:42:48.307+0000] {processor.py:183} INFO - Processing /home/airflow/.local/lib/python3.12/site-packages/airflow/example_dags/example_sensor_decorator.py took 0.065 seconds
[2024-05-10T07:43:18.780+0000] {processor.py:161} INFO - Started process (PID=2459) to work on /home/airflow/.local/lib/python3.12/site-packages/airflow/example_dags/example_sensor_decorator.py
[2024-05-10T07:43:18.780+0000] {processor.py:830} INFO - Processing file /home/airflow/.local/lib/python3.12/site-packages/airflow/example_dags/example_sensor_decorator.py for tasks to queue
[2024-05-10T07:43:18.782+0000] {logging_mixin.py:188} INFO - [2024-05-10T07:43:18.781+0000] {dagbag.py:540} INFO - Filling up the DagBag from /home/airflow/.local/lib/python3.12/site-packages/airflow/example_dags/example_sensor_decorator.py
[2024-05-10T07:43:18.786+0000] {processor.py:840} INFO - DAG(s) 'example_sensor_decorator' retrieved from /home/airflow/.local/lib/python3.12/site-packages/airflow/example_dags/example_sensor_decorator.py
[2024-05-10T07:43:18.800+0000] {logging_mixin.py:188} INFO - [2024-05-10T07:43:18.800+0000] {dag.py:3096} INFO - Sync 1 DAGs
[2024-05-10T07:43:18.810+0000] {logging_mixin.py:188} INFO - [2024-05-10T07:43:18.810+0000] {dag.py:3954} INFO - Setting next_dagrun for example_sensor_decorator to None, run_after=None
[2024-05-10T07:43:18.847+0000] {processor.py:183} INFO - Processing /home/airflow/.local/lib/python3.12/site-packages/airflow/example_dags/example_sensor_decorator.py took 0.071 seconds
[2024-05-10T07:43:49.302+0000] {processor.py:161} INFO - Started process (PID=2518) to work on /home/airflow/.local/lib/python3.12/site-packages/airflow/example_dags/example_sensor_decorator.py
[2024-05-10T07:43:49.302+0000] {processor.py:830} INFO - Processing file /home/airflow/.local/lib/python3.12/site-packages/airflow/example_dags/example_sensor_decorator.py for tasks to queue
[2024-05-10T07:43:49.304+0000] {logging_mixin.py:188} INFO - [2024-05-10T07:43:49.303+0000] {dagbag.py:540} INFO - Filling up the DagBag from /home/airflow/.local/lib/python3.12/site-packages/airflow/example_dags/example_sensor_decorator.py
[2024-05-10T07:43:49.308+0000] {processor.py:840} INFO - DAG(s) 'example_sensor_decorator' retrieved from /home/airflow/.local/lib/python3.12/site-packages/airflow/example_dags/example_sensor_decorator.py
[2024-05-10T07:43:49.323+0000] {logging_mixin.py:188} INFO - [2024-05-10T07:43:49.322+0000] {dag.py:3096} INFO - Sync 1 DAGs
[2024-05-10T07:43:49.332+0000] {logging_mixin.py:188} INFO - [2024-05-10T07:43:49.332+0000] {dag.py:3954} INFO - Setting next_dagrun for example_sensor_decorator to None, run_after=None
[2024-05-10T07:43:49.363+0000] {processor.py:183} INFO - Processing /home/airflow/.local/lib/python3.12/site-packages/airflow/example_dags/example_sensor_decorator.py took 0.066 seconds
[2024-05-10T07:44:19.879+0000] {processor.py:161} INFO - Started process (PID=2577) to work on /home/airflow/.local/lib/python3.12/site-packages/airflow/example_dags/example_sensor_decorator.py
[2024-05-10T07:44:19.879+0000] {processor.py:830} INFO - Processing file /home/airflow/.local/lib/python3.12/site-packages/airflow/example_dags/example_sensor_decorator.py for tasks to queue
[2024-05-10T07:44:19.881+0000] {logging_mixin.py:188} INFO - [2024-05-10T07:44:19.880+0000] {dagbag.py:540} INFO - Filling up the DagBag from /home/airflow/.local/lib/python3.12/site-packages/airflow/example_dags/example_sensor_decorator.py
[2024-05-10T07:44:19.885+0000] {processor.py:840} INFO - DAG(s) 'example_sensor_decorator' retrieved from /home/airflow/.local/lib/python3.12/site-packages/airflow/example_dags/example_sensor_decorator.py
[2024-05-10T07:44:19.899+0000] {logging_mixin.py:188} INFO - [2024-05-10T07:44:19.899+0000] {dag.py:3096} INFO - Sync 1 DAGs
[2024-05-10T07:44:19.909+0000] {logging_mixin.py:188} INFO - [2024-05-10T07:44:19.909+0000] {dag.py:3954} INFO - Setting next_dagrun for example_sensor_decorator to None, run_after=None
[2024-05-10T07:44:19.928+0000] {processor.py:183} INFO - Processing /home/airflow/.local/lib/python3.12/site-packages/airflow/example_dags/example_sensor_decorator.py took 0.054 seconds
[2024-05-10T07:44:50.391+0000] {processor.py:161} INFO - Started process (PID=2636) to work on /home/airflow/.local/lib/python3.12/site-packages/airflow/example_dags/example_sensor_decorator.py
[2024-05-10T07:44:50.392+0000] {processor.py:830} INFO - Processing file /home/airflow/.local/lib/python3.12/site-packages/airflow/example_dags/example_sensor_decorator.py for tasks to queue
[2024-05-10T07:44:50.393+0000] {logging_mixin.py:188} INFO - [2024-05-10T07:44:50.393+0000] {dagbag.py:540} INFO - Filling up the DagBag from /home/airflow/.local/lib/python3.12/site-packages/airflow/example_dags/example_sensor_decorator.py
[2024-05-10T07:44:50.397+0000] {processor.py:840} INFO - DAG(s) 'example_sensor_decorator' retrieved from /home/airflow/.local/lib/python3.12/site-packages/airflow/example_dags/example_sensor_decorator.py
[2024-05-10T07:44:50.412+0000] {logging_mixin.py:188} INFO - [2024-05-10T07:44:50.412+0000] {dag.py:3096} INFO - Sync 1 DAGs
[2024-05-10T07:44:50.422+0000] {logging_mixin.py:188} INFO - [2024-05-10T07:44:50.422+0000] {dag.py:3954} INFO - Setting next_dagrun for example_sensor_decorator to None, run_after=None
[2024-05-10T07:44:50.439+0000] {processor.py:183} INFO - Processing /home/airflow/.local/lib/python3.12/site-packages/airflow/example_dags/example_sensor_decorator.py took 0.053 seconds
[2024-05-10T07:45:20.914+0000] {processor.py:161} INFO - Started process (PID=2696) to work on /home/airflow/.local/lib/python3.12/site-packages/airflow/example_dags/example_sensor_decorator.py
[2024-05-10T07:45:20.915+0000] {processor.py:830} INFO - Processing file /home/airflow/.local/lib/python3.12/site-packages/airflow/example_dags/example_sensor_decorator.py for tasks to queue
[2024-05-10T07:45:20.916+0000] {logging_mixin.py:188} INFO - [2024-05-10T07:45:20.916+0000] {dagbag.py:540} INFO - Filling up the DagBag from /home/airflow/.local/lib/python3.12/site-packages/airflow/example_dags/example_sensor_decorator.py
[2024-05-10T07:45:20.921+0000] {processor.py:840} INFO - DAG(s) 'example_sensor_decorator' retrieved from /home/airflow/.local/lib/python3.12/site-packages/airflow/example_dags/example_sensor_decorator.py
[2024-05-10T07:45:20.948+0000] {logging_mixin.py:188} INFO - [2024-05-10T07:45:20.948+0000] {dag.py:3096} INFO - Sync 1 DAGs
[2024-05-10T07:45:20.959+0000] {logging_mixin.py:188} INFO - [2024-05-10T07:45:20.958+0000] {dag.py:3954} INFO - Setting next_dagrun for example_sensor_decorator to None, run_after=None
[2024-05-10T07:45:20.984+0000] {processor.py:183} INFO - Processing /home/airflow/.local/lib/python3.12/site-packages/airflow/example_dags/example_sensor_decorator.py took 0.075 seconds
[2024-05-10T07:45:51.748+0000] {processor.py:161} INFO - Started process (PID=2755) to work on /home/airflow/.local/lib/python3.12/site-packages/airflow/example_dags/example_sensor_decorator.py
[2024-05-10T07:45:51.749+0000] {processor.py:830} INFO - Processing file /home/airflow/.local/lib/python3.12/site-packages/airflow/example_dags/example_sensor_decorator.py for tasks to queue
[2024-05-10T07:45:51.750+0000] {logging_mixin.py:188} INFO - [2024-05-10T07:45:51.750+0000] {dagbag.py:540} INFO - Filling up the DagBag from /home/airflow/.local/lib/python3.12/site-packages/airflow/example_dags/example_sensor_decorator.py
[2024-05-10T07:45:51.755+0000] {processor.py:840} INFO - DAG(s) 'example_sensor_decorator' retrieved from /home/airflow/.local/lib/python3.12/site-packages/airflow/example_dags/example_sensor_decorator.py
[2024-05-10T07:45:51.770+0000] {logging_mixin.py:188} INFO - [2024-05-10T07:45:51.770+0000] {dag.py:3096} INFO - Sync 1 DAGs
[2024-05-10T07:45:51.781+0000] {logging_mixin.py:188} INFO - [2024-05-10T07:45:51.781+0000] {dag.py:3954} INFO - Setting next_dagrun for example_sensor_decorator to None, run_after=None
[2024-05-10T07:45:51.841+0000] {processor.py:183} INFO - Processing /home/airflow/.local/lib/python3.12/site-packages/airflow/example_dags/example_sensor_decorator.py took 0.098 seconds
[2024-05-10T07:46:22.394+0000] {processor.py:161} INFO - Started process (PID=2813) to work on /home/airflow/.local/lib/python3.12/site-packages/airflow/example_dags/example_sensor_decorator.py
[2024-05-10T07:46:22.394+0000] {processor.py:830} INFO - Processing file /home/airflow/.local/lib/python3.12/site-packages/airflow/example_dags/example_sensor_decorator.py for tasks to queue
[2024-05-10T07:46:22.395+0000] {logging_mixin.py:188} INFO - [2024-05-10T07:46:22.395+0000] {dagbag.py:540} INFO - Filling up the DagBag from /home/airflow/.local/lib/python3.12/site-packages/airflow/example_dags/example_sensor_decorator.py
[2024-05-10T07:46:22.400+0000] {processor.py:840} INFO - DAG(s) 'example_sensor_decorator' retrieved from /home/airflow/.local/lib/python3.12/site-packages/airflow/example_dags/example_sensor_decorator.py
[2024-05-10T07:46:22.418+0000] {logging_mixin.py:188} INFO - [2024-05-10T07:46:22.418+0000] {dag.py:3096} INFO - Sync 1 DAGs
[2024-05-10T07:46:22.428+0000] {logging_mixin.py:188} INFO - [2024-05-10T07:46:22.428+0000] {dag.py:3954} INFO - Setting next_dagrun for example_sensor_decorator to None, run_after=None
[2024-05-10T07:46:22.451+0000] {processor.py:183} INFO - Processing /home/airflow/.local/lib/python3.12/site-packages/airflow/example_dags/example_sensor_decorator.py took 0.062 seconds
[2024-05-10T07:46:52.913+0000] {processor.py:161} INFO - Started process (PID=2870) to work on /home/airflow/.local/lib/python3.12/site-packages/airflow/example_dags/example_sensor_decorator.py
[2024-05-10T07:46:52.915+0000] {processor.py:830} INFO - Processing file /home/airflow/.local/lib/python3.12/site-packages/airflow/example_dags/example_sensor_decorator.py for tasks to queue
[2024-05-10T07:46:52.915+0000] {logging_mixin.py:188} INFO - [2024-05-10T07:46:52.915+0000] {dagbag.py:540} INFO - Filling up the DagBag from /home/airflow/.local/lib/python3.12/site-packages/airflow/example_dags/example_sensor_decorator.py
[2024-05-10T07:46:52.920+0000] {processor.py:840} INFO - DAG(s) 'example_sensor_decorator' retrieved from /home/airflow/.local/lib/python3.12/site-packages/airflow/example_dags/example_sensor_decorator.py
[2024-05-10T07:46:52.936+0000] {logging_mixin.py:188} INFO - [2024-05-10T07:46:52.936+0000] {dag.py:3096} INFO - Sync 1 DAGs
[2024-05-10T07:46:52.947+0000] {logging_mixin.py:188} INFO - [2024-05-10T07:46:52.947+0000] {dag.py:3954} INFO - Setting next_dagrun for example_sensor_decorator to None, run_after=None
[2024-05-10T07:46:52.965+0000] {processor.py:183} INFO - Processing /home/airflow/.local/lib/python3.12/site-packages/airflow/example_dags/example_sensor_decorator.py took 0.058 seconds
[2024-05-10T07:47:23.293+0000] {processor.py:161} INFO - Started process (PID=2928) to work on /home/airflow/.local/lib/python3.12/site-packages/airflow/example_dags/example_sensor_decorator.py
[2024-05-10T07:47:23.295+0000] {processor.py:830} INFO - Processing file /home/airflow/.local/lib/python3.12/site-packages/airflow/example_dags/example_sensor_decorator.py for tasks to queue
[2024-05-10T07:47:23.296+0000] {logging_mixin.py:188} INFO - [2024-05-10T07:47:23.295+0000] {dagbag.py:540} INFO - Filling up the DagBag from /home/airflow/.local/lib/python3.12/site-packages/airflow/example_dags/example_sensor_decorator.py
[2024-05-10T07:47:23.301+0000] {processor.py:840} INFO - DAG(s) 'example_sensor_decorator' retrieved from /home/airflow/.local/lib/python3.12/site-packages/airflow/example_dags/example_sensor_decorator.py
[2024-05-10T07:47:23.320+0000] {logging_mixin.py:188} INFO - [2024-05-10T07:47:23.319+0000] {dag.py:3096} INFO - Sync 1 DAGs
[2024-05-10T07:47:23.331+0000] {logging_mixin.py:188} INFO - [2024-05-10T07:47:23.331+0000] {dag.py:3954} INFO - Setting next_dagrun for example_sensor_decorator to None, run_after=None
[2024-05-10T07:47:23.353+0000] {processor.py:183} INFO - Processing /home/airflow/.local/lib/python3.12/site-packages/airflow/example_dags/example_sensor_decorator.py took 0.066 seconds
[2024-05-10T07:47:53.608+0000] {processor.py:161} INFO - Started process (PID=2986) to work on /home/airflow/.local/lib/python3.12/site-packages/airflow/example_dags/example_sensor_decorator.py
[2024-05-10T07:47:53.610+0000] {processor.py:830} INFO - Processing file /home/airflow/.local/lib/python3.12/site-packages/airflow/example_dags/example_sensor_decorator.py for tasks to queue
[2024-05-10T07:47:53.611+0000] {logging_mixin.py:188} INFO - [2024-05-10T07:47:53.610+0000] {dagbag.py:540} INFO - Filling up the DagBag from /home/airflow/.local/lib/python3.12/site-packages/airflow/example_dags/example_sensor_decorator.py
[2024-05-10T07:47:53.617+0000] {processor.py:840} INFO - DAG(s) 'example_sensor_decorator' retrieved from /home/airflow/.local/lib/python3.12/site-packages/airflow/example_dags/example_sensor_decorator.py
[2024-05-10T07:47:53.635+0000] {logging_mixin.py:188} INFO - [2024-05-10T07:47:53.634+0000] {dag.py:3096} INFO - Sync 1 DAGs
[2024-05-10T07:47:53.647+0000] {logging_mixin.py:188} INFO - [2024-05-10T07:47:53.646+0000] {dag.py:3954} INFO - Setting next_dagrun for example_sensor_decorator to None, run_after=None
[2024-05-10T07:47:53.665+0000] {processor.py:183} INFO - Processing /home/airflow/.local/lib/python3.12/site-packages/airflow/example_dags/example_sensor_decorator.py took 0.062 seconds
[2024-05-10T07:48:24.463+0000] {processor.py:161} INFO - Started process (PID=3044) to work on /home/airflow/.local/lib/python3.12/site-packages/airflow/example_dags/example_sensor_decorator.py
[2024-05-10T07:48:24.464+0000] {processor.py:830} INFO - Processing file /home/airflow/.local/lib/python3.12/site-packages/airflow/example_dags/example_sensor_decorator.py for tasks to queue
[2024-05-10T07:48:24.465+0000] {logging_mixin.py:188} INFO - [2024-05-10T07:48:24.464+0000] {dagbag.py:540} INFO - Filling up the DagBag from /home/airflow/.local/lib/python3.12/site-packages/airflow/example_dags/example_sensor_decorator.py
[2024-05-10T07:48:24.470+0000] {processor.py:840} INFO - DAG(s) 'example_sensor_decorator' retrieved from /home/airflow/.local/lib/python3.12/site-packages/airflow/example_dags/example_sensor_decorator.py
[2024-05-10T07:48:24.488+0000] {logging_mixin.py:188} INFO - [2024-05-10T07:48:24.488+0000] {dag.py:3096} INFO - Sync 1 DAGs
[2024-05-10T07:48:24.500+0000] {logging_mixin.py:188} INFO - [2024-05-10T07:48:24.500+0000] {dag.py:3954} INFO - Setting next_dagrun for example_sensor_decorator to None, run_after=None
[2024-05-10T07:48:24.524+0000] {processor.py:183} INFO - Processing /home/airflow/.local/lib/python3.12/site-packages/airflow/example_dags/example_sensor_decorator.py took 0.066 seconds
[2024-05-10T07:48:54.623+0000] {processor.py:161} INFO - Started process (PID=3102) to work on /home/airflow/.local/lib/python3.12/site-packages/airflow/example_dags/example_sensor_decorator.py
[2024-05-10T07:48:54.624+0000] {processor.py:830} INFO - Processing file /home/airflow/.local/lib/python3.12/site-packages/airflow/example_dags/example_sensor_decorator.py for tasks to queue
[2024-05-10T07:48:54.624+0000] {logging_mixin.py:188} INFO - [2024-05-10T07:48:54.624+0000] {dagbag.py:540} INFO - Filling up the DagBag from /home/airflow/.local/lib/python3.12/site-packages/airflow/example_dags/example_sensor_decorator.py
[2024-05-10T07:48:54.629+0000] {processor.py:840} INFO - DAG(s) 'example_sensor_decorator' retrieved from /home/airflow/.local/lib/python3.12/site-packages/airflow/example_dags/example_sensor_decorator.py
[2024-05-10T07:48:54.646+0000] {logging_mixin.py:188} INFO - [2024-05-10T07:48:54.646+0000] {dag.py:3096} INFO - Sync 1 DAGs
[2024-05-10T07:48:54.657+0000] {logging_mixin.py:188} INFO - [2024-05-10T07:48:54.657+0000] {dag.py:3954} INFO - Setting next_dagrun for example_sensor_decorator to None, run_after=None
[2024-05-10T07:48:54.678+0000] {processor.py:183} INFO - Processing /home/airflow/.local/lib/python3.12/site-packages/airflow/example_dags/example_sensor_decorator.py took 0.060 seconds
[2024-05-10T07:49:24.896+0000] {processor.py:161} INFO - Started process (PID=3160) to work on /home/airflow/.local/lib/python3.12/site-packages/airflow/example_dags/example_sensor_decorator.py
[2024-05-10T07:49:24.897+0000] {processor.py:830} INFO - Processing file /home/airflow/.local/lib/python3.12/site-packages/airflow/example_dags/example_sensor_decorator.py for tasks to queue
[2024-05-10T07:49:24.897+0000] {logging_mixin.py:188} INFO - [2024-05-10T07:49:24.897+0000] {dagbag.py:540} INFO - Filling up the DagBag from /home/airflow/.local/lib/python3.12/site-packages/airflow/example_dags/example_sensor_decorator.py
[2024-05-10T07:49:24.903+0000] {processor.py:840} INFO - DAG(s) 'example_sensor_decorator' retrieved from /home/airflow/.local/lib/python3.12/site-packages/airflow/example_dags/example_sensor_decorator.py
[2024-05-10T07:49:24.919+0000] {logging_mixin.py:188} INFO - [2024-05-10T07:49:24.918+0000] {dag.py:3096} INFO - Sync 1 DAGs
[2024-05-10T07:49:24.929+0000] {logging_mixin.py:188} INFO - [2024-05-10T07:49:24.928+0000] {dag.py:3954} INFO - Setting next_dagrun for example_sensor_decorator to None, run_after=None
[2024-05-10T07:49:24.945+0000] {processor.py:183} INFO - Processing /home/airflow/.local/lib/python3.12/site-packages/airflow/example_dags/example_sensor_decorator.py took 0.053 seconds
[2024-05-10T07:49:55.134+0000] {processor.py:161} INFO - Started process (PID=3218) to work on /home/airflow/.local/lib/python3.12/site-packages/airflow/example_dags/example_sensor_decorator.py
[2024-05-10T07:49:55.135+0000] {processor.py:830} INFO - Processing file /home/airflow/.local/lib/python3.12/site-packages/airflow/example_dags/example_sensor_decorator.py for tasks to queue
[2024-05-10T07:49:55.135+0000] {logging_mixin.py:188} INFO - [2024-05-10T07:49:55.135+0000] {dagbag.py:540} INFO - Filling up the DagBag from /home/airflow/.local/lib/python3.12/site-packages/airflow/example_dags/example_sensor_decorator.py
[2024-05-10T07:49:55.141+0000] {processor.py:840} INFO - DAG(s) 'example_sensor_decorator' retrieved from /home/airflow/.local/lib/python3.12/site-packages/airflow/example_dags/example_sensor_decorator.py
[2024-05-10T07:49:55.161+0000] {logging_mixin.py:188} INFO - [2024-05-10T07:49:55.160+0000] {dag.py:3096} INFO - Sync 1 DAGs
[2024-05-10T07:49:55.172+0000] {logging_mixin.py:188} INFO - [2024-05-10T07:49:55.172+0000] {dag.py:3954} INFO - Setting next_dagrun for example_sensor_decorator to None, run_after=None
[2024-05-10T07:49:55.202+0000] {processor.py:183} INFO - Processing /home/airflow/.local/lib/python3.12/site-packages/airflow/example_dags/example_sensor_decorator.py took 0.073 seconds
[2024-05-10T07:50:26.102+0000] {processor.py:161} INFO - Started process (PID=3276) to work on /home/airflow/.local/lib/python3.12/site-packages/airflow/example_dags/example_sensor_decorator.py
[2024-05-10T07:50:26.103+0000] {processor.py:830} INFO - Processing file /home/airflow/.local/lib/python3.12/site-packages/airflow/example_dags/example_sensor_decorator.py for tasks to queue
[2024-05-10T07:50:26.104+0000] {logging_mixin.py:188} INFO - [2024-05-10T07:50:26.104+0000] {dagbag.py:540} INFO - Filling up the DagBag from /home/airflow/.local/lib/python3.12/site-packages/airflow/example_dags/example_sensor_decorator.py
[2024-05-10T07:50:26.110+0000] {processor.py:840} INFO - DAG(s) 'example_sensor_decorator' retrieved from /home/airflow/.local/lib/python3.12/site-packages/airflow/example_dags/example_sensor_decorator.py
[2024-05-10T07:50:26.127+0000] {logging_mixin.py:188} INFO - [2024-05-10T07:50:26.127+0000] {dag.py:3096} INFO - Sync 1 DAGs
[2024-05-10T07:50:26.138+0000] {logging_mixin.py:188} INFO - [2024-05-10T07:50:26.138+0000] {dag.py:3954} INFO - Setting next_dagrun for example_sensor_decorator to None, run_after=None
[2024-05-10T07:50:26.158+0000] {processor.py:183} INFO - Processing /home/airflow/.local/lib/python3.12/site-packages/airflow/example_dags/example_sensor_decorator.py took 0.062 seconds
[2024-05-10T07:50:56.249+0000] {processor.py:161} INFO - Started process (PID=3334) to work on /home/airflow/.local/lib/python3.12/site-packages/airflow/example_dags/example_sensor_decorator.py
[2024-05-10T07:50:56.250+0000] {processor.py:830} INFO - Processing file /home/airflow/.local/lib/python3.12/site-packages/airflow/example_dags/example_sensor_decorator.py for tasks to queue
[2024-05-10T07:50:56.251+0000] {logging_mixin.py:188} INFO - [2024-05-10T07:50:56.250+0000] {dagbag.py:540} INFO - Filling up the DagBag from /home/airflow/.local/lib/python3.12/site-packages/airflow/example_dags/example_sensor_decorator.py
[2024-05-10T07:50:56.255+0000] {processor.py:840} INFO - DAG(s) 'example_sensor_decorator' retrieved from /home/airflow/.local/lib/python3.12/site-packages/airflow/example_dags/example_sensor_decorator.py
[2024-05-10T07:50:56.271+0000] {logging_mixin.py:188} INFO - [2024-05-10T07:50:56.271+0000] {dag.py:3096} INFO - Sync 1 DAGs
[2024-05-10T07:50:56.282+0000] {logging_mixin.py:188} INFO - [2024-05-10T07:50:56.282+0000] {dag.py:3954} INFO - Setting next_dagrun for example_sensor_decorator to None, run_after=None
[2024-05-10T07:50:56.303+0000] {processor.py:183} INFO - Processing /home/airflow/.local/lib/python3.12/site-packages/airflow/example_dags/example_sensor_decorator.py took 0.059 seconds
[2024-05-10T07:51:26.362+0000] {processor.py:161} INFO - Started process (PID=3390) to work on /home/airflow/.local/lib/python3.12/site-packages/airflow/example_dags/example_sensor_decorator.py
[2024-05-10T07:51:26.363+0000] {processor.py:830} INFO - Processing file /home/airflow/.local/lib/python3.12/site-packages/airflow/example_dags/example_sensor_decorator.py for tasks to queue
[2024-05-10T07:51:26.364+0000] {logging_mixin.py:188} INFO - [2024-05-10T07:51:26.363+0000] {dagbag.py:540} INFO - Filling up the DagBag from /home/airflow/.local/lib/python3.12/site-packages/airflow/example_dags/example_sensor_decorator.py
[2024-05-10T07:51:26.371+0000] {processor.py:840} INFO - DAG(s) 'example_sensor_decorator' retrieved from /home/airflow/.local/lib/python3.12/site-packages/airflow/example_dags/example_sensor_decorator.py
[2024-05-10T07:51:26.389+0000] {logging_mixin.py:188} INFO - [2024-05-10T07:51:26.389+0000] {dag.py:3096} INFO - Sync 1 DAGs
[2024-05-10T07:51:26.401+0000] {logging_mixin.py:188} INFO - [2024-05-10T07:51:26.401+0000] {dag.py:3954} INFO - Setting next_dagrun for example_sensor_decorator to None, run_after=None
[2024-05-10T07:51:26.428+0000] {processor.py:183} INFO - Processing /home/airflow/.local/lib/python3.12/site-packages/airflow/example_dags/example_sensor_decorator.py took 0.071 seconds
[2024-05-10T07:51:56.563+0000] {processor.py:161} INFO - Started process (PID=3448) to work on /home/airflow/.local/lib/python3.12/site-packages/airflow/example_dags/example_sensor_decorator.py
[2024-05-10T07:51:56.564+0000] {processor.py:830} INFO - Processing file /home/airflow/.local/lib/python3.12/site-packages/airflow/example_dags/example_sensor_decorator.py for tasks to queue
[2024-05-10T07:51:56.565+0000] {logging_mixin.py:188} INFO - [2024-05-10T07:51:56.564+0000] {dagbag.py:540} INFO - Filling up the DagBag from /home/airflow/.local/lib/python3.12/site-packages/airflow/example_dags/example_sensor_decorator.py
[2024-05-10T07:51:56.569+0000] {processor.py:840} INFO - DAG(s) 'example_sensor_decorator' retrieved from /home/airflow/.local/lib/python3.12/site-packages/airflow/example_dags/example_sensor_decorator.py
[2024-05-10T07:51:56.585+0000] {logging_mixin.py:188} INFO - [2024-05-10T07:51:56.585+0000] {dag.py:3096} INFO - Sync 1 DAGs
[2024-05-10T07:51:56.596+0000] {logging_mixin.py:188} INFO - [2024-05-10T07:51:56.595+0000] {dag.py:3954} INFO - Setting next_dagrun for example_sensor_decorator to None, run_after=None
[2024-05-10T07:51:56.617+0000] {processor.py:183} INFO - Processing /home/airflow/.local/lib/python3.12/site-packages/airflow/example_dags/example_sensor_decorator.py took 0.058 seconds
[2024-05-10T07:52:26.661+0000] {processor.py:161} INFO - Started process (PID=3506) to work on /home/airflow/.local/lib/python3.12/site-packages/airflow/example_dags/example_sensor_decorator.py
[2024-05-10T07:52:26.662+0000] {processor.py:830} INFO - Processing file /home/airflow/.local/lib/python3.12/site-packages/airflow/example_dags/example_sensor_decorator.py for tasks to queue
[2024-05-10T07:52:26.662+0000] {logging_mixin.py:188} INFO - [2024-05-10T07:52:26.662+0000] {dagbag.py:540} INFO - Filling up the DagBag from /home/airflow/.local/lib/python3.12/site-packages/airflow/example_dags/example_sensor_decorator.py
[2024-05-10T07:52:26.667+0000] {processor.py:840} INFO - DAG(s) 'example_sensor_decorator' retrieved from /home/airflow/.local/lib/python3.12/site-packages/airflow/example_dags/example_sensor_decorator.py
[2024-05-10T07:52:26.683+0000] {logging_mixin.py:188} INFO - [2024-05-10T07:52:26.683+0000] {dag.py:3096} INFO - Sync 1 DAGs
[2024-05-10T07:52:26.692+0000] {logging_mixin.py:188} INFO - [2024-05-10T07:52:26.692+0000] {dag.py:3954} INFO - Setting next_dagrun for example_sensor_decorator to None, run_after=None
[2024-05-10T07:52:26.718+0000] {processor.py:183} INFO - Processing /home/airflow/.local/lib/python3.12/site-packages/airflow/example_dags/example_sensor_decorator.py took 0.061 seconds
[2024-05-10T07:52:56.816+0000] {processor.py:161} INFO - Started process (PID=3564) to work on /home/airflow/.local/lib/python3.12/site-packages/airflow/example_dags/example_sensor_decorator.py
[2024-05-10T07:52:56.816+0000] {processor.py:830} INFO - Processing file /home/airflow/.local/lib/python3.12/site-packages/airflow/example_dags/example_sensor_decorator.py for tasks to queue
[2024-05-10T07:52:56.817+0000] {logging_mixin.py:188} INFO - [2024-05-10T07:52:56.817+0000] {dagbag.py:540} INFO - Filling up the DagBag from /home/airflow/.local/lib/python3.12/site-packages/airflow/example_dags/example_sensor_decorator.py
[2024-05-10T07:52:56.822+0000] {processor.py:840} INFO - DAG(s) 'example_sensor_decorator' retrieved from /home/airflow/.local/lib/python3.12/site-packages/airflow/example_dags/example_sensor_decorator.py
[2024-05-10T07:52:56.837+0000] {logging_mixin.py:188} INFO - [2024-05-10T07:52:56.837+0000] {dag.py:3096} INFO - Sync 1 DAGs
[2024-05-10T07:52:56.848+0000] {logging_mixin.py:188} INFO - [2024-05-10T07:52:56.847+0000] {dag.py:3954} INFO - Setting next_dagrun for example_sensor_decorator to None, run_after=None
[2024-05-10T07:52:56.872+0000] {processor.py:183} INFO - Processing /home/airflow/.local/lib/python3.12/site-packages/airflow/example_dags/example_sensor_decorator.py took 0.061 seconds
[2024-05-10T07:53:27.573+0000] {processor.py:161} INFO - Started process (PID=3621) to work on /home/airflow/.local/lib/python3.12/site-packages/airflow/example_dags/example_sensor_decorator.py
[2024-05-10T07:53:27.573+0000] {processor.py:830} INFO - Processing file /home/airflow/.local/lib/python3.12/site-packages/airflow/example_dags/example_sensor_decorator.py for tasks to queue
[2024-05-10T07:53:27.574+0000] {logging_mixin.py:188} INFO - [2024-05-10T07:53:27.574+0000] {dagbag.py:540} INFO - Filling up the DagBag from /home/airflow/.local/lib/python3.12/site-packages/airflow/example_dags/example_sensor_decorator.py
[2024-05-10T07:53:27.579+0000] {processor.py:840} INFO - DAG(s) 'example_sensor_decorator' retrieved from /home/airflow/.local/lib/python3.12/site-packages/airflow/example_dags/example_sensor_decorator.py
[2024-05-10T07:53:27.596+0000] {logging_mixin.py:188} INFO - [2024-05-10T07:53:27.595+0000] {dag.py:3096} INFO - Sync 1 DAGs
[2024-05-10T07:53:27.606+0000] {logging_mixin.py:188} INFO - [2024-05-10T07:53:27.606+0000] {dag.py:3954} INFO - Setting next_dagrun for example_sensor_decorator to None, run_after=None
[2024-05-10T07:53:27.630+0000] {processor.py:183} INFO - Processing /home/airflow/.local/lib/python3.12/site-packages/airflow/example_dags/example_sensor_decorator.py took 0.064 seconds
[2024-05-10T07:53:58.058+0000] {processor.py:161} INFO - Started process (PID=3679) to work on /home/airflow/.local/lib/python3.12/site-packages/airflow/example_dags/example_sensor_decorator.py
[2024-05-10T07:53:58.059+0000] {processor.py:830} INFO - Processing file /home/airflow/.local/lib/python3.12/site-packages/airflow/example_dags/example_sensor_decorator.py for tasks to queue
[2024-05-10T07:53:58.059+0000] {logging_mixin.py:188} INFO - [2024-05-10T07:53:58.059+0000] {dagbag.py:540} INFO - Filling up the DagBag from /home/airflow/.local/lib/python3.12/site-packages/airflow/example_dags/example_sensor_decorator.py
[2024-05-10T07:53:58.064+0000] {processor.py:840} INFO - DAG(s) 'example_sensor_decorator' retrieved from /home/airflow/.local/lib/python3.12/site-packages/airflow/example_dags/example_sensor_decorator.py
[2024-05-10T07:53:58.080+0000] {logging_mixin.py:188} INFO - [2024-05-10T07:53:58.079+0000] {dag.py:3096} INFO - Sync 1 DAGs
[2024-05-10T07:53:58.090+0000] {logging_mixin.py:188} INFO - [2024-05-10T07:53:58.090+0000] {dag.py:3954} INFO - Setting next_dagrun for example_sensor_decorator to None, run_after=None
[2024-05-10T07:53:58.117+0000] {processor.py:183} INFO - Processing /home/airflow/.local/lib/python3.12/site-packages/airflow/example_dags/example_sensor_decorator.py took 0.064 seconds
[2024-05-10T07:54:28.537+0000] {processor.py:161} INFO - Started process (PID=3736) to work on /home/airflow/.local/lib/python3.12/site-packages/airflow/example_dags/example_sensor_decorator.py
[2024-05-10T07:54:28.538+0000] {processor.py:830} INFO - Processing file /home/airflow/.local/lib/python3.12/site-packages/airflow/example_dags/example_sensor_decorator.py for tasks to queue
[2024-05-10T07:54:28.539+0000] {logging_mixin.py:188} INFO - [2024-05-10T07:54:28.538+0000] {dagbag.py:540} INFO - Filling up the DagBag from /home/airflow/.local/lib/python3.12/site-packages/airflow/example_dags/example_sensor_decorator.py
[2024-05-10T07:54:28.543+0000] {processor.py:840} INFO - DAG(s) 'example_sensor_decorator' retrieved from /home/airflow/.local/lib/python3.12/site-packages/airflow/example_dags/example_sensor_decorator.py
[2024-05-10T07:54:28.561+0000] {logging_mixin.py:188} INFO - [2024-05-10T07:54:28.561+0000] {dag.py:3096} INFO - Sync 1 DAGs
[2024-05-10T07:54:28.572+0000] {logging_mixin.py:188} INFO - [2024-05-10T07:54:28.572+0000] {dag.py:3954} INFO - Setting next_dagrun for example_sensor_decorator to None, run_after=None
[2024-05-10T07:54:28.594+0000] {processor.py:183} INFO - Processing /home/airflow/.local/lib/python3.12/site-packages/airflow/example_dags/example_sensor_decorator.py took 0.061 seconds
[2024-05-10T07:54:59.255+0000] {processor.py:161} INFO - Started process (PID=3794) to work on /home/airflow/.local/lib/python3.12/site-packages/airflow/example_dags/example_sensor_decorator.py
[2024-05-10T07:54:59.256+0000] {processor.py:830} INFO - Processing file /home/airflow/.local/lib/python3.12/site-packages/airflow/example_dags/example_sensor_decorator.py for tasks to queue
[2024-05-10T07:54:59.256+0000] {logging_mixin.py:188} INFO - [2024-05-10T07:54:59.256+0000] {dagbag.py:540} INFO - Filling up the DagBag from /home/airflow/.local/lib/python3.12/site-packages/airflow/example_dags/example_sensor_decorator.py
[2024-05-10T07:54:59.261+0000] {processor.py:840} INFO - DAG(s) 'example_sensor_decorator' retrieved from /home/airflow/.local/lib/python3.12/site-packages/airflow/example_dags/example_sensor_decorator.py
[2024-05-10T07:54:59.277+0000] {logging_mixin.py:188} INFO - [2024-05-10T07:54:59.277+0000] {dag.py:3096} INFO - Sync 1 DAGs
[2024-05-10T07:54:59.291+0000] {logging_mixin.py:188} INFO - [2024-05-10T07:54:59.290+0000] {dag.py:3954} INFO - Setting next_dagrun for example_sensor_decorator to None, run_after=None
[2024-05-10T07:54:59.318+0000] {processor.py:183} INFO - Processing /home/airflow/.local/lib/python3.12/site-packages/airflow/example_dags/example_sensor_decorator.py took 0.068 seconds
