[2024-05-10T07:22:23.596+0000] {processor.py:161} INFO - Started process (PID=46) to work on /home/airflow/.local/lib/python3.12/site-packages/airflow/example_dags/example_params_ui_tutorial.py
[2024-05-10T07:22:23.597+0000] {processor.py:830} INFO - Processing file /home/airflow/.local/lib/python3.12/site-packages/airflow/example_dags/example_params_ui_tutorial.py for tasks to queue
[2024-05-10T07:22:23.598+0000] {logging_mixin.py:188} INFO - [2024-05-10T07:22:23.598+0000] {dagbag.py:540} INFO - Filling up the DagBag from /home/airflow/.local/lib/python3.12/site-packages/airflow/example_dags/example_params_ui_tutorial.py
[2024-05-10T07:22:23.614+0000] {processor.py:840} INFO - DAG(s) 'example_params_ui_tutorial' retrieved from /home/airflow/.local/lib/python3.12/site-packages/airflow/example_dags/example_params_ui_tutorial.py
[2024-05-10T07:22:23.623+0000] {logging_mixin.py:188} INFO - [2024-05-10T07:22:23.623+0000] {dag.py:3096} INFO - Sync 1 DAGs
[2024-05-10T07:22:23.639+0000] {logging_mixin.py:188} INFO - [2024-05-10T07:22:23.638+0000] {dag.py:3954} INFO - Setting next_dagrun for example_params_ui_tutorial to None, run_after=None
[2024-05-10T07:22:23.663+0000] {processor.py:183} INFO - Processing /home/airflow/.local/lib/python3.12/site-packages/airflow/example_dags/example_params_ui_tutorial.py took 0.072 seconds
[2024-05-10T07:22:54.971+0000] {processor.py:161} INFO - Started process (PID=104) to work on /home/airflow/.local/lib/python3.12/site-packages/airflow/example_dags/example_params_ui_tutorial.py
[2024-05-10T07:22:54.972+0000] {processor.py:830} INFO - Processing file /home/airflow/.local/lib/python3.12/site-packages/airflow/example_dags/example_params_ui_tutorial.py for tasks to queue
[2024-05-10T07:22:54.973+0000] {logging_mixin.py:188} INFO - [2024-05-10T07:22:54.973+0000] {dagbag.py:540} INFO - Filling up the DagBag from /home/airflow/.local/lib/python3.12/site-packages/airflow/example_dags/example_params_ui_tutorial.py
[2024-05-10T07:22:54.982+0000] {processor.py:840} INFO - DAG(s) 'example_params_ui_tutorial' retrieved from /home/airflow/.local/lib/python3.12/site-packages/airflow/example_dags/example_params_ui_tutorial.py
[2024-05-10T07:22:55.098+0000] {logging_mixin.py:188} INFO - [2024-05-10T07:22:55.098+0000] {dag.py:3096} INFO - Sync 1 DAGs
[2024-05-10T07:22:55.107+0000] {logging_mixin.py:188} INFO - [2024-05-10T07:22:55.106+0000] {dag.py:3954} INFO - Setting next_dagrun for example_params_ui_tutorial to None, run_after=None
[2024-05-10T07:22:55.140+0000] {processor.py:183} INFO - Processing /home/airflow/.local/lib/python3.12/site-packages/airflow/example_dags/example_params_ui_tutorial.py took 0.174 seconds
[2024-05-10T07:23:25.507+0000] {processor.py:161} INFO - Started process (PID=162) to work on /home/airflow/.local/lib/python3.12/site-packages/airflow/example_dags/example_params_ui_tutorial.py
[2024-05-10T07:23:25.508+0000] {processor.py:830} INFO - Processing file /home/airflow/.local/lib/python3.12/site-packages/airflow/example_dags/example_params_ui_tutorial.py for tasks to queue
[2024-05-10T07:23:25.509+0000] {logging_mixin.py:188} INFO - [2024-05-10T07:23:25.509+0000] {dagbag.py:540} INFO - Filling up the DagBag from /home/airflow/.local/lib/python3.12/site-packages/airflow/example_dags/example_params_ui_tutorial.py
[2024-05-10T07:23:25.518+0000] {processor.py:840} INFO - DAG(s) 'example_params_ui_tutorial' retrieved from /home/airflow/.local/lib/python3.12/site-packages/airflow/example_dags/example_params_ui_tutorial.py
[2024-05-10T07:23:25.561+0000] {logging_mixin.py:188} INFO - [2024-05-10T07:23:25.561+0000] {dag.py:3096} INFO - Sync 1 DAGs
[2024-05-10T07:23:25.571+0000] {logging_mixin.py:188} INFO - [2024-05-10T07:23:25.571+0000] {dag.py:3954} INFO - Setting next_dagrun for example_params_ui_tutorial to None, run_after=None
[2024-05-10T07:23:25.607+0000] {processor.py:183} INFO - Processing /home/airflow/.local/lib/python3.12/site-packages/airflow/example_dags/example_params_ui_tutorial.py took 0.105 seconds
[2024-05-10T07:23:56.318+0000] {processor.py:161} INFO - Started process (PID=220) to work on /home/airflow/.local/lib/python3.12/site-packages/airflow/example_dags/example_params_ui_tutorial.py
[2024-05-10T07:23:56.319+0000] {processor.py:830} INFO - Processing file /home/airflow/.local/lib/python3.12/site-packages/airflow/example_dags/example_params_ui_tutorial.py for tasks to queue
[2024-05-10T07:23:56.320+0000] {logging_mixin.py:188} INFO - [2024-05-10T07:23:56.320+0000] {dagbag.py:540} INFO - Filling up the DagBag from /home/airflow/.local/lib/python3.12/site-packages/airflow/example_dags/example_params_ui_tutorial.py
[2024-05-10T07:23:56.329+0000] {processor.py:840} INFO - DAG(s) 'example_params_ui_tutorial' retrieved from /home/airflow/.local/lib/python3.12/site-packages/airflow/example_dags/example_params_ui_tutorial.py
[2024-05-10T07:23:56.373+0000] {logging_mixin.py:188} INFO - [2024-05-10T07:23:56.373+0000] {dag.py:3096} INFO - Sync 1 DAGs
[2024-05-10T07:23:56.383+0000] {logging_mixin.py:188} INFO - [2024-05-10T07:23:56.383+0000] {dag.py:3954} INFO - Setting next_dagrun for example_params_ui_tutorial to None, run_after=None
[2024-05-10T07:23:56.408+0000] {processor.py:183} INFO - Processing /home/airflow/.local/lib/python3.12/site-packages/airflow/example_dags/example_params_ui_tutorial.py took 0.095 seconds
[2024-05-10T07:24:26.932+0000] {processor.py:161} INFO - Started process (PID=277) to work on /home/airflow/.local/lib/python3.12/site-packages/airflow/example_dags/example_params_ui_tutorial.py
[2024-05-10T07:24:26.932+0000] {processor.py:830} INFO - Processing file /home/airflow/.local/lib/python3.12/site-packages/airflow/example_dags/example_params_ui_tutorial.py for tasks to queue
[2024-05-10T07:24:26.934+0000] {logging_mixin.py:188} INFO - [2024-05-10T07:24:26.933+0000] {dagbag.py:540} INFO - Filling up the DagBag from /home/airflow/.local/lib/python3.12/site-packages/airflow/example_dags/example_params_ui_tutorial.py
[2024-05-10T07:24:26.942+0000] {processor.py:840} INFO - DAG(s) 'example_params_ui_tutorial' retrieved from /home/airflow/.local/lib/python3.12/site-packages/airflow/example_dags/example_params_ui_tutorial.py
[2024-05-10T07:24:26.987+0000] {logging_mixin.py:188} INFO - [2024-05-10T07:24:26.987+0000] {dag.py:3096} INFO - Sync 1 DAGs
[2024-05-10T07:24:26.997+0000] {logging_mixin.py:188} INFO - [2024-05-10T07:24:26.997+0000] {dag.py:3954} INFO - Setting next_dagrun for example_params_ui_tutorial to None, run_after=None
[2024-05-10T07:24:27.018+0000] {processor.py:183} INFO - Processing /home/airflow/.local/lib/python3.12/site-packages/airflow/example_dags/example_params_ui_tutorial.py took 0.092 seconds
[2024-05-10T07:24:57.448+0000] {processor.py:161} INFO - Started process (PID=335) to work on /home/airflow/.local/lib/python3.12/site-packages/airflow/example_dags/example_params_ui_tutorial.py
[2024-05-10T07:24:57.449+0000] {processor.py:830} INFO - Processing file /home/airflow/.local/lib/python3.12/site-packages/airflow/example_dags/example_params_ui_tutorial.py for tasks to queue
[2024-05-10T07:24:57.450+0000] {logging_mixin.py:188} INFO - [2024-05-10T07:24:57.450+0000] {dagbag.py:540} INFO - Filling up the DagBag from /home/airflow/.local/lib/python3.12/site-packages/airflow/example_dags/example_params_ui_tutorial.py
[2024-05-10T07:24:57.458+0000] {processor.py:840} INFO - DAG(s) 'example_params_ui_tutorial' retrieved from /home/airflow/.local/lib/python3.12/site-packages/airflow/example_dags/example_params_ui_tutorial.py
[2024-05-10T07:24:57.504+0000] {logging_mixin.py:188} INFO - [2024-05-10T07:24:57.504+0000] {dag.py:3096} INFO - Sync 1 DAGs
[2024-05-10T07:24:57.514+0000] {logging_mixin.py:188} INFO - [2024-05-10T07:24:57.513+0000] {dag.py:3954} INFO - Setting next_dagrun for example_params_ui_tutorial to None, run_after=None
[2024-05-10T07:24:57.530+0000] {processor.py:183} INFO - Processing /home/airflow/.local/lib/python3.12/site-packages/airflow/example_dags/example_params_ui_tutorial.py took 0.086 seconds
[2024-05-10T07:25:27.955+0000] {processor.py:161} INFO - Started process (PID=393) to work on /home/airflow/.local/lib/python3.12/site-packages/airflow/example_dags/example_params_ui_tutorial.py
[2024-05-10T07:25:27.956+0000] {processor.py:830} INFO - Processing file /home/airflow/.local/lib/python3.12/site-packages/airflow/example_dags/example_params_ui_tutorial.py for tasks to queue
[2024-05-10T07:25:27.957+0000] {logging_mixin.py:188} INFO - [2024-05-10T07:25:27.957+0000] {dagbag.py:540} INFO - Filling up the DagBag from /home/airflow/.local/lib/python3.12/site-packages/airflow/example_dags/example_params_ui_tutorial.py
[2024-05-10T07:25:27.966+0000] {processor.py:840} INFO - DAG(s) 'example_params_ui_tutorial' retrieved from /home/airflow/.local/lib/python3.12/site-packages/airflow/example_dags/example_params_ui_tutorial.py
[2024-05-10T07:25:28.015+0000] {logging_mixin.py:188} INFO - [2024-05-10T07:25:28.015+0000] {dag.py:3096} INFO - Sync 1 DAGs
[2024-05-10T07:25:28.026+0000] {logging_mixin.py:188} INFO - [2024-05-10T07:25:28.026+0000] {dag.py:3954} INFO - Setting next_dagrun for example_params_ui_tutorial to None, run_after=None
[2024-05-10T07:25:28.051+0000] {processor.py:183} INFO - Processing /home/airflow/.local/lib/python3.12/site-packages/airflow/example_dags/example_params_ui_tutorial.py took 0.101 seconds
[2024-05-10T07:25:58.104+0000] {processor.py:161} INFO - Started process (PID=451) to work on /home/airflow/.local/lib/python3.12/site-packages/airflow/example_dags/example_params_ui_tutorial.py
[2024-05-10T07:25:58.104+0000] {processor.py:830} INFO - Processing file /home/airflow/.local/lib/python3.12/site-packages/airflow/example_dags/example_params_ui_tutorial.py for tasks to queue
[2024-05-10T07:25:58.106+0000] {logging_mixin.py:188} INFO - [2024-05-10T07:25:58.105+0000] {dagbag.py:540} INFO - Filling up the DagBag from /home/airflow/.local/lib/python3.12/site-packages/airflow/example_dags/example_params_ui_tutorial.py
[2024-05-10T07:25:58.114+0000] {processor.py:840} INFO - DAG(s) 'example_params_ui_tutorial' retrieved from /home/airflow/.local/lib/python3.12/site-packages/airflow/example_dags/example_params_ui_tutorial.py
[2024-05-10T07:25:58.159+0000] {logging_mixin.py:188} INFO - [2024-05-10T07:25:58.159+0000] {dag.py:3096} INFO - Sync 1 DAGs
[2024-05-10T07:25:58.169+0000] {logging_mixin.py:188} INFO - [2024-05-10T07:25:58.168+0000] {dag.py:3954} INFO - Setting next_dagrun for example_params_ui_tutorial to None, run_after=None
[2024-05-10T07:25:58.184+0000] {processor.py:183} INFO - Processing /home/airflow/.local/lib/python3.12/site-packages/airflow/example_dags/example_params_ui_tutorial.py took 0.085 seconds
[2024-05-10T07:26:28.615+0000] {processor.py:161} INFO - Started process (PID=509) to work on /home/airflow/.local/lib/python3.12/site-packages/airflow/example_dags/example_params_ui_tutorial.py
[2024-05-10T07:26:28.615+0000] {processor.py:830} INFO - Processing file /home/airflow/.local/lib/python3.12/site-packages/airflow/example_dags/example_params_ui_tutorial.py for tasks to queue
[2024-05-10T07:26:28.617+0000] {logging_mixin.py:188} INFO - [2024-05-10T07:26:28.616+0000] {dagbag.py:540} INFO - Filling up the DagBag from /home/airflow/.local/lib/python3.12/site-packages/airflow/example_dags/example_params_ui_tutorial.py
[2024-05-10T07:26:28.625+0000] {processor.py:840} INFO - DAG(s) 'example_params_ui_tutorial' retrieved from /home/airflow/.local/lib/python3.12/site-packages/airflow/example_dags/example_params_ui_tutorial.py
[2024-05-10T07:26:28.668+0000] {logging_mixin.py:188} INFO - [2024-05-10T07:26:28.668+0000] {dag.py:3096} INFO - Sync 1 DAGs
[2024-05-10T07:26:28.679+0000] {logging_mixin.py:188} INFO - [2024-05-10T07:26:28.679+0000] {dag.py:3954} INFO - Setting next_dagrun for example_params_ui_tutorial to None, run_after=None
[2024-05-10T07:26:28.696+0000] {processor.py:183} INFO - Processing /home/airflow/.local/lib/python3.12/site-packages/airflow/example_dags/example_params_ui_tutorial.py took 0.086 seconds
[2024-05-10T07:26:59.187+0000] {processor.py:161} INFO - Started process (PID=567) to work on /home/airflow/.local/lib/python3.12/site-packages/airflow/example_dags/example_params_ui_tutorial.py
[2024-05-10T07:26:59.188+0000] {processor.py:830} INFO - Processing file /home/airflow/.local/lib/python3.12/site-packages/airflow/example_dags/example_params_ui_tutorial.py for tasks to queue
[2024-05-10T07:26:59.189+0000] {logging_mixin.py:188} INFO - [2024-05-10T07:26:59.189+0000] {dagbag.py:540} INFO - Filling up the DagBag from /home/airflow/.local/lib/python3.12/site-packages/airflow/example_dags/example_params_ui_tutorial.py
[2024-05-10T07:26:59.199+0000] {processor.py:840} INFO - DAG(s) 'example_params_ui_tutorial' retrieved from /home/airflow/.local/lib/python3.12/site-packages/airflow/example_dags/example_params_ui_tutorial.py
[2024-05-10T07:26:59.244+0000] {logging_mixin.py:188} INFO - [2024-05-10T07:26:59.243+0000] {dag.py:3096} INFO - Sync 1 DAGs
[2024-05-10T07:26:59.254+0000] {logging_mixin.py:188} INFO - [2024-05-10T07:26:59.253+0000] {dag.py:3954} INFO - Setting next_dagrun for example_params_ui_tutorial to None, run_after=None
[2024-05-10T07:26:59.276+0000] {processor.py:183} INFO - Processing /home/airflow/.local/lib/python3.12/site-packages/airflow/example_dags/example_params_ui_tutorial.py took 0.095 seconds
[2024-05-10T07:27:29.717+0000] {processor.py:161} INFO - Started process (PID=625) to work on /home/airflow/.local/lib/python3.12/site-packages/airflow/example_dags/example_params_ui_tutorial.py
[2024-05-10T07:27:29.718+0000] {processor.py:830} INFO - Processing file /home/airflow/.local/lib/python3.12/site-packages/airflow/example_dags/example_params_ui_tutorial.py for tasks to queue
[2024-05-10T07:27:29.719+0000] {logging_mixin.py:188} INFO - [2024-05-10T07:27:29.719+0000] {dagbag.py:540} INFO - Filling up the DagBag from /home/airflow/.local/lib/python3.12/site-packages/airflow/example_dags/example_params_ui_tutorial.py
[2024-05-10T07:27:29.729+0000] {processor.py:840} INFO - DAG(s) 'example_params_ui_tutorial' retrieved from /home/airflow/.local/lib/python3.12/site-packages/airflow/example_dags/example_params_ui_tutorial.py
[2024-05-10T07:27:29.774+0000] {logging_mixin.py:188} INFO - [2024-05-10T07:27:29.774+0000] {dag.py:3096} INFO - Sync 1 DAGs
[2024-05-10T07:27:29.784+0000] {logging_mixin.py:188} INFO - [2024-05-10T07:27:29.784+0000] {dag.py:3954} INFO - Setting next_dagrun for example_params_ui_tutorial to None, run_after=None
[2024-05-10T07:27:29.809+0000] {processor.py:183} INFO - Processing /home/airflow/.local/lib/python3.12/site-packages/airflow/example_dags/example_params_ui_tutorial.py took 0.096 seconds
[2024-05-10T07:28:00.418+0000] {processor.py:161} INFO - Started process (PID=683) to work on /home/airflow/.local/lib/python3.12/site-packages/airflow/example_dags/example_params_ui_tutorial.py
[2024-05-10T07:28:00.420+0000] {processor.py:830} INFO - Processing file /home/airflow/.local/lib/python3.12/site-packages/airflow/example_dags/example_params_ui_tutorial.py for tasks to queue
[2024-05-10T07:28:00.422+0000] {logging_mixin.py:188} INFO - [2024-05-10T07:28:00.421+0000] {dagbag.py:540} INFO - Filling up the DagBag from /home/airflow/.local/lib/python3.12/site-packages/airflow/example_dags/example_params_ui_tutorial.py
[2024-05-10T07:28:00.444+0000] {processor.py:840} INFO - DAG(s) 'example_params_ui_tutorial' retrieved from /home/airflow/.local/lib/python3.12/site-packages/airflow/example_dags/example_params_ui_tutorial.py
[2024-05-10T07:28:00.496+0000] {logging_mixin.py:188} INFO - [2024-05-10T07:28:00.496+0000] {dag.py:3096} INFO - Sync 1 DAGs
[2024-05-10T07:28:00.511+0000] {logging_mixin.py:188} INFO - [2024-05-10T07:28:00.511+0000] {dag.py:3954} INFO - Setting next_dagrun for example_params_ui_tutorial to None, run_after=None
[2024-05-10T07:28:00.535+0000] {processor.py:183} INFO - Processing /home/airflow/.local/lib/python3.12/site-packages/airflow/example_dags/example_params_ui_tutorial.py took 0.122 seconds
[2024-05-10T07:28:30.592+0000] {processor.py:161} INFO - Started process (PID=741) to work on /home/airflow/.local/lib/python3.12/site-packages/airflow/example_dags/example_params_ui_tutorial.py
[2024-05-10T07:28:30.592+0000] {processor.py:830} INFO - Processing file /home/airflow/.local/lib/python3.12/site-packages/airflow/example_dags/example_params_ui_tutorial.py for tasks to queue
[2024-05-10T07:28:30.594+0000] {logging_mixin.py:188} INFO - [2024-05-10T07:28:30.593+0000] {dagbag.py:540} INFO - Filling up the DagBag from /home/airflow/.local/lib/python3.12/site-packages/airflow/example_dags/example_params_ui_tutorial.py
[2024-05-10T07:28:30.603+0000] {processor.py:840} INFO - DAG(s) 'example_params_ui_tutorial' retrieved from /home/airflow/.local/lib/python3.12/site-packages/airflow/example_dags/example_params_ui_tutorial.py
[2024-05-10T07:28:30.653+0000] {logging_mixin.py:188} INFO - [2024-05-10T07:28:30.652+0000] {dag.py:3096} INFO - Sync 1 DAGs
[2024-05-10T07:28:30.663+0000] {logging_mixin.py:188} INFO - [2024-05-10T07:28:30.663+0000] {dag.py:3954} INFO - Setting next_dagrun for example_params_ui_tutorial to None, run_after=None
[2024-05-10T07:28:30.686+0000] {processor.py:183} INFO - Processing /home/airflow/.local/lib/python3.12/site-packages/airflow/example_dags/example_params_ui_tutorial.py took 0.106 seconds
[2024-05-10T07:29:01.084+0000] {processor.py:161} INFO - Started process (PID=799) to work on /home/airflow/.local/lib/python3.12/site-packages/airflow/example_dags/example_params_ui_tutorial.py
[2024-05-10T07:29:01.085+0000] {processor.py:830} INFO - Processing file /home/airflow/.local/lib/python3.12/site-packages/airflow/example_dags/example_params_ui_tutorial.py for tasks to queue
[2024-05-10T07:29:01.086+0000] {logging_mixin.py:188} INFO - [2024-05-10T07:29:01.086+0000] {dagbag.py:540} INFO - Filling up the DagBag from /home/airflow/.local/lib/python3.12/site-packages/airflow/example_dags/example_params_ui_tutorial.py
[2024-05-10T07:29:01.099+0000] {processor.py:840} INFO - DAG(s) 'example_params_ui_tutorial' retrieved from /home/airflow/.local/lib/python3.12/site-packages/airflow/example_dags/example_params_ui_tutorial.py
[2024-05-10T07:29:01.147+0000] {logging_mixin.py:188} INFO - [2024-05-10T07:29:01.147+0000] {dag.py:3096} INFO - Sync 1 DAGs
[2024-05-10T07:29:01.158+0000] {logging_mixin.py:188} INFO - [2024-05-10T07:29:01.158+0000] {dag.py:3954} INFO - Setting next_dagrun for example_params_ui_tutorial to None, run_after=None
[2024-05-10T07:29:01.174+0000] {processor.py:183} INFO - Processing /home/airflow/.local/lib/python3.12/site-packages/airflow/example_dags/example_params_ui_tutorial.py took 0.096 seconds
[2024-05-10T07:29:31.461+0000] {processor.py:161} INFO - Started process (PID=857) to work on /home/airflow/.local/lib/python3.12/site-packages/airflow/example_dags/example_params_ui_tutorial.py
[2024-05-10T07:29:31.462+0000] {processor.py:830} INFO - Processing file /home/airflow/.local/lib/python3.12/site-packages/airflow/example_dags/example_params_ui_tutorial.py for tasks to queue
[2024-05-10T07:29:31.463+0000] {logging_mixin.py:188} INFO - [2024-05-10T07:29:31.463+0000] {dagbag.py:540} INFO - Filling up the DagBag from /home/airflow/.local/lib/python3.12/site-packages/airflow/example_dags/example_params_ui_tutorial.py
[2024-05-10T07:29:31.472+0000] {processor.py:840} INFO - DAG(s) 'example_params_ui_tutorial' retrieved from /home/airflow/.local/lib/python3.12/site-packages/airflow/example_dags/example_params_ui_tutorial.py
[2024-05-10T07:29:31.515+0000] {logging_mixin.py:188} INFO - [2024-05-10T07:29:31.515+0000] {dag.py:3096} INFO - Sync 1 DAGs
[2024-05-10T07:29:31.526+0000] {logging_mixin.py:188} INFO - [2024-05-10T07:29:31.525+0000] {dag.py:3954} INFO - Setting next_dagrun for example_params_ui_tutorial to None, run_after=None
[2024-05-10T07:29:31.552+0000] {processor.py:183} INFO - Processing /home/airflow/.local/lib/python3.12/site-packages/airflow/example_dags/example_params_ui_tutorial.py took 0.095 seconds
[2024-05-10T07:30:02.129+0000] {processor.py:161} INFO - Started process (PID=915) to work on /home/airflow/.local/lib/python3.12/site-packages/airflow/example_dags/example_params_ui_tutorial.py
[2024-05-10T07:30:02.129+0000] {processor.py:830} INFO - Processing file /home/airflow/.local/lib/python3.12/site-packages/airflow/example_dags/example_params_ui_tutorial.py for tasks to queue
[2024-05-10T07:30:02.131+0000] {logging_mixin.py:188} INFO - [2024-05-10T07:30:02.130+0000] {dagbag.py:540} INFO - Filling up the DagBag from /home/airflow/.local/lib/python3.12/site-packages/airflow/example_dags/example_params_ui_tutorial.py
[2024-05-10T07:30:02.139+0000] {processor.py:840} INFO - DAG(s) 'example_params_ui_tutorial' retrieved from /home/airflow/.local/lib/python3.12/site-packages/airflow/example_dags/example_params_ui_tutorial.py
[2024-05-10T07:30:02.182+0000] {logging_mixin.py:188} INFO - [2024-05-10T07:30:02.182+0000] {dag.py:3096} INFO - Sync 1 DAGs
[2024-05-10T07:30:02.192+0000] {logging_mixin.py:188} INFO - [2024-05-10T07:30:02.192+0000] {dag.py:3954} INFO - Setting next_dagrun for example_params_ui_tutorial to None, run_after=None
[2024-05-10T07:30:02.207+0000] {processor.py:183} INFO - Processing /home/airflow/.local/lib/python3.12/site-packages/airflow/example_dags/example_params_ui_tutorial.py took 0.082 seconds
[2024-05-10T07:30:32.889+0000] {processor.py:161} INFO - Started process (PID=974) to work on /home/airflow/.local/lib/python3.12/site-packages/airflow/example_dags/example_params_ui_tutorial.py
[2024-05-10T07:30:32.890+0000] {processor.py:830} INFO - Processing file /home/airflow/.local/lib/python3.12/site-packages/airflow/example_dags/example_params_ui_tutorial.py for tasks to queue
[2024-05-10T07:30:32.891+0000] {logging_mixin.py:188} INFO - [2024-05-10T07:30:32.891+0000] {dagbag.py:540} INFO - Filling up the DagBag from /home/airflow/.local/lib/python3.12/site-packages/airflow/example_dags/example_params_ui_tutorial.py
[2024-05-10T07:30:32.899+0000] {processor.py:840} INFO - DAG(s) 'example_params_ui_tutorial' retrieved from /home/airflow/.local/lib/python3.12/site-packages/airflow/example_dags/example_params_ui_tutorial.py
[2024-05-10T07:30:32.943+0000] {logging_mixin.py:188} INFO - [2024-05-10T07:30:32.943+0000] {dag.py:3096} INFO - Sync 1 DAGs
[2024-05-10T07:30:33.053+0000] {logging_mixin.py:188} INFO - [2024-05-10T07:30:33.053+0000] {dag.py:3954} INFO - Setting next_dagrun for example_params_ui_tutorial to None, run_after=None
[2024-05-10T07:30:33.073+0000] {processor.py:183} INFO - Processing /home/airflow/.local/lib/python3.12/site-packages/airflow/example_dags/example_params_ui_tutorial.py took 0.189 seconds
[2024-05-10T07:31:03.205+0000] {processor.py:161} INFO - Started process (PID=1032) to work on /home/airflow/.local/lib/python3.12/site-packages/airflow/example_dags/example_params_ui_tutorial.py
[2024-05-10T07:31:03.205+0000] {processor.py:830} INFO - Processing file /home/airflow/.local/lib/python3.12/site-packages/airflow/example_dags/example_params_ui_tutorial.py for tasks to queue
[2024-05-10T07:31:03.207+0000] {logging_mixin.py:188} INFO - [2024-05-10T07:31:03.206+0000] {dagbag.py:540} INFO - Filling up the DagBag from /home/airflow/.local/lib/python3.12/site-packages/airflow/example_dags/example_params_ui_tutorial.py
[2024-05-10T07:31:03.215+0000] {processor.py:840} INFO - DAG(s) 'example_params_ui_tutorial' retrieved from /home/airflow/.local/lib/python3.12/site-packages/airflow/example_dags/example_params_ui_tutorial.py
[2024-05-10T07:31:03.258+0000] {logging_mixin.py:188} INFO - [2024-05-10T07:31:03.258+0000] {dag.py:3096} INFO - Sync 1 DAGs
[2024-05-10T07:31:03.269+0000] {logging_mixin.py:188} INFO - [2024-05-10T07:31:03.268+0000] {dag.py:3954} INFO - Setting next_dagrun for example_params_ui_tutorial to None, run_after=None
[2024-05-10T07:31:03.385+0000] {processor.py:183} INFO - Processing /home/airflow/.local/lib/python3.12/site-packages/airflow/example_dags/example_params_ui_tutorial.py took 0.186 seconds
[2024-05-10T07:31:33.972+0000] {processor.py:161} INFO - Started process (PID=1090) to work on /home/airflow/.local/lib/python3.12/site-packages/airflow/example_dags/example_params_ui_tutorial.py
[2024-05-10T07:31:33.973+0000] {processor.py:830} INFO - Processing file /home/airflow/.local/lib/python3.12/site-packages/airflow/example_dags/example_params_ui_tutorial.py for tasks to queue
[2024-05-10T07:31:33.974+0000] {logging_mixin.py:188} INFO - [2024-05-10T07:31:33.974+0000] {dagbag.py:540} INFO - Filling up the DagBag from /home/airflow/.local/lib/python3.12/site-packages/airflow/example_dags/example_params_ui_tutorial.py
[2024-05-10T07:31:33.983+0000] {processor.py:840} INFO - DAG(s) 'example_params_ui_tutorial' retrieved from /home/airflow/.local/lib/python3.12/site-packages/airflow/example_dags/example_params_ui_tutorial.py
[2024-05-10T07:31:34.026+0000] {logging_mixin.py:188} INFO - [2024-05-10T07:31:34.026+0000] {dag.py:3096} INFO - Sync 1 DAGs
[2024-05-10T07:31:34.037+0000] {logging_mixin.py:188} INFO - [2024-05-10T07:31:34.036+0000] {dag.py:3954} INFO - Setting next_dagrun for example_params_ui_tutorial to None, run_after=None
[2024-05-10T07:31:34.062+0000] {processor.py:183} INFO - Processing /home/airflow/.local/lib/python3.12/site-packages/airflow/example_dags/example_params_ui_tutorial.py took 0.095 seconds
[2024-05-10T07:32:04.763+0000] {processor.py:161} INFO - Started process (PID=1148) to work on /home/airflow/.local/lib/python3.12/site-packages/airflow/example_dags/example_params_ui_tutorial.py
[2024-05-10T07:32:04.764+0000] {processor.py:830} INFO - Processing file /home/airflow/.local/lib/python3.12/site-packages/airflow/example_dags/example_params_ui_tutorial.py for tasks to queue
[2024-05-10T07:32:04.765+0000] {logging_mixin.py:188} INFO - [2024-05-10T07:32:04.765+0000] {dagbag.py:540} INFO - Filling up the DagBag from /home/airflow/.local/lib/python3.12/site-packages/airflow/example_dags/example_params_ui_tutorial.py
[2024-05-10T07:32:04.774+0000] {processor.py:840} INFO - DAG(s) 'example_params_ui_tutorial' retrieved from /home/airflow/.local/lib/python3.12/site-packages/airflow/example_dags/example_params_ui_tutorial.py
[2024-05-10T07:32:04.819+0000] {logging_mixin.py:188} INFO - [2024-05-10T07:32:04.819+0000] {dag.py:3096} INFO - Sync 1 DAGs
[2024-05-10T07:32:04.833+0000] {logging_mixin.py:188} INFO - [2024-05-10T07:32:04.833+0000] {dag.py:3954} INFO - Setting next_dagrun for example_params_ui_tutorial to None, run_after=None
[2024-05-10T07:32:04.850+0000] {processor.py:183} INFO - Processing /home/airflow/.local/lib/python3.12/site-packages/airflow/example_dags/example_params_ui_tutorial.py took 0.092 seconds
[2024-05-10T07:32:35.417+0000] {processor.py:161} INFO - Started process (PID=1207) to work on /home/airflow/.local/lib/python3.12/site-packages/airflow/example_dags/example_params_ui_tutorial.py
[2024-05-10T07:32:35.418+0000] {processor.py:830} INFO - Processing file /home/airflow/.local/lib/python3.12/site-packages/airflow/example_dags/example_params_ui_tutorial.py for tasks to queue
[2024-05-10T07:32:35.419+0000] {logging_mixin.py:188} INFO - [2024-05-10T07:32:35.419+0000] {dagbag.py:540} INFO - Filling up the DagBag from /home/airflow/.local/lib/python3.12/site-packages/airflow/example_dags/example_params_ui_tutorial.py
[2024-05-10T07:32:35.428+0000] {processor.py:840} INFO - DAG(s) 'example_params_ui_tutorial' retrieved from /home/airflow/.local/lib/python3.12/site-packages/airflow/example_dags/example_params_ui_tutorial.py
[2024-05-10T07:32:35.472+0000] {logging_mixin.py:188} INFO - [2024-05-10T07:32:35.472+0000] {dag.py:3096} INFO - Sync 1 DAGs
[2024-05-10T07:32:35.483+0000] {logging_mixin.py:188} INFO - [2024-05-10T07:32:35.483+0000] {dag.py:3954} INFO - Setting next_dagrun for example_params_ui_tutorial to None, run_after=None
[2024-05-10T07:32:35.507+0000] {processor.py:183} INFO - Processing /home/airflow/.local/lib/python3.12/site-packages/airflow/example_dags/example_params_ui_tutorial.py took 0.095 seconds
[2024-05-10T07:33:05.988+0000] {processor.py:161} INFO - Started process (PID=1265) to work on /home/airflow/.local/lib/python3.12/site-packages/airflow/example_dags/example_params_ui_tutorial.py
[2024-05-10T07:33:05.989+0000] {processor.py:830} INFO - Processing file /home/airflow/.local/lib/python3.12/site-packages/airflow/example_dags/example_params_ui_tutorial.py for tasks to queue
[2024-05-10T07:33:05.990+0000] {logging_mixin.py:188} INFO - [2024-05-10T07:33:05.990+0000] {dagbag.py:540} INFO - Filling up the DagBag from /home/airflow/.local/lib/python3.12/site-packages/airflow/example_dags/example_params_ui_tutorial.py
[2024-05-10T07:33:05.999+0000] {processor.py:840} INFO - DAG(s) 'example_params_ui_tutorial' retrieved from /home/airflow/.local/lib/python3.12/site-packages/airflow/example_dags/example_params_ui_tutorial.py
[2024-05-10T07:33:06.043+0000] {logging_mixin.py:188} INFO - [2024-05-10T07:33:06.042+0000] {dag.py:3096} INFO - Sync 1 DAGs
[2024-05-10T07:33:06.053+0000] {logging_mixin.py:188} INFO - [2024-05-10T07:33:06.053+0000] {dag.py:3954} INFO - Setting next_dagrun for example_params_ui_tutorial to None, run_after=None
[2024-05-10T07:33:06.130+0000] {processor.py:183} INFO - Processing /home/airflow/.local/lib/python3.12/site-packages/airflow/example_dags/example_params_ui_tutorial.py took 0.146 seconds
[2024-05-10T07:33:36.784+0000] {processor.py:161} INFO - Started process (PID=1325) to work on /home/airflow/.local/lib/python3.12/site-packages/airflow/example_dags/example_params_ui_tutorial.py
[2024-05-10T07:33:36.786+0000] {processor.py:830} INFO - Processing file /home/airflow/.local/lib/python3.12/site-packages/airflow/example_dags/example_params_ui_tutorial.py for tasks to queue
[2024-05-10T07:33:36.788+0000] {logging_mixin.py:188} INFO - [2024-05-10T07:33:36.788+0000] {dagbag.py:540} INFO - Filling up the DagBag from /home/airflow/.local/lib/python3.12/site-packages/airflow/example_dags/example_params_ui_tutorial.py
[2024-05-10T07:33:36.798+0000] {processor.py:840} INFO - DAG(s) 'example_params_ui_tutorial' retrieved from /home/airflow/.local/lib/python3.12/site-packages/airflow/example_dags/example_params_ui_tutorial.py
[2024-05-10T07:33:36.842+0000] {logging_mixin.py:188} INFO - [2024-05-10T07:33:36.842+0000] {dag.py:3096} INFO - Sync 1 DAGs
[2024-05-10T07:33:36.852+0000] {logging_mixin.py:188} INFO - [2024-05-10T07:33:36.852+0000] {dag.py:3954} INFO - Setting next_dagrun for example_params_ui_tutorial to None, run_after=None
[2024-05-10T07:33:36.874+0000] {processor.py:183} INFO - Processing /home/airflow/.local/lib/python3.12/site-packages/airflow/example_dags/example_params_ui_tutorial.py took 0.095 seconds
[2024-05-10T07:34:07.338+0000] {processor.py:161} INFO - Started process (PID=1385) to work on /home/airflow/.local/lib/python3.12/site-packages/airflow/example_dags/example_params_ui_tutorial.py
[2024-05-10T07:34:07.339+0000] {processor.py:830} INFO - Processing file /home/airflow/.local/lib/python3.12/site-packages/airflow/example_dags/example_params_ui_tutorial.py for tasks to queue
[2024-05-10T07:34:07.340+0000] {logging_mixin.py:188} INFO - [2024-05-10T07:34:07.340+0000] {dagbag.py:540} INFO - Filling up the DagBag from /home/airflow/.local/lib/python3.12/site-packages/airflow/example_dags/example_params_ui_tutorial.py
[2024-05-10T07:34:07.350+0000] {processor.py:840} INFO - DAG(s) 'example_params_ui_tutorial' retrieved from /home/airflow/.local/lib/python3.12/site-packages/airflow/example_dags/example_params_ui_tutorial.py
[2024-05-10T07:34:07.396+0000] {logging_mixin.py:188} INFO - [2024-05-10T07:34:07.396+0000] {dag.py:3096} INFO - Sync 1 DAGs
[2024-05-10T07:34:07.407+0000] {logging_mixin.py:188} INFO - [2024-05-10T07:34:07.407+0000] {dag.py:3954} INFO - Setting next_dagrun for example_params_ui_tutorial to None, run_after=None
[2024-05-10T07:34:07.430+0000] {processor.py:183} INFO - Processing /home/airflow/.local/lib/python3.12/site-packages/airflow/example_dags/example_params_ui_tutorial.py took 0.096 seconds
[2024-05-10T07:34:38.151+0000] {processor.py:161} INFO - Started process (PID=1444) to work on /home/airflow/.local/lib/python3.12/site-packages/airflow/example_dags/example_params_ui_tutorial.py
[2024-05-10T07:34:38.151+0000] {processor.py:830} INFO - Processing file /home/airflow/.local/lib/python3.12/site-packages/airflow/example_dags/example_params_ui_tutorial.py for tasks to queue
[2024-05-10T07:34:38.152+0000] {logging_mixin.py:188} INFO - [2024-05-10T07:34:38.152+0000] {dagbag.py:540} INFO - Filling up the DagBag from /home/airflow/.local/lib/python3.12/site-packages/airflow/example_dags/example_params_ui_tutorial.py
[2024-05-10T07:34:38.161+0000] {processor.py:840} INFO - DAG(s) 'example_params_ui_tutorial' retrieved from /home/airflow/.local/lib/python3.12/site-packages/airflow/example_dags/example_params_ui_tutorial.py
[2024-05-10T07:34:38.205+0000] {logging_mixin.py:188} INFO - [2024-05-10T07:34:38.205+0000] {dag.py:3096} INFO - Sync 1 DAGs
[2024-05-10T07:34:38.216+0000] {logging_mixin.py:188} INFO - [2024-05-10T07:34:38.216+0000] {dag.py:3954} INFO - Setting next_dagrun for example_params_ui_tutorial to None, run_after=None
[2024-05-10T07:34:38.240+0000] {processor.py:183} INFO - Processing /home/airflow/.local/lib/python3.12/site-packages/airflow/example_dags/example_params_ui_tutorial.py took 0.094 seconds
[2024-05-10T07:35:08.718+0000] {processor.py:161} INFO - Started process (PID=1503) to work on /home/airflow/.local/lib/python3.12/site-packages/airflow/example_dags/example_params_ui_tutorial.py
[2024-05-10T07:35:08.719+0000] {processor.py:830} INFO - Processing file /home/airflow/.local/lib/python3.12/site-packages/airflow/example_dags/example_params_ui_tutorial.py for tasks to queue
[2024-05-10T07:35:08.720+0000] {logging_mixin.py:188} INFO - [2024-05-10T07:35:08.720+0000] {dagbag.py:540} INFO - Filling up the DagBag from /home/airflow/.local/lib/python3.12/site-packages/airflow/example_dags/example_params_ui_tutorial.py
[2024-05-10T07:35:08.730+0000] {processor.py:840} INFO - DAG(s) 'example_params_ui_tutorial' retrieved from /home/airflow/.local/lib/python3.12/site-packages/airflow/example_dags/example_params_ui_tutorial.py
[2024-05-10T07:35:08.778+0000] {logging_mixin.py:188} INFO - [2024-05-10T07:35:08.778+0000] {dag.py:3096} INFO - Sync 1 DAGs
[2024-05-10T07:35:08.793+0000] {logging_mixin.py:188} INFO - [2024-05-10T07:35:08.791+0000] {dag.py:3954} INFO - Setting next_dagrun for example_params_ui_tutorial to None, run_after=None
[2024-05-10T07:35:08.830+0000] {processor.py:183} INFO - Processing /home/airflow/.local/lib/python3.12/site-packages/airflow/example_dags/example_params_ui_tutorial.py took 0.117 seconds
[2024-05-10T07:35:39.601+0000] {processor.py:161} INFO - Started process (PID=1568) to work on /home/airflow/.local/lib/python3.12/site-packages/airflow/example_dags/example_params_ui_tutorial.py
[2024-05-10T07:35:39.604+0000] {processor.py:830} INFO - Processing file /home/airflow/.local/lib/python3.12/site-packages/airflow/example_dags/example_params_ui_tutorial.py for tasks to queue
[2024-05-10T07:35:39.609+0000] {logging_mixin.py:188} INFO - [2024-05-10T07:35:39.608+0000] {dagbag.py:540} INFO - Filling up the DagBag from /home/airflow/.local/lib/python3.12/site-packages/airflow/example_dags/example_params_ui_tutorial.py
[2024-05-10T07:35:39.637+0000] {processor.py:840} INFO - DAG(s) 'example_params_ui_tutorial' retrieved from /home/airflow/.local/lib/python3.12/site-packages/airflow/example_dags/example_params_ui_tutorial.py
[2024-05-10T07:35:39.705+0000] {logging_mixin.py:188} INFO - [2024-05-10T07:35:39.704+0000] {dag.py:3096} INFO - Sync 1 DAGs
[2024-05-10T07:35:39.716+0000] {logging_mixin.py:188} INFO - [2024-05-10T07:35:39.716+0000] {dag.py:3954} INFO - Setting next_dagrun for example_params_ui_tutorial to None, run_after=None
[2024-05-10T07:35:39.741+0000] {processor.py:183} INFO - Processing /home/airflow/.local/lib/python3.12/site-packages/airflow/example_dags/example_params_ui_tutorial.py took 0.159 seconds
[2024-05-10T07:36:09.925+0000] {processor.py:161} INFO - Started process (PID=1627) to work on /home/airflow/.local/lib/python3.12/site-packages/airflow/example_dags/example_params_ui_tutorial.py
[2024-05-10T07:36:09.928+0000] {processor.py:830} INFO - Processing file /home/airflow/.local/lib/python3.12/site-packages/airflow/example_dags/example_params_ui_tutorial.py for tasks to queue
[2024-05-10T07:36:09.930+0000] {logging_mixin.py:188} INFO - [2024-05-10T07:36:09.929+0000] {dagbag.py:540} INFO - Filling up the DagBag from /home/airflow/.local/lib/python3.12/site-packages/airflow/example_dags/example_params_ui_tutorial.py
[2024-05-10T07:36:09.939+0000] {processor.py:840} INFO - DAG(s) 'example_params_ui_tutorial' retrieved from /home/airflow/.local/lib/python3.12/site-packages/airflow/example_dags/example_params_ui_tutorial.py
[2024-05-10T07:36:09.985+0000] {logging_mixin.py:188} INFO - [2024-05-10T07:36:09.984+0000] {dag.py:3096} INFO - Sync 1 DAGs
[2024-05-10T07:36:09.995+0000] {logging_mixin.py:188} INFO - [2024-05-10T07:36:09.995+0000] {dag.py:3954} INFO - Setting next_dagrun for example_params_ui_tutorial to None, run_after=None
[2024-05-10T07:36:10.019+0000] {processor.py:183} INFO - Processing /home/airflow/.local/lib/python3.12/site-packages/airflow/example_dags/example_params_ui_tutorial.py took 0.099 seconds
[2024-05-10T07:36:40.053+0000] {processor.py:161} INFO - Started process (PID=1685) to work on /home/airflow/.local/lib/python3.12/site-packages/airflow/example_dags/example_params_ui_tutorial.py
[2024-05-10T07:36:40.054+0000] {processor.py:830} INFO - Processing file /home/airflow/.local/lib/python3.12/site-packages/airflow/example_dags/example_params_ui_tutorial.py for tasks to queue
[2024-05-10T07:36:40.055+0000] {logging_mixin.py:188} INFO - [2024-05-10T07:36:40.055+0000] {dagbag.py:540} INFO - Filling up the DagBag from /home/airflow/.local/lib/python3.12/site-packages/airflow/example_dags/example_params_ui_tutorial.py
[2024-05-10T07:36:40.064+0000] {processor.py:840} INFO - DAG(s) 'example_params_ui_tutorial' retrieved from /home/airflow/.local/lib/python3.12/site-packages/airflow/example_dags/example_params_ui_tutorial.py
[2024-05-10T07:36:40.108+0000] {logging_mixin.py:188} INFO - [2024-05-10T07:36:40.107+0000] {dag.py:3096} INFO - Sync 1 DAGs
[2024-05-10T07:36:40.118+0000] {logging_mixin.py:188} INFO - [2024-05-10T07:36:40.118+0000] {dag.py:3954} INFO - Setting next_dagrun for example_params_ui_tutorial to None, run_after=None
[2024-05-10T07:36:40.141+0000] {processor.py:183} INFO - Processing /home/airflow/.local/lib/python3.12/site-packages/airflow/example_dags/example_params_ui_tutorial.py took 0.093 seconds
[2024-05-10T07:37:10.273+0000] {processor.py:161} INFO - Started process (PID=1744) to work on /home/airflow/.local/lib/python3.12/site-packages/airflow/example_dags/example_params_ui_tutorial.py
[2024-05-10T07:37:10.274+0000] {processor.py:830} INFO - Processing file /home/airflow/.local/lib/python3.12/site-packages/airflow/example_dags/example_params_ui_tutorial.py for tasks to queue
[2024-05-10T07:37:10.275+0000] {logging_mixin.py:188} INFO - [2024-05-10T07:37:10.275+0000] {dagbag.py:540} INFO - Filling up the DagBag from /home/airflow/.local/lib/python3.12/site-packages/airflow/example_dags/example_params_ui_tutorial.py
[2024-05-10T07:37:10.284+0000] {processor.py:840} INFO - DAG(s) 'example_params_ui_tutorial' retrieved from /home/airflow/.local/lib/python3.12/site-packages/airflow/example_dags/example_params_ui_tutorial.py
[2024-05-10T07:37:10.330+0000] {logging_mixin.py:188} INFO - [2024-05-10T07:37:10.330+0000] {dag.py:3096} INFO - Sync 1 DAGs
[2024-05-10T07:37:10.340+0000] {logging_mixin.py:188} INFO - [2024-05-10T07:37:10.340+0000] {dag.py:3954} INFO - Setting next_dagrun for example_params_ui_tutorial to None, run_after=None
[2024-05-10T07:37:10.363+0000] {processor.py:183} INFO - Processing /home/airflow/.local/lib/python3.12/site-packages/airflow/example_dags/example_params_ui_tutorial.py took 0.094 seconds
[2024-05-10T07:37:40.485+0000] {processor.py:161} INFO - Started process (PID=1803) to work on /home/airflow/.local/lib/python3.12/site-packages/airflow/example_dags/example_params_ui_tutorial.py
[2024-05-10T07:37:40.486+0000] {processor.py:830} INFO - Processing file /home/airflow/.local/lib/python3.12/site-packages/airflow/example_dags/example_params_ui_tutorial.py for tasks to queue
[2024-05-10T07:37:40.487+0000] {logging_mixin.py:188} INFO - [2024-05-10T07:37:40.487+0000] {dagbag.py:540} INFO - Filling up the DagBag from /home/airflow/.local/lib/python3.12/site-packages/airflow/example_dags/example_params_ui_tutorial.py
[2024-05-10T07:37:40.496+0000] {processor.py:840} INFO - DAG(s) 'example_params_ui_tutorial' retrieved from /home/airflow/.local/lib/python3.12/site-packages/airflow/example_dags/example_params_ui_tutorial.py
[2024-05-10T07:37:40.541+0000] {logging_mixin.py:188} INFO - [2024-05-10T07:37:40.541+0000] {dag.py:3096} INFO - Sync 1 DAGs
[2024-05-10T07:37:40.552+0000] {logging_mixin.py:188} INFO - [2024-05-10T07:37:40.552+0000] {dag.py:3954} INFO - Setting next_dagrun for example_params_ui_tutorial to None, run_after=None
[2024-05-10T07:37:40.575+0000] {processor.py:183} INFO - Processing /home/airflow/.local/lib/python3.12/site-packages/airflow/example_dags/example_params_ui_tutorial.py took 0.095 seconds
[2024-05-10T07:38:11.175+0000] {processor.py:161} INFO - Started process (PID=1862) to work on /home/airflow/.local/lib/python3.12/site-packages/airflow/example_dags/example_params_ui_tutorial.py
[2024-05-10T07:38:11.176+0000] {processor.py:830} INFO - Processing file /home/airflow/.local/lib/python3.12/site-packages/airflow/example_dags/example_params_ui_tutorial.py for tasks to queue
[2024-05-10T07:38:11.177+0000] {logging_mixin.py:188} INFO - [2024-05-10T07:38:11.177+0000] {dagbag.py:540} INFO - Filling up the DagBag from /home/airflow/.local/lib/python3.12/site-packages/airflow/example_dags/example_params_ui_tutorial.py
[2024-05-10T07:38:11.186+0000] {processor.py:840} INFO - DAG(s) 'example_params_ui_tutorial' retrieved from /home/airflow/.local/lib/python3.12/site-packages/airflow/example_dags/example_params_ui_tutorial.py
[2024-05-10T07:38:11.231+0000] {logging_mixin.py:188} INFO - [2024-05-10T07:38:11.231+0000] {dag.py:3096} INFO - Sync 1 DAGs
[2024-05-10T07:38:11.242+0000] {logging_mixin.py:188} INFO - [2024-05-10T07:38:11.242+0000] {dag.py:3954} INFO - Setting next_dagrun for example_params_ui_tutorial to None, run_after=None
[2024-05-10T07:38:11.269+0000] {processor.py:183} INFO - Processing /home/airflow/.local/lib/python3.12/site-packages/airflow/example_dags/example_params_ui_tutorial.py took 0.099 seconds
[2024-05-10T07:38:41.863+0000] {processor.py:161} INFO - Started process (PID=1920) to work on /home/airflow/.local/lib/python3.12/site-packages/airflow/example_dags/example_params_ui_tutorial.py
[2024-05-10T07:38:41.864+0000] {processor.py:830} INFO - Processing file /home/airflow/.local/lib/python3.12/site-packages/airflow/example_dags/example_params_ui_tutorial.py for tasks to queue
[2024-05-10T07:38:41.865+0000] {logging_mixin.py:188} INFO - [2024-05-10T07:38:41.865+0000] {dagbag.py:540} INFO - Filling up the DagBag from /home/airflow/.local/lib/python3.12/site-packages/airflow/example_dags/example_params_ui_tutorial.py
[2024-05-10T07:38:41.874+0000] {processor.py:840} INFO - DAG(s) 'example_params_ui_tutorial' retrieved from /home/airflow/.local/lib/python3.12/site-packages/airflow/example_dags/example_params_ui_tutorial.py
[2024-05-10T07:38:41.918+0000] {logging_mixin.py:188} INFO - [2024-05-10T07:38:41.918+0000] {dag.py:3096} INFO - Sync 1 DAGs
[2024-05-10T07:38:41.929+0000] {logging_mixin.py:188} INFO - [2024-05-10T07:38:41.928+0000] {dag.py:3954} INFO - Setting next_dagrun for example_params_ui_tutorial to None, run_after=None
[2024-05-10T07:38:41.953+0000] {processor.py:183} INFO - Processing /home/airflow/.local/lib/python3.12/site-packages/airflow/example_dags/example_params_ui_tutorial.py took 0.095 seconds
[2024-05-10T07:39:12.671+0000] {processor.py:161} INFO - Started process (PID=1979) to work on /home/airflow/.local/lib/python3.12/site-packages/airflow/example_dags/example_params_ui_tutorial.py
[2024-05-10T07:39:12.672+0000] {processor.py:830} INFO - Processing file /home/airflow/.local/lib/python3.12/site-packages/airflow/example_dags/example_params_ui_tutorial.py for tasks to queue
[2024-05-10T07:39:12.674+0000] {logging_mixin.py:188} INFO - [2024-05-10T07:39:12.674+0000] {dagbag.py:540} INFO - Filling up the DagBag from /home/airflow/.local/lib/python3.12/site-packages/airflow/example_dags/example_params_ui_tutorial.py
[2024-05-10T07:39:12.686+0000] {processor.py:840} INFO - DAG(s) 'example_params_ui_tutorial' retrieved from /home/airflow/.local/lib/python3.12/site-packages/airflow/example_dags/example_params_ui_tutorial.py
[2024-05-10T07:39:12.730+0000] {logging_mixin.py:188} INFO - [2024-05-10T07:39:12.729+0000] {dag.py:3096} INFO - Sync 1 DAGs
[2024-05-10T07:39:12.740+0000] {logging_mixin.py:188} INFO - [2024-05-10T07:39:12.740+0000] {dag.py:3954} INFO - Setting next_dagrun for example_params_ui_tutorial to None, run_after=None
[2024-05-10T07:39:12.763+0000] {processor.py:183} INFO - Processing /home/airflow/.local/lib/python3.12/site-packages/airflow/example_dags/example_params_ui_tutorial.py took 0.099 seconds
[2024-05-10T07:39:42.932+0000] {processor.py:161} INFO - Started process (PID=2038) to work on /home/airflow/.local/lib/python3.12/site-packages/airflow/example_dags/example_params_ui_tutorial.py
[2024-05-10T07:39:42.933+0000] {processor.py:830} INFO - Processing file /home/airflow/.local/lib/python3.12/site-packages/airflow/example_dags/example_params_ui_tutorial.py for tasks to queue
[2024-05-10T07:39:42.934+0000] {logging_mixin.py:188} INFO - [2024-05-10T07:39:42.934+0000] {dagbag.py:540} INFO - Filling up the DagBag from /home/airflow/.local/lib/python3.12/site-packages/airflow/example_dags/example_params_ui_tutorial.py
[2024-05-10T07:39:42.943+0000] {processor.py:840} INFO - DAG(s) 'example_params_ui_tutorial' retrieved from /home/airflow/.local/lib/python3.12/site-packages/airflow/example_dags/example_params_ui_tutorial.py
[2024-05-10T07:39:42.988+0000] {logging_mixin.py:188} INFO - [2024-05-10T07:39:42.988+0000] {dag.py:3096} INFO - Sync 1 DAGs
[2024-05-10T07:39:42.998+0000] {logging_mixin.py:188} INFO - [2024-05-10T07:39:42.998+0000] {dag.py:3954} INFO - Setting next_dagrun for example_params_ui_tutorial to None, run_after=None
[2024-05-10T07:39:43.089+0000] {processor.py:183} INFO - Processing /home/airflow/.local/lib/python3.12/site-packages/airflow/example_dags/example_params_ui_tutorial.py took 0.161 seconds
[2024-05-10T07:40:14.062+0000] {processor.py:161} INFO - Started process (PID=2097) to work on /home/airflow/.local/lib/python3.12/site-packages/airflow/example_dags/example_params_ui_tutorial.py
[2024-05-10T07:40:14.063+0000] {processor.py:830} INFO - Processing file /home/airflow/.local/lib/python3.12/site-packages/airflow/example_dags/example_params_ui_tutorial.py for tasks to queue
[2024-05-10T07:40:14.066+0000] {logging_mixin.py:188} INFO - [2024-05-10T07:40:14.065+0000] {dagbag.py:540} INFO - Filling up the DagBag from /home/airflow/.local/lib/python3.12/site-packages/airflow/example_dags/example_params_ui_tutorial.py
[2024-05-10T07:40:14.078+0000] {processor.py:840} INFO - DAG(s) 'example_params_ui_tutorial' retrieved from /home/airflow/.local/lib/python3.12/site-packages/airflow/example_dags/example_params_ui_tutorial.py
[2024-05-10T07:40:14.125+0000] {logging_mixin.py:188} INFO - [2024-05-10T07:40:14.125+0000] {dag.py:3096} INFO - Sync 1 DAGs
[2024-05-10T07:40:14.135+0000] {logging_mixin.py:188} INFO - [2024-05-10T07:40:14.135+0000] {dag.py:3954} INFO - Setting next_dagrun for example_params_ui_tutorial to None, run_after=None
[2024-05-10T07:40:14.152+0000] {processor.py:183} INFO - Processing /home/airflow/.local/lib/python3.12/site-packages/airflow/example_dags/example_params_ui_tutorial.py took 0.101 seconds
[2024-05-10T07:40:44.732+0000] {processor.py:161} INFO - Started process (PID=2156) to work on /home/airflow/.local/lib/python3.12/site-packages/airflow/example_dags/example_params_ui_tutorial.py
[2024-05-10T07:40:44.733+0000] {processor.py:830} INFO - Processing file /home/airflow/.local/lib/python3.12/site-packages/airflow/example_dags/example_params_ui_tutorial.py for tasks to queue
[2024-05-10T07:40:44.734+0000] {logging_mixin.py:188} INFO - [2024-05-10T07:40:44.734+0000] {dagbag.py:540} INFO - Filling up the DagBag from /home/airflow/.local/lib/python3.12/site-packages/airflow/example_dags/example_params_ui_tutorial.py
[2024-05-10T07:40:44.744+0000] {processor.py:840} INFO - DAG(s) 'example_params_ui_tutorial' retrieved from /home/airflow/.local/lib/python3.12/site-packages/airflow/example_dags/example_params_ui_tutorial.py
[2024-05-10T07:40:44.787+0000] {logging_mixin.py:188} INFO - [2024-05-10T07:40:44.787+0000] {dag.py:3096} INFO - Sync 1 DAGs
[2024-05-10T07:40:44.797+0000] {logging_mixin.py:188} INFO - [2024-05-10T07:40:44.797+0000] {dag.py:3954} INFO - Setting next_dagrun for example_params_ui_tutorial to None, run_after=None
[2024-05-10T07:40:44.818+0000] {processor.py:183} INFO - Processing /home/airflow/.local/lib/python3.12/site-packages/airflow/example_dags/example_params_ui_tutorial.py took 0.092 seconds
[2024-05-10T07:41:15.239+0000] {processor.py:161} INFO - Started process (PID=2215) to work on /home/airflow/.local/lib/python3.12/site-packages/airflow/example_dags/example_params_ui_tutorial.py
[2024-05-10T07:41:15.241+0000] {processor.py:830} INFO - Processing file /home/airflow/.local/lib/python3.12/site-packages/airflow/example_dags/example_params_ui_tutorial.py for tasks to queue
[2024-05-10T07:41:15.245+0000] {logging_mixin.py:188} INFO - [2024-05-10T07:41:15.245+0000] {dagbag.py:540} INFO - Filling up the DagBag from /home/airflow/.local/lib/python3.12/site-packages/airflow/example_dags/example_params_ui_tutorial.py
[2024-05-10T07:41:15.275+0000] {processor.py:840} INFO - DAG(s) 'example_params_ui_tutorial' retrieved from /home/airflow/.local/lib/python3.12/site-packages/airflow/example_dags/example_params_ui_tutorial.py
[2024-05-10T07:41:15.370+0000] {logging_mixin.py:188} INFO - [2024-05-10T07:41:15.370+0000] {dag.py:3096} INFO - Sync 1 DAGs
[2024-05-10T07:41:15.381+0000] {logging_mixin.py:188} INFO - [2024-05-10T07:41:15.381+0000] {dag.py:3954} INFO - Setting next_dagrun for example_params_ui_tutorial to None, run_after=None
[2024-05-10T07:41:15.409+0000] {processor.py:183} INFO - Processing /home/airflow/.local/lib/python3.12/site-packages/airflow/example_dags/example_params_ui_tutorial.py took 0.187 seconds
[2024-05-10T07:41:45.555+0000] {processor.py:161} INFO - Started process (PID=2274) to work on /home/airflow/.local/lib/python3.12/site-packages/airflow/example_dags/example_params_ui_tutorial.py
[2024-05-10T07:41:45.564+0000] {processor.py:830} INFO - Processing file /home/airflow/.local/lib/python3.12/site-packages/airflow/example_dags/example_params_ui_tutorial.py for tasks to queue
[2024-05-10T07:41:45.565+0000] {logging_mixin.py:188} INFO - [2024-05-10T07:41:45.565+0000] {dagbag.py:540} INFO - Filling up the DagBag from /home/airflow/.local/lib/python3.12/site-packages/airflow/example_dags/example_params_ui_tutorial.py
[2024-05-10T07:41:45.575+0000] {processor.py:840} INFO - DAG(s) 'example_params_ui_tutorial' retrieved from /home/airflow/.local/lib/python3.12/site-packages/airflow/example_dags/example_params_ui_tutorial.py
[2024-05-10T07:41:45.621+0000] {logging_mixin.py:188} INFO - [2024-05-10T07:41:45.621+0000] {dag.py:3096} INFO - Sync 1 DAGs
[2024-05-10T07:41:45.632+0000] {logging_mixin.py:188} INFO - [2024-05-10T07:41:45.632+0000] {dag.py:3954} INFO - Setting next_dagrun for example_params_ui_tutorial to None, run_after=None
[2024-05-10T07:41:45.660+0000] {processor.py:183} INFO - Processing /home/airflow/.local/lib/python3.12/site-packages/airflow/example_dags/example_params_ui_tutorial.py took 0.111 seconds
[2024-05-10T07:42:15.733+0000] {processor.py:161} INFO - Started process (PID=2332) to work on /home/airflow/.local/lib/python3.12/site-packages/airflow/example_dags/example_params_ui_tutorial.py
[2024-05-10T07:42:15.736+0000] {processor.py:830} INFO - Processing file /home/airflow/.local/lib/python3.12/site-packages/airflow/example_dags/example_params_ui_tutorial.py for tasks to queue
[2024-05-10T07:42:15.741+0000] {logging_mixin.py:188} INFO - [2024-05-10T07:42:15.740+0000] {dagbag.py:540} INFO - Filling up the DagBag from /home/airflow/.local/lib/python3.12/site-packages/airflow/example_dags/example_params_ui_tutorial.py
[2024-05-10T07:42:15.777+0000] {processor.py:840} INFO - DAG(s) 'example_params_ui_tutorial' retrieved from /home/airflow/.local/lib/python3.12/site-packages/airflow/example_dags/example_params_ui_tutorial.py
[2024-05-10T07:42:15.889+0000] {logging_mixin.py:188} INFO - [2024-05-10T07:42:15.889+0000] {dag.py:3096} INFO - Sync 1 DAGs
[2024-05-10T07:42:15.900+0000] {logging_mixin.py:188} INFO - [2024-05-10T07:42:15.899+0000] {dag.py:3954} INFO - Setting next_dagrun for example_params_ui_tutorial to None, run_after=None
[2024-05-10T07:42:15.919+0000] {processor.py:183} INFO - Processing /home/airflow/.local/lib/python3.12/site-packages/airflow/example_dags/example_params_ui_tutorial.py took 0.208 seconds
[2024-05-10T07:42:46.837+0000] {processor.py:161} INFO - Started process (PID=2391) to work on /home/airflow/.local/lib/python3.12/site-packages/airflow/example_dags/example_params_ui_tutorial.py
[2024-05-10T07:42:46.838+0000] {processor.py:830} INFO - Processing file /home/airflow/.local/lib/python3.12/site-packages/airflow/example_dags/example_params_ui_tutorial.py for tasks to queue
[2024-05-10T07:42:46.840+0000] {logging_mixin.py:188} INFO - [2024-05-10T07:42:46.840+0000] {dagbag.py:540} INFO - Filling up the DagBag from /home/airflow/.local/lib/python3.12/site-packages/airflow/example_dags/example_params_ui_tutorial.py
[2024-05-10T07:42:46.851+0000] {processor.py:840} INFO - DAG(s) 'example_params_ui_tutorial' retrieved from /home/airflow/.local/lib/python3.12/site-packages/airflow/example_dags/example_params_ui_tutorial.py
[2024-05-10T07:42:46.897+0000] {logging_mixin.py:188} INFO - [2024-05-10T07:42:46.897+0000] {dag.py:3096} INFO - Sync 1 DAGs
[2024-05-10T07:42:46.907+0000] {logging_mixin.py:188} INFO - [2024-05-10T07:42:46.907+0000] {dag.py:3954} INFO - Setting next_dagrun for example_params_ui_tutorial to None, run_after=None
[2024-05-10T07:42:46.929+0000] {processor.py:183} INFO - Processing /home/airflow/.local/lib/python3.12/site-packages/airflow/example_dags/example_params_ui_tutorial.py took 0.101 seconds
[2024-05-10T07:43:17.388+0000] {processor.py:161} INFO - Started process (PID=2450) to work on /home/airflow/.local/lib/python3.12/site-packages/airflow/example_dags/example_params_ui_tutorial.py
[2024-05-10T07:43:17.389+0000] {processor.py:830} INFO - Processing file /home/airflow/.local/lib/python3.12/site-packages/airflow/example_dags/example_params_ui_tutorial.py for tasks to queue
[2024-05-10T07:43:17.391+0000] {logging_mixin.py:188} INFO - [2024-05-10T07:43:17.390+0000] {dagbag.py:540} INFO - Filling up the DagBag from /home/airflow/.local/lib/python3.12/site-packages/airflow/example_dags/example_params_ui_tutorial.py
[2024-05-10T07:43:17.403+0000] {processor.py:840} INFO - DAG(s) 'example_params_ui_tutorial' retrieved from /home/airflow/.local/lib/python3.12/site-packages/airflow/example_dags/example_params_ui_tutorial.py
[2024-05-10T07:43:17.448+0000] {logging_mixin.py:188} INFO - [2024-05-10T07:43:17.448+0000] {dag.py:3096} INFO - Sync 1 DAGs
[2024-05-10T07:43:17.458+0000] {logging_mixin.py:188} INFO - [2024-05-10T07:43:17.458+0000] {dag.py:3954} INFO - Setting next_dagrun for example_params_ui_tutorial to None, run_after=None
[2024-05-10T07:43:17.485+0000] {processor.py:183} INFO - Processing /home/airflow/.local/lib/python3.12/site-packages/airflow/example_dags/example_params_ui_tutorial.py took 0.103 seconds
[2024-05-10T07:43:47.860+0000] {processor.py:161} INFO - Started process (PID=2509) to work on /home/airflow/.local/lib/python3.12/site-packages/airflow/example_dags/example_params_ui_tutorial.py
[2024-05-10T07:43:47.861+0000] {processor.py:830} INFO - Processing file /home/airflow/.local/lib/python3.12/site-packages/airflow/example_dags/example_params_ui_tutorial.py for tasks to queue
[2024-05-10T07:43:47.864+0000] {logging_mixin.py:188} INFO - [2024-05-10T07:43:47.863+0000] {dagbag.py:540} INFO - Filling up the DagBag from /home/airflow/.local/lib/python3.12/site-packages/airflow/example_dags/example_params_ui_tutorial.py
[2024-05-10T07:43:47.876+0000] {processor.py:840} INFO - DAG(s) 'example_params_ui_tutorial' retrieved from /home/airflow/.local/lib/python3.12/site-packages/airflow/example_dags/example_params_ui_tutorial.py
[2024-05-10T07:43:47.920+0000] {logging_mixin.py:188} INFO - [2024-05-10T07:43:47.920+0000] {dag.py:3096} INFO - Sync 1 DAGs
[2024-05-10T07:43:47.930+0000] {logging_mixin.py:188} INFO - [2024-05-10T07:43:47.930+0000] {dag.py:3954} INFO - Setting next_dagrun for example_params_ui_tutorial to None, run_after=None
[2024-05-10T07:43:47.951+0000] {processor.py:183} INFO - Processing /home/airflow/.local/lib/python3.12/site-packages/airflow/example_dags/example_params_ui_tutorial.py took 0.105 seconds
[2024-05-10T07:44:18.473+0000] {processor.py:161} INFO - Started process (PID=2568) to work on /home/airflow/.local/lib/python3.12/site-packages/airflow/example_dags/example_params_ui_tutorial.py
[2024-05-10T07:44:18.474+0000] {processor.py:830} INFO - Processing file /home/airflow/.local/lib/python3.12/site-packages/airflow/example_dags/example_params_ui_tutorial.py for tasks to queue
[2024-05-10T07:44:18.476+0000] {logging_mixin.py:188} INFO - [2024-05-10T07:44:18.475+0000] {dagbag.py:540} INFO - Filling up the DagBag from /home/airflow/.local/lib/python3.12/site-packages/airflow/example_dags/example_params_ui_tutorial.py
[2024-05-10T07:44:18.489+0000] {processor.py:840} INFO - DAG(s) 'example_params_ui_tutorial' retrieved from /home/airflow/.local/lib/python3.12/site-packages/airflow/example_dags/example_params_ui_tutorial.py
[2024-05-10T07:44:18.533+0000] {logging_mixin.py:188} INFO - [2024-05-10T07:44:18.533+0000] {dag.py:3096} INFO - Sync 1 DAGs
[2024-05-10T07:44:18.545+0000] {logging_mixin.py:188} INFO - [2024-05-10T07:44:18.544+0000] {dag.py:3954} INFO - Setting next_dagrun for example_params_ui_tutorial to None, run_after=None
[2024-05-10T07:44:18.562+0000] {processor.py:183} INFO - Processing /home/airflow/.local/lib/python3.12/site-packages/airflow/example_dags/example_params_ui_tutorial.py took 0.100 seconds
[2024-05-10T07:44:48.970+0000] {processor.py:161} INFO - Started process (PID=2627) to work on /home/airflow/.local/lib/python3.12/site-packages/airflow/example_dags/example_params_ui_tutorial.py
[2024-05-10T07:44:48.972+0000] {processor.py:830} INFO - Processing file /home/airflow/.local/lib/python3.12/site-packages/airflow/example_dags/example_params_ui_tutorial.py for tasks to queue
[2024-05-10T07:44:48.973+0000] {logging_mixin.py:188} INFO - [2024-05-10T07:44:48.973+0000] {dagbag.py:540} INFO - Filling up the DagBag from /home/airflow/.local/lib/python3.12/site-packages/airflow/example_dags/example_params_ui_tutorial.py
[2024-05-10T07:44:48.982+0000] {processor.py:840} INFO - DAG(s) 'example_params_ui_tutorial' retrieved from /home/airflow/.local/lib/python3.12/site-packages/airflow/example_dags/example_params_ui_tutorial.py
[2024-05-10T07:44:49.027+0000] {logging_mixin.py:188} INFO - [2024-05-10T07:44:49.027+0000] {dag.py:3096} INFO - Sync 1 DAGs
[2024-05-10T07:44:49.037+0000] {logging_mixin.py:188} INFO - [2024-05-10T07:44:49.037+0000] {dag.py:3954} INFO - Setting next_dagrun for example_params_ui_tutorial to None, run_after=None
[2024-05-10T07:44:49.063+0000] {processor.py:183} INFO - Processing /home/airflow/.local/lib/python3.12/site-packages/airflow/example_dags/example_params_ui_tutorial.py took 0.097 seconds
[2024-05-10T07:45:19.503+0000] {processor.py:161} INFO - Started process (PID=2687) to work on /home/airflow/.local/lib/python3.12/site-packages/airflow/example_dags/example_params_ui_tutorial.py
[2024-05-10T07:45:19.503+0000] {processor.py:830} INFO - Processing file /home/airflow/.local/lib/python3.12/site-packages/airflow/example_dags/example_params_ui_tutorial.py for tasks to queue
[2024-05-10T07:45:19.505+0000] {logging_mixin.py:188} INFO - [2024-05-10T07:45:19.504+0000] {dagbag.py:540} INFO - Filling up the DagBag from /home/airflow/.local/lib/python3.12/site-packages/airflow/example_dags/example_params_ui_tutorial.py
[2024-05-10T07:45:19.518+0000] {processor.py:840} INFO - DAG(s) 'example_params_ui_tutorial' retrieved from /home/airflow/.local/lib/python3.12/site-packages/airflow/example_dags/example_params_ui_tutorial.py
[2024-05-10T07:45:19.565+0000] {logging_mixin.py:188} INFO - [2024-05-10T07:45:19.565+0000] {dag.py:3096} INFO - Sync 1 DAGs
[2024-05-10T07:45:19.576+0000] {logging_mixin.py:188} INFO - [2024-05-10T07:45:19.575+0000] {dag.py:3954} INFO - Setting next_dagrun for example_params_ui_tutorial to None, run_after=None
[2024-05-10T07:45:19.595+0000] {processor.py:183} INFO - Processing /home/airflow/.local/lib/python3.12/site-packages/airflow/example_dags/example_params_ui_tutorial.py took 0.101 seconds
[2024-05-10T07:45:50.309+0000] {processor.py:161} INFO - Started process (PID=2746) to work on /home/airflow/.local/lib/python3.12/site-packages/airflow/example_dags/example_params_ui_tutorial.py
[2024-05-10T07:45:50.311+0000] {processor.py:830} INFO - Processing file /home/airflow/.local/lib/python3.12/site-packages/airflow/example_dags/example_params_ui_tutorial.py for tasks to queue
[2024-05-10T07:45:50.313+0000] {logging_mixin.py:188} INFO - [2024-05-10T07:45:50.312+0000] {dagbag.py:540} INFO - Filling up the DagBag from /home/airflow/.local/lib/python3.12/site-packages/airflow/example_dags/example_params_ui_tutorial.py
[2024-05-10T07:45:50.324+0000] {processor.py:840} INFO - DAG(s) 'example_params_ui_tutorial' retrieved from /home/airflow/.local/lib/python3.12/site-packages/airflow/example_dags/example_params_ui_tutorial.py
[2024-05-10T07:45:50.367+0000] {logging_mixin.py:188} INFO - [2024-05-10T07:45:50.367+0000] {dag.py:3096} INFO - Sync 1 DAGs
[2024-05-10T07:45:50.377+0000] {logging_mixin.py:188} INFO - [2024-05-10T07:45:50.377+0000] {dag.py:3954} INFO - Setting next_dagrun for example_params_ui_tutorial to None, run_after=None
[2024-05-10T07:45:50.395+0000] {processor.py:183} INFO - Processing /home/airflow/.local/lib/python3.12/site-packages/airflow/example_dags/example_params_ui_tutorial.py took 0.096 seconds
[2024-05-10T07:46:20.770+0000] {processor.py:161} INFO - Started process (PID=2804) to work on /home/airflow/.local/lib/python3.12/site-packages/airflow/example_dags/example_params_ui_tutorial.py
[2024-05-10T07:46:20.772+0000] {processor.py:830} INFO - Processing file /home/airflow/.local/lib/python3.12/site-packages/airflow/example_dags/example_params_ui_tutorial.py for tasks to queue
[2024-05-10T07:46:20.772+0000] {logging_mixin.py:188} INFO - [2024-05-10T07:46:20.772+0000] {dagbag.py:540} INFO - Filling up the DagBag from /home/airflow/.local/lib/python3.12/site-packages/airflow/example_dags/example_params_ui_tutorial.py
[2024-05-10T07:46:20.785+0000] {processor.py:840} INFO - DAG(s) 'example_params_ui_tutorial' retrieved from /home/airflow/.local/lib/python3.12/site-packages/airflow/example_dags/example_params_ui_tutorial.py
[2024-05-10T07:46:20.835+0000] {logging_mixin.py:188} INFO - [2024-05-10T07:46:20.834+0000] {dag.py:3096} INFO - Sync 1 DAGs
[2024-05-10T07:46:20.845+0000] {logging_mixin.py:188} INFO - [2024-05-10T07:46:20.845+0000] {dag.py:3954} INFO - Setting next_dagrun for example_params_ui_tutorial to None, run_after=None
[2024-05-10T07:46:20.871+0000] {processor.py:183} INFO - Processing /home/airflow/.local/lib/python3.12/site-packages/airflow/example_dags/example_params_ui_tutorial.py took 0.105 seconds
[2024-05-10T07:46:51.412+0000] {processor.py:161} INFO - Started process (PID=2861) to work on /home/airflow/.local/lib/python3.12/site-packages/airflow/example_dags/example_params_ui_tutorial.py
[2024-05-10T07:46:51.414+0000] {processor.py:830} INFO - Processing file /home/airflow/.local/lib/python3.12/site-packages/airflow/example_dags/example_params_ui_tutorial.py for tasks to queue
[2024-05-10T07:46:51.415+0000] {logging_mixin.py:188} INFO - [2024-05-10T07:46:51.414+0000] {dagbag.py:540} INFO - Filling up the DagBag from /home/airflow/.local/lib/python3.12/site-packages/airflow/example_dags/example_params_ui_tutorial.py
[2024-05-10T07:46:51.426+0000] {processor.py:840} INFO - DAG(s) 'example_params_ui_tutorial' retrieved from /home/airflow/.local/lib/python3.12/site-packages/airflow/example_dags/example_params_ui_tutorial.py
[2024-05-10T07:46:51.471+0000] {logging_mixin.py:188} INFO - [2024-05-10T07:46:51.471+0000] {dag.py:3096} INFO - Sync 1 DAGs
[2024-05-10T07:46:51.482+0000] {logging_mixin.py:188} INFO - [2024-05-10T07:46:51.482+0000] {dag.py:3954} INFO - Setting next_dagrun for example_params_ui_tutorial to None, run_after=None
[2024-05-10T07:46:51.508+0000] {processor.py:183} INFO - Processing /home/airflow/.local/lib/python3.12/site-packages/airflow/example_dags/example_params_ui_tutorial.py took 0.106 seconds
[2024-05-10T07:47:21.691+0000] {processor.py:161} INFO - Started process (PID=2919) to work on /home/airflow/.local/lib/python3.12/site-packages/airflow/example_dags/example_params_ui_tutorial.py
[2024-05-10T07:47:21.694+0000] {processor.py:830} INFO - Processing file /home/airflow/.local/lib/python3.12/site-packages/airflow/example_dags/example_params_ui_tutorial.py for tasks to queue
[2024-05-10T07:47:21.697+0000] {logging_mixin.py:188} INFO - [2024-05-10T07:47:21.696+0000] {dagbag.py:540} INFO - Filling up the DagBag from /home/airflow/.local/lib/python3.12/site-packages/airflow/example_dags/example_params_ui_tutorial.py
[2024-05-10T07:47:21.735+0000] {processor.py:840} INFO - DAG(s) 'example_params_ui_tutorial' retrieved from /home/airflow/.local/lib/python3.12/site-packages/airflow/example_dags/example_params_ui_tutorial.py
[2024-05-10T07:47:21.828+0000] {logging_mixin.py:188} INFO - [2024-05-10T07:47:21.827+0000] {dag.py:3096} INFO - Sync 1 DAGs
[2024-05-10T07:47:21.838+0000] {logging_mixin.py:188} INFO - [2024-05-10T07:47:21.838+0000] {dag.py:3954} INFO - Setting next_dagrun for example_params_ui_tutorial to None, run_after=None
[2024-05-10T07:47:21.858+0000] {processor.py:183} INFO - Processing /home/airflow/.local/lib/python3.12/site-packages/airflow/example_dags/example_params_ui_tutorial.py took 0.186 seconds
[2024-05-10T07:47:51.998+0000] {processor.py:161} INFO - Started process (PID=2977) to work on /home/airflow/.local/lib/python3.12/site-packages/airflow/example_dags/example_params_ui_tutorial.py
[2024-05-10T07:47:51.999+0000] {processor.py:830} INFO - Processing file /home/airflow/.local/lib/python3.12/site-packages/airflow/example_dags/example_params_ui_tutorial.py for tasks to queue
[2024-05-10T07:47:51.999+0000] {logging_mixin.py:188} INFO - [2024-05-10T07:47:51.999+0000] {dagbag.py:540} INFO - Filling up the DagBag from /home/airflow/.local/lib/python3.12/site-packages/airflow/example_dags/example_params_ui_tutorial.py
[2024-05-10T07:47:52.008+0000] {processor.py:840} INFO - DAG(s) 'example_params_ui_tutorial' retrieved from /home/airflow/.local/lib/python3.12/site-packages/airflow/example_dags/example_params_ui_tutorial.py
[2024-05-10T07:47:52.055+0000] {logging_mixin.py:188} INFO - [2024-05-10T07:47:52.055+0000] {dag.py:3096} INFO - Sync 1 DAGs
[2024-05-10T07:47:52.066+0000] {logging_mixin.py:188} INFO - [2024-05-10T07:47:52.066+0000] {dag.py:3954} INFO - Setting next_dagrun for example_params_ui_tutorial to None, run_after=None
[2024-05-10T07:47:52.130+0000] {processor.py:183} INFO - Processing /home/airflow/.local/lib/python3.12/site-packages/airflow/example_dags/example_params_ui_tutorial.py took 0.136 seconds
[2024-05-10T07:48:23.059+0000] {processor.py:161} INFO - Started process (PID=3035) to work on /home/airflow/.local/lib/python3.12/site-packages/airflow/example_dags/example_params_ui_tutorial.py
[2024-05-10T07:48:23.060+0000] {processor.py:830} INFO - Processing file /home/airflow/.local/lib/python3.12/site-packages/airflow/example_dags/example_params_ui_tutorial.py for tasks to queue
[2024-05-10T07:48:23.061+0000] {logging_mixin.py:188} INFO - [2024-05-10T07:48:23.061+0000] {dagbag.py:540} INFO - Filling up the DagBag from /home/airflow/.local/lib/python3.12/site-packages/airflow/example_dags/example_params_ui_tutorial.py
[2024-05-10T07:48:23.071+0000] {processor.py:840} INFO - DAG(s) 'example_params_ui_tutorial' retrieved from /home/airflow/.local/lib/python3.12/site-packages/airflow/example_dags/example_params_ui_tutorial.py
[2024-05-10T07:48:23.120+0000] {logging_mixin.py:188} INFO - [2024-05-10T07:48:23.120+0000] {dag.py:3096} INFO - Sync 1 DAGs
[2024-05-10T07:48:23.130+0000] {logging_mixin.py:188} INFO - [2024-05-10T07:48:23.130+0000] {dag.py:3954} INFO - Setting next_dagrun for example_params_ui_tutorial to None, run_after=None
[2024-05-10T07:48:23.154+0000] {processor.py:183} INFO - Processing /home/airflow/.local/lib/python3.12/site-packages/airflow/example_dags/example_params_ui_tutorial.py took 0.100 seconds
[2024-05-10T07:48:53.196+0000] {processor.py:161} INFO - Started process (PID=3093) to work on /home/airflow/.local/lib/python3.12/site-packages/airflow/example_dags/example_params_ui_tutorial.py
[2024-05-10T07:48:53.198+0000] {processor.py:830} INFO - Processing file /home/airflow/.local/lib/python3.12/site-packages/airflow/example_dags/example_params_ui_tutorial.py for tasks to queue
[2024-05-10T07:48:53.199+0000] {logging_mixin.py:188} INFO - [2024-05-10T07:48:53.199+0000] {dagbag.py:540} INFO - Filling up the DagBag from /home/airflow/.local/lib/python3.12/site-packages/airflow/example_dags/example_params_ui_tutorial.py
[2024-05-10T07:48:53.211+0000] {processor.py:840} INFO - DAG(s) 'example_params_ui_tutorial' retrieved from /home/airflow/.local/lib/python3.12/site-packages/airflow/example_dags/example_params_ui_tutorial.py
[2024-05-10T07:48:53.263+0000] {logging_mixin.py:188} INFO - [2024-05-10T07:48:53.263+0000] {dag.py:3096} INFO - Sync 1 DAGs
[2024-05-10T07:48:53.274+0000] {logging_mixin.py:188} INFO - [2024-05-10T07:48:53.273+0000] {dag.py:3954} INFO - Setting next_dagrun for example_params_ui_tutorial to None, run_after=None
[2024-05-10T07:48:53.289+0000] {processor.py:183} INFO - Processing /home/airflow/.local/lib/python3.12/site-packages/airflow/example_dags/example_params_ui_tutorial.py took 0.101 seconds
[2024-05-10T07:49:23.431+0000] {processor.py:161} INFO - Started process (PID=3151) to work on /home/airflow/.local/lib/python3.12/site-packages/airflow/example_dags/example_params_ui_tutorial.py
[2024-05-10T07:49:23.432+0000] {processor.py:830} INFO - Processing file /home/airflow/.local/lib/python3.12/site-packages/airflow/example_dags/example_params_ui_tutorial.py for tasks to queue
[2024-05-10T07:49:23.433+0000] {logging_mixin.py:188} INFO - [2024-05-10T07:49:23.433+0000] {dagbag.py:540} INFO - Filling up the DagBag from /home/airflow/.local/lib/python3.12/site-packages/airflow/example_dags/example_params_ui_tutorial.py
[2024-05-10T07:49:23.442+0000] {processor.py:840} INFO - DAG(s) 'example_params_ui_tutorial' retrieved from /home/airflow/.local/lib/python3.12/site-packages/airflow/example_dags/example_params_ui_tutorial.py
[2024-05-10T07:49:23.490+0000] {logging_mixin.py:188} INFO - [2024-05-10T07:49:23.490+0000] {dag.py:3096} INFO - Sync 1 DAGs
[2024-05-10T07:49:23.501+0000] {logging_mixin.py:188} INFO - [2024-05-10T07:49:23.501+0000] {dag.py:3954} INFO - Setting next_dagrun for example_params_ui_tutorial to None, run_after=None
[2024-05-10T07:49:23.532+0000] {processor.py:183} INFO - Processing /home/airflow/.local/lib/python3.12/site-packages/airflow/example_dags/example_params_ui_tutorial.py took 0.106 seconds
[2024-05-10T07:49:53.660+0000] {processor.py:161} INFO - Started process (PID=3209) to work on /home/airflow/.local/lib/python3.12/site-packages/airflow/example_dags/example_params_ui_tutorial.py
[2024-05-10T07:49:53.661+0000] {processor.py:830} INFO - Processing file /home/airflow/.local/lib/python3.12/site-packages/airflow/example_dags/example_params_ui_tutorial.py for tasks to queue
[2024-05-10T07:49:53.662+0000] {logging_mixin.py:188} INFO - [2024-05-10T07:49:53.662+0000] {dagbag.py:540} INFO - Filling up the DagBag from /home/airflow/.local/lib/python3.12/site-packages/airflow/example_dags/example_params_ui_tutorial.py
[2024-05-10T07:49:53.672+0000] {processor.py:840} INFO - DAG(s) 'example_params_ui_tutorial' retrieved from /home/airflow/.local/lib/python3.12/site-packages/airflow/example_dags/example_params_ui_tutorial.py
[2024-05-10T07:49:53.720+0000] {logging_mixin.py:188} INFO - [2024-05-10T07:49:53.720+0000] {dag.py:3096} INFO - Sync 1 DAGs
[2024-05-10T07:49:53.732+0000] {logging_mixin.py:188} INFO - [2024-05-10T07:49:53.732+0000] {dag.py:3954} INFO - Setting next_dagrun for example_params_ui_tutorial to None, run_after=None
[2024-05-10T07:49:53.760+0000] {processor.py:183} INFO - Processing /home/airflow/.local/lib/python3.12/site-packages/airflow/example_dags/example_params_ui_tutorial.py took 0.107 seconds
[2024-05-10T07:50:24.586+0000] {processor.py:161} INFO - Started process (PID=3267) to work on /home/airflow/.local/lib/python3.12/site-packages/airflow/example_dags/example_params_ui_tutorial.py
[2024-05-10T07:50:24.588+0000] {processor.py:830} INFO - Processing file /home/airflow/.local/lib/python3.12/site-packages/airflow/example_dags/example_params_ui_tutorial.py for tasks to queue
[2024-05-10T07:50:24.588+0000] {logging_mixin.py:188} INFO - [2024-05-10T07:50:24.588+0000] {dagbag.py:540} INFO - Filling up the DagBag from /home/airflow/.local/lib/python3.12/site-packages/airflow/example_dags/example_params_ui_tutorial.py
[2024-05-10T07:50:24.599+0000] {processor.py:840} INFO - DAG(s) 'example_params_ui_tutorial' retrieved from /home/airflow/.local/lib/python3.12/site-packages/airflow/example_dags/example_params_ui_tutorial.py
[2024-05-10T07:50:24.656+0000] {logging_mixin.py:188} INFO - [2024-05-10T07:50:24.656+0000] {dag.py:3096} INFO - Sync 1 DAGs
[2024-05-10T07:50:24.667+0000] {logging_mixin.py:188} INFO - [2024-05-10T07:50:24.667+0000] {dag.py:3954} INFO - Setting next_dagrun for example_params_ui_tutorial to None, run_after=None
[2024-05-10T07:50:24.702+0000] {processor.py:183} INFO - Processing /home/airflow/.local/lib/python3.12/site-packages/airflow/example_dags/example_params_ui_tutorial.py took 0.121 seconds
[2024-05-10T07:50:54.782+0000] {processor.py:161} INFO - Started process (PID=3326) to work on /home/airflow/.local/lib/python3.12/site-packages/airflow/example_dags/example_params_ui_tutorial.py
[2024-05-10T07:50:54.790+0000] {processor.py:830} INFO - Processing file /home/airflow/.local/lib/python3.12/site-packages/airflow/example_dags/example_params_ui_tutorial.py for tasks to queue
[2024-05-10T07:50:54.790+0000] {logging_mixin.py:188} INFO - [2024-05-10T07:50:54.790+0000] {dagbag.py:540} INFO - Filling up the DagBag from /home/airflow/.local/lib/python3.12/site-packages/airflow/example_dags/example_params_ui_tutorial.py
[2024-05-10T07:50:54.802+0000] {processor.py:840} INFO - DAG(s) 'example_params_ui_tutorial' retrieved from /home/airflow/.local/lib/python3.12/site-packages/airflow/example_dags/example_params_ui_tutorial.py
[2024-05-10T07:50:54.858+0000] {logging_mixin.py:188} INFO - [2024-05-10T07:50:54.858+0000] {dag.py:3096} INFO - Sync 1 DAGs
[2024-05-10T07:50:54.871+0000] {logging_mixin.py:188} INFO - [2024-05-10T07:50:54.871+0000] {dag.py:3954} INFO - Setting next_dagrun for example_params_ui_tutorial to None, run_after=None
[2024-05-10T07:50:54.892+0000] {processor.py:183} INFO - Processing /home/airflow/.local/lib/python3.12/site-packages/airflow/example_dags/example_params_ui_tutorial.py took 0.117 seconds
[2024-05-10T07:51:25.853+0000] {processor.py:161} INFO - Started process (PID=3381) to work on /home/airflow/.local/lib/python3.12/site-packages/airflow/example_dags/example_params_ui_tutorial.py
[2024-05-10T07:51:25.853+0000] {processor.py:830} INFO - Processing file /home/airflow/.local/lib/python3.12/site-packages/airflow/example_dags/example_params_ui_tutorial.py for tasks to queue
[2024-05-10T07:51:25.854+0000] {logging_mixin.py:188} INFO - [2024-05-10T07:51:25.854+0000] {dagbag.py:540} INFO - Filling up the DagBag from /home/airflow/.local/lib/python3.12/site-packages/airflow/example_dags/example_params_ui_tutorial.py
[2024-05-10T07:51:25.864+0000] {processor.py:840} INFO - DAG(s) 'example_params_ui_tutorial' retrieved from /home/airflow/.local/lib/python3.12/site-packages/airflow/example_dags/example_params_ui_tutorial.py
[2024-05-10T07:51:25.925+0000] {logging_mixin.py:188} INFO - [2024-05-10T07:51:25.924+0000] {dag.py:3096} INFO - Sync 1 DAGs
[2024-05-10T07:51:25.936+0000] {logging_mixin.py:188} INFO - [2024-05-10T07:51:25.936+0000] {dag.py:3954} INFO - Setting next_dagrun for example_params_ui_tutorial to None, run_after=None
[2024-05-10T07:51:25.974+0000] {processor.py:183} INFO - Processing /home/airflow/.local/lib/python3.12/site-packages/airflow/example_dags/example_params_ui_tutorial.py took 0.126 seconds
[2024-05-10T07:51:56.116+0000] {processor.py:161} INFO - Started process (PID=3439) to work on /home/airflow/.local/lib/python3.12/site-packages/airflow/example_dags/example_params_ui_tutorial.py
[2024-05-10T07:51:56.116+0000] {processor.py:830} INFO - Processing file /home/airflow/.local/lib/python3.12/site-packages/airflow/example_dags/example_params_ui_tutorial.py for tasks to queue
[2024-05-10T07:51:56.117+0000] {logging_mixin.py:188} INFO - [2024-05-10T07:51:56.117+0000] {dagbag.py:540} INFO - Filling up the DagBag from /home/airflow/.local/lib/python3.12/site-packages/airflow/example_dags/example_params_ui_tutorial.py
[2024-05-10T07:51:56.126+0000] {processor.py:840} INFO - DAG(s) 'example_params_ui_tutorial' retrieved from /home/airflow/.local/lib/python3.12/site-packages/airflow/example_dags/example_params_ui_tutorial.py
[2024-05-10T07:51:56.169+0000] {logging_mixin.py:188} INFO - [2024-05-10T07:51:56.169+0000] {dag.py:3096} INFO - Sync 1 DAGs
[2024-05-10T07:51:56.180+0000] {logging_mixin.py:188} INFO - [2024-05-10T07:51:56.180+0000] {dag.py:3954} INFO - Setting next_dagrun for example_params_ui_tutorial to None, run_after=None
[2024-05-10T07:51:56.195+0000] {processor.py:183} INFO - Processing /home/airflow/.local/lib/python3.12/site-packages/airflow/example_dags/example_params_ui_tutorial.py took 0.084 seconds
[2024-05-10T07:52:26.270+0000] {processor.py:161} INFO - Started process (PID=3497) to work on /home/airflow/.local/lib/python3.12/site-packages/airflow/example_dags/example_params_ui_tutorial.py
[2024-05-10T07:52:26.270+0000] {processor.py:830} INFO - Processing file /home/airflow/.local/lib/python3.12/site-packages/airflow/example_dags/example_params_ui_tutorial.py for tasks to queue
[2024-05-10T07:52:26.271+0000] {logging_mixin.py:188} INFO - [2024-05-10T07:52:26.271+0000] {dagbag.py:540} INFO - Filling up the DagBag from /home/airflow/.local/lib/python3.12/site-packages/airflow/example_dags/example_params_ui_tutorial.py
[2024-05-10T07:52:26.280+0000] {processor.py:840} INFO - DAG(s) 'example_params_ui_tutorial' retrieved from /home/airflow/.local/lib/python3.12/site-packages/airflow/example_dags/example_params_ui_tutorial.py
[2024-05-10T07:52:26.324+0000] {logging_mixin.py:188} INFO - [2024-05-10T07:52:26.323+0000] {dag.py:3096} INFO - Sync 1 DAGs
[2024-05-10T07:52:26.335+0000] {logging_mixin.py:188} INFO - [2024-05-10T07:52:26.334+0000] {dag.py:3954} INFO - Setting next_dagrun for example_params_ui_tutorial to None, run_after=None
[2024-05-10T07:52:26.350+0000] {processor.py:183} INFO - Processing /home/airflow/.local/lib/python3.12/site-packages/airflow/example_dags/example_params_ui_tutorial.py took 0.086 seconds
[2024-05-10T07:52:56.418+0000] {processor.py:161} INFO - Started process (PID=3555) to work on /home/airflow/.local/lib/python3.12/site-packages/airflow/example_dags/example_params_ui_tutorial.py
[2024-05-10T07:52:56.419+0000] {processor.py:830} INFO - Processing file /home/airflow/.local/lib/python3.12/site-packages/airflow/example_dags/example_params_ui_tutorial.py for tasks to queue
[2024-05-10T07:52:56.419+0000] {logging_mixin.py:188} INFO - [2024-05-10T07:52:56.419+0000] {dagbag.py:540} INFO - Filling up the DagBag from /home/airflow/.local/lib/python3.12/site-packages/airflow/example_dags/example_params_ui_tutorial.py
[2024-05-10T07:52:56.429+0000] {processor.py:840} INFO - DAG(s) 'example_params_ui_tutorial' retrieved from /home/airflow/.local/lib/python3.12/site-packages/airflow/example_dags/example_params_ui_tutorial.py
[2024-05-10T07:52:56.481+0000] {logging_mixin.py:188} INFO - [2024-05-10T07:52:56.481+0000] {dag.py:3096} INFO - Sync 1 DAGs
[2024-05-10T07:52:56.492+0000] {logging_mixin.py:188} INFO - [2024-05-10T07:52:56.491+0000] {dag.py:3954} INFO - Setting next_dagrun for example_params_ui_tutorial to None, run_after=None
[2024-05-10T07:52:56.517+0000] {processor.py:183} INFO - Processing /home/airflow/.local/lib/python3.12/site-packages/airflow/example_dags/example_params_ui_tutorial.py took 0.104 seconds
[2024-05-10T07:53:27.139+0000] {processor.py:161} INFO - Started process (PID=3612) to work on /home/airflow/.local/lib/python3.12/site-packages/airflow/example_dags/example_params_ui_tutorial.py
[2024-05-10T07:53:27.139+0000] {processor.py:830} INFO - Processing file /home/airflow/.local/lib/python3.12/site-packages/airflow/example_dags/example_params_ui_tutorial.py for tasks to queue
[2024-05-10T07:53:27.140+0000] {logging_mixin.py:188} INFO - [2024-05-10T07:53:27.140+0000] {dagbag.py:540} INFO - Filling up the DagBag from /home/airflow/.local/lib/python3.12/site-packages/airflow/example_dags/example_params_ui_tutorial.py
[2024-05-10T07:53:27.149+0000] {processor.py:840} INFO - DAG(s) 'example_params_ui_tutorial' retrieved from /home/airflow/.local/lib/python3.12/site-packages/airflow/example_dags/example_params_ui_tutorial.py
[2024-05-10T07:53:27.196+0000] {logging_mixin.py:188} INFO - [2024-05-10T07:53:27.195+0000] {dag.py:3096} INFO - Sync 1 DAGs
[2024-05-10T07:53:27.206+0000] {logging_mixin.py:188} INFO - [2024-05-10T07:53:27.206+0000] {dag.py:3954} INFO - Setting next_dagrun for example_params_ui_tutorial to None, run_after=None
[2024-05-10T07:53:27.228+0000] {processor.py:183} INFO - Processing /home/airflow/.local/lib/python3.12/site-packages/airflow/example_dags/example_params_ui_tutorial.py took 0.095 seconds
[2024-05-10T07:53:57.649+0000] {processor.py:161} INFO - Started process (PID=3670) to work on /home/airflow/.local/lib/python3.12/site-packages/airflow/example_dags/example_params_ui_tutorial.py
[2024-05-10T07:53:57.650+0000] {processor.py:830} INFO - Processing file /home/airflow/.local/lib/python3.12/site-packages/airflow/example_dags/example_params_ui_tutorial.py for tasks to queue
[2024-05-10T07:53:57.651+0000] {logging_mixin.py:188} INFO - [2024-05-10T07:53:57.651+0000] {dagbag.py:540} INFO - Filling up the DagBag from /home/airflow/.local/lib/python3.12/site-packages/airflow/example_dags/example_params_ui_tutorial.py
[2024-05-10T07:53:57.660+0000] {processor.py:840} INFO - DAG(s) 'example_params_ui_tutorial' retrieved from /home/airflow/.local/lib/python3.12/site-packages/airflow/example_dags/example_params_ui_tutorial.py
[2024-05-10T07:53:57.705+0000] {logging_mixin.py:188} INFO - [2024-05-10T07:53:57.705+0000] {dag.py:3096} INFO - Sync 1 DAGs
[2024-05-10T07:53:57.715+0000] {logging_mixin.py:188} INFO - [2024-05-10T07:53:57.715+0000] {dag.py:3954} INFO - Setting next_dagrun for example_params_ui_tutorial to None, run_after=None
[2024-05-10T07:53:57.738+0000] {processor.py:183} INFO - Processing /home/airflow/.local/lib/python3.12/site-packages/airflow/example_dags/example_params_ui_tutorial.py took 0.094 seconds
[2024-05-10T07:54:28.127+0000] {processor.py:161} INFO - Started process (PID=3727) to work on /home/airflow/.local/lib/python3.12/site-packages/airflow/example_dags/example_params_ui_tutorial.py
[2024-05-10T07:54:28.127+0000] {processor.py:830} INFO - Processing file /home/airflow/.local/lib/python3.12/site-packages/airflow/example_dags/example_params_ui_tutorial.py for tasks to queue
[2024-05-10T07:54:28.128+0000] {logging_mixin.py:188} INFO - [2024-05-10T07:54:28.128+0000] {dagbag.py:540} INFO - Filling up the DagBag from /home/airflow/.local/lib/python3.12/site-packages/airflow/example_dags/example_params_ui_tutorial.py
[2024-05-10T07:54:28.138+0000] {processor.py:840} INFO - DAG(s) 'example_params_ui_tutorial' retrieved from /home/airflow/.local/lib/python3.12/site-packages/airflow/example_dags/example_params_ui_tutorial.py
[2024-05-10T07:54:28.184+0000] {logging_mixin.py:188} INFO - [2024-05-10T07:54:28.183+0000] {dag.py:3096} INFO - Sync 1 DAGs
[2024-05-10T07:54:28.194+0000] {logging_mixin.py:188} INFO - [2024-05-10T07:54:28.194+0000] {dag.py:3954} INFO - Setting next_dagrun for example_params_ui_tutorial to None, run_after=None
[2024-05-10T07:54:28.218+0000] {processor.py:183} INFO - Processing /home/airflow/.local/lib/python3.12/site-packages/airflow/example_dags/example_params_ui_tutorial.py took 0.096 seconds
[2024-05-10T07:54:58.799+0000] {processor.py:161} INFO - Started process (PID=3785) to work on /home/airflow/.local/lib/python3.12/site-packages/airflow/example_dags/example_params_ui_tutorial.py
[2024-05-10T07:54:58.802+0000] {processor.py:830} INFO - Processing file /home/airflow/.local/lib/python3.12/site-packages/airflow/example_dags/example_params_ui_tutorial.py for tasks to queue
[2024-05-10T07:54:58.802+0000] {logging_mixin.py:188} INFO - [2024-05-10T07:54:58.802+0000] {dagbag.py:540} INFO - Filling up the DagBag from /home/airflow/.local/lib/python3.12/site-packages/airflow/example_dags/example_params_ui_tutorial.py
[2024-05-10T07:54:58.811+0000] {processor.py:840} INFO - DAG(s) 'example_params_ui_tutorial' retrieved from /home/airflow/.local/lib/python3.12/site-packages/airflow/example_dags/example_params_ui_tutorial.py
[2024-05-10T07:54:58.858+0000] {logging_mixin.py:188} INFO - [2024-05-10T07:54:58.858+0000] {dag.py:3096} INFO - Sync 1 DAGs
[2024-05-10T07:54:58.868+0000] {logging_mixin.py:188} INFO - [2024-05-10T07:54:58.868+0000] {dag.py:3954} INFO - Setting next_dagrun for example_params_ui_tutorial to None, run_after=None
[2024-05-10T07:54:58.893+0000] {processor.py:183} INFO - Processing /home/airflow/.local/lib/python3.12/site-packages/airflow/example_dags/example_params_ui_tutorial.py took 0.100 seconds
