[2024-05-10T07:22:25.018+0000] {processor.py:161} INFO - Started process (PID=70) to work on /home/airflow/.local/lib/python3.12/site-packages/airflow/example_dags/example_task_group_decorator.py
[2024-05-10T07:22:25.019+0000] {processor.py:830} INFO - Processing file /home/airflow/.local/lib/python3.12/site-packages/airflow/example_dags/example_task_group_decorator.py for tasks to queue
[2024-05-10T07:22:25.020+0000] {logging_mixin.py:188} INFO - [2024-05-10T07:22:25.020+0000] {dagbag.py:540} INFO - Filling up the DagBag from /home/airflow/.local/lib/python3.12/site-packages/airflow/example_dags/example_task_group_decorator.py
[2024-05-10T07:22:25.033+0000] {processor.py:840} INFO - DAG(s) 'example_task_group_decorator' retrieved from /home/airflow/.local/lib/python3.12/site-packages/airflow/example_dags/example_task_group_decorator.py
[2024-05-10T07:22:25.048+0000] {logging_mixin.py:188} INFO - [2024-05-10T07:22:25.047+0000] {dag.py:3096} INFO - Sync 1 DAGs
[2024-05-10T07:22:25.067+0000] {logging_mixin.py:188} INFO - [2024-05-10T07:22:25.066+0000] {dag.py:3954} INFO - Setting next_dagrun for example_task_group_decorator to 2024-05-09 00:00:00+00:00, run_after=2024-05-10 00:00:00+00:00
[2024-05-10T07:22:25.095+0000] {processor.py:183} INFO - Processing /home/airflow/.local/lib/python3.12/site-packages/airflow/example_dags/example_task_group_decorator.py took 0.081 seconds
[2024-05-10T07:22:57.587+0000] {processor.py:161} INFO - Started process (PID=128) to work on /home/airflow/.local/lib/python3.12/site-packages/airflow/example_dags/example_task_group_decorator.py
[2024-05-10T07:22:57.590+0000] {processor.py:830} INFO - Processing file /home/airflow/.local/lib/python3.12/site-packages/airflow/example_dags/example_task_group_decorator.py for tasks to queue
[2024-05-10T07:22:57.595+0000] {logging_mixin.py:188} INFO - [2024-05-10T07:22:57.594+0000] {dagbag.py:540} INFO - Filling up the DagBag from /home/airflow/.local/lib/python3.12/site-packages/airflow/example_dags/example_task_group_decorator.py
[2024-05-10T07:22:57.637+0000] {processor.py:840} INFO - DAG(s) 'example_task_group_decorator' retrieved from /home/airflow/.local/lib/python3.12/site-packages/airflow/example_dags/example_task_group_decorator.py
[2024-05-10T07:22:57.778+0000] {logging_mixin.py:188} INFO - [2024-05-10T07:22:57.778+0000] {dag.py:3096} INFO - Sync 1 DAGs
[2024-05-10T07:22:57.796+0000] {logging_mixin.py:188} INFO - [2024-05-10T07:22:57.796+0000] {dag.py:3954} INFO - Setting next_dagrun for example_task_group_decorator to 2024-05-09 00:00:00+00:00, run_after=2024-05-10 00:00:00+00:00
[2024-05-10T07:22:57.848+0000] {processor.py:183} INFO - Processing /home/airflow/.local/lib/python3.12/site-packages/airflow/example_dags/example_task_group_decorator.py took 0.279 seconds
[2024-05-10T07:23:27.967+0000] {processor.py:161} INFO - Started process (PID=186) to work on /home/airflow/.local/lib/python3.12/site-packages/airflow/example_dags/example_task_group_decorator.py
[2024-05-10T07:23:27.969+0000] {processor.py:830} INFO - Processing file /home/airflow/.local/lib/python3.12/site-packages/airflow/example_dags/example_task_group_decorator.py for tasks to queue
[2024-05-10T07:23:27.970+0000] {logging_mixin.py:188} INFO - [2024-05-10T07:23:27.970+0000] {dagbag.py:540} INFO - Filling up the DagBag from /home/airflow/.local/lib/python3.12/site-packages/airflow/example_dags/example_task_group_decorator.py
[2024-05-10T07:23:27.985+0000] {processor.py:840} INFO - DAG(s) 'example_task_group_decorator' retrieved from /home/airflow/.local/lib/python3.12/site-packages/airflow/example_dags/example_task_group_decorator.py
[2024-05-10T07:23:28.010+0000] {logging_mixin.py:188} INFO - [2024-05-10T07:23:28.010+0000] {dag.py:3096} INFO - Sync 1 DAGs
[2024-05-10T07:23:28.030+0000] {logging_mixin.py:188} INFO - [2024-05-10T07:23:28.029+0000] {dag.py:3954} INFO - Setting next_dagrun for example_task_group_decorator to 2024-05-09 00:00:00+00:00, run_after=2024-05-10 00:00:00+00:00
[2024-05-10T07:23:28.053+0000] {processor.py:183} INFO - Processing /home/airflow/.local/lib/python3.12/site-packages/airflow/example_dags/example_task_group_decorator.py took 0.096 seconds
[2024-05-10T07:23:58.404+0000] {processor.py:161} INFO - Started process (PID=244) to work on /home/airflow/.local/lib/python3.12/site-packages/airflow/example_dags/example_task_group_decorator.py
[2024-05-10T07:23:58.405+0000] {processor.py:830} INFO - Processing file /home/airflow/.local/lib/python3.12/site-packages/airflow/example_dags/example_task_group_decorator.py for tasks to queue
[2024-05-10T07:23:58.406+0000] {logging_mixin.py:188} INFO - [2024-05-10T07:23:58.406+0000] {dagbag.py:540} INFO - Filling up the DagBag from /home/airflow/.local/lib/python3.12/site-packages/airflow/example_dags/example_task_group_decorator.py
[2024-05-10T07:23:58.418+0000] {processor.py:840} INFO - DAG(s) 'example_task_group_decorator' retrieved from /home/airflow/.local/lib/python3.12/site-packages/airflow/example_dags/example_task_group_decorator.py
[2024-05-10T07:23:58.439+0000] {logging_mixin.py:188} INFO - [2024-05-10T07:23:58.438+0000] {dag.py:3096} INFO - Sync 1 DAGs
[2024-05-10T07:23:58.456+0000] {logging_mixin.py:188} INFO - [2024-05-10T07:23:58.455+0000] {dag.py:3954} INFO - Setting next_dagrun for example_task_group_decorator to 2024-05-09 00:00:00+00:00, run_after=2024-05-10 00:00:00+00:00
[2024-05-10T07:23:58.474+0000] {processor.py:183} INFO - Processing /home/airflow/.local/lib/python3.12/site-packages/airflow/example_dags/example_task_group_decorator.py took 0.074 seconds
[2024-05-10T07:24:29.070+0000] {processor.py:161} INFO - Started process (PID=301) to work on /home/airflow/.local/lib/python3.12/site-packages/airflow/example_dags/example_task_group_decorator.py
[2024-05-10T07:24:29.071+0000] {processor.py:830} INFO - Processing file /home/airflow/.local/lib/python3.12/site-packages/airflow/example_dags/example_task_group_decorator.py for tasks to queue
[2024-05-10T07:24:29.072+0000] {logging_mixin.py:188} INFO - [2024-05-10T07:24:29.072+0000] {dagbag.py:540} INFO - Filling up the DagBag from /home/airflow/.local/lib/python3.12/site-packages/airflow/example_dags/example_task_group_decorator.py
[2024-05-10T07:24:29.083+0000] {processor.py:840} INFO - DAG(s) 'example_task_group_decorator' retrieved from /home/airflow/.local/lib/python3.12/site-packages/airflow/example_dags/example_task_group_decorator.py
[2024-05-10T07:24:29.103+0000] {logging_mixin.py:188} INFO - [2024-05-10T07:24:29.103+0000] {dag.py:3096} INFO - Sync 1 DAGs
[2024-05-10T07:24:29.120+0000] {logging_mixin.py:188} INFO - [2024-05-10T07:24:29.120+0000] {dag.py:3954} INFO - Setting next_dagrun for example_task_group_decorator to 2024-05-09 00:00:00+00:00, run_after=2024-05-10 00:00:00+00:00
[2024-05-10T07:24:29.140+0000] {processor.py:183} INFO - Processing /home/airflow/.local/lib/python3.12/site-packages/airflow/example_dags/example_task_group_decorator.py took 0.075 seconds
[2024-05-10T07:24:59.470+0000] {processor.py:161} INFO - Started process (PID=359) to work on /home/airflow/.local/lib/python3.12/site-packages/airflow/example_dags/example_task_group_decorator.py
[2024-05-10T07:24:59.470+0000] {processor.py:830} INFO - Processing file /home/airflow/.local/lib/python3.12/site-packages/airflow/example_dags/example_task_group_decorator.py for tasks to queue
[2024-05-10T07:24:59.471+0000] {logging_mixin.py:188} INFO - [2024-05-10T07:24:59.471+0000] {dagbag.py:540} INFO - Filling up the DagBag from /home/airflow/.local/lib/python3.12/site-packages/airflow/example_dags/example_task_group_decorator.py
[2024-05-10T07:24:59.483+0000] {processor.py:840} INFO - DAG(s) 'example_task_group_decorator' retrieved from /home/airflow/.local/lib/python3.12/site-packages/airflow/example_dags/example_task_group_decorator.py
[2024-05-10T07:24:59.503+0000] {logging_mixin.py:188} INFO - [2024-05-10T07:24:59.502+0000] {dag.py:3096} INFO - Sync 1 DAGs
[2024-05-10T07:24:59.520+0000] {logging_mixin.py:188} INFO - [2024-05-10T07:24:59.520+0000] {dag.py:3954} INFO - Setting next_dagrun for example_task_group_decorator to 2024-05-09 00:00:00+00:00, run_after=2024-05-10 00:00:00+00:00
[2024-05-10T07:24:59.540+0000] {processor.py:183} INFO - Processing /home/airflow/.local/lib/python3.12/site-packages/airflow/example_dags/example_task_group_decorator.py took 0.075 seconds
[2024-05-10T07:25:30.308+0000] {processor.py:161} INFO - Started process (PID=417) to work on /home/airflow/.local/lib/python3.12/site-packages/airflow/example_dags/example_task_group_decorator.py
[2024-05-10T07:25:30.315+0000] {processor.py:830} INFO - Processing file /home/airflow/.local/lib/python3.12/site-packages/airflow/example_dags/example_task_group_decorator.py for tasks to queue
[2024-05-10T07:25:30.317+0000] {logging_mixin.py:188} INFO - [2024-05-10T07:25:30.317+0000] {dagbag.py:540} INFO - Filling up the DagBag from /home/airflow/.local/lib/python3.12/site-packages/airflow/example_dags/example_task_group_decorator.py
[2024-05-10T07:25:30.351+0000] {processor.py:840} INFO - DAG(s) 'example_task_group_decorator' retrieved from /home/airflow/.local/lib/python3.12/site-packages/airflow/example_dags/example_task_group_decorator.py
[2024-05-10T07:25:30.383+0000] {logging_mixin.py:188} INFO - [2024-05-10T07:25:30.382+0000] {dag.py:3096} INFO - Sync 1 DAGs
[2024-05-10T07:25:30.400+0000] {logging_mixin.py:188} INFO - [2024-05-10T07:25:30.400+0000] {dag.py:3954} INFO - Setting next_dagrun for example_task_group_decorator to 2024-05-09 00:00:00+00:00, run_after=2024-05-10 00:00:00+00:00
[2024-05-10T07:25:30.429+0000] {processor.py:183} INFO - Processing /home/airflow/.local/lib/python3.12/site-packages/airflow/example_dags/example_task_group_decorator.py took 0.126 seconds
[2024-05-10T07:26:01.316+0000] {processor.py:161} INFO - Started process (PID=475) to work on /home/airflow/.local/lib/python3.12/site-packages/airflow/example_dags/example_task_group_decorator.py
[2024-05-10T07:26:01.317+0000] {processor.py:830} INFO - Processing file /home/airflow/.local/lib/python3.12/site-packages/airflow/example_dags/example_task_group_decorator.py for tasks to queue
[2024-05-10T07:26:01.318+0000] {logging_mixin.py:188} INFO - [2024-05-10T07:26:01.318+0000] {dagbag.py:540} INFO - Filling up the DagBag from /home/airflow/.local/lib/python3.12/site-packages/airflow/example_dags/example_task_group_decorator.py
[2024-05-10T07:26:01.330+0000] {processor.py:840} INFO - DAG(s) 'example_task_group_decorator' retrieved from /home/airflow/.local/lib/python3.12/site-packages/airflow/example_dags/example_task_group_decorator.py
[2024-05-10T07:26:01.354+0000] {logging_mixin.py:188} INFO - [2024-05-10T07:26:01.354+0000] {dag.py:3096} INFO - Sync 1 DAGs
[2024-05-10T07:26:01.372+0000] {logging_mixin.py:188} INFO - [2024-05-10T07:26:01.372+0000] {dag.py:3954} INFO - Setting next_dagrun for example_task_group_decorator to 2024-05-09 00:00:00+00:00, run_after=2024-05-10 00:00:00+00:00
[2024-05-10T07:26:01.396+0000] {processor.py:183} INFO - Processing /home/airflow/.local/lib/python3.12/site-packages/airflow/example_dags/example_task_group_decorator.py took 0.085 seconds
[2024-05-10T07:26:31.777+0000] {processor.py:161} INFO - Started process (PID=533) to work on /home/airflow/.local/lib/python3.12/site-packages/airflow/example_dags/example_task_group_decorator.py
[2024-05-10T07:26:31.778+0000] {processor.py:830} INFO - Processing file /home/airflow/.local/lib/python3.12/site-packages/airflow/example_dags/example_task_group_decorator.py for tasks to queue
[2024-05-10T07:26:31.780+0000] {logging_mixin.py:188} INFO - [2024-05-10T07:26:31.779+0000] {dagbag.py:540} INFO - Filling up the DagBag from /home/airflow/.local/lib/python3.12/site-packages/airflow/example_dags/example_task_group_decorator.py
[2024-05-10T07:26:31.792+0000] {processor.py:840} INFO - DAG(s) 'example_task_group_decorator' retrieved from /home/airflow/.local/lib/python3.12/site-packages/airflow/example_dags/example_task_group_decorator.py
[2024-05-10T07:26:31.813+0000] {logging_mixin.py:188} INFO - [2024-05-10T07:26:31.812+0000] {dag.py:3096} INFO - Sync 1 DAGs
[2024-05-10T07:26:31.834+0000] {logging_mixin.py:188} INFO - [2024-05-10T07:26:31.834+0000] {dag.py:3954} INFO - Setting next_dagrun for example_task_group_decorator to 2024-05-09 00:00:00+00:00, run_after=2024-05-10 00:00:00+00:00
[2024-05-10T07:26:31.877+0000] {processor.py:183} INFO - Processing /home/airflow/.local/lib/python3.12/site-packages/airflow/example_dags/example_task_group_decorator.py took 0.104 seconds
[2024-05-10T07:27:02.196+0000] {processor.py:161} INFO - Started process (PID=590) to work on /home/airflow/.local/lib/python3.12/site-packages/airflow/example_dags/example_task_group_decorator.py
[2024-05-10T07:27:02.197+0000] {processor.py:830} INFO - Processing file /home/airflow/.local/lib/python3.12/site-packages/airflow/example_dags/example_task_group_decorator.py for tasks to queue
[2024-05-10T07:27:02.198+0000] {logging_mixin.py:188} INFO - [2024-05-10T07:27:02.198+0000] {dagbag.py:540} INFO - Filling up the DagBag from /home/airflow/.local/lib/python3.12/site-packages/airflow/example_dags/example_task_group_decorator.py
[2024-05-10T07:27:02.210+0000] {processor.py:840} INFO - DAG(s) 'example_task_group_decorator' retrieved from /home/airflow/.local/lib/python3.12/site-packages/airflow/example_dags/example_task_group_decorator.py
[2024-05-10T07:27:02.231+0000] {logging_mixin.py:188} INFO - [2024-05-10T07:27:02.231+0000] {dag.py:3096} INFO - Sync 1 DAGs
[2024-05-10T07:27:02.249+0000] {logging_mixin.py:188} INFO - [2024-05-10T07:27:02.248+0000] {dag.py:3954} INFO - Setting next_dagrun for example_task_group_decorator to 2024-05-09 00:00:00+00:00, run_after=2024-05-10 00:00:00+00:00
[2024-05-10T07:27:02.275+0000] {processor.py:183} INFO - Processing /home/airflow/.local/lib/python3.12/site-packages/airflow/example_dags/example_task_group_decorator.py took 0.084 seconds
[2024-05-10T07:27:32.770+0000] {processor.py:161} INFO - Started process (PID=648) to work on /home/airflow/.local/lib/python3.12/site-packages/airflow/example_dags/example_task_group_decorator.py
[2024-05-10T07:27:32.770+0000] {processor.py:830} INFO - Processing file /home/airflow/.local/lib/python3.12/site-packages/airflow/example_dags/example_task_group_decorator.py for tasks to queue
[2024-05-10T07:27:32.771+0000] {logging_mixin.py:188} INFO - [2024-05-10T07:27:32.771+0000] {dagbag.py:540} INFO - Filling up the DagBag from /home/airflow/.local/lib/python3.12/site-packages/airflow/example_dags/example_task_group_decorator.py
[2024-05-10T07:27:32.783+0000] {processor.py:840} INFO - DAG(s) 'example_task_group_decorator' retrieved from /home/airflow/.local/lib/python3.12/site-packages/airflow/example_dags/example_task_group_decorator.py
[2024-05-10T07:27:32.804+0000] {logging_mixin.py:188} INFO - [2024-05-10T07:27:32.804+0000] {dag.py:3096} INFO - Sync 1 DAGs
[2024-05-10T07:27:32.821+0000] {logging_mixin.py:188} INFO - [2024-05-10T07:27:32.821+0000] {dag.py:3954} INFO - Setting next_dagrun for example_task_group_decorator to 2024-05-09 00:00:00+00:00, run_after=2024-05-10 00:00:00+00:00
[2024-05-10T07:27:32.841+0000] {processor.py:183} INFO - Processing /home/airflow/.local/lib/python3.12/site-packages/airflow/example_dags/example_task_group_decorator.py took 0.076 seconds
[2024-05-10T07:28:03.072+0000] {processor.py:161} INFO - Started process (PID=706) to work on /home/airflow/.local/lib/python3.12/site-packages/airflow/example_dags/example_task_group_decorator.py
[2024-05-10T07:28:03.075+0000] {processor.py:830} INFO - Processing file /home/airflow/.local/lib/python3.12/site-packages/airflow/example_dags/example_task_group_decorator.py for tasks to queue
[2024-05-10T07:28:03.079+0000] {logging_mixin.py:188} INFO - [2024-05-10T07:28:03.076+0000] {dagbag.py:540} INFO - Filling up the DagBag from /home/airflow/.local/lib/python3.12/site-packages/airflow/example_dags/example_task_group_decorator.py
[2024-05-10T07:28:03.095+0000] {processor.py:840} INFO - DAG(s) 'example_task_group_decorator' retrieved from /home/airflow/.local/lib/python3.12/site-packages/airflow/example_dags/example_task_group_decorator.py
[2024-05-10T07:28:03.118+0000] {logging_mixin.py:188} INFO - [2024-05-10T07:28:03.118+0000] {dag.py:3096} INFO - Sync 1 DAGs
[2024-05-10T07:28:03.137+0000] {logging_mixin.py:188} INFO - [2024-05-10T07:28:03.137+0000] {dag.py:3954} INFO - Setting next_dagrun for example_task_group_decorator to 2024-05-09 00:00:00+00:00, run_after=2024-05-10 00:00:00+00:00
[2024-05-10T07:28:03.170+0000] {processor.py:183} INFO - Processing /home/airflow/.local/lib/python3.12/site-packages/airflow/example_dags/example_task_group_decorator.py took 0.107 seconds
[2024-05-10T07:28:33.978+0000] {processor.py:161} INFO - Started process (PID=765) to work on /home/airflow/.local/lib/python3.12/site-packages/airflow/example_dags/example_task_group_decorator.py
[2024-05-10T07:28:33.978+0000] {processor.py:830} INFO - Processing file /home/airflow/.local/lib/python3.12/site-packages/airflow/example_dags/example_task_group_decorator.py for tasks to queue
[2024-05-10T07:28:33.980+0000] {logging_mixin.py:188} INFO - [2024-05-10T07:28:33.979+0000] {dagbag.py:540} INFO - Filling up the DagBag from /home/airflow/.local/lib/python3.12/site-packages/airflow/example_dags/example_task_group_decorator.py
[2024-05-10T07:28:34.033+0000] {processor.py:840} INFO - DAG(s) 'example_task_group_decorator' retrieved from /home/airflow/.local/lib/python3.12/site-packages/airflow/example_dags/example_task_group_decorator.py
[2024-05-10T07:28:34.157+0000] {logging_mixin.py:188} INFO - [2024-05-10T07:28:34.157+0000] {dag.py:3096} INFO - Sync 1 DAGs
[2024-05-10T07:28:34.219+0000] {logging_mixin.py:188} INFO - [2024-05-10T07:28:34.219+0000] {dag.py:3954} INFO - Setting next_dagrun for example_task_group_decorator to 2024-05-09 00:00:00+00:00, run_after=2024-05-10 00:00:00+00:00
[2024-05-10T07:28:34.272+0000] {processor.py:183} INFO - Processing /home/airflow/.local/lib/python3.12/site-packages/airflow/example_dags/example_task_group_decorator.py took 0.308 seconds
[2024-05-10T07:29:05.220+0000] {processor.py:161} INFO - Started process (PID=823) to work on /home/airflow/.local/lib/python3.12/site-packages/airflow/example_dags/example_task_group_decorator.py
[2024-05-10T07:29:05.221+0000] {processor.py:830} INFO - Processing file /home/airflow/.local/lib/python3.12/site-packages/airflow/example_dags/example_task_group_decorator.py for tasks to queue
[2024-05-10T07:29:05.223+0000] {logging_mixin.py:188} INFO - [2024-05-10T07:29:05.223+0000] {dagbag.py:540} INFO - Filling up the DagBag from /home/airflow/.local/lib/python3.12/site-packages/airflow/example_dags/example_task_group_decorator.py
[2024-05-10T07:29:05.237+0000] {processor.py:840} INFO - DAG(s) 'example_task_group_decorator' retrieved from /home/airflow/.local/lib/python3.12/site-packages/airflow/example_dags/example_task_group_decorator.py
[2024-05-10T07:29:05.258+0000] {logging_mixin.py:188} INFO - [2024-05-10T07:29:05.258+0000] {dag.py:3096} INFO - Sync 1 DAGs
[2024-05-10T07:29:05.279+0000] {logging_mixin.py:188} INFO - [2024-05-10T07:29:05.278+0000] {dag.py:3954} INFO - Setting next_dagrun for example_task_group_decorator to 2024-05-09 00:00:00+00:00, run_after=2024-05-10 00:00:00+00:00
[2024-05-10T07:29:05.297+0000] {processor.py:183} INFO - Processing /home/airflow/.local/lib/python3.12/site-packages/airflow/example_dags/example_task_group_decorator.py took 0.082 seconds
[2024-05-10T07:29:35.569+0000] {processor.py:161} INFO - Started process (PID=880) to work on /home/airflow/.local/lib/python3.12/site-packages/airflow/example_dags/example_task_group_decorator.py
[2024-05-10T07:29:35.570+0000] {processor.py:830} INFO - Processing file /home/airflow/.local/lib/python3.12/site-packages/airflow/example_dags/example_task_group_decorator.py for tasks to queue
[2024-05-10T07:29:35.572+0000] {logging_mixin.py:188} INFO - [2024-05-10T07:29:35.572+0000] {dagbag.py:540} INFO - Filling up the DagBag from /home/airflow/.local/lib/python3.12/site-packages/airflow/example_dags/example_task_group_decorator.py
[2024-05-10T07:29:35.589+0000] {processor.py:840} INFO - DAG(s) 'example_task_group_decorator' retrieved from /home/airflow/.local/lib/python3.12/site-packages/airflow/example_dags/example_task_group_decorator.py
[2024-05-10T07:29:35.609+0000] {logging_mixin.py:188} INFO - [2024-05-10T07:29:35.609+0000] {dag.py:3096} INFO - Sync 1 DAGs
[2024-05-10T07:29:35.626+0000] {logging_mixin.py:188} INFO - [2024-05-10T07:29:35.626+0000] {dag.py:3954} INFO - Setting next_dagrun for example_task_group_decorator to 2024-05-09 00:00:00+00:00, run_after=2024-05-10 00:00:00+00:00
[2024-05-10T07:29:35.651+0000] {processor.py:183} INFO - Processing /home/airflow/.local/lib/python3.12/site-packages/airflow/example_dags/example_task_group_decorator.py took 0.096 seconds
[2024-05-10T07:30:06.204+0000] {processor.py:161} INFO - Started process (PID=939) to work on /home/airflow/.local/lib/python3.12/site-packages/airflow/example_dags/example_task_group_decorator.py
[2024-05-10T07:30:06.205+0000] {processor.py:830} INFO - Processing file /home/airflow/.local/lib/python3.12/site-packages/airflow/example_dags/example_task_group_decorator.py for tasks to queue
[2024-05-10T07:30:06.208+0000] {logging_mixin.py:188} INFO - [2024-05-10T07:30:06.207+0000] {dagbag.py:540} INFO - Filling up the DagBag from /home/airflow/.local/lib/python3.12/site-packages/airflow/example_dags/example_task_group_decorator.py
[2024-05-10T07:30:06.224+0000] {processor.py:840} INFO - DAG(s) 'example_task_group_decorator' retrieved from /home/airflow/.local/lib/python3.12/site-packages/airflow/example_dags/example_task_group_decorator.py
[2024-05-10T07:30:06.245+0000] {logging_mixin.py:188} INFO - [2024-05-10T07:30:06.245+0000] {dag.py:3096} INFO - Sync 1 DAGs
[2024-05-10T07:30:06.262+0000] {logging_mixin.py:188} INFO - [2024-05-10T07:30:06.262+0000] {dag.py:3954} INFO - Setting next_dagrun for example_task_group_decorator to 2024-05-09 00:00:00+00:00, run_after=2024-05-10 00:00:00+00:00
[2024-05-10T07:30:06.285+0000] {processor.py:183} INFO - Processing /home/airflow/.local/lib/python3.12/site-packages/airflow/example_dags/example_task_group_decorator.py took 0.091 seconds
[2024-05-10T07:30:36.472+0000] {processor.py:161} INFO - Started process (PID=997) to work on /home/airflow/.local/lib/python3.12/site-packages/airflow/example_dags/example_task_group_decorator.py
[2024-05-10T07:30:36.473+0000] {processor.py:830} INFO - Processing file /home/airflow/.local/lib/python3.12/site-packages/airflow/example_dags/example_task_group_decorator.py for tasks to queue
[2024-05-10T07:30:36.474+0000] {logging_mixin.py:188} INFO - [2024-05-10T07:30:36.474+0000] {dagbag.py:540} INFO - Filling up the DagBag from /home/airflow/.local/lib/python3.12/site-packages/airflow/example_dags/example_task_group_decorator.py
[2024-05-10T07:30:36.486+0000] {processor.py:840} INFO - DAG(s) 'example_task_group_decorator' retrieved from /home/airflow/.local/lib/python3.12/site-packages/airflow/example_dags/example_task_group_decorator.py
[2024-05-10T07:30:36.610+0000] {logging_mixin.py:188} INFO - [2024-05-10T07:30:36.609+0000] {dag.py:3096} INFO - Sync 1 DAGs
[2024-05-10T07:30:36.625+0000] {logging_mixin.py:188} INFO - [2024-05-10T07:30:36.624+0000] {dag.py:3954} INFO - Setting next_dagrun for example_task_group_decorator to 2024-05-09 00:00:00+00:00, run_after=2024-05-10 00:00:00+00:00
[2024-05-10T07:30:36.639+0000] {processor.py:183} INFO - Processing /home/airflow/.local/lib/python3.12/site-packages/airflow/example_dags/example_task_group_decorator.py took 0.171 seconds
[2024-05-10T07:31:07.551+0000] {processor.py:161} INFO - Started process (PID=1056) to work on /home/airflow/.local/lib/python3.12/site-packages/airflow/example_dags/example_task_group_decorator.py
[2024-05-10T07:31:07.552+0000] {processor.py:830} INFO - Processing file /home/airflow/.local/lib/python3.12/site-packages/airflow/example_dags/example_task_group_decorator.py for tasks to queue
[2024-05-10T07:31:07.553+0000] {logging_mixin.py:188} INFO - [2024-05-10T07:31:07.553+0000] {dagbag.py:540} INFO - Filling up the DagBag from /home/airflow/.local/lib/python3.12/site-packages/airflow/example_dags/example_task_group_decorator.py
[2024-05-10T07:31:07.565+0000] {processor.py:840} INFO - DAG(s) 'example_task_group_decorator' retrieved from /home/airflow/.local/lib/python3.12/site-packages/airflow/example_dags/example_task_group_decorator.py
[2024-05-10T07:31:07.584+0000] {logging_mixin.py:188} INFO - [2024-05-10T07:31:07.584+0000] {dag.py:3096} INFO - Sync 1 DAGs
[2024-05-10T07:31:07.703+0000] {logging_mixin.py:188} INFO - [2024-05-10T07:31:07.703+0000] {dag.py:3954} INFO - Setting next_dagrun for example_task_group_decorator to 2024-05-09 00:00:00+00:00, run_after=2024-05-10 00:00:00+00:00
[2024-05-10T07:31:07.729+0000] {processor.py:183} INFO - Processing /home/airflow/.local/lib/python3.12/site-packages/airflow/example_dags/example_task_group_decorator.py took 0.182 seconds
[2024-05-10T07:31:38.158+0000] {processor.py:161} INFO - Started process (PID=1114) to work on /home/airflow/.local/lib/python3.12/site-packages/airflow/example_dags/example_task_group_decorator.py
[2024-05-10T07:31:38.159+0000] {processor.py:830} INFO - Processing file /home/airflow/.local/lib/python3.12/site-packages/airflow/example_dags/example_task_group_decorator.py for tasks to queue
[2024-05-10T07:31:38.160+0000] {logging_mixin.py:188} INFO - [2024-05-10T07:31:38.160+0000] {dagbag.py:540} INFO - Filling up the DagBag from /home/airflow/.local/lib/python3.12/site-packages/airflow/example_dags/example_task_group_decorator.py
[2024-05-10T07:31:38.172+0000] {processor.py:840} INFO - DAG(s) 'example_task_group_decorator' retrieved from /home/airflow/.local/lib/python3.12/site-packages/airflow/example_dags/example_task_group_decorator.py
[2024-05-10T07:31:38.192+0000] {logging_mixin.py:188} INFO - [2024-05-10T07:31:38.192+0000] {dag.py:3096} INFO - Sync 1 DAGs
[2024-05-10T07:31:38.210+0000] {logging_mixin.py:188} INFO - [2024-05-10T07:31:38.209+0000] {dag.py:3954} INFO - Setting next_dagrun for example_task_group_decorator to 2024-05-09 00:00:00+00:00, run_after=2024-05-10 00:00:00+00:00
[2024-05-10T07:31:38.229+0000] {processor.py:183} INFO - Processing /home/airflow/.local/lib/python3.12/site-packages/airflow/example_dags/example_task_group_decorator.py took 0.075 seconds
[2024-05-10T07:32:09.070+0000] {processor.py:161} INFO - Started process (PID=1178) to work on /home/airflow/.local/lib/python3.12/site-packages/airflow/example_dags/example_task_group_decorator.py
[2024-05-10T07:32:09.071+0000] {processor.py:830} INFO - Processing file /home/airflow/.local/lib/python3.12/site-packages/airflow/example_dags/example_task_group_decorator.py for tasks to queue
[2024-05-10T07:32:09.072+0000] {logging_mixin.py:188} INFO - [2024-05-10T07:32:09.072+0000] {dagbag.py:540} INFO - Filling up the DagBag from /home/airflow/.local/lib/python3.12/site-packages/airflow/example_dags/example_task_group_decorator.py
[2024-05-10T07:32:09.084+0000] {processor.py:840} INFO - DAG(s) 'example_task_group_decorator' retrieved from /home/airflow/.local/lib/python3.12/site-packages/airflow/example_dags/example_task_group_decorator.py
[2024-05-10T07:32:09.105+0000] {logging_mixin.py:188} INFO - [2024-05-10T07:32:09.105+0000] {dag.py:3096} INFO - Sync 1 DAGs
[2024-05-10T07:32:09.123+0000] {logging_mixin.py:188} INFO - [2024-05-10T07:32:09.123+0000] {dag.py:3954} INFO - Setting next_dagrun for example_task_group_decorator to 2024-05-09 00:00:00+00:00, run_after=2024-05-10 00:00:00+00:00
[2024-05-10T07:32:09.141+0000] {processor.py:183} INFO - Processing /home/airflow/.local/lib/python3.12/site-packages/airflow/example_dags/example_task_group_decorator.py took 0.076 seconds
[2024-05-10T07:32:39.627+0000] {processor.py:161} INFO - Started process (PID=1236) to work on /home/airflow/.local/lib/python3.12/site-packages/airflow/example_dags/example_task_group_decorator.py
[2024-05-10T07:32:39.627+0000] {processor.py:830} INFO - Processing file /home/airflow/.local/lib/python3.12/site-packages/airflow/example_dags/example_task_group_decorator.py for tasks to queue
[2024-05-10T07:32:39.628+0000] {logging_mixin.py:188} INFO - [2024-05-10T07:32:39.628+0000] {dagbag.py:540} INFO - Filling up the DagBag from /home/airflow/.local/lib/python3.12/site-packages/airflow/example_dags/example_task_group_decorator.py
[2024-05-10T07:32:39.640+0000] {processor.py:840} INFO - DAG(s) 'example_task_group_decorator' retrieved from /home/airflow/.local/lib/python3.12/site-packages/airflow/example_dags/example_task_group_decorator.py
[2024-05-10T07:32:39.661+0000] {logging_mixin.py:188} INFO - [2024-05-10T07:32:39.661+0000] {dag.py:3096} INFO - Sync 1 DAGs
[2024-05-10T07:32:39.679+0000] {logging_mixin.py:188} INFO - [2024-05-10T07:32:39.678+0000] {dag.py:3954} INFO - Setting next_dagrun for example_task_group_decorator to 2024-05-09 00:00:00+00:00, run_after=2024-05-10 00:00:00+00:00
[2024-05-10T07:32:39.697+0000] {processor.py:183} INFO - Processing /home/airflow/.local/lib/python3.12/site-packages/airflow/example_dags/example_task_group_decorator.py took 0.074 seconds
[2024-05-10T07:33:10.451+0000] {processor.py:161} INFO - Started process (PID=1296) to work on /home/airflow/.local/lib/python3.12/site-packages/airflow/example_dags/example_task_group_decorator.py
[2024-05-10T07:33:10.452+0000] {processor.py:830} INFO - Processing file /home/airflow/.local/lib/python3.12/site-packages/airflow/example_dags/example_task_group_decorator.py for tasks to queue
[2024-05-10T07:33:10.454+0000] {logging_mixin.py:188} INFO - [2024-05-10T07:33:10.453+0000] {dagbag.py:540} INFO - Filling up the DagBag from /home/airflow/.local/lib/python3.12/site-packages/airflow/example_dags/example_task_group_decorator.py
[2024-05-10T07:33:10.470+0000] {processor.py:840} INFO - DAG(s) 'example_task_group_decorator' retrieved from /home/airflow/.local/lib/python3.12/site-packages/airflow/example_dags/example_task_group_decorator.py
[2024-05-10T07:33:10.491+0000] {logging_mixin.py:188} INFO - [2024-05-10T07:33:10.491+0000] {dag.py:3096} INFO - Sync 1 DAGs
[2024-05-10T07:33:10.510+0000] {logging_mixin.py:188} INFO - [2024-05-10T07:33:10.510+0000] {dag.py:3954} INFO - Setting next_dagrun for example_task_group_decorator to 2024-05-09 00:00:00+00:00, run_after=2024-05-10 00:00:00+00:00
[2024-05-10T07:33:10.531+0000] {processor.py:183} INFO - Processing /home/airflow/.local/lib/python3.12/site-packages/airflow/example_dags/example_task_group_decorator.py took 0.086 seconds
[2024-05-10T07:33:40.827+0000] {processor.py:161} INFO - Started process (PID=1355) to work on /home/airflow/.local/lib/python3.12/site-packages/airflow/example_dags/example_task_group_decorator.py
[2024-05-10T07:33:40.828+0000] {processor.py:830} INFO - Processing file /home/airflow/.local/lib/python3.12/site-packages/airflow/example_dags/example_task_group_decorator.py for tasks to queue
[2024-05-10T07:33:40.829+0000] {logging_mixin.py:188} INFO - [2024-05-10T07:33:40.829+0000] {dagbag.py:540} INFO - Filling up the DagBag from /home/airflow/.local/lib/python3.12/site-packages/airflow/example_dags/example_task_group_decorator.py
[2024-05-10T07:33:40.841+0000] {processor.py:840} INFO - DAG(s) 'example_task_group_decorator' retrieved from /home/airflow/.local/lib/python3.12/site-packages/airflow/example_dags/example_task_group_decorator.py
[2024-05-10T07:33:40.861+0000] {logging_mixin.py:188} INFO - [2024-05-10T07:33:40.861+0000] {dag.py:3096} INFO - Sync 1 DAGs
[2024-05-10T07:33:40.878+0000] {logging_mixin.py:188} INFO - [2024-05-10T07:33:40.878+0000] {dag.py:3954} INFO - Setting next_dagrun for example_task_group_decorator to 2024-05-09 00:00:00+00:00, run_after=2024-05-10 00:00:00+00:00
[2024-05-10T07:33:40.896+0000] {processor.py:183} INFO - Processing /home/airflow/.local/lib/python3.12/site-packages/airflow/example_dags/example_task_group_decorator.py took 0.073 seconds
[2024-05-10T07:34:11.740+0000] {processor.py:161} INFO - Started process (PID=1415) to work on /home/airflow/.local/lib/python3.12/site-packages/airflow/example_dags/example_task_group_decorator.py
[2024-05-10T07:34:11.741+0000] {processor.py:830} INFO - Processing file /home/airflow/.local/lib/python3.12/site-packages/airflow/example_dags/example_task_group_decorator.py for tasks to queue
[2024-05-10T07:34:11.742+0000] {logging_mixin.py:188} INFO - [2024-05-10T07:34:11.742+0000] {dagbag.py:540} INFO - Filling up the DagBag from /home/airflow/.local/lib/python3.12/site-packages/airflow/example_dags/example_task_group_decorator.py
[2024-05-10T07:34:11.755+0000] {processor.py:840} INFO - DAG(s) 'example_task_group_decorator' retrieved from /home/airflow/.local/lib/python3.12/site-packages/airflow/example_dags/example_task_group_decorator.py
[2024-05-10T07:34:11.778+0000] {logging_mixin.py:188} INFO - [2024-05-10T07:34:11.778+0000] {dag.py:3096} INFO - Sync 1 DAGs
[2024-05-10T07:34:11.796+0000] {logging_mixin.py:188} INFO - [2024-05-10T07:34:11.796+0000] {dag.py:3954} INFO - Setting next_dagrun for example_task_group_decorator to 2024-05-09 00:00:00+00:00, run_after=2024-05-10 00:00:00+00:00
[2024-05-10T07:34:11.820+0000] {processor.py:183} INFO - Processing /home/airflow/.local/lib/python3.12/site-packages/airflow/example_dags/example_task_group_decorator.py took 0.084 seconds
[2024-05-10T07:34:42.304+0000] {processor.py:161} INFO - Started process (PID=1474) to work on /home/airflow/.local/lib/python3.12/site-packages/airflow/example_dags/example_task_group_decorator.py
[2024-05-10T07:34:42.305+0000] {processor.py:830} INFO - Processing file /home/airflow/.local/lib/python3.12/site-packages/airflow/example_dags/example_task_group_decorator.py for tasks to queue
[2024-05-10T07:34:42.306+0000] {logging_mixin.py:188} INFO - [2024-05-10T07:34:42.306+0000] {dagbag.py:540} INFO - Filling up the DagBag from /home/airflow/.local/lib/python3.12/site-packages/airflow/example_dags/example_task_group_decorator.py
[2024-05-10T07:34:42.318+0000] {processor.py:840} INFO - DAG(s) 'example_task_group_decorator' retrieved from /home/airflow/.local/lib/python3.12/site-packages/airflow/example_dags/example_task_group_decorator.py
[2024-05-10T07:34:42.339+0000] {logging_mixin.py:188} INFO - [2024-05-10T07:34:42.338+0000] {dag.py:3096} INFO - Sync 1 DAGs
[2024-05-10T07:34:42.356+0000] {logging_mixin.py:188} INFO - [2024-05-10T07:34:42.356+0000] {dag.py:3954} INFO - Setting next_dagrun for example_task_group_decorator to 2024-05-09 00:00:00+00:00, run_after=2024-05-10 00:00:00+00:00
[2024-05-10T07:34:42.384+0000] {processor.py:183} INFO - Processing /home/airflow/.local/lib/python3.12/site-packages/airflow/example_dags/example_task_group_decorator.py took 0.084 seconds
[2024-05-10T07:35:13.027+0000] {processor.py:161} INFO - Started process (PID=1533) to work on /home/airflow/.local/lib/python3.12/site-packages/airflow/example_dags/example_task_group_decorator.py
[2024-05-10T07:35:13.028+0000] {processor.py:830} INFO - Processing file /home/airflow/.local/lib/python3.12/site-packages/airflow/example_dags/example_task_group_decorator.py for tasks to queue
[2024-05-10T07:35:13.029+0000] {logging_mixin.py:188} INFO - [2024-05-10T07:35:13.029+0000] {dagbag.py:540} INFO - Filling up the DagBag from /home/airflow/.local/lib/python3.12/site-packages/airflow/example_dags/example_task_group_decorator.py
[2024-05-10T07:35:13.041+0000] {processor.py:840} INFO - DAG(s) 'example_task_group_decorator' retrieved from /home/airflow/.local/lib/python3.12/site-packages/airflow/example_dags/example_task_group_decorator.py
[2024-05-10T07:35:13.062+0000] {logging_mixin.py:188} INFO - [2024-05-10T07:35:13.062+0000] {dag.py:3096} INFO - Sync 1 DAGs
[2024-05-10T07:35:13.081+0000] {logging_mixin.py:188} INFO - [2024-05-10T07:35:13.081+0000] {dag.py:3954} INFO - Setting next_dagrun for example_task_group_decorator to 2024-05-09 00:00:00+00:00, run_after=2024-05-10 00:00:00+00:00
[2024-05-10T07:35:13.108+0000] {processor.py:183} INFO - Processing /home/airflow/.local/lib/python3.12/site-packages/airflow/example_dags/example_task_group_decorator.py took 0.086 seconds
[2024-05-10T07:35:43.971+0000] {processor.py:161} INFO - Started process (PID=1592) to work on /home/airflow/.local/lib/python3.12/site-packages/airflow/example_dags/example_task_group_decorator.py
[2024-05-10T07:35:43.972+0000] {processor.py:830} INFO - Processing file /home/airflow/.local/lib/python3.12/site-packages/airflow/example_dags/example_task_group_decorator.py for tasks to queue
[2024-05-10T07:35:43.974+0000] {logging_mixin.py:188} INFO - [2024-05-10T07:35:43.973+0000] {dagbag.py:540} INFO - Filling up the DagBag from /home/airflow/.local/lib/python3.12/site-packages/airflow/example_dags/example_task_group_decorator.py
[2024-05-10T07:35:43.986+0000] {processor.py:840} INFO - DAG(s) 'example_task_group_decorator' retrieved from /home/airflow/.local/lib/python3.12/site-packages/airflow/example_dags/example_task_group_decorator.py
[2024-05-10T07:35:44.007+0000] {logging_mixin.py:188} INFO - [2024-05-10T07:35:44.007+0000] {dag.py:3096} INFO - Sync 1 DAGs
[2024-05-10T07:35:44.025+0000] {logging_mixin.py:188} INFO - [2024-05-10T07:35:44.025+0000] {dag.py:3954} INFO - Setting next_dagrun for example_task_group_decorator to 2024-05-09 00:00:00+00:00, run_after=2024-05-10 00:00:00+00:00
[2024-05-10T07:35:44.051+0000] {processor.py:183} INFO - Processing /home/airflow/.local/lib/python3.12/site-packages/airflow/example_dags/example_task_group_decorator.py took 0.085 seconds
[2024-05-10T07:36:14.292+0000] {processor.py:161} INFO - Started process (PID=1651) to work on /home/airflow/.local/lib/python3.12/site-packages/airflow/example_dags/example_task_group_decorator.py
[2024-05-10T07:36:14.292+0000] {processor.py:830} INFO - Processing file /home/airflow/.local/lib/python3.12/site-packages/airflow/example_dags/example_task_group_decorator.py for tasks to queue
[2024-05-10T07:36:14.294+0000] {logging_mixin.py:188} INFO - [2024-05-10T07:36:14.293+0000] {dagbag.py:540} INFO - Filling up the DagBag from /home/airflow/.local/lib/python3.12/site-packages/airflow/example_dags/example_task_group_decorator.py
[2024-05-10T07:36:14.306+0000] {processor.py:840} INFO - DAG(s) 'example_task_group_decorator' retrieved from /home/airflow/.local/lib/python3.12/site-packages/airflow/example_dags/example_task_group_decorator.py
[2024-05-10T07:36:14.326+0000] {logging_mixin.py:188} INFO - [2024-05-10T07:36:14.326+0000] {dag.py:3096} INFO - Sync 1 DAGs
[2024-05-10T07:36:14.343+0000] {logging_mixin.py:188} INFO - [2024-05-10T07:36:14.343+0000] {dag.py:3954} INFO - Setting next_dagrun for example_task_group_decorator to 2024-05-09 00:00:00+00:00, run_after=2024-05-10 00:00:00+00:00
[2024-05-10T07:36:14.362+0000] {processor.py:183} INFO - Processing /home/airflow/.local/lib/python3.12/site-packages/airflow/example_dags/example_task_group_decorator.py took 0.075 seconds
[2024-05-10T07:36:44.419+0000] {processor.py:161} INFO - Started process (PID=1709) to work on /home/airflow/.local/lib/python3.12/site-packages/airflow/example_dags/example_task_group_decorator.py
[2024-05-10T07:36:44.420+0000] {processor.py:830} INFO - Processing file /home/airflow/.local/lib/python3.12/site-packages/airflow/example_dags/example_task_group_decorator.py for tasks to queue
[2024-05-10T07:36:44.421+0000] {logging_mixin.py:188} INFO - [2024-05-10T07:36:44.421+0000] {dagbag.py:540} INFO - Filling up the DagBag from /home/airflow/.local/lib/python3.12/site-packages/airflow/example_dags/example_task_group_decorator.py
[2024-05-10T07:36:44.433+0000] {processor.py:840} INFO - DAG(s) 'example_task_group_decorator' retrieved from /home/airflow/.local/lib/python3.12/site-packages/airflow/example_dags/example_task_group_decorator.py
[2024-05-10T07:36:44.455+0000] {logging_mixin.py:188} INFO - [2024-05-10T07:36:44.455+0000] {dag.py:3096} INFO - Sync 1 DAGs
[2024-05-10T07:36:44.473+0000] {logging_mixin.py:188} INFO - [2024-05-10T07:36:44.473+0000] {dag.py:3954} INFO - Setting next_dagrun for example_task_group_decorator to 2024-05-09 00:00:00+00:00, run_after=2024-05-10 00:00:00+00:00
[2024-05-10T07:36:44.497+0000] {processor.py:183} INFO - Processing /home/airflow/.local/lib/python3.12/site-packages/airflow/example_dags/example_task_group_decorator.py took 0.083 seconds
[2024-05-10T07:37:15.587+0000] {processor.py:161} INFO - Started process (PID=1768) to work on /home/airflow/.local/lib/python3.12/site-packages/airflow/example_dags/example_task_group_decorator.py
[2024-05-10T07:37:15.588+0000] {processor.py:830} INFO - Processing file /home/airflow/.local/lib/python3.12/site-packages/airflow/example_dags/example_task_group_decorator.py for tasks to queue
[2024-05-10T07:37:15.590+0000] {logging_mixin.py:188} INFO - [2024-05-10T07:37:15.589+0000] {dagbag.py:540} INFO - Filling up the DagBag from /home/airflow/.local/lib/python3.12/site-packages/airflow/example_dags/example_task_group_decorator.py
[2024-05-10T07:37:15.602+0000] {processor.py:840} INFO - DAG(s) 'example_task_group_decorator' retrieved from /home/airflow/.local/lib/python3.12/site-packages/airflow/example_dags/example_task_group_decorator.py
[2024-05-10T07:37:15.623+0000] {logging_mixin.py:188} INFO - [2024-05-10T07:37:15.622+0000] {dag.py:3096} INFO - Sync 1 DAGs
[2024-05-10T07:37:15.640+0000] {logging_mixin.py:188} INFO - [2024-05-10T07:37:15.640+0000] {dag.py:3954} INFO - Setting next_dagrun for example_task_group_decorator to 2024-05-09 00:00:00+00:00, run_after=2024-05-10 00:00:00+00:00
[2024-05-10T07:37:15.691+0000] {processor.py:183} INFO - Processing /home/airflow/.local/lib/python3.12/site-packages/airflow/example_dags/example_task_group_decorator.py took 0.108 seconds
[2024-05-10T07:37:45.720+0000] {processor.py:161} INFO - Started process (PID=1827) to work on /home/airflow/.local/lib/python3.12/site-packages/airflow/example_dags/example_task_group_decorator.py
[2024-05-10T07:37:45.721+0000] {processor.py:830} INFO - Processing file /home/airflow/.local/lib/python3.12/site-packages/airflow/example_dags/example_task_group_decorator.py for tasks to queue
[2024-05-10T07:37:45.723+0000] {logging_mixin.py:188} INFO - [2024-05-10T07:37:45.722+0000] {dagbag.py:540} INFO - Filling up the DagBag from /home/airflow/.local/lib/python3.12/site-packages/airflow/example_dags/example_task_group_decorator.py
[2024-05-10T07:37:45.737+0000] {processor.py:840} INFO - DAG(s) 'example_task_group_decorator' retrieved from /home/airflow/.local/lib/python3.12/site-packages/airflow/example_dags/example_task_group_decorator.py
[2024-05-10T07:37:45.758+0000] {logging_mixin.py:188} INFO - [2024-05-10T07:37:45.758+0000] {dag.py:3096} INFO - Sync 1 DAGs
[2024-05-10T07:37:45.779+0000] {logging_mixin.py:188} INFO - [2024-05-10T07:37:45.779+0000] {dag.py:3954} INFO - Setting next_dagrun for example_task_group_decorator to 2024-05-09 00:00:00+00:00, run_after=2024-05-10 00:00:00+00:00
[2024-05-10T07:37:45.797+0000] {processor.py:183} INFO - Processing /home/airflow/.local/lib/python3.12/site-packages/airflow/example_dags/example_task_group_decorator.py took 0.082 seconds
[2024-05-10T07:38:16.456+0000] {processor.py:161} INFO - Started process (PID=1886) to work on /home/airflow/.local/lib/python3.12/site-packages/airflow/example_dags/example_task_group_decorator.py
[2024-05-10T07:38:16.456+0000] {processor.py:830} INFO - Processing file /home/airflow/.local/lib/python3.12/site-packages/airflow/example_dags/example_task_group_decorator.py for tasks to queue
[2024-05-10T07:38:16.458+0000] {logging_mixin.py:188} INFO - [2024-05-10T07:38:16.458+0000] {dagbag.py:540} INFO - Filling up the DagBag from /home/airflow/.local/lib/python3.12/site-packages/airflow/example_dags/example_task_group_decorator.py
[2024-05-10T07:38:16.470+0000] {processor.py:840} INFO - DAG(s) 'example_task_group_decorator' retrieved from /home/airflow/.local/lib/python3.12/site-packages/airflow/example_dags/example_task_group_decorator.py
[2024-05-10T07:38:16.493+0000] {logging_mixin.py:188} INFO - [2024-05-10T07:38:16.493+0000] {dag.py:3096} INFO - Sync 1 DAGs
[2024-05-10T07:38:16.511+0000] {logging_mixin.py:188} INFO - [2024-05-10T07:38:16.511+0000] {dag.py:3954} INFO - Setting next_dagrun for example_task_group_decorator to 2024-05-09 00:00:00+00:00, run_after=2024-05-10 00:00:00+00:00
[2024-05-10T07:38:16.530+0000] {processor.py:183} INFO - Processing /home/airflow/.local/lib/python3.12/site-packages/airflow/example_dags/example_task_group_decorator.py took 0.079 seconds
[2024-05-10T07:38:47.223+0000] {processor.py:161} INFO - Started process (PID=1944) to work on /home/airflow/.local/lib/python3.12/site-packages/airflow/example_dags/example_task_group_decorator.py
[2024-05-10T07:38:47.225+0000] {processor.py:830} INFO - Processing file /home/airflow/.local/lib/python3.12/site-packages/airflow/example_dags/example_task_group_decorator.py for tasks to queue
[2024-05-10T07:38:47.227+0000] {logging_mixin.py:188} INFO - [2024-05-10T07:38:47.226+0000] {dagbag.py:540} INFO - Filling up the DagBag from /home/airflow/.local/lib/python3.12/site-packages/airflow/example_dags/example_task_group_decorator.py
[2024-05-10T07:38:47.242+0000] {processor.py:840} INFO - DAG(s) 'example_task_group_decorator' retrieved from /home/airflow/.local/lib/python3.12/site-packages/airflow/example_dags/example_task_group_decorator.py
[2024-05-10T07:38:47.263+0000] {logging_mixin.py:188} INFO - [2024-05-10T07:38:47.263+0000] {dag.py:3096} INFO - Sync 1 DAGs
[2024-05-10T07:38:47.283+0000] {logging_mixin.py:188} INFO - [2024-05-10T07:38:47.283+0000] {dag.py:3954} INFO - Setting next_dagrun for example_task_group_decorator to 2024-05-09 00:00:00+00:00, run_after=2024-05-10 00:00:00+00:00
[2024-05-10T07:38:47.305+0000] {processor.py:183} INFO - Processing /home/airflow/.local/lib/python3.12/site-packages/airflow/example_dags/example_task_group_decorator.py took 0.089 seconds
[2024-05-10T07:39:18.216+0000] {processor.py:161} INFO - Started process (PID=2003) to work on /home/airflow/.local/lib/python3.12/site-packages/airflow/example_dags/example_task_group_decorator.py
[2024-05-10T07:39:18.216+0000] {processor.py:830} INFO - Processing file /home/airflow/.local/lib/python3.12/site-packages/airflow/example_dags/example_task_group_decorator.py for tasks to queue
[2024-05-10T07:39:18.218+0000] {logging_mixin.py:188} INFO - [2024-05-10T07:39:18.217+0000] {dagbag.py:540} INFO - Filling up the DagBag from /home/airflow/.local/lib/python3.12/site-packages/airflow/example_dags/example_task_group_decorator.py
[2024-05-10T07:39:18.230+0000] {processor.py:840} INFO - DAG(s) 'example_task_group_decorator' retrieved from /home/airflow/.local/lib/python3.12/site-packages/airflow/example_dags/example_task_group_decorator.py
[2024-05-10T07:39:18.251+0000] {logging_mixin.py:188} INFO - [2024-05-10T07:39:18.250+0000] {dag.py:3096} INFO - Sync 1 DAGs
[2024-05-10T07:39:18.268+0000] {logging_mixin.py:188} INFO - [2024-05-10T07:39:18.268+0000] {dag.py:3954} INFO - Setting next_dagrun for example_task_group_decorator to 2024-05-09 00:00:00+00:00, run_after=2024-05-10 00:00:00+00:00
[2024-05-10T07:39:18.292+0000] {processor.py:183} INFO - Processing /home/airflow/.local/lib/python3.12/site-packages/airflow/example_dags/example_task_group_decorator.py took 0.081 seconds
[2024-05-10T07:39:48.385+0000] {processor.py:161} INFO - Started process (PID=2061) to work on /home/airflow/.local/lib/python3.12/site-packages/airflow/example_dags/example_task_group_decorator.py
[2024-05-10T07:39:48.385+0000] {processor.py:830} INFO - Processing file /home/airflow/.local/lib/python3.12/site-packages/airflow/example_dags/example_task_group_decorator.py for tasks to queue
[2024-05-10T07:39:48.386+0000] {logging_mixin.py:188} INFO - [2024-05-10T07:39:48.386+0000] {dagbag.py:540} INFO - Filling up the DagBag from /home/airflow/.local/lib/python3.12/site-packages/airflow/example_dags/example_task_group_decorator.py
[2024-05-10T07:39:48.399+0000] {processor.py:840} INFO - DAG(s) 'example_task_group_decorator' retrieved from /home/airflow/.local/lib/python3.12/site-packages/airflow/example_dags/example_task_group_decorator.py
[2024-05-10T07:39:48.421+0000] {logging_mixin.py:188} INFO - [2024-05-10T07:39:48.421+0000] {dag.py:3096} INFO - Sync 1 DAGs
[2024-05-10T07:39:48.441+0000] {logging_mixin.py:188} INFO - [2024-05-10T07:39:48.441+0000] {dag.py:3954} INFO - Setting next_dagrun for example_task_group_decorator to 2024-05-09 00:00:00+00:00, run_after=2024-05-10 00:00:00+00:00
[2024-05-10T07:39:48.464+0000] {processor.py:183} INFO - Processing /home/airflow/.local/lib/python3.12/site-packages/airflow/example_dags/example_task_group_decorator.py took 0.084 seconds
[2024-05-10T07:40:19.238+0000] {processor.py:161} INFO - Started process (PID=2120) to work on /home/airflow/.local/lib/python3.12/site-packages/airflow/example_dags/example_task_group_decorator.py
[2024-05-10T07:40:19.238+0000] {processor.py:830} INFO - Processing file /home/airflow/.local/lib/python3.12/site-packages/airflow/example_dags/example_task_group_decorator.py for tasks to queue
[2024-05-10T07:40:19.240+0000] {logging_mixin.py:188} INFO - [2024-05-10T07:40:19.239+0000] {dagbag.py:540} INFO - Filling up the DagBag from /home/airflow/.local/lib/python3.12/site-packages/airflow/example_dags/example_task_group_decorator.py
[2024-05-10T07:40:19.252+0000] {processor.py:840} INFO - DAG(s) 'example_task_group_decorator' retrieved from /home/airflow/.local/lib/python3.12/site-packages/airflow/example_dags/example_task_group_decorator.py
[2024-05-10T07:40:19.274+0000] {logging_mixin.py:188} INFO - [2024-05-10T07:40:19.274+0000] {dag.py:3096} INFO - Sync 1 DAGs
[2024-05-10T07:40:19.292+0000] {logging_mixin.py:188} INFO - [2024-05-10T07:40:19.292+0000] {dag.py:3954} INFO - Setting next_dagrun for example_task_group_decorator to 2024-05-09 00:00:00+00:00, run_after=2024-05-10 00:00:00+00:00
[2024-05-10T07:40:19.318+0000] {processor.py:183} INFO - Processing /home/airflow/.local/lib/python3.12/site-packages/airflow/example_dags/example_task_group_decorator.py took 0.085 seconds
[2024-05-10T07:40:49.815+0000] {processor.py:161} INFO - Started process (PID=2179) to work on /home/airflow/.local/lib/python3.12/site-packages/airflow/example_dags/example_task_group_decorator.py
[2024-05-10T07:40:49.816+0000] {processor.py:830} INFO - Processing file /home/airflow/.local/lib/python3.12/site-packages/airflow/example_dags/example_task_group_decorator.py for tasks to queue
[2024-05-10T07:40:49.817+0000] {logging_mixin.py:188} INFO - [2024-05-10T07:40:49.817+0000] {dagbag.py:540} INFO - Filling up the DagBag from /home/airflow/.local/lib/python3.12/site-packages/airflow/example_dags/example_task_group_decorator.py
[2024-05-10T07:40:49.829+0000] {processor.py:840} INFO - DAG(s) 'example_task_group_decorator' retrieved from /home/airflow/.local/lib/python3.12/site-packages/airflow/example_dags/example_task_group_decorator.py
[2024-05-10T07:40:49.850+0000] {logging_mixin.py:188} INFO - [2024-05-10T07:40:49.850+0000] {dag.py:3096} INFO - Sync 1 DAGs
[2024-05-10T07:40:49.869+0000] {logging_mixin.py:188} INFO - [2024-05-10T07:40:49.868+0000] {dag.py:3954} INFO - Setting next_dagrun for example_task_group_decorator to 2024-05-09 00:00:00+00:00, run_after=2024-05-10 00:00:00+00:00
[2024-05-10T07:40:49.885+0000] {processor.py:183} INFO - Processing /home/airflow/.local/lib/python3.12/site-packages/airflow/example_dags/example_task_group_decorator.py took 0.074 seconds
[2024-05-10T07:41:20.619+0000] {processor.py:161} INFO - Started process (PID=2238) to work on /home/airflow/.local/lib/python3.12/site-packages/airflow/example_dags/example_task_group_decorator.py
[2024-05-10T07:41:20.619+0000] {processor.py:830} INFO - Processing file /home/airflow/.local/lib/python3.12/site-packages/airflow/example_dags/example_task_group_decorator.py for tasks to queue
[2024-05-10T07:41:20.621+0000] {logging_mixin.py:188} INFO - [2024-05-10T07:41:20.620+0000] {dagbag.py:540} INFO - Filling up the DagBag from /home/airflow/.local/lib/python3.12/site-packages/airflow/example_dags/example_task_group_decorator.py
[2024-05-10T07:41:20.633+0000] {processor.py:840} INFO - DAG(s) 'example_task_group_decorator' retrieved from /home/airflow/.local/lib/python3.12/site-packages/airflow/example_dags/example_task_group_decorator.py
[2024-05-10T07:41:20.656+0000] {logging_mixin.py:188} INFO - [2024-05-10T07:41:20.655+0000] {dag.py:3096} INFO - Sync 1 DAGs
[2024-05-10T07:41:20.675+0000] {logging_mixin.py:188} INFO - [2024-05-10T07:41:20.674+0000] {dag.py:3954} INFO - Setting next_dagrun for example_task_group_decorator to 2024-05-09 00:00:00+00:00, run_after=2024-05-10 00:00:00+00:00
[2024-05-10T07:41:20.731+0000] {processor.py:183} INFO - Processing /home/airflow/.local/lib/python3.12/site-packages/airflow/example_dags/example_task_group_decorator.py took 0.116 seconds
[2024-05-10T07:41:50.827+0000] {processor.py:161} INFO - Started process (PID=2297) to work on /home/airflow/.local/lib/python3.12/site-packages/airflow/example_dags/example_task_group_decorator.py
[2024-05-10T07:41:50.827+0000] {processor.py:830} INFO - Processing file /home/airflow/.local/lib/python3.12/site-packages/airflow/example_dags/example_task_group_decorator.py for tasks to queue
[2024-05-10T07:41:50.829+0000] {logging_mixin.py:188} INFO - [2024-05-10T07:41:50.828+0000] {dagbag.py:540} INFO - Filling up the DagBag from /home/airflow/.local/lib/python3.12/site-packages/airflow/example_dags/example_task_group_decorator.py
[2024-05-10T07:41:50.840+0000] {processor.py:840} INFO - DAG(s) 'example_task_group_decorator' retrieved from /home/airflow/.local/lib/python3.12/site-packages/airflow/example_dags/example_task_group_decorator.py
[2024-05-10T07:41:50.860+0000] {logging_mixin.py:188} INFO - [2024-05-10T07:41:50.860+0000] {dag.py:3096} INFO - Sync 1 DAGs
[2024-05-10T07:41:50.878+0000] {logging_mixin.py:188} INFO - [2024-05-10T07:41:50.877+0000] {dag.py:3954} INFO - Setting next_dagrun for example_task_group_decorator to 2024-05-09 00:00:00+00:00, run_after=2024-05-10 00:00:00+00:00
[2024-05-10T07:41:50.896+0000] {processor.py:183} INFO - Processing /home/airflow/.local/lib/python3.12/site-packages/airflow/example_dags/example_task_group_decorator.py took 0.074 seconds
[2024-05-10T07:42:21.003+0000] {processor.py:161} INFO - Started process (PID=2354) to work on /home/airflow/.local/lib/python3.12/site-packages/airflow/example_dags/example_task_group_decorator.py
[2024-05-10T07:42:21.004+0000] {processor.py:830} INFO - Processing file /home/airflow/.local/lib/python3.12/site-packages/airflow/example_dags/example_task_group_decorator.py for tasks to queue
[2024-05-10T07:42:21.005+0000] {logging_mixin.py:188} INFO - [2024-05-10T07:42:21.005+0000] {dagbag.py:540} INFO - Filling up the DagBag from /home/airflow/.local/lib/python3.12/site-packages/airflow/example_dags/example_task_group_decorator.py
[2024-05-10T07:42:21.017+0000] {processor.py:840} INFO - DAG(s) 'example_task_group_decorator' retrieved from /home/airflow/.local/lib/python3.12/site-packages/airflow/example_dags/example_task_group_decorator.py
[2024-05-10T07:42:21.038+0000] {logging_mixin.py:188} INFO - [2024-05-10T07:42:21.037+0000] {dag.py:3096} INFO - Sync 1 DAGs
[2024-05-10T07:42:21.056+0000] {logging_mixin.py:188} INFO - [2024-05-10T07:42:21.056+0000] {dag.py:3954} INFO - Setting next_dagrun for example_task_group_decorator to 2024-05-09 00:00:00+00:00, run_after=2024-05-10 00:00:00+00:00
[2024-05-10T07:42:21.073+0000] {processor.py:183} INFO - Processing /home/airflow/.local/lib/python3.12/site-packages/airflow/example_dags/example_task_group_decorator.py took 0.075 seconds
[2024-05-10T07:42:51.986+0000] {processor.py:161} INFO - Started process (PID=2414) to work on /home/airflow/.local/lib/python3.12/site-packages/airflow/example_dags/example_task_group_decorator.py
[2024-05-10T07:42:51.986+0000] {processor.py:830} INFO - Processing file /home/airflow/.local/lib/python3.12/site-packages/airflow/example_dags/example_task_group_decorator.py for tasks to queue
[2024-05-10T07:42:51.989+0000] {logging_mixin.py:188} INFO - [2024-05-10T07:42:51.989+0000] {dagbag.py:540} INFO - Filling up the DagBag from /home/airflow/.local/lib/python3.12/site-packages/airflow/example_dags/example_task_group_decorator.py
[2024-05-10T07:42:52.002+0000] {processor.py:840} INFO - DAG(s) 'example_task_group_decorator' retrieved from /home/airflow/.local/lib/python3.12/site-packages/airflow/example_dags/example_task_group_decorator.py
[2024-05-10T07:42:52.024+0000] {logging_mixin.py:188} INFO - [2024-05-10T07:42:52.024+0000] {dag.py:3096} INFO - Sync 1 DAGs
[2024-05-10T07:42:52.044+0000] {logging_mixin.py:188} INFO - [2024-05-10T07:42:52.044+0000] {dag.py:3954} INFO - Setting next_dagrun for example_task_group_decorator to 2024-05-09 00:00:00+00:00, run_after=2024-05-10 00:00:00+00:00
[2024-05-10T07:42:52.062+0000] {processor.py:183} INFO - Processing /home/airflow/.local/lib/python3.12/site-packages/airflow/example_dags/example_task_group_decorator.py took 0.082 seconds
[2024-05-10T07:43:22.373+0000] {processor.py:161} INFO - Started process (PID=2473) to work on /home/airflow/.local/lib/python3.12/site-packages/airflow/example_dags/example_task_group_decorator.py
[2024-05-10T07:43:22.373+0000] {processor.py:830} INFO - Processing file /home/airflow/.local/lib/python3.12/site-packages/airflow/example_dags/example_task_group_decorator.py for tasks to queue
[2024-05-10T07:43:22.375+0000] {logging_mixin.py:188} INFO - [2024-05-10T07:43:22.374+0000] {dagbag.py:540} INFO - Filling up the DagBag from /home/airflow/.local/lib/python3.12/site-packages/airflow/example_dags/example_task_group_decorator.py
[2024-05-10T07:43:22.387+0000] {processor.py:840} INFO - DAG(s) 'example_task_group_decorator' retrieved from /home/airflow/.local/lib/python3.12/site-packages/airflow/example_dags/example_task_group_decorator.py
[2024-05-10T07:43:22.407+0000] {logging_mixin.py:188} INFO - [2024-05-10T07:43:22.407+0000] {dag.py:3096} INFO - Sync 1 DAGs
[2024-05-10T07:43:22.424+0000] {logging_mixin.py:188} INFO - [2024-05-10T07:43:22.424+0000] {dag.py:3954} INFO - Setting next_dagrun for example_task_group_decorator to 2024-05-09 00:00:00+00:00, run_after=2024-05-10 00:00:00+00:00
[2024-05-10T07:43:22.440+0000] {processor.py:183} INFO - Processing /home/airflow/.local/lib/python3.12/site-packages/airflow/example_dags/example_task_group_decorator.py took 0.072 seconds
[2024-05-10T07:43:52.902+0000] {processor.py:161} INFO - Started process (PID=2531) to work on /home/airflow/.local/lib/python3.12/site-packages/airflow/example_dags/example_task_group_decorator.py
[2024-05-10T07:43:52.903+0000] {processor.py:830} INFO - Processing file /home/airflow/.local/lib/python3.12/site-packages/airflow/example_dags/example_task_group_decorator.py for tasks to queue
[2024-05-10T07:43:52.904+0000] {logging_mixin.py:188} INFO - [2024-05-10T07:43:52.904+0000] {dagbag.py:540} INFO - Filling up the DagBag from /home/airflow/.local/lib/python3.12/site-packages/airflow/example_dags/example_task_group_decorator.py
[2024-05-10T07:43:52.916+0000] {processor.py:840} INFO - DAG(s) 'example_task_group_decorator' retrieved from /home/airflow/.local/lib/python3.12/site-packages/airflow/example_dags/example_task_group_decorator.py
[2024-05-10T07:43:52.946+0000] {logging_mixin.py:188} INFO - [2024-05-10T07:43:52.945+0000] {dag.py:3096} INFO - Sync 1 DAGs
[2024-05-10T07:43:52.963+0000] {logging_mixin.py:188} INFO - [2024-05-10T07:43:52.962+0000] {dag.py:3954} INFO - Setting next_dagrun for example_task_group_decorator to 2024-05-09 00:00:00+00:00, run_after=2024-05-10 00:00:00+00:00
[2024-05-10T07:43:52.983+0000] {processor.py:183} INFO - Processing /home/airflow/.local/lib/python3.12/site-packages/airflow/example_dags/example_task_group_decorator.py took 0.086 seconds
[2024-05-10T07:44:23.558+0000] {processor.py:161} INFO - Started process (PID=2590) to work on /home/airflow/.local/lib/python3.12/site-packages/airflow/example_dags/example_task_group_decorator.py
[2024-05-10T07:44:23.559+0000] {processor.py:830} INFO - Processing file /home/airflow/.local/lib/python3.12/site-packages/airflow/example_dags/example_task_group_decorator.py for tasks to queue
[2024-05-10T07:44:23.560+0000] {logging_mixin.py:188} INFO - [2024-05-10T07:44:23.560+0000] {dagbag.py:540} INFO - Filling up the DagBag from /home/airflow/.local/lib/python3.12/site-packages/airflow/example_dags/example_task_group_decorator.py
[2024-05-10T07:44:23.572+0000] {processor.py:840} INFO - DAG(s) 'example_task_group_decorator' retrieved from /home/airflow/.local/lib/python3.12/site-packages/airflow/example_dags/example_task_group_decorator.py
[2024-05-10T07:44:23.592+0000] {logging_mixin.py:188} INFO - [2024-05-10T07:44:23.592+0000] {dag.py:3096} INFO - Sync 1 DAGs
[2024-05-10T07:44:23.611+0000] {logging_mixin.py:188} INFO - [2024-05-10T07:44:23.611+0000] {dag.py:3954} INFO - Setting next_dagrun for example_task_group_decorator to 2024-05-09 00:00:00+00:00, run_after=2024-05-10 00:00:00+00:00
[2024-05-10T07:44:23.628+0000] {processor.py:183} INFO - Processing /home/airflow/.local/lib/python3.12/site-packages/airflow/example_dags/example_task_group_decorator.py took 0.075 seconds
[2024-05-10T07:44:53.982+0000] {processor.py:161} INFO - Started process (PID=2650) to work on /home/airflow/.local/lib/python3.12/site-packages/airflow/example_dags/example_task_group_decorator.py
[2024-05-10T07:44:53.983+0000] {processor.py:830} INFO - Processing file /home/airflow/.local/lib/python3.12/site-packages/airflow/example_dags/example_task_group_decorator.py for tasks to queue
[2024-05-10T07:44:53.984+0000] {logging_mixin.py:188} INFO - [2024-05-10T07:44:53.984+0000] {dagbag.py:540} INFO - Filling up the DagBag from /home/airflow/.local/lib/python3.12/site-packages/airflow/example_dags/example_task_group_decorator.py
[2024-05-10T07:44:53.996+0000] {processor.py:840} INFO - DAG(s) 'example_task_group_decorator' retrieved from /home/airflow/.local/lib/python3.12/site-packages/airflow/example_dags/example_task_group_decorator.py
[2024-05-10T07:44:54.017+0000] {logging_mixin.py:188} INFO - [2024-05-10T07:44:54.017+0000] {dag.py:3096} INFO - Sync 1 DAGs
[2024-05-10T07:44:54.035+0000] {logging_mixin.py:188} INFO - [2024-05-10T07:44:54.034+0000] {dag.py:3954} INFO - Setting next_dagrun for example_task_group_decorator to 2024-05-09 00:00:00+00:00, run_after=2024-05-10 00:00:00+00:00
[2024-05-10T07:44:54.050+0000] {processor.py:183} INFO - Processing /home/airflow/.local/lib/python3.12/site-packages/airflow/example_dags/example_task_group_decorator.py took 0.073 seconds
[2024-05-10T07:45:24.763+0000] {processor.py:161} INFO - Started process (PID=2710) to work on /home/airflow/.local/lib/python3.12/site-packages/airflow/example_dags/example_task_group_decorator.py
[2024-05-10T07:45:24.763+0000] {processor.py:830} INFO - Processing file /home/airflow/.local/lib/python3.12/site-packages/airflow/example_dags/example_task_group_decorator.py for tasks to queue
[2024-05-10T07:45:24.764+0000] {logging_mixin.py:188} INFO - [2024-05-10T07:45:24.764+0000] {dagbag.py:540} INFO - Filling up the DagBag from /home/airflow/.local/lib/python3.12/site-packages/airflow/example_dags/example_task_group_decorator.py
[2024-05-10T07:45:24.777+0000] {processor.py:840} INFO - DAG(s) 'example_task_group_decorator' retrieved from /home/airflow/.local/lib/python3.12/site-packages/airflow/example_dags/example_task_group_decorator.py
[2024-05-10T07:45:24.798+0000] {logging_mixin.py:188} INFO - [2024-05-10T07:45:24.798+0000] {dag.py:3096} INFO - Sync 1 DAGs
[2024-05-10T07:45:24.817+0000] {logging_mixin.py:188} INFO - [2024-05-10T07:45:24.817+0000] {dag.py:3954} INFO - Setting next_dagrun for example_task_group_decorator to 2024-05-09 00:00:00+00:00, run_after=2024-05-10 00:00:00+00:00
[2024-05-10T07:45:24.839+0000] {processor.py:183} INFO - Processing /home/airflow/.local/lib/python3.12/site-packages/airflow/example_dags/example_task_group_decorator.py took 0.081 seconds
[2024-05-10T07:45:55.370+0000] {processor.py:161} INFO - Started process (PID=2769) to work on /home/airflow/.local/lib/python3.12/site-packages/airflow/example_dags/example_task_group_decorator.py
[2024-05-10T07:45:55.370+0000] {processor.py:830} INFO - Processing file /home/airflow/.local/lib/python3.12/site-packages/airflow/example_dags/example_task_group_decorator.py for tasks to queue
[2024-05-10T07:45:55.371+0000] {logging_mixin.py:188} INFO - [2024-05-10T07:45:55.371+0000] {dagbag.py:540} INFO - Filling up the DagBag from /home/airflow/.local/lib/python3.12/site-packages/airflow/example_dags/example_task_group_decorator.py
[2024-05-10T07:45:55.384+0000] {processor.py:840} INFO - DAG(s) 'example_task_group_decorator' retrieved from /home/airflow/.local/lib/python3.12/site-packages/airflow/example_dags/example_task_group_decorator.py
[2024-05-10T07:45:55.406+0000] {logging_mixin.py:188} INFO - [2024-05-10T07:45:55.405+0000] {dag.py:3096} INFO - Sync 1 DAGs
[2024-05-10T07:45:55.424+0000] {logging_mixin.py:188} INFO - [2024-05-10T07:45:55.424+0000] {dag.py:3954} INFO - Setting next_dagrun for example_task_group_decorator to 2024-05-09 00:00:00+00:00, run_after=2024-05-10 00:00:00+00:00
[2024-05-10T07:45:55.451+0000] {processor.py:183} INFO - Processing /home/airflow/.local/lib/python3.12/site-packages/airflow/example_dags/example_task_group_decorator.py took 0.086 seconds
[2024-05-10T07:46:26.425+0000] {processor.py:161} INFO - Started process (PID=2827) to work on /home/airflow/.local/lib/python3.12/site-packages/airflow/example_dags/example_task_group_decorator.py
[2024-05-10T07:46:26.427+0000] {processor.py:830} INFO - Processing file /home/airflow/.local/lib/python3.12/site-packages/airflow/example_dags/example_task_group_decorator.py for tasks to queue
[2024-05-10T07:46:26.430+0000] {logging_mixin.py:188} INFO - [2024-05-10T07:46:26.429+0000] {dagbag.py:540} INFO - Filling up the DagBag from /home/airflow/.local/lib/python3.12/site-packages/airflow/example_dags/example_task_group_decorator.py
[2024-05-10T07:46:26.442+0000] {processor.py:840} INFO - DAG(s) 'example_task_group_decorator' retrieved from /home/airflow/.local/lib/python3.12/site-packages/airflow/example_dags/example_task_group_decorator.py
[2024-05-10T07:46:26.471+0000] {logging_mixin.py:188} INFO - [2024-05-10T07:46:26.471+0000] {dag.py:3096} INFO - Sync 1 DAGs
[2024-05-10T07:46:26.498+0000] {logging_mixin.py:188} INFO - [2024-05-10T07:46:26.498+0000] {dag.py:3954} INFO - Setting next_dagrun for example_task_group_decorator to 2024-05-09 00:00:00+00:00, run_after=2024-05-10 00:00:00+00:00
[2024-05-10T07:46:26.552+0000] {processor.py:183} INFO - Processing /home/airflow/.local/lib/python3.12/site-packages/airflow/example_dags/example_task_group_decorator.py took 0.132 seconds
[2024-05-10T07:46:56.741+0000] {processor.py:161} INFO - Started process (PID=2884) to work on /home/airflow/.local/lib/python3.12/site-packages/airflow/example_dags/example_task_group_decorator.py
[2024-05-10T07:46:56.742+0000] {processor.py:830} INFO - Processing file /home/airflow/.local/lib/python3.12/site-packages/airflow/example_dags/example_task_group_decorator.py for tasks to queue
[2024-05-10T07:46:56.743+0000] {logging_mixin.py:188} INFO - [2024-05-10T07:46:56.742+0000] {dagbag.py:540} INFO - Filling up the DagBag from /home/airflow/.local/lib/python3.12/site-packages/airflow/example_dags/example_task_group_decorator.py
[2024-05-10T07:46:56.757+0000] {processor.py:840} INFO - DAG(s) 'example_task_group_decorator' retrieved from /home/airflow/.local/lib/python3.12/site-packages/airflow/example_dags/example_task_group_decorator.py
[2024-05-10T07:46:56.779+0000] {logging_mixin.py:188} INFO - [2024-05-10T07:46:56.779+0000] {dag.py:3096} INFO - Sync 1 DAGs
[2024-05-10T07:46:56.807+0000] {logging_mixin.py:188} INFO - [2024-05-10T07:46:56.807+0000] {dag.py:3954} INFO - Setting next_dagrun for example_task_group_decorator to 2024-05-09 00:00:00+00:00, run_after=2024-05-10 00:00:00+00:00
[2024-05-10T07:46:56.864+0000] {processor.py:183} INFO - Processing /home/airflow/.local/lib/python3.12/site-packages/airflow/example_dags/example_task_group_decorator.py took 0.129 seconds
[2024-05-10T07:47:27.023+0000] {processor.py:161} INFO - Started process (PID=2942) to work on /home/airflow/.local/lib/python3.12/site-packages/airflow/example_dags/example_task_group_decorator.py
[2024-05-10T07:47:27.024+0000] {processor.py:830} INFO - Processing file /home/airflow/.local/lib/python3.12/site-packages/airflow/example_dags/example_task_group_decorator.py for tasks to queue
[2024-05-10T07:47:27.025+0000] {logging_mixin.py:188} INFO - [2024-05-10T07:47:27.024+0000] {dagbag.py:540} INFO - Filling up the DagBag from /home/airflow/.local/lib/python3.12/site-packages/airflow/example_dags/example_task_group_decorator.py
[2024-05-10T07:47:27.039+0000] {processor.py:840} INFO - DAG(s) 'example_task_group_decorator' retrieved from /home/airflow/.local/lib/python3.12/site-packages/airflow/example_dags/example_task_group_decorator.py
[2024-05-10T07:47:27.060+0000] {logging_mixin.py:188} INFO - [2024-05-10T07:47:27.059+0000] {dag.py:3096} INFO - Sync 1 DAGs
[2024-05-10T07:47:27.076+0000] {logging_mixin.py:188} INFO - [2024-05-10T07:47:27.076+0000] {dag.py:3954} INFO - Setting next_dagrun for example_task_group_decorator to 2024-05-09 00:00:00+00:00, run_after=2024-05-10 00:00:00+00:00
[2024-05-10T07:47:27.132+0000] {processor.py:183} INFO - Processing /home/airflow/.local/lib/python3.12/site-packages/airflow/example_dags/example_task_group_decorator.py took 0.115 seconds
[2024-05-10T07:47:57.328+0000] {processor.py:161} INFO - Started process (PID=3000) to work on /home/airflow/.local/lib/python3.12/site-packages/airflow/example_dags/example_task_group_decorator.py
[2024-05-10T07:47:57.328+0000] {processor.py:830} INFO - Processing file /home/airflow/.local/lib/python3.12/site-packages/airflow/example_dags/example_task_group_decorator.py for tasks to queue
[2024-05-10T07:47:57.329+0000] {logging_mixin.py:188} INFO - [2024-05-10T07:47:57.329+0000] {dagbag.py:540} INFO - Filling up the DagBag from /home/airflow/.local/lib/python3.12/site-packages/airflow/example_dags/example_task_group_decorator.py
[2024-05-10T07:47:57.342+0000] {processor.py:840} INFO - DAG(s) 'example_task_group_decorator' retrieved from /home/airflow/.local/lib/python3.12/site-packages/airflow/example_dags/example_task_group_decorator.py
[2024-05-10T07:47:57.366+0000] {logging_mixin.py:188} INFO - [2024-05-10T07:47:57.365+0000] {dag.py:3096} INFO - Sync 1 DAGs
[2024-05-10T07:47:57.388+0000] {logging_mixin.py:188} INFO - [2024-05-10T07:47:57.387+0000] {dag.py:3954} INFO - Setting next_dagrun for example_task_group_decorator to 2024-05-09 00:00:00+00:00, run_after=2024-05-10 00:00:00+00:00
[2024-05-10T07:47:57.410+0000] {processor.py:183} INFO - Processing /home/airflow/.local/lib/python3.12/site-packages/airflow/example_dags/example_task_group_decorator.py took 0.087 seconds
[2024-05-10T07:48:28.402+0000] {processor.py:161} INFO - Started process (PID=3058) to work on /home/airflow/.local/lib/python3.12/site-packages/airflow/example_dags/example_task_group_decorator.py
[2024-05-10T07:48:28.404+0000] {processor.py:830} INFO - Processing file /home/airflow/.local/lib/python3.12/site-packages/airflow/example_dags/example_task_group_decorator.py for tasks to queue
[2024-05-10T07:48:28.404+0000] {logging_mixin.py:188} INFO - [2024-05-10T07:48:28.404+0000] {dagbag.py:540} INFO - Filling up the DagBag from /home/airflow/.local/lib/python3.12/site-packages/airflow/example_dags/example_task_group_decorator.py
[2024-05-10T07:48:28.418+0000] {processor.py:840} INFO - DAG(s) 'example_task_group_decorator' retrieved from /home/airflow/.local/lib/python3.12/site-packages/airflow/example_dags/example_task_group_decorator.py
[2024-05-10T07:48:28.441+0000] {logging_mixin.py:188} INFO - [2024-05-10T07:48:28.440+0000] {dag.py:3096} INFO - Sync 1 DAGs
[2024-05-10T07:48:28.459+0000] {logging_mixin.py:188} INFO - [2024-05-10T07:48:28.459+0000] {dag.py:3954} INFO - Setting next_dagrun for example_task_group_decorator to 2024-05-09 00:00:00+00:00, run_after=2024-05-10 00:00:00+00:00
[2024-05-10T07:48:28.476+0000] {processor.py:183} INFO - Processing /home/airflow/.local/lib/python3.12/site-packages/airflow/example_dags/example_task_group_decorator.py took 0.079 seconds
[2024-05-10T07:48:58.570+0000] {processor.py:161} INFO - Started process (PID=3116) to work on /home/airflow/.local/lib/python3.12/site-packages/airflow/example_dags/example_task_group_decorator.py
[2024-05-10T07:48:58.571+0000] {processor.py:830} INFO - Processing file /home/airflow/.local/lib/python3.12/site-packages/airflow/example_dags/example_task_group_decorator.py for tasks to queue
[2024-05-10T07:48:58.571+0000] {logging_mixin.py:188} INFO - [2024-05-10T07:48:58.571+0000] {dagbag.py:540} INFO - Filling up the DagBag from /home/airflow/.local/lib/python3.12/site-packages/airflow/example_dags/example_task_group_decorator.py
[2024-05-10T07:48:58.584+0000] {processor.py:840} INFO - DAG(s) 'example_task_group_decorator' retrieved from /home/airflow/.local/lib/python3.12/site-packages/airflow/example_dags/example_task_group_decorator.py
[2024-05-10T07:48:58.606+0000] {logging_mixin.py:188} INFO - [2024-05-10T07:48:58.606+0000] {dag.py:3096} INFO - Sync 1 DAGs
[2024-05-10T07:48:58.624+0000] {logging_mixin.py:188} INFO - [2024-05-10T07:48:58.624+0000] {dag.py:3954} INFO - Setting next_dagrun for example_task_group_decorator to 2024-05-09 00:00:00+00:00, run_after=2024-05-10 00:00:00+00:00
[2024-05-10T07:48:58.645+0000] {processor.py:183} INFO - Processing /home/airflow/.local/lib/python3.12/site-packages/airflow/example_dags/example_task_group_decorator.py took 0.080 seconds
[2024-05-10T07:49:28.682+0000] {processor.py:161} INFO - Started process (PID=3173) to work on /home/airflow/.local/lib/python3.12/site-packages/airflow/example_dags/example_task_group_decorator.py
[2024-05-10T07:49:28.682+0000] {processor.py:830} INFO - Processing file /home/airflow/.local/lib/python3.12/site-packages/airflow/example_dags/example_task_group_decorator.py for tasks to queue
[2024-05-10T07:49:28.683+0000] {logging_mixin.py:188} INFO - [2024-05-10T07:49:28.683+0000] {dagbag.py:540} INFO - Filling up the DagBag from /home/airflow/.local/lib/python3.12/site-packages/airflow/example_dags/example_task_group_decorator.py
[2024-05-10T07:49:28.695+0000] {processor.py:840} INFO - DAG(s) 'example_task_group_decorator' retrieved from /home/airflow/.local/lib/python3.12/site-packages/airflow/example_dags/example_task_group_decorator.py
[2024-05-10T07:49:28.717+0000] {logging_mixin.py:188} INFO - [2024-05-10T07:49:28.717+0000] {dag.py:3096} INFO - Sync 1 DAGs
[2024-05-10T07:49:28.735+0000] {logging_mixin.py:188} INFO - [2024-05-10T07:49:28.734+0000] {dag.py:3954} INFO - Setting next_dagrun for example_task_group_decorator to 2024-05-09 00:00:00+00:00, run_after=2024-05-10 00:00:00+00:00
[2024-05-10T07:49:28.762+0000] {processor.py:183} INFO - Processing /home/airflow/.local/lib/python3.12/site-packages/airflow/example_dags/example_task_group_decorator.py took 0.086 seconds
[2024-05-10T07:49:59.105+0000] {processor.py:161} INFO - Started process (PID=3232) to work on /home/airflow/.local/lib/python3.12/site-packages/airflow/example_dags/example_task_group_decorator.py
[2024-05-10T07:49:59.105+0000] {processor.py:830} INFO - Processing file /home/airflow/.local/lib/python3.12/site-packages/airflow/example_dags/example_task_group_decorator.py for tasks to queue
[2024-05-10T07:49:59.106+0000] {logging_mixin.py:188} INFO - [2024-05-10T07:49:59.106+0000] {dagbag.py:540} INFO - Filling up the DagBag from /home/airflow/.local/lib/python3.12/site-packages/airflow/example_dags/example_task_group_decorator.py
[2024-05-10T07:49:59.121+0000] {processor.py:840} INFO - DAG(s) 'example_task_group_decorator' retrieved from /home/airflow/.local/lib/python3.12/site-packages/airflow/example_dags/example_task_group_decorator.py
[2024-05-10T07:49:59.150+0000] {logging_mixin.py:188} INFO - [2024-05-10T07:49:59.149+0000] {dag.py:3096} INFO - Sync 1 DAGs
[2024-05-10T07:49:59.170+0000] {logging_mixin.py:188} INFO - [2024-05-10T07:49:59.170+0000] {dag.py:3954} INFO - Setting next_dagrun for example_task_group_decorator to 2024-05-09 00:00:00+00:00, run_after=2024-05-10 00:00:00+00:00
[2024-05-10T07:49:59.190+0000] {processor.py:183} INFO - Processing /home/airflow/.local/lib/python3.12/site-packages/airflow/example_dags/example_task_group_decorator.py took 0.093 seconds
[2024-05-10T07:50:29.958+0000] {processor.py:161} INFO - Started process (PID=3290) to work on /home/airflow/.local/lib/python3.12/site-packages/airflow/example_dags/example_task_group_decorator.py
[2024-05-10T07:50:29.959+0000] {processor.py:830} INFO - Processing file /home/airflow/.local/lib/python3.12/site-packages/airflow/example_dags/example_task_group_decorator.py for tasks to queue
[2024-05-10T07:50:29.960+0000] {logging_mixin.py:188} INFO - [2024-05-10T07:50:29.960+0000] {dagbag.py:540} INFO - Filling up the DagBag from /home/airflow/.local/lib/python3.12/site-packages/airflow/example_dags/example_task_group_decorator.py
[2024-05-10T07:50:29.973+0000] {processor.py:840} INFO - DAG(s) 'example_task_group_decorator' retrieved from /home/airflow/.local/lib/python3.12/site-packages/airflow/example_dags/example_task_group_decorator.py
[2024-05-10T07:50:30.000+0000] {logging_mixin.py:188} INFO - [2024-05-10T07:50:30.000+0000] {dag.py:3096} INFO - Sync 1 DAGs
[2024-05-10T07:50:30.020+0000] {logging_mixin.py:188} INFO - [2024-05-10T07:50:30.020+0000] {dag.py:3954} INFO - Setting next_dagrun for example_task_group_decorator to 2024-05-09 00:00:00+00:00, run_after=2024-05-10 00:00:00+00:00
[2024-05-10T07:50:30.039+0000] {processor.py:183} INFO - Processing /home/airflow/.local/lib/python3.12/site-packages/airflow/example_dags/example_task_group_decorator.py took 0.085 seconds
[2024-05-10T07:51:00.223+0000] {processor.py:161} INFO - Started process (PID=3348) to work on /home/airflow/.local/lib/python3.12/site-packages/airflow/example_dags/example_task_group_decorator.py
[2024-05-10T07:51:00.224+0000] {processor.py:830} INFO - Processing file /home/airflow/.local/lib/python3.12/site-packages/airflow/example_dags/example_task_group_decorator.py for tasks to queue
[2024-05-10T07:51:00.225+0000] {logging_mixin.py:188} INFO - [2024-05-10T07:51:00.224+0000] {dagbag.py:540} INFO - Filling up the DagBag from /home/airflow/.local/lib/python3.12/site-packages/airflow/example_dags/example_task_group_decorator.py
[2024-05-10T07:51:00.240+0000] {processor.py:840} INFO - DAG(s) 'example_task_group_decorator' retrieved from /home/airflow/.local/lib/python3.12/site-packages/airflow/example_dags/example_task_group_decorator.py
[2024-05-10T07:51:00.265+0000] {logging_mixin.py:188} INFO - [2024-05-10T07:51:00.265+0000] {dag.py:3096} INFO - Sync 1 DAGs
[2024-05-10T07:51:00.285+0000] {logging_mixin.py:188} INFO - [2024-05-10T07:51:00.285+0000] {dag.py:3954} INFO - Setting next_dagrun for example_task_group_decorator to 2024-05-09 00:00:00+00:00, run_after=2024-05-10 00:00:00+00:00
[2024-05-10T07:51:00.304+0000] {processor.py:183} INFO - Processing /home/airflow/.local/lib/python3.12/site-packages/airflow/example_dags/example_task_group_decorator.py took 0.086 seconds
[2024-05-10T07:51:30.572+0000] {processor.py:161} INFO - Started process (PID=3405) to work on /home/airflow/.local/lib/python3.12/site-packages/airflow/example_dags/example_task_group_decorator.py
[2024-05-10T07:51:30.573+0000] {processor.py:830} INFO - Processing file /home/airflow/.local/lib/python3.12/site-packages/airflow/example_dags/example_task_group_decorator.py for tasks to queue
[2024-05-10T07:51:30.574+0000] {logging_mixin.py:188} INFO - [2024-05-10T07:51:30.574+0000] {dagbag.py:540} INFO - Filling up the DagBag from /home/airflow/.local/lib/python3.12/site-packages/airflow/example_dags/example_task_group_decorator.py
[2024-05-10T07:51:30.588+0000] {processor.py:840} INFO - DAG(s) 'example_task_group_decorator' retrieved from /home/airflow/.local/lib/python3.12/site-packages/airflow/example_dags/example_task_group_decorator.py
[2024-05-10T07:51:30.615+0000] {logging_mixin.py:188} INFO - [2024-05-10T07:51:30.615+0000] {dag.py:3096} INFO - Sync 1 DAGs
[2024-05-10T07:51:30.641+0000] {logging_mixin.py:188} INFO - [2024-05-10T07:51:30.641+0000] {dag.py:3954} INFO - Setting next_dagrun for example_task_group_decorator to 2024-05-09 00:00:00+00:00, run_after=2024-05-10 00:00:00+00:00
[2024-05-10T07:51:30.678+0000] {processor.py:183} INFO - Processing /home/airflow/.local/lib/python3.12/site-packages/airflow/example_dags/example_task_group_decorator.py took 0.111 seconds
[2024-05-10T07:52:01.536+0000] {processor.py:161} INFO - Started process (PID=3463) to work on /home/airflow/.local/lib/python3.12/site-packages/airflow/example_dags/example_task_group_decorator.py
[2024-05-10T07:52:01.537+0000] {processor.py:830} INFO - Processing file /home/airflow/.local/lib/python3.12/site-packages/airflow/example_dags/example_task_group_decorator.py for tasks to queue
[2024-05-10T07:52:01.537+0000] {logging_mixin.py:188} INFO - [2024-05-10T07:52:01.537+0000] {dagbag.py:540} INFO - Filling up the DagBag from /home/airflow/.local/lib/python3.12/site-packages/airflow/example_dags/example_task_group_decorator.py
[2024-05-10T07:52:01.550+0000] {processor.py:840} INFO - DAG(s) 'example_task_group_decorator' retrieved from /home/airflow/.local/lib/python3.12/site-packages/airflow/example_dags/example_task_group_decorator.py
[2024-05-10T07:52:01.576+0000] {logging_mixin.py:188} INFO - [2024-05-10T07:52:01.576+0000] {dag.py:3096} INFO - Sync 1 DAGs
[2024-05-10T07:52:01.593+0000] {logging_mixin.py:188} INFO - [2024-05-10T07:52:01.593+0000] {dag.py:3954} INFO - Setting next_dagrun for example_task_group_decorator to 2024-05-09 00:00:00+00:00, run_after=2024-05-10 00:00:00+00:00
[2024-05-10T07:52:01.617+0000] {processor.py:183} INFO - Processing /home/airflow/.local/lib/python3.12/site-packages/airflow/example_dags/example_task_group_decorator.py took 0.086 seconds
[2024-05-10T07:52:31.782+0000] {processor.py:161} INFO - Started process (PID=3521) to work on /home/airflow/.local/lib/python3.12/site-packages/airflow/example_dags/example_task_group_decorator.py
[2024-05-10T07:52:31.783+0000] {processor.py:830} INFO - Processing file /home/airflow/.local/lib/python3.12/site-packages/airflow/example_dags/example_task_group_decorator.py for tasks to queue
[2024-05-10T07:52:31.784+0000] {logging_mixin.py:188} INFO - [2024-05-10T07:52:31.783+0000] {dagbag.py:540} INFO - Filling up the DagBag from /home/airflow/.local/lib/python3.12/site-packages/airflow/example_dags/example_task_group_decorator.py
[2024-05-10T07:52:31.797+0000] {processor.py:840} INFO - DAG(s) 'example_task_group_decorator' retrieved from /home/airflow/.local/lib/python3.12/site-packages/airflow/example_dags/example_task_group_decorator.py
[2024-05-10T07:52:31.820+0000] {logging_mixin.py:188} INFO - [2024-05-10T07:52:31.820+0000] {dag.py:3096} INFO - Sync 1 DAGs
[2024-05-10T07:52:31.840+0000] {logging_mixin.py:188} INFO - [2024-05-10T07:52:31.840+0000] {dag.py:3954} INFO - Setting next_dagrun for example_task_group_decorator to 2024-05-09 00:00:00+00:00, run_after=2024-05-10 00:00:00+00:00
[2024-05-10T07:52:31.863+0000] {processor.py:183} INFO - Processing /home/airflow/.local/lib/python3.12/site-packages/airflow/example_dags/example_task_group_decorator.py took 0.087 seconds
[2024-05-10T07:53:02.802+0000] {processor.py:161} INFO - Started process (PID=3579) to work on /home/airflow/.local/lib/python3.12/site-packages/airflow/example_dags/example_task_group_decorator.py
[2024-05-10T07:53:02.803+0000] {processor.py:830} INFO - Processing file /home/airflow/.local/lib/python3.12/site-packages/airflow/example_dags/example_task_group_decorator.py for tasks to queue
[2024-05-10T07:53:02.803+0000] {logging_mixin.py:188} INFO - [2024-05-10T07:53:02.803+0000] {dagbag.py:540} INFO - Filling up the DagBag from /home/airflow/.local/lib/python3.12/site-packages/airflow/example_dags/example_task_group_decorator.py
[2024-05-10T07:53:02.816+0000] {processor.py:840} INFO - DAG(s) 'example_task_group_decorator' retrieved from /home/airflow/.local/lib/python3.12/site-packages/airflow/example_dags/example_task_group_decorator.py
[2024-05-10T07:53:02.837+0000] {logging_mixin.py:188} INFO - [2024-05-10T07:53:02.836+0000] {dag.py:3096} INFO - Sync 1 DAGs
[2024-05-10T07:53:02.854+0000] {logging_mixin.py:188} INFO - [2024-05-10T07:53:02.854+0000] {dag.py:3954} INFO - Setting next_dagrun for example_task_group_decorator to 2024-05-09 00:00:00+00:00, run_after=2024-05-10 00:00:00+00:00
[2024-05-10T07:53:02.872+0000] {processor.py:183} INFO - Processing /home/airflow/.local/lib/python3.12/site-packages/airflow/example_dags/example_task_group_decorator.py took 0.074 seconds
[2024-05-10T07:53:33.314+0000] {processor.py:161} INFO - Started process (PID=3636) to work on /home/airflow/.local/lib/python3.12/site-packages/airflow/example_dags/example_task_group_decorator.py
[2024-05-10T07:53:33.315+0000] {processor.py:830} INFO - Processing file /home/airflow/.local/lib/python3.12/site-packages/airflow/example_dags/example_task_group_decorator.py for tasks to queue
[2024-05-10T07:53:33.316+0000] {logging_mixin.py:188} INFO - [2024-05-10T07:53:33.315+0000] {dagbag.py:540} INFO - Filling up the DagBag from /home/airflow/.local/lib/python3.12/site-packages/airflow/example_dags/example_task_group_decorator.py
[2024-05-10T07:53:33.328+0000] {processor.py:840} INFO - DAG(s) 'example_task_group_decorator' retrieved from /home/airflow/.local/lib/python3.12/site-packages/airflow/example_dags/example_task_group_decorator.py
[2024-05-10T07:53:33.354+0000] {logging_mixin.py:188} INFO - [2024-05-10T07:53:33.353+0000] {dag.py:3096} INFO - Sync 1 DAGs
[2024-05-10T07:53:33.372+0000] {logging_mixin.py:188} INFO - [2024-05-10T07:53:33.372+0000] {dag.py:3954} INFO - Setting next_dagrun for example_task_group_decorator to 2024-05-09 00:00:00+00:00, run_after=2024-05-10 00:00:00+00:00
[2024-05-10T07:53:33.395+0000] {processor.py:183} INFO - Processing /home/airflow/.local/lib/python3.12/site-packages/airflow/example_dags/example_task_group_decorator.py took 0.085 seconds
[2024-05-10T07:54:03.826+0000] {processor.py:161} INFO - Started process (PID=3694) to work on /home/airflow/.local/lib/python3.12/site-packages/airflow/example_dags/example_task_group_decorator.py
[2024-05-10T07:54:03.827+0000] {processor.py:830} INFO - Processing file /home/airflow/.local/lib/python3.12/site-packages/airflow/example_dags/example_task_group_decorator.py for tasks to queue
[2024-05-10T07:54:03.827+0000] {logging_mixin.py:188} INFO - [2024-05-10T07:54:03.827+0000] {dagbag.py:540} INFO - Filling up the DagBag from /home/airflow/.local/lib/python3.12/site-packages/airflow/example_dags/example_task_group_decorator.py
[2024-05-10T07:54:03.841+0000] {processor.py:840} INFO - DAG(s) 'example_task_group_decorator' retrieved from /home/airflow/.local/lib/python3.12/site-packages/airflow/example_dags/example_task_group_decorator.py
[2024-05-10T07:54:03.862+0000] {logging_mixin.py:188} INFO - [2024-05-10T07:54:03.861+0000] {dag.py:3096} INFO - Sync 1 DAGs
[2024-05-10T07:54:03.880+0000] {logging_mixin.py:188} INFO - [2024-05-10T07:54:03.880+0000] {dag.py:3954} INFO - Setting next_dagrun for example_task_group_decorator to 2024-05-09 00:00:00+00:00, run_after=2024-05-10 00:00:00+00:00
[2024-05-10T07:54:03.906+0000] {processor.py:183} INFO - Processing /home/airflow/.local/lib/python3.12/site-packages/airflow/example_dags/example_task_group_decorator.py took 0.085 seconds
[2024-05-10T07:54:34.379+0000] {processor.py:161} INFO - Started process (PID=3751) to work on /home/airflow/.local/lib/python3.12/site-packages/airflow/example_dags/example_task_group_decorator.py
[2024-05-10T07:54:34.381+0000] {processor.py:830} INFO - Processing file /home/airflow/.local/lib/python3.12/site-packages/airflow/example_dags/example_task_group_decorator.py for tasks to queue
[2024-05-10T07:54:34.381+0000] {logging_mixin.py:188} INFO - [2024-05-10T07:54:34.381+0000] {dagbag.py:540} INFO - Filling up the DagBag from /home/airflow/.local/lib/python3.12/site-packages/airflow/example_dags/example_task_group_decorator.py
[2024-05-10T07:54:34.397+0000] {processor.py:840} INFO - DAG(s) 'example_task_group_decorator' retrieved from /home/airflow/.local/lib/python3.12/site-packages/airflow/example_dags/example_task_group_decorator.py
[2024-05-10T07:54:34.422+0000] {logging_mixin.py:188} INFO - [2024-05-10T07:54:34.422+0000] {dag.py:3096} INFO - Sync 1 DAGs
[2024-05-10T07:54:34.442+0000] {logging_mixin.py:188} INFO - [2024-05-10T07:54:34.442+0000] {dag.py:3954} INFO - Setting next_dagrun for example_task_group_decorator to 2024-05-09 00:00:00+00:00, run_after=2024-05-10 00:00:00+00:00
[2024-05-10T07:54:34.469+0000] {processor.py:183} INFO - Processing /home/airflow/.local/lib/python3.12/site-packages/airflow/example_dags/example_task_group_decorator.py took 0.095 seconds
[2024-05-10T07:55:05.119+0000] {processor.py:161} INFO - Started process (PID=3809) to work on /home/airflow/.local/lib/python3.12/site-packages/airflow/example_dags/example_task_group_decorator.py
[2024-05-10T07:55:05.120+0000] {processor.py:830} INFO - Processing file /home/airflow/.local/lib/python3.12/site-packages/airflow/example_dags/example_task_group_decorator.py for tasks to queue
[2024-05-10T07:55:05.121+0000] {logging_mixin.py:188} INFO - [2024-05-10T07:55:05.120+0000] {dagbag.py:540} INFO - Filling up the DagBag from /home/airflow/.local/lib/python3.12/site-packages/airflow/example_dags/example_task_group_decorator.py
[2024-05-10T07:55:05.136+0000] {processor.py:840} INFO - DAG(s) 'example_task_group_decorator' retrieved from /home/airflow/.local/lib/python3.12/site-packages/airflow/example_dags/example_task_group_decorator.py
[2024-05-10T07:55:05.162+0000] {logging_mixin.py:188} INFO - [2024-05-10T07:55:05.161+0000] {dag.py:3096} INFO - Sync 1 DAGs
[2024-05-10T07:55:05.191+0000] {logging_mixin.py:188} INFO - [2024-05-10T07:55:05.190+0000] {dag.py:3954} INFO - Setting next_dagrun for example_task_group_decorator to 2024-05-09 00:00:00+00:00, run_after=2024-05-10 00:00:00+00:00
[2024-05-10T07:55:05.222+0000] {processor.py:183} INFO - Processing /home/airflow/.local/lib/python3.12/site-packages/airflow/example_dags/example_task_group_decorator.py took 0.108 seconds
