[2024-05-10T07:22:23.587+0000] {processor.py:161} INFO - Started process (PID=45) to work on /home/airflow/.local/lib/python3.12/site-packages/airflow/example_dags/example_latest_only_with_trigger.py
[2024-05-10T07:22:23.588+0000] {processor.py:830} INFO - Processing file /home/airflow/.local/lib/python3.12/site-packages/airflow/example_dags/example_latest_only_with_trigger.py for tasks to queue
[2024-05-10T07:22:23.589+0000] {logging_mixin.py:188} INFO - [2024-05-10T07:22:23.589+0000] {dagbag.py:540} INFO - Filling up the DagBag from /home/airflow/.local/lib/python3.12/site-packages/airflow/example_dags/example_latest_only_with_trigger.py
[2024-05-10T07:22:23.596+0000] {processor.py:840} INFO - DAG(s) 'latest_only_with_trigger' retrieved from /home/airflow/.local/lib/python3.12/site-packages/airflow/example_dags/example_latest_only_with_trigger.py
[2024-05-10T07:22:23.612+0000] {logging_mixin.py:188} INFO - [2024-05-10T07:22:23.612+0000] {dag.py:3096} INFO - Sync 1 DAGs
[2024-05-10T07:22:23.634+0000] {logging_mixin.py:188} INFO - [2024-05-10T07:22:23.634+0000] {dag.py:3954} INFO - Setting next_dagrun for latest_only_with_trigger to 2024-05-10 00:00:00+00:00, run_after=2024-05-10 04:00:00+00:00
[2024-05-10T07:22:23.651+0000] {processor.py:183} INFO - Processing /home/airflow/.local/lib/python3.12/site-packages/airflow/example_dags/example_latest_only_with_trigger.py took 0.085 seconds
[2024-05-10T07:22:54.892+0000] {processor.py:161} INFO - Started process (PID=103) to work on /home/airflow/.local/lib/python3.12/site-packages/airflow/example_dags/example_latest_only_with_trigger.py
[2024-05-10T07:22:54.892+0000] {processor.py:830} INFO - Processing file /home/airflow/.local/lib/python3.12/site-packages/airflow/example_dags/example_latest_only_with_trigger.py for tasks to queue
[2024-05-10T07:22:54.894+0000] {logging_mixin.py:188} INFO - [2024-05-10T07:22:54.893+0000] {dagbag.py:540} INFO - Filling up the DagBag from /home/airflow/.local/lib/python3.12/site-packages/airflow/example_dags/example_latest_only_with_trigger.py
[2024-05-10T07:22:54.898+0000] {processor.py:840} INFO - DAG(s) 'latest_only_with_trigger' retrieved from /home/airflow/.local/lib/python3.12/site-packages/airflow/example_dags/example_latest_only_with_trigger.py
[2024-05-10T07:22:54.987+0000] {logging_mixin.py:188} INFO - [2024-05-10T07:22:54.987+0000] {dag.py:3096} INFO - Sync 1 DAGs
[2024-05-10T07:22:55.003+0000] {logging_mixin.py:188} INFO - [2024-05-10T07:22:55.003+0000] {dag.py:3954} INFO - Setting next_dagrun for latest_only_with_trigger to 2024-05-10 00:00:00+00:00, run_after=2024-05-10 04:00:00+00:00
[2024-05-10T07:22:55.030+0000] {processor.py:183} INFO - Processing /home/airflow/.local/lib/python3.12/site-packages/airflow/example_dags/example_latest_only_with_trigger.py took 0.143 seconds
[2024-05-10T07:23:25.494+0000] {processor.py:161} INFO - Started process (PID=161) to work on /home/airflow/.local/lib/python3.12/site-packages/airflow/example_dags/example_latest_only_with_trigger.py
[2024-05-10T07:23:25.495+0000] {processor.py:830} INFO - Processing file /home/airflow/.local/lib/python3.12/site-packages/airflow/example_dags/example_latest_only_with_trigger.py for tasks to queue
[2024-05-10T07:23:25.496+0000] {logging_mixin.py:188} INFO - [2024-05-10T07:23:25.496+0000] {dagbag.py:540} INFO - Filling up the DagBag from /home/airflow/.local/lib/python3.12/site-packages/airflow/example_dags/example_latest_only_with_trigger.py
[2024-05-10T07:23:25.502+0000] {processor.py:840} INFO - DAG(s) 'latest_only_with_trigger' retrieved from /home/airflow/.local/lib/python3.12/site-packages/airflow/example_dags/example_latest_only_with_trigger.py
[2024-05-10T07:23:25.518+0000] {logging_mixin.py:188} INFO - [2024-05-10T07:23:25.517+0000] {dag.py:3096} INFO - Sync 1 DAGs
[2024-05-10T07:23:25.535+0000] {logging_mixin.py:188} INFO - [2024-05-10T07:23:25.535+0000] {dag.py:3954} INFO - Setting next_dagrun for latest_only_with_trigger to 2024-05-10 00:00:00+00:00, run_after=2024-05-10 04:00:00+00:00
[2024-05-10T07:23:25.552+0000] {processor.py:183} INFO - Processing /home/airflow/.local/lib/python3.12/site-packages/airflow/example_dags/example_latest_only_with_trigger.py took 0.062 seconds
[2024-05-10T07:23:56.305+0000] {processor.py:161} INFO - Started process (PID=219) to work on /home/airflow/.local/lib/python3.12/site-packages/airflow/example_dags/example_latest_only_with_trigger.py
[2024-05-10T07:23:56.306+0000] {processor.py:830} INFO - Processing file /home/airflow/.local/lib/python3.12/site-packages/airflow/example_dags/example_latest_only_with_trigger.py for tasks to queue
[2024-05-10T07:23:56.307+0000] {logging_mixin.py:188} INFO - [2024-05-10T07:23:56.307+0000] {dagbag.py:540} INFO - Filling up the DagBag from /home/airflow/.local/lib/python3.12/site-packages/airflow/example_dags/example_latest_only_with_trigger.py
[2024-05-10T07:23:56.311+0000] {processor.py:840} INFO - DAG(s) 'latest_only_with_trigger' retrieved from /home/airflow/.local/lib/python3.12/site-packages/airflow/example_dags/example_latest_only_with_trigger.py
[2024-05-10T07:23:56.327+0000] {logging_mixin.py:188} INFO - [2024-05-10T07:23:56.327+0000] {dag.py:3096} INFO - Sync 1 DAGs
[2024-05-10T07:23:56.344+0000] {logging_mixin.py:188} INFO - [2024-05-10T07:23:56.344+0000] {dag.py:3954} INFO - Setting next_dagrun for latest_only_with_trigger to 2024-05-10 00:00:00+00:00, run_after=2024-05-10 04:00:00+00:00
[2024-05-10T07:23:56.363+0000] {processor.py:183} INFO - Processing /home/airflow/.local/lib/python3.12/site-packages/airflow/example_dags/example_latest_only_with_trigger.py took 0.063 seconds
[2024-05-10T07:24:26.907+0000] {processor.py:161} INFO - Started process (PID=276) to work on /home/airflow/.local/lib/python3.12/site-packages/airflow/example_dags/example_latest_only_with_trigger.py
[2024-05-10T07:24:26.908+0000] {processor.py:830} INFO - Processing file /home/airflow/.local/lib/python3.12/site-packages/airflow/example_dags/example_latest_only_with_trigger.py for tasks to queue
[2024-05-10T07:24:26.909+0000] {logging_mixin.py:188} INFO - [2024-05-10T07:24:26.909+0000] {dagbag.py:540} INFO - Filling up the DagBag from /home/airflow/.local/lib/python3.12/site-packages/airflow/example_dags/example_latest_only_with_trigger.py
[2024-05-10T07:24:26.913+0000] {processor.py:840} INFO - DAG(s) 'latest_only_with_trigger' retrieved from /home/airflow/.local/lib/python3.12/site-packages/airflow/example_dags/example_latest_only_with_trigger.py
[2024-05-10T07:24:26.930+0000] {logging_mixin.py:188} INFO - [2024-05-10T07:24:26.930+0000] {dag.py:3096} INFO - Sync 1 DAGs
[2024-05-10T07:24:26.947+0000] {logging_mixin.py:188} INFO - [2024-05-10T07:24:26.947+0000] {dag.py:3954} INFO - Setting next_dagrun for latest_only_with_trigger to 2024-05-10 00:00:00+00:00, run_after=2024-05-10 04:00:00+00:00
[2024-05-10T07:24:26.963+0000] {processor.py:183} INFO - Processing /home/airflow/.local/lib/python3.12/site-packages/airflow/example_dags/example_latest_only_with_trigger.py took 0.061 seconds
[2024-05-10T07:24:57.404+0000] {processor.py:161} INFO - Started process (PID=334) to work on /home/airflow/.local/lib/python3.12/site-packages/airflow/example_dags/example_latest_only_with_trigger.py
[2024-05-10T07:24:57.404+0000] {processor.py:830} INFO - Processing file /home/airflow/.local/lib/python3.12/site-packages/airflow/example_dags/example_latest_only_with_trigger.py for tasks to queue
[2024-05-10T07:24:57.406+0000] {logging_mixin.py:188} INFO - [2024-05-10T07:24:57.405+0000] {dagbag.py:540} INFO - Filling up the DagBag from /home/airflow/.local/lib/python3.12/site-packages/airflow/example_dags/example_latest_only_with_trigger.py
[2024-05-10T07:24:57.410+0000] {processor.py:840} INFO - DAG(s) 'latest_only_with_trigger' retrieved from /home/airflow/.local/lib/python3.12/site-packages/airflow/example_dags/example_latest_only_with_trigger.py
[2024-05-10T07:24:57.426+0000] {logging_mixin.py:188} INFO - [2024-05-10T07:24:57.426+0000] {dag.py:3096} INFO - Sync 1 DAGs
[2024-05-10T07:24:57.443+0000] {logging_mixin.py:188} INFO - [2024-05-10T07:24:57.443+0000] {dag.py:3954} INFO - Setting next_dagrun for latest_only_with_trigger to 2024-05-10 00:00:00+00:00, run_after=2024-05-10 04:00:00+00:00
[2024-05-10T07:24:57.464+0000] {processor.py:183} INFO - Processing /home/airflow/.local/lib/python3.12/site-packages/airflow/example_dags/example_latest_only_with_trigger.py took 0.066 seconds
[2024-05-10T07:25:27.931+0000] {processor.py:161} INFO - Started process (PID=392) to work on /home/airflow/.local/lib/python3.12/site-packages/airflow/example_dags/example_latest_only_with_trigger.py
[2024-05-10T07:25:27.932+0000] {processor.py:830} INFO - Processing file /home/airflow/.local/lib/python3.12/site-packages/airflow/example_dags/example_latest_only_with_trigger.py for tasks to queue
[2024-05-10T07:25:27.935+0000] {logging_mixin.py:188} INFO - [2024-05-10T07:25:27.935+0000] {dagbag.py:540} INFO - Filling up the DagBag from /home/airflow/.local/lib/python3.12/site-packages/airflow/example_dags/example_latest_only_with_trigger.py
[2024-05-10T07:25:27.940+0000] {processor.py:840} INFO - DAG(s) 'latest_only_with_trigger' retrieved from /home/airflow/.local/lib/python3.12/site-packages/airflow/example_dags/example_latest_only_with_trigger.py
[2024-05-10T07:25:27.956+0000] {logging_mixin.py:188} INFO - [2024-05-10T07:25:27.956+0000] {dag.py:3096} INFO - Sync 1 DAGs
[2024-05-10T07:25:27.974+0000] {logging_mixin.py:188} INFO - [2024-05-10T07:25:27.974+0000] {dag.py:3954} INFO - Setting next_dagrun for latest_only_with_trigger to 2024-05-10 00:00:00+00:00, run_after=2024-05-10 04:00:00+00:00
[2024-05-10T07:25:27.995+0000] {processor.py:183} INFO - Processing /home/airflow/.local/lib/python3.12/site-packages/airflow/example_dags/example_latest_only_with_trigger.py took 0.070 seconds
[2024-05-10T07:25:58.081+0000] {processor.py:161} INFO - Started process (PID=450) to work on /home/airflow/.local/lib/python3.12/site-packages/airflow/example_dags/example_latest_only_with_trigger.py
[2024-05-10T07:25:58.082+0000] {processor.py:830} INFO - Processing file /home/airflow/.local/lib/python3.12/site-packages/airflow/example_dags/example_latest_only_with_trigger.py for tasks to queue
[2024-05-10T07:25:58.083+0000] {logging_mixin.py:188} INFO - [2024-05-10T07:25:58.083+0000] {dagbag.py:540} INFO - Filling up the DagBag from /home/airflow/.local/lib/python3.12/site-packages/airflow/example_dags/example_latest_only_with_trigger.py
[2024-05-10T07:25:58.087+0000] {processor.py:840} INFO - DAG(s) 'latest_only_with_trigger' retrieved from /home/airflow/.local/lib/python3.12/site-packages/airflow/example_dags/example_latest_only_with_trigger.py
[2024-05-10T07:25:58.103+0000] {logging_mixin.py:188} INFO - [2024-05-10T07:25:58.103+0000] {dag.py:3096} INFO - Sync 1 DAGs
[2024-05-10T07:25:58.121+0000] {logging_mixin.py:188} INFO - [2024-05-10T07:25:58.121+0000] {dag.py:3954} INFO - Setting next_dagrun for latest_only_with_trigger to 2024-05-10 00:00:00+00:00, run_after=2024-05-10 04:00:00+00:00
[2024-05-10T07:25:58.141+0000] {processor.py:183} INFO - Processing /home/airflow/.local/lib/python3.12/site-packages/airflow/example_dags/example_latest_only_with_trigger.py took 0.064 seconds
[2024-05-10T07:26:28.580+0000] {processor.py:161} INFO - Started process (PID=508) to work on /home/airflow/.local/lib/python3.12/site-packages/airflow/example_dags/example_latest_only_with_trigger.py
[2024-05-10T07:26:28.581+0000] {processor.py:830} INFO - Processing file /home/airflow/.local/lib/python3.12/site-packages/airflow/example_dags/example_latest_only_with_trigger.py for tasks to queue
[2024-05-10T07:26:28.582+0000] {logging_mixin.py:188} INFO - [2024-05-10T07:26:28.582+0000] {dagbag.py:540} INFO - Filling up the DagBag from /home/airflow/.local/lib/python3.12/site-packages/airflow/example_dags/example_latest_only_with_trigger.py
[2024-05-10T07:26:28.586+0000] {processor.py:840} INFO - DAG(s) 'latest_only_with_trigger' retrieved from /home/airflow/.local/lib/python3.12/site-packages/airflow/example_dags/example_latest_only_with_trigger.py
[2024-05-10T07:26:28.603+0000] {logging_mixin.py:188} INFO - [2024-05-10T07:26:28.602+0000] {dag.py:3096} INFO - Sync 1 DAGs
[2024-05-10T07:26:28.620+0000] {logging_mixin.py:188} INFO - [2024-05-10T07:26:28.620+0000] {dag.py:3954} INFO - Setting next_dagrun for latest_only_with_trigger to 2024-05-10 00:00:00+00:00, run_after=2024-05-10 04:00:00+00:00
[2024-05-10T07:26:28.640+0000] {processor.py:183} INFO - Processing /home/airflow/.local/lib/python3.12/site-packages/airflow/example_dags/example_latest_only_with_trigger.py took 0.064 seconds
[2024-05-10T07:26:59.159+0000] {processor.py:161} INFO - Started process (PID=566) to work on /home/airflow/.local/lib/python3.12/site-packages/airflow/example_dags/example_latest_only_with_trigger.py
[2024-05-10T07:26:59.160+0000] {processor.py:830} INFO - Processing file /home/airflow/.local/lib/python3.12/site-packages/airflow/example_dags/example_latest_only_with_trigger.py for tasks to queue
[2024-05-10T07:26:59.161+0000] {logging_mixin.py:188} INFO - [2024-05-10T07:26:59.161+0000] {dagbag.py:540} INFO - Filling up the DagBag from /home/airflow/.local/lib/python3.12/site-packages/airflow/example_dags/example_latest_only_with_trigger.py
[2024-05-10T07:26:59.166+0000] {processor.py:840} INFO - DAG(s) 'latest_only_with_trigger' retrieved from /home/airflow/.local/lib/python3.12/site-packages/airflow/example_dags/example_latest_only_with_trigger.py
[2024-05-10T07:26:59.188+0000] {logging_mixin.py:188} INFO - [2024-05-10T07:26:59.188+0000] {dag.py:3096} INFO - Sync 1 DAGs
[2024-05-10T07:26:59.207+0000] {logging_mixin.py:188} INFO - [2024-05-10T07:26:59.207+0000] {dag.py:3954} INFO - Setting next_dagrun for latest_only_with_trigger to 2024-05-10 00:00:00+00:00, run_after=2024-05-10 04:00:00+00:00
[2024-05-10T07:26:59.230+0000] {processor.py:183} INFO - Processing /home/airflow/.local/lib/python3.12/site-packages/airflow/example_dags/example_latest_only_with_trigger.py took 0.076 seconds
[2024-05-10T07:27:29.636+0000] {processor.py:161} INFO - Started process (PID=624) to work on /home/airflow/.local/lib/python3.12/site-packages/airflow/example_dags/example_latest_only_with_trigger.py
[2024-05-10T07:27:29.637+0000] {processor.py:830} INFO - Processing file /home/airflow/.local/lib/python3.12/site-packages/airflow/example_dags/example_latest_only_with_trigger.py for tasks to queue
[2024-05-10T07:27:29.638+0000] {logging_mixin.py:188} INFO - [2024-05-10T07:27:29.638+0000] {dagbag.py:540} INFO - Filling up the DagBag from /home/airflow/.local/lib/python3.12/site-packages/airflow/example_dags/example_latest_only_with_trigger.py
[2024-05-10T07:27:29.643+0000] {processor.py:840} INFO - DAG(s) 'latest_only_with_trigger' retrieved from /home/airflow/.local/lib/python3.12/site-packages/airflow/example_dags/example_latest_only_with_trigger.py
[2024-05-10T07:27:29.660+0000] {logging_mixin.py:188} INFO - [2024-05-10T07:27:29.659+0000] {dag.py:3096} INFO - Sync 1 DAGs
[2024-05-10T07:27:29.678+0000] {logging_mixin.py:188} INFO - [2024-05-10T07:27:29.677+0000] {dag.py:3954} INFO - Setting next_dagrun for latest_only_with_trigger to 2024-05-10 00:00:00+00:00, run_after=2024-05-10 04:00:00+00:00
[2024-05-10T07:27:29.698+0000] {processor.py:183} INFO - Processing /home/airflow/.local/lib/python3.12/site-packages/airflow/example_dags/example_latest_only_with_trigger.py took 0.066 seconds
[2024-05-10T07:28:00.383+0000] {processor.py:161} INFO - Started process (PID=682) to work on /home/airflow/.local/lib/python3.12/site-packages/airflow/example_dags/example_latest_only_with_trigger.py
[2024-05-10T07:28:00.384+0000] {processor.py:830} INFO - Processing file /home/airflow/.local/lib/python3.12/site-packages/airflow/example_dags/example_latest_only_with_trigger.py for tasks to queue
[2024-05-10T07:28:00.385+0000] {logging_mixin.py:188} INFO - [2024-05-10T07:28:00.385+0000] {dagbag.py:540} INFO - Filling up the DagBag from /home/airflow/.local/lib/python3.12/site-packages/airflow/example_dags/example_latest_only_with_trigger.py
[2024-05-10T07:28:00.390+0000] {processor.py:840} INFO - DAG(s) 'latest_only_with_trigger' retrieved from /home/airflow/.local/lib/python3.12/site-packages/airflow/example_dags/example_latest_only_with_trigger.py
[2024-05-10T07:28:00.421+0000] {logging_mixin.py:188} INFO - [2024-05-10T07:28:00.421+0000] {dag.py:3096} INFO - Sync 1 DAGs
[2024-05-10T07:28:00.440+0000] {logging_mixin.py:188} INFO - [2024-05-10T07:28:00.439+0000] {dag.py:3954} INFO - Setting next_dagrun for latest_only_with_trigger to 2024-05-10 00:00:00+00:00, run_after=2024-05-10 04:00:00+00:00
[2024-05-10T07:28:00.463+0000] {processor.py:183} INFO - Processing /home/airflow/.local/lib/python3.12/site-packages/airflow/example_dags/example_latest_only_with_trigger.py took 0.085 seconds
[2024-05-10T07:28:30.573+0000] {processor.py:161} INFO - Started process (PID=740) to work on /home/airflow/.local/lib/python3.12/site-packages/airflow/example_dags/example_latest_only_with_trigger.py
[2024-05-10T07:28:30.574+0000] {processor.py:830} INFO - Processing file /home/airflow/.local/lib/python3.12/site-packages/airflow/example_dags/example_latest_only_with_trigger.py for tasks to queue
[2024-05-10T07:28:30.575+0000] {logging_mixin.py:188} INFO - [2024-05-10T07:28:30.575+0000] {dagbag.py:540} INFO - Filling up the DagBag from /home/airflow/.local/lib/python3.12/site-packages/airflow/example_dags/example_latest_only_with_trigger.py
[2024-05-10T07:28:30.579+0000] {processor.py:840} INFO - DAG(s) 'latest_only_with_trigger' retrieved from /home/airflow/.local/lib/python3.12/site-packages/airflow/example_dags/example_latest_only_with_trigger.py
[2024-05-10T07:28:30.596+0000] {logging_mixin.py:188} INFO - [2024-05-10T07:28:30.596+0000] {dag.py:3096} INFO - Sync 1 DAGs
[2024-05-10T07:28:30.614+0000] {logging_mixin.py:188} INFO - [2024-05-10T07:28:30.613+0000] {dag.py:3954} INFO - Setting next_dagrun for latest_only_with_trigger to 2024-05-10 00:00:00+00:00, run_after=2024-05-10 04:00:00+00:00
[2024-05-10T07:28:30.630+0000] {processor.py:183} INFO - Processing /home/airflow/.local/lib/python3.12/site-packages/airflow/example_dags/example_latest_only_with_trigger.py took 0.061 seconds
[2024-05-10T07:29:01.073+0000] {processor.py:161} INFO - Started process (PID=798) to work on /home/airflow/.local/lib/python3.12/site-packages/airflow/example_dags/example_latest_only_with_trigger.py
[2024-05-10T07:29:01.074+0000] {processor.py:830} INFO - Processing file /home/airflow/.local/lib/python3.12/site-packages/airflow/example_dags/example_latest_only_with_trigger.py for tasks to queue
[2024-05-10T07:29:01.075+0000] {logging_mixin.py:188} INFO - [2024-05-10T07:29:01.075+0000] {dagbag.py:540} INFO - Filling up the DagBag from /home/airflow/.local/lib/python3.12/site-packages/airflow/example_dags/example_latest_only_with_trigger.py
[2024-05-10T07:29:01.080+0000] {processor.py:840} INFO - DAG(s) 'latest_only_with_trigger' retrieved from /home/airflow/.local/lib/python3.12/site-packages/airflow/example_dags/example_latest_only_with_trigger.py
[2024-05-10T07:29:01.099+0000] {logging_mixin.py:188} INFO - [2024-05-10T07:29:01.099+0000] {dag.py:3096} INFO - Sync 1 DAGs
[2024-05-10T07:29:01.121+0000] {logging_mixin.py:188} INFO - [2024-05-10T07:29:01.121+0000] {dag.py:3954} INFO - Setting next_dagrun for latest_only_with_trigger to 2024-05-10 00:00:00+00:00, run_after=2024-05-10 04:00:00+00:00
[2024-05-10T07:29:01.144+0000] {processor.py:183} INFO - Processing /home/airflow/.local/lib/python3.12/site-packages/airflow/example_dags/example_latest_only_with_trigger.py took 0.075 seconds
[2024-05-10T07:29:31.447+0000] {processor.py:161} INFO - Started process (PID=856) to work on /home/airflow/.local/lib/python3.12/site-packages/airflow/example_dags/example_latest_only_with_trigger.py
[2024-05-10T07:29:31.448+0000] {processor.py:830} INFO - Processing file /home/airflow/.local/lib/python3.12/site-packages/airflow/example_dags/example_latest_only_with_trigger.py for tasks to queue
[2024-05-10T07:29:31.449+0000] {logging_mixin.py:188} INFO - [2024-05-10T07:29:31.449+0000] {dagbag.py:540} INFO - Filling up the DagBag from /home/airflow/.local/lib/python3.12/site-packages/airflow/example_dags/example_latest_only_with_trigger.py
[2024-05-10T07:29:31.453+0000] {processor.py:840} INFO - DAG(s) 'latest_only_with_trigger' retrieved from /home/airflow/.local/lib/python3.12/site-packages/airflow/example_dags/example_latest_only_with_trigger.py
[2024-05-10T07:29:31.469+0000] {logging_mixin.py:188} INFO - [2024-05-10T07:29:31.469+0000] {dag.py:3096} INFO - Sync 1 DAGs
[2024-05-10T07:29:31.486+0000] {logging_mixin.py:188} INFO - [2024-05-10T07:29:31.486+0000] {dag.py:3954} INFO - Setting next_dagrun for latest_only_with_trigger to 2024-05-10 00:00:00+00:00, run_after=2024-05-10 04:00:00+00:00
[2024-05-10T07:29:31.507+0000] {processor.py:183} INFO - Processing /home/airflow/.local/lib/python3.12/site-packages/airflow/example_dags/example_latest_only_with_trigger.py took 0.064 seconds
[2024-05-10T07:30:01.994+0000] {processor.py:161} INFO - Started process (PID=914) to work on /home/airflow/.local/lib/python3.12/site-packages/airflow/example_dags/example_latest_only_with_trigger.py
[2024-05-10T07:30:01.995+0000] {processor.py:830} INFO - Processing file /home/airflow/.local/lib/python3.12/site-packages/airflow/example_dags/example_latest_only_with_trigger.py for tasks to queue
[2024-05-10T07:30:01.996+0000] {logging_mixin.py:188} INFO - [2024-05-10T07:30:01.996+0000] {dagbag.py:540} INFO - Filling up the DagBag from /home/airflow/.local/lib/python3.12/site-packages/airflow/example_dags/example_latest_only_with_trigger.py
[2024-05-10T07:30:02.001+0000] {processor.py:840} INFO - DAG(s) 'latest_only_with_trigger' retrieved from /home/airflow/.local/lib/python3.12/site-packages/airflow/example_dags/example_latest_only_with_trigger.py
[2024-05-10T07:30:02.018+0000] {logging_mixin.py:188} INFO - [2024-05-10T07:30:02.018+0000] {dag.py:3096} INFO - Sync 1 DAGs
[2024-05-10T07:30:02.134+0000] {logging_mixin.py:188} INFO - [2024-05-10T07:30:02.134+0000] {dag.py:3954} INFO - Setting next_dagrun for latest_only_with_trigger to 2024-05-10 00:00:00+00:00, run_after=2024-05-10 04:00:00+00:00
[2024-05-10T07:30:02.151+0000] {processor.py:183} INFO - Processing /home/airflow/.local/lib/python3.12/site-packages/airflow/example_dags/example_latest_only_with_trigger.py took 0.161 seconds
[2024-05-10T07:30:32.851+0000] {processor.py:161} INFO - Started process (PID=973) to work on /home/airflow/.local/lib/python3.12/site-packages/airflow/example_dags/example_latest_only_with_trigger.py
[2024-05-10T07:30:32.851+0000] {processor.py:830} INFO - Processing file /home/airflow/.local/lib/python3.12/site-packages/airflow/example_dags/example_latest_only_with_trigger.py for tasks to queue
[2024-05-10T07:30:32.853+0000] {logging_mixin.py:188} INFO - [2024-05-10T07:30:32.852+0000] {dagbag.py:540} INFO - Filling up the DagBag from /home/airflow/.local/lib/python3.12/site-packages/airflow/example_dags/example_latest_only_with_trigger.py
[2024-05-10T07:30:32.857+0000] {processor.py:840} INFO - DAG(s) 'latest_only_with_trigger' retrieved from /home/airflow/.local/lib/python3.12/site-packages/airflow/example_dags/example_latest_only_with_trigger.py
[2024-05-10T07:30:32.890+0000] {logging_mixin.py:188} INFO - [2024-05-10T07:30:32.890+0000] {dag.py:3096} INFO - Sync 1 DAGs
[2024-05-10T07:30:32.908+0000] {logging_mixin.py:188} INFO - [2024-05-10T07:30:32.908+0000] {dag.py:3954} INFO - Setting next_dagrun for latest_only_with_trigger to 2024-05-10 00:00:00+00:00, run_after=2024-05-10 04:00:00+00:00
[2024-05-10T07:30:33.029+0000] {processor.py:183} INFO - Processing /home/airflow/.local/lib/python3.12/site-packages/airflow/example_dags/example_latest_only_with_trigger.py took 0.183 seconds
[2024-05-10T07:31:03.159+0000] {processor.py:161} INFO - Started process (PID=1031) to work on /home/airflow/.local/lib/python3.12/site-packages/airflow/example_dags/example_latest_only_with_trigger.py
[2024-05-10T07:31:03.159+0000] {processor.py:830} INFO - Processing file /home/airflow/.local/lib/python3.12/site-packages/airflow/example_dags/example_latest_only_with_trigger.py for tasks to queue
[2024-05-10T07:31:03.160+0000] {logging_mixin.py:188} INFO - [2024-05-10T07:31:03.160+0000] {dagbag.py:540} INFO - Filling up the DagBag from /home/airflow/.local/lib/python3.12/site-packages/airflow/example_dags/example_latest_only_with_trigger.py
[2024-05-10T07:31:03.164+0000] {processor.py:840} INFO - DAG(s) 'latest_only_with_trigger' retrieved from /home/airflow/.local/lib/python3.12/site-packages/airflow/example_dags/example_latest_only_with_trigger.py
[2024-05-10T07:31:03.186+0000] {logging_mixin.py:188} INFO - [2024-05-10T07:31:03.186+0000] {dag.py:3096} INFO - Sync 1 DAGs
[2024-05-10T07:31:03.207+0000] {logging_mixin.py:188} INFO - [2024-05-10T07:31:03.206+0000] {dag.py:3954} INFO - Setting next_dagrun for latest_only_with_trigger to 2024-05-10 00:00:00+00:00, run_after=2024-05-10 04:00:00+00:00
[2024-05-10T07:31:03.229+0000] {processor.py:183} INFO - Processing /home/airflow/.local/lib/python3.12/site-packages/airflow/example_dags/example_latest_only_with_trigger.py took 0.075 seconds
[2024-05-10T07:31:33.958+0000] {processor.py:161} INFO - Started process (PID=1089) to work on /home/airflow/.local/lib/python3.12/site-packages/airflow/example_dags/example_latest_only_with_trigger.py
[2024-05-10T07:31:33.959+0000] {processor.py:830} INFO - Processing file /home/airflow/.local/lib/python3.12/site-packages/airflow/example_dags/example_latest_only_with_trigger.py for tasks to queue
[2024-05-10T07:31:33.960+0000] {logging_mixin.py:188} INFO - [2024-05-10T07:31:33.960+0000] {dagbag.py:540} INFO - Filling up the DagBag from /home/airflow/.local/lib/python3.12/site-packages/airflow/example_dags/example_latest_only_with_trigger.py
[2024-05-10T07:31:33.964+0000] {processor.py:840} INFO - DAG(s) 'latest_only_with_trigger' retrieved from /home/airflow/.local/lib/python3.12/site-packages/airflow/example_dags/example_latest_only_with_trigger.py
[2024-05-10T07:31:33.980+0000] {logging_mixin.py:188} INFO - [2024-05-10T07:31:33.980+0000] {dag.py:3096} INFO - Sync 1 DAGs
[2024-05-10T07:31:33.998+0000] {logging_mixin.py:188} INFO - [2024-05-10T07:31:33.998+0000] {dag.py:3954} INFO - Setting next_dagrun for latest_only_with_trigger to 2024-05-10 00:00:00+00:00, run_after=2024-05-10 04:00:00+00:00
[2024-05-10T07:31:34.018+0000] {processor.py:183} INFO - Processing /home/airflow/.local/lib/python3.12/site-packages/airflow/example_dags/example_latest_only_with_trigger.py took 0.064 seconds
[2024-05-10T07:32:04.740+0000] {processor.py:161} INFO - Started process (PID=1147) to work on /home/airflow/.local/lib/python3.12/site-packages/airflow/example_dags/example_latest_only_with_trigger.py
[2024-05-10T07:32:04.741+0000] {processor.py:830} INFO - Processing file /home/airflow/.local/lib/python3.12/site-packages/airflow/example_dags/example_latest_only_with_trigger.py for tasks to queue
[2024-05-10T07:32:04.742+0000] {logging_mixin.py:188} INFO - [2024-05-10T07:32:04.742+0000] {dagbag.py:540} INFO - Filling up the DagBag from /home/airflow/.local/lib/python3.12/site-packages/airflow/example_dags/example_latest_only_with_trigger.py
[2024-05-10T07:32:04.746+0000] {processor.py:840} INFO - DAG(s) 'latest_only_with_trigger' retrieved from /home/airflow/.local/lib/python3.12/site-packages/airflow/example_dags/example_latest_only_with_trigger.py
[2024-05-10T07:32:04.765+0000] {logging_mixin.py:188} INFO - [2024-05-10T07:32:04.765+0000] {dag.py:3096} INFO - Sync 1 DAGs
[2024-05-10T07:32:04.782+0000] {logging_mixin.py:188} INFO - [2024-05-10T07:32:04.782+0000] {dag.py:3954} INFO - Setting next_dagrun for latest_only_with_trigger to 2024-05-10 00:00:00+00:00, run_after=2024-05-10 04:00:00+00:00
[2024-05-10T07:32:04.808+0000] {processor.py:183} INFO - Processing /home/airflow/.local/lib/python3.12/site-packages/airflow/example_dags/example_latest_only_with_trigger.py took 0.073 seconds
[2024-05-10T07:32:35.404+0000] {processor.py:161} INFO - Started process (PID=1206) to work on /home/airflow/.local/lib/python3.12/site-packages/airflow/example_dags/example_latest_only_with_trigger.py
[2024-05-10T07:32:35.405+0000] {processor.py:830} INFO - Processing file /home/airflow/.local/lib/python3.12/site-packages/airflow/example_dags/example_latest_only_with_trigger.py for tasks to queue
[2024-05-10T07:32:35.406+0000] {logging_mixin.py:188} INFO - [2024-05-10T07:32:35.406+0000] {dagbag.py:540} INFO - Filling up the DagBag from /home/airflow/.local/lib/python3.12/site-packages/airflow/example_dags/example_latest_only_with_trigger.py
[2024-05-10T07:32:35.410+0000] {processor.py:840} INFO - DAG(s) 'latest_only_with_trigger' retrieved from /home/airflow/.local/lib/python3.12/site-packages/airflow/example_dags/example_latest_only_with_trigger.py
[2024-05-10T07:32:35.426+0000] {logging_mixin.py:188} INFO - [2024-05-10T07:32:35.426+0000] {dag.py:3096} INFO - Sync 1 DAGs
[2024-05-10T07:32:35.444+0000] {logging_mixin.py:188} INFO - [2024-05-10T07:32:35.444+0000] {dag.py:3954} INFO - Setting next_dagrun for latest_only_with_trigger to 2024-05-10 00:00:00+00:00, run_after=2024-05-10 04:00:00+00:00
[2024-05-10T07:32:35.462+0000] {processor.py:183} INFO - Processing /home/airflow/.local/lib/python3.12/site-packages/airflow/example_dags/example_latest_only_with_trigger.py took 0.062 seconds
[2024-05-10T07:33:05.975+0000] {processor.py:161} INFO - Started process (PID=1264) to work on /home/airflow/.local/lib/python3.12/site-packages/airflow/example_dags/example_latest_only_with_trigger.py
[2024-05-10T07:33:05.976+0000] {processor.py:830} INFO - Processing file /home/airflow/.local/lib/python3.12/site-packages/airflow/example_dags/example_latest_only_with_trigger.py for tasks to queue
[2024-05-10T07:33:05.977+0000] {logging_mixin.py:188} INFO - [2024-05-10T07:33:05.977+0000] {dagbag.py:540} INFO - Filling up the DagBag from /home/airflow/.local/lib/python3.12/site-packages/airflow/example_dags/example_latest_only_with_trigger.py
[2024-05-10T07:33:05.982+0000] {processor.py:840} INFO - DAG(s) 'latest_only_with_trigger' retrieved from /home/airflow/.local/lib/python3.12/site-packages/airflow/example_dags/example_latest_only_with_trigger.py
[2024-05-10T07:33:05.997+0000] {logging_mixin.py:188} INFO - [2024-05-10T07:33:05.997+0000] {dag.py:3096} INFO - Sync 1 DAGs
[2024-05-10T07:33:06.018+0000] {logging_mixin.py:188} INFO - [2024-05-10T07:33:06.018+0000] {dag.py:3954} INFO - Setting next_dagrun for latest_only_with_trigger to 2024-05-10 00:00:00+00:00, run_after=2024-05-10 04:00:00+00:00
[2024-05-10T07:33:06.106+0000] {processor.py:183} INFO - Processing /home/airflow/.local/lib/python3.12/site-packages/airflow/example_dags/example_latest_only_with_trigger.py took 0.136 seconds
[2024-05-10T07:33:36.770+0000] {processor.py:161} INFO - Started process (PID=1324) to work on /home/airflow/.local/lib/python3.12/site-packages/airflow/example_dags/example_latest_only_with_trigger.py
[2024-05-10T07:33:36.770+0000] {processor.py:830} INFO - Processing file /home/airflow/.local/lib/python3.12/site-packages/airflow/example_dags/example_latest_only_with_trigger.py for tasks to queue
[2024-05-10T07:33:36.772+0000] {logging_mixin.py:188} INFO - [2024-05-10T07:33:36.771+0000] {dagbag.py:540} INFO - Filling up the DagBag from /home/airflow/.local/lib/python3.12/site-packages/airflow/example_dags/example_latest_only_with_trigger.py
[2024-05-10T07:33:36.776+0000] {processor.py:840} INFO - DAG(s) 'latest_only_with_trigger' retrieved from /home/airflow/.local/lib/python3.12/site-packages/airflow/example_dags/example_latest_only_with_trigger.py
[2024-05-10T07:33:36.795+0000] {logging_mixin.py:188} INFO - [2024-05-10T07:33:36.795+0000] {dag.py:3096} INFO - Sync 1 DAGs
[2024-05-10T07:33:36.815+0000] {logging_mixin.py:188} INFO - [2024-05-10T07:33:36.815+0000] {dag.py:3954} INFO - Setting next_dagrun for latest_only_with_trigger to 2024-05-10 00:00:00+00:00, run_after=2024-05-10 04:00:00+00:00
[2024-05-10T07:33:36.840+0000] {processor.py:183} INFO - Processing /home/airflow/.local/lib/python3.12/site-packages/airflow/example_dags/example_latest_only_with_trigger.py took 0.075 seconds
[2024-05-10T07:34:07.333+0000] {processor.py:161} INFO - Started process (PID=1384) to work on /home/airflow/.local/lib/python3.12/site-packages/airflow/example_dags/example_latest_only_with_trigger.py
[2024-05-10T07:34:07.334+0000] {processor.py:830} INFO - Processing file /home/airflow/.local/lib/python3.12/site-packages/airflow/example_dags/example_latest_only_with_trigger.py for tasks to queue
[2024-05-10T07:34:07.335+0000] {logging_mixin.py:188} INFO - [2024-05-10T07:34:07.335+0000] {dagbag.py:540} INFO - Filling up the DagBag from /home/airflow/.local/lib/python3.12/site-packages/airflow/example_dags/example_latest_only_with_trigger.py
[2024-05-10T07:34:07.339+0000] {processor.py:840} INFO - DAG(s) 'latest_only_with_trigger' retrieved from /home/airflow/.local/lib/python3.12/site-packages/airflow/example_dags/example_latest_only_with_trigger.py
[2024-05-10T07:34:07.357+0000] {logging_mixin.py:188} INFO - [2024-05-10T07:34:07.357+0000] {dag.py:3096} INFO - Sync 1 DAGs
[2024-05-10T07:34:07.378+0000] {logging_mixin.py:188} INFO - [2024-05-10T07:34:07.378+0000] {dag.py:3954} INFO - Setting next_dagrun for latest_only_with_trigger to 2024-05-10 00:00:00+00:00, run_after=2024-05-10 04:00:00+00:00
[2024-05-10T07:34:07.396+0000] {processor.py:183} INFO - Processing /home/airflow/.local/lib/python3.12/site-packages/airflow/example_dags/example_latest_only_with_trigger.py took 0.067 seconds
[2024-05-10T07:34:38.137+0000] {processor.py:161} INFO - Started process (PID=1443) to work on /home/airflow/.local/lib/python3.12/site-packages/airflow/example_dags/example_latest_only_with_trigger.py
[2024-05-10T07:34:38.138+0000] {processor.py:830} INFO - Processing file /home/airflow/.local/lib/python3.12/site-packages/airflow/example_dags/example_latest_only_with_trigger.py for tasks to queue
[2024-05-10T07:34:38.139+0000] {logging_mixin.py:188} INFO - [2024-05-10T07:34:38.139+0000] {dagbag.py:540} INFO - Filling up the DagBag from /home/airflow/.local/lib/python3.12/site-packages/airflow/example_dags/example_latest_only_with_trigger.py
[2024-05-10T07:34:38.143+0000] {processor.py:840} INFO - DAG(s) 'latest_only_with_trigger' retrieved from /home/airflow/.local/lib/python3.12/site-packages/airflow/example_dags/example_latest_only_with_trigger.py
[2024-05-10T07:34:38.159+0000] {logging_mixin.py:188} INFO - [2024-05-10T07:34:38.159+0000] {dag.py:3096} INFO - Sync 1 DAGs
[2024-05-10T07:34:38.177+0000] {logging_mixin.py:188} INFO - [2024-05-10T07:34:38.176+0000] {dag.py:3954} INFO - Setting next_dagrun for latest_only_with_trigger to 2024-05-10 00:00:00+00:00, run_after=2024-05-10 04:00:00+00:00
[2024-05-10T07:34:38.195+0000] {processor.py:183} INFO - Processing /home/airflow/.local/lib/python3.12/site-packages/airflow/example_dags/example_latest_only_with_trigger.py took 0.063 seconds
[2024-05-10T07:35:08.684+0000] {processor.py:161} INFO - Started process (PID=1502) to work on /home/airflow/.local/lib/python3.12/site-packages/airflow/example_dags/example_latest_only_with_trigger.py
[2024-05-10T07:35:08.685+0000] {processor.py:830} INFO - Processing file /home/airflow/.local/lib/python3.12/site-packages/airflow/example_dags/example_latest_only_with_trigger.py for tasks to queue
[2024-05-10T07:35:08.686+0000] {logging_mixin.py:188} INFO - [2024-05-10T07:35:08.686+0000] {dagbag.py:540} INFO - Filling up the DagBag from /home/airflow/.local/lib/python3.12/site-packages/airflow/example_dags/example_latest_only_with_trigger.py
[2024-05-10T07:35:08.690+0000] {processor.py:840} INFO - DAG(s) 'latest_only_with_trigger' retrieved from /home/airflow/.local/lib/python3.12/site-packages/airflow/example_dags/example_latest_only_with_trigger.py
[2024-05-10T07:35:08.707+0000] {logging_mixin.py:188} INFO - [2024-05-10T07:35:08.707+0000] {dag.py:3096} INFO - Sync 1 DAGs
[2024-05-10T07:35:08.728+0000] {logging_mixin.py:188} INFO - [2024-05-10T07:35:08.727+0000] {dag.py:3954} INFO - Setting next_dagrun for latest_only_with_trigger to 2024-05-10 00:00:00+00:00, run_after=2024-05-10 04:00:00+00:00
[2024-05-10T07:35:08.751+0000] {processor.py:183} INFO - Processing /home/airflow/.local/lib/python3.12/site-packages/airflow/example_dags/example_latest_only_with_trigger.py took 0.072 seconds
[2024-05-10T07:35:39.449+0000] {processor.py:161} INFO - Started process (PID=1567) to work on /home/airflow/.local/lib/python3.12/site-packages/airflow/example_dags/example_latest_only_with_trigger.py
[2024-05-10T07:35:39.449+0000] {processor.py:830} INFO - Processing file /home/airflow/.local/lib/python3.12/site-packages/airflow/example_dags/example_latest_only_with_trigger.py for tasks to queue
[2024-05-10T07:35:39.450+0000] {logging_mixin.py:188} INFO - [2024-05-10T07:35:39.450+0000] {dagbag.py:540} INFO - Filling up the DagBag from /home/airflow/.local/lib/python3.12/site-packages/airflow/example_dags/example_latest_only_with_trigger.py
[2024-05-10T07:35:39.455+0000] {processor.py:840} INFO - DAG(s) 'latest_only_with_trigger' retrieved from /home/airflow/.local/lib/python3.12/site-packages/airflow/example_dags/example_latest_only_with_trigger.py
[2024-05-10T07:35:39.471+0000] {logging_mixin.py:188} INFO - [2024-05-10T07:35:39.470+0000] {dag.py:3096} INFO - Sync 1 DAGs
[2024-05-10T07:35:39.488+0000] {logging_mixin.py:188} INFO - [2024-05-10T07:35:39.488+0000] {dag.py:3954} INFO - Setting next_dagrun for latest_only_with_trigger to 2024-05-10 00:00:00+00:00, run_after=2024-05-10 04:00:00+00:00
[2024-05-10T07:35:39.527+0000] {processor.py:183} INFO - Processing /home/airflow/.local/lib/python3.12/site-packages/airflow/example_dags/example_latest_only_with_trigger.py took 0.082 seconds
[2024-05-10T07:36:09.855+0000] {processor.py:161} INFO - Started process (PID=1626) to work on /home/airflow/.local/lib/python3.12/site-packages/airflow/example_dags/example_latest_only_with_trigger.py
[2024-05-10T07:36:09.856+0000] {processor.py:830} INFO - Processing file /home/airflow/.local/lib/python3.12/site-packages/airflow/example_dags/example_latest_only_with_trigger.py for tasks to queue
[2024-05-10T07:36:09.857+0000] {logging_mixin.py:188} INFO - [2024-05-10T07:36:09.857+0000] {dagbag.py:540} INFO - Filling up the DagBag from /home/airflow/.local/lib/python3.12/site-packages/airflow/example_dags/example_latest_only_with_trigger.py
[2024-05-10T07:36:09.861+0000] {processor.py:840} INFO - DAG(s) 'latest_only_with_trigger' retrieved from /home/airflow/.local/lib/python3.12/site-packages/airflow/example_dags/example_latest_only_with_trigger.py
[2024-05-10T07:36:09.879+0000] {logging_mixin.py:188} INFO - [2024-05-10T07:36:09.878+0000] {dag.py:3096} INFO - Sync 1 DAGs
[2024-05-10T07:36:09.897+0000] {logging_mixin.py:188} INFO - [2024-05-10T07:36:09.897+0000] {dag.py:3954} INFO - Setting next_dagrun for latest_only_with_trigger to 2024-05-10 00:00:00+00:00, run_after=2024-05-10 04:00:00+00:00
[2024-05-10T07:36:09.923+0000] {processor.py:183} INFO - Processing /home/airflow/.local/lib/python3.12/site-packages/airflow/example_dags/example_latest_only_with_trigger.py took 0.073 seconds
[2024-05-10T07:36:39.975+0000] {processor.py:161} INFO - Started process (PID=1684) to work on /home/airflow/.local/lib/python3.12/site-packages/airflow/example_dags/example_latest_only_with_trigger.py
[2024-05-10T07:36:39.976+0000] {processor.py:830} INFO - Processing file /home/airflow/.local/lib/python3.12/site-packages/airflow/example_dags/example_latest_only_with_trigger.py for tasks to queue
[2024-05-10T07:36:39.977+0000] {logging_mixin.py:188} INFO - [2024-05-10T07:36:39.977+0000] {dagbag.py:540} INFO - Filling up the DagBag from /home/airflow/.local/lib/python3.12/site-packages/airflow/example_dags/example_latest_only_with_trigger.py
[2024-05-10T07:36:39.981+0000] {processor.py:840} INFO - DAG(s) 'latest_only_with_trigger' retrieved from /home/airflow/.local/lib/python3.12/site-packages/airflow/example_dags/example_latest_only_with_trigger.py
[2024-05-10T07:36:40.001+0000] {logging_mixin.py:188} INFO - [2024-05-10T07:36:40.001+0000] {dag.py:3096} INFO - Sync 1 DAGs
[2024-05-10T07:36:40.021+0000] {logging_mixin.py:188} INFO - [2024-05-10T07:36:40.021+0000] {dag.py:3954} INFO - Setting next_dagrun for latest_only_with_trigger to 2024-05-10 00:00:00+00:00, run_after=2024-05-10 04:00:00+00:00
[2024-05-10T07:36:40.041+0000] {processor.py:183} INFO - Processing /home/airflow/.local/lib/python3.12/site-packages/airflow/example_dags/example_latest_only_with_trigger.py took 0.071 seconds
[2024-05-10T07:37:10.238+0000] {processor.py:161} INFO - Started process (PID=1743) to work on /home/airflow/.local/lib/python3.12/site-packages/airflow/example_dags/example_latest_only_with_trigger.py
[2024-05-10T07:37:10.239+0000] {processor.py:830} INFO - Processing file /home/airflow/.local/lib/python3.12/site-packages/airflow/example_dags/example_latest_only_with_trigger.py for tasks to queue
[2024-05-10T07:37:10.240+0000] {logging_mixin.py:188} INFO - [2024-05-10T07:37:10.240+0000] {dagbag.py:540} INFO - Filling up the DagBag from /home/airflow/.local/lib/python3.12/site-packages/airflow/example_dags/example_latest_only_with_trigger.py
[2024-05-10T07:37:10.244+0000] {processor.py:840} INFO - DAG(s) 'latest_only_with_trigger' retrieved from /home/airflow/.local/lib/python3.12/site-packages/airflow/example_dags/example_latest_only_with_trigger.py
[2024-05-10T07:37:10.261+0000] {logging_mixin.py:188} INFO - [2024-05-10T07:37:10.261+0000] {dag.py:3096} INFO - Sync 1 DAGs
[2024-05-10T07:37:10.280+0000] {logging_mixin.py:188} INFO - [2024-05-10T07:37:10.280+0000] {dag.py:3954} INFO - Setting next_dagrun for latest_only_with_trigger to 2024-05-10 00:00:00+00:00, run_after=2024-05-10 04:00:00+00:00
[2024-05-10T07:37:10.309+0000] {processor.py:183} INFO - Processing /home/airflow/.local/lib/python3.12/site-packages/airflow/example_dags/example_latest_only_with_trigger.py took 0.076 seconds
[2024-05-10T07:37:40.461+0000] {processor.py:161} INFO - Started process (PID=1802) to work on /home/airflow/.local/lib/python3.12/site-packages/airflow/example_dags/example_latest_only_with_trigger.py
[2024-05-10T07:37:40.462+0000] {processor.py:830} INFO - Processing file /home/airflow/.local/lib/python3.12/site-packages/airflow/example_dags/example_latest_only_with_trigger.py for tasks to queue
[2024-05-10T07:37:40.463+0000] {logging_mixin.py:188} INFO - [2024-05-10T07:37:40.463+0000] {dagbag.py:540} INFO - Filling up the DagBag from /home/airflow/.local/lib/python3.12/site-packages/airflow/example_dags/example_latest_only_with_trigger.py
[2024-05-10T07:37:40.468+0000] {processor.py:840} INFO - DAG(s) 'latest_only_with_trigger' retrieved from /home/airflow/.local/lib/python3.12/site-packages/airflow/example_dags/example_latest_only_with_trigger.py
[2024-05-10T07:37:40.485+0000] {logging_mixin.py:188} INFO - [2024-05-10T07:37:40.485+0000] {dag.py:3096} INFO - Sync 1 DAGs
[2024-05-10T07:37:40.503+0000] {logging_mixin.py:188} INFO - [2024-05-10T07:37:40.503+0000] {dag.py:3954} INFO - Setting next_dagrun for latest_only_with_trigger to 2024-05-10 00:00:00+00:00, run_after=2024-05-10 04:00:00+00:00
[2024-05-10T07:37:40.519+0000] {processor.py:183} INFO - Processing /home/airflow/.local/lib/python3.12/site-packages/airflow/example_dags/example_latest_only_with_trigger.py took 0.062 seconds
[2024-05-10T07:38:11.161+0000] {processor.py:161} INFO - Started process (PID=1861) to work on /home/airflow/.local/lib/python3.12/site-packages/airflow/example_dags/example_latest_only_with_trigger.py
[2024-05-10T07:38:11.161+0000] {processor.py:830} INFO - Processing file /home/airflow/.local/lib/python3.12/site-packages/airflow/example_dags/example_latest_only_with_trigger.py for tasks to queue
[2024-05-10T07:38:11.163+0000] {logging_mixin.py:188} INFO - [2024-05-10T07:38:11.162+0000] {dagbag.py:540} INFO - Filling up the DagBag from /home/airflow/.local/lib/python3.12/site-packages/airflow/example_dags/example_latest_only_with_trigger.py
[2024-05-10T07:38:11.167+0000] {processor.py:840} INFO - DAG(s) 'latest_only_with_trigger' retrieved from /home/airflow/.local/lib/python3.12/site-packages/airflow/example_dags/example_latest_only_with_trigger.py
[2024-05-10T07:38:11.183+0000] {logging_mixin.py:188} INFO - [2024-05-10T07:38:11.183+0000] {dag.py:3096} INFO - Sync 1 DAGs
[2024-05-10T07:38:11.200+0000] {logging_mixin.py:188} INFO - [2024-05-10T07:38:11.200+0000] {dag.py:3954} INFO - Setting next_dagrun for latest_only_with_trigger to 2024-05-10 00:00:00+00:00, run_after=2024-05-10 04:00:00+00:00
[2024-05-10T07:38:11.219+0000] {processor.py:183} INFO - Processing /home/airflow/.local/lib/python3.12/site-packages/airflow/example_dags/example_latest_only_with_trigger.py took 0.063 seconds
[2024-05-10T07:38:41.849+0000] {processor.py:161} INFO - Started process (PID=1919) to work on /home/airflow/.local/lib/python3.12/site-packages/airflow/example_dags/example_latest_only_with_trigger.py
[2024-05-10T07:38:41.850+0000] {processor.py:830} INFO - Processing file /home/airflow/.local/lib/python3.12/site-packages/airflow/example_dags/example_latest_only_with_trigger.py for tasks to queue
[2024-05-10T07:38:41.851+0000] {logging_mixin.py:188} INFO - [2024-05-10T07:38:41.851+0000] {dagbag.py:540} INFO - Filling up the DagBag from /home/airflow/.local/lib/python3.12/site-packages/airflow/example_dags/example_latest_only_with_trigger.py
[2024-05-10T07:38:41.856+0000] {processor.py:840} INFO - DAG(s) 'latest_only_with_trigger' retrieved from /home/airflow/.local/lib/python3.12/site-packages/airflow/example_dags/example_latest_only_with_trigger.py
[2024-05-10T07:38:41.872+0000] {logging_mixin.py:188} INFO - [2024-05-10T07:38:41.872+0000] {dag.py:3096} INFO - Sync 1 DAGs
[2024-05-10T07:38:41.890+0000] {logging_mixin.py:188} INFO - [2024-05-10T07:38:41.890+0000] {dag.py:3954} INFO - Setting next_dagrun for latest_only_with_trigger to 2024-05-10 00:00:00+00:00, run_after=2024-05-10 04:00:00+00:00
[2024-05-10T07:38:41.908+0000] {processor.py:183} INFO - Processing /home/airflow/.local/lib/python3.12/site-packages/airflow/example_dags/example_latest_only_with_trigger.py took 0.064 seconds
[2024-05-10T07:39:12.550+0000] {processor.py:161} INFO - Started process (PID=1978) to work on /home/airflow/.local/lib/python3.12/site-packages/airflow/example_dags/example_latest_only_with_trigger.py
[2024-05-10T07:39:12.550+0000] {processor.py:830} INFO - Processing file /home/airflow/.local/lib/python3.12/site-packages/airflow/example_dags/example_latest_only_with_trigger.py for tasks to queue
[2024-05-10T07:39:12.552+0000] {logging_mixin.py:188} INFO - [2024-05-10T07:39:12.551+0000] {dagbag.py:540} INFO - Filling up the DagBag from /home/airflow/.local/lib/python3.12/site-packages/airflow/example_dags/example_latest_only_with_trigger.py
[2024-05-10T07:39:12.556+0000] {processor.py:840} INFO - DAG(s) 'latest_only_with_trigger' retrieved from /home/airflow/.local/lib/python3.12/site-packages/airflow/example_dags/example_latest_only_with_trigger.py
[2024-05-10T07:39:12.572+0000] {logging_mixin.py:188} INFO - [2024-05-10T07:39:12.572+0000] {dag.py:3096} INFO - Sync 1 DAGs
[2024-05-10T07:39:12.590+0000] {logging_mixin.py:188} INFO - [2024-05-10T07:39:12.590+0000] {dag.py:3954} INFO - Setting next_dagrun for latest_only_with_trigger to 2024-05-10 00:00:00+00:00, run_after=2024-05-10 04:00:00+00:00
[2024-05-10T07:39:12.666+0000] {processor.py:183} INFO - Processing /home/airflow/.local/lib/python3.12/site-packages/airflow/example_dags/example_latest_only_with_trigger.py took 0.121 seconds
[2024-05-10T07:39:42.819+0000] {processor.py:161} INFO - Started process (PID=2036) to work on /home/airflow/.local/lib/python3.12/site-packages/airflow/example_dags/example_latest_only_with_trigger.py
[2024-05-10T07:39:42.819+0000] {processor.py:830} INFO - Processing file /home/airflow/.local/lib/python3.12/site-packages/airflow/example_dags/example_latest_only_with_trigger.py for tasks to queue
[2024-05-10T07:39:42.820+0000] {logging_mixin.py:188} INFO - [2024-05-10T07:39:42.820+0000] {dagbag.py:540} INFO - Filling up the DagBag from /home/airflow/.local/lib/python3.12/site-packages/airflow/example_dags/example_latest_only_with_trigger.py
[2024-05-10T07:39:42.825+0000] {processor.py:840} INFO - DAG(s) 'latest_only_with_trigger' retrieved from /home/airflow/.local/lib/python3.12/site-packages/airflow/example_dags/example_latest_only_with_trigger.py
[2024-05-10T07:39:42.842+0000] {logging_mixin.py:188} INFO - [2024-05-10T07:39:42.842+0000] {dag.py:3096} INFO - Sync 1 DAGs
[2024-05-10T07:39:42.861+0000] {logging_mixin.py:188} INFO - [2024-05-10T07:39:42.861+0000] {dag.py:3954} INFO - Setting next_dagrun for latest_only_with_trigger to 2024-05-10 00:00:00+00:00, run_after=2024-05-10 04:00:00+00:00
[2024-05-10T07:39:42.912+0000] {processor.py:183} INFO - Processing /home/airflow/.local/lib/python3.12/site-packages/airflow/example_dags/example_latest_only_with_trigger.py took 0.098 seconds
[2024-05-10T07:40:12.938+0000] {processor.py:161} INFO - Started process (PID=2095) to work on /home/airflow/.local/lib/python3.12/site-packages/airflow/example_dags/example_latest_only_with_trigger.py
[2024-05-10T07:40:12.939+0000] {processor.py:830} INFO - Processing file /home/airflow/.local/lib/python3.12/site-packages/airflow/example_dags/example_latest_only_with_trigger.py for tasks to queue
[2024-05-10T07:40:12.940+0000] {logging_mixin.py:188} INFO - [2024-05-10T07:40:12.940+0000] {dagbag.py:540} INFO - Filling up the DagBag from /home/airflow/.local/lib/python3.12/site-packages/airflow/example_dags/example_latest_only_with_trigger.py
[2024-05-10T07:40:12.944+0000] {processor.py:840} INFO - DAG(s) 'latest_only_with_trigger' retrieved from /home/airflow/.local/lib/python3.12/site-packages/airflow/example_dags/example_latest_only_with_trigger.py
[2024-05-10T07:40:12.961+0000] {logging_mixin.py:188} INFO - [2024-05-10T07:40:12.961+0000] {dag.py:3096} INFO - Sync 1 DAGs
[2024-05-10T07:40:12.981+0000] {logging_mixin.py:188} INFO - [2024-05-10T07:40:12.981+0000] {dag.py:3954} INFO - Setting next_dagrun for latest_only_with_trigger to 2024-05-10 00:00:00+00:00, run_after=2024-05-10 04:00:00+00:00
[2024-05-10T07:40:13.007+0000] {processor.py:183} INFO - Processing /home/airflow/.local/lib/python3.12/site-packages/airflow/example_dags/example_latest_only_with_trigger.py took 0.074 seconds
[2024-05-10T07:40:43.643+0000] {processor.py:161} INFO - Started process (PID=2154) to work on /home/airflow/.local/lib/python3.12/site-packages/airflow/example_dags/example_latest_only_with_trigger.py
[2024-05-10T07:40:43.643+0000] {processor.py:830} INFO - Processing file /home/airflow/.local/lib/python3.12/site-packages/airflow/example_dags/example_latest_only_with_trigger.py for tasks to queue
[2024-05-10T07:40:43.645+0000] {logging_mixin.py:188} INFO - [2024-05-10T07:40:43.644+0000] {dagbag.py:540} INFO - Filling up the DagBag from /home/airflow/.local/lib/python3.12/site-packages/airflow/example_dags/example_latest_only_with_trigger.py
[2024-05-10T07:40:43.649+0000] {processor.py:840} INFO - DAG(s) 'latest_only_with_trigger' retrieved from /home/airflow/.local/lib/python3.12/site-packages/airflow/example_dags/example_latest_only_with_trigger.py
[2024-05-10T07:40:43.666+0000] {logging_mixin.py:188} INFO - [2024-05-10T07:40:43.666+0000] {dag.py:3096} INFO - Sync 1 DAGs
[2024-05-10T07:40:43.685+0000] {logging_mixin.py:188} INFO - [2024-05-10T07:40:43.685+0000] {dag.py:3954} INFO - Setting next_dagrun for latest_only_with_trigger to 2024-05-10 00:00:00+00:00, run_after=2024-05-10 04:00:00+00:00
[2024-05-10T07:40:43.706+0000] {processor.py:183} INFO - Processing /home/airflow/.local/lib/python3.12/site-packages/airflow/example_dags/example_latest_only_with_trigger.py took 0.069 seconds
[2024-05-10T07:41:14.124+0000] {processor.py:161} INFO - Started process (PID=2213) to work on /home/airflow/.local/lib/python3.12/site-packages/airflow/example_dags/example_latest_only_with_trigger.py
[2024-05-10T07:41:14.124+0000] {processor.py:830} INFO - Processing file /home/airflow/.local/lib/python3.12/site-packages/airflow/example_dags/example_latest_only_with_trigger.py for tasks to queue
[2024-05-10T07:41:14.125+0000] {logging_mixin.py:188} INFO - [2024-05-10T07:41:14.125+0000] {dagbag.py:540} INFO - Filling up the DagBag from /home/airflow/.local/lib/python3.12/site-packages/airflow/example_dags/example_latest_only_with_trigger.py
[2024-05-10T07:41:14.130+0000] {processor.py:840} INFO - DAG(s) 'latest_only_with_trigger' retrieved from /home/airflow/.local/lib/python3.12/site-packages/airflow/example_dags/example_latest_only_with_trigger.py
[2024-05-10T07:41:14.146+0000] {logging_mixin.py:188} INFO - [2024-05-10T07:41:14.146+0000] {dag.py:3096} INFO - Sync 1 DAGs
[2024-05-10T07:41:14.165+0000] {logging_mixin.py:188} INFO - [2024-05-10T07:41:14.165+0000] {dag.py:3954} INFO - Setting next_dagrun for latest_only_with_trigger to 2024-05-10 00:00:00+00:00, run_after=2024-05-10 04:00:00+00:00
[2024-05-10T07:41:14.186+0000] {processor.py:183} INFO - Processing /home/airflow/.local/lib/python3.12/site-packages/airflow/example_dags/example_latest_only_with_trigger.py took 0.067 seconds
[2024-05-10T07:41:44.372+0000] {processor.py:161} INFO - Started process (PID=2272) to work on /home/airflow/.local/lib/python3.12/site-packages/airflow/example_dags/example_latest_only_with_trigger.py
[2024-05-10T07:41:44.372+0000] {processor.py:830} INFO - Processing file /home/airflow/.local/lib/python3.12/site-packages/airflow/example_dags/example_latest_only_with_trigger.py for tasks to queue
[2024-05-10T07:41:44.373+0000] {logging_mixin.py:188} INFO - [2024-05-10T07:41:44.373+0000] {dagbag.py:540} INFO - Filling up the DagBag from /home/airflow/.local/lib/python3.12/site-packages/airflow/example_dags/example_latest_only_with_trigger.py
[2024-05-10T07:41:44.378+0000] {processor.py:840} INFO - DAG(s) 'latest_only_with_trigger' retrieved from /home/airflow/.local/lib/python3.12/site-packages/airflow/example_dags/example_latest_only_with_trigger.py
[2024-05-10T07:41:44.394+0000] {logging_mixin.py:188} INFO - [2024-05-10T07:41:44.394+0000] {dag.py:3096} INFO - Sync 1 DAGs
[2024-05-10T07:41:44.412+0000] {logging_mixin.py:188} INFO - [2024-05-10T07:41:44.412+0000] {dag.py:3954} INFO - Setting next_dagrun for latest_only_with_trigger to 2024-05-10 00:00:00+00:00, run_after=2024-05-10 04:00:00+00:00
[2024-05-10T07:41:44.493+0000] {processor.py:183} INFO - Processing /home/airflow/.local/lib/python3.12/site-packages/airflow/example_dags/example_latest_only_with_trigger.py took 0.126 seconds
[2024-05-10T07:42:14.597+0000] {processor.py:161} INFO - Started process (PID=2330) to work on /home/airflow/.local/lib/python3.12/site-packages/airflow/example_dags/example_latest_only_with_trigger.py
[2024-05-10T07:42:14.597+0000] {processor.py:830} INFO - Processing file /home/airflow/.local/lib/python3.12/site-packages/airflow/example_dags/example_latest_only_with_trigger.py for tasks to queue
[2024-05-10T07:42:14.599+0000] {logging_mixin.py:188} INFO - [2024-05-10T07:42:14.598+0000] {dagbag.py:540} INFO - Filling up the DagBag from /home/airflow/.local/lib/python3.12/site-packages/airflow/example_dags/example_latest_only_with_trigger.py
[2024-05-10T07:42:14.603+0000] {processor.py:840} INFO - DAG(s) 'latest_only_with_trigger' retrieved from /home/airflow/.local/lib/python3.12/site-packages/airflow/example_dags/example_latest_only_with_trigger.py
[2024-05-10T07:42:14.620+0000] {logging_mixin.py:188} INFO - [2024-05-10T07:42:14.620+0000] {dag.py:3096} INFO - Sync 1 DAGs
[2024-05-10T07:42:14.638+0000] {logging_mixin.py:188} INFO - [2024-05-10T07:42:14.637+0000] {dag.py:3954} INFO - Setting next_dagrun for latest_only_with_trigger to 2024-05-10 00:00:00+00:00, run_after=2024-05-10 04:00:00+00:00
[2024-05-10T07:42:14.665+0000] {processor.py:183} INFO - Processing /home/airflow/.local/lib/python3.12/site-packages/airflow/example_dags/example_latest_only_with_trigger.py took 0.073 seconds
[2024-05-10T07:42:44.726+0000] {processor.py:161} INFO - Started process (PID=2389) to work on /home/airflow/.local/lib/python3.12/site-packages/airflow/example_dags/example_latest_only_with_trigger.py
[2024-05-10T07:42:44.727+0000] {processor.py:830} INFO - Processing file /home/airflow/.local/lib/python3.12/site-packages/airflow/example_dags/example_latest_only_with_trigger.py for tasks to queue
[2024-05-10T07:42:44.728+0000] {logging_mixin.py:188} INFO - [2024-05-10T07:42:44.728+0000] {dagbag.py:540} INFO - Filling up the DagBag from /home/airflow/.local/lib/python3.12/site-packages/airflow/example_dags/example_latest_only_with_trigger.py
[2024-05-10T07:42:44.733+0000] {processor.py:840} INFO - DAG(s) 'latest_only_with_trigger' retrieved from /home/airflow/.local/lib/python3.12/site-packages/airflow/example_dags/example_latest_only_with_trigger.py
[2024-05-10T07:42:44.749+0000] {logging_mixin.py:188} INFO - [2024-05-10T07:42:44.748+0000] {dag.py:3096} INFO - Sync 1 DAGs
[2024-05-10T07:42:44.766+0000] {logging_mixin.py:188} INFO - [2024-05-10T07:42:44.766+0000] {dag.py:3954} INFO - Setting next_dagrun for latest_only_with_trigger to 2024-05-10 00:00:00+00:00, run_after=2024-05-10 04:00:00+00:00
[2024-05-10T07:42:44.785+0000] {processor.py:183} INFO - Processing /home/airflow/.local/lib/python3.12/site-packages/airflow/example_dags/example_latest_only_with_trigger.py took 0.063 seconds
[2024-05-10T07:43:15.292+0000] {processor.py:161} INFO - Started process (PID=2448) to work on /home/airflow/.local/lib/python3.12/site-packages/airflow/example_dags/example_latest_only_with_trigger.py
[2024-05-10T07:43:15.293+0000] {processor.py:830} INFO - Processing file /home/airflow/.local/lib/python3.12/site-packages/airflow/example_dags/example_latest_only_with_trigger.py for tasks to queue
[2024-05-10T07:43:15.294+0000] {logging_mixin.py:188} INFO - [2024-05-10T07:43:15.294+0000] {dagbag.py:540} INFO - Filling up the DagBag from /home/airflow/.local/lib/python3.12/site-packages/airflow/example_dags/example_latest_only_with_trigger.py
[2024-05-10T07:43:15.298+0000] {processor.py:840} INFO - DAG(s) 'latest_only_with_trigger' retrieved from /home/airflow/.local/lib/python3.12/site-packages/airflow/example_dags/example_latest_only_with_trigger.py
[2024-05-10T07:43:15.314+0000] {logging_mixin.py:188} INFO - [2024-05-10T07:43:15.314+0000] {dag.py:3096} INFO - Sync 1 DAGs
[2024-05-10T07:43:15.331+0000] {logging_mixin.py:188} INFO - [2024-05-10T07:43:15.331+0000] {dag.py:3954} INFO - Setting next_dagrun for latest_only_with_trigger to 2024-05-10 00:00:00+00:00, run_after=2024-05-10 04:00:00+00:00
[2024-05-10T07:43:15.351+0000] {processor.py:183} INFO - Processing /home/airflow/.local/lib/python3.12/site-packages/airflow/example_dags/example_latest_only_with_trigger.py took 0.064 seconds
[2024-05-10T07:43:45.737+0000] {processor.py:161} INFO - Started process (PID=2507) to work on /home/airflow/.local/lib/python3.12/site-packages/airflow/example_dags/example_latest_only_with_trigger.py
[2024-05-10T07:43:45.738+0000] {processor.py:830} INFO - Processing file /home/airflow/.local/lib/python3.12/site-packages/airflow/example_dags/example_latest_only_with_trigger.py for tasks to queue
[2024-05-10T07:43:45.739+0000] {logging_mixin.py:188} INFO - [2024-05-10T07:43:45.739+0000] {dagbag.py:540} INFO - Filling up the DagBag from /home/airflow/.local/lib/python3.12/site-packages/airflow/example_dags/example_latest_only_with_trigger.py
[2024-05-10T07:43:45.743+0000] {processor.py:840} INFO - DAG(s) 'latest_only_with_trigger' retrieved from /home/airflow/.local/lib/python3.12/site-packages/airflow/example_dags/example_latest_only_with_trigger.py
[2024-05-10T07:43:45.759+0000] {logging_mixin.py:188} INFO - [2024-05-10T07:43:45.759+0000] {dag.py:3096} INFO - Sync 1 DAGs
[2024-05-10T07:43:45.777+0000] {logging_mixin.py:188} INFO - [2024-05-10T07:43:45.776+0000] {dag.py:3954} INFO - Setting next_dagrun for latest_only_with_trigger to 2024-05-10 00:00:00+00:00, run_after=2024-05-10 04:00:00+00:00
[2024-05-10T07:43:45.795+0000] {processor.py:183} INFO - Processing /home/airflow/.local/lib/python3.12/site-packages/airflow/example_dags/example_latest_only_with_trigger.py took 0.063 seconds
[2024-05-10T07:44:16.323+0000] {processor.py:161} INFO - Started process (PID=2566) to work on /home/airflow/.local/lib/python3.12/site-packages/airflow/example_dags/example_latest_only_with_trigger.py
[2024-05-10T07:44:16.324+0000] {processor.py:830} INFO - Processing file /home/airflow/.local/lib/python3.12/site-packages/airflow/example_dags/example_latest_only_with_trigger.py for tasks to queue
[2024-05-10T07:44:16.325+0000] {logging_mixin.py:188} INFO - [2024-05-10T07:44:16.325+0000] {dagbag.py:540} INFO - Filling up the DagBag from /home/airflow/.local/lib/python3.12/site-packages/airflow/example_dags/example_latest_only_with_trigger.py
[2024-05-10T07:44:16.330+0000] {processor.py:840} INFO - DAG(s) 'latest_only_with_trigger' retrieved from /home/airflow/.local/lib/python3.12/site-packages/airflow/example_dags/example_latest_only_with_trigger.py
[2024-05-10T07:44:16.346+0000] {logging_mixin.py:188} INFO - [2024-05-10T07:44:16.346+0000] {dag.py:3096} INFO - Sync 1 DAGs
[2024-05-10T07:44:16.364+0000] {logging_mixin.py:188} INFO - [2024-05-10T07:44:16.363+0000] {dag.py:3954} INFO - Setting next_dagrun for latest_only_with_trigger to 2024-05-10 00:00:00+00:00, run_after=2024-05-10 04:00:00+00:00
[2024-05-10T07:44:16.409+0000] {processor.py:183} INFO - Processing /home/airflow/.local/lib/python3.12/site-packages/airflow/example_dags/example_latest_only_with_trigger.py took 0.090 seconds
[2024-05-10T07:44:46.882+0000] {processor.py:161} INFO - Started process (PID=2625) to work on /home/airflow/.local/lib/python3.12/site-packages/airflow/example_dags/example_latest_only_with_trigger.py
[2024-05-10T07:44:46.883+0000] {processor.py:830} INFO - Processing file /home/airflow/.local/lib/python3.12/site-packages/airflow/example_dags/example_latest_only_with_trigger.py for tasks to queue
[2024-05-10T07:44:46.884+0000] {logging_mixin.py:188} INFO - [2024-05-10T07:44:46.884+0000] {dagbag.py:540} INFO - Filling up the DagBag from /home/airflow/.local/lib/python3.12/site-packages/airflow/example_dags/example_latest_only_with_trigger.py
[2024-05-10T07:44:46.888+0000] {processor.py:840} INFO - DAG(s) 'latest_only_with_trigger' retrieved from /home/airflow/.local/lib/python3.12/site-packages/airflow/example_dags/example_latest_only_with_trigger.py
[2024-05-10T07:44:46.904+0000] {logging_mixin.py:188} INFO - [2024-05-10T07:44:46.904+0000] {dag.py:3096} INFO - Sync 1 DAGs
[2024-05-10T07:44:46.921+0000] {logging_mixin.py:188} INFO - [2024-05-10T07:44:46.921+0000] {dag.py:3954} INFO - Setting next_dagrun for latest_only_with_trigger to 2024-05-10 00:00:00+00:00, run_after=2024-05-10 04:00:00+00:00
[2024-05-10T07:44:46.939+0000] {processor.py:183} INFO - Processing /home/airflow/.local/lib/python3.12/site-packages/airflow/example_dags/example_latest_only_with_trigger.py took 0.061 seconds
[2024-05-10T07:45:17.401+0000] {processor.py:161} INFO - Started process (PID=2685) to work on /home/airflow/.local/lib/python3.12/site-packages/airflow/example_dags/example_latest_only_with_trigger.py
[2024-05-10T07:45:17.402+0000] {processor.py:830} INFO - Processing file /home/airflow/.local/lib/python3.12/site-packages/airflow/example_dags/example_latest_only_with_trigger.py for tasks to queue
[2024-05-10T07:45:17.403+0000] {logging_mixin.py:188} INFO - [2024-05-10T07:45:17.403+0000] {dagbag.py:540} INFO - Filling up the DagBag from /home/airflow/.local/lib/python3.12/site-packages/airflow/example_dags/example_latest_only_with_trigger.py
[2024-05-10T07:45:17.407+0000] {processor.py:840} INFO - DAG(s) 'latest_only_with_trigger' retrieved from /home/airflow/.local/lib/python3.12/site-packages/airflow/example_dags/example_latest_only_with_trigger.py
[2024-05-10T07:45:17.424+0000] {logging_mixin.py:188} INFO - [2024-05-10T07:45:17.424+0000] {dag.py:3096} INFO - Sync 1 DAGs
[2024-05-10T07:45:17.441+0000] {logging_mixin.py:188} INFO - [2024-05-10T07:45:17.441+0000] {dag.py:3954} INFO - Setting next_dagrun for latest_only_with_trigger to 2024-05-10 00:00:00+00:00, run_after=2024-05-10 04:00:00+00:00
[2024-05-10T07:45:17.462+0000] {processor.py:183} INFO - Processing /home/airflow/.local/lib/python3.12/site-packages/airflow/example_dags/example_latest_only_with_trigger.py took 0.065 seconds
[2024-05-10T07:45:48.185+0000] {processor.py:161} INFO - Started process (PID=2744) to work on /home/airflow/.local/lib/python3.12/site-packages/airflow/example_dags/example_latest_only_with_trigger.py
[2024-05-10T07:45:48.186+0000] {processor.py:830} INFO - Processing file /home/airflow/.local/lib/python3.12/site-packages/airflow/example_dags/example_latest_only_with_trigger.py for tasks to queue
[2024-05-10T07:45:48.187+0000] {logging_mixin.py:188} INFO - [2024-05-10T07:45:48.187+0000] {dagbag.py:540} INFO - Filling up the DagBag from /home/airflow/.local/lib/python3.12/site-packages/airflow/example_dags/example_latest_only_with_trigger.py
[2024-05-10T07:45:48.192+0000] {processor.py:840} INFO - DAG(s) 'latest_only_with_trigger' retrieved from /home/airflow/.local/lib/python3.12/site-packages/airflow/example_dags/example_latest_only_with_trigger.py
[2024-05-10T07:45:48.210+0000] {logging_mixin.py:188} INFO - [2024-05-10T07:45:48.209+0000] {dag.py:3096} INFO - Sync 1 DAGs
[2024-05-10T07:45:48.229+0000] {logging_mixin.py:188} INFO - [2024-05-10T07:45:48.229+0000] {dag.py:3954} INFO - Setting next_dagrun for latest_only_with_trigger to 2024-05-10 00:00:00+00:00, run_after=2024-05-10 04:00:00+00:00
[2024-05-10T07:45:48.251+0000] {processor.py:183} INFO - Processing /home/airflow/.local/lib/python3.12/site-packages/airflow/example_dags/example_latest_only_with_trigger.py took 0.071 seconds
[2024-05-10T07:46:18.660+0000] {processor.py:161} INFO - Started process (PID=2802) to work on /home/airflow/.local/lib/python3.12/site-packages/airflow/example_dags/example_latest_only_with_trigger.py
[2024-05-10T07:46:18.661+0000] {processor.py:830} INFO - Processing file /home/airflow/.local/lib/python3.12/site-packages/airflow/example_dags/example_latest_only_with_trigger.py for tasks to queue
[2024-05-10T07:46:18.662+0000] {logging_mixin.py:188} INFO - [2024-05-10T07:46:18.662+0000] {dagbag.py:540} INFO - Filling up the DagBag from /home/airflow/.local/lib/python3.12/site-packages/airflow/example_dags/example_latest_only_with_trigger.py
[2024-05-10T07:46:18.667+0000] {processor.py:840} INFO - DAG(s) 'latest_only_with_trigger' retrieved from /home/airflow/.local/lib/python3.12/site-packages/airflow/example_dags/example_latest_only_with_trigger.py
[2024-05-10T07:46:18.685+0000] {logging_mixin.py:188} INFO - [2024-05-10T07:46:18.685+0000] {dag.py:3096} INFO - Sync 1 DAGs
[2024-05-10T07:46:18.704+0000] {logging_mixin.py:188} INFO - [2024-05-10T07:46:18.704+0000] {dag.py:3954} INFO - Setting next_dagrun for latest_only_with_trigger to 2024-05-10 00:00:00+00:00, run_after=2024-05-10 04:00:00+00:00
[2024-05-10T07:46:18.738+0000] {processor.py:183} INFO - Processing /home/airflow/.local/lib/python3.12/site-packages/airflow/example_dags/example_latest_only_with_trigger.py took 0.083 seconds
[2024-05-10T07:46:49.272+0000] {processor.py:161} INFO - Started process (PID=2859) to work on /home/airflow/.local/lib/python3.12/site-packages/airflow/example_dags/example_latest_only_with_trigger.py
[2024-05-10T07:46:49.273+0000] {processor.py:830} INFO - Processing file /home/airflow/.local/lib/python3.12/site-packages/airflow/example_dags/example_latest_only_with_trigger.py for tasks to queue
[2024-05-10T07:46:49.274+0000] {logging_mixin.py:188} INFO - [2024-05-10T07:46:49.274+0000] {dagbag.py:540} INFO - Filling up the DagBag from /home/airflow/.local/lib/python3.12/site-packages/airflow/example_dags/example_latest_only_with_trigger.py
[2024-05-10T07:46:49.282+0000] {processor.py:840} INFO - DAG(s) 'latest_only_with_trigger' retrieved from /home/airflow/.local/lib/python3.12/site-packages/airflow/example_dags/example_latest_only_with_trigger.py
[2024-05-10T07:46:49.301+0000] {logging_mixin.py:188} INFO - [2024-05-10T07:46:49.301+0000] {dag.py:3096} INFO - Sync 1 DAGs
[2024-05-10T07:46:49.322+0000] {logging_mixin.py:188} INFO - [2024-05-10T07:46:49.322+0000] {dag.py:3954} INFO - Setting next_dagrun for latest_only_with_trigger to 2024-05-10 00:00:00+00:00, run_after=2024-05-10 04:00:00+00:00
[2024-05-10T07:46:49.353+0000] {processor.py:183} INFO - Processing /home/airflow/.local/lib/python3.12/site-packages/airflow/example_dags/example_latest_only_with_trigger.py took 0.089 seconds
[2024-05-10T07:47:19.561+0000] {processor.py:161} INFO - Started process (PID=2917) to work on /home/airflow/.local/lib/python3.12/site-packages/airflow/example_dags/example_latest_only_with_trigger.py
[2024-05-10T07:47:19.561+0000] {processor.py:830} INFO - Processing file /home/airflow/.local/lib/python3.12/site-packages/airflow/example_dags/example_latest_only_with_trigger.py for tasks to queue
[2024-05-10T07:47:19.562+0000] {logging_mixin.py:188} INFO - [2024-05-10T07:47:19.562+0000] {dagbag.py:540} INFO - Filling up the DagBag from /home/airflow/.local/lib/python3.12/site-packages/airflow/example_dags/example_latest_only_with_trigger.py
[2024-05-10T07:47:19.567+0000] {processor.py:840} INFO - DAG(s) 'latest_only_with_trigger' retrieved from /home/airflow/.local/lib/python3.12/site-packages/airflow/example_dags/example_latest_only_with_trigger.py
[2024-05-10T07:47:19.583+0000] {logging_mixin.py:188} INFO - [2024-05-10T07:47:19.582+0000] {dag.py:3096} INFO - Sync 1 DAGs
[2024-05-10T07:47:19.600+0000] {logging_mixin.py:188} INFO - [2024-05-10T07:47:19.600+0000] {dag.py:3954} INFO - Setting next_dagrun for latest_only_with_trigger to 2024-05-10 00:00:00+00:00, run_after=2024-05-10 04:00:00+00:00
[2024-05-10T07:47:19.619+0000] {processor.py:183} INFO - Processing /home/airflow/.local/lib/python3.12/site-packages/airflow/example_dags/example_latest_only_with_trigger.py took 0.063 seconds
[2024-05-10T07:47:49.896+0000] {processor.py:161} INFO - Started process (PID=2975) to work on /home/airflow/.local/lib/python3.12/site-packages/airflow/example_dags/example_latest_only_with_trigger.py
[2024-05-10T07:47:49.897+0000] {processor.py:830} INFO - Processing file /home/airflow/.local/lib/python3.12/site-packages/airflow/example_dags/example_latest_only_with_trigger.py for tasks to queue
[2024-05-10T07:47:49.898+0000] {logging_mixin.py:188} INFO - [2024-05-10T07:47:49.898+0000] {dagbag.py:540} INFO - Filling up the DagBag from /home/airflow/.local/lib/python3.12/site-packages/airflow/example_dags/example_latest_only_with_trigger.py
[2024-05-10T07:47:49.903+0000] {processor.py:840} INFO - DAG(s) 'latest_only_with_trigger' retrieved from /home/airflow/.local/lib/python3.12/site-packages/airflow/example_dags/example_latest_only_with_trigger.py
[2024-05-10T07:47:49.925+0000] {logging_mixin.py:188} INFO - [2024-05-10T07:47:49.924+0000] {dag.py:3096} INFO - Sync 1 DAGs
[2024-05-10T07:47:49.946+0000] {logging_mixin.py:188} INFO - [2024-05-10T07:47:49.946+0000] {dag.py:3954} INFO - Setting next_dagrun for latest_only_with_trigger to 2024-05-10 00:00:00+00:00, run_after=2024-05-10 04:00:00+00:00
[2024-05-10T07:47:49.966+0000] {processor.py:183} INFO - Processing /home/airflow/.local/lib/python3.12/site-packages/airflow/example_dags/example_latest_only_with_trigger.py took 0.076 seconds
[2024-05-10T07:48:20.962+0000] {processor.py:161} INFO - Started process (PID=3033) to work on /home/airflow/.local/lib/python3.12/site-packages/airflow/example_dags/example_latest_only_with_trigger.py
[2024-05-10T07:48:20.963+0000] {processor.py:830} INFO - Processing file /home/airflow/.local/lib/python3.12/site-packages/airflow/example_dags/example_latest_only_with_trigger.py for tasks to queue
[2024-05-10T07:48:20.963+0000] {logging_mixin.py:188} INFO - [2024-05-10T07:48:20.963+0000] {dagbag.py:540} INFO - Filling up the DagBag from /home/airflow/.local/lib/python3.12/site-packages/airflow/example_dags/example_latest_only_with_trigger.py
[2024-05-10T07:48:20.968+0000] {processor.py:840} INFO - DAG(s) 'latest_only_with_trigger' retrieved from /home/airflow/.local/lib/python3.12/site-packages/airflow/example_dags/example_latest_only_with_trigger.py
[2024-05-10T07:48:20.986+0000] {logging_mixin.py:188} INFO - [2024-05-10T07:48:20.986+0000] {dag.py:3096} INFO - Sync 1 DAGs
[2024-05-10T07:48:21.004+0000] {logging_mixin.py:188} INFO - [2024-05-10T07:48:21.004+0000] {dag.py:3954} INFO - Setting next_dagrun for latest_only_with_trigger to 2024-05-10 00:00:00+00:00, run_after=2024-05-10 04:00:00+00:00
[2024-05-10T07:48:21.031+0000] {processor.py:183} INFO - Processing /home/airflow/.local/lib/python3.12/site-packages/airflow/example_dags/example_latest_only_with_trigger.py took 0.074 seconds
[2024-05-10T07:48:52.002+0000] {processor.py:161} INFO - Started process (PID=3091) to work on /home/airflow/.local/lib/python3.12/site-packages/airflow/example_dags/example_latest_only_with_trigger.py
[2024-05-10T07:48:52.002+0000] {processor.py:830} INFO - Processing file /home/airflow/.local/lib/python3.12/site-packages/airflow/example_dags/example_latest_only_with_trigger.py for tasks to queue
[2024-05-10T07:48:52.003+0000] {logging_mixin.py:188} INFO - [2024-05-10T07:48:52.003+0000] {dagbag.py:540} INFO - Filling up the DagBag from /home/airflow/.local/lib/python3.12/site-packages/airflow/example_dags/example_latest_only_with_trigger.py
[2024-05-10T07:48:52.008+0000] {processor.py:840} INFO - DAG(s) 'latest_only_with_trigger' retrieved from /home/airflow/.local/lib/python3.12/site-packages/airflow/example_dags/example_latest_only_with_trigger.py
[2024-05-10T07:48:52.025+0000] {logging_mixin.py:188} INFO - [2024-05-10T07:48:52.025+0000] {dag.py:3096} INFO - Sync 1 DAGs
[2024-05-10T07:48:52.045+0000] {logging_mixin.py:188} INFO - [2024-05-10T07:48:52.044+0000] {dag.py:3954} INFO - Setting next_dagrun for latest_only_with_trigger to 2024-05-10 00:00:00+00:00, run_after=2024-05-10 04:00:00+00:00
[2024-05-10T07:48:52.083+0000] {processor.py:183} INFO - Processing /home/airflow/.local/lib/python3.12/site-packages/airflow/example_dags/example_latest_only_with_trigger.py took 0.086 seconds
[2024-05-10T07:49:22.317+0000] {processor.py:161} INFO - Started process (PID=3149) to work on /home/airflow/.local/lib/python3.12/site-packages/airflow/example_dags/example_latest_only_with_trigger.py
[2024-05-10T07:49:22.318+0000] {processor.py:830} INFO - Processing file /home/airflow/.local/lib/python3.12/site-packages/airflow/example_dags/example_latest_only_with_trigger.py for tasks to queue
[2024-05-10T07:49:22.319+0000] {logging_mixin.py:188} INFO - [2024-05-10T07:49:22.318+0000] {dagbag.py:540} INFO - Filling up the DagBag from /home/airflow/.local/lib/python3.12/site-packages/airflow/example_dags/example_latest_only_with_trigger.py
[2024-05-10T07:49:22.323+0000] {processor.py:840} INFO - DAG(s) 'latest_only_with_trigger' retrieved from /home/airflow/.local/lib/python3.12/site-packages/airflow/example_dags/example_latest_only_with_trigger.py
[2024-05-10T07:49:22.344+0000] {logging_mixin.py:188} INFO - [2024-05-10T07:49:22.344+0000] {dag.py:3096} INFO - Sync 1 DAGs
[2024-05-10T07:49:22.364+0000] {logging_mixin.py:188} INFO - [2024-05-10T07:49:22.364+0000] {dag.py:3954} INFO - Setting next_dagrun for latest_only_with_trigger to 2024-05-10 00:00:00+00:00, run_after=2024-05-10 04:00:00+00:00
[2024-05-10T07:49:22.401+0000] {processor.py:183} INFO - Processing /home/airflow/.local/lib/python3.12/site-packages/airflow/example_dags/example_latest_only_with_trigger.py took 0.088 seconds
[2024-05-10T07:49:52.550+0000] {processor.py:161} INFO - Started process (PID=3207) to work on /home/airflow/.local/lib/python3.12/site-packages/airflow/example_dags/example_latest_only_with_trigger.py
[2024-05-10T07:49:52.551+0000] {processor.py:830} INFO - Processing file /home/airflow/.local/lib/python3.12/site-packages/airflow/example_dags/example_latest_only_with_trigger.py for tasks to queue
[2024-05-10T07:49:52.551+0000] {logging_mixin.py:188} INFO - [2024-05-10T07:49:52.551+0000] {dagbag.py:540} INFO - Filling up the DagBag from /home/airflow/.local/lib/python3.12/site-packages/airflow/example_dags/example_latest_only_with_trigger.py
[2024-05-10T07:49:52.556+0000] {processor.py:840} INFO - DAG(s) 'latest_only_with_trigger' retrieved from /home/airflow/.local/lib/python3.12/site-packages/airflow/example_dags/example_latest_only_with_trigger.py
[2024-05-10T07:49:52.577+0000] {logging_mixin.py:188} INFO - [2024-05-10T07:49:52.576+0000] {dag.py:3096} INFO - Sync 1 DAGs
[2024-05-10T07:49:52.602+0000] {logging_mixin.py:188} INFO - [2024-05-10T07:49:52.602+0000] {dag.py:3954} INFO - Setting next_dagrun for latest_only_with_trigger to 2024-05-10 00:00:00+00:00, run_after=2024-05-10 04:00:00+00:00
[2024-05-10T07:49:52.624+0000] {processor.py:183} INFO - Processing /home/airflow/.local/lib/python3.12/site-packages/airflow/example_dags/example_latest_only_with_trigger.py took 0.080 seconds
[2024-05-10T07:50:23.494+0000] {processor.py:161} INFO - Started process (PID=3265) to work on /home/airflow/.local/lib/python3.12/site-packages/airflow/example_dags/example_latest_only_with_trigger.py
[2024-05-10T07:50:23.495+0000] {processor.py:830} INFO - Processing file /home/airflow/.local/lib/python3.12/site-packages/airflow/example_dags/example_latest_only_with_trigger.py for tasks to queue
[2024-05-10T07:50:23.496+0000] {logging_mixin.py:188} INFO - [2024-05-10T07:50:23.495+0000] {dagbag.py:540} INFO - Filling up the DagBag from /home/airflow/.local/lib/python3.12/site-packages/airflow/example_dags/example_latest_only_with_trigger.py
[2024-05-10T07:50:23.502+0000] {processor.py:840} INFO - DAG(s) 'latest_only_with_trigger' retrieved from /home/airflow/.local/lib/python3.12/site-packages/airflow/example_dags/example_latest_only_with_trigger.py
[2024-05-10T07:50:23.521+0000] {logging_mixin.py:188} INFO - [2024-05-10T07:50:23.520+0000] {dag.py:3096} INFO - Sync 1 DAGs
[2024-05-10T07:50:23.539+0000] {logging_mixin.py:188} INFO - [2024-05-10T07:50:23.539+0000] {dag.py:3954} INFO - Setting next_dagrun for latest_only_with_trigger to 2024-05-10 00:00:00+00:00, run_after=2024-05-10 04:00:00+00:00
[2024-05-10T07:50:23.558+0000] {processor.py:183} INFO - Processing /home/airflow/.local/lib/python3.12/site-packages/airflow/example_dags/example_latest_only_with_trigger.py took 0.069 seconds
[2024-05-10T07:50:54.609+0000] {processor.py:161} INFO - Started process (PID=3323) to work on /home/airflow/.local/lib/python3.12/site-packages/airflow/example_dags/example_latest_only_with_trigger.py
[2024-05-10T07:50:54.610+0000] {processor.py:830} INFO - Processing file /home/airflow/.local/lib/python3.12/site-packages/airflow/example_dags/example_latest_only_with_trigger.py for tasks to queue
[2024-05-10T07:50:54.610+0000] {logging_mixin.py:188} INFO - [2024-05-10T07:50:54.610+0000] {dagbag.py:540} INFO - Filling up the DagBag from /home/airflow/.local/lib/python3.12/site-packages/airflow/example_dags/example_latest_only_with_trigger.py
[2024-05-10T07:50:54.618+0000] {processor.py:840} INFO - DAG(s) 'latest_only_with_trigger' retrieved from /home/airflow/.local/lib/python3.12/site-packages/airflow/example_dags/example_latest_only_with_trigger.py
[2024-05-10T07:50:54.637+0000] {logging_mixin.py:188} INFO - [2024-05-10T07:50:54.637+0000] {dag.py:3096} INFO - Sync 1 DAGs
[2024-05-10T07:50:54.656+0000] {logging_mixin.py:188} INFO - [2024-05-10T07:50:54.656+0000] {dag.py:3954} INFO - Setting next_dagrun for latest_only_with_trigger to 2024-05-10 00:00:00+00:00, run_after=2024-05-10 04:00:00+00:00
[2024-05-10T07:50:54.682+0000] {processor.py:183} INFO - Processing /home/airflow/.local/lib/python3.12/site-packages/airflow/example_dags/example_latest_only_with_trigger.py took 0.079 seconds
[2024-05-10T07:51:25.765+0000] {processor.py:161} INFO - Started process (PID=3380) to work on /home/airflow/.local/lib/python3.12/site-packages/airflow/example_dags/example_latest_only_with_trigger.py
[2024-05-10T07:51:25.765+0000] {processor.py:830} INFO - Processing file /home/airflow/.local/lib/python3.12/site-packages/airflow/example_dags/example_latest_only_with_trigger.py for tasks to queue
[2024-05-10T07:51:25.766+0000] {logging_mixin.py:188} INFO - [2024-05-10T07:51:25.766+0000] {dagbag.py:540} INFO - Filling up the DagBag from /home/airflow/.local/lib/python3.12/site-packages/airflow/example_dags/example_latest_only_with_trigger.py
[2024-05-10T07:51:25.775+0000] {processor.py:840} INFO - DAG(s) 'latest_only_with_trigger' retrieved from /home/airflow/.local/lib/python3.12/site-packages/airflow/example_dags/example_latest_only_with_trigger.py
[2024-05-10T07:51:25.794+0000] {logging_mixin.py:188} INFO - [2024-05-10T07:51:25.793+0000] {dag.py:3096} INFO - Sync 1 DAGs
[2024-05-10T07:51:25.813+0000] {logging_mixin.py:188} INFO - [2024-05-10T07:51:25.813+0000] {dag.py:3954} INFO - Setting next_dagrun for latest_only_with_trigger to 2024-05-10 00:00:00+00:00, run_after=2024-05-10 04:00:00+00:00
[2024-05-10T07:51:25.848+0000] {processor.py:183} INFO - Processing /home/airflow/.local/lib/python3.12/site-packages/airflow/example_dags/example_latest_only_with_trigger.py took 0.088 seconds
[2024-05-10T07:51:56.048+0000] {processor.py:161} INFO - Started process (PID=3438) to work on /home/airflow/.local/lib/python3.12/site-packages/airflow/example_dags/example_latest_only_with_trigger.py
[2024-05-10T07:51:56.049+0000] {processor.py:830} INFO - Processing file /home/airflow/.local/lib/python3.12/site-packages/airflow/example_dags/example_latest_only_with_trigger.py for tasks to queue
[2024-05-10T07:51:56.049+0000] {logging_mixin.py:188} INFO - [2024-05-10T07:51:56.049+0000] {dagbag.py:540} INFO - Filling up the DagBag from /home/airflow/.local/lib/python3.12/site-packages/airflow/example_dags/example_latest_only_with_trigger.py
[2024-05-10T07:51:56.054+0000] {processor.py:840} INFO - DAG(s) 'latest_only_with_trigger' retrieved from /home/airflow/.local/lib/python3.12/site-packages/airflow/example_dags/example_latest_only_with_trigger.py
[2024-05-10T07:51:56.071+0000] {logging_mixin.py:188} INFO - [2024-05-10T07:51:56.070+0000] {dag.py:3096} INFO - Sync 1 DAGs
[2024-05-10T07:51:56.089+0000] {logging_mixin.py:188} INFO - [2024-05-10T07:51:56.089+0000] {dag.py:3954} INFO - Setting next_dagrun for latest_only_with_trigger to 2024-05-10 00:00:00+00:00, run_after=2024-05-10 04:00:00+00:00
[2024-05-10T07:51:56.106+0000] {processor.py:183} INFO - Processing /home/airflow/.local/lib/python3.12/site-packages/airflow/example_dags/example_latest_only_with_trigger.py took 0.063 seconds
[2024-05-10T07:52:26.226+0000] {processor.py:161} INFO - Started process (PID=3496) to work on /home/airflow/.local/lib/python3.12/site-packages/airflow/example_dags/example_latest_only_with_trigger.py
[2024-05-10T07:52:26.227+0000] {processor.py:830} INFO - Processing file /home/airflow/.local/lib/python3.12/site-packages/airflow/example_dags/example_latest_only_with_trigger.py for tasks to queue
[2024-05-10T07:52:26.228+0000] {logging_mixin.py:188} INFO - [2024-05-10T07:52:26.227+0000] {dagbag.py:540} INFO - Filling up the DagBag from /home/airflow/.local/lib/python3.12/site-packages/airflow/example_dags/example_latest_only_with_trigger.py
[2024-05-10T07:52:26.232+0000] {processor.py:840} INFO - DAG(s) 'latest_only_with_trigger' retrieved from /home/airflow/.local/lib/python3.12/site-packages/airflow/example_dags/example_latest_only_with_trigger.py
[2024-05-10T07:52:26.258+0000] {logging_mixin.py:188} INFO - [2024-05-10T07:52:26.258+0000] {dag.py:3096} INFO - Sync 1 DAGs
[2024-05-10T07:52:26.278+0000] {logging_mixin.py:188} INFO - [2024-05-10T07:52:26.277+0000] {dag.py:3954} INFO - Setting next_dagrun for latest_only_with_trigger to 2024-05-10 00:00:00+00:00, run_after=2024-05-10 04:00:00+00:00
[2024-05-10T07:52:26.305+0000] {processor.py:183} INFO - Processing /home/airflow/.local/lib/python3.12/site-packages/airflow/example_dags/example_latest_only_with_trigger.py took 0.084 seconds
[2024-05-10T07:52:56.359+0000] {processor.py:161} INFO - Started process (PID=3554) to work on /home/airflow/.local/lib/python3.12/site-packages/airflow/example_dags/example_latest_only_with_trigger.py
[2024-05-10T07:52:56.360+0000] {processor.py:830} INFO - Processing file /home/airflow/.local/lib/python3.12/site-packages/airflow/example_dags/example_latest_only_with_trigger.py for tasks to queue
[2024-05-10T07:52:56.361+0000] {logging_mixin.py:188} INFO - [2024-05-10T07:52:56.360+0000] {dagbag.py:540} INFO - Filling up the DagBag from /home/airflow/.local/lib/python3.12/site-packages/airflow/example_dags/example_latest_only_with_trigger.py
[2024-05-10T07:52:56.365+0000] {processor.py:840} INFO - DAG(s) 'latest_only_with_trigger' retrieved from /home/airflow/.local/lib/python3.12/site-packages/airflow/example_dags/example_latest_only_with_trigger.py
[2024-05-10T07:52:56.382+0000] {logging_mixin.py:188} INFO - [2024-05-10T07:52:56.382+0000] {dag.py:3096} INFO - Sync 1 DAGs
[2024-05-10T07:52:56.401+0000] {logging_mixin.py:188} INFO - [2024-05-10T07:52:56.401+0000] {dag.py:3954} INFO - Setting next_dagrun for latest_only_with_trigger to 2024-05-10 00:00:00+00:00, run_after=2024-05-10 04:00:00+00:00
[2024-05-10T07:52:56.416+0000] {processor.py:183} INFO - Processing /home/airflow/.local/lib/python3.12/site-packages/airflow/example_dags/example_latest_only_with_trigger.py took 0.062 seconds
[2024-05-10T07:53:27.113+0000] {processor.py:161} INFO - Started process (PID=3611) to work on /home/airflow/.local/lib/python3.12/site-packages/airflow/example_dags/example_latest_only_with_trigger.py
[2024-05-10T07:53:27.114+0000] {processor.py:830} INFO - Processing file /home/airflow/.local/lib/python3.12/site-packages/airflow/example_dags/example_latest_only_with_trigger.py for tasks to queue
[2024-05-10T07:53:27.115+0000] {logging_mixin.py:188} INFO - [2024-05-10T07:53:27.114+0000] {dagbag.py:540} INFO - Filling up the DagBag from /home/airflow/.local/lib/python3.12/site-packages/airflow/example_dags/example_latest_only_with_trigger.py
[2024-05-10T07:53:27.119+0000] {processor.py:840} INFO - DAG(s) 'latest_only_with_trigger' retrieved from /home/airflow/.local/lib/python3.12/site-packages/airflow/example_dags/example_latest_only_with_trigger.py
[2024-05-10T07:53:27.138+0000] {logging_mixin.py:188} INFO - [2024-05-10T07:53:27.137+0000] {dag.py:3096} INFO - Sync 1 DAGs
[2024-05-10T07:53:27.157+0000] {logging_mixin.py:188} INFO - [2024-05-10T07:53:27.156+0000] {dag.py:3954} INFO - Setting next_dagrun for latest_only_with_trigger to 2024-05-10 00:00:00+00:00, run_after=2024-05-10 04:00:00+00:00
[2024-05-10T07:53:27.171+0000] {processor.py:183} INFO - Processing /home/airflow/.local/lib/python3.12/site-packages/airflow/example_dags/example_latest_only_with_trigger.py took 0.063 seconds
[2024-05-10T07:53:57.627+0000] {processor.py:161} INFO - Started process (PID=3669) to work on /home/airflow/.local/lib/python3.12/site-packages/airflow/example_dags/example_latest_only_with_trigger.py
[2024-05-10T07:53:57.628+0000] {processor.py:830} INFO - Processing file /home/airflow/.local/lib/python3.12/site-packages/airflow/example_dags/example_latest_only_with_trigger.py for tasks to queue
[2024-05-10T07:53:57.628+0000] {logging_mixin.py:188} INFO - [2024-05-10T07:53:57.628+0000] {dagbag.py:540} INFO - Filling up the DagBag from /home/airflow/.local/lib/python3.12/site-packages/airflow/example_dags/example_latest_only_with_trigger.py
[2024-05-10T07:53:57.633+0000] {processor.py:840} INFO - DAG(s) 'latest_only_with_trigger' retrieved from /home/airflow/.local/lib/python3.12/site-packages/airflow/example_dags/example_latest_only_with_trigger.py
[2024-05-10T07:53:57.651+0000] {logging_mixin.py:188} INFO - [2024-05-10T07:53:57.651+0000] {dag.py:3096} INFO - Sync 1 DAGs
[2024-05-10T07:53:57.672+0000] {logging_mixin.py:188} INFO - [2024-05-10T07:53:57.672+0000] {dag.py:3954} INFO - Setting next_dagrun for latest_only_with_trigger to 2024-05-10 00:00:00+00:00, run_after=2024-05-10 04:00:00+00:00
[2024-05-10T07:53:57.695+0000] {processor.py:183} INFO - Processing /home/airflow/.local/lib/python3.12/site-packages/airflow/example_dags/example_latest_only_with_trigger.py took 0.073 seconds
[2024-05-10T07:54:28.114+0000] {processor.py:161} INFO - Started process (PID=3726) to work on /home/airflow/.local/lib/python3.12/site-packages/airflow/example_dags/example_latest_only_with_trigger.py
[2024-05-10T07:54:28.114+0000] {processor.py:830} INFO - Processing file /home/airflow/.local/lib/python3.12/site-packages/airflow/example_dags/example_latest_only_with_trigger.py for tasks to queue
[2024-05-10T07:54:28.115+0000] {logging_mixin.py:188} INFO - [2024-05-10T07:54:28.115+0000] {dagbag.py:540} INFO - Filling up the DagBag from /home/airflow/.local/lib/python3.12/site-packages/airflow/example_dags/example_latest_only_with_trigger.py
[2024-05-10T07:54:28.120+0000] {processor.py:840} INFO - DAG(s) 'latest_only_with_trigger' retrieved from /home/airflow/.local/lib/python3.12/site-packages/airflow/example_dags/example_latest_only_with_trigger.py
[2024-05-10T07:54:28.137+0000] {logging_mixin.py:188} INFO - [2024-05-10T07:54:28.136+0000] {dag.py:3096} INFO - Sync 1 DAGs
[2024-05-10T07:54:28.156+0000] {logging_mixin.py:188} INFO - [2024-05-10T07:54:28.156+0000] {dag.py:3954} INFO - Setting next_dagrun for latest_only_with_trigger to 2024-05-10 00:00:00+00:00, run_after=2024-05-10 04:00:00+00:00
[2024-05-10T07:54:28.171+0000] {processor.py:183} INFO - Processing /home/airflow/.local/lib/python3.12/site-packages/airflow/example_dags/example_latest_only_with_trigger.py took 0.063 seconds
[2024-05-10T07:54:58.772+0000] {processor.py:161} INFO - Started process (PID=3784) to work on /home/airflow/.local/lib/python3.12/site-packages/airflow/example_dags/example_latest_only_with_trigger.py
[2024-05-10T07:54:58.772+0000] {processor.py:830} INFO - Processing file /home/airflow/.local/lib/python3.12/site-packages/airflow/example_dags/example_latest_only_with_trigger.py for tasks to queue
[2024-05-10T07:54:58.773+0000] {logging_mixin.py:188} INFO - [2024-05-10T07:54:58.773+0000] {dagbag.py:540} INFO - Filling up the DagBag from /home/airflow/.local/lib/python3.12/site-packages/airflow/example_dags/example_latest_only_with_trigger.py
[2024-05-10T07:54:58.777+0000] {processor.py:840} INFO - DAG(s) 'latest_only_with_trigger' retrieved from /home/airflow/.local/lib/python3.12/site-packages/airflow/example_dags/example_latest_only_with_trigger.py
[2024-05-10T07:54:58.798+0000] {logging_mixin.py:188} INFO - [2024-05-10T07:54:58.798+0000] {dag.py:3096} INFO - Sync 1 DAGs
[2024-05-10T07:54:58.818+0000] {logging_mixin.py:188} INFO - [2024-05-10T07:54:58.817+0000] {dag.py:3954} INFO - Setting next_dagrun for latest_only_with_trigger to 2024-05-10 00:00:00+00:00, run_after=2024-05-10 04:00:00+00:00
[2024-05-10T07:54:58.838+0000] {processor.py:183} INFO - Processing /home/airflow/.local/lib/python3.12/site-packages/airflow/example_dags/example_latest_only_with_trigger.py took 0.071 seconds
