[2024-05-10T07:22:23.319+0000] {processor.py:161} INFO - Started process (PID=40) to work on /home/airflow/.local/lib/python3.12/site-packages/airflow/example_dags/example_xcomargs.py
[2024-05-10T07:22:23.319+0000] {processor.py:830} INFO - Processing file /home/airflow/.local/lib/python3.12/site-packages/airflow/example_dags/example_xcomargs.py for tasks to queue
[2024-05-10T07:22:23.321+0000] {logging_mixin.py:188} INFO - [2024-05-10T07:22:23.320+0000] {dagbag.py:540} INFO - Filling up the DagBag from /home/airflow/.local/lib/python3.12/site-packages/airflow/example_dags/example_xcomargs.py
[2024-05-10T07:22:23.342+0000] {processor.py:840} INFO - DAG(s) 'example_xcom_args', 'example_xcom_args_with_operators' retrieved from /home/airflow/.local/lib/python3.12/site-packages/airflow/example_dags/example_xcomargs.py
[2024-05-10T07:22:23.358+0000] {logging_mixin.py:188} INFO - [2024-05-10T07:22:23.357+0000] {dag.py:3096} INFO - Sync 2 DAGs
[2024-05-10T07:22:23.369+0000] {logging_mixin.py:188} INFO - [2024-05-10T07:22:23.369+0000] {dag.py:3954} INFO - Setting next_dagrun for example_xcom_args to None, run_after=None
[2024-05-10T07:22:23.372+0000] {logging_mixin.py:188} INFO - [2024-05-10T07:22:23.372+0000] {dag.py:3954} INFO - Setting next_dagrun for example_xcom_args_with_operators to None, run_after=None
[2024-05-10T07:22:23.402+0000] {processor.py:183} INFO - Processing /home/airflow/.local/lib/python3.12/site-packages/airflow/example_dags/example_xcomargs.py took 0.090 seconds
[2024-05-10T07:22:54.526+0000] {processor.py:161} INFO - Started process (PID=98) to work on /home/airflow/.local/lib/python3.12/site-packages/airflow/example_dags/example_xcomargs.py
[2024-05-10T07:22:54.527+0000] {processor.py:830} INFO - Processing file /home/airflow/.local/lib/python3.12/site-packages/airflow/example_dags/example_xcomargs.py for tasks to queue
[2024-05-10T07:22:54.528+0000] {logging_mixin.py:188} INFO - [2024-05-10T07:22:54.528+0000] {dagbag.py:540} INFO - Filling up the DagBag from /home/airflow/.local/lib/python3.12/site-packages/airflow/example_dags/example_xcomargs.py
[2024-05-10T07:22:54.534+0000] {processor.py:840} INFO - DAG(s) 'example_xcom_args_with_operators', 'example_xcom_args' retrieved from /home/airflow/.local/lib/python3.12/site-packages/airflow/example_dags/example_xcomargs.py
[2024-05-10T07:22:54.632+0000] {logging_mixin.py:188} INFO - [2024-05-10T07:22:54.632+0000] {dag.py:3096} INFO - Sync 2 DAGs
[2024-05-10T07:22:54.642+0000] {logging_mixin.py:188} INFO - [2024-05-10T07:22:54.642+0000] {dag.py:3954} INFO - Setting next_dagrun for example_xcom_args to None, run_after=None
[2024-05-10T07:22:54.644+0000] {logging_mixin.py:188} INFO - [2024-05-10T07:22:54.644+0000] {dag.py:3954} INFO - Setting next_dagrun for example_xcom_args_with_operators to None, run_after=None
[2024-05-10T07:22:54.662+0000] {processor.py:183} INFO - Processing /home/airflow/.local/lib/python3.12/site-packages/airflow/example_dags/example_xcomargs.py took 0.141 seconds
[2024-05-10T07:23:25.283+0000] {processor.py:161} INFO - Started process (PID=156) to work on /home/airflow/.local/lib/python3.12/site-packages/airflow/example_dags/example_xcomargs.py
[2024-05-10T07:23:25.283+0000] {processor.py:830} INFO - Processing file /home/airflow/.local/lib/python3.12/site-packages/airflow/example_dags/example_xcomargs.py for tasks to queue
[2024-05-10T07:23:25.285+0000] {logging_mixin.py:188} INFO - [2024-05-10T07:23:25.284+0000] {dagbag.py:540} INFO - Filling up the DagBag from /home/airflow/.local/lib/python3.12/site-packages/airflow/example_dags/example_xcomargs.py
[2024-05-10T07:23:25.291+0000] {processor.py:840} INFO - DAG(s) 'example_xcom_args', 'example_xcom_args_with_operators' retrieved from /home/airflow/.local/lib/python3.12/site-packages/airflow/example_dags/example_xcomargs.py
[2024-05-10T07:23:25.310+0000] {logging_mixin.py:188} INFO - [2024-05-10T07:23:25.309+0000] {dag.py:3096} INFO - Sync 2 DAGs
[2024-05-10T07:23:25.320+0000] {logging_mixin.py:188} INFO - [2024-05-10T07:23:25.320+0000] {dag.py:3954} INFO - Setting next_dagrun for example_xcom_args to None, run_after=None
[2024-05-10T07:23:25.324+0000] {logging_mixin.py:188} INFO - [2024-05-10T07:23:25.324+0000] {dag.py:3954} INFO - Setting next_dagrun for example_xcom_args_with_operators to None, run_after=None
[2024-05-10T07:23:25.341+0000] {processor.py:183} INFO - Processing /home/airflow/.local/lib/python3.12/site-packages/airflow/example_dags/example_xcomargs.py took 0.063 seconds
[2024-05-10T07:23:56.082+0000] {processor.py:161} INFO - Started process (PID=214) to work on /home/airflow/.local/lib/python3.12/site-packages/airflow/example_dags/example_xcomargs.py
[2024-05-10T07:23:56.083+0000] {processor.py:830} INFO - Processing file /home/airflow/.local/lib/python3.12/site-packages/airflow/example_dags/example_xcomargs.py for tasks to queue
[2024-05-10T07:23:56.084+0000] {logging_mixin.py:188} INFO - [2024-05-10T07:23:56.084+0000] {dagbag.py:540} INFO - Filling up the DagBag from /home/airflow/.local/lib/python3.12/site-packages/airflow/example_dags/example_xcomargs.py
[2024-05-10T07:23:56.090+0000] {processor.py:840} INFO - DAG(s) 'example_xcom_args', 'example_xcom_args_with_operators' retrieved from /home/airflow/.local/lib/python3.12/site-packages/airflow/example_dags/example_xcomargs.py
[2024-05-10T07:23:56.109+0000] {logging_mixin.py:188} INFO - [2024-05-10T07:23:56.108+0000] {dag.py:3096} INFO - Sync 2 DAGs
[2024-05-10T07:23:56.119+0000] {logging_mixin.py:188} INFO - [2024-05-10T07:23:56.119+0000] {dag.py:3954} INFO - Setting next_dagrun for example_xcom_args to None, run_after=None
[2024-05-10T07:23:56.122+0000] {logging_mixin.py:188} INFO - [2024-05-10T07:23:56.122+0000] {dag.py:3954} INFO - Setting next_dagrun for example_xcom_args_with_operators to None, run_after=None
[2024-05-10T07:23:56.152+0000] {processor.py:183} INFO - Processing /home/airflow/.local/lib/python3.12/site-packages/airflow/example_dags/example_xcomargs.py took 0.075 seconds
[2024-05-10T07:24:26.699+0000] {processor.py:161} INFO - Started process (PID=271) to work on /home/airflow/.local/lib/python3.12/site-packages/airflow/example_dags/example_xcomargs.py
[2024-05-10T07:24:26.699+0000] {processor.py:830} INFO - Processing file /home/airflow/.local/lib/python3.12/site-packages/airflow/example_dags/example_xcomargs.py for tasks to queue
[2024-05-10T07:24:26.701+0000] {logging_mixin.py:188} INFO - [2024-05-10T07:24:26.700+0000] {dagbag.py:540} INFO - Filling up the DagBag from /home/airflow/.local/lib/python3.12/site-packages/airflow/example_dags/example_xcomargs.py
[2024-05-10T07:24:26.707+0000] {processor.py:840} INFO - DAG(s) 'example_xcom_args', 'example_xcom_args_with_operators' retrieved from /home/airflow/.local/lib/python3.12/site-packages/airflow/example_dags/example_xcomargs.py
[2024-05-10T07:24:26.729+0000] {logging_mixin.py:188} INFO - [2024-05-10T07:24:26.728+0000] {dag.py:3096} INFO - Sync 2 DAGs
[2024-05-10T07:24:26.740+0000] {logging_mixin.py:188} INFO - [2024-05-10T07:24:26.740+0000] {dag.py:3954} INFO - Setting next_dagrun for example_xcom_args to None, run_after=None
[2024-05-10T07:24:26.743+0000] {logging_mixin.py:188} INFO - [2024-05-10T07:24:26.743+0000] {dag.py:3954} INFO - Setting next_dagrun for example_xcom_args_with_operators to None, run_after=None
[2024-05-10T07:24:26.764+0000] {processor.py:183} INFO - Processing /home/airflow/.local/lib/python3.12/site-packages/airflow/example_dags/example_xcomargs.py took 0.070 seconds
[2024-05-10T07:24:57.226+0000] {processor.py:161} INFO - Started process (PID=329) to work on /home/airflow/.local/lib/python3.12/site-packages/airflow/example_dags/example_xcomargs.py
[2024-05-10T07:24:57.227+0000] {processor.py:830} INFO - Processing file /home/airflow/.local/lib/python3.12/site-packages/airflow/example_dags/example_xcomargs.py for tasks to queue
[2024-05-10T07:24:57.228+0000] {logging_mixin.py:188} INFO - [2024-05-10T07:24:57.228+0000] {dagbag.py:540} INFO - Filling up the DagBag from /home/airflow/.local/lib/python3.12/site-packages/airflow/example_dags/example_xcomargs.py
[2024-05-10T07:24:57.234+0000] {processor.py:840} INFO - DAG(s) 'example_xcom_args', 'example_xcom_args_with_operators' retrieved from /home/airflow/.local/lib/python3.12/site-packages/airflow/example_dags/example_xcomargs.py
[2024-05-10T07:24:57.253+0000] {logging_mixin.py:188} INFO - [2024-05-10T07:24:57.252+0000] {dag.py:3096} INFO - Sync 2 DAGs
[2024-05-10T07:24:57.263+0000] {logging_mixin.py:188} INFO - [2024-05-10T07:24:57.263+0000] {dag.py:3954} INFO - Setting next_dagrun for example_xcom_args to None, run_after=None
[2024-05-10T07:24:57.266+0000] {logging_mixin.py:188} INFO - [2024-05-10T07:24:57.266+0000] {dag.py:3954} INFO - Setting next_dagrun for example_xcom_args_with_operators to None, run_after=None
[2024-05-10T07:24:57.289+0000] {processor.py:183} INFO - Processing /home/airflow/.local/lib/python3.12/site-packages/airflow/example_dags/example_xcomargs.py took 0.068 seconds
[2024-05-10T07:25:27.703+0000] {processor.py:161} INFO - Started process (PID=387) to work on /home/airflow/.local/lib/python3.12/site-packages/airflow/example_dags/example_xcomargs.py
[2024-05-10T07:25:27.704+0000] {processor.py:830} INFO - Processing file /home/airflow/.local/lib/python3.12/site-packages/airflow/example_dags/example_xcomargs.py for tasks to queue
[2024-05-10T07:25:27.705+0000] {logging_mixin.py:188} INFO - [2024-05-10T07:25:27.705+0000] {dagbag.py:540} INFO - Filling up the DagBag from /home/airflow/.local/lib/python3.12/site-packages/airflow/example_dags/example_xcomargs.py
[2024-05-10T07:25:27.712+0000] {processor.py:840} INFO - DAG(s) 'example_xcom_args_with_operators', 'example_xcom_args' retrieved from /home/airflow/.local/lib/python3.12/site-packages/airflow/example_dags/example_xcomargs.py
[2024-05-10T07:25:27.730+0000] {logging_mixin.py:188} INFO - [2024-05-10T07:25:27.730+0000] {dag.py:3096} INFO - Sync 2 DAGs
[2024-05-10T07:25:27.741+0000] {logging_mixin.py:188} INFO - [2024-05-10T07:25:27.741+0000] {dag.py:3954} INFO - Setting next_dagrun for example_xcom_args to None, run_after=None
[2024-05-10T07:25:27.744+0000] {logging_mixin.py:188} INFO - [2024-05-10T07:25:27.744+0000] {dag.py:3954} INFO - Setting next_dagrun for example_xcom_args_with_operators to None, run_after=None
[2024-05-10T07:25:27.763+0000] {processor.py:183} INFO - Processing /home/airflow/.local/lib/python3.12/site-packages/airflow/example_dags/example_xcomargs.py took 0.064 seconds
[2024-05-10T07:25:57.880+0000] {processor.py:161} INFO - Started process (PID=445) to work on /home/airflow/.local/lib/python3.12/site-packages/airflow/example_dags/example_xcomargs.py
[2024-05-10T07:25:57.881+0000] {processor.py:830} INFO - Processing file /home/airflow/.local/lib/python3.12/site-packages/airflow/example_dags/example_xcomargs.py for tasks to queue
[2024-05-10T07:25:57.882+0000] {logging_mixin.py:188} INFO - [2024-05-10T07:25:57.882+0000] {dagbag.py:540} INFO - Filling up the DagBag from /home/airflow/.local/lib/python3.12/site-packages/airflow/example_dags/example_xcomargs.py
[2024-05-10T07:25:57.888+0000] {processor.py:840} INFO - DAG(s) 'example_xcom_args', 'example_xcom_args_with_operators' retrieved from /home/airflow/.local/lib/python3.12/site-packages/airflow/example_dags/example_xcomargs.py
[2024-05-10T07:25:57.906+0000] {logging_mixin.py:188} INFO - [2024-05-10T07:25:57.906+0000] {dag.py:3096} INFO - Sync 2 DAGs
[2024-05-10T07:25:57.917+0000] {logging_mixin.py:188} INFO - [2024-05-10T07:25:57.917+0000] {dag.py:3954} INFO - Setting next_dagrun for example_xcom_args to None, run_after=None
[2024-05-10T07:25:57.920+0000] {logging_mixin.py:188} INFO - [2024-05-10T07:25:57.920+0000] {dag.py:3954} INFO - Setting next_dagrun for example_xcom_args_with_operators to None, run_after=None
[2024-05-10T07:25:57.940+0000] {processor.py:183} INFO - Processing /home/airflow/.local/lib/python3.12/site-packages/airflow/example_dags/example_xcomargs.py took 0.065 seconds
[2024-05-10T07:26:28.391+0000] {processor.py:161} INFO - Started process (PID=503) to work on /home/airflow/.local/lib/python3.12/site-packages/airflow/example_dags/example_xcomargs.py
[2024-05-10T07:26:28.392+0000] {processor.py:830} INFO - Processing file /home/airflow/.local/lib/python3.12/site-packages/airflow/example_dags/example_xcomargs.py for tasks to queue
[2024-05-10T07:26:28.393+0000] {logging_mixin.py:188} INFO - [2024-05-10T07:26:28.393+0000] {dagbag.py:540} INFO - Filling up the DagBag from /home/airflow/.local/lib/python3.12/site-packages/airflow/example_dags/example_xcomargs.py
[2024-05-10T07:26:28.400+0000] {processor.py:840} INFO - DAG(s) 'example_xcom_args_with_operators', 'example_xcom_args' retrieved from /home/airflow/.local/lib/python3.12/site-packages/airflow/example_dags/example_xcomargs.py
[2024-05-10T07:26:28.418+0000] {logging_mixin.py:188} INFO - [2024-05-10T07:26:28.418+0000] {dag.py:3096} INFO - Sync 2 DAGs
[2024-05-10T07:26:28.428+0000] {logging_mixin.py:188} INFO - [2024-05-10T07:26:28.428+0000] {dag.py:3954} INFO - Setting next_dagrun for example_xcom_args to None, run_after=None
[2024-05-10T07:26:28.431+0000] {logging_mixin.py:188} INFO - [2024-05-10T07:26:28.431+0000] {dag.py:3954} INFO - Setting next_dagrun for example_xcom_args_with_operators to None, run_after=None
[2024-05-10T07:26:28.452+0000] {processor.py:183} INFO - Processing /home/airflow/.local/lib/python3.12/site-packages/airflow/example_dags/example_xcomargs.py took 0.065 seconds
[2024-05-10T07:26:58.949+0000] {processor.py:161} INFO - Started process (PID=561) to work on /home/airflow/.local/lib/python3.12/site-packages/airflow/example_dags/example_xcomargs.py
[2024-05-10T07:26:58.950+0000] {processor.py:830} INFO - Processing file /home/airflow/.local/lib/python3.12/site-packages/airflow/example_dags/example_xcomargs.py for tasks to queue
[2024-05-10T07:26:58.951+0000] {logging_mixin.py:188} INFO - [2024-05-10T07:26:58.951+0000] {dagbag.py:540} INFO - Filling up the DagBag from /home/airflow/.local/lib/python3.12/site-packages/airflow/example_dags/example_xcomargs.py
[2024-05-10T07:26:58.958+0000] {processor.py:840} INFO - DAG(s) 'example_xcom_args_with_operators', 'example_xcom_args' retrieved from /home/airflow/.local/lib/python3.12/site-packages/airflow/example_dags/example_xcomargs.py
[2024-05-10T07:26:58.976+0000] {logging_mixin.py:188} INFO - [2024-05-10T07:26:58.976+0000] {dag.py:3096} INFO - Sync 2 DAGs
[2024-05-10T07:26:58.987+0000] {logging_mixin.py:188} INFO - [2024-05-10T07:26:58.987+0000] {dag.py:3954} INFO - Setting next_dagrun for example_xcom_args to None, run_after=None
[2024-05-10T07:26:58.991+0000] {logging_mixin.py:188} INFO - [2024-05-10T07:26:58.990+0000] {dag.py:3954} INFO - Setting next_dagrun for example_xcom_args_with_operators to None, run_after=None
[2024-05-10T07:26:59.008+0000] {processor.py:183} INFO - Processing /home/airflow/.local/lib/python3.12/site-packages/airflow/example_dags/example_xcomargs.py took 0.064 seconds
[2024-05-10T07:27:29.405+0000] {processor.py:161} INFO - Started process (PID=619) to work on /home/airflow/.local/lib/python3.12/site-packages/airflow/example_dags/example_xcomargs.py
[2024-05-10T07:27:29.406+0000] {processor.py:830} INFO - Processing file /home/airflow/.local/lib/python3.12/site-packages/airflow/example_dags/example_xcomargs.py for tasks to queue
[2024-05-10T07:27:29.407+0000] {logging_mixin.py:188} INFO - [2024-05-10T07:27:29.407+0000] {dagbag.py:540} INFO - Filling up the DagBag from /home/airflow/.local/lib/python3.12/site-packages/airflow/example_dags/example_xcomargs.py
[2024-05-10T07:27:29.415+0000] {processor.py:840} INFO - DAG(s) 'example_xcom_args', 'example_xcom_args_with_operators' retrieved from /home/airflow/.local/lib/python3.12/site-packages/airflow/example_dags/example_xcomargs.py
[2024-05-10T07:27:29.434+0000] {logging_mixin.py:188} INFO - [2024-05-10T07:27:29.434+0000] {dag.py:3096} INFO - Sync 2 DAGs
[2024-05-10T07:27:29.445+0000] {logging_mixin.py:188} INFO - [2024-05-10T07:27:29.445+0000] {dag.py:3954} INFO - Setting next_dagrun for example_xcom_args to None, run_after=None
[2024-05-10T07:27:29.448+0000] {logging_mixin.py:188} INFO - [2024-05-10T07:27:29.448+0000] {dag.py:3954} INFO - Setting next_dagrun for example_xcom_args_with_operators to None, run_after=None
[2024-05-10T07:27:29.464+0000] {processor.py:183} INFO - Processing /home/airflow/.local/lib/python3.12/site-packages/airflow/example_dags/example_xcomargs.py took 0.064 seconds
[2024-05-10T07:28:00.063+0000] {processor.py:161} INFO - Started process (PID=677) to work on /home/airflow/.local/lib/python3.12/site-packages/airflow/example_dags/example_xcomargs.py
[2024-05-10T07:28:00.065+0000] {processor.py:830} INFO - Processing file /home/airflow/.local/lib/python3.12/site-packages/airflow/example_dags/example_xcomargs.py for tasks to queue
[2024-05-10T07:28:00.066+0000] {logging_mixin.py:188} INFO - [2024-05-10T07:28:00.066+0000] {dagbag.py:540} INFO - Filling up the DagBag from /home/airflow/.local/lib/python3.12/site-packages/airflow/example_dags/example_xcomargs.py
[2024-05-10T07:28:00.073+0000] {processor.py:840} INFO - DAG(s) 'example_xcom_args_with_operators', 'example_xcom_args' retrieved from /home/airflow/.local/lib/python3.12/site-packages/airflow/example_dags/example_xcomargs.py
[2024-05-10T07:28:00.100+0000] {logging_mixin.py:188} INFO - [2024-05-10T07:28:00.099+0000] {dag.py:3096} INFO - Sync 2 DAGs
[2024-05-10T07:28:00.111+0000] {logging_mixin.py:188} INFO - [2024-05-10T07:28:00.111+0000] {dag.py:3954} INFO - Setting next_dagrun for example_xcom_args to None, run_after=None
[2024-05-10T07:28:00.114+0000] {logging_mixin.py:188} INFO - [2024-05-10T07:28:00.114+0000] {dag.py:3954} INFO - Setting next_dagrun for example_xcom_args_with_operators to None, run_after=None
[2024-05-10T07:28:00.130+0000] {processor.py:183} INFO - Processing /home/airflow/.local/lib/python3.12/site-packages/airflow/example_dags/example_xcomargs.py took 0.080 seconds
[2024-05-10T07:28:30.172+0000] {processor.py:161} INFO - Started process (PID=734) to work on /home/airflow/.local/lib/python3.12/site-packages/airflow/example_dags/example_xcomargs.py
[2024-05-10T07:28:30.173+0000] {processor.py:830} INFO - Processing file /home/airflow/.local/lib/python3.12/site-packages/airflow/example_dags/example_xcomargs.py for tasks to queue
[2024-05-10T07:28:30.174+0000] {logging_mixin.py:188} INFO - [2024-05-10T07:28:30.174+0000] {dagbag.py:540} INFO - Filling up the DagBag from /home/airflow/.local/lib/python3.12/site-packages/airflow/example_dags/example_xcomargs.py
[2024-05-10T07:28:30.181+0000] {processor.py:840} INFO - DAG(s) 'example_xcom_args_with_operators', 'example_xcom_args' retrieved from /home/airflow/.local/lib/python3.12/site-packages/airflow/example_dags/example_xcomargs.py
[2024-05-10T07:28:30.202+0000] {logging_mixin.py:188} INFO - [2024-05-10T07:28:30.202+0000] {dag.py:3096} INFO - Sync 2 DAGs
[2024-05-10T07:28:30.214+0000] {logging_mixin.py:188} INFO - [2024-05-10T07:28:30.213+0000] {dag.py:3954} INFO - Setting next_dagrun for example_xcom_args to None, run_after=None
[2024-05-10T07:28:30.217+0000] {logging_mixin.py:188} INFO - [2024-05-10T07:28:30.217+0000] {dag.py:3954} INFO - Setting next_dagrun for example_xcom_args_with_operators to None, run_after=None
[2024-05-10T07:28:30.241+0000] {processor.py:183} INFO - Processing /home/airflow/.local/lib/python3.12/site-packages/airflow/example_dags/example_xcomargs.py took 0.074 seconds
[2024-05-10T07:29:00.840+0000] {processor.py:161} INFO - Started process (PID=793) to work on /home/airflow/.local/lib/python3.12/site-packages/airflow/example_dags/example_xcomargs.py
[2024-05-10T07:29:00.841+0000] {processor.py:830} INFO - Processing file /home/airflow/.local/lib/python3.12/site-packages/airflow/example_dags/example_xcomargs.py for tasks to queue
[2024-05-10T07:29:00.842+0000] {logging_mixin.py:188} INFO - [2024-05-10T07:29:00.842+0000] {dagbag.py:540} INFO - Filling up the DagBag from /home/airflow/.local/lib/python3.12/site-packages/airflow/example_dags/example_xcomargs.py
[2024-05-10T07:29:00.849+0000] {processor.py:840} INFO - DAG(s) 'example_xcom_args_with_operators', 'example_xcom_args' retrieved from /home/airflow/.local/lib/python3.12/site-packages/airflow/example_dags/example_xcomargs.py
[2024-05-10T07:29:00.868+0000] {logging_mixin.py:188} INFO - [2024-05-10T07:29:00.868+0000] {dag.py:3096} INFO - Sync 2 DAGs
[2024-05-10T07:29:00.879+0000] {logging_mixin.py:188} INFO - [2024-05-10T07:29:00.879+0000] {dag.py:3954} INFO - Setting next_dagrun for example_xcom_args to None, run_after=None
[2024-05-10T07:29:00.883+0000] {logging_mixin.py:188} INFO - [2024-05-10T07:29:00.883+0000] {dag.py:3954} INFO - Setting next_dagrun for example_xcom_args_with_operators to None, run_after=None
[2024-05-10T07:29:00.908+0000] {processor.py:183} INFO - Processing /home/airflow/.local/lib/python3.12/site-packages/airflow/example_dags/example_xcomargs.py took 0.072 seconds
[2024-05-10T07:29:31.222+0000] {processor.py:161} INFO - Started process (PID=851) to work on /home/airflow/.local/lib/python3.12/site-packages/airflow/example_dags/example_xcomargs.py
[2024-05-10T07:29:31.223+0000] {processor.py:830} INFO - Processing file /home/airflow/.local/lib/python3.12/site-packages/airflow/example_dags/example_xcomargs.py for tasks to queue
[2024-05-10T07:29:31.224+0000] {logging_mixin.py:188} INFO - [2024-05-10T07:29:31.224+0000] {dagbag.py:540} INFO - Filling up the DagBag from /home/airflow/.local/lib/python3.12/site-packages/airflow/example_dags/example_xcomargs.py
[2024-05-10T07:29:31.230+0000] {processor.py:840} INFO - DAG(s) 'example_xcom_args', 'example_xcom_args_with_operators' retrieved from /home/airflow/.local/lib/python3.12/site-packages/airflow/example_dags/example_xcomargs.py
[2024-05-10T07:29:31.248+0000] {logging_mixin.py:188} INFO - [2024-05-10T07:29:31.248+0000] {dag.py:3096} INFO - Sync 2 DAGs
[2024-05-10T07:29:31.258+0000] {logging_mixin.py:188} INFO - [2024-05-10T07:29:31.258+0000] {dag.py:3954} INFO - Setting next_dagrun for example_xcom_args to None, run_after=None
[2024-05-10T07:29:31.261+0000] {logging_mixin.py:188} INFO - [2024-05-10T07:29:31.261+0000] {dag.py:3954} INFO - Setting next_dagrun for example_xcom_args_with_operators to None, run_after=None
[2024-05-10T07:29:31.285+0000] {processor.py:183} INFO - Processing /home/airflow/.local/lib/python3.12/site-packages/airflow/example_dags/example_xcomargs.py took 0.068 seconds
[2024-05-10T07:30:01.593+0000] {processor.py:161} INFO - Started process (PID=909) to work on /home/airflow/.local/lib/python3.12/site-packages/airflow/example_dags/example_xcomargs.py
[2024-05-10T07:30:01.595+0000] {processor.py:830} INFO - Processing file /home/airflow/.local/lib/python3.12/site-packages/airflow/example_dags/example_xcomargs.py for tasks to queue
[2024-05-10T07:30:01.596+0000] {logging_mixin.py:188} INFO - [2024-05-10T07:30:01.596+0000] {dagbag.py:540} INFO - Filling up the DagBag from /home/airflow/.local/lib/python3.12/site-packages/airflow/example_dags/example_xcomargs.py
[2024-05-10T07:30:01.603+0000] {processor.py:840} INFO - DAG(s) 'example_xcom_args_with_operators', 'example_xcom_args' retrieved from /home/airflow/.local/lib/python3.12/site-packages/airflow/example_dags/example_xcomargs.py
[2024-05-10T07:30:01.621+0000] {logging_mixin.py:188} INFO - [2024-05-10T07:30:01.620+0000] {dag.py:3096} INFO - Sync 2 DAGs
[2024-05-10T07:30:01.735+0000] {logging_mixin.py:188} INFO - [2024-05-10T07:30:01.734+0000] {dag.py:3954} INFO - Setting next_dagrun for example_xcom_args to None, run_after=None
[2024-05-10T07:30:01.738+0000] {logging_mixin.py:188} INFO - [2024-05-10T07:30:01.737+0000] {dag.py:3954} INFO - Setting next_dagrun for example_xcom_args_with_operators to None, run_after=None
[2024-05-10T07:30:01.751+0000] {processor.py:183} INFO - Processing /home/airflow/.local/lib/python3.12/site-packages/airflow/example_dags/example_xcomargs.py took 0.162 seconds
[2024-05-10T07:30:32.540+0000] {processor.py:161} INFO - Started process (PID=968) to work on /home/airflow/.local/lib/python3.12/site-packages/airflow/example_dags/example_xcomargs.py
[2024-05-10T07:30:32.540+0000] {processor.py:830} INFO - Processing file /home/airflow/.local/lib/python3.12/site-packages/airflow/example_dags/example_xcomargs.py for tasks to queue
[2024-05-10T07:30:32.541+0000] {logging_mixin.py:188} INFO - [2024-05-10T07:30:32.541+0000] {dagbag.py:540} INFO - Filling up the DagBag from /home/airflow/.local/lib/python3.12/site-packages/airflow/example_dags/example_xcomargs.py
[2024-05-10T07:30:32.548+0000] {processor.py:840} INFO - DAG(s) 'example_xcom_args_with_operators', 'example_xcom_args' retrieved from /home/airflow/.local/lib/python3.12/site-packages/airflow/example_dags/example_xcomargs.py
[2024-05-10T07:30:32.566+0000] {logging_mixin.py:188} INFO - [2024-05-10T07:30:32.566+0000] {dag.py:3096} INFO - Sync 2 DAGs
[2024-05-10T07:30:32.577+0000] {logging_mixin.py:188} INFO - [2024-05-10T07:30:32.577+0000] {dag.py:3954} INFO - Setting next_dagrun for example_xcom_args to None, run_after=None
[2024-05-10T07:30:32.580+0000] {logging_mixin.py:188} INFO - [2024-05-10T07:30:32.580+0000] {dag.py:3954} INFO - Setting next_dagrun for example_xcom_args_with_operators to None, run_after=None
[2024-05-10T07:30:32.596+0000] {processor.py:183} INFO - Processing /home/airflow/.local/lib/python3.12/site-packages/airflow/example_dags/example_xcomargs.py took 0.062 seconds
[2024-05-10T07:31:02.937+0000] {processor.py:161} INFO - Started process (PID=1026) to work on /home/airflow/.local/lib/python3.12/site-packages/airflow/example_dags/example_xcomargs.py
[2024-05-10T07:31:02.938+0000] {processor.py:830} INFO - Processing file /home/airflow/.local/lib/python3.12/site-packages/airflow/example_dags/example_xcomargs.py for tasks to queue
[2024-05-10T07:31:02.939+0000] {logging_mixin.py:188} INFO - [2024-05-10T07:31:02.939+0000] {dagbag.py:540} INFO - Filling up the DagBag from /home/airflow/.local/lib/python3.12/site-packages/airflow/example_dags/example_xcomargs.py
[2024-05-10T07:31:02.946+0000] {processor.py:840} INFO - DAG(s) 'example_xcom_args', 'example_xcom_args_with_operators' retrieved from /home/airflow/.local/lib/python3.12/site-packages/airflow/example_dags/example_xcomargs.py
[2024-05-10T07:31:02.964+0000] {logging_mixin.py:188} INFO - [2024-05-10T07:31:02.964+0000] {dag.py:3096} INFO - Sync 2 DAGs
[2024-05-10T07:31:02.974+0000] {logging_mixin.py:188} INFO - [2024-05-10T07:31:02.974+0000] {dag.py:3954} INFO - Setting next_dagrun for example_xcom_args to None, run_after=None
[2024-05-10T07:31:02.977+0000] {logging_mixin.py:188} INFO - [2024-05-10T07:31:02.977+0000] {dag.py:3954} INFO - Setting next_dagrun for example_xcom_args_with_operators to None, run_after=None
[2024-05-10T07:31:02.996+0000] {processor.py:183} INFO - Processing /home/airflow/.local/lib/python3.12/site-packages/airflow/example_dags/example_xcomargs.py took 0.063 seconds
[2024-05-10T07:31:33.747+0000] {processor.py:161} INFO - Started process (PID=1084) to work on /home/airflow/.local/lib/python3.12/site-packages/airflow/example_dags/example_xcomargs.py
[2024-05-10T07:31:33.748+0000] {processor.py:830} INFO - Processing file /home/airflow/.local/lib/python3.12/site-packages/airflow/example_dags/example_xcomargs.py for tasks to queue
[2024-05-10T07:31:33.749+0000] {logging_mixin.py:188} INFO - [2024-05-10T07:31:33.749+0000] {dagbag.py:540} INFO - Filling up the DagBag from /home/airflow/.local/lib/python3.12/site-packages/airflow/example_dags/example_xcomargs.py
[2024-05-10T07:31:33.756+0000] {processor.py:840} INFO - DAG(s) 'example_xcom_args_with_operators', 'example_xcom_args' retrieved from /home/airflow/.local/lib/python3.12/site-packages/airflow/example_dags/example_xcomargs.py
[2024-05-10T07:31:33.774+0000] {logging_mixin.py:188} INFO - [2024-05-10T07:31:33.774+0000] {dag.py:3096} INFO - Sync 2 DAGs
[2024-05-10T07:31:33.785+0000] {logging_mixin.py:188} INFO - [2024-05-10T07:31:33.785+0000] {dag.py:3954} INFO - Setting next_dagrun for example_xcom_args to None, run_after=None
[2024-05-10T07:31:33.788+0000] {logging_mixin.py:188} INFO - [2024-05-10T07:31:33.788+0000] {dag.py:3954} INFO - Setting next_dagrun for example_xcom_args_with_operators to None, run_after=None
[2024-05-10T07:31:33.806+0000] {processor.py:183} INFO - Processing /home/airflow/.local/lib/python3.12/site-packages/airflow/example_dags/example_xcomargs.py took 0.064 seconds
[2024-05-10T07:32:04.538+0000] {processor.py:161} INFO - Started process (PID=1142) to work on /home/airflow/.local/lib/python3.12/site-packages/airflow/example_dags/example_xcomargs.py
[2024-05-10T07:32:04.538+0000] {processor.py:830} INFO - Processing file /home/airflow/.local/lib/python3.12/site-packages/airflow/example_dags/example_xcomargs.py for tasks to queue
[2024-05-10T07:32:04.539+0000] {logging_mixin.py:188} INFO - [2024-05-10T07:32:04.539+0000] {dagbag.py:540} INFO - Filling up the DagBag from /home/airflow/.local/lib/python3.12/site-packages/airflow/example_dags/example_xcomargs.py
[2024-05-10T07:32:04.546+0000] {processor.py:840} INFO - DAG(s) 'example_xcom_args_with_operators', 'example_xcom_args' retrieved from /home/airflow/.local/lib/python3.12/site-packages/airflow/example_dags/example_xcomargs.py
[2024-05-10T07:32:04.565+0000] {logging_mixin.py:188} INFO - [2024-05-10T07:32:04.564+0000] {dag.py:3096} INFO - Sync 2 DAGs
[2024-05-10T07:32:04.576+0000] {logging_mixin.py:188} INFO - [2024-05-10T07:32:04.575+0000] {dag.py:3954} INFO - Setting next_dagrun for example_xcom_args to None, run_after=None
[2024-05-10T07:32:04.579+0000] {logging_mixin.py:188} INFO - [2024-05-10T07:32:04.578+0000] {dag.py:3954} INFO - Setting next_dagrun for example_xcom_args_with_operators to None, run_after=None
[2024-05-10T07:32:04.596+0000] {processor.py:183} INFO - Processing /home/airflow/.local/lib/python3.12/site-packages/airflow/example_dags/example_xcomargs.py took 0.063 seconds
[2024-05-10T07:32:35.159+0000] {processor.py:161} INFO - Started process (PID=1201) to work on /home/airflow/.local/lib/python3.12/site-packages/airflow/example_dags/example_xcomargs.py
[2024-05-10T07:32:35.160+0000] {processor.py:830} INFO - Processing file /home/airflow/.local/lib/python3.12/site-packages/airflow/example_dags/example_xcomargs.py for tasks to queue
[2024-05-10T07:32:35.161+0000] {logging_mixin.py:188} INFO - [2024-05-10T07:32:35.161+0000] {dagbag.py:540} INFO - Filling up the DagBag from /home/airflow/.local/lib/python3.12/site-packages/airflow/example_dags/example_xcomargs.py
[2024-05-10T07:32:35.167+0000] {processor.py:840} INFO - DAG(s) 'example_xcom_args', 'example_xcom_args_with_operators' retrieved from /home/airflow/.local/lib/python3.12/site-packages/airflow/example_dags/example_xcomargs.py
[2024-05-10T07:32:35.185+0000] {logging_mixin.py:188} INFO - [2024-05-10T07:32:35.185+0000] {dag.py:3096} INFO - Sync 2 DAGs
[2024-05-10T07:32:35.195+0000] {logging_mixin.py:188} INFO - [2024-05-10T07:32:35.195+0000] {dag.py:3954} INFO - Setting next_dagrun for example_xcom_args to None, run_after=None
[2024-05-10T07:32:35.199+0000] {logging_mixin.py:188} INFO - [2024-05-10T07:32:35.199+0000] {dag.py:3954} INFO - Setting next_dagrun for example_xcom_args_with_operators to None, run_after=None
[2024-05-10T07:32:35.218+0000] {processor.py:183} INFO - Processing /home/airflow/.local/lib/python3.12/site-packages/airflow/example_dags/example_xcomargs.py took 0.063 seconds
[2024-05-10T07:33:05.715+0000] {processor.py:161} INFO - Started process (PID=1259) to work on /home/airflow/.local/lib/python3.12/site-packages/airflow/example_dags/example_xcomargs.py
[2024-05-10T07:33:05.716+0000] {processor.py:830} INFO - Processing file /home/airflow/.local/lib/python3.12/site-packages/airflow/example_dags/example_xcomargs.py for tasks to queue
[2024-05-10T07:33:05.717+0000] {logging_mixin.py:188} INFO - [2024-05-10T07:33:05.717+0000] {dagbag.py:540} INFO - Filling up the DagBag from /home/airflow/.local/lib/python3.12/site-packages/airflow/example_dags/example_xcomargs.py
[2024-05-10T07:33:05.723+0000] {processor.py:840} INFO - DAG(s) 'example_xcom_args', 'example_xcom_args_with_operators' retrieved from /home/airflow/.local/lib/python3.12/site-packages/airflow/example_dags/example_xcomargs.py
[2024-05-10T07:33:05.743+0000] {logging_mixin.py:188} INFO - [2024-05-10T07:33:05.743+0000] {dag.py:3096} INFO - Sync 2 DAGs
[2024-05-10T07:33:05.753+0000] {logging_mixin.py:188} INFO - [2024-05-10T07:33:05.753+0000] {dag.py:3954} INFO - Setting next_dagrun for example_xcom_args to None, run_after=None
[2024-05-10T07:33:05.757+0000] {logging_mixin.py:188} INFO - [2024-05-10T07:33:05.756+0000] {dag.py:3954} INFO - Setting next_dagrun for example_xcom_args_with_operators to None, run_after=None
[2024-05-10T07:33:05.773+0000] {processor.py:183} INFO - Processing /home/airflow/.local/lib/python3.12/site-packages/airflow/example_dags/example_xcomargs.py took 0.063 seconds
[2024-05-10T07:33:36.538+0000] {processor.py:161} INFO - Started process (PID=1319) to work on /home/airflow/.local/lib/python3.12/site-packages/airflow/example_dags/example_xcomargs.py
[2024-05-10T07:33:36.539+0000] {processor.py:830} INFO - Processing file /home/airflow/.local/lib/python3.12/site-packages/airflow/example_dags/example_xcomargs.py for tasks to queue
[2024-05-10T07:33:36.540+0000] {logging_mixin.py:188} INFO - [2024-05-10T07:33:36.540+0000] {dagbag.py:540} INFO - Filling up the DagBag from /home/airflow/.local/lib/python3.12/site-packages/airflow/example_dags/example_xcomargs.py
[2024-05-10T07:33:36.546+0000] {processor.py:840} INFO - DAG(s) 'example_xcom_args', 'example_xcom_args_with_operators' retrieved from /home/airflow/.local/lib/python3.12/site-packages/airflow/example_dags/example_xcomargs.py
[2024-05-10T07:33:36.565+0000] {logging_mixin.py:188} INFO - [2024-05-10T07:33:36.565+0000] {dag.py:3096} INFO - Sync 2 DAGs
[2024-05-10T07:33:36.576+0000] {logging_mixin.py:188} INFO - [2024-05-10T07:33:36.576+0000] {dag.py:3954} INFO - Setting next_dagrun for example_xcom_args to None, run_after=None
[2024-05-10T07:33:36.579+0000] {logging_mixin.py:188} INFO - [2024-05-10T07:33:36.579+0000] {dag.py:3954} INFO - Setting next_dagrun for example_xcom_args_with_operators to None, run_after=None
[2024-05-10T07:33:36.596+0000] {processor.py:183} INFO - Processing /home/airflow/.local/lib/python3.12/site-packages/airflow/example_dags/example_xcomargs.py took 0.062 seconds
[2024-05-10T07:34:06.992+0000] {processor.py:161} INFO - Started process (PID=1379) to work on /home/airflow/.local/lib/python3.12/site-packages/airflow/example_dags/example_xcomargs.py
[2024-05-10T07:34:06.993+0000] {processor.py:830} INFO - Processing file /home/airflow/.local/lib/python3.12/site-packages/airflow/example_dags/example_xcomargs.py for tasks to queue
[2024-05-10T07:34:06.995+0000] {logging_mixin.py:188} INFO - [2024-05-10T07:34:06.995+0000] {dagbag.py:540} INFO - Filling up the DagBag from /home/airflow/.local/lib/python3.12/site-packages/airflow/example_dags/example_xcomargs.py
[2024-05-10T07:34:07.003+0000] {processor.py:840} INFO - DAG(s) 'example_xcom_args_with_operators', 'example_xcom_args' retrieved from /home/airflow/.local/lib/python3.12/site-packages/airflow/example_dags/example_xcomargs.py
[2024-05-10T07:34:07.027+0000] {logging_mixin.py:188} INFO - [2024-05-10T07:34:07.027+0000] {dag.py:3096} INFO - Sync 2 DAGs
[2024-05-10T07:34:07.039+0000] {logging_mixin.py:188} INFO - [2024-05-10T07:34:07.039+0000] {dag.py:3954} INFO - Setting next_dagrun for example_xcom_args to None, run_after=None
[2024-05-10T07:34:07.042+0000] {logging_mixin.py:188} INFO - [2024-05-10T07:34:07.042+0000] {dag.py:3954} INFO - Setting next_dagrun for example_xcom_args_with_operators to None, run_after=None
[2024-05-10T07:34:07.063+0000] {processor.py:183} INFO - Processing /home/airflow/.local/lib/python3.12/site-packages/airflow/example_dags/example_xcomargs.py took 0.079 seconds
[2024-05-10T07:34:37.926+0000] {processor.py:161} INFO - Started process (PID=1438) to work on /home/airflow/.local/lib/python3.12/site-packages/airflow/example_dags/example_xcomargs.py
[2024-05-10T07:34:37.927+0000] {processor.py:830} INFO - Processing file /home/airflow/.local/lib/python3.12/site-packages/airflow/example_dags/example_xcomargs.py for tasks to queue
[2024-05-10T07:34:37.928+0000] {logging_mixin.py:188} INFO - [2024-05-10T07:34:37.928+0000] {dagbag.py:540} INFO - Filling up the DagBag from /home/airflow/.local/lib/python3.12/site-packages/airflow/example_dags/example_xcomargs.py
[2024-05-10T07:34:37.935+0000] {processor.py:840} INFO - DAG(s) 'example_xcom_args_with_operators', 'example_xcom_args' retrieved from /home/airflow/.local/lib/python3.12/site-packages/airflow/example_dags/example_xcomargs.py
[2024-05-10T07:34:37.954+0000] {logging_mixin.py:188} INFO - [2024-05-10T07:34:37.953+0000] {dag.py:3096} INFO - Sync 2 DAGs
[2024-05-10T07:34:37.964+0000] {logging_mixin.py:188} INFO - [2024-05-10T07:34:37.964+0000] {dag.py:3954} INFO - Setting next_dagrun for example_xcom_args to None, run_after=None
[2024-05-10T07:34:37.967+0000] {logging_mixin.py:188} INFO - [2024-05-10T07:34:37.967+0000] {dag.py:3954} INFO - Setting next_dagrun for example_xcom_args_with_operators to None, run_after=None
[2024-05-10T07:34:37.984+0000] {processor.py:183} INFO - Processing /home/airflow/.local/lib/python3.12/site-packages/airflow/example_dags/example_xcomargs.py took 0.063 seconds
[2024-05-10T07:35:08.473+0000] {processor.py:161} INFO - Started process (PID=1497) to work on /home/airflow/.local/lib/python3.12/site-packages/airflow/example_dags/example_xcomargs.py
[2024-05-10T07:35:08.474+0000] {processor.py:830} INFO - Processing file /home/airflow/.local/lib/python3.12/site-packages/airflow/example_dags/example_xcomargs.py for tasks to queue
[2024-05-10T07:35:08.475+0000] {logging_mixin.py:188} INFO - [2024-05-10T07:35:08.475+0000] {dagbag.py:540} INFO - Filling up the DagBag from /home/airflow/.local/lib/python3.12/site-packages/airflow/example_dags/example_xcomargs.py
[2024-05-10T07:35:08.482+0000] {processor.py:840} INFO - DAG(s) 'example_xcom_args', 'example_xcom_args_with_operators' retrieved from /home/airflow/.local/lib/python3.12/site-packages/airflow/example_dags/example_xcomargs.py
[2024-05-10T07:35:08.502+0000] {logging_mixin.py:188} INFO - [2024-05-10T07:35:08.502+0000] {dag.py:3096} INFO - Sync 2 DAGs
[2024-05-10T07:35:08.514+0000] {logging_mixin.py:188} INFO - [2024-05-10T07:35:08.514+0000] {dag.py:3954} INFO - Setting next_dagrun for example_xcom_args to None, run_after=None
[2024-05-10T07:35:08.517+0000] {logging_mixin.py:188} INFO - [2024-05-10T07:35:08.517+0000] {dag.py:3954} INFO - Setting next_dagrun for example_xcom_args_with_operators to None, run_after=None
[2024-05-10T07:35:08.540+0000] {processor.py:183} INFO - Processing /home/airflow/.local/lib/python3.12/site-packages/airflow/example_dags/example_xcomargs.py took 0.072 seconds
[2024-05-10T07:35:39.151+0000] {processor.py:161} INFO - Started process (PID=1556) to work on /home/airflow/.local/lib/python3.12/site-packages/airflow/example_dags/example_xcomargs.py
[2024-05-10T07:35:39.151+0000] {processor.py:830} INFO - Processing file /home/airflow/.local/lib/python3.12/site-packages/airflow/example_dags/example_xcomargs.py for tasks to queue
[2024-05-10T07:35:39.153+0000] {logging_mixin.py:188} INFO - [2024-05-10T07:35:39.152+0000] {dagbag.py:540} INFO - Filling up the DagBag from /home/airflow/.local/lib/python3.12/site-packages/airflow/example_dags/example_xcomargs.py
[2024-05-10T07:35:39.161+0000] {processor.py:840} INFO - DAG(s) 'example_xcom_args', 'example_xcom_args_with_operators' retrieved from /home/airflow/.local/lib/python3.12/site-packages/airflow/example_dags/example_xcomargs.py
[2024-05-10T07:35:39.179+0000] {logging_mixin.py:188} INFO - [2024-05-10T07:35:39.179+0000] {dag.py:3096} INFO - Sync 2 DAGs
[2024-05-10T07:35:39.191+0000] {logging_mixin.py:188} INFO - [2024-05-10T07:35:39.191+0000] {dag.py:3954} INFO - Setting next_dagrun for example_xcom_args to None, run_after=None
[2024-05-10T07:35:39.194+0000] {logging_mixin.py:188} INFO - [2024-05-10T07:35:39.194+0000] {dag.py:3954} INFO - Setting next_dagrun for example_xcom_args_with_operators to None, run_after=None
[2024-05-10T07:35:39.218+0000] {processor.py:183} INFO - Processing /home/airflow/.local/lib/python3.12/site-packages/airflow/example_dags/example_xcomargs.py took 0.072 seconds
[2024-05-10T07:36:09.531+0000] {processor.py:161} INFO - Started process (PID=1621) to work on /home/airflow/.local/lib/python3.12/site-packages/airflow/example_dags/example_xcomargs.py
[2024-05-10T07:36:09.534+0000] {processor.py:830} INFO - Processing file /home/airflow/.local/lib/python3.12/site-packages/airflow/example_dags/example_xcomargs.py for tasks to queue
[2024-05-10T07:36:09.535+0000] {logging_mixin.py:188} INFO - [2024-05-10T07:36:09.535+0000] {dagbag.py:540} INFO - Filling up the DagBag from /home/airflow/.local/lib/python3.12/site-packages/airflow/example_dags/example_xcomargs.py
[2024-05-10T07:36:09.542+0000] {processor.py:840} INFO - DAG(s) 'example_xcom_args', 'example_xcom_args_with_operators' retrieved from /home/airflow/.local/lib/python3.12/site-packages/airflow/example_dags/example_xcomargs.py
[2024-05-10T07:36:09.562+0000] {logging_mixin.py:188} INFO - [2024-05-10T07:36:09.562+0000] {dag.py:3096} INFO - Sync 2 DAGs
[2024-05-10T07:36:09.573+0000] {logging_mixin.py:188} INFO - [2024-05-10T07:36:09.572+0000] {dag.py:3954} INFO - Setting next_dagrun for example_xcom_args to None, run_after=None
[2024-05-10T07:36:09.575+0000] {logging_mixin.py:188} INFO - [2024-05-10T07:36:09.575+0000] {dag.py:3954} INFO - Setting next_dagrun for example_xcom_args_with_operators to None, run_after=None
[2024-05-10T07:36:09.595+0000] {processor.py:183} INFO - Processing /home/airflow/.local/lib/python3.12/site-packages/airflow/example_dags/example_xcomargs.py took 0.069 seconds
[2024-05-10T07:36:39.750+0000] {processor.py:161} INFO - Started process (PID=1679) to work on /home/airflow/.local/lib/python3.12/site-packages/airflow/example_dags/example_xcomargs.py
[2024-05-10T07:36:39.750+0000] {processor.py:830} INFO - Processing file /home/airflow/.local/lib/python3.12/site-packages/airflow/example_dags/example_xcomargs.py for tasks to queue
[2024-05-10T07:36:39.752+0000] {logging_mixin.py:188} INFO - [2024-05-10T07:36:39.751+0000] {dagbag.py:540} INFO - Filling up the DagBag from /home/airflow/.local/lib/python3.12/site-packages/airflow/example_dags/example_xcomargs.py
[2024-05-10T07:36:39.758+0000] {processor.py:840} INFO - DAG(s) 'example_xcom_args', 'example_xcom_args_with_operators' retrieved from /home/airflow/.local/lib/python3.12/site-packages/airflow/example_dags/example_xcomargs.py
[2024-05-10T07:36:39.779+0000] {logging_mixin.py:188} INFO - [2024-05-10T07:36:39.778+0000] {dag.py:3096} INFO - Sync 2 DAGs
[2024-05-10T07:36:39.790+0000] {logging_mixin.py:188} INFO - [2024-05-10T07:36:39.790+0000] {dag.py:3954} INFO - Setting next_dagrun for example_xcom_args to None, run_after=None
[2024-05-10T07:36:39.793+0000] {logging_mixin.py:188} INFO - [2024-05-10T07:36:39.793+0000] {dag.py:3954} INFO - Setting next_dagrun for example_xcom_args_with_operators to None, run_after=None
[2024-05-10T07:36:39.818+0000] {processor.py:183} INFO - Processing /home/airflow/.local/lib/python3.12/site-packages/airflow/example_dags/example_xcomargs.py took 0.073 seconds
[2024-05-10T07:37:10.018+0000] {processor.py:161} INFO - Started process (PID=1738) to work on /home/airflow/.local/lib/python3.12/site-packages/airflow/example_dags/example_xcomargs.py
[2024-05-10T07:37:10.019+0000] {processor.py:830} INFO - Processing file /home/airflow/.local/lib/python3.12/site-packages/airflow/example_dags/example_xcomargs.py for tasks to queue
[2024-05-10T07:37:10.020+0000] {logging_mixin.py:188} INFO - [2024-05-10T07:37:10.020+0000] {dagbag.py:540} INFO - Filling up the DagBag from /home/airflow/.local/lib/python3.12/site-packages/airflow/example_dags/example_xcomargs.py
[2024-05-10T07:37:10.027+0000] {processor.py:840} INFO - DAG(s) 'example_xcom_args', 'example_xcom_args_with_operators' retrieved from /home/airflow/.local/lib/python3.12/site-packages/airflow/example_dags/example_xcomargs.py
[2024-05-10T07:37:10.046+0000] {logging_mixin.py:188} INFO - [2024-05-10T07:37:10.045+0000] {dag.py:3096} INFO - Sync 2 DAGs
[2024-05-10T07:37:10.057+0000] {logging_mixin.py:188} INFO - [2024-05-10T07:37:10.056+0000] {dag.py:3954} INFO - Setting next_dagrun for example_xcom_args to None, run_after=None
[2024-05-10T07:37:10.060+0000] {logging_mixin.py:188} INFO - [2024-05-10T07:37:10.060+0000] {dag.py:3954} INFO - Setting next_dagrun for example_xcom_args_with_operators to None, run_after=None
[2024-05-10T07:37:10.085+0000] {processor.py:183} INFO - Processing /home/airflow/.local/lib/python3.12/site-packages/airflow/example_dags/example_xcomargs.py took 0.072 seconds
[2024-05-10T07:37:40.254+0000] {processor.py:161} INFO - Started process (PID=1797) to work on /home/airflow/.local/lib/python3.12/site-packages/airflow/example_dags/example_xcomargs.py
[2024-05-10T07:37:40.255+0000] {processor.py:830} INFO - Processing file /home/airflow/.local/lib/python3.12/site-packages/airflow/example_dags/example_xcomargs.py for tasks to queue
[2024-05-10T07:37:40.256+0000] {logging_mixin.py:188} INFO - [2024-05-10T07:37:40.256+0000] {dagbag.py:540} INFO - Filling up the DagBag from /home/airflow/.local/lib/python3.12/site-packages/airflow/example_dags/example_xcomargs.py
[2024-05-10T07:37:40.263+0000] {processor.py:840} INFO - DAG(s) 'example_xcom_args_with_operators', 'example_xcom_args' retrieved from /home/airflow/.local/lib/python3.12/site-packages/airflow/example_dags/example_xcomargs.py
[2024-05-10T07:37:40.283+0000] {logging_mixin.py:188} INFO - [2024-05-10T07:37:40.283+0000] {dag.py:3096} INFO - Sync 2 DAGs
[2024-05-10T07:37:40.295+0000] {logging_mixin.py:188} INFO - [2024-05-10T07:37:40.294+0000] {dag.py:3954} INFO - Setting next_dagrun for example_xcom_args to None, run_after=None
[2024-05-10T07:37:40.298+0000] {logging_mixin.py:188} INFO - [2024-05-10T07:37:40.298+0000] {dag.py:3954} INFO - Setting next_dagrun for example_xcom_args_with_operators to None, run_after=None
[2024-05-10T07:37:40.320+0000] {processor.py:183} INFO - Processing /home/airflow/.local/lib/python3.12/site-packages/airflow/example_dags/example_xcomargs.py took 0.072 seconds
[2024-05-10T07:38:10.951+0000] {processor.py:161} INFO - Started process (PID=1856) to work on /home/airflow/.local/lib/python3.12/site-packages/airflow/example_dags/example_xcomargs.py
[2024-05-10T07:38:10.951+0000] {processor.py:830} INFO - Processing file /home/airflow/.local/lib/python3.12/site-packages/airflow/example_dags/example_xcomargs.py for tasks to queue
[2024-05-10T07:38:10.953+0000] {logging_mixin.py:188} INFO - [2024-05-10T07:38:10.953+0000] {dagbag.py:540} INFO - Filling up the DagBag from /home/airflow/.local/lib/python3.12/site-packages/airflow/example_dags/example_xcomargs.py
[2024-05-10T07:38:10.959+0000] {processor.py:840} INFO - DAG(s) 'example_xcom_args_with_operators', 'example_xcom_args' retrieved from /home/airflow/.local/lib/python3.12/site-packages/airflow/example_dags/example_xcomargs.py
[2024-05-10T07:38:10.979+0000] {logging_mixin.py:188} INFO - [2024-05-10T07:38:10.979+0000] {dag.py:3096} INFO - Sync 2 DAGs
[2024-05-10T07:38:10.990+0000] {logging_mixin.py:188} INFO - [2024-05-10T07:38:10.990+0000] {dag.py:3954} INFO - Setting next_dagrun for example_xcom_args to None, run_after=None
[2024-05-10T07:38:10.993+0000] {logging_mixin.py:188} INFO - [2024-05-10T07:38:10.993+0000] {dag.py:3954} INFO - Setting next_dagrun for example_xcom_args_with_operators to None, run_after=None
[2024-05-10T07:38:11.008+0000] {processor.py:183} INFO - Processing /home/airflow/.local/lib/python3.12/site-packages/airflow/example_dags/example_xcomargs.py took 0.062 seconds
[2024-05-10T07:38:41.639+0000] {processor.py:161} INFO - Started process (PID=1914) to work on /home/airflow/.local/lib/python3.12/site-packages/airflow/example_dags/example_xcomargs.py
[2024-05-10T07:38:41.639+0000] {processor.py:830} INFO - Processing file /home/airflow/.local/lib/python3.12/site-packages/airflow/example_dags/example_xcomargs.py for tasks to queue
[2024-05-10T07:38:41.641+0000] {logging_mixin.py:188} INFO - [2024-05-10T07:38:41.640+0000] {dagbag.py:540} INFO - Filling up the DagBag from /home/airflow/.local/lib/python3.12/site-packages/airflow/example_dags/example_xcomargs.py
[2024-05-10T07:38:41.647+0000] {processor.py:840} INFO - DAG(s) 'example_xcom_args', 'example_xcom_args_with_operators' retrieved from /home/airflow/.local/lib/python3.12/site-packages/airflow/example_dags/example_xcomargs.py
[2024-05-10T07:38:41.666+0000] {logging_mixin.py:188} INFO - [2024-05-10T07:38:41.666+0000] {dag.py:3096} INFO - Sync 2 DAGs
[2024-05-10T07:38:41.677+0000] {logging_mixin.py:188} INFO - [2024-05-10T07:38:41.677+0000] {dag.py:3954} INFO - Setting next_dagrun for example_xcom_args to None, run_after=None
[2024-05-10T07:38:41.680+0000] {logging_mixin.py:188} INFO - [2024-05-10T07:38:41.680+0000] {dag.py:3954} INFO - Setting next_dagrun for example_xcom_args_with_operators to None, run_after=None
[2024-05-10T07:38:41.696+0000] {processor.py:183} INFO - Processing /home/airflow/.local/lib/python3.12/site-packages/airflow/example_dags/example_xcomargs.py took 0.063 seconds
[2024-05-10T07:39:12.273+0000] {processor.py:161} INFO - Started process (PID=1973) to work on /home/airflow/.local/lib/python3.12/site-packages/airflow/example_dags/example_xcomargs.py
[2024-05-10T07:39:12.273+0000] {processor.py:830} INFO - Processing file /home/airflow/.local/lib/python3.12/site-packages/airflow/example_dags/example_xcomargs.py for tasks to queue
[2024-05-10T07:39:12.275+0000] {logging_mixin.py:188} INFO - [2024-05-10T07:39:12.274+0000] {dagbag.py:540} INFO - Filling up the DagBag from /home/airflow/.local/lib/python3.12/site-packages/airflow/example_dags/example_xcomargs.py
[2024-05-10T07:39:12.281+0000] {processor.py:840} INFO - DAG(s) 'example_xcom_args', 'example_xcom_args_with_operators' retrieved from /home/airflow/.local/lib/python3.12/site-packages/airflow/example_dags/example_xcomargs.py
[2024-05-10T07:39:12.300+0000] {logging_mixin.py:188} INFO - [2024-05-10T07:39:12.300+0000] {dag.py:3096} INFO - Sync 2 DAGs
[2024-05-10T07:39:12.311+0000] {logging_mixin.py:188} INFO - [2024-05-10T07:39:12.311+0000] {dag.py:3954} INFO - Setting next_dagrun for example_xcom_args to None, run_after=None
[2024-05-10T07:39:12.314+0000] {logging_mixin.py:188} INFO - [2024-05-10T07:39:12.314+0000] {dag.py:3954} INFO - Setting next_dagrun for example_xcom_args_with_operators to None, run_after=None
[2024-05-10T07:39:12.330+0000] {processor.py:183} INFO - Processing /home/airflow/.local/lib/python3.12/site-packages/airflow/example_dags/example_xcomargs.py took 0.062 seconds
[2024-05-10T07:39:42.560+0000] {processor.py:161} INFO - Started process (PID=2031) to work on /home/airflow/.local/lib/python3.12/site-packages/airflow/example_dags/example_xcomargs.py
[2024-05-10T07:39:42.561+0000] {processor.py:830} INFO - Processing file /home/airflow/.local/lib/python3.12/site-packages/airflow/example_dags/example_xcomargs.py for tasks to queue
[2024-05-10T07:39:42.562+0000] {logging_mixin.py:188} INFO - [2024-05-10T07:39:42.562+0000] {dagbag.py:540} INFO - Filling up the DagBag from /home/airflow/.local/lib/python3.12/site-packages/airflow/example_dags/example_xcomargs.py
[2024-05-10T07:39:42.569+0000] {processor.py:840} INFO - DAG(s) 'example_xcom_args', 'example_xcom_args_with_operators' retrieved from /home/airflow/.local/lib/python3.12/site-packages/airflow/example_dags/example_xcomargs.py
[2024-05-10T07:39:42.588+0000] {logging_mixin.py:188} INFO - [2024-05-10T07:39:42.588+0000] {dag.py:3096} INFO - Sync 2 DAGs
[2024-05-10T07:39:42.599+0000] {logging_mixin.py:188} INFO - [2024-05-10T07:39:42.599+0000] {dag.py:3954} INFO - Setting next_dagrun for example_xcom_args to None, run_after=None
[2024-05-10T07:39:42.602+0000] {logging_mixin.py:188} INFO - [2024-05-10T07:39:42.602+0000] {dag.py:3954} INFO - Setting next_dagrun for example_xcom_args_with_operators to None, run_after=None
[2024-05-10T07:39:42.646+0000] {processor.py:183} INFO - Processing /home/airflow/.local/lib/python3.12/site-packages/airflow/example_dags/example_xcomargs.py took 0.090 seconds
[2024-05-10T07:40:12.738+0000] {processor.py:161} INFO - Started process (PID=2090) to work on /home/airflow/.local/lib/python3.12/site-packages/airflow/example_dags/example_xcomargs.py
[2024-05-10T07:40:12.739+0000] {processor.py:830} INFO - Processing file /home/airflow/.local/lib/python3.12/site-packages/airflow/example_dags/example_xcomargs.py for tasks to queue
[2024-05-10T07:40:12.741+0000] {logging_mixin.py:188} INFO - [2024-05-10T07:40:12.741+0000] {dagbag.py:540} INFO - Filling up the DagBag from /home/airflow/.local/lib/python3.12/site-packages/airflow/example_dags/example_xcomargs.py
[2024-05-10T07:40:12.747+0000] {processor.py:840} INFO - DAG(s) 'example_xcom_args', 'example_xcom_args_with_operators' retrieved from /home/airflow/.local/lib/python3.12/site-packages/airflow/example_dags/example_xcomargs.py
[2024-05-10T07:40:12.766+0000] {logging_mixin.py:188} INFO - [2024-05-10T07:40:12.766+0000] {dag.py:3096} INFO - Sync 2 DAGs
[2024-05-10T07:40:12.777+0000] {logging_mixin.py:188} INFO - [2024-05-10T07:40:12.777+0000] {dag.py:3954} INFO - Setting next_dagrun for example_xcom_args to None, run_after=None
[2024-05-10T07:40:12.780+0000] {logging_mixin.py:188} INFO - [2024-05-10T07:40:12.780+0000] {dag.py:3954} INFO - Setting next_dagrun for example_xcom_args_with_operators to None, run_after=None
[2024-05-10T07:40:12.796+0000] {processor.py:183} INFO - Processing /home/airflow/.local/lib/python3.12/site-packages/airflow/example_dags/example_xcomargs.py took 0.062 seconds
[2024-05-10T07:40:43.427+0000] {processor.py:161} INFO - Started process (PID=2149) to work on /home/airflow/.local/lib/python3.12/site-packages/airflow/example_dags/example_xcomargs.py
[2024-05-10T07:40:43.427+0000] {processor.py:830} INFO - Processing file /home/airflow/.local/lib/python3.12/site-packages/airflow/example_dags/example_xcomargs.py for tasks to queue
[2024-05-10T07:40:43.429+0000] {logging_mixin.py:188} INFO - [2024-05-10T07:40:43.428+0000] {dagbag.py:540} INFO - Filling up the DagBag from /home/airflow/.local/lib/python3.12/site-packages/airflow/example_dags/example_xcomargs.py
[2024-05-10T07:40:43.435+0000] {processor.py:840} INFO - DAG(s) 'example_xcom_args_with_operators', 'example_xcom_args' retrieved from /home/airflow/.local/lib/python3.12/site-packages/airflow/example_dags/example_xcomargs.py
[2024-05-10T07:40:43.455+0000] {logging_mixin.py:188} INFO - [2024-05-10T07:40:43.454+0000] {dag.py:3096} INFO - Sync 2 DAGs
[2024-05-10T07:40:43.466+0000] {logging_mixin.py:188} INFO - [2024-05-10T07:40:43.465+0000] {dag.py:3954} INFO - Setting next_dagrun for example_xcom_args to None, run_after=None
[2024-05-10T07:40:43.469+0000] {logging_mixin.py:188} INFO - [2024-05-10T07:40:43.469+0000] {dag.py:3954} INFO - Setting next_dagrun for example_xcom_args_with_operators to None, run_after=None
[2024-05-10T07:40:43.484+0000] {processor.py:183} INFO - Processing /home/airflow/.local/lib/python3.12/site-packages/airflow/example_dags/example_xcomargs.py took 0.062 seconds
[2024-05-10T07:41:13.893+0000] {processor.py:161} INFO - Started process (PID=2208) to work on /home/airflow/.local/lib/python3.12/site-packages/airflow/example_dags/example_xcomargs.py
[2024-05-10T07:41:13.894+0000] {processor.py:830} INFO - Processing file /home/airflow/.local/lib/python3.12/site-packages/airflow/example_dags/example_xcomargs.py for tasks to queue
[2024-05-10T07:41:13.895+0000] {logging_mixin.py:188} INFO - [2024-05-10T07:41:13.895+0000] {dagbag.py:540} INFO - Filling up the DagBag from /home/airflow/.local/lib/python3.12/site-packages/airflow/example_dags/example_xcomargs.py
[2024-05-10T07:41:13.902+0000] {processor.py:840} INFO - DAG(s) 'example_xcom_args', 'example_xcom_args_with_operators' retrieved from /home/airflow/.local/lib/python3.12/site-packages/airflow/example_dags/example_xcomargs.py
[2024-05-10T07:41:13.920+0000] {logging_mixin.py:188} INFO - [2024-05-10T07:41:13.920+0000] {dag.py:3096} INFO - Sync 2 DAGs
[2024-05-10T07:41:13.931+0000] {logging_mixin.py:188} INFO - [2024-05-10T07:41:13.931+0000] {dag.py:3954} INFO - Setting next_dagrun for example_xcom_args to None, run_after=None
[2024-05-10T07:41:13.934+0000] {logging_mixin.py:188} INFO - [2024-05-10T07:41:13.934+0000] {dag.py:3954} INFO - Setting next_dagrun for example_xcom_args_with_operators to None, run_after=None
[2024-05-10T07:41:13.951+0000] {processor.py:183} INFO - Processing /home/airflow/.local/lib/python3.12/site-packages/airflow/example_dags/example_xcomargs.py took 0.063 seconds
[2024-05-10T07:41:44.137+0000] {processor.py:161} INFO - Started process (PID=2267) to work on /home/airflow/.local/lib/python3.12/site-packages/airflow/example_dags/example_xcomargs.py
[2024-05-10T07:41:44.138+0000] {processor.py:830} INFO - Processing file /home/airflow/.local/lib/python3.12/site-packages/airflow/example_dags/example_xcomargs.py for tasks to queue
[2024-05-10T07:41:44.139+0000] {logging_mixin.py:188} INFO - [2024-05-10T07:41:44.139+0000] {dagbag.py:540} INFO - Filling up the DagBag from /home/airflow/.local/lib/python3.12/site-packages/airflow/example_dags/example_xcomargs.py
[2024-05-10T07:41:44.146+0000] {processor.py:840} INFO - DAG(s) 'example_xcom_args', 'example_xcom_args_with_operators' retrieved from /home/airflow/.local/lib/python3.12/site-packages/airflow/example_dags/example_xcomargs.py
[2024-05-10T07:41:44.164+0000] {logging_mixin.py:188} INFO - [2024-05-10T07:41:44.164+0000] {dag.py:3096} INFO - Sync 2 DAGs
[2024-05-10T07:41:44.174+0000] {logging_mixin.py:188} INFO - [2024-05-10T07:41:44.174+0000] {dag.py:3954} INFO - Setting next_dagrun for example_xcom_args to None, run_after=None
[2024-05-10T07:41:44.177+0000] {logging_mixin.py:188} INFO - [2024-05-10T07:41:44.177+0000] {dag.py:3954} INFO - Setting next_dagrun for example_xcom_args_with_operators to None, run_after=None
[2024-05-10T07:41:44.196+0000] {processor.py:183} INFO - Processing /home/airflow/.local/lib/python3.12/site-packages/airflow/example_dags/example_xcomargs.py took 0.063 seconds
[2024-05-10T07:42:14.366+0000] {processor.py:161} INFO - Started process (PID=2325) to work on /home/airflow/.local/lib/python3.12/site-packages/airflow/example_dags/example_xcomargs.py
[2024-05-10T07:42:14.366+0000] {processor.py:830} INFO - Processing file /home/airflow/.local/lib/python3.12/site-packages/airflow/example_dags/example_xcomargs.py for tasks to queue
[2024-05-10T07:42:14.371+0000] {logging_mixin.py:188} INFO - [2024-05-10T07:42:14.370+0000] {dagbag.py:540} INFO - Filling up the DagBag from /home/airflow/.local/lib/python3.12/site-packages/airflow/example_dags/example_xcomargs.py
[2024-05-10T07:42:14.380+0000] {processor.py:840} INFO - DAG(s) 'example_xcom_args', 'example_xcom_args_with_operators' retrieved from /home/airflow/.local/lib/python3.12/site-packages/airflow/example_dags/example_xcomargs.py
[2024-05-10T07:42:14.409+0000] {logging_mixin.py:188} INFO - [2024-05-10T07:42:14.408+0000] {dag.py:3096} INFO - Sync 2 DAGs
[2024-05-10T07:42:14.427+0000] {logging_mixin.py:188} INFO - [2024-05-10T07:42:14.426+0000] {dag.py:3954} INFO - Setting next_dagrun for example_xcom_args to None, run_after=None
[2024-05-10T07:42:14.431+0000] {logging_mixin.py:188} INFO - [2024-05-10T07:42:14.430+0000] {dag.py:3954} INFO - Setting next_dagrun for example_xcom_args_with_operators to None, run_after=None
[2024-05-10T07:42:14.456+0000] {processor.py:183} INFO - Processing /home/airflow/.local/lib/python3.12/site-packages/airflow/example_dags/example_xcomargs.py took 0.096 seconds
[2024-05-10T07:42:44.528+0000] {processor.py:161} INFO - Started process (PID=2384) to work on /home/airflow/.local/lib/python3.12/site-packages/airflow/example_dags/example_xcomargs.py
[2024-05-10T07:42:44.529+0000] {processor.py:830} INFO - Processing file /home/airflow/.local/lib/python3.12/site-packages/airflow/example_dags/example_xcomargs.py for tasks to queue
[2024-05-10T07:42:44.530+0000] {logging_mixin.py:188} INFO - [2024-05-10T07:42:44.530+0000] {dagbag.py:540} INFO - Filling up the DagBag from /home/airflow/.local/lib/python3.12/site-packages/airflow/example_dags/example_xcomargs.py
[2024-05-10T07:42:44.536+0000] {processor.py:840} INFO - DAG(s) 'example_xcom_args_with_operators', 'example_xcom_args' retrieved from /home/airflow/.local/lib/python3.12/site-packages/airflow/example_dags/example_xcomargs.py
[2024-05-10T07:42:44.555+0000] {logging_mixin.py:188} INFO - [2024-05-10T07:42:44.555+0000] {dag.py:3096} INFO - Sync 2 DAGs
[2024-05-10T07:42:44.566+0000] {logging_mixin.py:188} INFO - [2024-05-10T07:42:44.566+0000] {dag.py:3954} INFO - Setting next_dagrun for example_xcom_args to None, run_after=None
[2024-05-10T07:42:44.569+0000] {logging_mixin.py:188} INFO - [2024-05-10T07:42:44.569+0000] {dag.py:3954} INFO - Setting next_dagrun for example_xcom_args_with_operators to None, run_after=None
[2024-05-10T07:42:44.584+0000] {processor.py:183} INFO - Processing /home/airflow/.local/lib/python3.12/site-packages/airflow/example_dags/example_xcomargs.py took 0.061 seconds
[2024-05-10T07:43:15.071+0000] {processor.py:161} INFO - Started process (PID=2443) to work on /home/airflow/.local/lib/python3.12/site-packages/airflow/example_dags/example_xcomargs.py
[2024-05-10T07:43:15.071+0000] {processor.py:830} INFO - Processing file /home/airflow/.local/lib/python3.12/site-packages/airflow/example_dags/example_xcomargs.py for tasks to queue
[2024-05-10T07:43:15.073+0000] {logging_mixin.py:188} INFO - [2024-05-10T07:43:15.072+0000] {dagbag.py:540} INFO - Filling up the DagBag from /home/airflow/.local/lib/python3.12/site-packages/airflow/example_dags/example_xcomargs.py
[2024-05-10T07:43:15.079+0000] {processor.py:840} INFO - DAG(s) 'example_xcom_args_with_operators', 'example_xcom_args' retrieved from /home/airflow/.local/lib/python3.12/site-packages/airflow/example_dags/example_xcomargs.py
[2024-05-10T07:43:15.098+0000] {logging_mixin.py:188} INFO - [2024-05-10T07:43:15.097+0000] {dag.py:3096} INFO - Sync 2 DAGs
[2024-05-10T07:43:15.109+0000] {logging_mixin.py:188} INFO - [2024-05-10T07:43:15.108+0000] {dag.py:3954} INFO - Setting next_dagrun for example_xcom_args to None, run_after=None
[2024-05-10T07:43:15.112+0000] {logging_mixin.py:188} INFO - [2024-05-10T07:43:15.112+0000] {dag.py:3954} INFO - Setting next_dagrun for example_xcom_args_with_operators to None, run_after=None
[2024-05-10T07:43:15.129+0000] {processor.py:183} INFO - Processing /home/airflow/.local/lib/python3.12/site-packages/airflow/example_dags/example_xcomargs.py took 0.063 seconds
[2024-05-10T07:43:45.526+0000] {processor.py:161} INFO - Started process (PID=2502) to work on /home/airflow/.local/lib/python3.12/site-packages/airflow/example_dags/example_xcomargs.py
[2024-05-10T07:43:45.526+0000] {processor.py:830} INFO - Processing file /home/airflow/.local/lib/python3.12/site-packages/airflow/example_dags/example_xcomargs.py for tasks to queue
[2024-05-10T07:43:45.528+0000] {logging_mixin.py:188} INFO - [2024-05-10T07:43:45.527+0000] {dagbag.py:540} INFO - Filling up the DagBag from /home/airflow/.local/lib/python3.12/site-packages/airflow/example_dags/example_xcomargs.py
[2024-05-10T07:43:45.534+0000] {processor.py:840} INFO - DAG(s) 'example_xcom_args', 'example_xcom_args_with_operators' retrieved from /home/airflow/.local/lib/python3.12/site-packages/airflow/example_dags/example_xcomargs.py
[2024-05-10T07:43:45.552+0000] {logging_mixin.py:188} INFO - [2024-05-10T07:43:45.552+0000] {dag.py:3096} INFO - Sync 2 DAGs
[2024-05-10T07:43:45.563+0000] {logging_mixin.py:188} INFO - [2024-05-10T07:43:45.563+0000] {dag.py:3954} INFO - Setting next_dagrun for example_xcom_args to None, run_after=None
[2024-05-10T07:43:45.566+0000] {logging_mixin.py:188} INFO - [2024-05-10T07:43:45.566+0000] {dag.py:3954} INFO - Setting next_dagrun for example_xcom_args_with_operators to None, run_after=None
[2024-05-10T07:43:45.584+0000] {processor.py:183} INFO - Processing /home/airflow/.local/lib/python3.12/site-packages/airflow/example_dags/example_xcomargs.py took 0.063 seconds
[2024-05-10T07:44:16.040+0000] {processor.py:161} INFO - Started process (PID=2561) to work on /home/airflow/.local/lib/python3.12/site-packages/airflow/example_dags/example_xcomargs.py
[2024-05-10T07:44:16.040+0000] {processor.py:830} INFO - Processing file /home/airflow/.local/lib/python3.12/site-packages/airflow/example_dags/example_xcomargs.py for tasks to queue
[2024-05-10T07:44:16.042+0000] {logging_mixin.py:188} INFO - [2024-05-10T07:44:16.041+0000] {dagbag.py:540} INFO - Filling up the DagBag from /home/airflow/.local/lib/python3.12/site-packages/airflow/example_dags/example_xcomargs.py
[2024-05-10T07:44:16.048+0000] {processor.py:840} INFO - DAG(s) 'example_xcom_args_with_operators', 'example_xcom_args' retrieved from /home/airflow/.local/lib/python3.12/site-packages/airflow/example_dags/example_xcomargs.py
[2024-05-10T07:44:16.068+0000] {logging_mixin.py:188} INFO - [2024-05-10T07:44:16.067+0000] {dag.py:3096} INFO - Sync 2 DAGs
[2024-05-10T07:44:16.078+0000] {logging_mixin.py:188} INFO - [2024-05-10T07:44:16.078+0000] {dag.py:3954} INFO - Setting next_dagrun for example_xcom_args to None, run_after=None
[2024-05-10T07:44:16.082+0000] {logging_mixin.py:188} INFO - [2024-05-10T07:44:16.082+0000] {dag.py:3954} INFO - Setting next_dagrun for example_xcom_args_with_operators to None, run_after=None
[2024-05-10T07:44:16.107+0000] {processor.py:183} INFO - Processing /home/airflow/.local/lib/python3.12/site-packages/airflow/example_dags/example_xcomargs.py took 0.071 seconds
[2024-05-10T07:44:46.658+0000] {processor.py:161} INFO - Started process (PID=2620) to work on /home/airflow/.local/lib/python3.12/site-packages/airflow/example_dags/example_xcomargs.py
[2024-05-10T07:44:46.659+0000] {processor.py:830} INFO - Processing file /home/airflow/.local/lib/python3.12/site-packages/airflow/example_dags/example_xcomargs.py for tasks to queue
[2024-05-10T07:44:46.660+0000] {logging_mixin.py:188} INFO - [2024-05-10T07:44:46.660+0000] {dagbag.py:540} INFO - Filling up the DagBag from /home/airflow/.local/lib/python3.12/site-packages/airflow/example_dags/example_xcomargs.py
[2024-05-10T07:44:46.666+0000] {processor.py:840} INFO - DAG(s) 'example_xcom_args', 'example_xcom_args_with_operators' retrieved from /home/airflow/.local/lib/python3.12/site-packages/airflow/example_dags/example_xcomargs.py
[2024-05-10T07:44:46.684+0000] {logging_mixin.py:188} INFO - [2024-05-10T07:44:46.684+0000] {dag.py:3096} INFO - Sync 2 DAGs
[2024-05-10T07:44:46.695+0000] {logging_mixin.py:188} INFO - [2024-05-10T07:44:46.695+0000] {dag.py:3954} INFO - Setting next_dagrun for example_xcom_args to None, run_after=None
[2024-05-10T07:44:46.698+0000] {logging_mixin.py:188} INFO - [2024-05-10T07:44:46.698+0000] {dag.py:3954} INFO - Setting next_dagrun for example_xcom_args_with_operators to None, run_after=None
[2024-05-10T07:44:46.717+0000] {processor.py:183} INFO - Processing /home/airflow/.local/lib/python3.12/site-packages/airflow/example_dags/example_xcomargs.py took 0.063 seconds
[2024-05-10T07:45:17.202+0000] {processor.py:161} INFO - Started process (PID=2680) to work on /home/airflow/.local/lib/python3.12/site-packages/airflow/example_dags/example_xcomargs.py
[2024-05-10T07:45:17.203+0000] {processor.py:830} INFO - Processing file /home/airflow/.local/lib/python3.12/site-packages/airflow/example_dags/example_xcomargs.py for tasks to queue
[2024-05-10T07:45:17.204+0000] {logging_mixin.py:188} INFO - [2024-05-10T07:45:17.204+0000] {dagbag.py:540} INFO - Filling up the DagBag from /home/airflow/.local/lib/python3.12/site-packages/airflow/example_dags/example_xcomargs.py
[2024-05-10T07:45:17.210+0000] {processor.py:840} INFO - DAG(s) 'example_xcom_args_with_operators', 'example_xcom_args' retrieved from /home/airflow/.local/lib/python3.12/site-packages/airflow/example_dags/example_xcomargs.py
[2024-05-10T07:45:17.229+0000] {logging_mixin.py:188} INFO - [2024-05-10T07:45:17.229+0000] {dag.py:3096} INFO - Sync 2 DAGs
[2024-05-10T07:45:17.239+0000] {logging_mixin.py:188} INFO - [2024-05-10T07:45:17.239+0000] {dag.py:3954} INFO - Setting next_dagrun for example_xcom_args to None, run_after=None
[2024-05-10T07:45:17.242+0000] {logging_mixin.py:188} INFO - [2024-05-10T07:45:17.242+0000] {dag.py:3954} INFO - Setting next_dagrun for example_xcom_args_with_operators to None, run_after=None
[2024-05-10T07:45:17.261+0000] {processor.py:183} INFO - Processing /home/airflow/.local/lib/python3.12/site-packages/airflow/example_dags/example_xcomargs.py took 0.063 seconds
[2024-05-10T07:45:47.952+0000] {processor.py:161} INFO - Started process (PID=2739) to work on /home/airflow/.local/lib/python3.12/site-packages/airflow/example_dags/example_xcomargs.py
[2024-05-10T07:45:47.953+0000] {processor.py:830} INFO - Processing file /home/airflow/.local/lib/python3.12/site-packages/airflow/example_dags/example_xcomargs.py for tasks to queue
[2024-05-10T07:45:47.954+0000] {logging_mixin.py:188} INFO - [2024-05-10T07:45:47.954+0000] {dagbag.py:540} INFO - Filling up the DagBag from /home/airflow/.local/lib/python3.12/site-packages/airflow/example_dags/example_xcomargs.py
[2024-05-10T07:45:47.961+0000] {processor.py:840} INFO - DAG(s) 'example_xcom_args', 'example_xcom_args_with_operators' retrieved from /home/airflow/.local/lib/python3.12/site-packages/airflow/example_dags/example_xcomargs.py
[2024-05-10T07:45:47.983+0000] {logging_mixin.py:188} INFO - [2024-05-10T07:45:47.983+0000] {dag.py:3096} INFO - Sync 2 DAGs
[2024-05-10T07:45:48.004+0000] {logging_mixin.py:188} INFO - [2024-05-10T07:45:48.004+0000] {dag.py:3954} INFO - Setting next_dagrun for example_xcom_args to None, run_after=None
[2024-05-10T07:45:48.007+0000] {logging_mixin.py:188} INFO - [2024-05-10T07:45:48.007+0000] {dag.py:3954} INFO - Setting next_dagrun for example_xcom_args_with_operators to None, run_after=None
[2024-05-10T07:45:48.029+0000] {processor.py:183} INFO - Processing /home/airflow/.local/lib/python3.12/site-packages/airflow/example_dags/example_xcomargs.py took 0.082 seconds
[2024-05-10T07:46:18.439+0000] {processor.py:161} INFO - Started process (PID=2797) to work on /home/airflow/.local/lib/python3.12/site-packages/airflow/example_dags/example_xcomargs.py
[2024-05-10T07:46:18.440+0000] {processor.py:830} INFO - Processing file /home/airflow/.local/lib/python3.12/site-packages/airflow/example_dags/example_xcomargs.py for tasks to queue
[2024-05-10T07:46:18.440+0000] {logging_mixin.py:188} INFO - [2024-05-10T07:46:18.440+0000] {dagbag.py:540} INFO - Filling up the DagBag from /home/airflow/.local/lib/python3.12/site-packages/airflow/example_dags/example_xcomargs.py
[2024-05-10T07:46:18.447+0000] {processor.py:840} INFO - DAG(s) 'example_xcom_args_with_operators', 'example_xcom_args' retrieved from /home/airflow/.local/lib/python3.12/site-packages/airflow/example_dags/example_xcomargs.py
[2024-05-10T07:46:18.471+0000] {logging_mixin.py:188} INFO - [2024-05-10T07:46:18.471+0000] {dag.py:3096} INFO - Sync 2 DAGs
[2024-05-10T07:46:18.484+0000] {logging_mixin.py:188} INFO - [2024-05-10T07:46:18.484+0000] {dag.py:3954} INFO - Setting next_dagrun for example_xcom_args to None, run_after=None
[2024-05-10T07:46:18.487+0000] {logging_mixin.py:188} INFO - [2024-05-10T07:46:18.487+0000] {dag.py:3954} INFO - Setting next_dagrun for example_xcom_args_with_operators to None, run_after=None
[2024-05-10T07:46:18.517+0000] {processor.py:183} INFO - Processing /home/airflow/.local/lib/python3.12/site-packages/airflow/example_dags/example_xcomargs.py took 0.083 seconds
[2024-05-10T07:46:48.896+0000] {processor.py:161} INFO - Started process (PID=2854) to work on /home/airflow/.local/lib/python3.12/site-packages/airflow/example_dags/example_xcomargs.py
[2024-05-10T07:46:48.897+0000] {processor.py:830} INFO - Processing file /home/airflow/.local/lib/python3.12/site-packages/airflow/example_dags/example_xcomargs.py for tasks to queue
[2024-05-10T07:46:48.898+0000] {logging_mixin.py:188} INFO - [2024-05-10T07:46:48.898+0000] {dagbag.py:540} INFO - Filling up the DagBag from /home/airflow/.local/lib/python3.12/site-packages/airflow/example_dags/example_xcomargs.py
[2024-05-10T07:46:48.904+0000] {processor.py:840} INFO - DAG(s) 'example_xcom_args_with_operators', 'example_xcom_args' retrieved from /home/airflow/.local/lib/python3.12/site-packages/airflow/example_dags/example_xcomargs.py
[2024-05-10T07:46:48.925+0000] {logging_mixin.py:188} INFO - [2024-05-10T07:46:48.925+0000] {dag.py:3096} INFO - Sync 2 DAGs
[2024-05-10T07:46:48.938+0000] {logging_mixin.py:188} INFO - [2024-05-10T07:46:48.938+0000] {dag.py:3954} INFO - Setting next_dagrun for example_xcom_args to None, run_after=None
[2024-05-10T07:46:48.942+0000] {logging_mixin.py:188} INFO - [2024-05-10T07:46:48.941+0000] {dag.py:3954} INFO - Setting next_dagrun for example_xcom_args_with_operators to None, run_after=None
[2024-05-10T07:46:48.997+0000] {processor.py:183} INFO - Processing /home/airflow/.local/lib/python3.12/site-packages/airflow/example_dags/example_xcomargs.py took 0.106 seconds
[2024-05-10T07:47:19.318+0000] {processor.py:161} INFO - Started process (PID=2912) to work on /home/airflow/.local/lib/python3.12/site-packages/airflow/example_dags/example_xcomargs.py
[2024-05-10T07:47:19.319+0000] {processor.py:830} INFO - Processing file /home/airflow/.local/lib/python3.12/site-packages/airflow/example_dags/example_xcomargs.py for tasks to queue
[2024-05-10T07:47:19.319+0000] {logging_mixin.py:188} INFO - [2024-05-10T07:47:19.319+0000] {dagbag.py:540} INFO - Filling up the DagBag from /home/airflow/.local/lib/python3.12/site-packages/airflow/example_dags/example_xcomargs.py
[2024-05-10T07:47:19.326+0000] {processor.py:840} INFO - DAG(s) 'example_xcom_args', 'example_xcom_args_with_operators' retrieved from /home/airflow/.local/lib/python3.12/site-packages/airflow/example_dags/example_xcomargs.py
[2024-05-10T07:47:19.345+0000] {logging_mixin.py:188} INFO - [2024-05-10T07:47:19.345+0000] {dag.py:3096} INFO - Sync 2 DAGs
[2024-05-10T07:47:19.356+0000] {logging_mixin.py:188} INFO - [2024-05-10T07:47:19.356+0000] {dag.py:3954} INFO - Setting next_dagrun for example_xcom_args to None, run_after=None
[2024-05-10T07:47:19.359+0000] {logging_mixin.py:188} INFO - [2024-05-10T07:47:19.359+0000] {dag.py:3954} INFO - Setting next_dagrun for example_xcom_args_with_operators to None, run_after=None
[2024-05-10T07:47:19.376+0000] {processor.py:183} INFO - Processing /home/airflow/.local/lib/python3.12/site-packages/airflow/example_dags/example_xcomargs.py took 0.063 seconds
[2024-05-10T07:47:49.475+0000] {processor.py:161} INFO - Started process (PID=2970) to work on /home/airflow/.local/lib/python3.12/site-packages/airflow/example_dags/example_xcomargs.py
[2024-05-10T07:47:49.477+0000] {processor.py:830} INFO - Processing file /home/airflow/.local/lib/python3.12/site-packages/airflow/example_dags/example_xcomargs.py for tasks to queue
[2024-05-10T07:47:49.478+0000] {logging_mixin.py:188} INFO - [2024-05-10T07:47:49.477+0000] {dagbag.py:540} INFO - Filling up the DagBag from /home/airflow/.local/lib/python3.12/site-packages/airflow/example_dags/example_xcomargs.py
[2024-05-10T07:47:49.486+0000] {processor.py:840} INFO - DAG(s) 'example_xcom_args_with_operators', 'example_xcom_args' retrieved from /home/airflow/.local/lib/python3.12/site-packages/airflow/example_dags/example_xcomargs.py
[2024-05-10T07:47:49.512+0000] {logging_mixin.py:188} INFO - [2024-05-10T07:47:49.512+0000] {dag.py:3096} INFO - Sync 2 DAGs
[2024-05-10T07:47:49.526+0000] {logging_mixin.py:188} INFO - [2024-05-10T07:47:49.525+0000] {dag.py:3954} INFO - Setting next_dagrun for example_xcom_args to None, run_after=None
[2024-05-10T07:47:49.530+0000] {logging_mixin.py:188} INFO - [2024-05-10T07:47:49.529+0000] {dag.py:3954} INFO - Setting next_dagrun for example_xcom_args_with_operators to None, run_after=None
[2024-05-10T07:47:49.555+0000] {processor.py:183} INFO - Processing /home/airflow/.local/lib/python3.12/site-packages/airflow/example_dags/example_xcomargs.py took 0.086 seconds
[2024-05-10T07:48:19.579+0000] {processor.py:161} INFO - Started process (PID=3027) to work on /home/airflow/.local/lib/python3.12/site-packages/airflow/example_dags/example_xcomargs.py
[2024-05-10T07:48:19.580+0000] {processor.py:830} INFO - Processing file /home/airflow/.local/lib/python3.12/site-packages/airflow/example_dags/example_xcomargs.py for tasks to queue
[2024-05-10T07:48:19.580+0000] {logging_mixin.py:188} INFO - [2024-05-10T07:48:19.580+0000] {dagbag.py:540} INFO - Filling up the DagBag from /home/airflow/.local/lib/python3.12/site-packages/airflow/example_dags/example_xcomargs.py
[2024-05-10T07:48:19.589+0000] {processor.py:840} INFO - DAG(s) 'example_xcom_args', 'example_xcom_args_with_operators' retrieved from /home/airflow/.local/lib/python3.12/site-packages/airflow/example_dags/example_xcomargs.py
[2024-05-10T07:48:19.613+0000] {logging_mixin.py:188} INFO - [2024-05-10T07:48:19.613+0000] {dag.py:3096} INFO - Sync 2 DAGs
[2024-05-10T07:48:19.625+0000] {logging_mixin.py:188} INFO - [2024-05-10T07:48:19.624+0000] {dag.py:3954} INFO - Setting next_dagrun for example_xcom_args to None, run_after=None
[2024-05-10T07:48:19.628+0000] {logging_mixin.py:188} INFO - [2024-05-10T07:48:19.628+0000] {dag.py:3954} INFO - Setting next_dagrun for example_xcom_args_with_operators to None, run_after=None
[2024-05-10T07:48:19.662+0000] {processor.py:183} INFO - Processing /home/airflow/.local/lib/python3.12/site-packages/airflow/example_dags/example_xcomargs.py took 0.088 seconds
[2024-05-10T07:48:50.597+0000] {processor.py:161} INFO - Started process (PID=3085) to work on /home/airflow/.local/lib/python3.12/site-packages/airflow/example_dags/example_xcomargs.py
[2024-05-10T07:48:50.598+0000] {processor.py:830} INFO - Processing file /home/airflow/.local/lib/python3.12/site-packages/airflow/example_dags/example_xcomargs.py for tasks to queue
[2024-05-10T07:48:50.600+0000] {logging_mixin.py:188} INFO - [2024-05-10T07:48:50.599+0000] {dagbag.py:540} INFO - Filling up the DagBag from /home/airflow/.local/lib/python3.12/site-packages/airflow/example_dags/example_xcomargs.py
[2024-05-10T07:48:50.607+0000] {processor.py:840} INFO - DAG(s) 'example_xcom_args', 'example_xcom_args_with_operators' retrieved from /home/airflow/.local/lib/python3.12/site-packages/airflow/example_dags/example_xcomargs.py
[2024-05-10T07:48:50.630+0000] {logging_mixin.py:188} INFO - [2024-05-10T07:48:50.629+0000] {dag.py:3096} INFO - Sync 2 DAGs
[2024-05-10T07:48:50.641+0000] {logging_mixin.py:188} INFO - [2024-05-10T07:48:50.640+0000] {dag.py:3954} INFO - Setting next_dagrun for example_xcom_args to None, run_after=None
[2024-05-10T07:48:50.644+0000] {logging_mixin.py:188} INFO - [2024-05-10T07:48:50.644+0000] {dag.py:3954} INFO - Setting next_dagrun for example_xcom_args_with_operators to None, run_after=None
[2024-05-10T07:48:50.666+0000] {processor.py:183} INFO - Processing /home/airflow/.local/lib/python3.12/site-packages/airflow/example_dags/example_xcomargs.py took 0.073 seconds
[2024-05-10T07:49:20.853+0000] {processor.py:161} INFO - Started process (PID=3143) to work on /home/airflow/.local/lib/python3.12/site-packages/airflow/example_dags/example_xcomargs.py
[2024-05-10T07:49:20.854+0000] {processor.py:830} INFO - Processing file /home/airflow/.local/lib/python3.12/site-packages/airflow/example_dags/example_xcomargs.py for tasks to queue
[2024-05-10T07:49:20.855+0000] {logging_mixin.py:188} INFO - [2024-05-10T07:49:20.854+0000] {dagbag.py:540} INFO - Filling up the DagBag from /home/airflow/.local/lib/python3.12/site-packages/airflow/example_dags/example_xcomargs.py
[2024-05-10T07:49:20.861+0000] {processor.py:840} INFO - DAG(s) 'example_xcom_args', 'example_xcom_args_with_operators' retrieved from /home/airflow/.local/lib/python3.12/site-packages/airflow/example_dags/example_xcomargs.py
[2024-05-10T07:49:20.880+0000] {logging_mixin.py:188} INFO - [2024-05-10T07:49:20.880+0000] {dag.py:3096} INFO - Sync 2 DAGs
[2024-05-10T07:49:20.890+0000] {logging_mixin.py:188} INFO - [2024-05-10T07:49:20.890+0000] {dag.py:3954} INFO - Setting next_dagrun for example_xcom_args to None, run_after=None
[2024-05-10T07:49:20.894+0000] {logging_mixin.py:188} INFO - [2024-05-10T07:49:20.893+0000] {dag.py:3954} INFO - Setting next_dagrun for example_xcom_args_with_operators to None, run_after=None
[2024-05-10T07:49:20.911+0000] {processor.py:183} INFO - Processing /home/airflow/.local/lib/python3.12/site-packages/airflow/example_dags/example_xcomargs.py took 0.063 seconds
[2024-05-10T07:49:51.001+0000] {processor.py:161} INFO - Started process (PID=3201) to work on /home/airflow/.local/lib/python3.12/site-packages/airflow/example_dags/example_xcomargs.py
[2024-05-10T07:49:51.002+0000] {processor.py:830} INFO - Processing file /home/airflow/.local/lib/python3.12/site-packages/airflow/example_dags/example_xcomargs.py for tasks to queue
[2024-05-10T07:49:51.003+0000] {logging_mixin.py:188} INFO - [2024-05-10T07:49:51.002+0000] {dagbag.py:540} INFO - Filling up the DagBag from /home/airflow/.local/lib/python3.12/site-packages/airflow/example_dags/example_xcomargs.py
[2024-05-10T07:49:51.009+0000] {processor.py:840} INFO - DAG(s) 'example_xcom_args', 'example_xcom_args_with_operators' retrieved from /home/airflow/.local/lib/python3.12/site-packages/airflow/example_dags/example_xcomargs.py
[2024-05-10T07:49:51.029+0000] {logging_mixin.py:188} INFO - [2024-05-10T07:49:51.029+0000] {dag.py:3096} INFO - Sync 2 DAGs
[2024-05-10T07:49:51.040+0000] {logging_mixin.py:188} INFO - [2024-05-10T07:49:51.039+0000] {dag.py:3954} INFO - Setting next_dagrun for example_xcom_args to None, run_after=None
[2024-05-10T07:49:51.042+0000] {logging_mixin.py:188} INFO - [2024-05-10T07:49:51.042+0000] {dag.py:3954} INFO - Setting next_dagrun for example_xcom_args_with_operators to None, run_after=None
[2024-05-10T07:49:51.057+0000] {processor.py:183} INFO - Processing /home/airflow/.local/lib/python3.12/site-packages/airflow/example_dags/example_xcomargs.py took 0.060 seconds
[2024-05-10T07:50:21.127+0000] {processor.py:161} INFO - Started process (PID=3259) to work on /home/airflow/.local/lib/python3.12/site-packages/airflow/example_dags/example_xcomargs.py
[2024-05-10T07:50:21.128+0000] {processor.py:830} INFO - Processing file /home/airflow/.local/lib/python3.12/site-packages/airflow/example_dags/example_xcomargs.py for tasks to queue
[2024-05-10T07:50:21.128+0000] {logging_mixin.py:188} INFO - [2024-05-10T07:50:21.128+0000] {dagbag.py:540} INFO - Filling up the DagBag from /home/airflow/.local/lib/python3.12/site-packages/airflow/example_dags/example_xcomargs.py
[2024-05-10T07:50:21.135+0000] {processor.py:840} INFO - DAG(s) 'example_xcom_args_with_operators', 'example_xcom_args' retrieved from /home/airflow/.local/lib/python3.12/site-packages/airflow/example_dags/example_xcomargs.py
[2024-05-10T07:50:21.156+0000] {logging_mixin.py:188} INFO - [2024-05-10T07:50:21.155+0000] {dag.py:3096} INFO - Sync 2 DAGs
[2024-05-10T07:50:21.168+0000] {logging_mixin.py:188} INFO - [2024-05-10T07:50:21.167+0000] {dag.py:3954} INFO - Setting next_dagrun for example_xcom_args to None, run_after=None
[2024-05-10T07:50:21.171+0000] {logging_mixin.py:188} INFO - [2024-05-10T07:50:21.171+0000] {dag.py:3954} INFO - Setting next_dagrun for example_xcom_args_with_operators to None, run_after=None
[2024-05-10T07:50:21.191+0000] {processor.py:183} INFO - Processing /home/airflow/.local/lib/python3.12/site-packages/airflow/example_dags/example_xcomargs.py took 0.069 seconds
[2024-05-10T07:50:52.101+0000] {processor.py:161} INFO - Started process (PID=3317) to work on /home/airflow/.local/lib/python3.12/site-packages/airflow/example_dags/example_xcomargs.py
[2024-05-10T07:50:52.104+0000] {processor.py:830} INFO - Processing file /home/airflow/.local/lib/python3.12/site-packages/airflow/example_dags/example_xcomargs.py for tasks to queue
[2024-05-10T07:50:52.105+0000] {logging_mixin.py:188} INFO - [2024-05-10T07:50:52.104+0000] {dagbag.py:540} INFO - Filling up the DagBag from /home/airflow/.local/lib/python3.12/site-packages/airflow/example_dags/example_xcomargs.py
[2024-05-10T07:50:52.114+0000] {processor.py:840} INFO - DAG(s) 'example_xcom_args_with_operators', 'example_xcom_args' retrieved from /home/airflow/.local/lib/python3.12/site-packages/airflow/example_dags/example_xcomargs.py
[2024-05-10T07:50:52.139+0000] {logging_mixin.py:188} INFO - [2024-05-10T07:50:52.138+0000] {dag.py:3096} INFO - Sync 2 DAGs
[2024-05-10T07:50:52.154+0000] {logging_mixin.py:188} INFO - [2024-05-10T07:50:52.153+0000] {dag.py:3954} INFO - Setting next_dagrun for example_xcom_args to None, run_after=None
[2024-05-10T07:50:52.157+0000] {logging_mixin.py:188} INFO - [2024-05-10T07:50:52.157+0000] {dag.py:3954} INFO - Setting next_dagrun for example_xcom_args_with_operators to None, run_after=None
[2024-05-10T07:50:52.186+0000] {processor.py:183} INFO - Processing /home/airflow/.local/lib/python3.12/site-packages/airflow/example_dags/example_xcomargs.py took 0.092 seconds
[2024-05-10T07:51:22.297+0000] {processor.py:161} INFO - Started process (PID=3374) to work on /home/airflow/.local/lib/python3.12/site-packages/airflow/example_dags/example_xcomargs.py
[2024-05-10T07:51:22.298+0000] {processor.py:830} INFO - Processing file /home/airflow/.local/lib/python3.12/site-packages/airflow/example_dags/example_xcomargs.py for tasks to queue
[2024-05-10T07:51:22.299+0000] {logging_mixin.py:188} INFO - [2024-05-10T07:51:22.298+0000] {dagbag.py:540} INFO - Filling up the DagBag from /home/airflow/.local/lib/python3.12/site-packages/airflow/example_dags/example_xcomargs.py
[2024-05-10T07:51:22.306+0000] {processor.py:840} INFO - DAG(s) 'example_xcom_args_with_operators', 'example_xcom_args' retrieved from /home/airflow/.local/lib/python3.12/site-packages/airflow/example_dags/example_xcomargs.py
[2024-05-10T07:51:22.326+0000] {logging_mixin.py:188} INFO - [2024-05-10T07:51:22.325+0000] {dag.py:3096} INFO - Sync 2 DAGs
[2024-05-10T07:51:22.337+0000] {logging_mixin.py:188} INFO - [2024-05-10T07:51:22.336+0000] {dag.py:3954} INFO - Setting next_dagrun for example_xcom_args to None, run_after=None
[2024-05-10T07:51:22.340+0000] {logging_mixin.py:188} INFO - [2024-05-10T07:51:22.340+0000] {dag.py:3954} INFO - Setting next_dagrun for example_xcom_args_with_operators to None, run_after=None
[2024-05-10T07:51:22.359+0000] {processor.py:183} INFO - Processing /home/airflow/.local/lib/python3.12/site-packages/airflow/example_dags/example_xcomargs.py took 0.068 seconds
[2024-05-10T07:51:52.645+0000] {processor.py:161} INFO - Started process (PID=3432) to work on /home/airflow/.local/lib/python3.12/site-packages/airflow/example_dags/example_xcomargs.py
[2024-05-10T07:51:52.646+0000] {processor.py:830} INFO - Processing file /home/airflow/.local/lib/python3.12/site-packages/airflow/example_dags/example_xcomargs.py for tasks to queue
[2024-05-10T07:51:52.646+0000] {logging_mixin.py:188} INFO - [2024-05-10T07:51:52.646+0000] {dagbag.py:540} INFO - Filling up the DagBag from /home/airflow/.local/lib/python3.12/site-packages/airflow/example_dags/example_xcomargs.py
[2024-05-10T07:51:52.653+0000] {processor.py:840} INFO - DAG(s) 'example_xcom_args_with_operators', 'example_xcom_args' retrieved from /home/airflow/.local/lib/python3.12/site-packages/airflow/example_dags/example_xcomargs.py
[2024-05-10T07:51:52.671+0000] {logging_mixin.py:188} INFO - [2024-05-10T07:51:52.671+0000] {dag.py:3096} INFO - Sync 2 DAGs
[2024-05-10T07:51:52.682+0000] {logging_mixin.py:188} INFO - [2024-05-10T07:51:52.681+0000] {dag.py:3954} INFO - Setting next_dagrun for example_xcom_args to None, run_after=None
[2024-05-10T07:51:52.684+0000] {logging_mixin.py:188} INFO - [2024-05-10T07:51:52.684+0000] {dag.py:3954} INFO - Setting next_dagrun for example_xcom_args_with_operators to None, run_after=None
[2024-05-10T07:51:52.742+0000] {processor.py:183} INFO - Processing /home/airflow/.local/lib/python3.12/site-packages/airflow/example_dags/example_xcomargs.py took 0.102 seconds
[2024-05-10T07:52:22.888+0000] {processor.py:161} INFO - Started process (PID=3490) to work on /home/airflow/.local/lib/python3.12/site-packages/airflow/example_dags/example_xcomargs.py
[2024-05-10T07:52:22.888+0000] {processor.py:830} INFO - Processing file /home/airflow/.local/lib/python3.12/site-packages/airflow/example_dags/example_xcomargs.py for tasks to queue
[2024-05-10T07:52:22.889+0000] {logging_mixin.py:188} INFO - [2024-05-10T07:52:22.888+0000] {dagbag.py:540} INFO - Filling up the DagBag from /home/airflow/.local/lib/python3.12/site-packages/airflow/example_dags/example_xcomargs.py
[2024-05-10T07:52:22.896+0000] {processor.py:840} INFO - DAG(s) 'example_xcom_args_with_operators', 'example_xcom_args' retrieved from /home/airflow/.local/lib/python3.12/site-packages/airflow/example_dags/example_xcomargs.py
[2024-05-10T07:52:22.920+0000] {logging_mixin.py:188} INFO - [2024-05-10T07:52:22.920+0000] {dag.py:3096} INFO - Sync 2 DAGs
[2024-05-10T07:52:22.932+0000] {logging_mixin.py:188} INFO - [2024-05-10T07:52:22.931+0000] {dag.py:3954} INFO - Setting next_dagrun for example_xcom_args to None, run_after=None
[2024-05-10T07:52:22.935+0000] {logging_mixin.py:188} INFO - [2024-05-10T07:52:22.935+0000] {dag.py:3954} INFO - Setting next_dagrun for example_xcom_args_with_operators to None, run_after=None
[2024-05-10T07:52:22.953+0000] {processor.py:183} INFO - Processing /home/airflow/.local/lib/python3.12/site-packages/airflow/example_dags/example_xcomargs.py took 0.070 seconds
[2024-05-10T07:52:53.007+0000] {processor.py:161} INFO - Started process (PID=3548) to work on /home/airflow/.local/lib/python3.12/site-packages/airflow/example_dags/example_xcomargs.py
[2024-05-10T07:52:53.008+0000] {processor.py:830} INFO - Processing file /home/airflow/.local/lib/python3.12/site-packages/airflow/example_dags/example_xcomargs.py for tasks to queue
[2024-05-10T07:52:53.008+0000] {logging_mixin.py:188} INFO - [2024-05-10T07:52:53.008+0000] {dagbag.py:540} INFO - Filling up the DagBag from /home/airflow/.local/lib/python3.12/site-packages/airflow/example_dags/example_xcomargs.py
[2024-05-10T07:52:53.016+0000] {processor.py:840} INFO - DAG(s) 'example_xcom_args_with_operators', 'example_xcom_args' retrieved from /home/airflow/.local/lib/python3.12/site-packages/airflow/example_dags/example_xcomargs.py
[2024-05-10T07:52:53.036+0000] {logging_mixin.py:188} INFO - [2024-05-10T07:52:53.036+0000] {dag.py:3096} INFO - Sync 2 DAGs
[2024-05-10T07:52:53.048+0000] {logging_mixin.py:188} INFO - [2024-05-10T07:52:53.048+0000] {dag.py:3954} INFO - Setting next_dagrun for example_xcom_args to None, run_after=None
[2024-05-10T07:52:53.051+0000] {logging_mixin.py:188} INFO - [2024-05-10T07:52:53.051+0000] {dag.py:3954} INFO - Setting next_dagrun for example_xcom_args_with_operators to None, run_after=None
[2024-05-10T07:52:53.094+0000] {processor.py:183} INFO - Processing /home/airflow/.local/lib/python3.12/site-packages/airflow/example_dags/example_xcomargs.py took 0.092 seconds
[2024-05-10T07:53:23.791+0000] {processor.py:161} INFO - Started process (PID=3605) to work on /home/airflow/.local/lib/python3.12/site-packages/airflow/example_dags/example_xcomargs.py
[2024-05-10T07:53:23.791+0000] {processor.py:830} INFO - Processing file /home/airflow/.local/lib/python3.12/site-packages/airflow/example_dags/example_xcomargs.py for tasks to queue
[2024-05-10T07:53:23.792+0000] {logging_mixin.py:188} INFO - [2024-05-10T07:53:23.792+0000] {dagbag.py:540} INFO - Filling up the DagBag from /home/airflow/.local/lib/python3.12/site-packages/airflow/example_dags/example_xcomargs.py
[2024-05-10T07:53:23.798+0000] {processor.py:840} INFO - DAG(s) 'example_xcom_args', 'example_xcom_args_with_operators' retrieved from /home/airflow/.local/lib/python3.12/site-packages/airflow/example_dags/example_xcomargs.py
[2024-05-10T07:53:23.817+0000] {logging_mixin.py:188} INFO - [2024-05-10T07:53:23.817+0000] {dag.py:3096} INFO - Sync 2 DAGs
[2024-05-10T07:53:23.828+0000] {logging_mixin.py:188} INFO - [2024-05-10T07:53:23.828+0000] {dag.py:3954} INFO - Setting next_dagrun for example_xcom_args to None, run_after=None
[2024-05-10T07:53:23.831+0000] {logging_mixin.py:188} INFO - [2024-05-10T07:53:23.831+0000] {dag.py:3954} INFO - Setting next_dagrun for example_xcom_args_with_operators to None, run_after=None
[2024-05-10T07:53:23.856+0000] {processor.py:183} INFO - Processing /home/airflow/.local/lib/python3.12/site-packages/airflow/example_dags/example_xcomargs.py took 0.070 seconds
[2024-05-10T07:53:54.316+0000] {processor.py:161} INFO - Started process (PID=3663) to work on /home/airflow/.local/lib/python3.12/site-packages/airflow/example_dags/example_xcomargs.py
[2024-05-10T07:53:54.316+0000] {processor.py:830} INFO - Processing file /home/airflow/.local/lib/python3.12/site-packages/airflow/example_dags/example_xcomargs.py for tasks to queue
[2024-05-10T07:53:54.317+0000] {logging_mixin.py:188} INFO - [2024-05-10T07:53:54.317+0000] {dagbag.py:540} INFO - Filling up the DagBag from /home/airflow/.local/lib/python3.12/site-packages/airflow/example_dags/example_xcomargs.py
[2024-05-10T07:53:54.324+0000] {processor.py:840} INFO - DAG(s) 'example_xcom_args_with_operators', 'example_xcom_args' retrieved from /home/airflow/.local/lib/python3.12/site-packages/airflow/example_dags/example_xcomargs.py
[2024-05-10T07:53:54.345+0000] {logging_mixin.py:188} INFO - [2024-05-10T07:53:54.345+0000] {dag.py:3096} INFO - Sync 2 DAGs
[2024-05-10T07:53:54.356+0000] {logging_mixin.py:188} INFO - [2024-05-10T07:53:54.356+0000] {dag.py:3954} INFO - Setting next_dagrun for example_xcom_args to None, run_after=None
[2024-05-10T07:53:54.359+0000] {logging_mixin.py:188} INFO - [2024-05-10T07:53:54.359+0000] {dag.py:3954} INFO - Setting next_dagrun for example_xcom_args_with_operators to None, run_after=None
[2024-05-10T07:53:54.372+0000] {processor.py:183} INFO - Processing /home/airflow/.local/lib/python3.12/site-packages/airflow/example_dags/example_xcomargs.py took 0.061 seconds
[2024-05-10T07:54:24.823+0000] {processor.py:161} INFO - Started process (PID=3720) to work on /home/airflow/.local/lib/python3.12/site-packages/airflow/example_dags/example_xcomargs.py
[2024-05-10T07:54:24.824+0000] {processor.py:830} INFO - Processing file /home/airflow/.local/lib/python3.12/site-packages/airflow/example_dags/example_xcomargs.py for tasks to queue
[2024-05-10T07:54:24.824+0000] {logging_mixin.py:188} INFO - [2024-05-10T07:54:24.824+0000] {dagbag.py:540} INFO - Filling up the DagBag from /home/airflow/.local/lib/python3.12/site-packages/airflow/example_dags/example_xcomargs.py
[2024-05-10T07:54:24.831+0000] {processor.py:840} INFO - DAG(s) 'example_xcom_args_with_operators', 'example_xcom_args' retrieved from /home/airflow/.local/lib/python3.12/site-packages/airflow/example_dags/example_xcomargs.py
[2024-05-10T07:54:24.850+0000] {logging_mixin.py:188} INFO - [2024-05-10T07:54:24.849+0000] {dag.py:3096} INFO - Sync 2 DAGs
[2024-05-10T07:54:24.860+0000] {logging_mixin.py:188} INFO - [2024-05-10T07:54:24.860+0000] {dag.py:3954} INFO - Setting next_dagrun for example_xcom_args to None, run_after=None
[2024-05-10T07:54:24.863+0000] {logging_mixin.py:188} INFO - [2024-05-10T07:54:24.863+0000] {dag.py:3954} INFO - Setting next_dagrun for example_xcom_args_with_operators to None, run_after=None
[2024-05-10T07:54:24.883+0000] {processor.py:183} INFO - Processing /home/airflow/.local/lib/python3.12/site-packages/airflow/example_dags/example_xcomargs.py took 0.064 seconds
[2024-05-10T07:54:55.404+0000] {processor.py:161} INFO - Started process (PID=3778) to work on /home/airflow/.local/lib/python3.12/site-packages/airflow/example_dags/example_xcomargs.py
[2024-05-10T07:54:55.405+0000] {processor.py:830} INFO - Processing file /home/airflow/.local/lib/python3.12/site-packages/airflow/example_dags/example_xcomargs.py for tasks to queue
[2024-05-10T07:54:55.406+0000] {logging_mixin.py:188} INFO - [2024-05-10T07:54:55.405+0000] {dagbag.py:540} INFO - Filling up the DagBag from /home/airflow/.local/lib/python3.12/site-packages/airflow/example_dags/example_xcomargs.py
[2024-05-10T07:54:55.412+0000] {processor.py:840} INFO - DAG(s) 'example_xcom_args', 'example_xcom_args_with_operators' retrieved from /home/airflow/.local/lib/python3.12/site-packages/airflow/example_dags/example_xcomargs.py
[2024-05-10T07:54:55.432+0000] {logging_mixin.py:188} INFO - [2024-05-10T07:54:55.432+0000] {dag.py:3096} INFO - Sync 2 DAGs
[2024-05-10T07:54:55.443+0000] {logging_mixin.py:188} INFO - [2024-05-10T07:54:55.443+0000] {dag.py:3954} INFO - Setting next_dagrun for example_xcom_args to None, run_after=None
[2024-05-10T07:54:55.446+0000] {logging_mixin.py:188} INFO - [2024-05-10T07:54:55.446+0000] {dag.py:3954} INFO - Setting next_dagrun for example_xcom_args_with_operators to None, run_after=None
[2024-05-10T07:54:55.460+0000] {processor.py:183} INFO - Processing /home/airflow/.local/lib/python3.12/site-packages/airflow/example_dags/example_xcomargs.py took 0.060 seconds
