[2024-05-10T07:22:22.905+0000] {processor.py:161} INFO - Started process (PID=33) to work on /home/airflow/.local/lib/python3.12/site-packages/airflow/example_dags/example_branch_operator.py
[2024-05-10T07:22:22.906+0000] {processor.py:830} INFO - Processing file /home/airflow/.local/lib/python3.12/site-packages/airflow/example_dags/example_branch_operator.py for tasks to queue
[2024-05-10T07:22:22.910+0000] {logging_mixin.py:188} INFO - [2024-05-10T07:22:22.910+0000] {dagbag.py:540} INFO - Filling up the DagBag from /home/airflow/.local/lib/python3.12/site-packages/airflow/example_dags/example_branch_operator.py
[2024-05-10T07:22:22.933+0000] {processor.py:840} INFO - DAG(s) 'example_branch_operator' retrieved from /home/airflow/.local/lib/python3.12/site-packages/airflow/example_dags/example_branch_operator.py
[2024-05-10T07:22:22.974+0000] {logging_mixin.py:188} INFO - [2024-05-10T07:22:22.974+0000] {dag.py:3096} INFO - Sync 1 DAGs
[2024-05-10T07:22:22.999+0000] {logging_mixin.py:188} INFO - [2024-05-10T07:22:22.999+0000] {dag.py:3954} INFO - Setting next_dagrun for example_branch_operator to 2024-05-09 00:00:00+00:00, run_after=2024-05-10 00:00:00+00:00
[2024-05-10T07:22:23.045+0000] {processor.py:183} INFO - Processing /home/airflow/.local/lib/python3.12/site-packages/airflow/example_dags/example_branch_operator.py took 0.144 seconds
[2024-05-10T07:22:53.958+0000] {processor.py:161} INFO - Started process (PID=91) to work on /home/airflow/.local/lib/python3.12/site-packages/airflow/example_dags/example_branch_operator.py
[2024-05-10T07:22:53.960+0000] {processor.py:830} INFO - Processing file /home/airflow/.local/lib/python3.12/site-packages/airflow/example_dags/example_branch_operator.py for tasks to queue
[2024-05-10T07:22:53.961+0000] {logging_mixin.py:188} INFO - [2024-05-10T07:22:53.961+0000] {dagbag.py:540} INFO - Filling up the DagBag from /home/airflow/.local/lib/python3.12/site-packages/airflow/example_dags/example_branch_operator.py
[2024-05-10T07:22:53.974+0000] {processor.py:840} INFO - DAG(s) 'example_branch_operator' retrieved from /home/airflow/.local/lib/python3.12/site-packages/airflow/example_dags/example_branch_operator.py
[2024-05-10T07:22:54.067+0000] {logging_mixin.py:188} INFO - [2024-05-10T07:22:54.067+0000] {dag.py:3096} INFO - Sync 1 DAGs
[2024-05-10T07:22:54.084+0000] {logging_mixin.py:188} INFO - [2024-05-10T07:22:54.084+0000] {dag.py:3954} INFO - Setting next_dagrun for example_branch_operator to 2024-05-09 00:00:00+00:00, run_after=2024-05-10 00:00:00+00:00
[2024-05-10T07:22:54.118+0000] {processor.py:183} INFO - Processing /home/airflow/.local/lib/python3.12/site-packages/airflow/example_dags/example_branch_operator.py took 0.165 seconds
[2024-05-10T07:23:24.982+0000] {processor.py:161} INFO - Started process (PID=149) to work on /home/airflow/.local/lib/python3.12/site-packages/airflow/example_dags/example_branch_operator.py
[2024-05-10T07:23:24.983+0000] {processor.py:830} INFO - Processing file /home/airflow/.local/lib/python3.12/site-packages/airflow/example_dags/example_branch_operator.py for tasks to queue
[2024-05-10T07:23:24.984+0000] {logging_mixin.py:188} INFO - [2024-05-10T07:23:24.984+0000] {dagbag.py:540} INFO - Filling up the DagBag from /home/airflow/.local/lib/python3.12/site-packages/airflow/example_dags/example_branch_operator.py
[2024-05-10T07:23:24.997+0000] {processor.py:840} INFO - DAG(s) 'example_branch_operator' retrieved from /home/airflow/.local/lib/python3.12/site-packages/airflow/example_dags/example_branch_operator.py
[2024-05-10T07:23:25.020+0000] {logging_mixin.py:188} INFO - [2024-05-10T07:23:25.020+0000] {dag.py:3096} INFO - Sync 1 DAGs
[2024-05-10T07:23:25.037+0000] {logging_mixin.py:188} INFO - [2024-05-10T07:23:25.037+0000] {dag.py:3954} INFO - Setting next_dagrun for example_branch_operator to 2024-05-09 00:00:00+00:00, run_after=2024-05-10 00:00:00+00:00
[2024-05-10T07:23:25.063+0000] {processor.py:183} INFO - Processing /home/airflow/.local/lib/python3.12/site-packages/airflow/example_dags/example_branch_operator.py took 0.086 seconds
[2024-05-10T07:23:55.737+0000] {processor.py:161} INFO - Started process (PID=207) to work on /home/airflow/.local/lib/python3.12/site-packages/airflow/example_dags/example_branch_operator.py
[2024-05-10T07:23:55.738+0000] {processor.py:830} INFO - Processing file /home/airflow/.local/lib/python3.12/site-packages/airflow/example_dags/example_branch_operator.py for tasks to queue
[2024-05-10T07:23:55.739+0000] {logging_mixin.py:188} INFO - [2024-05-10T07:23:55.739+0000] {dagbag.py:540} INFO - Filling up the DagBag from /home/airflow/.local/lib/python3.12/site-packages/airflow/example_dags/example_branch_operator.py
[2024-05-10T07:23:55.752+0000] {processor.py:840} INFO - DAG(s) 'example_branch_operator' retrieved from /home/airflow/.local/lib/python3.12/site-packages/airflow/example_dags/example_branch_operator.py
[2024-05-10T07:23:55.776+0000] {logging_mixin.py:188} INFO - [2024-05-10T07:23:55.776+0000] {dag.py:3096} INFO - Sync 1 DAGs
[2024-05-10T07:23:55.795+0000] {logging_mixin.py:188} INFO - [2024-05-10T07:23:55.795+0000] {dag.py:3954} INFO - Setting next_dagrun for example_branch_operator to 2024-05-09 00:00:00+00:00, run_after=2024-05-10 00:00:00+00:00
[2024-05-10T07:23:55.820+0000] {processor.py:183} INFO - Processing /home/airflow/.local/lib/python3.12/site-packages/airflow/example_dags/example_branch_operator.py took 0.087 seconds
[2024-05-10T07:24:26.251+0000] {processor.py:161} INFO - Started process (PID=264) to work on /home/airflow/.local/lib/python3.12/site-packages/airflow/example_dags/example_branch_operator.py
[2024-05-10T07:24:26.251+0000] {processor.py:830} INFO - Processing file /home/airflow/.local/lib/python3.12/site-packages/airflow/example_dags/example_branch_operator.py for tasks to queue
[2024-05-10T07:24:26.253+0000] {logging_mixin.py:188} INFO - [2024-05-10T07:24:26.253+0000] {dagbag.py:540} INFO - Filling up the DagBag from /home/airflow/.local/lib/python3.12/site-packages/airflow/example_dags/example_branch_operator.py
[2024-05-10T07:24:26.266+0000] {processor.py:840} INFO - DAG(s) 'example_branch_operator' retrieved from /home/airflow/.local/lib/python3.12/site-packages/airflow/example_dags/example_branch_operator.py
[2024-05-10T07:24:26.290+0000] {logging_mixin.py:188} INFO - [2024-05-10T07:24:26.290+0000] {dag.py:3096} INFO - Sync 1 DAGs
[2024-05-10T07:24:26.308+0000] {logging_mixin.py:188} INFO - [2024-05-10T07:24:26.308+0000] {dag.py:3954} INFO - Setting next_dagrun for example_branch_operator to 2024-05-09 00:00:00+00:00, run_after=2024-05-10 00:00:00+00:00
[2024-05-10T07:24:26.329+0000] {processor.py:183} INFO - Processing /home/airflow/.local/lib/python3.12/site-packages/airflow/example_dags/example_branch_operator.py took 0.084 seconds
[2024-05-10T07:24:56.884+0000] {processor.py:161} INFO - Started process (PID=322) to work on /home/airflow/.local/lib/python3.12/site-packages/airflow/example_dags/example_branch_operator.py
[2024-05-10T07:24:56.885+0000] {processor.py:830} INFO - Processing file /home/airflow/.local/lib/python3.12/site-packages/airflow/example_dags/example_branch_operator.py for tasks to queue
[2024-05-10T07:24:56.886+0000] {logging_mixin.py:188} INFO - [2024-05-10T07:24:56.886+0000] {dagbag.py:540} INFO - Filling up the DagBag from /home/airflow/.local/lib/python3.12/site-packages/airflow/example_dags/example_branch_operator.py
[2024-05-10T07:24:56.899+0000] {processor.py:840} INFO - DAG(s) 'example_branch_operator' retrieved from /home/airflow/.local/lib/python3.12/site-packages/airflow/example_dags/example_branch_operator.py
[2024-05-10T07:24:56.923+0000] {logging_mixin.py:188} INFO - [2024-05-10T07:24:56.922+0000] {dag.py:3096} INFO - Sync 1 DAGs
[2024-05-10T07:24:56.940+0000] {logging_mixin.py:188} INFO - [2024-05-10T07:24:56.940+0000] {dag.py:3954} INFO - Setting next_dagrun for example_branch_operator to 2024-05-09 00:00:00+00:00, run_after=2024-05-10 00:00:00+00:00
[2024-05-10T07:24:56.964+0000] {processor.py:183} INFO - Processing /home/airflow/.local/lib/python3.12/site-packages/airflow/example_dags/example_branch_operator.py took 0.084 seconds
[2024-05-10T07:25:27.393+0000] {processor.py:161} INFO - Started process (PID=380) to work on /home/airflow/.local/lib/python3.12/site-packages/airflow/example_dags/example_branch_operator.py
[2024-05-10T07:25:27.394+0000] {processor.py:830} INFO - Processing file /home/airflow/.local/lib/python3.12/site-packages/airflow/example_dags/example_branch_operator.py for tasks to queue
[2024-05-10T07:25:27.395+0000] {logging_mixin.py:188} INFO - [2024-05-10T07:25:27.395+0000] {dagbag.py:540} INFO - Filling up the DagBag from /home/airflow/.local/lib/python3.12/site-packages/airflow/example_dags/example_branch_operator.py
[2024-05-10T07:25:27.409+0000] {processor.py:840} INFO - DAG(s) 'example_branch_operator' retrieved from /home/airflow/.local/lib/python3.12/site-packages/airflow/example_dags/example_branch_operator.py
[2024-05-10T07:25:27.433+0000] {logging_mixin.py:188} INFO - [2024-05-10T07:25:27.433+0000] {dag.py:3096} INFO - Sync 1 DAGs
[2024-05-10T07:25:27.452+0000] {logging_mixin.py:188} INFO - [2024-05-10T07:25:27.452+0000] {dag.py:3954} INFO - Setting next_dagrun for example_branch_operator to 2024-05-09 00:00:00+00:00, run_after=2024-05-10 00:00:00+00:00
[2024-05-10T07:25:27.473+0000] {processor.py:183} INFO - Processing /home/airflow/.local/lib/python3.12/site-packages/airflow/example_dags/example_branch_operator.py took 0.085 seconds
[2024-05-10T07:25:57.559+0000] {processor.py:161} INFO - Started process (PID=438) to work on /home/airflow/.local/lib/python3.12/site-packages/airflow/example_dags/example_branch_operator.py
[2024-05-10T07:25:57.560+0000] {processor.py:830} INFO - Processing file /home/airflow/.local/lib/python3.12/site-packages/airflow/example_dags/example_branch_operator.py for tasks to queue
[2024-05-10T07:25:57.561+0000] {logging_mixin.py:188} INFO - [2024-05-10T07:25:57.561+0000] {dagbag.py:540} INFO - Filling up the DagBag from /home/airflow/.local/lib/python3.12/site-packages/airflow/example_dags/example_branch_operator.py
[2024-05-10T07:25:57.574+0000] {processor.py:840} INFO - DAG(s) 'example_branch_operator' retrieved from /home/airflow/.local/lib/python3.12/site-packages/airflow/example_dags/example_branch_operator.py
[2024-05-10T07:25:57.598+0000] {logging_mixin.py:188} INFO - [2024-05-10T07:25:57.597+0000] {dag.py:3096} INFO - Sync 1 DAGs
[2024-05-10T07:25:57.617+0000] {logging_mixin.py:188} INFO - [2024-05-10T07:25:57.616+0000] {dag.py:3954} INFO - Setting next_dagrun for example_branch_operator to 2024-05-09 00:00:00+00:00, run_after=2024-05-10 00:00:00+00:00
[2024-05-10T07:25:57.640+0000] {processor.py:183} INFO - Processing /home/airflow/.local/lib/python3.12/site-packages/airflow/example_dags/example_branch_operator.py took 0.086 seconds
[2024-05-10T07:26:28.081+0000] {processor.py:161} INFO - Started process (PID=496) to work on /home/airflow/.local/lib/python3.12/site-packages/airflow/example_dags/example_branch_operator.py
[2024-05-10T07:26:28.081+0000] {processor.py:830} INFO - Processing file /home/airflow/.local/lib/python3.12/site-packages/airflow/example_dags/example_branch_operator.py for tasks to queue
[2024-05-10T07:26:28.083+0000] {logging_mixin.py:188} INFO - [2024-05-10T07:26:28.082+0000] {dagbag.py:540} INFO - Filling up the DagBag from /home/airflow/.local/lib/python3.12/site-packages/airflow/example_dags/example_branch_operator.py
[2024-05-10T07:26:28.096+0000] {processor.py:840} INFO - DAG(s) 'example_branch_operator' retrieved from /home/airflow/.local/lib/python3.12/site-packages/airflow/example_dags/example_branch_operator.py
[2024-05-10T07:26:28.119+0000] {logging_mixin.py:188} INFO - [2024-05-10T07:26:28.119+0000] {dag.py:3096} INFO - Sync 1 DAGs
[2024-05-10T07:26:28.137+0000] {logging_mixin.py:188} INFO - [2024-05-10T07:26:28.137+0000] {dag.py:3954} INFO - Setting next_dagrun for example_branch_operator to 2024-05-09 00:00:00+00:00, run_after=2024-05-10 00:00:00+00:00
[2024-05-10T07:26:28.162+0000] {processor.py:183} INFO - Processing /home/airflow/.local/lib/python3.12/site-packages/airflow/example_dags/example_branch_operator.py took 0.086 seconds
[2024-05-10T07:26:58.648+0000] {processor.py:161} INFO - Started process (PID=554) to work on /home/airflow/.local/lib/python3.12/site-packages/airflow/example_dags/example_branch_operator.py
[2024-05-10T07:26:58.649+0000] {processor.py:830} INFO - Processing file /home/airflow/.local/lib/python3.12/site-packages/airflow/example_dags/example_branch_operator.py for tasks to queue
[2024-05-10T07:26:58.650+0000] {logging_mixin.py:188} INFO - [2024-05-10T07:26:58.650+0000] {dagbag.py:540} INFO - Filling up the DagBag from /home/airflow/.local/lib/python3.12/site-packages/airflow/example_dags/example_branch_operator.py
[2024-05-10T07:26:58.664+0000] {processor.py:840} INFO - DAG(s) 'example_branch_operator' retrieved from /home/airflow/.local/lib/python3.12/site-packages/airflow/example_dags/example_branch_operator.py
[2024-05-10T07:26:58.687+0000] {logging_mixin.py:188} INFO - [2024-05-10T07:26:58.686+0000] {dag.py:3096} INFO - Sync 1 DAGs
[2024-05-10T07:26:58.704+0000] {logging_mixin.py:188} INFO - [2024-05-10T07:26:58.704+0000] {dag.py:3954} INFO - Setting next_dagrun for example_branch_operator to 2024-05-09 00:00:00+00:00, run_after=2024-05-10 00:00:00+00:00
[2024-05-10T07:26:58.730+0000] {processor.py:183} INFO - Processing /home/airflow/.local/lib/python3.12/site-packages/airflow/example_dags/example_branch_operator.py took 0.087 seconds
[2024-05-10T07:27:29.064+0000] {processor.py:161} INFO - Started process (PID=612) to work on /home/airflow/.local/lib/python3.12/site-packages/airflow/example_dags/example_branch_operator.py
[2024-05-10T07:27:29.064+0000] {processor.py:830} INFO - Processing file /home/airflow/.local/lib/python3.12/site-packages/airflow/example_dags/example_branch_operator.py for tasks to queue
[2024-05-10T07:27:29.066+0000] {logging_mixin.py:188} INFO - [2024-05-10T07:27:29.065+0000] {dagbag.py:540} INFO - Filling up the DagBag from /home/airflow/.local/lib/python3.12/site-packages/airflow/example_dags/example_branch_operator.py
[2024-05-10T07:27:29.081+0000] {processor.py:840} INFO - DAG(s) 'example_branch_operator' retrieved from /home/airflow/.local/lib/python3.12/site-packages/airflow/example_dags/example_branch_operator.py
[2024-05-10T07:27:29.106+0000] {logging_mixin.py:188} INFO - [2024-05-10T07:27:29.106+0000] {dag.py:3096} INFO - Sync 1 DAGs
[2024-05-10T07:27:29.125+0000] {logging_mixin.py:188} INFO - [2024-05-10T07:27:29.125+0000] {dag.py:3954} INFO - Setting next_dagrun for example_branch_operator to 2024-05-09 00:00:00+00:00, run_after=2024-05-10 00:00:00+00:00
[2024-05-10T07:27:29.140+0000] {processor.py:183} INFO - Processing /home/airflow/.local/lib/python3.12/site-packages/airflow/example_dags/example_branch_operator.py took 0.090 seconds
[2024-05-10T07:27:59.574+0000] {processor.py:161} INFO - Started process (PID=670) to work on /home/airflow/.local/lib/python3.12/site-packages/airflow/example_dags/example_branch_operator.py
[2024-05-10T07:27:59.575+0000] {processor.py:830} INFO - Processing file /home/airflow/.local/lib/python3.12/site-packages/airflow/example_dags/example_branch_operator.py for tasks to queue
[2024-05-10T07:27:59.577+0000] {logging_mixin.py:188} INFO - [2024-05-10T07:27:59.576+0000] {dagbag.py:540} INFO - Filling up the DagBag from /home/airflow/.local/lib/python3.12/site-packages/airflow/example_dags/example_branch_operator.py
[2024-05-10T07:27:59.592+0000] {processor.py:840} INFO - DAG(s) 'example_branch_operator' retrieved from /home/airflow/.local/lib/python3.12/site-packages/airflow/example_dags/example_branch_operator.py
[2024-05-10T07:27:59.618+0000] {logging_mixin.py:188} INFO - [2024-05-10T07:27:59.617+0000] {dag.py:3096} INFO - Sync 1 DAGs
[2024-05-10T07:27:59.637+0000] {logging_mixin.py:188} INFO - [2024-05-10T07:27:59.637+0000] {dag.py:3954} INFO - Setting next_dagrun for example_branch_operator to 2024-05-09 00:00:00+00:00, run_after=2024-05-10 00:00:00+00:00
[2024-05-10T07:27:59.664+0000] {processor.py:183} INFO - Processing /home/airflow/.local/lib/python3.12/site-packages/airflow/example_dags/example_branch_operator.py took 0.094 seconds
[2024-05-10T07:28:29.895+0000] {processor.py:161} INFO - Started process (PID=729) to work on /home/airflow/.local/lib/python3.12/site-packages/airflow/example_dags/example_branch_operator.py
[2024-05-10T07:28:29.895+0000] {processor.py:830} INFO - Processing file /home/airflow/.local/lib/python3.12/site-packages/airflow/example_dags/example_branch_operator.py for tasks to queue
[2024-05-10T07:28:29.897+0000] {logging_mixin.py:188} INFO - [2024-05-10T07:28:29.896+0000] {dagbag.py:540} INFO - Filling up the DagBag from /home/airflow/.local/lib/python3.12/site-packages/airflow/example_dags/example_branch_operator.py
[2024-05-10T07:28:29.911+0000] {processor.py:840} INFO - DAG(s) 'example_branch_operator' retrieved from /home/airflow/.local/lib/python3.12/site-packages/airflow/example_dags/example_branch_operator.py
[2024-05-10T07:28:29.940+0000] {logging_mixin.py:188} INFO - [2024-05-10T07:28:29.940+0000] {dag.py:3096} INFO - Sync 1 DAGs
[2024-05-10T07:28:29.960+0000] {logging_mixin.py:188} INFO - [2024-05-10T07:28:29.960+0000] {dag.py:3954} INFO - Setting next_dagrun for example_branch_operator to 2024-05-09 00:00:00+00:00, run_after=2024-05-10 00:00:00+00:00
[2024-05-10T07:28:29.994+0000] {processor.py:183} INFO - Processing /home/airflow/.local/lib/python3.12/site-packages/airflow/example_dags/example_branch_operator.py took 0.104 seconds
[2024-05-10T07:29:00.502+0000] {processor.py:161} INFO - Started process (PID=787) to work on /home/airflow/.local/lib/python3.12/site-packages/airflow/example_dags/example_branch_operator.py
[2024-05-10T07:29:00.503+0000] {processor.py:830} INFO - Processing file /home/airflow/.local/lib/python3.12/site-packages/airflow/example_dags/example_branch_operator.py for tasks to queue
[2024-05-10T07:29:00.505+0000] {logging_mixin.py:188} INFO - [2024-05-10T07:29:00.504+0000] {dagbag.py:540} INFO - Filling up the DagBag from /home/airflow/.local/lib/python3.12/site-packages/airflow/example_dags/example_branch_operator.py
[2024-05-10T07:29:00.517+0000] {processor.py:840} INFO - DAG(s) 'example_branch_operator' retrieved from /home/airflow/.local/lib/python3.12/site-packages/airflow/example_dags/example_branch_operator.py
[2024-05-10T07:29:00.541+0000] {logging_mixin.py:188} INFO - [2024-05-10T07:29:00.541+0000] {dag.py:3096} INFO - Sync 1 DAGs
[2024-05-10T07:29:00.559+0000] {logging_mixin.py:188} INFO - [2024-05-10T07:29:00.559+0000] {dag.py:3954} INFO - Setting next_dagrun for example_branch_operator to 2024-05-09 00:00:00+00:00, run_after=2024-05-10 00:00:00+00:00
[2024-05-10T07:29:00.586+0000] {processor.py:183} INFO - Processing /home/airflow/.local/lib/python3.12/site-packages/airflow/example_dags/example_branch_operator.py took 0.088 seconds
[2024-05-10T07:29:30.663+0000] {processor.py:161} INFO - Started process (PID=845) to work on /home/airflow/.local/lib/python3.12/site-packages/airflow/example_dags/example_branch_operator.py
[2024-05-10T07:29:30.664+0000] {processor.py:830} INFO - Processing file /home/airflow/.local/lib/python3.12/site-packages/airflow/example_dags/example_branch_operator.py for tasks to queue
[2024-05-10T07:29:30.665+0000] {logging_mixin.py:188} INFO - [2024-05-10T07:29:30.665+0000] {dagbag.py:540} INFO - Filling up the DagBag from /home/airflow/.local/lib/python3.12/site-packages/airflow/example_dags/example_branch_operator.py
[2024-05-10T07:29:30.677+0000] {processor.py:840} INFO - DAG(s) 'example_branch_operator' retrieved from /home/airflow/.local/lib/python3.12/site-packages/airflow/example_dags/example_branch_operator.py
[2024-05-10T07:29:30.700+0000] {logging_mixin.py:188} INFO - [2024-05-10T07:29:30.700+0000] {dag.py:3096} INFO - Sync 1 DAGs
[2024-05-10T07:29:30.814+0000] {logging_mixin.py:188} INFO - [2024-05-10T07:29:30.814+0000] {dag.py:3954} INFO - Setting next_dagrun for example_branch_operator to 2024-05-09 00:00:00+00:00, run_after=2024-05-10 00:00:00+00:00
[2024-05-10T07:29:30.829+0000] {processor.py:183} INFO - Processing /home/airflow/.local/lib/python3.12/site-packages/airflow/example_dags/example_branch_operator.py took 0.170 seconds
[2024-05-10T07:30:00.927+0000] {processor.py:161} INFO - Started process (PID=903) to work on /home/airflow/.local/lib/python3.12/site-packages/airflow/example_dags/example_branch_operator.py
[2024-05-10T07:30:00.927+0000] {processor.py:830} INFO - Processing file /home/airflow/.local/lib/python3.12/site-packages/airflow/example_dags/example_branch_operator.py for tasks to queue
[2024-05-10T07:30:00.929+0000] {logging_mixin.py:188} INFO - [2024-05-10T07:30:00.928+0000] {dagbag.py:540} INFO - Filling up the DagBag from /home/airflow/.local/lib/python3.12/site-packages/airflow/example_dags/example_branch_operator.py
[2024-05-10T07:30:00.942+0000] {processor.py:840} INFO - DAG(s) 'example_branch_operator' retrieved from /home/airflow/.local/lib/python3.12/site-packages/airflow/example_dags/example_branch_operator.py
[2024-05-10T07:30:00.965+0000] {logging_mixin.py:188} INFO - [2024-05-10T07:30:00.965+0000] {dag.py:3096} INFO - Sync 1 DAGs
[2024-05-10T07:30:01.081+0000] {logging_mixin.py:188} INFO - [2024-05-10T07:30:01.081+0000] {dag.py:3954} INFO - Setting next_dagrun for example_branch_operator to 2024-05-09 00:00:00+00:00, run_after=2024-05-10 00:00:00+00:00
[2024-05-10T07:30:01.096+0000] {processor.py:183} INFO - Processing /home/airflow/.local/lib/python3.12/site-packages/airflow/example_dags/example_branch_operator.py took 0.174 seconds
[2024-05-10T07:30:31.159+0000] {processor.py:161} INFO - Started process (PID=963) to work on /home/airflow/.local/lib/python3.12/site-packages/airflow/example_dags/example_branch_operator.py
[2024-05-10T07:30:31.160+0000] {processor.py:830} INFO - Processing file /home/airflow/.local/lib/python3.12/site-packages/airflow/example_dags/example_branch_operator.py for tasks to queue
[2024-05-10T07:30:31.161+0000] {logging_mixin.py:188} INFO - [2024-05-10T07:30:31.161+0000] {dagbag.py:540} INFO - Filling up the DagBag from /home/airflow/.local/lib/python3.12/site-packages/airflow/example_dags/example_branch_operator.py
[2024-05-10T07:30:31.174+0000] {processor.py:840} INFO - DAG(s) 'example_branch_operator' retrieved from /home/airflow/.local/lib/python3.12/site-packages/airflow/example_dags/example_branch_operator.py
[2024-05-10T07:30:31.197+0000] {logging_mixin.py:188} INFO - [2024-05-10T07:30:31.197+0000] {dag.py:3096} INFO - Sync 1 DAGs
[2024-05-10T07:30:31.215+0000] {logging_mixin.py:188} INFO - [2024-05-10T07:30:31.215+0000] {dag.py:3954} INFO - Setting next_dagrun for example_branch_operator to 2024-05-09 00:00:00+00:00, run_after=2024-05-10 00:00:00+00:00
[2024-05-10T07:30:31.241+0000] {processor.py:183} INFO - Processing /home/airflow/.local/lib/python3.12/site-packages/airflow/example_dags/example_branch_operator.py took 0.086 seconds
[2024-05-10T07:31:01.585+0000] {processor.py:161} INFO - Started process (PID=1019) to work on /home/airflow/.local/lib/python3.12/site-packages/airflow/example_dags/example_branch_operator.py
[2024-05-10T07:31:01.585+0000] {processor.py:830} INFO - Processing file /home/airflow/.local/lib/python3.12/site-packages/airflow/example_dags/example_branch_operator.py for tasks to queue
[2024-05-10T07:31:01.587+0000] {logging_mixin.py:188} INFO - [2024-05-10T07:31:01.586+0000] {dagbag.py:540} INFO - Filling up the DagBag from /home/airflow/.local/lib/python3.12/site-packages/airflow/example_dags/example_branch_operator.py
[2024-05-10T07:31:01.599+0000] {processor.py:840} INFO - DAG(s) 'example_branch_operator' retrieved from /home/airflow/.local/lib/python3.12/site-packages/airflow/example_dags/example_branch_operator.py
[2024-05-10T07:31:01.623+0000] {logging_mixin.py:188} INFO - [2024-05-10T07:31:01.622+0000] {dag.py:3096} INFO - Sync 1 DAGs
[2024-05-10T07:31:01.640+0000] {logging_mixin.py:188} INFO - [2024-05-10T07:31:01.640+0000] {dag.py:3954} INFO - Setting next_dagrun for example_branch_operator to 2024-05-09 00:00:00+00:00, run_after=2024-05-10 00:00:00+00:00
[2024-05-10T07:31:01.662+0000] {processor.py:183} INFO - Processing /home/airflow/.local/lib/python3.12/site-packages/airflow/example_dags/example_branch_operator.py took 0.082 seconds
[2024-05-10T07:31:32.106+0000] {processor.py:161} INFO - Started process (PID=1077) to work on /home/airflow/.local/lib/python3.12/site-packages/airflow/example_dags/example_branch_operator.py
[2024-05-10T07:31:32.107+0000] {processor.py:830} INFO - Processing file /home/airflow/.local/lib/python3.12/site-packages/airflow/example_dags/example_branch_operator.py for tasks to queue
[2024-05-10T07:31:32.108+0000] {logging_mixin.py:188} INFO - [2024-05-10T07:31:32.108+0000] {dagbag.py:540} INFO - Filling up the DagBag from /home/airflow/.local/lib/python3.12/site-packages/airflow/example_dags/example_branch_operator.py
[2024-05-10T07:31:32.226+0000] {processor.py:840} INFO - DAG(s) 'example_branch_operator' retrieved from /home/airflow/.local/lib/python3.12/site-packages/airflow/example_dags/example_branch_operator.py
[2024-05-10T07:31:32.247+0000] {logging_mixin.py:188} INFO - [2024-05-10T07:31:32.247+0000] {dag.py:3096} INFO - Sync 1 DAGs
[2024-05-10T07:31:32.263+0000] {logging_mixin.py:188} INFO - [2024-05-10T07:31:32.262+0000] {dag.py:3954} INFO - Setting next_dagrun for example_branch_operator to 2024-05-09 00:00:00+00:00, run_after=2024-05-10 00:00:00+00:00
[2024-05-10T07:31:32.299+0000] {processor.py:183} INFO - Processing /home/airflow/.local/lib/python3.12/site-packages/airflow/example_dags/example_branch_operator.py took 0.198 seconds
[2024-05-10T07:32:03.191+0000] {processor.py:161} INFO - Started process (PID=1135) to work on /home/airflow/.local/lib/python3.12/site-packages/airflow/example_dags/example_branch_operator.py
[2024-05-10T07:32:03.192+0000] {processor.py:830} INFO - Processing file /home/airflow/.local/lib/python3.12/site-packages/airflow/example_dags/example_branch_operator.py for tasks to queue
[2024-05-10T07:32:03.193+0000] {logging_mixin.py:188} INFO - [2024-05-10T07:32:03.193+0000] {dagbag.py:540} INFO - Filling up the DagBag from /home/airflow/.local/lib/python3.12/site-packages/airflow/example_dags/example_branch_operator.py
[2024-05-10T07:32:03.207+0000] {processor.py:840} INFO - DAG(s) 'example_branch_operator' retrieved from /home/airflow/.local/lib/python3.12/site-packages/airflow/example_dags/example_branch_operator.py
[2024-05-10T07:32:03.230+0000] {logging_mixin.py:188} INFO - [2024-05-10T07:32:03.230+0000] {dag.py:3096} INFO - Sync 1 DAGs
[2024-05-10T07:32:03.248+0000] {logging_mixin.py:188} INFO - [2024-05-10T07:32:03.248+0000] {dag.py:3954} INFO - Setting next_dagrun for example_branch_operator to 2024-05-09 00:00:00+00:00, run_after=2024-05-10 00:00:00+00:00
[2024-05-10T07:32:03.273+0000] {processor.py:183} INFO - Processing /home/airflow/.local/lib/python3.12/site-packages/airflow/example_dags/example_branch_operator.py took 0.086 seconds
[2024-05-10T07:32:33.802+0000] {processor.py:161} INFO - Started process (PID=1194) to work on /home/airflow/.local/lib/python3.12/site-packages/airflow/example_dags/example_branch_operator.py
[2024-05-10T07:32:33.803+0000] {processor.py:830} INFO - Processing file /home/airflow/.local/lib/python3.12/site-packages/airflow/example_dags/example_branch_operator.py for tasks to queue
[2024-05-10T07:32:33.804+0000] {logging_mixin.py:188} INFO - [2024-05-10T07:32:33.804+0000] {dagbag.py:540} INFO - Filling up the DagBag from /home/airflow/.local/lib/python3.12/site-packages/airflow/example_dags/example_branch_operator.py
[2024-05-10T07:32:33.818+0000] {processor.py:840} INFO - DAG(s) 'example_branch_operator' retrieved from /home/airflow/.local/lib/python3.12/site-packages/airflow/example_dags/example_branch_operator.py
[2024-05-10T07:32:33.851+0000] {logging_mixin.py:188} INFO - [2024-05-10T07:32:33.850+0000] {dag.py:3096} INFO - Sync 1 DAGs
[2024-05-10T07:32:33.871+0000] {logging_mixin.py:188} INFO - [2024-05-10T07:32:33.871+0000] {dag.py:3954} INFO - Setting next_dagrun for example_branch_operator to 2024-05-09 00:00:00+00:00, run_after=2024-05-10 00:00:00+00:00
[2024-05-10T07:32:33.895+0000] {processor.py:183} INFO - Processing /home/airflow/.local/lib/python3.12/site-packages/airflow/example_dags/example_branch_operator.py took 0.097 seconds
[2024-05-10T07:33:04.348+0000] {processor.py:161} INFO - Started process (PID=1252) to work on /home/airflow/.local/lib/python3.12/site-packages/airflow/example_dags/example_branch_operator.py
[2024-05-10T07:33:04.349+0000] {processor.py:830} INFO - Processing file /home/airflow/.local/lib/python3.12/site-packages/airflow/example_dags/example_branch_operator.py for tasks to queue
[2024-05-10T07:33:04.350+0000] {logging_mixin.py:188} INFO - [2024-05-10T07:33:04.350+0000] {dagbag.py:540} INFO - Filling up the DagBag from /home/airflow/.local/lib/python3.12/site-packages/airflow/example_dags/example_branch_operator.py
[2024-05-10T07:33:04.364+0000] {processor.py:840} INFO - DAG(s) 'example_branch_operator' retrieved from /home/airflow/.local/lib/python3.12/site-packages/airflow/example_dags/example_branch_operator.py
[2024-05-10T07:33:04.389+0000] {logging_mixin.py:188} INFO - [2024-05-10T07:33:04.389+0000] {dag.py:3096} INFO - Sync 1 DAGs
[2024-05-10T07:33:04.408+0000] {logging_mixin.py:188} INFO - [2024-05-10T07:33:04.408+0000] {dag.py:3954} INFO - Setting next_dagrun for example_branch_operator to 2024-05-09 00:00:00+00:00, run_after=2024-05-10 00:00:00+00:00
[2024-05-10T07:33:04.429+0000] {processor.py:183} INFO - Processing /home/airflow/.local/lib/python3.12/site-packages/airflow/example_dags/example_branch_operator.py took 0.086 seconds
[2024-05-10T07:33:35.180+0000] {processor.py:161} INFO - Started process (PID=1312) to work on /home/airflow/.local/lib/python3.12/site-packages/airflow/example_dags/example_branch_operator.py
[2024-05-10T07:33:35.181+0000] {processor.py:830} INFO - Processing file /home/airflow/.local/lib/python3.12/site-packages/airflow/example_dags/example_branch_operator.py for tasks to queue
[2024-05-10T07:33:35.182+0000] {logging_mixin.py:188} INFO - [2024-05-10T07:33:35.182+0000] {dagbag.py:540} INFO - Filling up the DagBag from /home/airflow/.local/lib/python3.12/site-packages/airflow/example_dags/example_branch_operator.py
[2024-05-10T07:33:35.196+0000] {processor.py:840} INFO - DAG(s) 'example_branch_operator' retrieved from /home/airflow/.local/lib/python3.12/site-packages/airflow/example_dags/example_branch_operator.py
[2024-05-10T07:33:35.219+0000] {logging_mixin.py:188} INFO - [2024-05-10T07:33:35.219+0000] {dag.py:3096} INFO - Sync 1 DAGs
[2024-05-10T07:33:35.238+0000] {logging_mixin.py:188} INFO - [2024-05-10T07:33:35.237+0000] {dag.py:3954} INFO - Setting next_dagrun for example_branch_operator to 2024-05-09 00:00:00+00:00, run_after=2024-05-10 00:00:00+00:00
[2024-05-10T07:33:35.262+0000] {processor.py:183} INFO - Processing /home/airflow/.local/lib/python3.12/site-packages/airflow/example_dags/example_branch_operator.py took 0.086 seconds
[2024-05-10T07:34:05.650+0000] {processor.py:161} INFO - Started process (PID=1372) to work on /home/airflow/.local/lib/python3.12/site-packages/airflow/example_dags/example_branch_operator.py
[2024-05-10T07:34:05.650+0000] {processor.py:830} INFO - Processing file /home/airflow/.local/lib/python3.12/site-packages/airflow/example_dags/example_branch_operator.py for tasks to queue
[2024-05-10T07:34:05.652+0000] {logging_mixin.py:188} INFO - [2024-05-10T07:34:05.651+0000] {dagbag.py:540} INFO - Filling up the DagBag from /home/airflow/.local/lib/python3.12/site-packages/airflow/example_dags/example_branch_operator.py
[2024-05-10T07:34:05.665+0000] {processor.py:840} INFO - DAG(s) 'example_branch_operator' retrieved from /home/airflow/.local/lib/python3.12/site-packages/airflow/example_dags/example_branch_operator.py
[2024-05-10T07:34:05.690+0000] {logging_mixin.py:188} INFO - [2024-05-10T07:34:05.690+0000] {dag.py:3096} INFO - Sync 1 DAGs
[2024-05-10T07:34:05.708+0000] {logging_mixin.py:188} INFO - [2024-05-10T07:34:05.708+0000] {dag.py:3954} INFO - Setting next_dagrun for example_branch_operator to 2024-05-09 00:00:00+00:00, run_after=2024-05-10 00:00:00+00:00
[2024-05-10T07:34:05.729+0000] {processor.py:183} INFO - Processing /home/airflow/.local/lib/python3.12/site-packages/airflow/example_dags/example_branch_operator.py took 0.085 seconds
[2024-05-10T07:34:36.515+0000] {processor.py:161} INFO - Started process (PID=1431) to work on /home/airflow/.local/lib/python3.12/site-packages/airflow/example_dags/example_branch_operator.py
[2024-05-10T07:34:36.516+0000] {processor.py:830} INFO - Processing file /home/airflow/.local/lib/python3.12/site-packages/airflow/example_dags/example_branch_operator.py for tasks to queue
[2024-05-10T07:34:36.517+0000] {logging_mixin.py:188} INFO - [2024-05-10T07:34:36.517+0000] {dagbag.py:540} INFO - Filling up the DagBag from /home/airflow/.local/lib/python3.12/site-packages/airflow/example_dags/example_branch_operator.py
[2024-05-10T07:34:36.531+0000] {processor.py:840} INFO - DAG(s) 'example_branch_operator' retrieved from /home/airflow/.local/lib/python3.12/site-packages/airflow/example_dags/example_branch_operator.py
[2024-05-10T07:34:36.555+0000] {logging_mixin.py:188} INFO - [2024-05-10T07:34:36.554+0000] {dag.py:3096} INFO - Sync 1 DAGs
[2024-05-10T07:34:36.573+0000] {logging_mixin.py:188} INFO - [2024-05-10T07:34:36.572+0000] {dag.py:3954} INFO - Setting next_dagrun for example_branch_operator to 2024-05-09 00:00:00+00:00, run_after=2024-05-10 00:00:00+00:00
[2024-05-10T07:34:36.624+0000] {processor.py:183} INFO - Processing /home/airflow/.local/lib/python3.12/site-packages/airflow/example_dags/example_branch_operator.py took 0.114 seconds
[2024-05-10T07:35:07.061+0000] {processor.py:161} INFO - Started process (PID=1490) to work on /home/airflow/.local/lib/python3.12/site-packages/airflow/example_dags/example_branch_operator.py
[2024-05-10T07:35:07.062+0000] {processor.py:830} INFO - Processing file /home/airflow/.local/lib/python3.12/site-packages/airflow/example_dags/example_branch_operator.py for tasks to queue
[2024-05-10T07:35:07.063+0000] {logging_mixin.py:188} INFO - [2024-05-10T07:35:07.063+0000] {dagbag.py:540} INFO - Filling up the DagBag from /home/airflow/.local/lib/python3.12/site-packages/airflow/example_dags/example_branch_operator.py
[2024-05-10T07:35:07.077+0000] {processor.py:840} INFO - DAG(s) 'example_branch_operator' retrieved from /home/airflow/.local/lib/python3.12/site-packages/airflow/example_dags/example_branch_operator.py
[2024-05-10T07:35:07.101+0000] {logging_mixin.py:188} INFO - [2024-05-10T07:35:07.101+0000] {dag.py:3096} INFO - Sync 1 DAGs
[2024-05-10T07:35:07.119+0000] {logging_mixin.py:188} INFO - [2024-05-10T07:35:07.119+0000] {dag.py:3954} INFO - Setting next_dagrun for example_branch_operator to 2024-05-09 00:00:00+00:00, run_after=2024-05-10 00:00:00+00:00
[2024-05-10T07:35:07.141+0000] {processor.py:183} INFO - Processing /home/airflow/.local/lib/python3.12/site-packages/airflow/example_dags/example_branch_operator.py took 0.085 seconds
[2024-05-10T07:35:37.787+0000] {processor.py:161} INFO - Started process (PID=1549) to work on /home/airflow/.local/lib/python3.12/site-packages/airflow/example_dags/example_branch_operator.py
[2024-05-10T07:35:37.788+0000] {processor.py:830} INFO - Processing file /home/airflow/.local/lib/python3.12/site-packages/airflow/example_dags/example_branch_operator.py for tasks to queue
[2024-05-10T07:35:37.790+0000] {logging_mixin.py:188} INFO - [2024-05-10T07:35:37.790+0000] {dagbag.py:540} INFO - Filling up the DagBag from /home/airflow/.local/lib/python3.12/site-packages/airflow/example_dags/example_branch_operator.py
[2024-05-10T07:35:37.808+0000] {processor.py:840} INFO - DAG(s) 'example_branch_operator' retrieved from /home/airflow/.local/lib/python3.12/site-packages/airflow/example_dags/example_branch_operator.py
[2024-05-10T07:35:37.836+0000] {logging_mixin.py:188} INFO - [2024-05-10T07:35:37.836+0000] {dag.py:3096} INFO - Sync 1 DAGs
[2024-05-10T07:35:37.858+0000] {logging_mixin.py:188} INFO - [2024-05-10T07:35:37.858+0000] {dag.py:3954} INFO - Setting next_dagrun for example_branch_operator to 2024-05-09 00:00:00+00:00, run_after=2024-05-10 00:00:00+00:00
[2024-05-10T07:35:37.885+0000] {processor.py:183} INFO - Processing /home/airflow/.local/lib/python3.12/site-packages/airflow/example_dags/example_branch_operator.py took 0.103 seconds
[2024-05-10T07:36:08.025+0000] {processor.py:161} INFO - Started process (PID=1608) to work on /home/airflow/.local/lib/python3.12/site-packages/airflow/example_dags/example_branch_operator.py
[2024-05-10T07:36:08.027+0000] {processor.py:830} INFO - Processing file /home/airflow/.local/lib/python3.12/site-packages/airflow/example_dags/example_branch_operator.py for tasks to queue
[2024-05-10T07:36:08.028+0000] {logging_mixin.py:188} INFO - [2024-05-10T07:36:08.028+0000] {dagbag.py:540} INFO - Filling up the DagBag from /home/airflow/.local/lib/python3.12/site-packages/airflow/example_dags/example_branch_operator.py
[2024-05-10T07:36:08.042+0000] {processor.py:840} INFO - DAG(s) 'example_branch_operator' retrieved from /home/airflow/.local/lib/python3.12/site-packages/airflow/example_dags/example_branch_operator.py
[2024-05-10T07:36:08.069+0000] {logging_mixin.py:188} INFO - [2024-05-10T07:36:08.068+0000] {dag.py:3096} INFO - Sync 1 DAGs
[2024-05-10T07:36:08.088+0000] {logging_mixin.py:188} INFO - [2024-05-10T07:36:08.088+0000] {dag.py:3954} INFO - Setting next_dagrun for example_branch_operator to 2024-05-09 00:00:00+00:00, run_after=2024-05-10 00:00:00+00:00
[2024-05-10T07:36:08.107+0000] {processor.py:183} INFO - Processing /home/airflow/.local/lib/python3.12/site-packages/airflow/example_dags/example_branch_operator.py took 0.095 seconds
[2024-05-10T07:36:38.407+0000] {processor.py:161} INFO - Started process (PID=1667) to work on /home/airflow/.local/lib/python3.12/site-packages/airflow/example_dags/example_branch_operator.py
[2024-05-10T07:36:38.408+0000] {processor.py:830} INFO - Processing file /home/airflow/.local/lib/python3.12/site-packages/airflow/example_dags/example_branch_operator.py for tasks to queue
[2024-05-10T07:36:38.409+0000] {logging_mixin.py:188} INFO - [2024-05-10T07:36:38.409+0000] {dagbag.py:540} INFO - Filling up the DagBag from /home/airflow/.local/lib/python3.12/site-packages/airflow/example_dags/example_branch_operator.py
[2024-05-10T07:36:38.423+0000] {processor.py:840} INFO - DAG(s) 'example_branch_operator' retrieved from /home/airflow/.local/lib/python3.12/site-packages/airflow/example_dags/example_branch_operator.py
[2024-05-10T07:36:38.448+0000] {logging_mixin.py:188} INFO - [2024-05-10T07:36:38.448+0000] {dag.py:3096} INFO - Sync 1 DAGs
[2024-05-10T07:36:38.467+0000] {logging_mixin.py:188} INFO - [2024-05-10T07:36:38.467+0000] {dag.py:3954} INFO - Setting next_dagrun for example_branch_operator to 2024-05-09 00:00:00+00:00, run_after=2024-05-10 00:00:00+00:00
[2024-05-10T07:36:38.484+0000] {processor.py:183} INFO - Processing /home/airflow/.local/lib/python3.12/site-packages/airflow/example_dags/example_branch_operator.py took 0.083 seconds
[2024-05-10T07:37:08.616+0000] {processor.py:161} INFO - Started process (PID=1725) to work on /home/airflow/.local/lib/python3.12/site-packages/airflow/example_dags/example_branch_operator.py
[2024-05-10T07:37:08.617+0000] {processor.py:830} INFO - Processing file /home/airflow/.local/lib/python3.12/site-packages/airflow/example_dags/example_branch_operator.py for tasks to queue
[2024-05-10T07:37:08.618+0000] {logging_mixin.py:188} INFO - [2024-05-10T07:37:08.618+0000] {dagbag.py:540} INFO - Filling up the DagBag from /home/airflow/.local/lib/python3.12/site-packages/airflow/example_dags/example_branch_operator.py
[2024-05-10T07:37:08.633+0000] {processor.py:840} INFO - DAG(s) 'example_branch_operator' retrieved from /home/airflow/.local/lib/python3.12/site-packages/airflow/example_dags/example_branch_operator.py
[2024-05-10T07:37:08.657+0000] {logging_mixin.py:188} INFO - [2024-05-10T07:37:08.656+0000] {dag.py:3096} INFO - Sync 1 DAGs
[2024-05-10T07:37:08.675+0000] {logging_mixin.py:188} INFO - [2024-05-10T07:37:08.675+0000] {dag.py:3954} INFO - Setting next_dagrun for example_branch_operator to 2024-05-09 00:00:00+00:00, run_after=2024-05-10 00:00:00+00:00
[2024-05-10T07:37:08.696+0000] {processor.py:183} INFO - Processing /home/airflow/.local/lib/python3.12/site-packages/airflow/example_dags/example_branch_operator.py took 0.084 seconds
[2024-05-10T07:37:38.887+0000] {processor.py:161} INFO - Started process (PID=1784) to work on /home/airflow/.local/lib/python3.12/site-packages/airflow/example_dags/example_branch_operator.py
[2024-05-10T07:37:38.888+0000] {processor.py:830} INFO - Processing file /home/airflow/.local/lib/python3.12/site-packages/airflow/example_dags/example_branch_operator.py for tasks to queue
[2024-05-10T07:37:38.889+0000] {logging_mixin.py:188} INFO - [2024-05-10T07:37:38.889+0000] {dagbag.py:540} INFO - Filling up the DagBag from /home/airflow/.local/lib/python3.12/site-packages/airflow/example_dags/example_branch_operator.py
[2024-05-10T07:37:38.904+0000] {processor.py:840} INFO - DAG(s) 'example_branch_operator' retrieved from /home/airflow/.local/lib/python3.12/site-packages/airflow/example_dags/example_branch_operator.py
[2024-05-10T07:37:38.929+0000] {logging_mixin.py:188} INFO - [2024-05-10T07:37:38.928+0000] {dag.py:3096} INFO - Sync 1 DAGs
[2024-05-10T07:37:38.948+0000] {logging_mixin.py:188} INFO - [2024-05-10T07:37:38.948+0000] {dag.py:3954} INFO - Setting next_dagrun for example_branch_operator to 2024-05-09 00:00:00+00:00, run_after=2024-05-10 00:00:00+00:00
[2024-05-10T07:37:38.983+0000] {processor.py:183} INFO - Processing /home/airflow/.local/lib/python3.12/site-packages/airflow/example_dags/example_branch_operator.py took 0.102 seconds
[2024-05-10T07:38:09.650+0000] {processor.py:161} INFO - Started process (PID=1843) to work on /home/airflow/.local/lib/python3.12/site-packages/airflow/example_dags/example_branch_operator.py
[2024-05-10T07:38:09.650+0000] {processor.py:830} INFO - Processing file /home/airflow/.local/lib/python3.12/site-packages/airflow/example_dags/example_branch_operator.py for tasks to queue
[2024-05-10T07:38:09.652+0000] {logging_mixin.py:188} INFO - [2024-05-10T07:38:09.652+0000] {dagbag.py:540} INFO - Filling up the DagBag from /home/airflow/.local/lib/python3.12/site-packages/airflow/example_dags/example_branch_operator.py
[2024-05-10T07:38:09.665+0000] {processor.py:840} INFO - DAG(s) 'example_branch_operator' retrieved from /home/airflow/.local/lib/python3.12/site-packages/airflow/example_dags/example_branch_operator.py
[2024-05-10T07:38:09.690+0000] {logging_mixin.py:188} INFO - [2024-05-10T07:38:09.690+0000] {dag.py:3096} INFO - Sync 1 DAGs
[2024-05-10T07:38:09.744+0000] {logging_mixin.py:188} INFO - [2024-05-10T07:38:09.744+0000] {dag.py:3954} INFO - Setting next_dagrun for example_branch_operator to 2024-05-09 00:00:00+00:00, run_after=2024-05-10 00:00:00+00:00
[2024-05-10T07:38:09.777+0000] {processor.py:183} INFO - Processing /home/airflow/.local/lib/python3.12/site-packages/airflow/example_dags/example_branch_operator.py took 0.132 seconds
[2024-05-10T07:38:40.295+0000] {processor.py:161} INFO - Started process (PID=1907) to work on /home/airflow/.local/lib/python3.12/site-packages/airflow/example_dags/example_branch_operator.py
[2024-05-10T07:38:40.297+0000] {processor.py:830} INFO - Processing file /home/airflow/.local/lib/python3.12/site-packages/airflow/example_dags/example_branch_operator.py for tasks to queue
[2024-05-10T07:38:40.298+0000] {logging_mixin.py:188} INFO - [2024-05-10T07:38:40.298+0000] {dagbag.py:540} INFO - Filling up the DagBag from /home/airflow/.local/lib/python3.12/site-packages/airflow/example_dags/example_branch_operator.py
[2024-05-10T07:38:40.312+0000] {processor.py:840} INFO - DAG(s) 'example_branch_operator' retrieved from /home/airflow/.local/lib/python3.12/site-packages/airflow/example_dags/example_branch_operator.py
[2024-05-10T07:38:40.335+0000] {logging_mixin.py:188} INFO - [2024-05-10T07:38:40.335+0000] {dag.py:3096} INFO - Sync 1 DAGs
[2024-05-10T07:38:40.355+0000] {logging_mixin.py:188} INFO - [2024-05-10T07:38:40.354+0000] {dag.py:3954} INFO - Setting next_dagrun for example_branch_operator to 2024-05-09 00:00:00+00:00, run_after=2024-05-10 00:00:00+00:00
[2024-05-10T07:38:40.374+0000] {processor.py:183} INFO - Processing /home/airflow/.local/lib/python3.12/site-packages/airflow/example_dags/example_branch_operator.py took 0.084 seconds
[2024-05-10T07:39:10.926+0000] {processor.py:161} INFO - Started process (PID=1966) to work on /home/airflow/.local/lib/python3.12/site-packages/airflow/example_dags/example_branch_operator.py
[2024-05-10T07:39:10.927+0000] {processor.py:830} INFO - Processing file /home/airflow/.local/lib/python3.12/site-packages/airflow/example_dags/example_branch_operator.py for tasks to queue
[2024-05-10T07:39:10.928+0000] {logging_mixin.py:188} INFO - [2024-05-10T07:39:10.928+0000] {dagbag.py:540} INFO - Filling up the DagBag from /home/airflow/.local/lib/python3.12/site-packages/airflow/example_dags/example_branch_operator.py
[2024-05-10T07:39:10.942+0000] {processor.py:840} INFO - DAG(s) 'example_branch_operator' retrieved from /home/airflow/.local/lib/python3.12/site-packages/airflow/example_dags/example_branch_operator.py
[2024-05-10T07:39:10.966+0000] {logging_mixin.py:188} INFO - [2024-05-10T07:39:10.966+0000] {dag.py:3096} INFO - Sync 1 DAGs
[2024-05-10T07:39:10.986+0000] {logging_mixin.py:188} INFO - [2024-05-10T07:39:10.986+0000] {dag.py:3954} INFO - Setting next_dagrun for example_branch_operator to 2024-05-09 00:00:00+00:00, run_after=2024-05-10 00:00:00+00:00
[2024-05-10T07:39:11.008+0000] {processor.py:183} INFO - Processing /home/airflow/.local/lib/python3.12/site-packages/airflow/example_dags/example_branch_operator.py took 0.086 seconds
[2024-05-10T07:39:41.193+0000] {processor.py:161} INFO - Started process (PID=2024) to work on /home/airflow/.local/lib/python3.12/site-packages/airflow/example_dags/example_branch_operator.py
[2024-05-10T07:39:41.193+0000] {processor.py:830} INFO - Processing file /home/airflow/.local/lib/python3.12/site-packages/airflow/example_dags/example_branch_operator.py for tasks to queue
[2024-05-10T07:39:41.194+0000] {logging_mixin.py:188} INFO - [2024-05-10T07:39:41.194+0000] {dagbag.py:540} INFO - Filling up the DagBag from /home/airflow/.local/lib/python3.12/site-packages/airflow/example_dags/example_branch_operator.py
[2024-05-10T07:39:41.208+0000] {processor.py:840} INFO - DAG(s) 'example_branch_operator' retrieved from /home/airflow/.local/lib/python3.12/site-packages/airflow/example_dags/example_branch_operator.py
[2024-05-10T07:39:41.232+0000] {logging_mixin.py:188} INFO - [2024-05-10T07:39:41.232+0000] {dag.py:3096} INFO - Sync 1 DAGs
[2024-05-10T07:39:41.251+0000] {logging_mixin.py:188} INFO - [2024-05-10T07:39:41.251+0000] {dag.py:3954} INFO - Setting next_dagrun for example_branch_operator to 2024-05-09 00:00:00+00:00, run_after=2024-05-10 00:00:00+00:00
[2024-05-10T07:39:41.274+0000] {processor.py:183} INFO - Processing /home/airflow/.local/lib/python3.12/site-packages/airflow/example_dags/example_branch_operator.py took 0.086 seconds
[2024-05-10T07:40:11.382+0000] {processor.py:161} INFO - Started process (PID=2083) to work on /home/airflow/.local/lib/python3.12/site-packages/airflow/example_dags/example_branch_operator.py
[2024-05-10T07:40:11.382+0000] {processor.py:830} INFO - Processing file /home/airflow/.local/lib/python3.12/site-packages/airflow/example_dags/example_branch_operator.py for tasks to queue
[2024-05-10T07:40:11.384+0000] {logging_mixin.py:188} INFO - [2024-05-10T07:40:11.383+0000] {dagbag.py:540} INFO - Filling up the DagBag from /home/airflow/.local/lib/python3.12/site-packages/airflow/example_dags/example_branch_operator.py
[2024-05-10T07:40:11.397+0000] {processor.py:840} INFO - DAG(s) 'example_branch_operator' retrieved from /home/airflow/.local/lib/python3.12/site-packages/airflow/example_dags/example_branch_operator.py
[2024-05-10T07:40:11.421+0000] {logging_mixin.py:188} INFO - [2024-05-10T07:40:11.421+0000] {dag.py:3096} INFO - Sync 1 DAGs
[2024-05-10T07:40:11.442+0000] {logging_mixin.py:188} INFO - [2024-05-10T07:40:11.442+0000] {dag.py:3954} INFO - Setting next_dagrun for example_branch_operator to 2024-05-09 00:00:00+00:00, run_after=2024-05-10 00:00:00+00:00
[2024-05-10T07:40:11.463+0000] {processor.py:183} INFO - Processing /home/airflow/.local/lib/python3.12/site-packages/airflow/example_dags/example_branch_operator.py took 0.086 seconds
[2024-05-10T07:40:42.070+0000] {processor.py:161} INFO - Started process (PID=2142) to work on /home/airflow/.local/lib/python3.12/site-packages/airflow/example_dags/example_branch_operator.py
[2024-05-10T07:40:42.071+0000] {processor.py:830} INFO - Processing file /home/airflow/.local/lib/python3.12/site-packages/airflow/example_dags/example_branch_operator.py for tasks to queue
[2024-05-10T07:40:42.072+0000] {logging_mixin.py:188} INFO - [2024-05-10T07:40:42.072+0000] {dagbag.py:540} INFO - Filling up the DagBag from /home/airflow/.local/lib/python3.12/site-packages/airflow/example_dags/example_branch_operator.py
[2024-05-10T07:40:42.086+0000] {processor.py:840} INFO - DAG(s) 'example_branch_operator' retrieved from /home/airflow/.local/lib/python3.12/site-packages/airflow/example_dags/example_branch_operator.py
[2024-05-10T07:40:42.110+0000] {logging_mixin.py:188} INFO - [2024-05-10T07:40:42.110+0000] {dag.py:3096} INFO - Sync 1 DAGs
[2024-05-10T07:40:42.128+0000] {logging_mixin.py:188} INFO - [2024-05-10T07:40:42.128+0000] {dag.py:3954} INFO - Setting next_dagrun for example_branch_operator to 2024-05-09 00:00:00+00:00, run_after=2024-05-10 00:00:00+00:00
[2024-05-10T07:40:42.164+0000] {processor.py:183} INFO - Processing /home/airflow/.local/lib/python3.12/site-packages/airflow/example_dags/example_branch_operator.py took 0.098 seconds
[2024-05-10T07:41:12.552+0000] {processor.py:161} INFO - Started process (PID=2201) to work on /home/airflow/.local/lib/python3.12/site-packages/airflow/example_dags/example_branch_operator.py
[2024-05-10T07:41:12.552+0000] {processor.py:830} INFO - Processing file /home/airflow/.local/lib/python3.12/site-packages/airflow/example_dags/example_branch_operator.py for tasks to queue
[2024-05-10T07:41:12.554+0000] {logging_mixin.py:188} INFO - [2024-05-10T07:41:12.553+0000] {dagbag.py:540} INFO - Filling up the DagBag from /home/airflow/.local/lib/python3.12/site-packages/airflow/example_dags/example_branch_operator.py
[2024-05-10T07:41:12.569+0000] {processor.py:840} INFO - DAG(s) 'example_branch_operator' retrieved from /home/airflow/.local/lib/python3.12/site-packages/airflow/example_dags/example_branch_operator.py
[2024-05-10T07:41:12.594+0000] {logging_mixin.py:188} INFO - [2024-05-10T07:41:12.594+0000] {dag.py:3096} INFO - Sync 1 DAGs
[2024-05-10T07:41:12.614+0000] {logging_mixin.py:188} INFO - [2024-05-10T07:41:12.614+0000] {dag.py:3954} INFO - Setting next_dagrun for example_branch_operator to 2024-05-09 00:00:00+00:00, run_after=2024-05-10 00:00:00+00:00
[2024-05-10T07:41:12.644+0000] {processor.py:183} INFO - Processing /home/airflow/.local/lib/python3.12/site-packages/airflow/example_dags/example_branch_operator.py took 0.097 seconds
[2024-05-10T07:41:42.737+0000] {processor.py:161} INFO - Started process (PID=2260) to work on /home/airflow/.local/lib/python3.12/site-packages/airflow/example_dags/example_branch_operator.py
[2024-05-10T07:41:42.738+0000] {processor.py:830} INFO - Processing file /home/airflow/.local/lib/python3.12/site-packages/airflow/example_dags/example_branch_operator.py for tasks to queue
[2024-05-10T07:41:42.739+0000] {logging_mixin.py:188} INFO - [2024-05-10T07:41:42.739+0000] {dagbag.py:540} INFO - Filling up the DagBag from /home/airflow/.local/lib/python3.12/site-packages/airflow/example_dags/example_branch_operator.py
[2024-05-10T07:41:42.752+0000] {processor.py:840} INFO - DAG(s) 'example_branch_operator' retrieved from /home/airflow/.local/lib/python3.12/site-packages/airflow/example_dags/example_branch_operator.py
[2024-05-10T07:41:42.776+0000] {logging_mixin.py:188} INFO - [2024-05-10T07:41:42.775+0000] {dag.py:3096} INFO - Sync 1 DAGs
[2024-05-10T07:41:42.793+0000] {logging_mixin.py:188} INFO - [2024-05-10T07:41:42.793+0000] {dag.py:3954} INFO - Setting next_dagrun for example_branch_operator to 2024-05-09 00:00:00+00:00, run_after=2024-05-10 00:00:00+00:00
[2024-05-10T07:41:42.844+0000] {processor.py:183} INFO - Processing /home/airflow/.local/lib/python3.12/site-packages/airflow/example_dags/example_branch_operator.py took 0.112 seconds
[2024-05-10T07:42:12.899+0000] {processor.py:161} INFO - Started process (PID=2318) to work on /home/airflow/.local/lib/python3.12/site-packages/airflow/example_dags/example_branch_operator.py
[2024-05-10T07:42:12.901+0000] {processor.py:830} INFO - Processing file /home/airflow/.local/lib/python3.12/site-packages/airflow/example_dags/example_branch_operator.py for tasks to queue
[2024-05-10T07:42:12.907+0000] {logging_mixin.py:188} INFO - [2024-05-10T07:42:12.906+0000] {dagbag.py:540} INFO - Filling up the DagBag from /home/airflow/.local/lib/python3.12/site-packages/airflow/example_dags/example_branch_operator.py
[2024-05-10T07:42:12.922+0000] {processor.py:840} INFO - DAG(s) 'example_branch_operator' retrieved from /home/airflow/.local/lib/python3.12/site-packages/airflow/example_dags/example_branch_operator.py
[2024-05-10T07:42:12.948+0000] {logging_mixin.py:188} INFO - [2024-05-10T07:42:12.948+0000] {dag.py:3096} INFO - Sync 1 DAGs
[2024-05-10T07:42:12.968+0000] {logging_mixin.py:188} INFO - [2024-05-10T07:42:12.968+0000] {dag.py:3954} INFO - Setting next_dagrun for example_branch_operator to 2024-05-09 00:00:00+00:00, run_after=2024-05-10 00:00:00+00:00
[2024-05-10T07:42:12.995+0000] {processor.py:183} INFO - Processing /home/airflow/.local/lib/python3.12/site-packages/airflow/example_dags/example_branch_operator.py took 0.101 seconds
[2024-05-10T07:42:43.159+0000] {processor.py:161} INFO - Started process (PID=2377) to work on /home/airflow/.local/lib/python3.12/site-packages/airflow/example_dags/example_branch_operator.py
[2024-05-10T07:42:43.159+0000] {processor.py:830} INFO - Processing file /home/airflow/.local/lib/python3.12/site-packages/airflow/example_dags/example_branch_operator.py for tasks to queue
[2024-05-10T07:42:43.161+0000] {logging_mixin.py:188} INFO - [2024-05-10T07:42:43.160+0000] {dagbag.py:540} INFO - Filling up the DagBag from /home/airflow/.local/lib/python3.12/site-packages/airflow/example_dags/example_branch_operator.py
[2024-05-10T07:42:43.174+0000] {processor.py:840} INFO - DAG(s) 'example_branch_operator' retrieved from /home/airflow/.local/lib/python3.12/site-packages/airflow/example_dags/example_branch_operator.py
[2024-05-10T07:42:43.197+0000] {logging_mixin.py:188} INFO - [2024-05-10T07:42:43.197+0000] {dag.py:3096} INFO - Sync 1 DAGs
[2024-05-10T07:42:43.215+0000] {logging_mixin.py:188} INFO - [2024-05-10T07:42:43.215+0000] {dag.py:3954} INFO - Setting next_dagrun for example_branch_operator to 2024-05-09 00:00:00+00:00, run_after=2024-05-10 00:00:00+00:00
[2024-05-10T07:42:43.241+0000] {processor.py:183} INFO - Processing /home/airflow/.local/lib/python3.12/site-packages/airflow/example_dags/example_branch_operator.py took 0.086 seconds
[2024-05-10T07:43:13.748+0000] {processor.py:161} INFO - Started process (PID=2436) to work on /home/airflow/.local/lib/python3.12/site-packages/airflow/example_dags/example_branch_operator.py
[2024-05-10T07:43:13.749+0000] {processor.py:830} INFO - Processing file /home/airflow/.local/lib/python3.12/site-packages/airflow/example_dags/example_branch_operator.py for tasks to queue
[2024-05-10T07:43:13.750+0000] {logging_mixin.py:188} INFO - [2024-05-10T07:43:13.750+0000] {dagbag.py:540} INFO - Filling up the DagBag from /home/airflow/.local/lib/python3.12/site-packages/airflow/example_dags/example_branch_operator.py
[2024-05-10T07:43:13.764+0000] {processor.py:840} INFO - DAG(s) 'example_branch_operator' retrieved from /home/airflow/.local/lib/python3.12/site-packages/airflow/example_dags/example_branch_operator.py
[2024-05-10T07:43:13.788+0000] {logging_mixin.py:188} INFO - [2024-05-10T07:43:13.788+0000] {dag.py:3096} INFO - Sync 1 DAGs
[2024-05-10T07:43:13.807+0000] {logging_mixin.py:188} INFO - [2024-05-10T07:43:13.806+0000] {dag.py:3954} INFO - Setting next_dagrun for example_branch_operator to 2024-05-09 00:00:00+00:00, run_after=2024-05-10 00:00:00+00:00
[2024-05-10T07:43:13.828+0000] {processor.py:183} INFO - Processing /home/airflow/.local/lib/python3.12/site-packages/airflow/example_dags/example_branch_operator.py took 0.085 seconds
[2024-05-10T07:43:44.170+0000] {processor.py:161} INFO - Started process (PID=2495) to work on /home/airflow/.local/lib/python3.12/site-packages/airflow/example_dags/example_branch_operator.py
[2024-05-10T07:43:44.170+0000] {processor.py:830} INFO - Processing file /home/airflow/.local/lib/python3.12/site-packages/airflow/example_dags/example_branch_operator.py for tasks to queue
[2024-05-10T07:43:44.172+0000] {logging_mixin.py:188} INFO - [2024-05-10T07:43:44.172+0000] {dagbag.py:540} INFO - Filling up the DagBag from /home/airflow/.local/lib/python3.12/site-packages/airflow/example_dags/example_branch_operator.py
[2024-05-10T07:43:44.190+0000] {processor.py:840} INFO - DAG(s) 'example_branch_operator' retrieved from /home/airflow/.local/lib/python3.12/site-packages/airflow/example_dags/example_branch_operator.py
[2024-05-10T07:43:44.215+0000] {logging_mixin.py:188} INFO - [2024-05-10T07:43:44.215+0000] {dag.py:3096} INFO - Sync 1 DAGs
[2024-05-10T07:43:44.237+0000] {logging_mixin.py:188} INFO - [2024-05-10T07:43:44.237+0000] {dag.py:3954} INFO - Setting next_dagrun for example_branch_operator to 2024-05-09 00:00:00+00:00, run_after=2024-05-10 00:00:00+00:00
[2024-05-10T07:43:44.264+0000] {processor.py:183} INFO - Processing /home/airflow/.local/lib/python3.12/site-packages/airflow/example_dags/example_branch_operator.py took 0.099 seconds
[2024-05-10T07:44:14.714+0000] {processor.py:161} INFO - Started process (PID=2554) to work on /home/airflow/.local/lib/python3.12/site-packages/airflow/example_dags/example_branch_operator.py
[2024-05-10T07:44:14.715+0000] {processor.py:830} INFO - Processing file /home/airflow/.local/lib/python3.12/site-packages/airflow/example_dags/example_branch_operator.py for tasks to queue
[2024-05-10T07:44:14.716+0000] {logging_mixin.py:188} INFO - [2024-05-10T07:44:14.716+0000] {dagbag.py:540} INFO - Filling up the DagBag from /home/airflow/.local/lib/python3.12/site-packages/airflow/example_dags/example_branch_operator.py
[2024-05-10T07:44:14.730+0000] {processor.py:840} INFO - DAG(s) 'example_branch_operator' retrieved from /home/airflow/.local/lib/python3.12/site-packages/airflow/example_dags/example_branch_operator.py
[2024-05-10T07:44:14.754+0000] {logging_mixin.py:188} INFO - [2024-05-10T07:44:14.754+0000] {dag.py:3096} INFO - Sync 1 DAGs
[2024-05-10T07:44:14.773+0000] {logging_mixin.py:188} INFO - [2024-05-10T07:44:14.772+0000] {dag.py:3954} INFO - Setting next_dagrun for example_branch_operator to 2024-05-09 00:00:00+00:00, run_after=2024-05-10 00:00:00+00:00
[2024-05-10T07:44:14.796+0000] {processor.py:183} INFO - Processing /home/airflow/.local/lib/python3.12/site-packages/airflow/example_dags/example_branch_operator.py took 0.086 seconds
[2024-05-10T07:44:45.313+0000] {processor.py:161} INFO - Started process (PID=2613) to work on /home/airflow/.local/lib/python3.12/site-packages/airflow/example_dags/example_branch_operator.py
[2024-05-10T07:44:45.314+0000] {processor.py:830} INFO - Processing file /home/airflow/.local/lib/python3.12/site-packages/airflow/example_dags/example_branch_operator.py for tasks to queue
[2024-05-10T07:44:45.315+0000] {logging_mixin.py:188} INFO - [2024-05-10T07:44:45.315+0000] {dagbag.py:540} INFO - Filling up the DagBag from /home/airflow/.local/lib/python3.12/site-packages/airflow/example_dags/example_branch_operator.py
[2024-05-10T07:44:45.328+0000] {processor.py:840} INFO - DAG(s) 'example_branch_operator' retrieved from /home/airflow/.local/lib/python3.12/site-packages/airflow/example_dags/example_branch_operator.py
[2024-05-10T07:44:45.352+0000] {logging_mixin.py:188} INFO - [2024-05-10T07:44:45.351+0000] {dag.py:3096} INFO - Sync 1 DAGs
[2024-05-10T07:44:45.370+0000] {logging_mixin.py:188} INFO - [2024-05-10T07:44:45.370+0000] {dag.py:3954} INFO - Setting next_dagrun for example_branch_operator to 2024-05-09 00:00:00+00:00, run_after=2024-05-10 00:00:00+00:00
[2024-05-10T07:44:45.395+0000] {processor.py:183} INFO - Processing /home/airflow/.local/lib/python3.12/site-packages/airflow/example_dags/example_branch_operator.py took 0.087 seconds
[2024-05-10T07:45:15.795+0000] {processor.py:161} INFO - Started process (PID=2673) to work on /home/airflow/.local/lib/python3.12/site-packages/airflow/example_dags/example_branch_operator.py
[2024-05-10T07:45:15.795+0000] {processor.py:830} INFO - Processing file /home/airflow/.local/lib/python3.12/site-packages/airflow/example_dags/example_branch_operator.py for tasks to queue
[2024-05-10T07:45:15.797+0000] {logging_mixin.py:188} INFO - [2024-05-10T07:45:15.796+0000] {dagbag.py:540} INFO - Filling up the DagBag from /home/airflow/.local/lib/python3.12/site-packages/airflow/example_dags/example_branch_operator.py
[2024-05-10T07:45:15.811+0000] {processor.py:840} INFO - DAG(s) 'example_branch_operator' retrieved from /home/airflow/.local/lib/python3.12/site-packages/airflow/example_dags/example_branch_operator.py
[2024-05-10T07:45:15.834+0000] {logging_mixin.py:188} INFO - [2024-05-10T07:45:15.834+0000] {dag.py:3096} INFO - Sync 1 DAGs
[2024-05-10T07:45:15.853+0000] {logging_mixin.py:188} INFO - [2024-05-10T07:45:15.852+0000] {dag.py:3954} INFO - Setting next_dagrun for example_branch_operator to 2024-05-09 00:00:00+00:00, run_after=2024-05-10 00:00:00+00:00
[2024-05-10T07:45:15.930+0000] {processor.py:183} INFO - Processing /home/airflow/.local/lib/python3.12/site-packages/airflow/example_dags/example_branch_operator.py took 0.140 seconds
[2024-05-10T07:45:46.504+0000] {processor.py:161} INFO - Started process (PID=2732) to work on /home/airflow/.local/lib/python3.12/site-packages/airflow/example_dags/example_branch_operator.py
[2024-05-10T07:45:46.504+0000] {processor.py:830} INFO - Processing file /home/airflow/.local/lib/python3.12/site-packages/airflow/example_dags/example_branch_operator.py for tasks to queue
[2024-05-10T07:45:46.506+0000] {logging_mixin.py:188} INFO - [2024-05-10T07:45:46.505+0000] {dagbag.py:540} INFO - Filling up the DagBag from /home/airflow/.local/lib/python3.12/site-packages/airflow/example_dags/example_branch_operator.py
[2024-05-10T07:45:46.519+0000] {processor.py:840} INFO - DAG(s) 'example_branch_operator' retrieved from /home/airflow/.local/lib/python3.12/site-packages/airflow/example_dags/example_branch_operator.py
[2024-05-10T07:45:46.543+0000] {logging_mixin.py:188} INFO - [2024-05-10T07:45:46.543+0000] {dag.py:3096} INFO - Sync 1 DAGs
[2024-05-10T07:45:46.561+0000] {logging_mixin.py:188} INFO - [2024-05-10T07:45:46.561+0000] {dag.py:3954} INFO - Setting next_dagrun for example_branch_operator to 2024-05-09 00:00:00+00:00, run_after=2024-05-10 00:00:00+00:00
[2024-05-10T07:45:46.600+0000] {processor.py:183} INFO - Processing /home/airflow/.local/lib/python3.12/site-packages/airflow/example_dags/example_branch_operator.py took 0.102 seconds
[2024-05-10T07:46:17.084+0000] {processor.py:161} INFO - Started process (PID=2790) to work on /home/airflow/.local/lib/python3.12/site-packages/airflow/example_dags/example_branch_operator.py
[2024-05-10T07:46:17.085+0000] {processor.py:830} INFO - Processing file /home/airflow/.local/lib/python3.12/site-packages/airflow/example_dags/example_branch_operator.py for tasks to queue
[2024-05-10T07:46:17.086+0000] {logging_mixin.py:188} INFO - [2024-05-10T07:46:17.085+0000] {dagbag.py:540} INFO - Filling up the DagBag from /home/airflow/.local/lib/python3.12/site-packages/airflow/example_dags/example_branch_operator.py
[2024-05-10T07:46:17.101+0000] {processor.py:840} INFO - DAG(s) 'example_branch_operator' retrieved from /home/airflow/.local/lib/python3.12/site-packages/airflow/example_dags/example_branch_operator.py
[2024-05-10T07:46:17.126+0000] {logging_mixin.py:188} INFO - [2024-05-10T07:46:17.126+0000] {dag.py:3096} INFO - Sync 1 DAGs
[2024-05-10T07:46:17.145+0000] {logging_mixin.py:188} INFO - [2024-05-10T07:46:17.145+0000] {dag.py:3954} INFO - Setting next_dagrun for example_branch_operator to 2024-05-09 00:00:00+00:00, run_after=2024-05-10 00:00:00+00:00
[2024-05-10T07:46:17.161+0000] {processor.py:183} INFO - Processing /home/airflow/.local/lib/python3.12/site-packages/airflow/example_dags/example_branch_operator.py took 0.082 seconds
[2024-05-10T07:46:47.453+0000] {processor.py:161} INFO - Started process (PID=2847) to work on /home/airflow/.local/lib/python3.12/site-packages/airflow/example_dags/example_branch_operator.py
[2024-05-10T07:46:47.455+0000] {processor.py:830} INFO - Processing file /home/airflow/.local/lib/python3.12/site-packages/airflow/example_dags/example_branch_operator.py for tasks to queue
[2024-05-10T07:46:47.455+0000] {logging_mixin.py:188} INFO - [2024-05-10T07:46:47.455+0000] {dagbag.py:540} INFO - Filling up the DagBag from /home/airflow/.local/lib/python3.12/site-packages/airflow/example_dags/example_branch_operator.py
[2024-05-10T07:46:47.471+0000] {processor.py:840} INFO - DAG(s) 'example_branch_operator' retrieved from /home/airflow/.local/lib/python3.12/site-packages/airflow/example_dags/example_branch_operator.py
[2024-05-10T07:46:47.506+0000] {logging_mixin.py:188} INFO - [2024-05-10T07:46:47.505+0000] {dag.py:3096} INFO - Sync 1 DAGs
[2024-05-10T07:46:47.529+0000] {logging_mixin.py:188} INFO - [2024-05-10T07:46:47.529+0000] {dag.py:3954} INFO - Setting next_dagrun for example_branch_operator to 2024-05-09 00:00:00+00:00, run_after=2024-05-10 00:00:00+00:00
[2024-05-10T07:46:47.552+0000] {processor.py:183} INFO - Processing /home/airflow/.local/lib/python3.12/site-packages/airflow/example_dags/example_branch_operator.py took 0.104 seconds
[2024-05-10T07:47:17.812+0000] {processor.py:161} INFO - Started process (PID=2905) to work on /home/airflow/.local/lib/python3.12/site-packages/airflow/example_dags/example_branch_operator.py
[2024-05-10T07:47:17.814+0000] {processor.py:830} INFO - Processing file /home/airflow/.local/lib/python3.12/site-packages/airflow/example_dags/example_branch_operator.py for tasks to queue
[2024-05-10T07:47:17.814+0000] {logging_mixin.py:188} INFO - [2024-05-10T07:47:17.814+0000] {dagbag.py:540} INFO - Filling up the DagBag from /home/airflow/.local/lib/python3.12/site-packages/airflow/example_dags/example_branch_operator.py
[2024-05-10T07:47:17.830+0000] {processor.py:840} INFO - DAG(s) 'example_branch_operator' retrieved from /home/airflow/.local/lib/python3.12/site-packages/airflow/example_dags/example_branch_operator.py
[2024-05-10T07:47:17.859+0000] {logging_mixin.py:188} INFO - [2024-05-10T07:47:17.858+0000] {dag.py:3096} INFO - Sync 1 DAGs
[2024-05-10T07:47:17.879+0000] {logging_mixin.py:188} INFO - [2024-05-10T07:47:17.879+0000] {dag.py:3954} INFO - Setting next_dagrun for example_branch_operator to 2024-05-09 00:00:00+00:00, run_after=2024-05-10 00:00:00+00:00
[2024-05-10T07:47:17.957+0000] {processor.py:183} INFO - Processing /home/airflow/.local/lib/python3.12/site-packages/airflow/example_dags/example_branch_operator.py took 0.149 seconds
[2024-05-10T07:47:48.062+0000] {processor.py:161} INFO - Started process (PID=2963) to work on /home/airflow/.local/lib/python3.12/site-packages/airflow/example_dags/example_branch_operator.py
[2024-05-10T07:47:48.063+0000] {processor.py:830} INFO - Processing file /home/airflow/.local/lib/python3.12/site-packages/airflow/example_dags/example_branch_operator.py for tasks to queue
[2024-05-10T07:47:48.063+0000] {logging_mixin.py:188} INFO - [2024-05-10T07:47:48.063+0000] {dagbag.py:540} INFO - Filling up the DagBag from /home/airflow/.local/lib/python3.12/site-packages/airflow/example_dags/example_branch_operator.py
[2024-05-10T07:47:48.077+0000] {processor.py:840} INFO - DAG(s) 'example_branch_operator' retrieved from /home/airflow/.local/lib/python3.12/site-packages/airflow/example_dags/example_branch_operator.py
[2024-05-10T07:47:48.102+0000] {logging_mixin.py:188} INFO - [2024-05-10T07:47:48.101+0000] {dag.py:3096} INFO - Sync 1 DAGs
[2024-05-10T07:47:48.120+0000] {logging_mixin.py:188} INFO - [2024-05-10T07:47:48.120+0000] {dag.py:3954} INFO - Setting next_dagrun for example_branch_operator to 2024-05-09 00:00:00+00:00, run_after=2024-05-10 00:00:00+00:00
[2024-05-10T07:47:48.141+0000] {processor.py:183} INFO - Processing /home/airflow/.local/lib/python3.12/site-packages/airflow/example_dags/example_branch_operator.py took 0.084 seconds
[2024-05-10T07:48:18.320+0000] {processor.py:161} INFO - Started process (PID=3021) to work on /home/airflow/.local/lib/python3.12/site-packages/airflow/example_dags/example_branch_operator.py
[2024-05-10T07:48:18.321+0000] {processor.py:830} INFO - Processing file /home/airflow/.local/lib/python3.12/site-packages/airflow/example_dags/example_branch_operator.py for tasks to queue
[2024-05-10T07:48:18.322+0000] {logging_mixin.py:188} INFO - [2024-05-10T07:48:18.321+0000] {dagbag.py:540} INFO - Filling up the DagBag from /home/airflow/.local/lib/python3.12/site-packages/airflow/example_dags/example_branch_operator.py
[2024-05-10T07:48:18.336+0000] {processor.py:840} INFO - DAG(s) 'example_branch_operator' retrieved from /home/airflow/.local/lib/python3.12/site-packages/airflow/example_dags/example_branch_operator.py
[2024-05-10T07:48:18.362+0000] {logging_mixin.py:188} INFO - [2024-05-10T07:48:18.362+0000] {dag.py:3096} INFO - Sync 1 DAGs
[2024-05-10T07:48:18.384+0000] {logging_mixin.py:188} INFO - [2024-05-10T07:48:18.384+0000] {dag.py:3954} INFO - Setting next_dagrun for example_branch_operator to 2024-05-09 00:00:00+00:00, run_after=2024-05-10 00:00:00+00:00
[2024-05-10T07:48:18.409+0000] {processor.py:183} INFO - Processing /home/airflow/.local/lib/python3.12/site-packages/airflow/example_dags/example_branch_operator.py took 0.094 seconds
[2024-05-10T07:48:49.095+0000] {processor.py:161} INFO - Started process (PID=3079) to work on /home/airflow/.local/lib/python3.12/site-packages/airflow/example_dags/example_branch_operator.py
[2024-05-10T07:48:49.096+0000] {processor.py:830} INFO - Processing file /home/airflow/.local/lib/python3.12/site-packages/airflow/example_dags/example_branch_operator.py for tasks to queue
[2024-05-10T07:48:49.096+0000] {logging_mixin.py:188} INFO - [2024-05-10T07:48:49.096+0000] {dagbag.py:540} INFO - Filling up the DagBag from /home/airflow/.local/lib/python3.12/site-packages/airflow/example_dags/example_branch_operator.py
[2024-05-10T07:48:49.110+0000] {processor.py:840} INFO - DAG(s) 'example_branch_operator' retrieved from /home/airflow/.local/lib/python3.12/site-packages/airflow/example_dags/example_branch_operator.py
[2024-05-10T07:48:49.209+0000] {logging_mixin.py:188} INFO - [2024-05-10T07:48:49.208+0000] {dag.py:3096} INFO - Sync 1 DAGs
[2024-05-10T07:48:49.217+0000] {logging_mixin.py:188} INFO - [2024-05-10T07:48:49.217+0000] {dag.py:3118} INFO - Creating ORM DAG for example_branch_operator
[2024-05-10T07:48:49.226+0000] {logging_mixin.py:188} INFO - [2024-05-10T07:48:49.226+0000] {dag.py:3954} INFO - Setting next_dagrun for example_branch_operator to 2024-05-09 00:00:00+00:00, run_after=2024-05-10 00:00:00+00:00
[2024-05-10T07:48:49.338+0000] {processor.py:183} INFO - Processing /home/airflow/.local/lib/python3.12/site-packages/airflow/example_dags/example_branch_operator.py took 0.247 seconds
[2024-05-10T07:49:19.567+0000] {processor.py:161} INFO - Started process (PID=3138) to work on /home/airflow/.local/lib/python3.12/site-packages/airflow/example_dags/example_branch_operator.py
[2024-05-10T07:49:19.568+0000] {processor.py:830} INFO - Processing file /home/airflow/.local/lib/python3.12/site-packages/airflow/example_dags/example_branch_operator.py for tasks to queue
[2024-05-10T07:49:19.568+0000] {logging_mixin.py:188} INFO - [2024-05-10T07:49:19.568+0000] {dagbag.py:540} INFO - Filling up the DagBag from /home/airflow/.local/lib/python3.12/site-packages/airflow/example_dags/example_branch_operator.py
[2024-05-10T07:49:19.584+0000] {processor.py:840} INFO - DAG(s) 'example_branch_operator' retrieved from /home/airflow/.local/lib/python3.12/site-packages/airflow/example_dags/example_branch_operator.py
[2024-05-10T07:49:19.704+0000] {logging_mixin.py:188} INFO - [2024-05-10T07:49:19.704+0000] {dag.py:3096} INFO - Sync 1 DAGs
[2024-05-10T07:49:19.715+0000] {logging_mixin.py:188} INFO - [2024-05-10T07:49:19.715+0000] {dag.py:3118} INFO - Creating ORM DAG for example_branch_operator
[2024-05-10T07:49:19.727+0000] {logging_mixin.py:188} INFO - [2024-05-10T07:49:19.727+0000] {dag.py:3954} INFO - Setting next_dagrun for example_branch_operator to 2024-05-09 00:00:00+00:00, run_after=2024-05-10 00:00:00+00:00
[2024-05-10T07:49:19.756+0000] {processor.py:183} INFO - Processing /home/airflow/.local/lib/python3.12/site-packages/airflow/example_dags/example_branch_operator.py took 0.194 seconds
[2024-05-10T07:49:49.833+0000] {processor.py:161} INFO - Started process (PID=3197) to work on /home/airflow/.local/lib/python3.12/site-packages/airflow/example_dags/example_branch_operator.py
[2024-05-10T07:49:49.834+0000] {processor.py:830} INFO - Processing file /home/airflow/.local/lib/python3.12/site-packages/airflow/example_dags/example_branch_operator.py for tasks to queue
[2024-05-10T07:49:49.835+0000] {logging_mixin.py:188} INFO - [2024-05-10T07:49:49.835+0000] {dagbag.py:540} INFO - Filling up the DagBag from /home/airflow/.local/lib/python3.12/site-packages/airflow/example_dags/example_branch_operator.py
[2024-05-10T07:49:49.849+0000] {processor.py:840} INFO - DAG(s) 'example_branch_operator' retrieved from /home/airflow/.local/lib/python3.12/site-packages/airflow/example_dags/example_branch_operator.py
[2024-05-10T07:49:49.954+0000] {logging_mixin.py:188} INFO - [2024-05-10T07:49:49.953+0000] {dag.py:3096} INFO - Sync 1 DAGs
[2024-05-10T07:49:49.964+0000] {logging_mixin.py:188} INFO - [2024-05-10T07:49:49.964+0000] {dag.py:3118} INFO - Creating ORM DAG for example_branch_operator
[2024-05-10T07:49:49.974+0000] {logging_mixin.py:188} INFO - [2024-05-10T07:49:49.973+0000] {dag.py:3954} INFO - Setting next_dagrun for example_branch_operator to 2024-05-09 00:00:00+00:00, run_after=2024-05-10 00:00:00+00:00
[2024-05-10T07:49:50.001+0000] {processor.py:183} INFO - Processing /home/airflow/.local/lib/python3.12/site-packages/airflow/example_dags/example_branch_operator.py took 0.173 seconds
[2024-05-10T07:50:20.954+0000] {processor.py:161} INFO - Started process (PID=3255) to work on /home/airflow/.local/lib/python3.12/site-packages/airflow/example_dags/example_branch_operator.py
[2024-05-10T07:50:20.955+0000] {processor.py:830} INFO - Processing file /home/airflow/.local/lib/python3.12/site-packages/airflow/example_dags/example_branch_operator.py for tasks to queue
[2024-05-10T07:50:20.955+0000] {logging_mixin.py:188} INFO - [2024-05-10T07:50:20.955+0000] {dagbag.py:540} INFO - Filling up the DagBag from /home/airflow/.local/lib/python3.12/site-packages/airflow/example_dags/example_branch_operator.py
[2024-05-10T07:50:20.970+0000] {processor.py:840} INFO - DAG(s) 'example_branch_operator' retrieved from /home/airflow/.local/lib/python3.12/site-packages/airflow/example_dags/example_branch_operator.py
[2024-05-10T07:50:20.996+0000] {logging_mixin.py:188} INFO - [2024-05-10T07:50:20.996+0000] {dag.py:3096} INFO - Sync 1 DAGs
[2024-05-10T07:50:21.020+0000] {logging_mixin.py:188} INFO - [2024-05-10T07:50:21.020+0000] {dag.py:3954} INFO - Setting next_dagrun for example_branch_operator to 2024-05-09 00:00:00+00:00, run_after=2024-05-10 00:00:00+00:00
[2024-05-10T07:50:21.049+0000] {processor.py:183} INFO - Processing /home/airflow/.local/lib/python3.12/site-packages/airflow/example_dags/example_branch_operator.py took 0.099 seconds
[2024-05-10T07:50:51.871+0000] {processor.py:161} INFO - Started process (PID=3313) to work on /home/airflow/.local/lib/python3.12/site-packages/airflow/example_dags/example_branch_operator.py
[2024-05-10T07:50:51.873+0000] {processor.py:830} INFO - Processing file /home/airflow/.local/lib/python3.12/site-packages/airflow/example_dags/example_branch_operator.py for tasks to queue
[2024-05-10T07:50:51.874+0000] {logging_mixin.py:188} INFO - [2024-05-10T07:50:51.874+0000] {dagbag.py:540} INFO - Filling up the DagBag from /home/airflow/.local/lib/python3.12/site-packages/airflow/example_dags/example_branch_operator.py
[2024-05-10T07:50:51.896+0000] {processor.py:840} INFO - DAG(s) 'example_branch_operator' retrieved from /home/airflow/.local/lib/python3.12/site-packages/airflow/example_dags/example_branch_operator.py
[2024-05-10T07:50:52.015+0000] {logging_mixin.py:188} INFO - [2024-05-10T07:50:52.015+0000] {dag.py:3096} INFO - Sync 1 DAGs
[2024-05-10T07:50:52.025+0000] {logging_mixin.py:188} INFO - [2024-05-10T07:50:52.025+0000] {dag.py:3118} INFO - Creating ORM DAG for example_branch_operator
[2024-05-10T07:50:52.036+0000] {logging_mixin.py:188} INFO - [2024-05-10T07:50:52.036+0000] {dag.py:3954} INFO - Setting next_dagrun for example_branch_operator to 2024-05-09 00:00:00+00:00, run_after=2024-05-10 00:00:00+00:00
[2024-05-10T07:50:52.073+0000] {processor.py:183} INFO - Processing /home/airflow/.local/lib/python3.12/site-packages/airflow/example_dags/example_branch_operator.py took 0.213 seconds
[2024-05-10T07:51:22.160+0000] {processor.py:161} INFO - Started process (PID=3372) to work on /home/airflow/.local/lib/python3.12/site-packages/airflow/example_dags/example_branch_operator.py
[2024-05-10T07:51:22.161+0000] {processor.py:830} INFO - Processing file /home/airflow/.local/lib/python3.12/site-packages/airflow/example_dags/example_branch_operator.py for tasks to queue
[2024-05-10T07:51:22.162+0000] {logging_mixin.py:188} INFO - [2024-05-10T07:51:22.162+0000] {dagbag.py:540} INFO - Filling up the DagBag from /home/airflow/.local/lib/python3.12/site-packages/airflow/example_dags/example_branch_operator.py
[2024-05-10T07:51:22.177+0000] {processor.py:840} INFO - DAG(s) 'example_branch_operator' retrieved from /home/airflow/.local/lib/python3.12/site-packages/airflow/example_dags/example_branch_operator.py
[2024-05-10T07:51:22.298+0000] {logging_mixin.py:188} INFO - [2024-05-10T07:51:22.298+0000] {dag.py:3096} INFO - Sync 1 DAGs
[2024-05-10T07:51:22.308+0000] {logging_mixin.py:188} INFO - [2024-05-10T07:51:22.308+0000] {dag.py:3118} INFO - Creating ORM DAG for example_branch_operator
[2024-05-10T07:51:22.318+0000] {logging_mixin.py:188} INFO - [2024-05-10T07:51:22.318+0000] {dag.py:3954} INFO - Setting next_dagrun for example_branch_operator to 2024-05-09 00:00:00+00:00, run_after=2024-05-10 00:00:00+00:00
[2024-05-10T07:51:22.336+0000] {processor.py:183} INFO - Processing /home/airflow/.local/lib/python3.12/site-packages/airflow/example_dags/example_branch_operator.py took 0.180 seconds
[2024-05-10T07:51:52.466+0000] {processor.py:161} INFO - Started process (PID=3428) to work on /home/airflow/.local/lib/python3.12/site-packages/airflow/example_dags/example_branch_operator.py
[2024-05-10T07:51:52.467+0000] {processor.py:830} INFO - Processing file /home/airflow/.local/lib/python3.12/site-packages/airflow/example_dags/example_branch_operator.py for tasks to queue
[2024-05-10T07:51:52.468+0000] {logging_mixin.py:188} INFO - [2024-05-10T07:51:52.468+0000] {dagbag.py:540} INFO - Filling up the DagBag from /home/airflow/.local/lib/python3.12/site-packages/airflow/example_dags/example_branch_operator.py
[2024-05-10T07:51:52.483+0000] {processor.py:840} INFO - DAG(s) 'example_branch_operator' retrieved from /home/airflow/.local/lib/python3.12/site-packages/airflow/example_dags/example_branch_operator.py
[2024-05-10T07:51:52.578+0000] {logging_mixin.py:188} INFO - [2024-05-10T07:51:52.577+0000] {dag.py:3096} INFO - Sync 1 DAGs
[2024-05-10T07:51:52.586+0000] {logging_mixin.py:188} INFO - [2024-05-10T07:51:52.585+0000] {dag.py:3118} INFO - Creating ORM DAG for example_branch_operator
[2024-05-10T07:51:52.594+0000] {logging_mixin.py:188} INFO - [2024-05-10T07:51:52.594+0000] {dag.py:3954} INFO - Setting next_dagrun for example_branch_operator to 2024-05-09 00:00:00+00:00, run_after=2024-05-10 00:00:00+00:00
[2024-05-10T07:51:52.624+0000] {processor.py:183} INFO - Processing /home/airflow/.local/lib/python3.12/site-packages/airflow/example_dags/example_branch_operator.py took 0.171 seconds
[2024-05-10T07:52:22.689+0000] {processor.py:161} INFO - Started process (PID=3486) to work on /home/airflow/.local/lib/python3.12/site-packages/airflow/example_dags/example_branch_operator.py
[2024-05-10T07:52:22.689+0000] {processor.py:830} INFO - Processing file /home/airflow/.local/lib/python3.12/site-packages/airflow/example_dags/example_branch_operator.py for tasks to queue
[2024-05-10T07:52:22.690+0000] {logging_mixin.py:188} INFO - [2024-05-10T07:52:22.690+0000] {dagbag.py:540} INFO - Filling up the DagBag from /home/airflow/.local/lib/python3.12/site-packages/airflow/example_dags/example_branch_operator.py
[2024-05-10T07:52:22.705+0000] {processor.py:840} INFO - DAG(s) 'example_branch_operator' retrieved from /home/airflow/.local/lib/python3.12/site-packages/airflow/example_dags/example_branch_operator.py
[2024-05-10T07:52:22.733+0000] {logging_mixin.py:188} INFO - [2024-05-10T07:52:22.733+0000] {dag.py:3096} INFO - Sync 1 DAGs
[2024-05-10T07:52:22.754+0000] {logging_mixin.py:188} INFO - [2024-05-10T07:52:22.754+0000] {dag.py:3954} INFO - Setting next_dagrun for example_branch_operator to 2024-05-09 00:00:00+00:00, run_after=2024-05-10 00:00:00+00:00
[2024-05-10T07:52:22.787+0000] {processor.py:183} INFO - Processing /home/airflow/.local/lib/python3.12/site-packages/airflow/example_dags/example_branch_operator.py took 0.104 seconds
[2024-05-10T07:52:52.830+0000] {processor.py:161} INFO - Started process (PID=3544) to work on /home/airflow/.local/lib/python3.12/site-packages/airflow/example_dags/example_branch_operator.py
[2024-05-10T07:52:52.832+0000] {processor.py:830} INFO - Processing file /home/airflow/.local/lib/python3.12/site-packages/airflow/example_dags/example_branch_operator.py for tasks to queue
[2024-05-10T07:52:52.833+0000] {logging_mixin.py:188} INFO - [2024-05-10T07:52:52.832+0000] {dagbag.py:540} INFO - Filling up the DagBag from /home/airflow/.local/lib/python3.12/site-packages/airflow/example_dags/example_branch_operator.py
[2024-05-10T07:52:52.850+0000] {processor.py:840} INFO - DAG(s) 'example_branch_operator' retrieved from /home/airflow/.local/lib/python3.12/site-packages/airflow/example_dags/example_branch_operator.py
[2024-05-10T07:52:52.874+0000] {logging_mixin.py:188} INFO - [2024-05-10T07:52:52.874+0000] {dag.py:3096} INFO - Sync 1 DAGs
[2024-05-10T07:52:52.893+0000] {logging_mixin.py:188} INFO - [2024-05-10T07:52:52.893+0000] {dag.py:3954} INFO - Setting next_dagrun for example_branch_operator to 2024-05-09 00:00:00+00:00, run_after=2024-05-10 00:00:00+00:00
[2024-05-10T07:52:52.918+0000] {processor.py:183} INFO - Processing /home/airflow/.local/lib/python3.12/site-packages/airflow/example_dags/example_branch_operator.py took 0.098 seconds
[2024-05-10T07:53:23.628+0000] {processor.py:161} INFO - Started process (PID=3601) to work on /home/airflow/.local/lib/python3.12/site-packages/airflow/example_dags/example_branch_operator.py
[2024-05-10T07:53:23.630+0000] {processor.py:830} INFO - Processing file /home/airflow/.local/lib/python3.12/site-packages/airflow/example_dags/example_branch_operator.py for tasks to queue
[2024-05-10T07:53:23.631+0000] {logging_mixin.py:188} INFO - [2024-05-10T07:53:23.631+0000] {dagbag.py:540} INFO - Filling up the DagBag from /home/airflow/.local/lib/python3.12/site-packages/airflow/example_dags/example_branch_operator.py
[2024-05-10T07:53:23.653+0000] {processor.py:840} INFO - DAG(s) 'example_branch_operator' retrieved from /home/airflow/.local/lib/python3.12/site-packages/airflow/example_dags/example_branch_operator.py
[2024-05-10T07:53:23.677+0000] {logging_mixin.py:188} INFO - [2024-05-10T07:53:23.677+0000] {dag.py:3096} INFO - Sync 1 DAGs
[2024-05-10T07:53:23.696+0000] {logging_mixin.py:188} INFO - [2024-05-10T07:53:23.695+0000] {dag.py:3954} INFO - Setting next_dagrun for example_branch_operator to 2024-05-09 00:00:00+00:00, run_after=2024-05-10 00:00:00+00:00
[2024-05-10T07:53:23.719+0000] {processor.py:183} INFO - Processing /home/airflow/.local/lib/python3.12/site-packages/airflow/example_dags/example_branch_operator.py took 0.102 seconds
[2024-05-10T07:53:54.136+0000] {processor.py:161} INFO - Started process (PID=3659) to work on /home/airflow/.local/lib/python3.12/site-packages/airflow/example_dags/example_branch_operator.py
[2024-05-10T07:53:54.138+0000] {processor.py:830} INFO - Processing file /home/airflow/.local/lib/python3.12/site-packages/airflow/example_dags/example_branch_operator.py for tasks to queue
[2024-05-10T07:53:54.139+0000] {logging_mixin.py:188} INFO - [2024-05-10T07:53:54.139+0000] {dagbag.py:540} INFO - Filling up the DagBag from /home/airflow/.local/lib/python3.12/site-packages/airflow/example_dags/example_branch_operator.py
[2024-05-10T07:53:54.157+0000] {processor.py:840} INFO - DAG(s) 'example_branch_operator' retrieved from /home/airflow/.local/lib/python3.12/site-packages/airflow/example_dags/example_branch_operator.py
[2024-05-10T07:53:54.185+0000] {logging_mixin.py:188} INFO - [2024-05-10T07:53:54.185+0000] {dag.py:3096} INFO - Sync 1 DAGs
[2024-05-10T07:53:54.203+0000] {logging_mixin.py:188} INFO - [2024-05-10T07:53:54.203+0000] {dag.py:3954} INFO - Setting next_dagrun for example_branch_operator to 2024-05-09 00:00:00+00:00, run_after=2024-05-10 00:00:00+00:00
[2024-05-10T07:53:54.228+0000] {processor.py:183} INFO - Processing /home/airflow/.local/lib/python3.12/site-packages/airflow/example_dags/example_branch_operator.py took 0.096 seconds
[2024-05-10T07:54:24.669+0000] {processor.py:161} INFO - Started process (PID=3716) to work on /home/airflow/.local/lib/python3.12/site-packages/airflow/example_dags/example_branch_operator.py
[2024-05-10T07:54:24.671+0000] {processor.py:830} INFO - Processing file /home/airflow/.local/lib/python3.12/site-packages/airflow/example_dags/example_branch_operator.py for tasks to queue
[2024-05-10T07:54:24.672+0000] {logging_mixin.py:188} INFO - [2024-05-10T07:54:24.672+0000] {dagbag.py:540} INFO - Filling up the DagBag from /home/airflow/.local/lib/python3.12/site-packages/airflow/example_dags/example_branch_operator.py
[2024-05-10T07:54:24.690+0000] {processor.py:840} INFO - DAG(s) 'example_branch_operator' retrieved from /home/airflow/.local/lib/python3.12/site-packages/airflow/example_dags/example_branch_operator.py
[2024-05-10T07:54:24.713+0000] {logging_mixin.py:188} INFO - [2024-05-10T07:54:24.713+0000] {dag.py:3096} INFO - Sync 1 DAGs
[2024-05-10T07:54:24.731+0000] {logging_mixin.py:188} INFO - [2024-05-10T07:54:24.731+0000] {dag.py:3954} INFO - Setting next_dagrun for example_branch_operator to 2024-05-09 00:00:00+00:00, run_after=2024-05-10 00:00:00+00:00
[2024-05-10T07:54:24.749+0000] {processor.py:183} INFO - Processing /home/airflow/.local/lib/python3.12/site-packages/airflow/example_dags/example_branch_operator.py took 0.091 seconds
[2024-05-10T07:54:55.240+0000] {processor.py:161} INFO - Started process (PID=3774) to work on /home/airflow/.local/lib/python3.12/site-packages/airflow/example_dags/example_branch_operator.py
[2024-05-10T07:54:55.241+0000] {processor.py:830} INFO - Processing file /home/airflow/.local/lib/python3.12/site-packages/airflow/example_dags/example_branch_operator.py for tasks to queue
[2024-05-10T07:54:55.243+0000] {logging_mixin.py:188} INFO - [2024-05-10T07:54:55.242+0000] {dagbag.py:540} INFO - Filling up the DagBag from /home/airflow/.local/lib/python3.12/site-packages/airflow/example_dags/example_branch_operator.py
[2024-05-10T07:54:55.260+0000] {processor.py:840} INFO - DAG(s) 'example_branch_operator' retrieved from /home/airflow/.local/lib/python3.12/site-packages/airflow/example_dags/example_branch_operator.py
[2024-05-10T07:54:55.283+0000] {logging_mixin.py:188} INFO - [2024-05-10T07:54:55.283+0000] {dag.py:3096} INFO - Sync 1 DAGs
[2024-05-10T07:54:55.302+0000] {logging_mixin.py:188} INFO - [2024-05-10T07:54:55.301+0000] {dag.py:3954} INFO - Setting next_dagrun for example_branch_operator to 2024-05-09 00:00:00+00:00, run_after=2024-05-10 00:00:00+00:00
[2024-05-10T07:54:55.328+0000] {processor.py:183} INFO - Processing /home/airflow/.local/lib/python3.12/site-packages/airflow/example_dags/example_branch_operator.py took 0.099 seconds
