[2024-05-10T07:22:24.100+0000] {processor.py:161} INFO - Started process (PID=52) to work on /home/airflow/.local/lib/python3.12/site-packages/airflow/example_dags/example_sensors.py
[2024-05-10T07:22:24.100+0000] {processor.py:830} INFO - Processing file /home/airflow/.local/lib/python3.12/site-packages/airflow/example_dags/example_sensors.py for tasks to queue
[2024-05-10T07:22:24.107+0000] {logging_mixin.py:188} INFO - [2024-05-10T07:22:24.106+0000] {dagbag.py:540} INFO - Filling up the DagBag from /home/airflow/.local/lib/python3.12/site-packages/airflow/example_dags/example_sensors.py
[2024-05-10T07:22:24.118+0000] {processor.py:840} INFO - DAG(s) 'example_sensors' retrieved from /home/airflow/.local/lib/python3.12/site-packages/airflow/example_dags/example_sensors.py
[2024-05-10T07:22:24.128+0000] {logging_mixin.py:188} INFO - [2024-05-10T07:22:24.128+0000] {dag.py:3096} INFO - Sync 1 DAGs
[2024-05-10T07:22:24.139+0000] {logging_mixin.py:188} INFO - [2024-05-10T07:22:24.139+0000] {dag.py:3954} INFO - Setting next_dagrun for example_sensors to None, run_after=None
[2024-05-10T07:22:24.164+0000] {processor.py:183} INFO - Processing /home/airflow/.local/lib/python3.12/site-packages/airflow/example_dags/example_sensors.py took 0.073 seconds
[2024-05-10T07:22:55.448+0000] {processor.py:161} INFO - Started process (PID=110) to work on /home/airflow/.local/lib/python3.12/site-packages/airflow/example_dags/example_sensors.py
[2024-05-10T07:22:55.449+0000] {processor.py:830} INFO - Processing file /home/airflow/.local/lib/python3.12/site-packages/airflow/example_dags/example_sensors.py for tasks to queue
[2024-05-10T07:22:55.450+0000] {logging_mixin.py:188} INFO - [2024-05-10T07:22:55.450+0000] {dagbag.py:540} INFO - Filling up the DagBag from /home/airflow/.local/lib/python3.12/site-packages/airflow/example_dags/example_sensors.py
[2024-05-10T07:22:55.457+0000] {processor.py:840} INFO - DAG(s) 'example_sensors' retrieved from /home/airflow/.local/lib/python3.12/site-packages/airflow/example_dags/example_sensors.py
[2024-05-10T07:22:55.548+0000] {logging_mixin.py:188} INFO - [2024-05-10T07:22:55.547+0000] {dag.py:3096} INFO - Sync 1 DAGs
[2024-05-10T07:22:55.556+0000] {logging_mixin.py:188} INFO - [2024-05-10T07:22:55.556+0000] {dag.py:3954} INFO - Setting next_dagrun for example_sensors to None, run_after=None
[2024-05-10T07:22:55.574+0000] {processor.py:183} INFO - Processing /home/airflow/.local/lib/python3.12/site-packages/airflow/example_dags/example_sensors.py took 0.131 seconds
[2024-05-10T07:23:25.783+0000] {processor.py:161} INFO - Started process (PID=168) to work on /home/airflow/.local/lib/python3.12/site-packages/airflow/example_dags/example_sensors.py
[2024-05-10T07:23:25.784+0000] {processor.py:830} INFO - Processing file /home/airflow/.local/lib/python3.12/site-packages/airflow/example_dags/example_sensors.py for tasks to queue
[2024-05-10T07:23:25.785+0000] {logging_mixin.py:188} INFO - [2024-05-10T07:23:25.785+0000] {dagbag.py:540} INFO - Filling up the DagBag from /home/airflow/.local/lib/python3.12/site-packages/airflow/example_dags/example_sensors.py
[2024-05-10T07:23:25.792+0000] {processor.py:840} INFO - DAG(s) 'example_sensors' retrieved from /home/airflow/.local/lib/python3.12/site-packages/airflow/example_dags/example_sensors.py
[2024-05-10T07:23:25.813+0000] {logging_mixin.py:188} INFO - [2024-05-10T07:23:25.813+0000] {dag.py:3096} INFO - Sync 1 DAGs
[2024-05-10T07:23:25.823+0000] {logging_mixin.py:188} INFO - [2024-05-10T07:23:25.823+0000] {dag.py:3954} INFO - Setting next_dagrun for example_sensors to None, run_after=None
[2024-05-10T07:23:25.843+0000] {processor.py:183} INFO - Processing /home/airflow/.local/lib/python3.12/site-packages/airflow/example_dags/example_sensors.py took 0.065 seconds
[2024-05-10T07:23:56.584+0000] {processor.py:161} INFO - Started process (PID=226) to work on /home/airflow/.local/lib/python3.12/site-packages/airflow/example_dags/example_sensors.py
[2024-05-10T07:23:56.585+0000] {processor.py:830} INFO - Processing file /home/airflow/.local/lib/python3.12/site-packages/airflow/example_dags/example_sensors.py for tasks to queue
[2024-05-10T07:23:56.586+0000] {logging_mixin.py:188} INFO - [2024-05-10T07:23:56.586+0000] {dagbag.py:540} INFO - Filling up the DagBag from /home/airflow/.local/lib/python3.12/site-packages/airflow/example_dags/example_sensors.py
[2024-05-10T07:23:56.593+0000] {processor.py:840} INFO - DAG(s) 'example_sensors' retrieved from /home/airflow/.local/lib/python3.12/site-packages/airflow/example_dags/example_sensors.py
[2024-05-10T07:23:56.615+0000] {logging_mixin.py:188} INFO - [2024-05-10T07:23:56.615+0000] {dag.py:3096} INFO - Sync 1 DAGs
[2024-05-10T07:23:56.625+0000] {logging_mixin.py:188} INFO - [2024-05-10T07:23:56.625+0000] {dag.py:3954} INFO - Setting next_dagrun for example_sensors to None, run_after=None
[2024-05-10T07:23:56.652+0000] {processor.py:183} INFO - Processing /home/airflow/.local/lib/python3.12/site-packages/airflow/example_dags/example_sensors.py took 0.074 seconds
[2024-05-10T07:24:27.193+0000] {processor.py:161} INFO - Started process (PID=283) to work on /home/airflow/.local/lib/python3.12/site-packages/airflow/example_dags/example_sensors.py
[2024-05-10T07:24:27.194+0000] {processor.py:830} INFO - Processing file /home/airflow/.local/lib/python3.12/site-packages/airflow/example_dags/example_sensors.py for tasks to queue
[2024-05-10T07:24:27.195+0000] {logging_mixin.py:188} INFO - [2024-05-10T07:24:27.195+0000] {dagbag.py:540} INFO - Filling up the DagBag from /home/airflow/.local/lib/python3.12/site-packages/airflow/example_dags/example_sensors.py
[2024-05-10T07:24:27.202+0000] {processor.py:840} INFO - DAG(s) 'example_sensors' retrieved from /home/airflow/.local/lib/python3.12/site-packages/airflow/example_dags/example_sensors.py
[2024-05-10T07:24:27.223+0000] {logging_mixin.py:188} INFO - [2024-05-10T07:24:27.222+0000] {dag.py:3096} INFO - Sync 1 DAGs
[2024-05-10T07:24:27.233+0000] {logging_mixin.py:188} INFO - [2024-05-10T07:24:27.233+0000] {dag.py:3954} INFO - Setting next_dagrun for example_sensors to None, run_after=None
[2024-05-10T07:24:27.252+0000] {processor.py:183} INFO - Processing /home/airflow/.local/lib/python3.12/site-packages/airflow/example_dags/example_sensors.py took 0.063 seconds
[2024-05-10T07:24:57.704+0000] {processor.py:161} INFO - Started process (PID=341) to work on /home/airflow/.local/lib/python3.12/site-packages/airflow/example_dags/example_sensors.py
[2024-05-10T07:24:57.704+0000] {processor.py:830} INFO - Processing file /home/airflow/.local/lib/python3.12/site-packages/airflow/example_dags/example_sensors.py for tasks to queue
[2024-05-10T07:24:57.705+0000] {logging_mixin.py:188} INFO - [2024-05-10T07:24:57.705+0000] {dagbag.py:540} INFO - Filling up the DagBag from /home/airflow/.local/lib/python3.12/site-packages/airflow/example_dags/example_sensors.py
[2024-05-10T07:24:57.713+0000] {processor.py:840} INFO - DAG(s) 'example_sensors' retrieved from /home/airflow/.local/lib/python3.12/site-packages/airflow/example_dags/example_sensors.py
[2024-05-10T07:24:57.733+0000] {logging_mixin.py:188} INFO - [2024-05-10T07:24:57.733+0000] {dag.py:3096} INFO - Sync 1 DAGs
[2024-05-10T07:24:57.743+0000] {logging_mixin.py:188} INFO - [2024-05-10T07:24:57.743+0000] {dag.py:3954} INFO - Setting next_dagrun for example_sensors to None, run_after=None
[2024-05-10T07:24:57.763+0000] {processor.py:183} INFO - Processing /home/airflow/.local/lib/python3.12/site-packages/airflow/example_dags/example_sensors.py took 0.064 seconds
[2024-05-10T07:25:28.239+0000] {processor.py:161} INFO - Started process (PID=399) to work on /home/airflow/.local/lib/python3.12/site-packages/airflow/example_dags/example_sensors.py
[2024-05-10T07:25:28.239+0000] {processor.py:830} INFO - Processing file /home/airflow/.local/lib/python3.12/site-packages/airflow/example_dags/example_sensors.py for tasks to queue
[2024-05-10T07:25:28.240+0000] {logging_mixin.py:188} INFO - [2024-05-10T07:25:28.240+0000] {dagbag.py:540} INFO - Filling up the DagBag from /home/airflow/.local/lib/python3.12/site-packages/airflow/example_dags/example_sensors.py
[2024-05-10T07:25:28.248+0000] {processor.py:840} INFO - DAG(s) 'example_sensors' retrieved from /home/airflow/.local/lib/python3.12/site-packages/airflow/example_dags/example_sensors.py
[2024-05-10T07:25:28.270+0000] {logging_mixin.py:188} INFO - [2024-05-10T07:25:28.270+0000] {dag.py:3096} INFO - Sync 1 DAGs
[2024-05-10T07:25:28.280+0000] {logging_mixin.py:188} INFO - [2024-05-10T07:25:28.280+0000] {dag.py:3954} INFO - Setting next_dagrun for example_sensors to None, run_after=None
[2024-05-10T07:25:28.307+0000] {processor.py:183} INFO - Processing /home/airflow/.local/lib/python3.12/site-packages/airflow/example_dags/example_sensors.py took 0.073 seconds
[2024-05-10T07:25:58.359+0000] {processor.py:161} INFO - Started process (PID=457) to work on /home/airflow/.local/lib/python3.12/site-packages/airflow/example_dags/example_sensors.py
[2024-05-10T07:25:58.360+0000] {processor.py:830} INFO - Processing file /home/airflow/.local/lib/python3.12/site-packages/airflow/example_dags/example_sensors.py for tasks to queue
[2024-05-10T07:25:58.361+0000] {logging_mixin.py:188} INFO - [2024-05-10T07:25:58.360+0000] {dagbag.py:540} INFO - Filling up the DagBag from /home/airflow/.local/lib/python3.12/site-packages/airflow/example_dags/example_sensors.py
[2024-05-10T07:25:58.367+0000] {processor.py:840} INFO - DAG(s) 'example_sensors' retrieved from /home/airflow/.local/lib/python3.12/site-packages/airflow/example_dags/example_sensors.py
[2024-05-10T07:25:58.389+0000] {logging_mixin.py:188} INFO - [2024-05-10T07:25:58.389+0000] {dag.py:3096} INFO - Sync 1 DAGs
[2024-05-10T07:25:58.399+0000] {logging_mixin.py:188} INFO - [2024-05-10T07:25:58.399+0000] {dag.py:3954} INFO - Setting next_dagrun for example_sensors to None, run_after=None
[2024-05-10T07:25:58.418+0000] {processor.py:183} INFO - Processing /home/airflow/.local/lib/python3.12/site-packages/airflow/example_dags/example_sensors.py took 0.063 seconds
[2024-05-10T07:26:28.870+0000] {processor.py:161} INFO - Started process (PID=515) to work on /home/airflow/.local/lib/python3.12/site-packages/airflow/example_dags/example_sensors.py
[2024-05-10T07:26:28.871+0000] {processor.py:830} INFO - Processing file /home/airflow/.local/lib/python3.12/site-packages/airflow/example_dags/example_sensors.py for tasks to queue
[2024-05-10T07:26:28.872+0000] {logging_mixin.py:188} INFO - [2024-05-10T07:26:28.872+0000] {dagbag.py:540} INFO - Filling up the DagBag from /home/airflow/.local/lib/python3.12/site-packages/airflow/example_dags/example_sensors.py
[2024-05-10T07:26:28.879+0000] {processor.py:840} INFO - DAG(s) 'example_sensors' retrieved from /home/airflow/.local/lib/python3.12/site-packages/airflow/example_dags/example_sensors.py
[2024-05-10T07:26:28.900+0000] {logging_mixin.py:188} INFO - [2024-05-10T07:26:28.900+0000] {dag.py:3096} INFO - Sync 1 DAGs
[2024-05-10T07:26:28.910+0000] {logging_mixin.py:188} INFO - [2024-05-10T07:26:28.910+0000] {dag.py:3954} INFO - Setting next_dagrun for example_sensors to None, run_after=None
[2024-05-10T07:26:28.929+0000] {processor.py:183} INFO - Processing /home/airflow/.local/lib/python3.12/site-packages/airflow/example_dags/example_sensors.py took 0.063 seconds
[2024-05-10T07:26:59.449+0000] {processor.py:161} INFO - Started process (PID=573) to work on /home/airflow/.local/lib/python3.12/site-packages/airflow/example_dags/example_sensors.py
[2024-05-10T07:26:59.450+0000] {processor.py:830} INFO - Processing file /home/airflow/.local/lib/python3.12/site-packages/airflow/example_dags/example_sensors.py for tasks to queue
[2024-05-10T07:26:59.451+0000] {logging_mixin.py:188} INFO - [2024-05-10T07:26:59.451+0000] {dagbag.py:540} INFO - Filling up the DagBag from /home/airflow/.local/lib/python3.12/site-packages/airflow/example_dags/example_sensors.py
[2024-05-10T07:26:59.458+0000] {processor.py:840} INFO - DAG(s) 'example_sensors' retrieved from /home/airflow/.local/lib/python3.12/site-packages/airflow/example_dags/example_sensors.py
[2024-05-10T07:26:59.479+0000] {logging_mixin.py:188} INFO - [2024-05-10T07:26:59.479+0000] {dag.py:3096} INFO - Sync 1 DAGs
[2024-05-10T07:26:59.490+0000] {logging_mixin.py:188} INFO - [2024-05-10T07:26:59.489+0000] {dag.py:3954} INFO - Setting next_dagrun for example_sensors to None, run_after=None
[2024-05-10T07:26:59.508+0000] {processor.py:183} INFO - Processing /home/airflow/.local/lib/python3.12/site-packages/airflow/example_dags/example_sensors.py took 0.063 seconds
[2024-05-10T07:27:29.960+0000] {processor.py:161} INFO - Started process (PID=631) to work on /home/airflow/.local/lib/python3.12/site-packages/airflow/example_dags/example_sensors.py
[2024-05-10T07:27:29.961+0000] {processor.py:830} INFO - Processing file /home/airflow/.local/lib/python3.12/site-packages/airflow/example_dags/example_sensors.py for tasks to queue
[2024-05-10T07:27:29.962+0000] {logging_mixin.py:188} INFO - [2024-05-10T07:27:29.962+0000] {dagbag.py:540} INFO - Filling up the DagBag from /home/airflow/.local/lib/python3.12/site-packages/airflow/example_dags/example_sensors.py
[2024-05-10T07:27:29.970+0000] {processor.py:840} INFO - DAG(s) 'example_sensors' retrieved from /home/airflow/.local/lib/python3.12/site-packages/airflow/example_dags/example_sensors.py
[2024-05-10T07:27:29.993+0000] {logging_mixin.py:188} INFO - [2024-05-10T07:27:29.992+0000] {dag.py:3096} INFO - Sync 1 DAGs
[2024-05-10T07:27:30.005+0000] {logging_mixin.py:188} INFO - [2024-05-10T07:27:30.005+0000] {dag.py:3954} INFO - Setting next_dagrun for example_sensors to None, run_after=None
[2024-05-10T07:27:30.029+0000] {processor.py:183} INFO - Processing /home/airflow/.local/lib/python3.12/site-packages/airflow/example_dags/example_sensors.py took 0.074 seconds
[2024-05-10T07:28:00.749+0000] {processor.py:161} INFO - Started process (PID=689) to work on /home/airflow/.local/lib/python3.12/site-packages/airflow/example_dags/example_sensors.py
[2024-05-10T07:28:00.750+0000] {processor.py:830} INFO - Processing file /home/airflow/.local/lib/python3.12/site-packages/airflow/example_dags/example_sensors.py for tasks to queue
[2024-05-10T07:28:00.751+0000] {logging_mixin.py:188} INFO - [2024-05-10T07:28:00.751+0000] {dagbag.py:540} INFO - Filling up the DagBag from /home/airflow/.local/lib/python3.12/site-packages/airflow/example_dags/example_sensors.py
[2024-05-10T07:28:00.758+0000] {processor.py:840} INFO - DAG(s) 'example_sensors' retrieved from /home/airflow/.local/lib/python3.12/site-packages/airflow/example_dags/example_sensors.py
[2024-05-10T07:28:00.779+0000] {logging_mixin.py:188} INFO - [2024-05-10T07:28:00.779+0000] {dag.py:3096} INFO - Sync 1 DAGs
[2024-05-10T07:28:00.789+0000] {logging_mixin.py:188} INFO - [2024-05-10T07:28:00.789+0000] {dag.py:3954} INFO - Setting next_dagrun for example_sensors to None, run_after=None
[2024-05-10T07:28:00.813+0000] {processor.py:183} INFO - Processing /home/airflow/.local/lib/python3.12/site-packages/airflow/example_dags/example_sensors.py took 0.068 seconds
[2024-05-10T07:28:30.861+0000] {processor.py:161} INFO - Started process (PID=747) to work on /home/airflow/.local/lib/python3.12/site-packages/airflow/example_dags/example_sensors.py
[2024-05-10T07:28:30.861+0000] {processor.py:830} INFO - Processing file /home/airflow/.local/lib/python3.12/site-packages/airflow/example_dags/example_sensors.py for tasks to queue
[2024-05-10T07:28:30.862+0000] {logging_mixin.py:188} INFO - [2024-05-10T07:28:30.862+0000] {dagbag.py:540} INFO - Filling up the DagBag from /home/airflow/.local/lib/python3.12/site-packages/airflow/example_dags/example_sensors.py
[2024-05-10T07:28:30.870+0000] {processor.py:840} INFO - DAG(s) 'example_sensors' retrieved from /home/airflow/.local/lib/python3.12/site-packages/airflow/example_dags/example_sensors.py
[2024-05-10T07:28:30.890+0000] {logging_mixin.py:188} INFO - [2024-05-10T07:28:30.890+0000] {dag.py:3096} INFO - Sync 1 DAGs
[2024-05-10T07:28:30.902+0000] {logging_mixin.py:188} INFO - [2024-05-10T07:28:30.902+0000] {dag.py:3954} INFO - Setting next_dagrun for example_sensors to None, run_after=None
[2024-05-10T07:28:30.920+0000] {processor.py:183} INFO - Processing /home/airflow/.local/lib/python3.12/site-packages/airflow/example_dags/example_sensors.py took 0.064 seconds
[2024-05-10T07:29:01.372+0000] {processor.py:161} INFO - Started process (PID=805) to work on /home/airflow/.local/lib/python3.12/site-packages/airflow/example_dags/example_sensors.py
[2024-05-10T07:29:01.373+0000] {processor.py:830} INFO - Processing file /home/airflow/.local/lib/python3.12/site-packages/airflow/example_dags/example_sensors.py for tasks to queue
[2024-05-10T07:29:01.374+0000] {logging_mixin.py:188} INFO - [2024-05-10T07:29:01.374+0000] {dagbag.py:540} INFO - Filling up the DagBag from /home/airflow/.local/lib/python3.12/site-packages/airflow/example_dags/example_sensors.py
[2024-05-10T07:29:01.381+0000] {processor.py:840} INFO - DAG(s) 'example_sensors' retrieved from /home/airflow/.local/lib/python3.12/site-packages/airflow/example_dags/example_sensors.py
[2024-05-10T07:29:01.403+0000] {logging_mixin.py:188} INFO - [2024-05-10T07:29:01.402+0000] {dag.py:3096} INFO - Sync 1 DAGs
[2024-05-10T07:29:01.413+0000] {logging_mixin.py:188} INFO - [2024-05-10T07:29:01.413+0000] {dag.py:3954} INFO - Setting next_dagrun for example_sensors to None, run_after=None
[2024-05-10T07:29:01.434+0000] {processor.py:183} INFO - Processing /home/airflow/.local/lib/python3.12/site-packages/airflow/example_dags/example_sensors.py took 0.067 seconds
[2024-05-10T07:29:31.725+0000] {processor.py:161} INFO - Started process (PID=863) to work on /home/airflow/.local/lib/python3.12/site-packages/airflow/example_dags/example_sensors.py
[2024-05-10T07:29:31.726+0000] {processor.py:830} INFO - Processing file /home/airflow/.local/lib/python3.12/site-packages/airflow/example_dags/example_sensors.py for tasks to queue
[2024-05-10T07:29:31.727+0000] {logging_mixin.py:188} INFO - [2024-05-10T07:29:31.727+0000] {dagbag.py:540} INFO - Filling up the DagBag from /home/airflow/.local/lib/python3.12/site-packages/airflow/example_dags/example_sensors.py
[2024-05-10T07:29:31.734+0000] {processor.py:840} INFO - DAG(s) 'example_sensors' retrieved from /home/airflow/.local/lib/python3.12/site-packages/airflow/example_dags/example_sensors.py
[2024-05-10T07:29:31.755+0000] {logging_mixin.py:188} INFO - [2024-05-10T07:29:31.755+0000] {dag.py:3096} INFO - Sync 1 DAGs
[2024-05-10T07:29:31.765+0000] {logging_mixin.py:188} INFO - [2024-05-10T07:29:31.764+0000] {dag.py:3954} INFO - Setting next_dagrun for example_sensors to None, run_after=None
[2024-05-10T07:29:31.785+0000] {processor.py:183} INFO - Processing /home/airflow/.local/lib/python3.12/site-packages/airflow/example_dags/example_sensors.py took 0.064 seconds
[2024-05-10T07:30:02.381+0000] {processor.py:161} INFO - Started process (PID=921) to work on /home/airflow/.local/lib/python3.12/site-packages/airflow/example_dags/example_sensors.py
[2024-05-10T07:30:02.382+0000] {processor.py:830} INFO - Processing file /home/airflow/.local/lib/python3.12/site-packages/airflow/example_dags/example_sensors.py for tasks to queue
[2024-05-10T07:30:02.383+0000] {logging_mixin.py:188} INFO - [2024-05-10T07:30:02.383+0000] {dagbag.py:540} INFO - Filling up the DagBag from /home/airflow/.local/lib/python3.12/site-packages/airflow/example_dags/example_sensors.py
[2024-05-10T07:30:02.390+0000] {processor.py:840} INFO - DAG(s) 'example_sensors' retrieved from /home/airflow/.local/lib/python3.12/site-packages/airflow/example_dags/example_sensors.py
[2024-05-10T07:30:02.411+0000] {logging_mixin.py:188} INFO - [2024-05-10T07:30:02.411+0000] {dag.py:3096} INFO - Sync 1 DAGs
[2024-05-10T07:30:02.421+0000] {logging_mixin.py:188} INFO - [2024-05-10T07:30:02.421+0000] {dag.py:3954} INFO - Setting next_dagrun for example_sensors to None, run_after=None
[2024-05-10T07:30:02.440+0000] {processor.py:183} INFO - Processing /home/airflow/.local/lib/python3.12/site-packages/airflow/example_dags/example_sensors.py took 0.064 seconds
[2024-05-10T07:30:33.476+0000] {processor.py:161} INFO - Started process (PID=980) to work on /home/airflow/.local/lib/python3.12/site-packages/airflow/example_dags/example_sensors.py
[2024-05-10T07:30:33.476+0000] {processor.py:830} INFO - Processing file /home/airflow/.local/lib/python3.12/site-packages/airflow/example_dags/example_sensors.py for tasks to queue
[2024-05-10T07:30:33.478+0000] {logging_mixin.py:188} INFO - [2024-05-10T07:30:33.477+0000] {dagbag.py:540} INFO - Filling up the DagBag from /home/airflow/.local/lib/python3.12/site-packages/airflow/example_dags/example_sensors.py
[2024-05-10T07:30:33.485+0000] {processor.py:840} INFO - DAG(s) 'example_sensors' retrieved from /home/airflow/.local/lib/python3.12/site-packages/airflow/example_dags/example_sensors.py
[2024-05-10T07:30:33.507+0000] {logging_mixin.py:188} INFO - [2024-05-10T07:30:33.507+0000] {dag.py:3096} INFO - Sync 1 DAGs
[2024-05-10T07:30:33.627+0000] {logging_mixin.py:188} INFO - [2024-05-10T07:30:33.627+0000] {dag.py:3954} INFO - Setting next_dagrun for example_sensors to None, run_after=None
[2024-05-10T07:30:33.652+0000] {processor.py:183} INFO - Processing /home/airflow/.local/lib/python3.12/site-packages/airflow/example_dags/example_sensors.py took 0.181 seconds
[2024-05-10T07:31:03.683+0000] {processor.py:161} INFO - Started process (PID=1038) to work on /home/airflow/.local/lib/python3.12/site-packages/airflow/example_dags/example_sensors.py
[2024-05-10T07:31:03.684+0000] {processor.py:830} INFO - Processing file /home/airflow/.local/lib/python3.12/site-packages/airflow/example_dags/example_sensors.py for tasks to queue
[2024-05-10T07:31:03.685+0000] {logging_mixin.py:188} INFO - [2024-05-10T07:31:03.685+0000] {dagbag.py:540} INFO - Filling up the DagBag from /home/airflow/.local/lib/python3.12/site-packages/airflow/example_dags/example_sensors.py
[2024-05-10T07:31:03.692+0000] {processor.py:840} INFO - DAG(s) 'example_sensors' retrieved from /home/airflow/.local/lib/python3.12/site-packages/airflow/example_dags/example_sensors.py
[2024-05-10T07:31:03.714+0000] {logging_mixin.py:188} INFO - [2024-05-10T07:31:03.714+0000] {dag.py:3096} INFO - Sync 1 DAGs
[2024-05-10T07:31:03.725+0000] {logging_mixin.py:188} INFO - [2024-05-10T07:31:03.724+0000] {dag.py:3954} INFO - Setting next_dagrun for example_sensors to None, run_after=None
[2024-05-10T07:31:03.787+0000] {processor.py:183} INFO - Processing /home/airflow/.local/lib/python3.12/site-packages/airflow/example_dags/example_sensors.py took 0.108 seconds
[2024-05-10T07:31:34.239+0000] {processor.py:161} INFO - Started process (PID=1096) to work on /home/airflow/.local/lib/python3.12/site-packages/airflow/example_dags/example_sensors.py
[2024-05-10T07:31:34.239+0000] {processor.py:830} INFO - Processing file /home/airflow/.local/lib/python3.12/site-packages/airflow/example_dags/example_sensors.py for tasks to queue
[2024-05-10T07:31:34.241+0000] {logging_mixin.py:188} INFO - [2024-05-10T07:31:34.240+0000] {dagbag.py:540} INFO - Filling up the DagBag from /home/airflow/.local/lib/python3.12/site-packages/airflow/example_dags/example_sensors.py
[2024-05-10T07:31:34.248+0000] {processor.py:840} INFO - DAG(s) 'example_sensors' retrieved from /home/airflow/.local/lib/python3.12/site-packages/airflow/example_dags/example_sensors.py
[2024-05-10T07:31:34.269+0000] {logging_mixin.py:188} INFO - [2024-05-10T07:31:34.268+0000] {dag.py:3096} INFO - Sync 1 DAGs
[2024-05-10T07:31:34.279+0000] {logging_mixin.py:188} INFO - [2024-05-10T07:31:34.279+0000] {dag.py:3954} INFO - Setting next_dagrun for example_sensors to None, run_after=None
[2024-05-10T07:31:34.295+0000] {processor.py:183} INFO - Processing /home/airflow/.local/lib/python3.12/site-packages/airflow/example_dags/example_sensors.py took 0.061 seconds
[2024-05-10T07:32:05.117+0000] {processor.py:161} INFO - Started process (PID=1154) to work on /home/airflow/.local/lib/python3.12/site-packages/airflow/example_dags/example_sensors.py
[2024-05-10T07:32:05.118+0000] {processor.py:830} INFO - Processing file /home/airflow/.local/lib/python3.12/site-packages/airflow/example_dags/example_sensors.py for tasks to queue
[2024-05-10T07:32:05.119+0000] {logging_mixin.py:188} INFO - [2024-05-10T07:32:05.119+0000] {dagbag.py:540} INFO - Filling up the DagBag from /home/airflow/.local/lib/python3.12/site-packages/airflow/example_dags/example_sensors.py
[2024-05-10T07:32:05.127+0000] {processor.py:840} INFO - DAG(s) 'example_sensors' retrieved from /home/airflow/.local/lib/python3.12/site-packages/airflow/example_dags/example_sensors.py
[2024-05-10T07:32:05.150+0000] {logging_mixin.py:188} INFO - [2024-05-10T07:32:05.150+0000] {dag.py:3096} INFO - Sync 1 DAGs
[2024-05-10T07:32:05.160+0000] {logging_mixin.py:188} INFO - [2024-05-10T07:32:05.160+0000] {dag.py:3954} INFO - Setting next_dagrun for example_sensors to None, run_after=None
[2024-05-10T07:32:05.185+0000] {processor.py:183} INFO - Processing /home/airflow/.local/lib/python3.12/site-packages/airflow/example_dags/example_sensors.py took 0.073 seconds
[2024-05-10T07:32:35.687+0000] {processor.py:161} INFO - Started process (PID=1213) to work on /home/airflow/.local/lib/python3.12/site-packages/airflow/example_dags/example_sensors.py
[2024-05-10T07:32:35.688+0000] {processor.py:830} INFO - Processing file /home/airflow/.local/lib/python3.12/site-packages/airflow/example_dags/example_sensors.py for tasks to queue
[2024-05-10T07:32:35.690+0000] {logging_mixin.py:188} INFO - [2024-05-10T07:32:35.689+0000] {dagbag.py:540} INFO - Filling up the DagBag from /home/airflow/.local/lib/python3.12/site-packages/airflow/example_dags/example_sensors.py
[2024-05-10T07:32:35.697+0000] {processor.py:840} INFO - DAG(s) 'example_sensors' retrieved from /home/airflow/.local/lib/python3.12/site-packages/airflow/example_dags/example_sensors.py
[2024-05-10T07:32:35.717+0000] {logging_mixin.py:188} INFO - [2024-05-10T07:32:35.717+0000] {dag.py:3096} INFO - Sync 1 DAGs
[2024-05-10T07:32:35.728+0000] {logging_mixin.py:188} INFO - [2024-05-10T07:32:35.728+0000] {dag.py:3954} INFO - Setting next_dagrun for example_sensors to None, run_after=None
[2024-05-10T07:32:35.750+0000] {processor.py:183} INFO - Processing /home/airflow/.local/lib/python3.12/site-packages/airflow/example_dags/example_sensors.py took 0.067 seconds
[2024-05-10T07:33:06.483+0000] {processor.py:161} INFO - Started process (PID=1271) to work on /home/airflow/.local/lib/python3.12/site-packages/airflow/example_dags/example_sensors.py
[2024-05-10T07:33:06.484+0000] {processor.py:830} INFO - Processing file /home/airflow/.local/lib/python3.12/site-packages/airflow/example_dags/example_sensors.py for tasks to queue
[2024-05-10T07:33:06.485+0000] {logging_mixin.py:188} INFO - [2024-05-10T07:33:06.485+0000] {dagbag.py:540} INFO - Filling up the DagBag from /home/airflow/.local/lib/python3.12/site-packages/airflow/example_dags/example_sensors.py
[2024-05-10T07:33:06.494+0000] {processor.py:840} INFO - DAG(s) 'example_sensors' retrieved from /home/airflow/.local/lib/python3.12/site-packages/airflow/example_dags/example_sensors.py
[2024-05-10T07:33:06.517+0000] {logging_mixin.py:188} INFO - [2024-05-10T07:33:06.517+0000] {dag.py:3096} INFO - Sync 1 DAGs
[2024-05-10T07:33:06.527+0000] {logging_mixin.py:188} INFO - [2024-05-10T07:33:06.527+0000] {dag.py:3954} INFO - Setting next_dagrun for example_sensors to None, run_after=None
[2024-05-10T07:33:06.551+0000] {processor.py:183} INFO - Processing /home/airflow/.local/lib/python3.12/site-packages/airflow/example_dags/example_sensors.py took 0.073 seconds
[2024-05-10T07:33:37.048+0000] {processor.py:161} INFO - Started process (PID=1331) to work on /home/airflow/.local/lib/python3.12/site-packages/airflow/example_dags/example_sensors.py
[2024-05-10T07:33:37.049+0000] {processor.py:830} INFO - Processing file /home/airflow/.local/lib/python3.12/site-packages/airflow/example_dags/example_sensors.py for tasks to queue
[2024-05-10T07:33:37.050+0000] {logging_mixin.py:188} INFO - [2024-05-10T07:33:37.050+0000] {dagbag.py:540} INFO - Filling up the DagBag from /home/airflow/.local/lib/python3.12/site-packages/airflow/example_dags/example_sensors.py
[2024-05-10T07:33:37.058+0000] {processor.py:840} INFO - DAG(s) 'example_sensors' retrieved from /home/airflow/.local/lib/python3.12/site-packages/airflow/example_dags/example_sensors.py
[2024-05-10T07:33:37.078+0000] {logging_mixin.py:188} INFO - [2024-05-10T07:33:37.078+0000] {dag.py:3096} INFO - Sync 1 DAGs
[2024-05-10T07:33:37.089+0000] {logging_mixin.py:188} INFO - [2024-05-10T07:33:37.088+0000] {dag.py:3954} INFO - Setting next_dagrun for example_sensors to None, run_after=None
[2024-05-10T07:33:37.107+0000] {processor.py:183} INFO - Processing /home/airflow/.local/lib/python3.12/site-packages/airflow/example_dags/example_sensors.py took 0.063 seconds
[2024-05-10T07:34:07.646+0000] {processor.py:161} INFO - Started process (PID=1391) to work on /home/airflow/.local/lib/python3.12/site-packages/airflow/example_dags/example_sensors.py
[2024-05-10T07:34:07.647+0000] {processor.py:830} INFO - Processing file /home/airflow/.local/lib/python3.12/site-packages/airflow/example_dags/example_sensors.py for tasks to queue
[2024-05-10T07:34:07.648+0000] {logging_mixin.py:188} INFO - [2024-05-10T07:34:07.648+0000] {dagbag.py:540} INFO - Filling up the DagBag from /home/airflow/.local/lib/python3.12/site-packages/airflow/example_dags/example_sensors.py
[2024-05-10T07:34:07.656+0000] {processor.py:840} INFO - DAG(s) 'example_sensors' retrieved from /home/airflow/.local/lib/python3.12/site-packages/airflow/example_dags/example_sensors.py
[2024-05-10T07:34:07.679+0000] {logging_mixin.py:188} INFO - [2024-05-10T07:34:07.679+0000] {dag.py:3096} INFO - Sync 1 DAGs
[2024-05-10T07:34:07.691+0000] {logging_mixin.py:188} INFO - [2024-05-10T07:34:07.690+0000] {dag.py:3954} INFO - Setting next_dagrun for example_sensors to None, run_after=None
[2024-05-10T07:34:07.721+0000] {processor.py:183} INFO - Processing /home/airflow/.local/lib/python3.12/site-packages/airflow/example_dags/example_sensors.py took 0.082 seconds
[2024-05-10T07:34:38.416+0000] {processor.py:161} INFO - Started process (PID=1450) to work on /home/airflow/.local/lib/python3.12/site-packages/airflow/example_dags/example_sensors.py
[2024-05-10T07:34:38.416+0000] {processor.py:830} INFO - Processing file /home/airflow/.local/lib/python3.12/site-packages/airflow/example_dags/example_sensors.py for tasks to queue
[2024-05-10T07:34:38.417+0000] {logging_mixin.py:188} INFO - [2024-05-10T07:34:38.417+0000] {dagbag.py:540} INFO - Filling up the DagBag from /home/airflow/.local/lib/python3.12/site-packages/airflow/example_dags/example_sensors.py
[2024-05-10T07:34:38.425+0000] {processor.py:840} INFO - DAG(s) 'example_sensors' retrieved from /home/airflow/.local/lib/python3.12/site-packages/airflow/example_dags/example_sensors.py
[2024-05-10T07:34:38.446+0000] {logging_mixin.py:188} INFO - [2024-05-10T07:34:38.446+0000] {dag.py:3096} INFO - Sync 1 DAGs
[2024-05-10T07:34:38.456+0000] {logging_mixin.py:188} INFO - [2024-05-10T07:34:38.456+0000] {dag.py:3954} INFO - Setting next_dagrun for example_sensors to None, run_after=None
[2024-05-10T07:34:38.485+0000] {processor.py:183} INFO - Processing /home/airflow/.local/lib/python3.12/site-packages/airflow/example_dags/example_sensors.py took 0.074 seconds
[2024-05-10T07:35:09.029+0000] {processor.py:161} INFO - Started process (PID=1509) to work on /home/airflow/.local/lib/python3.12/site-packages/airflow/example_dags/example_sensors.py
[2024-05-10T07:35:09.030+0000] {processor.py:830} INFO - Processing file /home/airflow/.local/lib/python3.12/site-packages/airflow/example_dags/example_sensors.py for tasks to queue
[2024-05-10T07:35:09.031+0000] {logging_mixin.py:188} INFO - [2024-05-10T07:35:09.031+0000] {dagbag.py:540} INFO - Filling up the DagBag from /home/airflow/.local/lib/python3.12/site-packages/airflow/example_dags/example_sensors.py
[2024-05-10T07:35:09.038+0000] {processor.py:840} INFO - DAG(s) 'example_sensors' retrieved from /home/airflow/.local/lib/python3.12/site-packages/airflow/example_dags/example_sensors.py
[2024-05-10T07:35:09.059+0000] {logging_mixin.py:188} INFO - [2024-05-10T07:35:09.059+0000] {dag.py:3096} INFO - Sync 1 DAGs
[2024-05-10T07:35:09.070+0000] {logging_mixin.py:188} INFO - [2024-05-10T07:35:09.069+0000] {dag.py:3954} INFO - Setting next_dagrun for example_sensors to None, run_after=None
[2024-05-10T07:35:09.096+0000] {processor.py:183} INFO - Processing /home/airflow/.local/lib/python3.12/site-packages/airflow/example_dags/example_sensors.py took 0.072 seconds
[2024-05-10T07:35:39.905+0000] {processor.py:161} INFO - Started process (PID=1574) to work on /home/airflow/.local/lib/python3.12/site-packages/airflow/example_dags/example_sensors.py
[2024-05-10T07:35:39.906+0000] {processor.py:830} INFO - Processing file /home/airflow/.local/lib/python3.12/site-packages/airflow/example_dags/example_sensors.py for tasks to queue
[2024-05-10T07:35:39.907+0000] {logging_mixin.py:188} INFO - [2024-05-10T07:35:39.907+0000] {dagbag.py:540} INFO - Filling up the DagBag from /home/airflow/.local/lib/python3.12/site-packages/airflow/example_dags/example_sensors.py
[2024-05-10T07:35:39.914+0000] {processor.py:840} INFO - DAG(s) 'example_sensors' retrieved from /home/airflow/.local/lib/python3.12/site-packages/airflow/example_dags/example_sensors.py
[2024-05-10T07:35:39.935+0000] {logging_mixin.py:188} INFO - [2024-05-10T07:35:39.935+0000] {dag.py:3096} INFO - Sync 1 DAGs
[2024-05-10T07:35:39.946+0000] {logging_mixin.py:188} INFO - [2024-05-10T07:35:39.946+0000] {dag.py:3954} INFO - Setting next_dagrun for example_sensors to None, run_after=None
[2024-05-10T07:35:39.963+0000] {processor.py:183} INFO - Processing /home/airflow/.local/lib/python3.12/site-packages/airflow/example_dags/example_sensors.py took 0.063 seconds
[2024-05-10T07:36:10.366+0000] {processor.py:161} INFO - Started process (PID=1633) to work on /home/airflow/.local/lib/python3.12/site-packages/airflow/example_dags/example_sensors.py
[2024-05-10T07:36:10.367+0000] {processor.py:830} INFO - Processing file /home/airflow/.local/lib/python3.12/site-packages/airflow/example_dags/example_sensors.py for tasks to queue
[2024-05-10T07:36:10.369+0000] {logging_mixin.py:188} INFO - [2024-05-10T07:36:10.369+0000] {dagbag.py:540} INFO - Filling up the DagBag from /home/airflow/.local/lib/python3.12/site-packages/airflow/example_dags/example_sensors.py
[2024-05-10T07:36:10.377+0000] {processor.py:840} INFO - DAG(s) 'example_sensors' retrieved from /home/airflow/.local/lib/python3.12/site-packages/airflow/example_dags/example_sensors.py
[2024-05-10T07:36:10.399+0000] {logging_mixin.py:188} INFO - [2024-05-10T07:36:10.399+0000] {dag.py:3096} INFO - Sync 1 DAGs
[2024-05-10T07:36:10.411+0000] {logging_mixin.py:188} INFO - [2024-05-10T07:36:10.411+0000] {dag.py:3954} INFO - Setting next_dagrun for example_sensors to None, run_after=None
[2024-05-10T07:36:10.446+0000] {processor.py:183} INFO - Processing /home/airflow/.local/lib/python3.12/site-packages/airflow/example_dags/example_sensors.py took 0.085 seconds
[2024-05-10T07:36:40.485+0000] {processor.py:161} INFO - Started process (PID=1691) to work on /home/airflow/.local/lib/python3.12/site-packages/airflow/example_dags/example_sensors.py
[2024-05-10T07:36:40.486+0000] {processor.py:830} INFO - Processing file /home/airflow/.local/lib/python3.12/site-packages/airflow/example_dags/example_sensors.py for tasks to queue
[2024-05-10T07:36:40.487+0000] {logging_mixin.py:188} INFO - [2024-05-10T07:36:40.487+0000] {dagbag.py:540} INFO - Filling up the DagBag from /home/airflow/.local/lib/python3.12/site-packages/airflow/example_dags/example_sensors.py
[2024-05-10T07:36:40.496+0000] {processor.py:840} INFO - DAG(s) 'example_sensors' retrieved from /home/airflow/.local/lib/python3.12/site-packages/airflow/example_dags/example_sensors.py
[2024-05-10T07:36:40.518+0000] {logging_mixin.py:188} INFO - [2024-05-10T07:36:40.518+0000] {dag.py:3096} INFO - Sync 1 DAGs
[2024-05-10T07:36:40.529+0000] {logging_mixin.py:188} INFO - [2024-05-10T07:36:40.529+0000] {dag.py:3954} INFO - Setting next_dagrun for example_sensors to None, run_after=None
[2024-05-10T07:36:40.552+0000] {processor.py:183} INFO - Processing /home/airflow/.local/lib/python3.12/site-packages/airflow/example_dags/example_sensors.py took 0.072 seconds
[2024-05-10T07:37:10.615+0000] {processor.py:161} INFO - Started process (PID=1750) to work on /home/airflow/.local/lib/python3.12/site-packages/airflow/example_dags/example_sensors.py
[2024-05-10T07:37:10.615+0000] {processor.py:830} INFO - Processing file /home/airflow/.local/lib/python3.12/site-packages/airflow/example_dags/example_sensors.py for tasks to queue
[2024-05-10T07:37:10.617+0000] {logging_mixin.py:188} INFO - [2024-05-10T07:37:10.616+0000] {dagbag.py:540} INFO - Filling up the DagBag from /home/airflow/.local/lib/python3.12/site-packages/airflow/example_dags/example_sensors.py
[2024-05-10T07:37:10.624+0000] {processor.py:840} INFO - DAG(s) 'example_sensors' retrieved from /home/airflow/.local/lib/python3.12/site-packages/airflow/example_dags/example_sensors.py
[2024-05-10T07:37:10.648+0000] {logging_mixin.py:188} INFO - [2024-05-10T07:37:10.648+0000] {dag.py:3096} INFO - Sync 1 DAGs
[2024-05-10T07:37:10.661+0000] {logging_mixin.py:188} INFO - [2024-05-10T07:37:10.661+0000] {dag.py:3954} INFO - Setting next_dagrun for example_sensors to None, run_after=None
[2024-05-10T07:37:10.702+0000] {processor.py:183} INFO - Processing /home/airflow/.local/lib/python3.12/site-packages/airflow/example_dags/example_sensors.py took 0.093 seconds
[2024-05-10T07:37:40.762+0000] {processor.py:161} INFO - Started process (PID=1809) to work on /home/airflow/.local/lib/python3.12/site-packages/airflow/example_dags/example_sensors.py
[2024-05-10T07:37:40.763+0000] {processor.py:830} INFO - Processing file /home/airflow/.local/lib/python3.12/site-packages/airflow/example_dags/example_sensors.py for tasks to queue
[2024-05-10T07:37:40.764+0000] {logging_mixin.py:188} INFO - [2024-05-10T07:37:40.764+0000] {dagbag.py:540} INFO - Filling up the DagBag from /home/airflow/.local/lib/python3.12/site-packages/airflow/example_dags/example_sensors.py
[2024-05-10T07:37:40.771+0000] {processor.py:840} INFO - DAG(s) 'example_sensors' retrieved from /home/airflow/.local/lib/python3.12/site-packages/airflow/example_dags/example_sensors.py
[2024-05-10T07:37:40.791+0000] {logging_mixin.py:188} INFO - [2024-05-10T07:37:40.791+0000] {dag.py:3096} INFO - Sync 1 DAGs
[2024-05-10T07:37:40.801+0000] {logging_mixin.py:188} INFO - [2024-05-10T07:37:40.801+0000] {dag.py:3954} INFO - Setting next_dagrun for example_sensors to None, run_after=None
[2024-05-10T07:37:40.832+0000] {processor.py:183} INFO - Processing /home/airflow/.local/lib/python3.12/site-packages/airflow/example_dags/example_sensors.py took 0.074 seconds
[2024-05-10T07:38:11.462+0000] {processor.py:161} INFO - Started process (PID=1868) to work on /home/airflow/.local/lib/python3.12/site-packages/airflow/example_dags/example_sensors.py
[2024-05-10T07:38:11.463+0000] {processor.py:830} INFO - Processing file /home/airflow/.local/lib/python3.12/site-packages/airflow/example_dags/example_sensors.py for tasks to queue
[2024-05-10T07:38:11.464+0000] {logging_mixin.py:188} INFO - [2024-05-10T07:38:11.464+0000] {dagbag.py:540} INFO - Filling up the DagBag from /home/airflow/.local/lib/python3.12/site-packages/airflow/example_dags/example_sensors.py
[2024-05-10T07:38:11.472+0000] {processor.py:840} INFO - DAG(s) 'example_sensors' retrieved from /home/airflow/.local/lib/python3.12/site-packages/airflow/example_dags/example_sensors.py
[2024-05-10T07:38:11.493+0000] {logging_mixin.py:188} INFO - [2024-05-10T07:38:11.493+0000] {dag.py:3096} INFO - Sync 1 DAGs
[2024-05-10T07:38:11.504+0000] {logging_mixin.py:188} INFO - [2024-05-10T07:38:11.504+0000] {dag.py:3954} INFO - Setting next_dagrun for example_sensors to None, run_after=None
[2024-05-10T07:38:11.531+0000] {processor.py:183} INFO - Processing /home/airflow/.local/lib/python3.12/site-packages/airflow/example_dags/example_sensors.py took 0.074 seconds
[2024-05-10T07:38:42.151+0000] {processor.py:161} INFO - Started process (PID=1926) to work on /home/airflow/.local/lib/python3.12/site-packages/airflow/example_dags/example_sensors.py
[2024-05-10T07:38:42.152+0000] {processor.py:830} INFO - Processing file /home/airflow/.local/lib/python3.12/site-packages/airflow/example_dags/example_sensors.py for tasks to queue
[2024-05-10T07:38:42.153+0000] {logging_mixin.py:188} INFO - [2024-05-10T07:38:42.153+0000] {dagbag.py:540} INFO - Filling up the DagBag from /home/airflow/.local/lib/python3.12/site-packages/airflow/example_dags/example_sensors.py
[2024-05-10T07:38:42.161+0000] {processor.py:840} INFO - DAG(s) 'example_sensors' retrieved from /home/airflow/.local/lib/python3.12/site-packages/airflow/example_dags/example_sensors.py
[2024-05-10T07:38:42.182+0000] {logging_mixin.py:188} INFO - [2024-05-10T07:38:42.182+0000] {dag.py:3096} INFO - Sync 1 DAGs
[2024-05-10T07:38:42.193+0000] {logging_mixin.py:188} INFO - [2024-05-10T07:38:42.193+0000] {dag.py:3954} INFO - Setting next_dagrun for example_sensors to None, run_after=None
[2024-05-10T07:38:42.220+0000] {processor.py:183} INFO - Processing /home/airflow/.local/lib/python3.12/site-packages/airflow/example_dags/example_sensors.py took 0.073 seconds
[2024-05-10T07:39:12.927+0000] {processor.py:161} INFO - Started process (PID=1985) to work on /home/airflow/.local/lib/python3.12/site-packages/airflow/example_dags/example_sensors.py
[2024-05-10T07:39:12.928+0000] {processor.py:830} INFO - Processing file /home/airflow/.local/lib/python3.12/site-packages/airflow/example_dags/example_sensors.py for tasks to queue
[2024-05-10T07:39:12.929+0000] {logging_mixin.py:188} INFO - [2024-05-10T07:39:12.929+0000] {dagbag.py:540} INFO - Filling up the DagBag from /home/airflow/.local/lib/python3.12/site-packages/airflow/example_dags/example_sensors.py
[2024-05-10T07:39:12.937+0000] {processor.py:840} INFO - DAG(s) 'example_sensors' retrieved from /home/airflow/.local/lib/python3.12/site-packages/airflow/example_dags/example_sensors.py
[2024-05-10T07:39:12.959+0000] {logging_mixin.py:188} INFO - [2024-05-10T07:39:12.959+0000] {dag.py:3096} INFO - Sync 1 DAGs
[2024-05-10T07:39:12.970+0000] {logging_mixin.py:188} INFO - [2024-05-10T07:39:12.969+0000] {dag.py:3954} INFO - Setting next_dagrun for example_sensors to None, run_after=None
[2024-05-10T07:39:12.986+0000] {processor.py:183} INFO - Processing /home/airflow/.local/lib/python3.12/site-packages/airflow/example_dags/example_sensors.py took 0.064 seconds
[2024-05-10T07:39:43.333+0000] {processor.py:161} INFO - Started process (PID=2043) to work on /home/airflow/.local/lib/python3.12/site-packages/airflow/example_dags/example_sensors.py
[2024-05-10T07:39:43.334+0000] {processor.py:830} INFO - Processing file /home/airflow/.local/lib/python3.12/site-packages/airflow/example_dags/example_sensors.py for tasks to queue
[2024-05-10T07:39:43.335+0000] {logging_mixin.py:188} INFO - [2024-05-10T07:39:43.335+0000] {dagbag.py:540} INFO - Filling up the DagBag from /home/airflow/.local/lib/python3.12/site-packages/airflow/example_dags/example_sensors.py
[2024-05-10T07:39:43.343+0000] {processor.py:840} INFO - DAG(s) 'example_sensors' retrieved from /home/airflow/.local/lib/python3.12/site-packages/airflow/example_dags/example_sensors.py
[2024-05-10T07:39:43.364+0000] {logging_mixin.py:188} INFO - [2024-05-10T07:39:43.363+0000] {dag.py:3096} INFO - Sync 1 DAGs
[2024-05-10T07:39:43.375+0000] {logging_mixin.py:188} INFO - [2024-05-10T07:39:43.375+0000] {dag.py:3954} INFO - Setting next_dagrun for example_sensors to None, run_after=None
[2024-05-10T07:39:43.396+0000] {processor.py:183} INFO - Processing /home/airflow/.local/lib/python3.12/site-packages/airflow/example_dags/example_sensors.py took 0.068 seconds
[2024-05-10T07:40:14.261+0000] {processor.py:161} INFO - Started process (PID=2102) to work on /home/airflow/.local/lib/python3.12/site-packages/airflow/example_dags/example_sensors.py
[2024-05-10T07:40:14.262+0000] {processor.py:830} INFO - Processing file /home/airflow/.local/lib/python3.12/site-packages/airflow/example_dags/example_sensors.py for tasks to queue
[2024-05-10T07:40:14.263+0000] {logging_mixin.py:188} INFO - [2024-05-10T07:40:14.263+0000] {dagbag.py:540} INFO - Filling up the DagBag from /home/airflow/.local/lib/python3.12/site-packages/airflow/example_dags/example_sensors.py
[2024-05-10T07:40:14.270+0000] {processor.py:840} INFO - DAG(s) 'example_sensors' retrieved from /home/airflow/.local/lib/python3.12/site-packages/airflow/example_dags/example_sensors.py
[2024-05-10T07:40:14.292+0000] {logging_mixin.py:188} INFO - [2024-05-10T07:40:14.292+0000] {dag.py:3096} INFO - Sync 1 DAGs
[2024-05-10T07:40:14.302+0000] {logging_mixin.py:188} INFO - [2024-05-10T07:40:14.302+0000] {dag.py:3954} INFO - Setting next_dagrun for example_sensors to None, run_after=None
[2024-05-10T07:40:14.330+0000] {processor.py:183} INFO - Processing /home/airflow/.local/lib/python3.12/site-packages/airflow/example_dags/example_sensors.py took 0.073 seconds
[2024-05-10T07:40:44.927+0000] {processor.py:161} INFO - Started process (PID=2161) to work on /home/airflow/.local/lib/python3.12/site-packages/airflow/example_dags/example_sensors.py
[2024-05-10T07:40:44.928+0000] {processor.py:830} INFO - Processing file /home/airflow/.local/lib/python3.12/site-packages/airflow/example_dags/example_sensors.py for tasks to queue
[2024-05-10T07:40:44.929+0000] {logging_mixin.py:188} INFO - [2024-05-10T07:40:44.929+0000] {dagbag.py:540} INFO - Filling up the DagBag from /home/airflow/.local/lib/python3.12/site-packages/airflow/example_dags/example_sensors.py
[2024-05-10T07:40:44.936+0000] {processor.py:840} INFO - DAG(s) 'example_sensors' retrieved from /home/airflow/.local/lib/python3.12/site-packages/airflow/example_dags/example_sensors.py
[2024-05-10T07:40:44.957+0000] {logging_mixin.py:188} INFO - [2024-05-10T07:40:44.957+0000] {dag.py:3096} INFO - Sync 1 DAGs
[2024-05-10T07:40:44.968+0000] {logging_mixin.py:188} INFO - [2024-05-10T07:40:44.968+0000] {dag.py:3954} INFO - Setting next_dagrun for example_sensors to None, run_after=None
[2024-05-10T07:40:44.985+0000] {processor.py:183} INFO - Processing /home/airflow/.local/lib/python3.12/site-packages/airflow/example_dags/example_sensors.py took 0.063 seconds
[2024-05-10T07:41:15.527+0000] {processor.py:161} INFO - Started process (PID=2220) to work on /home/airflow/.local/lib/python3.12/site-packages/airflow/example_dags/example_sensors.py
[2024-05-10T07:41:15.528+0000] {processor.py:830} INFO - Processing file /home/airflow/.local/lib/python3.12/site-packages/airflow/example_dags/example_sensors.py for tasks to queue
[2024-05-10T07:41:15.529+0000] {logging_mixin.py:188} INFO - [2024-05-10T07:41:15.529+0000] {dagbag.py:540} INFO - Filling up the DagBag from /home/airflow/.local/lib/python3.12/site-packages/airflow/example_dags/example_sensors.py
[2024-05-10T07:41:15.538+0000] {processor.py:840} INFO - DAG(s) 'example_sensors' retrieved from /home/airflow/.local/lib/python3.12/site-packages/airflow/example_dags/example_sensors.py
[2024-05-10T07:41:15.566+0000] {logging_mixin.py:188} INFO - [2024-05-10T07:41:15.566+0000] {dag.py:3096} INFO - Sync 1 DAGs
[2024-05-10T07:41:15.576+0000] {logging_mixin.py:188} INFO - [2024-05-10T07:41:15.576+0000] {dag.py:3954} INFO - Setting next_dagrun for example_sensors to None, run_after=None
[2024-05-10T07:41:15.624+0000] {processor.py:183} INFO - Processing /home/airflow/.local/lib/python3.12/site-packages/airflow/example_dags/example_sensors.py took 0.103 seconds
[2024-05-10T07:41:45.818+0000] {processor.py:161} INFO - Started process (PID=2279) to work on /home/airflow/.local/lib/python3.12/site-packages/airflow/example_dags/example_sensors.py
[2024-05-10T07:41:45.819+0000] {processor.py:830} INFO - Processing file /home/airflow/.local/lib/python3.12/site-packages/airflow/example_dags/example_sensors.py for tasks to queue
[2024-05-10T07:41:45.820+0000] {logging_mixin.py:188} INFO - [2024-05-10T07:41:45.820+0000] {dagbag.py:540} INFO - Filling up the DagBag from /home/airflow/.local/lib/python3.12/site-packages/airflow/example_dags/example_sensors.py
[2024-05-10T07:41:45.828+0000] {processor.py:840} INFO - DAG(s) 'example_sensors' retrieved from /home/airflow/.local/lib/python3.12/site-packages/airflow/example_dags/example_sensors.py
[2024-05-10T07:41:45.849+0000] {logging_mixin.py:188} INFO - [2024-05-10T07:41:45.849+0000] {dag.py:3096} INFO - Sync 1 DAGs
[2024-05-10T07:41:45.873+0000] {logging_mixin.py:188} INFO - [2024-05-10T07:41:45.873+0000] {dag.py:3954} INFO - Setting next_dagrun for example_sensors to None, run_after=None
[2024-05-10T07:41:45.897+0000] {processor.py:183} INFO - Processing /home/airflow/.local/lib/python3.12/site-packages/airflow/example_dags/example_sensors.py took 0.083 seconds
[2024-05-10T07:42:16.115+0000] {processor.py:161} INFO - Started process (PID=2337) to work on /home/airflow/.local/lib/python3.12/site-packages/airflow/example_dags/example_sensors.py
[2024-05-10T07:42:16.116+0000] {processor.py:830} INFO - Processing file /home/airflow/.local/lib/python3.12/site-packages/airflow/example_dags/example_sensors.py for tasks to queue
[2024-05-10T07:42:16.117+0000] {logging_mixin.py:188} INFO - [2024-05-10T07:42:16.117+0000] {dagbag.py:540} INFO - Filling up the DagBag from /home/airflow/.local/lib/python3.12/site-packages/airflow/example_dags/example_sensors.py
[2024-05-10T07:42:16.124+0000] {processor.py:840} INFO - DAG(s) 'example_sensors' retrieved from /home/airflow/.local/lib/python3.12/site-packages/airflow/example_dags/example_sensors.py
[2024-05-10T07:42:16.145+0000] {logging_mixin.py:188} INFO - [2024-05-10T07:42:16.145+0000] {dag.py:3096} INFO - Sync 1 DAGs
[2024-05-10T07:42:16.156+0000] {logging_mixin.py:188} INFO - [2024-05-10T07:42:16.156+0000] {dag.py:3954} INFO - Setting next_dagrun for example_sensors to None, run_after=None
[2024-05-10T07:42:16.174+0000] {processor.py:183} INFO - Processing /home/airflow/.local/lib/python3.12/site-packages/airflow/example_dags/example_sensors.py took 0.064 seconds
[2024-05-10T07:42:47.042+0000] {processor.py:161} INFO - Started process (PID=2396) to work on /home/airflow/.local/lib/python3.12/site-packages/airflow/example_dags/example_sensors.py
[2024-05-10T07:42:47.042+0000] {processor.py:830} INFO - Processing file /home/airflow/.local/lib/python3.12/site-packages/airflow/example_dags/example_sensors.py for tasks to queue
[2024-05-10T07:42:47.044+0000] {logging_mixin.py:188} INFO - [2024-05-10T07:42:47.043+0000] {dagbag.py:540} INFO - Filling up the DagBag from /home/airflow/.local/lib/python3.12/site-packages/airflow/example_dags/example_sensors.py
[2024-05-10T07:42:47.051+0000] {processor.py:840} INFO - DAG(s) 'example_sensors' retrieved from /home/airflow/.local/lib/python3.12/site-packages/airflow/example_dags/example_sensors.py
[2024-05-10T07:42:47.072+0000] {logging_mixin.py:188} INFO - [2024-05-10T07:42:47.072+0000] {dag.py:3096} INFO - Sync 1 DAGs
[2024-05-10T07:42:47.082+0000] {logging_mixin.py:188} INFO - [2024-05-10T07:42:47.082+0000] {dag.py:3954} INFO - Setting next_dagrun for example_sensors to None, run_after=None
[2024-05-10T07:42:47.107+0000] {processor.py:183} INFO - Processing /home/airflow/.local/lib/python3.12/site-packages/airflow/example_dags/example_sensors.py took 0.070 seconds
[2024-05-10T07:43:17.594+0000] {processor.py:161} INFO - Started process (PID=2455) to work on /home/airflow/.local/lib/python3.12/site-packages/airflow/example_dags/example_sensors.py
[2024-05-10T07:43:17.594+0000] {processor.py:830} INFO - Processing file /home/airflow/.local/lib/python3.12/site-packages/airflow/example_dags/example_sensors.py for tasks to queue
[2024-05-10T07:43:17.595+0000] {logging_mixin.py:188} INFO - [2024-05-10T07:43:17.595+0000] {dagbag.py:540} INFO - Filling up the DagBag from /home/airflow/.local/lib/python3.12/site-packages/airflow/example_dags/example_sensors.py
[2024-05-10T07:43:17.602+0000] {processor.py:840} INFO - DAG(s) 'example_sensors' retrieved from /home/airflow/.local/lib/python3.12/site-packages/airflow/example_dags/example_sensors.py
[2024-05-10T07:43:17.623+0000] {logging_mixin.py:188} INFO - [2024-05-10T07:43:17.623+0000] {dag.py:3096} INFO - Sync 1 DAGs
[2024-05-10T07:43:17.634+0000] {logging_mixin.py:188} INFO - [2024-05-10T07:43:17.633+0000] {dag.py:3954} INFO - Setting next_dagrun for example_sensors to None, run_after=None
[2024-05-10T07:43:17.651+0000] {processor.py:183} INFO - Processing /home/airflow/.local/lib/python3.12/site-packages/airflow/example_dags/example_sensors.py took 0.063 seconds
[2024-05-10T07:43:48.060+0000] {processor.py:161} INFO - Started process (PID=2514) to work on /home/airflow/.local/lib/python3.12/site-packages/airflow/example_dags/example_sensors.py
[2024-05-10T07:43:48.060+0000] {processor.py:830} INFO - Processing file /home/airflow/.local/lib/python3.12/site-packages/airflow/example_dags/example_sensors.py for tasks to queue
[2024-05-10T07:43:48.062+0000] {logging_mixin.py:188} INFO - [2024-05-10T07:43:48.061+0000] {dagbag.py:540} INFO - Filling up the DagBag from /home/airflow/.local/lib/python3.12/site-packages/airflow/example_dags/example_sensors.py
[2024-05-10T07:43:48.069+0000] {processor.py:840} INFO - DAG(s) 'example_sensors' retrieved from /home/airflow/.local/lib/python3.12/site-packages/airflow/example_dags/example_sensors.py
[2024-05-10T07:43:48.090+0000] {logging_mixin.py:188} INFO - [2024-05-10T07:43:48.089+0000] {dag.py:3096} INFO - Sync 1 DAGs
[2024-05-10T07:43:48.100+0000] {logging_mixin.py:188} INFO - [2024-05-10T07:43:48.099+0000] {dag.py:3954} INFO - Setting next_dagrun for example_sensors to None, run_after=None
[2024-05-10T07:43:48.176+0000] {processor.py:183} INFO - Processing /home/airflow/.local/lib/python3.12/site-packages/airflow/example_dags/example_sensors.py took 0.121 seconds
[2024-05-10T07:44:18.671+0000] {processor.py:161} INFO - Started process (PID=2573) to work on /home/airflow/.local/lib/python3.12/site-packages/airflow/example_dags/example_sensors.py
[2024-05-10T07:44:18.672+0000] {processor.py:830} INFO - Processing file /home/airflow/.local/lib/python3.12/site-packages/airflow/example_dags/example_sensors.py for tasks to queue
[2024-05-10T07:44:18.673+0000] {logging_mixin.py:188} INFO - [2024-05-10T07:44:18.673+0000] {dagbag.py:540} INFO - Filling up the DagBag from /home/airflow/.local/lib/python3.12/site-packages/airflow/example_dags/example_sensors.py
[2024-05-10T07:44:18.680+0000] {processor.py:840} INFO - DAG(s) 'example_sensors' retrieved from /home/airflow/.local/lib/python3.12/site-packages/airflow/example_dags/example_sensors.py
[2024-05-10T07:44:18.701+0000] {logging_mixin.py:188} INFO - [2024-05-10T07:44:18.700+0000] {dag.py:3096} INFO - Sync 1 DAGs
[2024-05-10T07:44:18.711+0000] {logging_mixin.py:188} INFO - [2024-05-10T07:44:18.711+0000] {dag.py:3954} INFO - Setting next_dagrun for example_sensors to None, run_after=None
[2024-05-10T07:44:18.729+0000] {processor.py:183} INFO - Processing /home/airflow/.local/lib/python3.12/site-packages/airflow/example_dags/example_sensors.py took 0.062 seconds
[2024-05-10T07:44:49.175+0000] {processor.py:161} INFO - Started process (PID=2632) to work on /home/airflow/.local/lib/python3.12/site-packages/airflow/example_dags/example_sensors.py
[2024-05-10T07:44:49.176+0000] {processor.py:830} INFO - Processing file /home/airflow/.local/lib/python3.12/site-packages/airflow/example_dags/example_sensors.py for tasks to queue
[2024-05-10T07:44:49.177+0000] {logging_mixin.py:188} INFO - [2024-05-10T07:44:49.177+0000] {dagbag.py:540} INFO - Filling up the DagBag from /home/airflow/.local/lib/python3.12/site-packages/airflow/example_dags/example_sensors.py
[2024-05-10T07:44:49.185+0000] {processor.py:840} INFO - DAG(s) 'example_sensors' retrieved from /home/airflow/.local/lib/python3.12/site-packages/airflow/example_dags/example_sensors.py
[2024-05-10T07:44:49.205+0000] {logging_mixin.py:188} INFO - [2024-05-10T07:44:49.205+0000] {dag.py:3096} INFO - Sync 1 DAGs
[2024-05-10T07:44:49.215+0000] {logging_mixin.py:188} INFO - [2024-05-10T07:44:49.214+0000] {dag.py:3954} INFO - Setting next_dagrun for example_sensors to None, run_after=None
[2024-05-10T07:44:49.239+0000] {processor.py:183} INFO - Processing /home/airflow/.local/lib/python3.12/site-packages/airflow/example_dags/example_sensors.py took 0.070 seconds
[2024-05-10T07:45:19.706+0000] {processor.py:161} INFO - Started process (PID=2692) to work on /home/airflow/.local/lib/python3.12/site-packages/airflow/example_dags/example_sensors.py
[2024-05-10T07:45:19.707+0000] {processor.py:830} INFO - Processing file /home/airflow/.local/lib/python3.12/site-packages/airflow/example_dags/example_sensors.py for tasks to queue
[2024-05-10T07:45:19.708+0000] {logging_mixin.py:188} INFO - [2024-05-10T07:45:19.708+0000] {dagbag.py:540} INFO - Filling up the DagBag from /home/airflow/.local/lib/python3.12/site-packages/airflow/example_dags/example_sensors.py
[2024-05-10T07:45:19.717+0000] {processor.py:840} INFO - DAG(s) 'example_sensors' retrieved from /home/airflow/.local/lib/python3.12/site-packages/airflow/example_dags/example_sensors.py
[2024-05-10T07:45:19.742+0000] {logging_mixin.py:188} INFO - [2024-05-10T07:45:19.742+0000] {dag.py:3096} INFO - Sync 1 DAGs
[2024-05-10T07:45:19.756+0000] {logging_mixin.py:188} INFO - [2024-05-10T07:45:19.755+0000] {dag.py:3954} INFO - Setting next_dagrun for example_sensors to None, run_after=None
[2024-05-10T07:45:19.775+0000] {processor.py:183} INFO - Processing /home/airflow/.local/lib/python3.12/site-packages/airflow/example_dags/example_sensors.py took 0.075 seconds
[2024-05-10T07:45:50.517+0000] {processor.py:161} INFO - Started process (PID=2751) to work on /home/airflow/.local/lib/python3.12/site-packages/airflow/example_dags/example_sensors.py
[2024-05-10T07:45:50.518+0000] {processor.py:830} INFO - Processing file /home/airflow/.local/lib/python3.12/site-packages/airflow/example_dags/example_sensors.py for tasks to queue
[2024-05-10T07:45:50.519+0000] {logging_mixin.py:188} INFO - [2024-05-10T07:45:50.519+0000] {dagbag.py:540} INFO - Filling up the DagBag from /home/airflow/.local/lib/python3.12/site-packages/airflow/example_dags/example_sensors.py
[2024-05-10T07:45:50.526+0000] {processor.py:840} INFO - DAG(s) 'example_sensors' retrieved from /home/airflow/.local/lib/python3.12/site-packages/airflow/example_dags/example_sensors.py
[2024-05-10T07:45:50.547+0000] {logging_mixin.py:188} INFO - [2024-05-10T07:45:50.547+0000] {dag.py:3096} INFO - Sync 1 DAGs
[2024-05-10T07:45:50.558+0000] {logging_mixin.py:188} INFO - [2024-05-10T07:45:50.558+0000] {dag.py:3954} INFO - Setting next_dagrun for example_sensors to None, run_after=None
[2024-05-10T07:45:50.585+0000] {processor.py:183} INFO - Processing /home/airflow/.local/lib/python3.12/site-packages/airflow/example_dags/example_sensors.py took 0.073 seconds
[2024-05-10T07:46:21.156+0000] {processor.py:161} INFO - Started process (PID=2809) to work on /home/airflow/.local/lib/python3.12/site-packages/airflow/example_dags/example_sensors.py
[2024-05-10T07:46:21.158+0000] {processor.py:830} INFO - Processing file /home/airflow/.local/lib/python3.12/site-packages/airflow/example_dags/example_sensors.py for tasks to queue
[2024-05-10T07:46:21.158+0000] {logging_mixin.py:188} INFO - [2024-05-10T07:46:21.158+0000] {dagbag.py:540} INFO - Filling up the DagBag from /home/airflow/.local/lib/python3.12/site-packages/airflow/example_dags/example_sensors.py
[2024-05-10T07:46:21.173+0000] {processor.py:840} INFO - DAG(s) 'example_sensors' retrieved from /home/airflow/.local/lib/python3.12/site-packages/airflow/example_dags/example_sensors.py
[2024-05-10T07:46:21.205+0000] {logging_mixin.py:188} INFO - [2024-05-10T07:46:21.205+0000] {dag.py:3096} INFO - Sync 1 DAGs
[2024-05-10T07:46:21.223+0000] {logging_mixin.py:188} INFO - [2024-05-10T07:46:21.223+0000] {dag.py:3954} INFO - Setting next_dagrun for example_sensors to None, run_after=None
[2024-05-10T07:46:21.255+0000] {processor.py:183} INFO - Processing /home/airflow/.local/lib/python3.12/site-packages/airflow/example_dags/example_sensors.py took 0.105 seconds
[2024-05-10T07:46:51.618+0000] {processor.py:161} INFO - Started process (PID=2866) to work on /home/airflow/.local/lib/python3.12/site-packages/airflow/example_dags/example_sensors.py
[2024-05-10T07:46:51.619+0000] {processor.py:830} INFO - Processing file /home/airflow/.local/lib/python3.12/site-packages/airflow/example_dags/example_sensors.py for tasks to queue
[2024-05-10T07:46:51.620+0000] {logging_mixin.py:188} INFO - [2024-05-10T07:46:51.620+0000] {dagbag.py:540} INFO - Filling up the DagBag from /home/airflow/.local/lib/python3.12/site-packages/airflow/example_dags/example_sensors.py
[2024-05-10T07:46:51.636+0000] {processor.py:840} INFO - DAG(s) 'example_sensors' retrieved from /home/airflow/.local/lib/python3.12/site-packages/airflow/example_dags/example_sensors.py
[2024-05-10T07:46:51.678+0000] {logging_mixin.py:188} INFO - [2024-05-10T07:46:51.678+0000] {dag.py:3096} INFO - Sync 1 DAGs
[2024-05-10T07:46:51.688+0000] {logging_mixin.py:188} INFO - [2024-05-10T07:46:51.688+0000] {dag.py:3954} INFO - Setting next_dagrun for example_sensors to None, run_after=None
[2024-05-10T07:46:51.720+0000] {processor.py:183} INFO - Processing /home/airflow/.local/lib/python3.12/site-packages/airflow/example_dags/example_sensors.py took 0.106 seconds
[2024-05-10T07:47:21.999+0000] {processor.py:161} INFO - Started process (PID=2924) to work on /home/airflow/.local/lib/python3.12/site-packages/airflow/example_dags/example_sensors.py
[2024-05-10T07:47:21.999+0000] {processor.py:830} INFO - Processing file /home/airflow/.local/lib/python3.12/site-packages/airflow/example_dags/example_sensors.py for tasks to queue
[2024-05-10T07:47:22.000+0000] {logging_mixin.py:188} INFO - [2024-05-10T07:47:22.000+0000] {dagbag.py:540} INFO - Filling up the DagBag from /home/airflow/.local/lib/python3.12/site-packages/airflow/example_dags/example_sensors.py
[2024-05-10T07:47:22.008+0000] {processor.py:840} INFO - DAG(s) 'example_sensors' retrieved from /home/airflow/.local/lib/python3.12/site-packages/airflow/example_dags/example_sensors.py
[2024-05-10T07:47:22.029+0000] {logging_mixin.py:188} INFO - [2024-05-10T07:47:22.028+0000] {dag.py:3096} INFO - Sync 1 DAGs
[2024-05-10T07:47:22.039+0000] {logging_mixin.py:188} INFO - [2024-05-10T07:47:22.039+0000] {dag.py:3954} INFO - Setting next_dagrun for example_sensors to None, run_after=None
[2024-05-10T07:47:22.111+0000] {processor.py:183} INFO - Processing /home/airflow/.local/lib/python3.12/site-packages/airflow/example_dags/example_sensors.py took 0.117 seconds
[2024-05-10T07:47:52.269+0000] {processor.py:161} INFO - Started process (PID=2982) to work on /home/airflow/.local/lib/python3.12/site-packages/airflow/example_dags/example_sensors.py
[2024-05-10T07:47:52.270+0000] {processor.py:830} INFO - Processing file /home/airflow/.local/lib/python3.12/site-packages/airflow/example_dags/example_sensors.py for tasks to queue
[2024-05-10T07:47:52.271+0000] {logging_mixin.py:188} INFO - [2024-05-10T07:47:52.270+0000] {dagbag.py:540} INFO - Filling up the DagBag from /home/airflow/.local/lib/python3.12/site-packages/airflow/example_dags/example_sensors.py
[2024-05-10T07:47:52.278+0000] {processor.py:840} INFO - DAG(s) 'example_sensors' retrieved from /home/airflow/.local/lib/python3.12/site-packages/airflow/example_dags/example_sensors.py
[2024-05-10T07:47:52.300+0000] {logging_mixin.py:188} INFO - [2024-05-10T07:47:52.300+0000] {dag.py:3096} INFO - Sync 1 DAGs
[2024-05-10T07:47:52.312+0000] {logging_mixin.py:188} INFO - [2024-05-10T07:47:52.312+0000] {dag.py:3954} INFO - Setting next_dagrun for example_sensors to None, run_after=None
[2024-05-10T07:47:52.356+0000] {processor.py:183} INFO - Processing /home/airflow/.local/lib/python3.12/site-packages/airflow/example_dags/example_sensors.py took 0.093 seconds
[2024-05-10T07:48:23.277+0000] {processor.py:161} INFO - Started process (PID=3040) to work on /home/airflow/.local/lib/python3.12/site-packages/airflow/example_dags/example_sensors.py
[2024-05-10T07:48:23.278+0000] {processor.py:830} INFO - Processing file /home/airflow/.local/lib/python3.12/site-packages/airflow/example_dags/example_sensors.py for tasks to queue
[2024-05-10T07:48:23.279+0000] {logging_mixin.py:188} INFO - [2024-05-10T07:48:23.278+0000] {dagbag.py:540} INFO - Filling up the DagBag from /home/airflow/.local/lib/python3.12/site-packages/airflow/example_dags/example_sensors.py
[2024-05-10T07:48:23.287+0000] {processor.py:840} INFO - DAG(s) 'example_sensors' retrieved from /home/airflow/.local/lib/python3.12/site-packages/airflow/example_dags/example_sensors.py
[2024-05-10T07:48:23.308+0000] {logging_mixin.py:188} INFO - [2024-05-10T07:48:23.308+0000] {dag.py:3096} INFO - Sync 1 DAGs
[2024-05-10T07:48:23.318+0000] {logging_mixin.py:188} INFO - [2024-05-10T07:48:23.318+0000] {dag.py:3954} INFO - Setting next_dagrun for example_sensors to None, run_after=None
[2024-05-10T07:48:23.343+0000] {processor.py:183} INFO - Processing /home/airflow/.local/lib/python3.12/site-packages/airflow/example_dags/example_sensors.py took 0.071 seconds
[2024-05-10T07:48:53.398+0000] {processor.py:161} INFO - Started process (PID=3098) to work on /home/airflow/.local/lib/python3.12/site-packages/airflow/example_dags/example_sensors.py
[2024-05-10T07:48:53.399+0000] {processor.py:830} INFO - Processing file /home/airflow/.local/lib/python3.12/site-packages/airflow/example_dags/example_sensors.py for tasks to queue
[2024-05-10T07:48:53.399+0000] {logging_mixin.py:188} INFO - [2024-05-10T07:48:53.399+0000] {dagbag.py:540} INFO - Filling up the DagBag from /home/airflow/.local/lib/python3.12/site-packages/airflow/example_dags/example_sensors.py
[2024-05-10T07:48:53.407+0000] {processor.py:840} INFO - DAG(s) 'example_sensors' retrieved from /home/airflow/.local/lib/python3.12/site-packages/airflow/example_dags/example_sensors.py
[2024-05-10T07:48:53.428+0000] {logging_mixin.py:188} INFO - [2024-05-10T07:48:53.428+0000] {dag.py:3096} INFO - Sync 1 DAGs
[2024-05-10T07:48:53.448+0000] {logging_mixin.py:188} INFO - [2024-05-10T07:48:53.448+0000] {dag.py:3954} INFO - Setting next_dagrun for example_sensors to None, run_after=None
[2024-05-10T07:48:53.481+0000] {processor.py:183} INFO - Processing /home/airflow/.local/lib/python3.12/site-packages/airflow/example_dags/example_sensors.py took 0.088 seconds
[2024-05-10T07:49:23.684+0000] {processor.py:161} INFO - Started process (PID=3156) to work on /home/airflow/.local/lib/python3.12/site-packages/airflow/example_dags/example_sensors.py
[2024-05-10T07:49:23.685+0000] {processor.py:830} INFO - Processing file /home/airflow/.local/lib/python3.12/site-packages/airflow/example_dags/example_sensors.py for tasks to queue
[2024-05-10T07:49:23.686+0000] {logging_mixin.py:188} INFO - [2024-05-10T07:49:23.686+0000] {dagbag.py:540} INFO - Filling up the DagBag from /home/airflow/.local/lib/python3.12/site-packages/airflow/example_dags/example_sensors.py
[2024-05-10T07:49:23.698+0000] {processor.py:840} INFO - DAG(s) 'example_sensors' retrieved from /home/airflow/.local/lib/python3.12/site-packages/airflow/example_dags/example_sensors.py
[2024-05-10T07:49:23.727+0000] {logging_mixin.py:188} INFO - [2024-05-10T07:49:23.727+0000] {dag.py:3096} INFO - Sync 1 DAGs
[2024-05-10T07:49:23.738+0000] {logging_mixin.py:188} INFO - [2024-05-10T07:49:23.738+0000] {dag.py:3954} INFO - Setting next_dagrun for example_sensors to None, run_after=None
[2024-05-10T07:49:23.774+0000] {processor.py:183} INFO - Processing /home/airflow/.local/lib/python3.12/site-packages/airflow/example_dags/example_sensors.py took 0.100 seconds
[2024-05-10T07:49:53.910+0000] {processor.py:161} INFO - Started process (PID=3214) to work on /home/airflow/.local/lib/python3.12/site-packages/airflow/example_dags/example_sensors.py
[2024-05-10T07:49:53.910+0000] {processor.py:830} INFO - Processing file /home/airflow/.local/lib/python3.12/site-packages/airflow/example_dags/example_sensors.py for tasks to queue
[2024-05-10T07:49:53.911+0000] {logging_mixin.py:188} INFO - [2024-05-10T07:49:53.911+0000] {dagbag.py:540} INFO - Filling up the DagBag from /home/airflow/.local/lib/python3.12/site-packages/airflow/example_dags/example_sensors.py
[2024-05-10T07:49:53.919+0000] {processor.py:840} INFO - DAG(s) 'example_sensors' retrieved from /home/airflow/.local/lib/python3.12/site-packages/airflow/example_dags/example_sensors.py
[2024-05-10T07:49:53.945+0000] {logging_mixin.py:188} INFO - [2024-05-10T07:49:53.945+0000] {dag.py:3096} INFO - Sync 1 DAGs
[2024-05-10T07:49:53.958+0000] {logging_mixin.py:188} INFO - [2024-05-10T07:49:53.957+0000] {dag.py:3954} INFO - Setting next_dagrun for example_sensors to None, run_after=None
[2024-05-10T07:49:53.981+0000] {processor.py:183} INFO - Processing /home/airflow/.local/lib/python3.12/site-packages/airflow/example_dags/example_sensors.py took 0.077 seconds
[2024-05-10T07:50:24.829+0000] {processor.py:161} INFO - Started process (PID=3272) to work on /home/airflow/.local/lib/python3.12/site-packages/airflow/example_dags/example_sensors.py
[2024-05-10T07:50:24.830+0000] {processor.py:830} INFO - Processing file /home/airflow/.local/lib/python3.12/site-packages/airflow/example_dags/example_sensors.py for tasks to queue
[2024-05-10T07:50:24.831+0000] {logging_mixin.py:188} INFO - [2024-05-10T07:50:24.831+0000] {dagbag.py:540} INFO - Filling up the DagBag from /home/airflow/.local/lib/python3.12/site-packages/airflow/example_dags/example_sensors.py
[2024-05-10T07:50:24.839+0000] {processor.py:840} INFO - DAG(s) 'example_sensors' retrieved from /home/airflow/.local/lib/python3.12/site-packages/airflow/example_dags/example_sensors.py
[2024-05-10T07:50:24.866+0000] {logging_mixin.py:188} INFO - [2024-05-10T07:50:24.865+0000] {dag.py:3096} INFO - Sync 1 DAGs
[2024-05-10T07:50:24.879+0000] {logging_mixin.py:188} INFO - [2024-05-10T07:50:24.879+0000] {dag.py:3954} INFO - Setting next_dagrun for example_sensors to None, run_after=None
[2024-05-10T07:50:24.921+0000] {processor.py:183} INFO - Processing /home/airflow/.local/lib/python3.12/site-packages/airflow/example_dags/example_sensors.py took 0.097 seconds
[2024-05-10T07:50:55.017+0000] {processor.py:161} INFO - Started process (PID=3330) to work on /home/airflow/.local/lib/python3.12/site-packages/airflow/example_dags/example_sensors.py
[2024-05-10T07:50:55.018+0000] {processor.py:830} INFO - Processing file /home/airflow/.local/lib/python3.12/site-packages/airflow/example_dags/example_sensors.py for tasks to queue
[2024-05-10T07:50:55.019+0000] {logging_mixin.py:188} INFO - [2024-05-10T07:50:55.019+0000] {dagbag.py:540} INFO - Filling up the DagBag from /home/airflow/.local/lib/python3.12/site-packages/airflow/example_dags/example_sensors.py
[2024-05-10T07:50:55.029+0000] {processor.py:840} INFO - DAG(s) 'example_sensors' retrieved from /home/airflow/.local/lib/python3.12/site-packages/airflow/example_dags/example_sensors.py
[2024-05-10T07:50:55.061+0000] {logging_mixin.py:188} INFO - [2024-05-10T07:50:55.061+0000] {dag.py:3096} INFO - Sync 1 DAGs
[2024-05-10T07:50:55.072+0000] {logging_mixin.py:188} INFO - [2024-05-10T07:50:55.072+0000] {dag.py:3954} INFO - Setting next_dagrun for example_sensors to None, run_after=None
[2024-05-10T07:50:55.093+0000] {processor.py:183} INFO - Processing /home/airflow/.local/lib/python3.12/site-packages/airflow/example_dags/example_sensors.py took 0.083 seconds
[2024-05-10T07:51:26.198+0000] {processor.py:161} INFO - Started process (PID=3387) to work on /home/airflow/.local/lib/python3.12/site-packages/airflow/example_dags/example_sensors.py
[2024-05-10T07:51:26.199+0000] {processor.py:830} INFO - Processing file /home/airflow/.local/lib/python3.12/site-packages/airflow/example_dags/example_sensors.py for tasks to queue
[2024-05-10T07:51:26.199+0000] {logging_mixin.py:188} INFO - [2024-05-10T07:51:26.199+0000] {dagbag.py:540} INFO - Filling up the DagBag from /home/airflow/.local/lib/python3.12/site-packages/airflow/example_dags/example_sensors.py
[2024-05-10T07:51:26.207+0000] {processor.py:840} INFO - DAG(s) 'example_sensors' retrieved from /home/airflow/.local/lib/python3.12/site-packages/airflow/example_dags/example_sensors.py
[2024-05-10T07:51:26.232+0000] {logging_mixin.py:188} INFO - [2024-05-10T07:51:26.232+0000] {dag.py:3096} INFO - Sync 1 DAGs
[2024-05-10T07:51:26.243+0000] {logging_mixin.py:188} INFO - [2024-05-10T07:51:26.243+0000] {dag.py:3954} INFO - Setting next_dagrun for example_sensors to None, run_after=None
[2024-05-10T07:51:26.273+0000] {processor.py:183} INFO - Processing /home/airflow/.local/lib/python3.12/site-packages/airflow/example_dags/example_sensors.py took 0.081 seconds
[2024-05-10T07:51:56.377+0000] {processor.py:161} INFO - Started process (PID=3445) to work on /home/airflow/.local/lib/python3.12/site-packages/airflow/example_dags/example_sensors.py
[2024-05-10T07:51:56.377+0000] {processor.py:830} INFO - Processing file /home/airflow/.local/lib/python3.12/site-packages/airflow/example_dags/example_sensors.py for tasks to queue
[2024-05-10T07:51:56.378+0000] {logging_mixin.py:188} INFO - [2024-05-10T07:51:56.378+0000] {dagbag.py:540} INFO - Filling up the DagBag from /home/airflow/.local/lib/python3.12/site-packages/airflow/example_dags/example_sensors.py
[2024-05-10T07:51:56.386+0000] {processor.py:840} INFO - DAG(s) 'example_sensors' retrieved from /home/airflow/.local/lib/python3.12/site-packages/airflow/example_dags/example_sensors.py
[2024-05-10T07:51:56.407+0000] {logging_mixin.py:188} INFO - [2024-05-10T07:51:56.407+0000] {dag.py:3096} INFO - Sync 1 DAGs
[2024-05-10T07:51:56.418+0000] {logging_mixin.py:188} INFO - [2024-05-10T07:51:56.418+0000] {dag.py:3954} INFO - Setting next_dagrun for example_sensors to None, run_after=None
[2024-05-10T07:51:56.457+0000] {processor.py:183} INFO - Processing /home/airflow/.local/lib/python3.12/site-packages/airflow/example_dags/example_sensors.py took 0.085 seconds
[2024-05-10T07:52:26.526+0000] {processor.py:161} INFO - Started process (PID=3503) to work on /home/airflow/.local/lib/python3.12/site-packages/airflow/example_dags/example_sensors.py
[2024-05-10T07:52:26.527+0000] {processor.py:830} INFO - Processing file /home/airflow/.local/lib/python3.12/site-packages/airflow/example_dags/example_sensors.py for tasks to queue
[2024-05-10T07:52:26.527+0000] {logging_mixin.py:188} INFO - [2024-05-10T07:52:26.527+0000] {dagbag.py:540} INFO - Filling up the DagBag from /home/airflow/.local/lib/python3.12/site-packages/airflow/example_dags/example_sensors.py
[2024-05-10T07:52:26.535+0000] {processor.py:840} INFO - DAG(s) 'example_sensors' retrieved from /home/airflow/.local/lib/python3.12/site-packages/airflow/example_dags/example_sensors.py
[2024-05-10T07:52:26.557+0000] {logging_mixin.py:188} INFO - [2024-05-10T07:52:26.557+0000] {dag.py:3096} INFO - Sync 1 DAGs
[2024-05-10T07:52:26.568+0000] {logging_mixin.py:188} INFO - [2024-05-10T07:52:26.567+0000] {dag.py:3954} INFO - Setting next_dagrun for example_sensors to None, run_after=None
[2024-05-10T07:52:26.584+0000] {processor.py:183} INFO - Processing /home/airflow/.local/lib/python3.12/site-packages/airflow/example_dags/example_sensors.py took 0.062 seconds
[2024-05-10T07:52:56.704+0000] {processor.py:161} INFO - Started process (PID=3561) to work on /home/airflow/.local/lib/python3.12/site-packages/airflow/example_dags/example_sensors.py
[2024-05-10T07:52:56.705+0000] {processor.py:830} INFO - Processing file /home/airflow/.local/lib/python3.12/site-packages/airflow/example_dags/example_sensors.py for tasks to queue
[2024-05-10T07:52:56.705+0000] {logging_mixin.py:188} INFO - [2024-05-10T07:52:56.705+0000] {dagbag.py:540} INFO - Filling up the DagBag from /home/airflow/.local/lib/python3.12/site-packages/airflow/example_dags/example_sensors.py
[2024-05-10T07:52:56.713+0000] {processor.py:840} INFO - DAG(s) 'example_sensors' retrieved from /home/airflow/.local/lib/python3.12/site-packages/airflow/example_dags/example_sensors.py
[2024-05-10T07:52:56.735+0000] {logging_mixin.py:188} INFO - [2024-05-10T07:52:56.734+0000] {dag.py:3096} INFO - Sync 1 DAGs
[2024-05-10T07:52:56.745+0000] {logging_mixin.py:188} INFO - [2024-05-10T07:52:56.745+0000] {dag.py:3954} INFO - Setting next_dagrun for example_sensors to None, run_after=None
[2024-05-10T07:52:56.761+0000] {processor.py:183} INFO - Processing /home/airflow/.local/lib/python3.12/site-packages/airflow/example_dags/example_sensors.py took 0.062 seconds
[2024-05-10T07:53:27.440+0000] {processor.py:161} INFO - Started process (PID=3618) to work on /home/airflow/.local/lib/python3.12/site-packages/airflow/example_dags/example_sensors.py
[2024-05-10T07:53:27.441+0000] {processor.py:830} INFO - Processing file /home/airflow/.local/lib/python3.12/site-packages/airflow/example_dags/example_sensors.py for tasks to queue
[2024-05-10T07:53:27.441+0000] {logging_mixin.py:188} INFO - [2024-05-10T07:53:27.441+0000] {dagbag.py:540} INFO - Filling up the DagBag from /home/airflow/.local/lib/python3.12/site-packages/airflow/example_dags/example_sensors.py
[2024-05-10T07:53:27.452+0000] {processor.py:840} INFO - DAG(s) 'example_sensors' retrieved from /home/airflow/.local/lib/python3.12/site-packages/airflow/example_dags/example_sensors.py
[2024-05-10T07:53:27.481+0000] {logging_mixin.py:188} INFO - [2024-05-10T07:53:27.481+0000] {dag.py:3096} INFO - Sync 1 DAGs
[2024-05-10T07:53:27.496+0000] {logging_mixin.py:188} INFO - [2024-05-10T07:53:27.496+0000] {dag.py:3954} INFO - Setting next_dagrun for example_sensors to None, run_after=None
[2024-05-10T07:53:27.517+0000] {processor.py:183} INFO - Processing /home/airflow/.local/lib/python3.12/site-packages/airflow/example_dags/example_sensors.py took 0.084 seconds
[2024-05-10T07:53:57.925+0000] {processor.py:161} INFO - Started process (PID=3676) to work on /home/airflow/.local/lib/python3.12/site-packages/airflow/example_dags/example_sensors.py
[2024-05-10T07:53:57.926+0000] {processor.py:830} INFO - Processing file /home/airflow/.local/lib/python3.12/site-packages/airflow/example_dags/example_sensors.py for tasks to queue
[2024-05-10T07:53:57.927+0000] {logging_mixin.py:188} INFO - [2024-05-10T07:53:57.926+0000] {dagbag.py:540} INFO - Filling up the DagBag from /home/airflow/.local/lib/python3.12/site-packages/airflow/example_dags/example_sensors.py
[2024-05-10T07:53:57.935+0000] {processor.py:840} INFO - DAG(s) 'example_sensors' retrieved from /home/airflow/.local/lib/python3.12/site-packages/airflow/example_dags/example_sensors.py
[2024-05-10T07:53:57.958+0000] {logging_mixin.py:188} INFO - [2024-05-10T07:53:57.957+0000] {dag.py:3096} INFO - Sync 1 DAGs
[2024-05-10T07:53:57.968+0000] {logging_mixin.py:188} INFO - [2024-05-10T07:53:57.968+0000] {dag.py:3954} INFO - Setting next_dagrun for example_sensors to None, run_after=None
[2024-05-10T07:53:57.995+0000] {processor.py:183} INFO - Processing /home/airflow/.local/lib/python3.12/site-packages/airflow/example_dags/example_sensors.py took 0.074 seconds
[2024-05-10T07:54:28.415+0000] {processor.py:161} INFO - Started process (PID=3733) to work on /home/airflow/.local/lib/python3.12/site-packages/airflow/example_dags/example_sensors.py
[2024-05-10T07:54:28.415+0000] {processor.py:830} INFO - Processing file /home/airflow/.local/lib/python3.12/site-packages/airflow/example_dags/example_sensors.py for tasks to queue
[2024-05-10T07:54:28.416+0000] {logging_mixin.py:188} INFO - [2024-05-10T07:54:28.416+0000] {dagbag.py:540} INFO - Filling up the DagBag from /home/airflow/.local/lib/python3.12/site-packages/airflow/example_dags/example_sensors.py
[2024-05-10T07:54:28.424+0000] {processor.py:840} INFO - DAG(s) 'example_sensors' retrieved from /home/airflow/.local/lib/python3.12/site-packages/airflow/example_dags/example_sensors.py
[2024-05-10T07:54:28.449+0000] {logging_mixin.py:188} INFO - [2024-05-10T07:54:28.448+0000] {dag.py:3096} INFO - Sync 1 DAGs
[2024-05-10T07:54:28.459+0000] {logging_mixin.py:188} INFO - [2024-05-10T07:54:28.459+0000] {dag.py:3954} INFO - Setting next_dagrun for example_sensors to None, run_after=None
[2024-05-10T07:54:28.485+0000] {processor.py:183} INFO - Processing /home/airflow/.local/lib/python3.12/site-packages/airflow/example_dags/example_sensors.py took 0.075 seconds
[2024-05-10T07:54:59.100+0000] {processor.py:161} INFO - Started process (PID=3791) to work on /home/airflow/.local/lib/python3.12/site-packages/airflow/example_dags/example_sensors.py
[2024-05-10T07:54:59.103+0000] {processor.py:830} INFO - Processing file /home/airflow/.local/lib/python3.12/site-packages/airflow/example_dags/example_sensors.py for tasks to queue
[2024-05-10T07:54:59.103+0000] {logging_mixin.py:188} INFO - [2024-05-10T07:54:59.103+0000] {dagbag.py:540} INFO - Filling up the DagBag from /home/airflow/.local/lib/python3.12/site-packages/airflow/example_dags/example_sensors.py
[2024-05-10T07:54:59.113+0000] {processor.py:840} INFO - DAG(s) 'example_sensors' retrieved from /home/airflow/.local/lib/python3.12/site-packages/airflow/example_dags/example_sensors.py
[2024-05-10T07:54:59.145+0000] {logging_mixin.py:188} INFO - [2024-05-10T07:54:59.145+0000] {dag.py:3096} INFO - Sync 1 DAGs
[2024-05-10T07:54:59.158+0000] {logging_mixin.py:188} INFO - [2024-05-10T07:54:59.157+0000] {dag.py:3954} INFO - Setting next_dagrun for example_sensors to None, run_after=None
[2024-05-10T07:54:59.182+0000] {processor.py:183} INFO - Processing /home/airflow/.local/lib/python3.12/site-packages/airflow/example_dags/example_sensors.py took 0.089 seconds
