[2024-05-10T07:22:24.583+0000] {processor.py:161} INFO - Started process (PID=62) to work on /home/airflow/.local/lib/python3.12/site-packages/airflow/example_dags/example_trigger_target_dag.py
[2024-05-10T07:22:24.584+0000] {processor.py:830} INFO - Processing file /home/airflow/.local/lib/python3.12/site-packages/airflow/example_dags/example_trigger_target_dag.py for tasks to queue
[2024-05-10T07:22:24.585+0000] {logging_mixin.py:188} INFO - [2024-05-10T07:22:24.585+0000] {dagbag.py:540} INFO - Filling up the DagBag from /home/airflow/.local/lib/python3.12/site-packages/airflow/example_dags/example_trigger_target_dag.py
[2024-05-10T07:22:24.592+0000] {processor.py:840} INFO - DAG(s) 'example_trigger_target_dag' retrieved from /home/airflow/.local/lib/python3.12/site-packages/airflow/example_dags/example_trigger_target_dag.py
[2024-05-10T07:22:24.601+0000] {logging_mixin.py:188} INFO - [2024-05-10T07:22:24.601+0000] {dag.py:3096} INFO - Sync 1 DAGs
[2024-05-10T07:22:24.612+0000] {logging_mixin.py:188} INFO - [2024-05-10T07:22:24.612+0000] {dag.py:3954} INFO - Setting next_dagrun for example_trigger_target_dag to None, run_after=None
[2024-05-10T07:22:24.642+0000] {processor.py:183} INFO - Processing /home/airflow/.local/lib/python3.12/site-packages/airflow/example_dags/example_trigger_target_dag.py took 0.064 seconds
[2024-05-10T07:22:56.272+0000] {processor.py:161} INFO - Started process (PID=120) to work on /home/airflow/.local/lib/python3.12/site-packages/airflow/example_dags/example_trigger_target_dag.py
[2024-05-10T07:22:56.273+0000] {processor.py:830} INFO - Processing file /home/airflow/.local/lib/python3.12/site-packages/airflow/example_dags/example_trigger_target_dag.py for tasks to queue
[2024-05-10T07:22:56.274+0000] {logging_mixin.py:188} INFO - [2024-05-10T07:22:56.274+0000] {dagbag.py:540} INFO - Filling up the DagBag from /home/airflow/.local/lib/python3.12/site-packages/airflow/example_dags/example_trigger_target_dag.py
[2024-05-10T07:22:56.279+0000] {processor.py:840} INFO - DAG(s) 'example_trigger_target_dag' retrieved from /home/airflow/.local/lib/python3.12/site-packages/airflow/example_dags/example_trigger_target_dag.py
[2024-05-10T07:22:56.372+0000] {logging_mixin.py:188} INFO - [2024-05-10T07:22:56.371+0000] {dag.py:3096} INFO - Sync 1 DAGs
[2024-05-10T07:22:56.382+0000] {logging_mixin.py:188} INFO - [2024-05-10T07:22:56.382+0000] {dag.py:3954} INFO - Setting next_dagrun for example_trigger_target_dag to None, run_after=None
[2024-05-10T07:22:56.669+0000] {processor.py:183} INFO - Processing /home/airflow/.local/lib/python3.12/site-packages/airflow/example_dags/example_trigger_target_dag.py took 0.402 seconds
[2024-05-10T07:23:27.440+0000] {processor.py:161} INFO - Started process (PID=178) to work on /home/airflow/.local/lib/python3.12/site-packages/airflow/example_dags/example_trigger_target_dag.py
[2024-05-10T07:23:27.442+0000] {processor.py:830} INFO - Processing file /home/airflow/.local/lib/python3.12/site-packages/airflow/example_dags/example_trigger_target_dag.py for tasks to queue
[2024-05-10T07:23:27.443+0000] {logging_mixin.py:188} INFO - [2024-05-10T07:23:27.443+0000] {dagbag.py:540} INFO - Filling up the DagBag from /home/airflow/.local/lib/python3.12/site-packages/airflow/example_dags/example_trigger_target_dag.py
[2024-05-10T07:23:27.451+0000] {processor.py:840} INFO - DAG(s) 'example_trigger_target_dag' retrieved from /home/airflow/.local/lib/python3.12/site-packages/airflow/example_dags/example_trigger_target_dag.py
[2024-05-10T07:23:27.467+0000] {logging_mixin.py:188} INFO - [2024-05-10T07:23:27.467+0000] {dag.py:3096} INFO - Sync 1 DAGs
[2024-05-10T07:23:27.479+0000] {logging_mixin.py:188} INFO - [2024-05-10T07:23:27.478+0000] {dag.py:3954} INFO - Setting next_dagrun for example_trigger_target_dag to None, run_after=None
[2024-05-10T07:23:27.497+0000] {processor.py:183} INFO - Processing /home/airflow/.local/lib/python3.12/site-packages/airflow/example_dags/example_trigger_target_dag.py took 0.061 seconds
[2024-05-10T07:23:58.038+0000] {processor.py:161} INFO - Started process (PID=236) to work on /home/airflow/.local/lib/python3.12/site-packages/airflow/example_dags/example_trigger_target_dag.py
[2024-05-10T07:23:58.040+0000] {processor.py:830} INFO - Processing file /home/airflow/.local/lib/python3.12/site-packages/airflow/example_dags/example_trigger_target_dag.py for tasks to queue
[2024-05-10T07:23:58.042+0000] {logging_mixin.py:188} INFO - [2024-05-10T07:23:58.042+0000] {dagbag.py:540} INFO - Filling up the DagBag from /home/airflow/.local/lib/python3.12/site-packages/airflow/example_dags/example_trigger_target_dag.py
[2024-05-10T07:23:58.047+0000] {processor.py:840} INFO - DAG(s) 'example_trigger_target_dag' retrieved from /home/airflow/.local/lib/python3.12/site-packages/airflow/example_dags/example_trigger_target_dag.py
[2024-05-10T07:23:58.063+0000] {logging_mixin.py:188} INFO - [2024-05-10T07:23:58.063+0000] {dag.py:3096} INFO - Sync 1 DAGs
[2024-05-10T07:23:58.074+0000] {logging_mixin.py:188} INFO - [2024-05-10T07:23:58.074+0000] {dag.py:3954} INFO - Setting next_dagrun for example_trigger_target_dag to None, run_after=None
[2024-05-10T07:23:58.097+0000] {processor.py:183} INFO - Processing /home/airflow/.local/lib/python3.12/site-packages/airflow/example_dags/example_trigger_target_dag.py took 0.065 seconds
[2024-05-10T07:24:28.647+0000] {processor.py:161} INFO - Started process (PID=293) to work on /home/airflow/.local/lib/python3.12/site-packages/airflow/example_dags/example_trigger_target_dag.py
[2024-05-10T07:24:28.649+0000] {processor.py:830} INFO - Processing file /home/airflow/.local/lib/python3.12/site-packages/airflow/example_dags/example_trigger_target_dag.py for tasks to queue
[2024-05-10T07:24:28.651+0000] {logging_mixin.py:188} INFO - [2024-05-10T07:24:28.650+0000] {dagbag.py:540} INFO - Filling up the DagBag from /home/airflow/.local/lib/python3.12/site-packages/airflow/example_dags/example_trigger_target_dag.py
[2024-05-10T07:24:28.658+0000] {processor.py:840} INFO - DAG(s) 'example_trigger_target_dag' retrieved from /home/airflow/.local/lib/python3.12/site-packages/airflow/example_dags/example_trigger_target_dag.py
[2024-05-10T07:24:28.675+0000] {logging_mixin.py:188} INFO - [2024-05-10T07:24:28.675+0000] {dag.py:3096} INFO - Sync 1 DAGs
[2024-05-10T07:24:28.685+0000] {logging_mixin.py:188} INFO - [2024-05-10T07:24:28.685+0000] {dag.py:3954} INFO - Setting next_dagrun for example_trigger_target_dag to None, run_after=None
[2024-05-10T07:24:28.707+0000] {processor.py:183} INFO - Processing /home/airflow/.local/lib/python3.12/site-packages/airflow/example_dags/example_trigger_target_dag.py took 0.074 seconds
[2024-05-10T07:24:59.143+0000] {processor.py:161} INFO - Started process (PID=351) to work on /home/airflow/.local/lib/python3.12/site-packages/airflow/example_dags/example_trigger_target_dag.py
[2024-05-10T07:24:59.145+0000] {processor.py:830} INFO - Processing file /home/airflow/.local/lib/python3.12/site-packages/airflow/example_dags/example_trigger_target_dag.py for tasks to queue
[2024-05-10T07:24:59.146+0000] {logging_mixin.py:188} INFO - [2024-05-10T07:24:59.146+0000] {dagbag.py:540} INFO - Filling up the DagBag from /home/airflow/.local/lib/python3.12/site-packages/airflow/example_dags/example_trigger_target_dag.py
[2024-05-10T07:24:59.151+0000] {processor.py:840} INFO - DAG(s) 'example_trigger_target_dag' retrieved from /home/airflow/.local/lib/python3.12/site-packages/airflow/example_dags/example_trigger_target_dag.py
[2024-05-10T07:24:59.169+0000] {logging_mixin.py:188} INFO - [2024-05-10T07:24:59.169+0000] {dag.py:3096} INFO - Sync 1 DAGs
[2024-05-10T07:24:59.180+0000] {logging_mixin.py:188} INFO - [2024-05-10T07:24:59.180+0000] {dag.py:3954} INFO - Setting next_dagrun for example_trigger_target_dag to None, run_after=None
[2024-05-10T07:24:59.196+0000] {processor.py:183} INFO - Processing /home/airflow/.local/lib/python3.12/site-packages/airflow/example_dags/example_trigger_target_dag.py took 0.058 seconds
[2024-05-10T07:25:29.852+0000] {processor.py:161} INFO - Started process (PID=409) to work on /home/airflow/.local/lib/python3.12/site-packages/airflow/example_dags/example_trigger_target_dag.py
[2024-05-10T07:25:29.854+0000] {processor.py:830} INFO - Processing file /home/airflow/.local/lib/python3.12/site-packages/airflow/example_dags/example_trigger_target_dag.py for tasks to queue
[2024-05-10T07:25:29.856+0000] {logging_mixin.py:188} INFO - [2024-05-10T07:25:29.856+0000] {dagbag.py:540} INFO - Filling up the DagBag from /home/airflow/.local/lib/python3.12/site-packages/airflow/example_dags/example_trigger_target_dag.py
[2024-05-10T07:25:29.865+0000] {processor.py:840} INFO - DAG(s) 'example_trigger_target_dag' retrieved from /home/airflow/.local/lib/python3.12/site-packages/airflow/example_dags/example_trigger_target_dag.py
[2024-05-10T07:25:29.885+0000] {logging_mixin.py:188} INFO - [2024-05-10T07:25:29.885+0000] {dag.py:3096} INFO - Sync 1 DAGs
[2024-05-10T07:25:29.896+0000] {logging_mixin.py:188} INFO - [2024-05-10T07:25:29.896+0000] {dag.py:3954} INFO - Setting next_dagrun for example_trigger_target_dag to None, run_after=None
[2024-05-10T07:25:29.919+0000] {processor.py:183} INFO - Processing /home/airflow/.local/lib/python3.12/site-packages/airflow/example_dags/example_trigger_target_dag.py took 0.081 seconds
[2024-05-10T07:26:00.884+0000] {processor.py:161} INFO - Started process (PID=467) to work on /home/airflow/.local/lib/python3.12/site-packages/airflow/example_dags/example_trigger_target_dag.py
[2024-05-10T07:26:00.885+0000] {processor.py:830} INFO - Processing file /home/airflow/.local/lib/python3.12/site-packages/airflow/example_dags/example_trigger_target_dag.py for tasks to queue
[2024-05-10T07:26:00.888+0000] {logging_mixin.py:188} INFO - [2024-05-10T07:26:00.888+0000] {dagbag.py:540} INFO - Filling up the DagBag from /home/airflow/.local/lib/python3.12/site-packages/airflow/example_dags/example_trigger_target_dag.py
[2024-05-10T07:26:00.893+0000] {processor.py:840} INFO - DAG(s) 'example_trigger_target_dag' retrieved from /home/airflow/.local/lib/python3.12/site-packages/airflow/example_dags/example_trigger_target_dag.py
[2024-05-10T07:26:00.911+0000] {logging_mixin.py:188} INFO - [2024-05-10T07:26:00.911+0000] {dag.py:3096} INFO - Sync 1 DAGs
[2024-05-10T07:26:00.922+0000] {logging_mixin.py:188} INFO - [2024-05-10T07:26:00.921+0000] {dag.py:3954} INFO - Setting next_dagrun for example_trigger_target_dag to None, run_after=None
[2024-05-10T07:26:00.940+0000] {processor.py:183} INFO - Processing /home/airflow/.local/lib/python3.12/site-packages/airflow/example_dags/example_trigger_target_dag.py took 0.067 seconds
[2024-05-10T07:26:31.367+0000] {processor.py:161} INFO - Started process (PID=525) to work on /home/airflow/.local/lib/python3.12/site-packages/airflow/example_dags/example_trigger_target_dag.py
[2024-05-10T07:26:31.369+0000] {processor.py:830} INFO - Processing file /home/airflow/.local/lib/python3.12/site-packages/airflow/example_dags/example_trigger_target_dag.py for tasks to queue
[2024-05-10T07:26:31.371+0000] {logging_mixin.py:188} INFO - [2024-05-10T07:26:31.371+0000] {dagbag.py:540} INFO - Filling up the DagBag from /home/airflow/.local/lib/python3.12/site-packages/airflow/example_dags/example_trigger_target_dag.py
[2024-05-10T07:26:31.378+0000] {processor.py:840} INFO - DAG(s) 'example_trigger_target_dag' retrieved from /home/airflow/.local/lib/python3.12/site-packages/airflow/example_dags/example_trigger_target_dag.py
[2024-05-10T07:26:31.395+0000] {logging_mixin.py:188} INFO - [2024-05-10T07:26:31.395+0000] {dag.py:3096} INFO - Sync 1 DAGs
[2024-05-10T07:26:31.405+0000] {logging_mixin.py:188} INFO - [2024-05-10T07:26:31.405+0000] {dag.py:3954} INFO - Setting next_dagrun for example_trigger_target_dag to None, run_after=None
[2024-05-10T07:26:31.445+0000] {processor.py:183} INFO - Processing /home/airflow/.local/lib/python3.12/site-packages/airflow/example_dags/example_trigger_target_dag.py took 0.090 seconds
[2024-05-10T07:27:01.896+0000] {processor.py:161} INFO - Started process (PID=583) to work on /home/airflow/.local/lib/python3.12/site-packages/airflow/example_dags/example_trigger_target_dag.py
[2024-05-10T07:27:01.898+0000] {processor.py:830} INFO - Processing file /home/airflow/.local/lib/python3.12/site-packages/airflow/example_dags/example_trigger_target_dag.py for tasks to queue
[2024-05-10T07:27:01.899+0000] {logging_mixin.py:188} INFO - [2024-05-10T07:27:01.899+0000] {dagbag.py:540} INFO - Filling up the DagBag from /home/airflow/.local/lib/python3.12/site-packages/airflow/example_dags/example_trigger_target_dag.py
[2024-05-10T07:27:01.904+0000] {processor.py:840} INFO - DAG(s) 'example_trigger_target_dag' retrieved from /home/airflow/.local/lib/python3.12/site-packages/airflow/example_dags/example_trigger_target_dag.py
[2024-05-10T07:27:01.920+0000] {logging_mixin.py:188} INFO - [2024-05-10T07:27:01.919+0000] {dag.py:3096} INFO - Sync 1 DAGs
[2024-05-10T07:27:01.930+0000] {logging_mixin.py:188} INFO - [2024-05-10T07:27:01.930+0000] {dag.py:3954} INFO - Setting next_dagrun for example_trigger_target_dag to None, run_after=None
[2024-05-10T07:27:01.964+0000] {processor.py:183} INFO - Processing /home/airflow/.local/lib/python3.12/site-packages/airflow/example_dags/example_trigger_target_dag.py took 0.072 seconds
[2024-05-10T07:27:32.471+0000] {processor.py:161} INFO - Started process (PID=641) to work on /home/airflow/.local/lib/python3.12/site-packages/airflow/example_dags/example_trigger_target_dag.py
[2024-05-10T07:27:32.472+0000] {processor.py:830} INFO - Processing file /home/airflow/.local/lib/python3.12/site-packages/airflow/example_dags/example_trigger_target_dag.py for tasks to queue
[2024-05-10T07:27:32.475+0000] {logging_mixin.py:188} INFO - [2024-05-10T07:27:32.474+0000] {dagbag.py:540} INFO - Filling up the DagBag from /home/airflow/.local/lib/python3.12/site-packages/airflow/example_dags/example_trigger_target_dag.py
[2024-05-10T07:27:32.482+0000] {processor.py:840} INFO - DAG(s) 'example_trigger_target_dag' retrieved from /home/airflow/.local/lib/python3.12/site-packages/airflow/example_dags/example_trigger_target_dag.py
[2024-05-10T07:27:32.499+0000] {logging_mixin.py:188} INFO - [2024-05-10T07:27:32.499+0000] {dag.py:3096} INFO - Sync 1 DAGs
[2024-05-10T07:27:32.510+0000] {logging_mixin.py:188} INFO - [2024-05-10T07:27:32.509+0000] {dag.py:3954} INFO - Setting next_dagrun for example_trigger_target_dag to None, run_after=None
[2024-05-10T07:27:32.530+0000] {processor.py:183} INFO - Processing /home/airflow/.local/lib/python3.12/site-packages/airflow/example_dags/example_trigger_target_dag.py took 0.074 seconds
[2024-05-10T07:28:02.676+0000] {processor.py:161} INFO - Started process (PID=699) to work on /home/airflow/.local/lib/python3.12/site-packages/airflow/example_dags/example_trigger_target_dag.py
[2024-05-10T07:28:02.677+0000] {processor.py:830} INFO - Processing file /home/airflow/.local/lib/python3.12/site-packages/airflow/example_dags/example_trigger_target_dag.py for tasks to queue
[2024-05-10T07:28:02.679+0000] {logging_mixin.py:188} INFO - [2024-05-10T07:28:02.679+0000] {dagbag.py:540} INFO - Filling up the DagBag from /home/airflow/.local/lib/python3.12/site-packages/airflow/example_dags/example_trigger_target_dag.py
[2024-05-10T07:28:02.683+0000] {processor.py:840} INFO - DAG(s) 'example_trigger_target_dag' retrieved from /home/airflow/.local/lib/python3.12/site-packages/airflow/example_dags/example_trigger_target_dag.py
[2024-05-10T07:28:02.709+0000] {logging_mixin.py:188} INFO - [2024-05-10T07:28:02.708+0000] {dag.py:3096} INFO - Sync 1 DAGs
[2024-05-10T07:28:02.719+0000] {logging_mixin.py:188} INFO - [2024-05-10T07:28:02.719+0000] {dag.py:3954} INFO - Setting next_dagrun for example_trigger_target_dag to None, run_after=None
[2024-05-10T07:28:02.744+0000] {processor.py:183} INFO - Processing /home/airflow/.local/lib/python3.12/site-packages/airflow/example_dags/example_trigger_target_dag.py took 0.076 seconds
[2024-05-10T07:28:33.542+0000] {processor.py:161} INFO - Started process (PID=757) to work on /home/airflow/.local/lib/python3.12/site-packages/airflow/example_dags/example_trigger_target_dag.py
[2024-05-10T07:28:33.543+0000] {processor.py:830} INFO - Processing file /home/airflow/.local/lib/python3.12/site-packages/airflow/example_dags/example_trigger_target_dag.py for tasks to queue
[2024-05-10T07:28:33.544+0000] {logging_mixin.py:188} INFO - [2024-05-10T07:28:33.544+0000] {dagbag.py:540} INFO - Filling up the DagBag from /home/airflow/.local/lib/python3.12/site-packages/airflow/example_dags/example_trigger_target_dag.py
[2024-05-10T07:28:33.549+0000] {processor.py:840} INFO - DAG(s) 'example_trigger_target_dag' retrieved from /home/airflow/.local/lib/python3.12/site-packages/airflow/example_dags/example_trigger_target_dag.py
[2024-05-10T07:28:33.564+0000] {logging_mixin.py:188} INFO - [2024-05-10T07:28:33.564+0000] {dag.py:3096} INFO - Sync 1 DAGs
[2024-05-10T07:28:33.575+0000] {logging_mixin.py:188} INFO - [2024-05-10T07:28:33.575+0000] {dag.py:3954} INFO - Setting next_dagrun for example_trigger_target_dag to None, run_after=None
[2024-05-10T07:28:33.608+0000] {processor.py:183} INFO - Processing /home/airflow/.local/lib/python3.12/site-packages/airflow/example_dags/example_trigger_target_dag.py took 0.071 seconds
[2024-05-10T07:29:03.915+0000] {processor.py:161} INFO - Started process (PID=815) to work on /home/airflow/.local/lib/python3.12/site-packages/airflow/example_dags/example_trigger_target_dag.py
[2024-05-10T07:29:03.916+0000] {processor.py:830} INFO - Processing file /home/airflow/.local/lib/python3.12/site-packages/airflow/example_dags/example_trigger_target_dag.py for tasks to queue
[2024-05-10T07:29:03.917+0000] {logging_mixin.py:188} INFO - [2024-05-10T07:29:03.917+0000] {dagbag.py:540} INFO - Filling up the DagBag from /home/airflow/.local/lib/python3.12/site-packages/airflow/example_dags/example_trigger_target_dag.py
[2024-05-10T07:29:03.922+0000] {processor.py:840} INFO - DAG(s) 'example_trigger_target_dag' retrieved from /home/airflow/.local/lib/python3.12/site-packages/airflow/example_dags/example_trigger_target_dag.py
[2024-05-10T07:29:03.936+0000] {logging_mixin.py:188} INFO - [2024-05-10T07:29:03.936+0000] {dag.py:3096} INFO - Sync 1 DAGs
[2024-05-10T07:29:03.946+0000] {logging_mixin.py:188} INFO - [2024-05-10T07:29:03.946+0000] {dag.py:3954} INFO - Setting next_dagrun for example_trigger_target_dag to None, run_after=None
[2024-05-10T07:29:03.963+0000] {processor.py:183} INFO - Processing /home/airflow/.local/lib/python3.12/site-packages/airflow/example_dags/example_trigger_target_dag.py took 0.053 seconds
[2024-05-10T07:29:34.237+0000] {processor.py:161} INFO - Started process (PID=873) to work on /home/airflow/.local/lib/python3.12/site-packages/airflow/example_dags/example_trigger_target_dag.py
[2024-05-10T07:29:34.237+0000] {processor.py:830} INFO - Processing file /home/airflow/.local/lib/python3.12/site-packages/airflow/example_dags/example_trigger_target_dag.py for tasks to queue
[2024-05-10T07:29:34.239+0000] {logging_mixin.py:188} INFO - [2024-05-10T07:29:34.238+0000] {dagbag.py:540} INFO - Filling up the DagBag from /home/airflow/.local/lib/python3.12/site-packages/airflow/example_dags/example_trigger_target_dag.py
[2024-05-10T07:29:34.243+0000] {processor.py:840} INFO - DAG(s) 'example_trigger_target_dag' retrieved from /home/airflow/.local/lib/python3.12/site-packages/airflow/example_dags/example_trigger_target_dag.py
[2024-05-10T07:29:34.257+0000] {logging_mixin.py:188} INFO - [2024-05-10T07:29:34.257+0000] {dag.py:3096} INFO - Sync 1 DAGs
[2024-05-10T07:29:34.267+0000] {logging_mixin.py:188} INFO - [2024-05-10T07:29:34.267+0000] {dag.py:3954} INFO - Setting next_dagrun for example_trigger_target_dag to None, run_after=None
[2024-05-10T07:29:34.285+0000] {processor.py:183} INFO - Processing /home/airflow/.local/lib/python3.12/site-packages/airflow/example_dags/example_trigger_target_dag.py took 0.053 seconds
[2024-05-10T07:30:04.904+0000] {processor.py:161} INFO - Started process (PID=931) to work on /home/airflow/.local/lib/python3.12/site-packages/airflow/example_dags/example_trigger_target_dag.py
[2024-05-10T07:30:04.905+0000] {processor.py:830} INFO - Processing file /home/airflow/.local/lib/python3.12/site-packages/airflow/example_dags/example_trigger_target_dag.py for tasks to queue
[2024-05-10T07:30:04.906+0000] {logging_mixin.py:188} INFO - [2024-05-10T07:30:04.906+0000] {dagbag.py:540} INFO - Filling up the DagBag from /home/airflow/.local/lib/python3.12/site-packages/airflow/example_dags/example_trigger_target_dag.py
[2024-05-10T07:30:04.911+0000] {processor.py:840} INFO - DAG(s) 'example_trigger_target_dag' retrieved from /home/airflow/.local/lib/python3.12/site-packages/airflow/example_dags/example_trigger_target_dag.py
[2024-05-10T07:30:04.926+0000] {logging_mixin.py:188} INFO - [2024-05-10T07:30:04.926+0000] {dag.py:3096} INFO - Sync 1 DAGs
[2024-05-10T07:30:04.936+0000] {logging_mixin.py:188} INFO - [2024-05-10T07:30:04.936+0000] {dag.py:3954} INFO - Setting next_dagrun for example_trigger_target_dag to None, run_after=None
[2024-05-10T07:30:04.964+0000] {processor.py:183} INFO - Processing /home/airflow/.local/lib/python3.12/site-packages/airflow/example_dags/example_trigger_target_dag.py took 0.064 seconds
[2024-05-10T07:30:35.741+0000] {processor.py:161} INFO - Started process (PID=990) to work on /home/airflow/.local/lib/python3.12/site-packages/airflow/example_dags/example_trigger_target_dag.py
[2024-05-10T07:30:35.742+0000] {processor.py:830} INFO - Processing file /home/airflow/.local/lib/python3.12/site-packages/airflow/example_dags/example_trigger_target_dag.py for tasks to queue
[2024-05-10T07:30:35.743+0000] {logging_mixin.py:188} INFO - [2024-05-10T07:30:35.743+0000] {dagbag.py:540} INFO - Filling up the DagBag from /home/airflow/.local/lib/python3.12/site-packages/airflow/example_dags/example_trigger_target_dag.py
[2024-05-10T07:30:35.747+0000] {processor.py:840} INFO - DAG(s) 'example_trigger_target_dag' retrieved from /home/airflow/.local/lib/python3.12/site-packages/airflow/example_dags/example_trigger_target_dag.py
[2024-05-10T07:30:35.762+0000] {logging_mixin.py:188} INFO - [2024-05-10T07:30:35.762+0000] {dag.py:3096} INFO - Sync 1 DAGs
[2024-05-10T07:30:35.870+0000] {logging_mixin.py:188} INFO - [2024-05-10T07:30:35.870+0000] {dag.py:3954} INFO - Setting next_dagrun for example_trigger_target_dag to None, run_after=None
[2024-05-10T07:30:35.884+0000] {processor.py:183} INFO - Processing /home/airflow/.local/lib/python3.12/site-packages/airflow/example_dags/example_trigger_target_dag.py took 0.147 seconds
[2024-05-10T07:31:06.664+0000] {processor.py:161} INFO - Started process (PID=1048) to work on /home/airflow/.local/lib/python3.12/site-packages/airflow/example_dags/example_trigger_target_dag.py
[2024-05-10T07:31:06.665+0000] {processor.py:830} INFO - Processing file /home/airflow/.local/lib/python3.12/site-packages/airflow/example_dags/example_trigger_target_dag.py for tasks to queue
[2024-05-10T07:31:06.666+0000] {logging_mixin.py:188} INFO - [2024-05-10T07:31:06.666+0000] {dagbag.py:540} INFO - Filling up the DagBag from /home/airflow/.local/lib/python3.12/site-packages/airflow/example_dags/example_trigger_target_dag.py
[2024-05-10T07:31:06.670+0000] {processor.py:840} INFO - DAG(s) 'example_trigger_target_dag' retrieved from /home/airflow/.local/lib/python3.12/site-packages/airflow/example_dags/example_trigger_target_dag.py
[2024-05-10T07:31:06.684+0000] {logging_mixin.py:188} INFO - [2024-05-10T07:31:06.684+0000] {dag.py:3096} INFO - Sync 1 DAGs
[2024-05-10T07:31:06.694+0000] {logging_mixin.py:188} INFO - [2024-05-10T07:31:06.694+0000] {dag.py:3954} INFO - Setting next_dagrun for example_trigger_target_dag to None, run_after=None
[2024-05-10T07:31:06.819+0000] {processor.py:183} INFO - Processing /home/airflow/.local/lib/python3.12/site-packages/airflow/example_dags/example_trigger_target_dag.py took 0.160 seconds
[2024-05-10T07:31:37.707+0000] {processor.py:161} INFO - Started process (PID=1106) to work on /home/airflow/.local/lib/python3.12/site-packages/airflow/example_dags/example_trigger_target_dag.py
[2024-05-10T07:31:37.708+0000] {processor.py:830} INFO - Processing file /home/airflow/.local/lib/python3.12/site-packages/airflow/example_dags/example_trigger_target_dag.py for tasks to queue
[2024-05-10T07:31:37.710+0000] {logging_mixin.py:188} INFO - [2024-05-10T07:31:37.710+0000] {dagbag.py:540} INFO - Filling up the DagBag from /home/airflow/.local/lib/python3.12/site-packages/airflow/example_dags/example_trigger_target_dag.py
[2024-05-10T07:31:37.716+0000] {processor.py:840} INFO - DAG(s) 'example_trigger_target_dag' retrieved from /home/airflow/.local/lib/python3.12/site-packages/airflow/example_dags/example_trigger_target_dag.py
[2024-05-10T07:31:37.732+0000] {logging_mixin.py:188} INFO - [2024-05-10T07:31:37.732+0000] {dag.py:3096} INFO - Sync 1 DAGs
[2024-05-10T07:31:37.742+0000] {logging_mixin.py:188} INFO - [2024-05-10T07:31:37.742+0000] {dag.py:3954} INFO - Setting next_dagrun for example_trigger_target_dag to None, run_after=None
[2024-05-10T07:31:37.762+0000] {processor.py:183} INFO - Processing /home/airflow/.local/lib/python3.12/site-packages/airflow/example_dags/example_trigger_target_dag.py took 0.064 seconds
[2024-05-10T07:32:08.609+0000] {processor.py:161} INFO - Started process (PID=1164) to work on /home/airflow/.local/lib/python3.12/site-packages/airflow/example_dags/example_trigger_target_dag.py
[2024-05-10T07:32:08.610+0000] {processor.py:830} INFO - Processing file /home/airflow/.local/lib/python3.12/site-packages/airflow/example_dags/example_trigger_target_dag.py for tasks to queue
[2024-05-10T07:32:08.612+0000] {logging_mixin.py:188} INFO - [2024-05-10T07:32:08.611+0000] {dagbag.py:540} INFO - Filling up the DagBag from /home/airflow/.local/lib/python3.12/site-packages/airflow/example_dags/example_trigger_target_dag.py
[2024-05-10T07:32:08.618+0000] {processor.py:840} INFO - DAG(s) 'example_trigger_target_dag' retrieved from /home/airflow/.local/lib/python3.12/site-packages/airflow/example_dags/example_trigger_target_dag.py
[2024-05-10T07:32:08.650+0000] {logging_mixin.py:188} INFO - [2024-05-10T07:32:08.650+0000] {dag.py:3096} INFO - Sync 1 DAGs
[2024-05-10T07:32:08.662+0000] {logging_mixin.py:188} INFO - [2024-05-10T07:32:08.662+0000] {dag.py:3954} INFO - Setting next_dagrun for example_trigger_target_dag to None, run_after=None
[2024-05-10T07:32:08.684+0000] {processor.py:183} INFO - Processing /home/airflow/.local/lib/python3.12/site-packages/airflow/example_dags/example_trigger_target_dag.py took 0.084 seconds
[2024-05-10T07:32:39.131+0000] {processor.py:161} INFO - Started process (PID=1228) to work on /home/airflow/.local/lib/python3.12/site-packages/airflow/example_dags/example_trigger_target_dag.py
[2024-05-10T07:32:39.132+0000] {processor.py:830} INFO - Processing file /home/airflow/.local/lib/python3.12/site-packages/airflow/example_dags/example_trigger_target_dag.py for tasks to queue
[2024-05-10T07:32:39.134+0000] {logging_mixin.py:188} INFO - [2024-05-10T07:32:39.134+0000] {dagbag.py:540} INFO - Filling up the DagBag from /home/airflow/.local/lib/python3.12/site-packages/airflow/example_dags/example_trigger_target_dag.py
[2024-05-10T07:32:39.140+0000] {processor.py:840} INFO - DAG(s) 'example_trigger_target_dag' retrieved from /home/airflow/.local/lib/python3.12/site-packages/airflow/example_dags/example_trigger_target_dag.py
[2024-05-10T07:32:39.157+0000] {logging_mixin.py:188} INFO - [2024-05-10T07:32:39.156+0000] {dag.py:3096} INFO - Sync 1 DAGs
[2024-05-10T07:32:39.166+0000] {logging_mixin.py:188} INFO - [2024-05-10T07:32:39.166+0000] {dag.py:3954} INFO - Setting next_dagrun for example_trigger_target_dag to None, run_after=None
[2024-05-10T07:32:39.185+0000] {processor.py:183} INFO - Processing /home/airflow/.local/lib/python3.12/site-packages/airflow/example_dags/example_trigger_target_dag.py took 0.062 seconds
[2024-05-10T07:33:09.979+0000] {processor.py:161} INFO - Started process (PID=1288) to work on /home/airflow/.local/lib/python3.12/site-packages/airflow/example_dags/example_trigger_target_dag.py
[2024-05-10T07:33:09.980+0000] {processor.py:830} INFO - Processing file /home/airflow/.local/lib/python3.12/site-packages/airflow/example_dags/example_trigger_target_dag.py for tasks to queue
[2024-05-10T07:33:09.982+0000] {logging_mixin.py:188} INFO - [2024-05-10T07:33:09.981+0000] {dagbag.py:540} INFO - Filling up the DagBag from /home/airflow/.local/lib/python3.12/site-packages/airflow/example_dags/example_trigger_target_dag.py
[2024-05-10T07:33:09.987+0000] {processor.py:840} INFO - DAG(s) 'example_trigger_target_dag' retrieved from /home/airflow/.local/lib/python3.12/site-packages/airflow/example_dags/example_trigger_target_dag.py
[2024-05-10T07:33:10.002+0000] {logging_mixin.py:188} INFO - [2024-05-10T07:33:10.002+0000] {dag.py:3096} INFO - Sync 1 DAGs
[2024-05-10T07:33:10.013+0000] {logging_mixin.py:188} INFO - [2024-05-10T07:33:10.013+0000] {dag.py:3954} INFO - Setting next_dagrun for example_trigger_target_dag to None, run_after=None
[2024-05-10T07:33:10.030+0000] {processor.py:183} INFO - Processing /home/airflow/.local/lib/python3.12/site-packages/airflow/example_dags/example_trigger_target_dag.py took 0.059 seconds
[2024-05-10T07:33:40.463+0000] {processor.py:161} INFO - Started process (PID=1347) to work on /home/airflow/.local/lib/python3.12/site-packages/airflow/example_dags/example_trigger_target_dag.py
[2024-05-10T07:33:40.463+0000] {processor.py:830} INFO - Processing file /home/airflow/.local/lib/python3.12/site-packages/airflow/example_dags/example_trigger_target_dag.py for tasks to queue
[2024-05-10T07:33:40.465+0000] {logging_mixin.py:188} INFO - [2024-05-10T07:33:40.464+0000] {dagbag.py:540} INFO - Filling up the DagBag from /home/airflow/.local/lib/python3.12/site-packages/airflow/example_dags/example_trigger_target_dag.py
[2024-05-10T07:33:40.470+0000] {processor.py:840} INFO - DAG(s) 'example_trigger_target_dag' retrieved from /home/airflow/.local/lib/python3.12/site-packages/airflow/example_dags/example_trigger_target_dag.py
[2024-05-10T07:33:40.487+0000] {logging_mixin.py:188} INFO - [2024-05-10T07:33:40.487+0000] {dag.py:3096} INFO - Sync 1 DAGs
[2024-05-10T07:33:40.500+0000] {logging_mixin.py:188} INFO - [2024-05-10T07:33:40.500+0000] {dag.py:3954} INFO - Setting next_dagrun for example_trigger_target_dag to None, run_after=None
[2024-05-10T07:33:40.518+0000] {processor.py:183} INFO - Processing /home/airflow/.local/lib/python3.12/site-packages/airflow/example_dags/example_trigger_target_dag.py took 0.061 seconds
[2024-05-10T07:34:11.178+0000] {processor.py:161} INFO - Started process (PID=1407) to work on /home/airflow/.local/lib/python3.12/site-packages/airflow/example_dags/example_trigger_target_dag.py
[2024-05-10T07:34:11.178+0000] {processor.py:830} INFO - Processing file /home/airflow/.local/lib/python3.12/site-packages/airflow/example_dags/example_trigger_target_dag.py for tasks to queue
[2024-05-10T07:34:11.180+0000] {logging_mixin.py:188} INFO - [2024-05-10T07:34:11.179+0000] {dagbag.py:540} INFO - Filling up the DagBag from /home/airflow/.local/lib/python3.12/site-packages/airflow/example_dags/example_trigger_target_dag.py
[2024-05-10T07:34:11.185+0000] {processor.py:840} INFO - DAG(s) 'example_trigger_target_dag' retrieved from /home/airflow/.local/lib/python3.12/site-packages/airflow/example_dags/example_trigger_target_dag.py
[2024-05-10T07:34:11.201+0000] {logging_mixin.py:188} INFO - [2024-05-10T07:34:11.201+0000] {dag.py:3096} INFO - Sync 1 DAGs
[2024-05-10T07:34:11.212+0000] {logging_mixin.py:188} INFO - [2024-05-10T07:34:11.212+0000] {dag.py:3954} INFO - Setting next_dagrun for example_trigger_target_dag to None, run_after=None
[2024-05-10T07:34:11.257+0000] {processor.py:183} INFO - Processing /home/airflow/.local/lib/python3.12/site-packages/airflow/example_dags/example_trigger_target_dag.py took 0.085 seconds
[2024-05-10T07:34:41.858+0000] {processor.py:161} INFO - Started process (PID=1466) to work on /home/airflow/.local/lib/python3.12/site-packages/airflow/example_dags/example_trigger_target_dag.py
[2024-05-10T07:34:41.859+0000] {processor.py:830} INFO - Processing file /home/airflow/.local/lib/python3.12/site-packages/airflow/example_dags/example_trigger_target_dag.py for tasks to queue
[2024-05-10T07:34:41.861+0000] {logging_mixin.py:188} INFO - [2024-05-10T07:34:41.860+0000] {dagbag.py:540} INFO - Filling up the DagBag from /home/airflow/.local/lib/python3.12/site-packages/airflow/example_dags/example_trigger_target_dag.py
[2024-05-10T07:34:41.867+0000] {processor.py:840} INFO - DAG(s) 'example_trigger_target_dag' retrieved from /home/airflow/.local/lib/python3.12/site-packages/airflow/example_dags/example_trigger_target_dag.py
[2024-05-10T07:34:41.882+0000] {logging_mixin.py:188} INFO - [2024-05-10T07:34:41.882+0000] {dag.py:3096} INFO - Sync 1 DAGs
[2024-05-10T07:34:41.892+0000] {logging_mixin.py:188} INFO - [2024-05-10T07:34:41.892+0000] {dag.py:3954} INFO - Setting next_dagrun for example_trigger_target_dag to None, run_after=None
[2024-05-10T07:34:41.918+0000] {processor.py:183} INFO - Processing /home/airflow/.local/lib/python3.12/site-packages/airflow/example_dags/example_trigger_target_dag.py took 0.068 seconds
[2024-05-10T07:35:12.541+0000] {processor.py:161} INFO - Started process (PID=1525) to work on /home/airflow/.local/lib/python3.12/site-packages/airflow/example_dags/example_trigger_target_dag.py
[2024-05-10T07:35:12.543+0000] {processor.py:830} INFO - Processing file /home/airflow/.local/lib/python3.12/site-packages/airflow/example_dags/example_trigger_target_dag.py for tasks to queue
[2024-05-10T07:35:12.545+0000] {logging_mixin.py:188} INFO - [2024-05-10T07:35:12.544+0000] {dagbag.py:540} INFO - Filling up the DagBag from /home/airflow/.local/lib/python3.12/site-packages/airflow/example_dags/example_trigger_target_dag.py
[2024-05-10T07:35:12.551+0000] {processor.py:840} INFO - DAG(s) 'example_trigger_target_dag' retrieved from /home/airflow/.local/lib/python3.12/site-packages/airflow/example_dags/example_trigger_target_dag.py
[2024-05-10T07:35:12.568+0000] {logging_mixin.py:188} INFO - [2024-05-10T07:35:12.567+0000] {dag.py:3096} INFO - Sync 1 DAGs
[2024-05-10T07:35:12.578+0000] {logging_mixin.py:188} INFO - [2024-05-10T07:35:12.578+0000] {dag.py:3954} INFO - Setting next_dagrun for example_trigger_target_dag to None, run_after=None
[2024-05-10T07:35:12.608+0000] {processor.py:183} INFO - Processing /home/airflow/.local/lib/python3.12/site-packages/airflow/example_dags/example_trigger_target_dag.py took 0.075 seconds
[2024-05-10T07:35:43.496+0000] {processor.py:161} INFO - Started process (PID=1584) to work on /home/airflow/.local/lib/python3.12/site-packages/airflow/example_dags/example_trigger_target_dag.py
[2024-05-10T07:35:43.497+0000] {processor.py:830} INFO - Processing file /home/airflow/.local/lib/python3.12/site-packages/airflow/example_dags/example_trigger_target_dag.py for tasks to queue
[2024-05-10T07:35:43.499+0000] {logging_mixin.py:188} INFO - [2024-05-10T07:35:43.499+0000] {dagbag.py:540} INFO - Filling up the DagBag from /home/airflow/.local/lib/python3.12/site-packages/airflow/example_dags/example_trigger_target_dag.py
[2024-05-10T07:35:43.505+0000] {processor.py:840} INFO - DAG(s) 'example_trigger_target_dag' retrieved from /home/airflow/.local/lib/python3.12/site-packages/airflow/example_dags/example_trigger_target_dag.py
[2024-05-10T07:35:43.522+0000] {logging_mixin.py:188} INFO - [2024-05-10T07:35:43.521+0000] {dag.py:3096} INFO - Sync 1 DAGs
[2024-05-10T07:35:43.532+0000] {logging_mixin.py:188} INFO - [2024-05-10T07:35:43.532+0000] {dag.py:3954} INFO - Setting next_dagrun for example_trigger_target_dag to None, run_after=None
[2024-05-10T07:35:43.551+0000] {processor.py:183} INFO - Processing /home/airflow/.local/lib/python3.12/site-packages/airflow/example_dags/example_trigger_target_dag.py took 0.064 seconds
[2024-05-10T07:36:13.852+0000] {processor.py:161} INFO - Started process (PID=1643) to work on /home/airflow/.local/lib/python3.12/site-packages/airflow/example_dags/example_trigger_target_dag.py
[2024-05-10T07:36:13.853+0000] {processor.py:830} INFO - Processing file /home/airflow/.local/lib/python3.12/site-packages/airflow/example_dags/example_trigger_target_dag.py for tasks to queue
[2024-05-10T07:36:13.855+0000] {logging_mixin.py:188} INFO - [2024-05-10T07:36:13.855+0000] {dagbag.py:540} INFO - Filling up the DagBag from /home/airflow/.local/lib/python3.12/site-packages/airflow/example_dags/example_trigger_target_dag.py
[2024-05-10T07:36:13.861+0000] {processor.py:840} INFO - DAG(s) 'example_trigger_target_dag' retrieved from /home/airflow/.local/lib/python3.12/site-packages/airflow/example_dags/example_trigger_target_dag.py
[2024-05-10T07:36:13.876+0000] {logging_mixin.py:188} INFO - [2024-05-10T07:36:13.876+0000] {dag.py:3096} INFO - Sync 1 DAGs
[2024-05-10T07:36:13.886+0000] {logging_mixin.py:188} INFO - [2024-05-10T07:36:13.886+0000] {dag.py:3954} INFO - Setting next_dagrun for example_trigger_target_dag to None, run_after=None
[2024-05-10T07:36:13.906+0000] {processor.py:183} INFO - Processing /home/airflow/.local/lib/python3.12/site-packages/airflow/example_dags/example_trigger_target_dag.py took 0.062 seconds
[2024-05-10T07:36:44.030+0000] {processor.py:161} INFO - Started process (PID=1701) to work on /home/airflow/.local/lib/python3.12/site-packages/airflow/example_dags/example_trigger_target_dag.py
[2024-05-10T07:36:44.030+0000] {processor.py:830} INFO - Processing file /home/airflow/.local/lib/python3.12/site-packages/airflow/example_dags/example_trigger_target_dag.py for tasks to queue
[2024-05-10T07:36:44.032+0000] {logging_mixin.py:188} INFO - [2024-05-10T07:36:44.031+0000] {dagbag.py:540} INFO - Filling up the DagBag from /home/airflow/.local/lib/python3.12/site-packages/airflow/example_dags/example_trigger_target_dag.py
[2024-05-10T07:36:44.037+0000] {processor.py:840} INFO - DAG(s) 'example_trigger_target_dag' retrieved from /home/airflow/.local/lib/python3.12/site-packages/airflow/example_dags/example_trigger_target_dag.py
[2024-05-10T07:36:44.058+0000] {logging_mixin.py:188} INFO - [2024-05-10T07:36:44.057+0000] {dag.py:3096} INFO - Sync 1 DAGs
[2024-05-10T07:36:44.068+0000] {logging_mixin.py:188} INFO - [2024-05-10T07:36:44.068+0000] {dag.py:3954} INFO - Setting next_dagrun for example_trigger_target_dag to None, run_after=None
[2024-05-10T07:36:44.097+0000] {processor.py:183} INFO - Processing /home/airflow/.local/lib/python3.12/site-packages/airflow/example_dags/example_trigger_target_dag.py took 0.073 seconds
[2024-05-10T07:37:15.039+0000] {processor.py:161} INFO - Started process (PID=1760) to work on /home/airflow/.local/lib/python3.12/site-packages/airflow/example_dags/example_trigger_target_dag.py
[2024-05-10T07:37:15.039+0000] {processor.py:830} INFO - Processing file /home/airflow/.local/lib/python3.12/site-packages/airflow/example_dags/example_trigger_target_dag.py for tasks to queue
[2024-05-10T07:37:15.041+0000] {logging_mixin.py:188} INFO - [2024-05-10T07:37:15.041+0000] {dagbag.py:540} INFO - Filling up the DagBag from /home/airflow/.local/lib/python3.12/site-packages/airflow/example_dags/example_trigger_target_dag.py
[2024-05-10T07:37:15.045+0000] {processor.py:840} INFO - DAG(s) 'example_trigger_target_dag' retrieved from /home/airflow/.local/lib/python3.12/site-packages/airflow/example_dags/example_trigger_target_dag.py
[2024-05-10T07:37:15.061+0000] {logging_mixin.py:188} INFO - [2024-05-10T07:37:15.061+0000] {dag.py:3096} INFO - Sync 1 DAGs
[2024-05-10T07:37:15.073+0000] {logging_mixin.py:188} INFO - [2024-05-10T07:37:15.072+0000] {dag.py:3954} INFO - Setting next_dagrun for example_trigger_target_dag to None, run_after=None
[2024-05-10T07:37:15.096+0000] {processor.py:183} INFO - Processing /home/airflow/.local/lib/python3.12/site-packages/airflow/example_dags/example_trigger_target_dag.py took 0.062 seconds
[2024-05-10T07:37:45.266+0000] {processor.py:161} INFO - Started process (PID=1819) to work on /home/airflow/.local/lib/python3.12/site-packages/airflow/example_dags/example_trigger_target_dag.py
[2024-05-10T07:37:45.267+0000] {processor.py:830} INFO - Processing file /home/airflow/.local/lib/python3.12/site-packages/airflow/example_dags/example_trigger_target_dag.py for tasks to queue
[2024-05-10T07:37:45.269+0000] {logging_mixin.py:188} INFO - [2024-05-10T07:37:45.269+0000] {dagbag.py:540} INFO - Filling up the DagBag from /home/airflow/.local/lib/python3.12/site-packages/airflow/example_dags/example_trigger_target_dag.py
[2024-05-10T07:37:45.276+0000] {processor.py:840} INFO - DAG(s) 'example_trigger_target_dag' retrieved from /home/airflow/.local/lib/python3.12/site-packages/airflow/example_dags/example_trigger_target_dag.py
[2024-05-10T07:37:45.292+0000] {logging_mixin.py:188} INFO - [2024-05-10T07:37:45.291+0000] {dag.py:3096} INFO - Sync 1 DAGs
[2024-05-10T07:37:45.302+0000] {logging_mixin.py:188} INFO - [2024-05-10T07:37:45.302+0000] {dag.py:3954} INFO - Setting next_dagrun for example_trigger_target_dag to None, run_after=None
[2024-05-10T07:37:45.319+0000] {processor.py:183} INFO - Processing /home/airflow/.local/lib/python3.12/site-packages/airflow/example_dags/example_trigger_target_dag.py took 0.063 seconds
[2024-05-10T07:38:15.905+0000] {processor.py:161} INFO - Started process (PID=1878) to work on /home/airflow/.local/lib/python3.12/site-packages/airflow/example_dags/example_trigger_target_dag.py
[2024-05-10T07:38:15.906+0000] {processor.py:830} INFO - Processing file /home/airflow/.local/lib/python3.12/site-packages/airflow/example_dags/example_trigger_target_dag.py for tasks to queue
[2024-05-10T07:38:15.907+0000] {logging_mixin.py:188} INFO - [2024-05-10T07:38:15.907+0000] {dagbag.py:540} INFO - Filling up the DagBag from /home/airflow/.local/lib/python3.12/site-packages/airflow/example_dags/example_trigger_target_dag.py
[2024-05-10T07:38:15.912+0000] {processor.py:840} INFO - DAG(s) 'example_trigger_target_dag' retrieved from /home/airflow/.local/lib/python3.12/site-packages/airflow/example_dags/example_trigger_target_dag.py
[2024-05-10T07:38:15.927+0000] {logging_mixin.py:188} INFO - [2024-05-10T07:38:15.927+0000] {dag.py:3096} INFO - Sync 1 DAGs
[2024-05-10T07:38:15.937+0000] {logging_mixin.py:188} INFO - [2024-05-10T07:38:15.937+0000] {dag.py:3954} INFO - Setting next_dagrun for example_trigger_target_dag to None, run_after=None
[2024-05-10T07:38:15.974+0000] {processor.py:183} INFO - Processing /home/airflow/.local/lib/python3.12/site-packages/airflow/example_dags/example_trigger_target_dag.py took 0.075 seconds
[2024-05-10T07:38:46.659+0000] {processor.py:161} INFO - Started process (PID=1936) to work on /home/airflow/.local/lib/python3.12/site-packages/airflow/example_dags/example_trigger_target_dag.py
[2024-05-10T07:38:46.660+0000] {processor.py:830} INFO - Processing file /home/airflow/.local/lib/python3.12/site-packages/airflow/example_dags/example_trigger_target_dag.py for tasks to queue
[2024-05-10T07:38:46.662+0000] {logging_mixin.py:188} INFO - [2024-05-10T07:38:46.662+0000] {dagbag.py:540} INFO - Filling up the DagBag from /home/airflow/.local/lib/python3.12/site-packages/airflow/example_dags/example_trigger_target_dag.py
[2024-05-10T07:38:46.669+0000] {processor.py:840} INFO - DAG(s) 'example_trigger_target_dag' retrieved from /home/airflow/.local/lib/python3.12/site-packages/airflow/example_dags/example_trigger_target_dag.py
[2024-05-10T07:38:46.684+0000] {logging_mixin.py:188} INFO - [2024-05-10T07:38:46.684+0000] {dag.py:3096} INFO - Sync 1 DAGs
[2024-05-10T07:38:46.694+0000] {logging_mixin.py:188} INFO - [2024-05-10T07:38:46.694+0000] {dag.py:3954} INFO - Setting next_dagrun for example_trigger_target_dag to None, run_after=None
[2024-05-10T07:38:46.718+0000] {processor.py:183} INFO - Processing /home/airflow/.local/lib/python3.12/site-packages/airflow/example_dags/example_trigger_target_dag.py took 0.069 seconds
[2024-05-10T07:39:17.405+0000] {processor.py:161} INFO - Started process (PID=1995) to work on /home/airflow/.local/lib/python3.12/site-packages/airflow/example_dags/example_trigger_target_dag.py
[2024-05-10T07:39:17.408+0000] {processor.py:830} INFO - Processing file /home/airflow/.local/lib/python3.12/site-packages/airflow/example_dags/example_trigger_target_dag.py for tasks to queue
[2024-05-10T07:39:17.410+0000] {logging_mixin.py:188} INFO - [2024-05-10T07:39:17.409+0000] {dagbag.py:540} INFO - Filling up the DagBag from /home/airflow/.local/lib/python3.12/site-packages/airflow/example_dags/example_trigger_target_dag.py
[2024-05-10T07:39:17.416+0000] {processor.py:840} INFO - DAG(s) 'example_trigger_target_dag' retrieved from /home/airflow/.local/lib/python3.12/site-packages/airflow/example_dags/example_trigger_target_dag.py
[2024-05-10T07:39:17.431+0000] {logging_mixin.py:188} INFO - [2024-05-10T07:39:17.431+0000] {dag.py:3096} INFO - Sync 1 DAGs
[2024-05-10T07:39:17.442+0000] {logging_mixin.py:188} INFO - [2024-05-10T07:39:17.442+0000] {dag.py:3954} INFO - Setting next_dagrun for example_trigger_target_dag to None, run_after=None
[2024-05-10T07:39:17.465+0000] {processor.py:183} INFO - Processing /home/airflow/.local/lib/python3.12/site-packages/airflow/example_dags/example_trigger_target_dag.py took 0.071 seconds
[2024-05-10T07:39:47.761+0000] {processor.py:161} INFO - Started process (PID=2053) to work on /home/airflow/.local/lib/python3.12/site-packages/airflow/example_dags/example_trigger_target_dag.py
[2024-05-10T07:39:47.761+0000] {processor.py:830} INFO - Processing file /home/airflow/.local/lib/python3.12/site-packages/airflow/example_dags/example_trigger_target_dag.py for tasks to queue
[2024-05-10T07:39:47.763+0000] {logging_mixin.py:188} INFO - [2024-05-10T07:39:47.763+0000] {dagbag.py:540} INFO - Filling up the DagBag from /home/airflow/.local/lib/python3.12/site-packages/airflow/example_dags/example_trigger_target_dag.py
[2024-05-10T07:39:47.770+0000] {processor.py:840} INFO - DAG(s) 'example_trigger_target_dag' retrieved from /home/airflow/.local/lib/python3.12/site-packages/airflow/example_dags/example_trigger_target_dag.py
[2024-05-10T07:39:47.786+0000] {logging_mixin.py:188} INFO - [2024-05-10T07:39:47.786+0000] {dag.py:3096} INFO - Sync 1 DAGs
[2024-05-10T07:39:47.797+0000] {logging_mixin.py:188} INFO - [2024-05-10T07:39:47.797+0000] {dag.py:3954} INFO - Setting next_dagrun for example_trigger_target_dag to None, run_after=None
[2024-05-10T07:39:47.846+0000] {processor.py:183} INFO - Processing /home/airflow/.local/lib/python3.12/site-packages/airflow/example_dags/example_trigger_target_dag.py took 0.094 seconds
[2024-05-10T07:40:18.780+0000] {processor.py:161} INFO - Started process (PID=2112) to work on /home/airflow/.local/lib/python3.12/site-packages/airflow/example_dags/example_trigger_target_dag.py
[2024-05-10T07:40:18.781+0000] {processor.py:830} INFO - Processing file /home/airflow/.local/lib/python3.12/site-packages/airflow/example_dags/example_trigger_target_dag.py for tasks to queue
[2024-05-10T07:40:18.783+0000] {logging_mixin.py:188} INFO - [2024-05-10T07:40:18.783+0000] {dagbag.py:540} INFO - Filling up the DagBag from /home/airflow/.local/lib/python3.12/site-packages/airflow/example_dags/example_trigger_target_dag.py
[2024-05-10T07:40:18.790+0000] {processor.py:840} INFO - DAG(s) 'example_trigger_target_dag' retrieved from /home/airflow/.local/lib/python3.12/site-packages/airflow/example_dags/example_trigger_target_dag.py
[2024-05-10T07:40:18.806+0000] {logging_mixin.py:188} INFO - [2024-05-10T07:40:18.806+0000] {dag.py:3096} INFO - Sync 1 DAGs
[2024-05-10T07:40:18.816+0000] {logging_mixin.py:188} INFO - [2024-05-10T07:40:18.815+0000] {dag.py:3954} INFO - Setting next_dagrun for example_trigger_target_dag to None, run_after=None
[2024-05-10T07:40:18.841+0000] {processor.py:183} INFO - Processing /home/airflow/.local/lib/python3.12/site-packages/airflow/example_dags/example_trigger_target_dag.py took 0.071 seconds
[2024-05-10T07:40:49.377+0000] {processor.py:161} INFO - Started process (PID=2171) to work on /home/airflow/.local/lib/python3.12/site-packages/airflow/example_dags/example_trigger_target_dag.py
[2024-05-10T07:40:49.378+0000] {processor.py:830} INFO - Processing file /home/airflow/.local/lib/python3.12/site-packages/airflow/example_dags/example_trigger_target_dag.py for tasks to queue
[2024-05-10T07:40:49.379+0000] {logging_mixin.py:188} INFO - [2024-05-10T07:40:49.379+0000] {dagbag.py:540} INFO - Filling up the DagBag from /home/airflow/.local/lib/python3.12/site-packages/airflow/example_dags/example_trigger_target_dag.py
[2024-05-10T07:40:49.386+0000] {processor.py:840} INFO - DAG(s) 'example_trigger_target_dag' retrieved from /home/airflow/.local/lib/python3.12/site-packages/airflow/example_dags/example_trigger_target_dag.py
[2024-05-10T07:40:49.402+0000] {logging_mixin.py:188} INFO - [2024-05-10T07:40:49.402+0000] {dag.py:3096} INFO - Sync 1 DAGs
[2024-05-10T07:40:49.413+0000] {logging_mixin.py:188} INFO - [2024-05-10T07:40:49.413+0000] {dag.py:3954} INFO - Setting next_dagrun for example_trigger_target_dag to None, run_after=None
[2024-05-10T07:40:49.429+0000] {processor.py:183} INFO - Processing /home/airflow/.local/lib/python3.12/site-packages/airflow/example_dags/example_trigger_target_dag.py took 0.062 seconds
[2024-05-10T07:41:20.074+0000] {processor.py:161} INFO - Started process (PID=2230) to work on /home/airflow/.local/lib/python3.12/site-packages/airflow/example_dags/example_trigger_target_dag.py
[2024-05-10T07:41:20.075+0000] {processor.py:830} INFO - Processing file /home/airflow/.local/lib/python3.12/site-packages/airflow/example_dags/example_trigger_target_dag.py for tasks to queue
[2024-05-10T07:41:20.076+0000] {logging_mixin.py:188} INFO - [2024-05-10T07:41:20.076+0000] {dagbag.py:540} INFO - Filling up the DagBag from /home/airflow/.local/lib/python3.12/site-packages/airflow/example_dags/example_trigger_target_dag.py
[2024-05-10T07:41:20.082+0000] {processor.py:840} INFO - DAG(s) 'example_trigger_target_dag' retrieved from /home/airflow/.local/lib/python3.12/site-packages/airflow/example_dags/example_trigger_target_dag.py
[2024-05-10T07:41:20.097+0000] {logging_mixin.py:188} INFO - [2024-05-10T07:41:20.097+0000] {dag.py:3096} INFO - Sync 1 DAGs
[2024-05-10T07:41:20.107+0000] {logging_mixin.py:188} INFO - [2024-05-10T07:41:20.107+0000] {dag.py:3954} INFO - Setting next_dagrun for example_trigger_target_dag to None, run_after=None
[2024-05-10T07:41:20.129+0000] {processor.py:183} INFO - Processing /home/airflow/.local/lib/python3.12/site-packages/airflow/example_dags/example_trigger_target_dag.py took 0.063 seconds
[2024-05-10T07:41:50.236+0000] {processor.py:161} INFO - Started process (PID=2289) to work on /home/airflow/.local/lib/python3.12/site-packages/airflow/example_dags/example_trigger_target_dag.py
[2024-05-10T07:41:50.236+0000] {processor.py:830} INFO - Processing file /home/airflow/.local/lib/python3.12/site-packages/airflow/example_dags/example_trigger_target_dag.py for tasks to queue
[2024-05-10T07:41:50.238+0000] {logging_mixin.py:188} INFO - [2024-05-10T07:41:50.237+0000] {dagbag.py:540} INFO - Filling up the DagBag from /home/airflow/.local/lib/python3.12/site-packages/airflow/example_dags/example_trigger_target_dag.py
[2024-05-10T07:41:50.242+0000] {processor.py:840} INFO - DAG(s) 'example_trigger_target_dag' retrieved from /home/airflow/.local/lib/python3.12/site-packages/airflow/example_dags/example_trigger_target_dag.py
[2024-05-10T07:41:50.257+0000] {logging_mixin.py:188} INFO - [2024-05-10T07:41:50.257+0000] {dag.py:3096} INFO - Sync 1 DAGs
[2024-05-10T07:41:50.267+0000] {logging_mixin.py:188} INFO - [2024-05-10T07:41:50.266+0000] {dag.py:3954} INFO - Setting next_dagrun for example_trigger_target_dag to None, run_after=None
[2024-05-10T07:41:50.285+0000] {processor.py:183} INFO - Processing /home/airflow/.local/lib/python3.12/site-packages/airflow/example_dags/example_trigger_target_dag.py took 0.053 seconds
[2024-05-10T07:42:20.587+0000] {processor.py:161} INFO - Started process (PID=2347) to work on /home/airflow/.local/lib/python3.12/site-packages/airflow/example_dags/example_trigger_target_dag.py
[2024-05-10T07:42:20.588+0000] {processor.py:830} INFO - Processing file /home/airflow/.local/lib/python3.12/site-packages/airflow/example_dags/example_trigger_target_dag.py for tasks to queue
[2024-05-10T07:42:20.590+0000] {logging_mixin.py:188} INFO - [2024-05-10T07:42:20.589+0000] {dagbag.py:540} INFO - Filling up the DagBag from /home/airflow/.local/lib/python3.12/site-packages/airflow/example_dags/example_trigger_target_dag.py
[2024-05-10T07:42:20.595+0000] {processor.py:840} INFO - DAG(s) 'example_trigger_target_dag' retrieved from /home/airflow/.local/lib/python3.12/site-packages/airflow/example_dags/example_trigger_target_dag.py
[2024-05-10T07:42:20.610+0000] {logging_mixin.py:188} INFO - [2024-05-10T07:42:20.610+0000] {dag.py:3096} INFO - Sync 1 DAGs
[2024-05-10T07:42:20.620+0000] {logging_mixin.py:188} INFO - [2024-05-10T07:42:20.620+0000] {dag.py:3954} INFO - Setting next_dagrun for example_trigger_target_dag to None, run_after=None
[2024-05-10T07:42:20.640+0000] {processor.py:183} INFO - Processing /home/airflow/.local/lib/python3.12/site-packages/airflow/example_dags/example_trigger_target_dag.py took 0.060 seconds
[2024-05-10T07:42:51.475+0000] {processor.py:161} INFO - Started process (PID=2406) to work on /home/airflow/.local/lib/python3.12/site-packages/airflow/example_dags/example_trigger_target_dag.py
[2024-05-10T07:42:51.476+0000] {processor.py:830} INFO - Processing file /home/airflow/.local/lib/python3.12/site-packages/airflow/example_dags/example_trigger_target_dag.py for tasks to queue
[2024-05-10T07:42:51.478+0000] {logging_mixin.py:188} INFO - [2024-05-10T07:42:51.478+0000] {dagbag.py:540} INFO - Filling up the DagBag from /home/airflow/.local/lib/python3.12/site-packages/airflow/example_dags/example_trigger_target_dag.py
[2024-05-10T07:42:51.484+0000] {processor.py:840} INFO - DAG(s) 'example_trigger_target_dag' retrieved from /home/airflow/.local/lib/python3.12/site-packages/airflow/example_dags/example_trigger_target_dag.py
[2024-05-10T07:42:51.499+0000] {logging_mixin.py:188} INFO - [2024-05-10T07:42:51.499+0000] {dag.py:3096} INFO - Sync 1 DAGs
[2024-05-10T07:42:51.509+0000] {logging_mixin.py:188} INFO - [2024-05-10T07:42:51.509+0000] {dag.py:3954} INFO - Setting next_dagrun for example_trigger_target_dag to None, run_after=None
[2024-05-10T07:42:51.540+0000] {processor.py:183} INFO - Processing /home/airflow/.local/lib/python3.12/site-packages/airflow/example_dags/example_trigger_target_dag.py took 0.073 seconds
[2024-05-10T07:43:22.019+0000] {processor.py:161} INFO - Started process (PID=2465) to work on /home/airflow/.local/lib/python3.12/site-packages/airflow/example_dags/example_trigger_target_dag.py
[2024-05-10T07:43:22.020+0000] {processor.py:830} INFO - Processing file /home/airflow/.local/lib/python3.12/site-packages/airflow/example_dags/example_trigger_target_dag.py for tasks to queue
[2024-05-10T07:43:22.022+0000] {logging_mixin.py:188} INFO - [2024-05-10T07:43:22.021+0000] {dagbag.py:540} INFO - Filling up the DagBag from /home/airflow/.local/lib/python3.12/site-packages/airflow/example_dags/example_trigger_target_dag.py
[2024-05-10T07:43:22.027+0000] {processor.py:840} INFO - DAG(s) 'example_trigger_target_dag' retrieved from /home/airflow/.local/lib/python3.12/site-packages/airflow/example_dags/example_trigger_target_dag.py
[2024-05-10T07:43:22.045+0000] {logging_mixin.py:188} INFO - [2024-05-10T07:43:22.045+0000] {dag.py:3096} INFO - Sync 1 DAGs
[2024-05-10T07:43:22.057+0000] {logging_mixin.py:188} INFO - [2024-05-10T07:43:22.056+0000] {dag.py:3954} INFO - Setting next_dagrun for example_trigger_target_dag to None, run_after=None
[2024-05-10T07:43:22.073+0000] {processor.py:183} INFO - Processing /home/airflow/.local/lib/python3.12/site-packages/airflow/example_dags/example_trigger_target_dag.py took 0.061 seconds
[2024-05-10T07:43:52.561+0000] {processor.py:161} INFO - Started process (PID=2524) to work on /home/airflow/.local/lib/python3.12/site-packages/airflow/example_dags/example_trigger_target_dag.py
[2024-05-10T07:43:52.562+0000] {processor.py:830} INFO - Processing file /home/airflow/.local/lib/python3.12/site-packages/airflow/example_dags/example_trigger_target_dag.py for tasks to queue
[2024-05-10T07:43:52.563+0000] {logging_mixin.py:188} INFO - [2024-05-10T07:43:52.563+0000] {dagbag.py:540} INFO - Filling up the DagBag from /home/airflow/.local/lib/python3.12/site-packages/airflow/example_dags/example_trigger_target_dag.py
[2024-05-10T07:43:52.570+0000] {processor.py:840} INFO - DAG(s) 'example_trigger_target_dag' retrieved from /home/airflow/.local/lib/python3.12/site-packages/airflow/example_dags/example_trigger_target_dag.py
[2024-05-10T07:43:52.586+0000] {logging_mixin.py:188} INFO - [2024-05-10T07:43:52.586+0000] {dag.py:3096} INFO - Sync 1 DAGs
[2024-05-10T07:43:52.595+0000] {logging_mixin.py:188} INFO - [2024-05-10T07:43:52.595+0000] {dag.py:3954} INFO - Setting next_dagrun for example_trigger_target_dag to None, run_after=None
[2024-05-10T07:43:52.617+0000] {processor.py:183} INFO - Processing /home/airflow/.local/lib/python3.12/site-packages/airflow/example_dags/example_trigger_target_dag.py took 0.064 seconds
[2024-05-10T07:44:23.134+0000] {processor.py:161} INFO - Started process (PID=2583) to work on /home/airflow/.local/lib/python3.12/site-packages/airflow/example_dags/example_trigger_target_dag.py
[2024-05-10T07:44:23.135+0000] {processor.py:830} INFO - Processing file /home/airflow/.local/lib/python3.12/site-packages/airflow/example_dags/example_trigger_target_dag.py for tasks to queue
[2024-05-10T07:44:23.137+0000] {logging_mixin.py:188} INFO - [2024-05-10T07:44:23.137+0000] {dagbag.py:540} INFO - Filling up the DagBag from /home/airflow/.local/lib/python3.12/site-packages/airflow/example_dags/example_trigger_target_dag.py
[2024-05-10T07:44:23.143+0000] {processor.py:840} INFO - DAG(s) 'example_trigger_target_dag' retrieved from /home/airflow/.local/lib/python3.12/site-packages/airflow/example_dags/example_trigger_target_dag.py
[2024-05-10T07:44:23.160+0000] {logging_mixin.py:188} INFO - [2024-05-10T07:44:23.160+0000] {dag.py:3096} INFO - Sync 1 DAGs
[2024-05-10T07:44:23.171+0000] {logging_mixin.py:188} INFO - [2024-05-10T07:44:23.171+0000] {dag.py:3954} INFO - Setting next_dagrun for example_trigger_target_dag to None, run_after=None
[2024-05-10T07:44:23.220+0000] {processor.py:183} INFO - Processing /home/airflow/.local/lib/python3.12/site-packages/airflow/example_dags/example_trigger_target_dag.py took 0.095 seconds
[2024-05-10T07:44:53.636+0000] {processor.py:161} INFO - Started process (PID=2642) to work on /home/airflow/.local/lib/python3.12/site-packages/airflow/example_dags/example_trigger_target_dag.py
[2024-05-10T07:44:53.636+0000] {processor.py:830} INFO - Processing file /home/airflow/.local/lib/python3.12/site-packages/airflow/example_dags/example_trigger_target_dag.py for tasks to queue
[2024-05-10T07:44:53.638+0000] {logging_mixin.py:188} INFO - [2024-05-10T07:44:53.637+0000] {dagbag.py:540} INFO - Filling up the DagBag from /home/airflow/.local/lib/python3.12/site-packages/airflow/example_dags/example_trigger_target_dag.py
[2024-05-10T07:44:53.642+0000] {processor.py:840} INFO - DAG(s) 'example_trigger_target_dag' retrieved from /home/airflow/.local/lib/python3.12/site-packages/airflow/example_dags/example_trigger_target_dag.py
[2024-05-10T07:44:53.657+0000] {logging_mixin.py:188} INFO - [2024-05-10T07:44:53.657+0000] {dag.py:3096} INFO - Sync 1 DAGs
[2024-05-10T07:44:53.668+0000] {logging_mixin.py:188} INFO - [2024-05-10T07:44:53.667+0000] {dag.py:3954} INFO - Setting next_dagrun for example_trigger_target_dag to None, run_after=None
[2024-05-10T07:44:53.684+0000] {processor.py:183} INFO - Processing /home/airflow/.local/lib/python3.12/site-packages/airflow/example_dags/example_trigger_target_dag.py took 0.053 seconds
[2024-05-10T07:45:24.235+0000] {processor.py:161} INFO - Started process (PID=2702) to work on /home/airflow/.local/lib/python3.12/site-packages/airflow/example_dags/example_trigger_target_dag.py
[2024-05-10T07:45:24.235+0000] {processor.py:830} INFO - Processing file /home/airflow/.local/lib/python3.12/site-packages/airflow/example_dags/example_trigger_target_dag.py for tasks to queue
[2024-05-10T07:45:24.237+0000] {logging_mixin.py:188} INFO - [2024-05-10T07:45:24.236+0000] {dagbag.py:540} INFO - Filling up the DagBag from /home/airflow/.local/lib/python3.12/site-packages/airflow/example_dags/example_trigger_target_dag.py
[2024-05-10T07:45:24.245+0000] {processor.py:840} INFO - DAG(s) 'example_trigger_target_dag' retrieved from /home/airflow/.local/lib/python3.12/site-packages/airflow/example_dags/example_trigger_target_dag.py
[2024-05-10T07:45:24.265+0000] {logging_mixin.py:188} INFO - [2024-05-10T07:45:24.265+0000] {dag.py:3096} INFO - Sync 1 DAGs
[2024-05-10T07:45:24.276+0000] {logging_mixin.py:188} INFO - [2024-05-10T07:45:24.276+0000] {dag.py:3954} INFO - Setting next_dagrun for example_trigger_target_dag to None, run_after=None
[2024-05-10T07:45:24.294+0000] {processor.py:183} INFO - Processing /home/airflow/.local/lib/python3.12/site-packages/airflow/example_dags/example_trigger_target_dag.py took 0.069 seconds
[2024-05-10T07:45:54.908+0000] {processor.py:161} INFO - Started process (PID=2761) to work on /home/airflow/.local/lib/python3.12/site-packages/airflow/example_dags/example_trigger_target_dag.py
[2024-05-10T07:45:54.909+0000] {processor.py:830} INFO - Processing file /home/airflow/.local/lib/python3.12/site-packages/airflow/example_dags/example_trigger_target_dag.py for tasks to queue
[2024-05-10T07:45:54.910+0000] {logging_mixin.py:188} INFO - [2024-05-10T07:45:54.909+0000] {dagbag.py:540} INFO - Filling up the DagBag from /home/airflow/.local/lib/python3.12/site-packages/airflow/example_dags/example_trigger_target_dag.py
[2024-05-10T07:45:54.916+0000] {processor.py:840} INFO - DAG(s) 'example_trigger_target_dag' retrieved from /home/airflow/.local/lib/python3.12/site-packages/airflow/example_dags/example_trigger_target_dag.py
[2024-05-10T07:45:54.932+0000] {logging_mixin.py:188} INFO - [2024-05-10T07:45:54.932+0000] {dag.py:3096} INFO - Sync 1 DAGs
[2024-05-10T07:45:54.942+0000] {logging_mixin.py:188} INFO - [2024-05-10T07:45:54.942+0000] {dag.py:3954} INFO - Setting next_dagrun for example_trigger_target_dag to None, run_after=None
[2024-05-10T07:45:54.962+0000] {processor.py:183} INFO - Processing /home/airflow/.local/lib/python3.12/site-packages/airflow/example_dags/example_trigger_target_dag.py took 0.061 seconds
[2024-05-10T07:46:25.585+0000] {processor.py:161} INFO - Started process (PID=2819) to work on /home/airflow/.local/lib/python3.12/site-packages/airflow/example_dags/example_trigger_target_dag.py
[2024-05-10T07:46:25.588+0000] {processor.py:830} INFO - Processing file /home/airflow/.local/lib/python3.12/site-packages/airflow/example_dags/example_trigger_target_dag.py for tasks to queue
[2024-05-10T07:46:25.589+0000] {logging_mixin.py:188} INFO - [2024-05-10T07:46:25.588+0000] {dagbag.py:540} INFO - Filling up the DagBag from /home/airflow/.local/lib/python3.12/site-packages/airflow/example_dags/example_trigger_target_dag.py
[2024-05-10T07:46:25.594+0000] {processor.py:840} INFO - DAG(s) 'example_trigger_target_dag' retrieved from /home/airflow/.local/lib/python3.12/site-packages/airflow/example_dags/example_trigger_target_dag.py
[2024-05-10T07:46:25.617+0000] {logging_mixin.py:188} INFO - [2024-05-10T07:46:25.617+0000] {dag.py:3096} INFO - Sync 1 DAGs
[2024-05-10T07:46:25.630+0000] {logging_mixin.py:188} INFO - [2024-05-10T07:46:25.630+0000] {dag.py:3954} INFO - Setting next_dagrun for example_trigger_target_dag to None, run_after=None
[2024-05-10T07:46:25.661+0000] {processor.py:183} INFO - Processing /home/airflow/.local/lib/python3.12/site-packages/airflow/example_dags/example_trigger_target_dag.py took 0.082 seconds
[2024-05-10T07:46:56.183+0000] {processor.py:161} INFO - Started process (PID=2876) to work on /home/airflow/.local/lib/python3.12/site-packages/airflow/example_dags/example_trigger_target_dag.py
[2024-05-10T07:46:56.184+0000] {processor.py:830} INFO - Processing file /home/airflow/.local/lib/python3.12/site-packages/airflow/example_dags/example_trigger_target_dag.py for tasks to queue
[2024-05-10T07:46:56.184+0000] {logging_mixin.py:188} INFO - [2024-05-10T07:46:56.184+0000] {dagbag.py:540} INFO - Filling up the DagBag from /home/airflow/.local/lib/python3.12/site-packages/airflow/example_dags/example_trigger_target_dag.py
[2024-05-10T07:46:56.190+0000] {processor.py:840} INFO - DAG(s) 'example_trigger_target_dag' retrieved from /home/airflow/.local/lib/python3.12/site-packages/airflow/example_dags/example_trigger_target_dag.py
[2024-05-10T07:46:56.214+0000] {logging_mixin.py:188} INFO - [2024-05-10T07:46:56.214+0000] {dag.py:3096} INFO - Sync 1 DAGs
[2024-05-10T07:46:56.225+0000] {logging_mixin.py:188} INFO - [2024-05-10T07:46:56.225+0000] {dag.py:3954} INFO - Setting next_dagrun for example_trigger_target_dag to None, run_after=None
[2024-05-10T07:46:56.243+0000] {processor.py:183} INFO - Processing /home/airflow/.local/lib/python3.12/site-packages/airflow/example_dags/example_trigger_target_dag.py took 0.066 seconds
[2024-05-10T07:47:26.441+0000] {processor.py:161} INFO - Started process (PID=2934) to work on /home/airflow/.local/lib/python3.12/site-packages/airflow/example_dags/example_trigger_target_dag.py
[2024-05-10T07:47:26.442+0000] {processor.py:830} INFO - Processing file /home/airflow/.local/lib/python3.12/site-packages/airflow/example_dags/example_trigger_target_dag.py for tasks to queue
[2024-05-10T07:47:26.442+0000] {logging_mixin.py:188} INFO - [2024-05-10T07:47:26.442+0000] {dagbag.py:540} INFO - Filling up the DagBag from /home/airflow/.local/lib/python3.12/site-packages/airflow/example_dags/example_trigger_target_dag.py
[2024-05-10T07:47:26.447+0000] {processor.py:840} INFO - DAG(s) 'example_trigger_target_dag' retrieved from /home/airflow/.local/lib/python3.12/site-packages/airflow/example_dags/example_trigger_target_dag.py
[2024-05-10T07:47:26.466+0000] {logging_mixin.py:188} INFO - [2024-05-10T07:47:26.466+0000] {dag.py:3096} INFO - Sync 1 DAGs
[2024-05-10T07:47:26.478+0000] {logging_mixin.py:188} INFO - [2024-05-10T07:47:26.477+0000] {dag.py:3954} INFO - Setting next_dagrun for example_trigger_target_dag to None, run_after=None
[2024-05-10T07:47:26.496+0000] {processor.py:183} INFO - Processing /home/airflow/.local/lib/python3.12/site-packages/airflow/example_dags/example_trigger_target_dag.py took 0.060 seconds
[2024-05-10T07:47:56.818+0000] {processor.py:161} INFO - Started process (PID=2992) to work on /home/airflow/.local/lib/python3.12/site-packages/airflow/example_dags/example_trigger_target_dag.py
[2024-05-10T07:47:56.818+0000] {processor.py:830} INFO - Processing file /home/airflow/.local/lib/python3.12/site-packages/airflow/example_dags/example_trigger_target_dag.py for tasks to queue
[2024-05-10T07:47:56.819+0000] {logging_mixin.py:188} INFO - [2024-05-10T07:47:56.819+0000] {dagbag.py:540} INFO - Filling up the DagBag from /home/airflow/.local/lib/python3.12/site-packages/airflow/example_dags/example_trigger_target_dag.py
[2024-05-10T07:47:56.824+0000] {processor.py:840} INFO - DAG(s) 'example_trigger_target_dag' retrieved from /home/airflow/.local/lib/python3.12/site-packages/airflow/example_dags/example_trigger_target_dag.py
[2024-05-10T07:47:56.843+0000] {logging_mixin.py:188} INFO - [2024-05-10T07:47:56.843+0000] {dag.py:3096} INFO - Sync 1 DAGs
[2024-05-10T07:47:56.853+0000] {logging_mixin.py:188} INFO - [2024-05-10T07:47:56.853+0000] {dag.py:3954} INFO - Setting next_dagrun for example_trigger_target_dag to None, run_after=None
[2024-05-10T07:47:56.879+0000] {processor.py:183} INFO - Processing /home/airflow/.local/lib/python3.12/site-packages/airflow/example_dags/example_trigger_target_dag.py took 0.066 seconds
[2024-05-10T07:48:27.690+0000] {processor.py:161} INFO - Started process (PID=3050) to work on /home/airflow/.local/lib/python3.12/site-packages/airflow/example_dags/example_trigger_target_dag.py
[2024-05-10T07:48:27.691+0000] {processor.py:830} INFO - Processing file /home/airflow/.local/lib/python3.12/site-packages/airflow/example_dags/example_trigger_target_dag.py for tasks to queue
[2024-05-10T07:48:27.692+0000] {logging_mixin.py:188} INFO - [2024-05-10T07:48:27.691+0000] {dagbag.py:540} INFO - Filling up the DagBag from /home/airflow/.local/lib/python3.12/site-packages/airflow/example_dags/example_trigger_target_dag.py
[2024-05-10T07:48:27.697+0000] {processor.py:840} INFO - DAG(s) 'example_trigger_target_dag' retrieved from /home/airflow/.local/lib/python3.12/site-packages/airflow/example_dags/example_trigger_target_dag.py
[2024-05-10T07:48:27.725+0000] {logging_mixin.py:188} INFO - [2024-05-10T07:48:27.725+0000] {dag.py:3096} INFO - Sync 1 DAGs
[2024-05-10T07:48:27.740+0000] {logging_mixin.py:188} INFO - [2024-05-10T07:48:27.739+0000] {dag.py:3954} INFO - Setting next_dagrun for example_trigger_target_dag to None, run_after=None
[2024-05-10T07:48:27.766+0000] {processor.py:183} INFO - Processing /home/airflow/.local/lib/python3.12/site-packages/airflow/example_dags/example_trigger_target_dag.py took 0.080 seconds
[2024-05-10T07:48:57.943+0000] {processor.py:161} INFO - Started process (PID=3108) to work on /home/airflow/.local/lib/python3.12/site-packages/airflow/example_dags/example_trigger_target_dag.py
[2024-05-10T07:48:57.943+0000] {processor.py:830} INFO - Processing file /home/airflow/.local/lib/python3.12/site-packages/airflow/example_dags/example_trigger_target_dag.py for tasks to queue
[2024-05-10T07:48:57.944+0000] {logging_mixin.py:188} INFO - [2024-05-10T07:48:57.944+0000] {dagbag.py:540} INFO - Filling up the DagBag from /home/airflow/.local/lib/python3.12/site-packages/airflow/example_dags/example_trigger_target_dag.py
[2024-05-10T07:48:57.951+0000] {processor.py:840} INFO - DAG(s) 'example_trigger_target_dag' retrieved from /home/airflow/.local/lib/python3.12/site-packages/airflow/example_dags/example_trigger_target_dag.py
[2024-05-10T07:48:57.970+0000] {logging_mixin.py:188} INFO - [2024-05-10T07:48:57.970+0000] {dag.py:3096} INFO - Sync 1 DAGs
[2024-05-10T07:48:57.988+0000] {logging_mixin.py:188} INFO - [2024-05-10T07:48:57.987+0000] {dag.py:3954} INFO - Setting next_dagrun for example_trigger_target_dag to None, run_after=None
[2024-05-10T07:48:58.009+0000] {processor.py:183} INFO - Processing /home/airflow/.local/lib/python3.12/site-packages/airflow/example_dags/example_trigger_target_dag.py took 0.073 seconds
[2024-05-10T07:49:28.228+0000] {processor.py:161} INFO - Started process (PID=3166) to work on /home/airflow/.local/lib/python3.12/site-packages/airflow/example_dags/example_trigger_target_dag.py
[2024-05-10T07:49:28.228+0000] {processor.py:830} INFO - Processing file /home/airflow/.local/lib/python3.12/site-packages/airflow/example_dags/example_trigger_target_dag.py for tasks to queue
[2024-05-10T07:49:28.229+0000] {logging_mixin.py:188} INFO - [2024-05-10T07:49:28.229+0000] {dagbag.py:540} INFO - Filling up the DagBag from /home/airflow/.local/lib/python3.12/site-packages/airflow/example_dags/example_trigger_target_dag.py
[2024-05-10T07:49:28.234+0000] {processor.py:840} INFO - DAG(s) 'example_trigger_target_dag' retrieved from /home/airflow/.local/lib/python3.12/site-packages/airflow/example_dags/example_trigger_target_dag.py
[2024-05-10T07:49:28.249+0000] {logging_mixin.py:188} INFO - [2024-05-10T07:49:28.249+0000] {dag.py:3096} INFO - Sync 1 DAGs
[2024-05-10T07:49:28.260+0000] {logging_mixin.py:188} INFO - [2024-05-10T07:49:28.260+0000] {dag.py:3954} INFO - Setting next_dagrun for example_trigger_target_dag to None, run_after=None
[2024-05-10T07:49:28.278+0000] {processor.py:183} INFO - Processing /home/airflow/.local/lib/python3.12/site-packages/airflow/example_dags/example_trigger_target_dag.py took 0.055 seconds
[2024-05-10T07:49:58.471+0000] {processor.py:161} INFO - Started process (PID=3224) to work on /home/airflow/.local/lib/python3.12/site-packages/airflow/example_dags/example_trigger_target_dag.py
[2024-05-10T07:49:58.473+0000] {processor.py:830} INFO - Processing file /home/airflow/.local/lib/python3.12/site-packages/airflow/example_dags/example_trigger_target_dag.py for tasks to queue
[2024-05-10T07:49:58.474+0000] {logging_mixin.py:188} INFO - [2024-05-10T07:49:58.473+0000] {dagbag.py:540} INFO - Filling up the DagBag from /home/airflow/.local/lib/python3.12/site-packages/airflow/example_dags/example_trigger_target_dag.py
[2024-05-10T07:49:58.479+0000] {processor.py:840} INFO - DAG(s) 'example_trigger_target_dag' retrieved from /home/airflow/.local/lib/python3.12/site-packages/airflow/example_dags/example_trigger_target_dag.py
[2024-05-10T07:49:58.499+0000] {logging_mixin.py:188} INFO - [2024-05-10T07:49:58.498+0000] {dag.py:3096} INFO - Sync 1 DAGs
[2024-05-10T07:49:58.512+0000] {logging_mixin.py:188} INFO - [2024-05-10T07:49:58.512+0000] {dag.py:3954} INFO - Setting next_dagrun for example_trigger_target_dag to None, run_after=None
[2024-05-10T07:49:58.546+0000] {processor.py:183} INFO - Processing /home/airflow/.local/lib/python3.12/site-packages/airflow/example_dags/example_trigger_target_dag.py took 0.083 seconds
[2024-05-10T07:50:29.352+0000] {processor.py:161} INFO - Started process (PID=3282) to work on /home/airflow/.local/lib/python3.12/site-packages/airflow/example_dags/example_trigger_target_dag.py
[2024-05-10T07:50:29.353+0000] {processor.py:830} INFO - Processing file /home/airflow/.local/lib/python3.12/site-packages/airflow/example_dags/example_trigger_target_dag.py for tasks to queue
[2024-05-10T07:50:29.354+0000] {logging_mixin.py:188} INFO - [2024-05-10T07:50:29.354+0000] {dagbag.py:540} INFO - Filling up the DagBag from /home/airflow/.local/lib/python3.12/site-packages/airflow/example_dags/example_trigger_target_dag.py
[2024-05-10T07:50:29.361+0000] {processor.py:840} INFO - DAG(s) 'example_trigger_target_dag' retrieved from /home/airflow/.local/lib/python3.12/site-packages/airflow/example_dags/example_trigger_target_dag.py
[2024-05-10T07:50:29.403+0000] {logging_mixin.py:188} INFO - [2024-05-10T07:50:29.403+0000] {dag.py:3096} INFO - Sync 1 DAGs
[2024-05-10T07:50:29.423+0000] {logging_mixin.py:188} INFO - [2024-05-10T07:50:29.423+0000] {dag.py:3954} INFO - Setting next_dagrun for example_trigger_target_dag to None, run_after=None
[2024-05-10T07:50:29.459+0000] {processor.py:183} INFO - Processing /home/airflow/.local/lib/python3.12/site-packages/airflow/example_dags/example_trigger_target_dag.py took 0.114 seconds
[2024-05-10T07:50:59.632+0000] {processor.py:161} INFO - Started process (PID=3340) to work on /home/airflow/.local/lib/python3.12/site-packages/airflow/example_dags/example_trigger_target_dag.py
[2024-05-10T07:50:59.633+0000] {processor.py:830} INFO - Processing file /home/airflow/.local/lib/python3.12/site-packages/airflow/example_dags/example_trigger_target_dag.py for tasks to queue
[2024-05-10T07:50:59.634+0000] {logging_mixin.py:188} INFO - [2024-05-10T07:50:59.633+0000] {dagbag.py:540} INFO - Filling up the DagBag from /home/airflow/.local/lib/python3.12/site-packages/airflow/example_dags/example_trigger_target_dag.py
[2024-05-10T07:50:59.639+0000] {processor.py:840} INFO - DAG(s) 'example_trigger_target_dag' retrieved from /home/airflow/.local/lib/python3.12/site-packages/airflow/example_dags/example_trigger_target_dag.py
[2024-05-10T07:50:59.656+0000] {logging_mixin.py:188} INFO - [2024-05-10T07:50:59.656+0000] {dag.py:3096} INFO - Sync 1 DAGs
[2024-05-10T07:50:59.668+0000] {logging_mixin.py:188} INFO - [2024-05-10T07:50:59.668+0000] {dag.py:3954} INFO - Setting next_dagrun for example_trigger_target_dag to None, run_after=None
[2024-05-10T07:50:59.692+0000] {processor.py:183} INFO - Processing /home/airflow/.local/lib/python3.12/site-packages/airflow/example_dags/example_trigger_target_dag.py took 0.066 seconds
[2024-05-10T07:51:29.854+0000] {processor.py:161} INFO - Started process (PID=3397) to work on /home/airflow/.local/lib/python3.12/site-packages/airflow/example_dags/example_trigger_target_dag.py
[2024-05-10T07:51:29.855+0000] {processor.py:830} INFO - Processing file /home/airflow/.local/lib/python3.12/site-packages/airflow/example_dags/example_trigger_target_dag.py for tasks to queue
[2024-05-10T07:51:29.856+0000] {logging_mixin.py:188} INFO - [2024-05-10T07:51:29.855+0000] {dagbag.py:540} INFO - Filling up the DagBag from /home/airflow/.local/lib/python3.12/site-packages/airflow/example_dags/example_trigger_target_dag.py
[2024-05-10T07:51:29.860+0000] {processor.py:840} INFO - DAG(s) 'example_trigger_target_dag' retrieved from /home/airflow/.local/lib/python3.12/site-packages/airflow/example_dags/example_trigger_target_dag.py
[2024-05-10T07:51:29.875+0000] {logging_mixin.py:188} INFO - [2024-05-10T07:51:29.875+0000] {dag.py:3096} INFO - Sync 1 DAGs
[2024-05-10T07:51:29.885+0000] {logging_mixin.py:188} INFO - [2024-05-10T07:51:29.885+0000] {dag.py:3954} INFO - Setting next_dagrun for example_trigger_target_dag to None, run_after=None
[2024-05-10T07:51:29.903+0000] {processor.py:183} INFO - Processing /home/airflow/.local/lib/python3.12/site-packages/airflow/example_dags/example_trigger_target_dag.py took 0.053 seconds
[2024-05-10T07:52:00.052+0000] {processor.py:161} INFO - Started process (PID=3455) to work on /home/airflow/.local/lib/python3.12/site-packages/airflow/example_dags/example_trigger_target_dag.py
[2024-05-10T07:52:00.053+0000] {processor.py:830} INFO - Processing file /home/airflow/.local/lib/python3.12/site-packages/airflow/example_dags/example_trigger_target_dag.py for tasks to queue
[2024-05-10T07:52:00.054+0000] {logging_mixin.py:188} INFO - [2024-05-10T07:52:00.053+0000] {dagbag.py:540} INFO - Filling up the DagBag from /home/airflow/.local/lib/python3.12/site-packages/airflow/example_dags/example_trigger_target_dag.py
[2024-05-10T07:52:00.060+0000] {processor.py:840} INFO - DAG(s) 'example_trigger_target_dag' retrieved from /home/airflow/.local/lib/python3.12/site-packages/airflow/example_dags/example_trigger_target_dag.py
[2024-05-10T07:52:00.077+0000] {logging_mixin.py:188} INFO - [2024-05-10T07:52:00.077+0000] {dag.py:3096} INFO - Sync 1 DAGs
[2024-05-10T07:52:00.089+0000] {logging_mixin.py:188} INFO - [2024-05-10T07:52:00.088+0000] {dag.py:3954} INFO - Setting next_dagrun for example_trigger_target_dag to None, run_after=None
[2024-05-10T07:52:00.106+0000] {processor.py:183} INFO - Processing /home/airflow/.local/lib/python3.12/site-packages/airflow/example_dags/example_trigger_target_dag.py took 0.062 seconds
[2024-05-10T07:52:30.183+0000] {processor.py:161} INFO - Started process (PID=3513) to work on /home/airflow/.local/lib/python3.12/site-packages/airflow/example_dags/example_trigger_target_dag.py
[2024-05-10T07:52:30.184+0000] {processor.py:830} INFO - Processing file /home/airflow/.local/lib/python3.12/site-packages/airflow/example_dags/example_trigger_target_dag.py for tasks to queue
[2024-05-10T07:52:30.184+0000] {logging_mixin.py:188} INFO - [2024-05-10T07:52:30.184+0000] {dagbag.py:540} INFO - Filling up the DagBag from /home/airflow/.local/lib/python3.12/site-packages/airflow/example_dags/example_trigger_target_dag.py
[2024-05-10T07:52:30.191+0000] {processor.py:840} INFO - DAG(s) 'example_trigger_target_dag' retrieved from /home/airflow/.local/lib/python3.12/site-packages/airflow/example_dags/example_trigger_target_dag.py
[2024-05-10T07:52:30.207+0000] {logging_mixin.py:188} INFO - [2024-05-10T07:52:30.206+0000] {dag.py:3096} INFO - Sync 1 DAGs
[2024-05-10T07:52:30.217+0000] {logging_mixin.py:188} INFO - [2024-05-10T07:52:30.217+0000] {dag.py:3954} INFO - Setting next_dagrun for example_trigger_target_dag to None, run_after=None
[2024-05-10T07:52:30.260+0000] {processor.py:183} INFO - Processing /home/airflow/.local/lib/python3.12/site-packages/airflow/example_dags/example_trigger_target_dag.py took 0.085 seconds
[2024-05-10T07:53:00.316+0000] {processor.py:161} INFO - Started process (PID=3571) to work on /home/airflow/.local/lib/python3.12/site-packages/airflow/example_dags/example_trigger_target_dag.py
[2024-05-10T07:53:00.316+0000] {processor.py:830} INFO - Processing file /home/airflow/.local/lib/python3.12/site-packages/airflow/example_dags/example_trigger_target_dag.py for tasks to queue
[2024-05-10T07:53:00.317+0000] {logging_mixin.py:188} INFO - [2024-05-10T07:53:00.317+0000] {dagbag.py:540} INFO - Filling up the DagBag from /home/airflow/.local/lib/python3.12/site-packages/airflow/example_dags/example_trigger_target_dag.py
[2024-05-10T07:53:00.322+0000] {processor.py:840} INFO - DAG(s) 'example_trigger_target_dag' retrieved from /home/airflow/.local/lib/python3.12/site-packages/airflow/example_dags/example_trigger_target_dag.py
[2024-05-10T07:53:00.336+0000] {logging_mixin.py:188} INFO - [2024-05-10T07:53:00.336+0000] {dag.py:3096} INFO - Sync 1 DAGs
[2024-05-10T07:53:00.346+0000] {logging_mixin.py:188} INFO - [2024-05-10T07:53:00.346+0000] {dag.py:3954} INFO - Setting next_dagrun for example_trigger_target_dag to None, run_after=None
[2024-05-10T07:53:00.372+0000] {processor.py:183} INFO - Processing /home/airflow/.local/lib/python3.12/site-packages/airflow/example_dags/example_trigger_target_dag.py took 0.061 seconds
[2024-05-10T07:53:30.866+0000] {processor.py:161} INFO - Started process (PID=3628) to work on /home/airflow/.local/lib/python3.12/site-packages/airflow/example_dags/example_trigger_target_dag.py
[2024-05-10T07:53:30.867+0000] {processor.py:830} INFO - Processing file /home/airflow/.local/lib/python3.12/site-packages/airflow/example_dags/example_trigger_target_dag.py for tasks to queue
[2024-05-10T07:53:30.868+0000] {logging_mixin.py:188} INFO - [2024-05-10T07:53:30.868+0000] {dagbag.py:540} INFO - Filling up the DagBag from /home/airflow/.local/lib/python3.12/site-packages/airflow/example_dags/example_trigger_target_dag.py
[2024-05-10T07:53:30.875+0000] {processor.py:840} INFO - DAG(s) 'example_trigger_target_dag' retrieved from /home/airflow/.local/lib/python3.12/site-packages/airflow/example_dags/example_trigger_target_dag.py
[2024-05-10T07:53:30.893+0000] {logging_mixin.py:188} INFO - [2024-05-10T07:53:30.892+0000] {dag.py:3096} INFO - Sync 1 DAGs
[2024-05-10T07:53:30.908+0000] {logging_mixin.py:188} INFO - [2024-05-10T07:53:30.908+0000] {dag.py:3954} INFO - Setting next_dagrun for example_trigger_target_dag to None, run_after=None
[2024-05-10T07:53:30.927+0000] {processor.py:183} INFO - Processing /home/airflow/.local/lib/python3.12/site-packages/airflow/example_dags/example_trigger_target_dag.py took 0.072 seconds
[2024-05-10T07:54:01.340+0000] {processor.py:161} INFO - Started process (PID=3686) to work on /home/airflow/.local/lib/python3.12/site-packages/airflow/example_dags/example_trigger_target_dag.py
[2024-05-10T07:54:01.341+0000] {processor.py:830} INFO - Processing file /home/airflow/.local/lib/python3.12/site-packages/airflow/example_dags/example_trigger_target_dag.py for tasks to queue
[2024-05-10T07:54:01.342+0000] {logging_mixin.py:188} INFO - [2024-05-10T07:54:01.341+0000] {dagbag.py:540} INFO - Filling up the DagBag from /home/airflow/.local/lib/python3.12/site-packages/airflow/example_dags/example_trigger_target_dag.py
[2024-05-10T07:54:01.347+0000] {processor.py:840} INFO - DAG(s) 'example_trigger_target_dag' retrieved from /home/airflow/.local/lib/python3.12/site-packages/airflow/example_dags/example_trigger_target_dag.py
[2024-05-10T07:54:01.362+0000] {logging_mixin.py:188} INFO - [2024-05-10T07:54:01.362+0000] {dag.py:3096} INFO - Sync 1 DAGs
[2024-05-10T07:54:01.373+0000] {logging_mixin.py:188} INFO - [2024-05-10T07:54:01.372+0000] {dag.py:3954} INFO - Setting next_dagrun for example_trigger_target_dag to None, run_after=None
[2024-05-10T07:54:01.394+0000] {processor.py:183} INFO - Processing /home/airflow/.local/lib/python3.12/site-packages/airflow/example_dags/example_trigger_target_dag.py took 0.062 seconds
[2024-05-10T07:54:31.900+0000] {processor.py:161} INFO - Started process (PID=3743) to work on /home/airflow/.local/lib/python3.12/site-packages/airflow/example_dags/example_trigger_target_dag.py
[2024-05-10T07:54:31.901+0000] {processor.py:830} INFO - Processing file /home/airflow/.local/lib/python3.12/site-packages/airflow/example_dags/example_trigger_target_dag.py for tasks to queue
[2024-05-10T07:54:31.902+0000] {logging_mixin.py:188} INFO - [2024-05-10T07:54:31.902+0000] {dagbag.py:540} INFO - Filling up the DagBag from /home/airflow/.local/lib/python3.12/site-packages/airflow/example_dags/example_trigger_target_dag.py
[2024-05-10T07:54:31.908+0000] {processor.py:840} INFO - DAG(s) 'example_trigger_target_dag' retrieved from /home/airflow/.local/lib/python3.12/site-packages/airflow/example_dags/example_trigger_target_dag.py
[2024-05-10T07:54:31.924+0000] {logging_mixin.py:188} INFO - [2024-05-10T07:54:31.924+0000] {dag.py:3096} INFO - Sync 1 DAGs
[2024-05-10T07:54:31.934+0000] {logging_mixin.py:188} INFO - [2024-05-10T07:54:31.933+0000] {dag.py:3954} INFO - Setting next_dagrun for example_trigger_target_dag to None, run_after=None
[2024-05-10T07:54:31.950+0000] {processor.py:183} INFO - Processing /home/airflow/.local/lib/python3.12/site-packages/airflow/example_dags/example_trigger_target_dag.py took 0.057 seconds
[2024-05-10T07:55:02.579+0000] {processor.py:161} INFO - Started process (PID=3801) to work on /home/airflow/.local/lib/python3.12/site-packages/airflow/example_dags/example_trigger_target_dag.py
[2024-05-10T07:55:02.582+0000] {processor.py:830} INFO - Processing file /home/airflow/.local/lib/python3.12/site-packages/airflow/example_dags/example_trigger_target_dag.py for tasks to queue
[2024-05-10T07:55:02.585+0000] {logging_mixin.py:188} INFO - [2024-05-10T07:55:02.584+0000] {dagbag.py:540} INFO - Filling up the DagBag from /home/airflow/.local/lib/python3.12/site-packages/airflow/example_dags/example_trigger_target_dag.py
[2024-05-10T07:55:02.604+0000] {processor.py:840} INFO - DAG(s) 'example_trigger_target_dag' retrieved from /home/airflow/.local/lib/python3.12/site-packages/airflow/example_dags/example_trigger_target_dag.py
[2024-05-10T07:55:02.637+0000] {logging_mixin.py:188} INFO - [2024-05-10T07:55:02.637+0000] {dag.py:3096} INFO - Sync 1 DAGs
[2024-05-10T07:55:02.652+0000] {logging_mixin.py:188} INFO - [2024-05-10T07:55:02.652+0000] {dag.py:3954} INFO - Setting next_dagrun for example_trigger_target_dag to None, run_after=None
[2024-05-10T07:55:02.672+0000] {processor.py:183} INFO - Processing /home/airflow/.local/lib/python3.12/site-packages/airflow/example_dags/example_trigger_target_dag.py took 0.113 seconds
