[2024-05-10T07:22:24.660+0000] {processor.py:161} INFO - Started process (PID=64) to work on /home/airflow/.local/lib/python3.12/site-packages/airflow/example_dags/example_setup_teardown.py
[2024-05-10T07:22:24.660+0000] {processor.py:830} INFO - Processing file /home/airflow/.local/lib/python3.12/site-packages/airflow/example_dags/example_setup_teardown.py for tasks to queue
[2024-05-10T07:22:24.661+0000] {logging_mixin.py:188} INFO - [2024-05-10T07:22:24.661+0000] {dagbag.py:540} INFO - Filling up the DagBag from /home/airflow/.local/lib/python3.12/site-packages/airflow/example_dags/example_setup_teardown.py
[2024-05-10T07:22:24.669+0000] {processor.py:840} INFO - DAG(s) 'example_setup_teardown' retrieved from /home/airflow/.local/lib/python3.12/site-packages/airflow/example_dags/example_setup_teardown.py
[2024-05-10T07:22:24.678+0000] {logging_mixin.py:188} INFO - [2024-05-10T07:22:24.678+0000] {dag.py:3096} INFO - Sync 1 DAGs
[2024-05-10T07:22:24.698+0000] {logging_mixin.py:188} INFO - [2024-05-10T07:22:24.697+0000] {dag.py:3954} INFO - Setting next_dagrun for example_setup_teardown to 2024-05-09 00:00:00+00:00, run_after=2024-05-10 00:00:00+00:00
[2024-05-10T07:22:24.719+0000] {processor.py:183} INFO - Processing /home/airflow/.local/lib/python3.12/site-packages/airflow/example_dags/example_setup_teardown.py took 0.064 seconds
[2024-05-10T07:22:56.749+0000] {processor.py:161} INFO - Started process (PID=122) to work on /home/airflow/.local/lib/python3.12/site-packages/airflow/example_dags/example_setup_teardown.py
[2024-05-10T07:22:56.751+0000] {processor.py:830} INFO - Processing file /home/airflow/.local/lib/python3.12/site-packages/airflow/example_dags/example_setup_teardown.py for tasks to queue
[2024-05-10T07:22:56.754+0000] {logging_mixin.py:188} INFO - [2024-05-10T07:22:56.753+0000] {dagbag.py:540} INFO - Filling up the DagBag from /home/airflow/.local/lib/python3.12/site-packages/airflow/example_dags/example_setup_teardown.py
[2024-05-10T07:22:56.763+0000] {processor.py:840} INFO - DAG(s) 'example_setup_teardown' retrieved from /home/airflow/.local/lib/python3.12/site-packages/airflow/example_dags/example_setup_teardown.py
[2024-05-10T07:22:56.871+0000] {logging_mixin.py:188} INFO - [2024-05-10T07:22:56.870+0000] {dag.py:3096} INFO - Sync 1 DAGs
[2024-05-10T07:22:56.890+0000] {logging_mixin.py:188} INFO - [2024-05-10T07:22:56.890+0000] {dag.py:3954} INFO - Setting next_dagrun for example_setup_teardown to 2024-05-09 00:00:00+00:00, run_after=2024-05-10 00:00:00+00:00
[2024-05-10T07:22:56.919+0000] {processor.py:183} INFO - Processing /home/airflow/.local/lib/python3.12/site-packages/airflow/example_dags/example_setup_teardown.py took 0.182 seconds
[2024-05-10T07:23:27.517+0000] {processor.py:161} INFO - Started process (PID=180) to work on /home/airflow/.local/lib/python3.12/site-packages/airflow/example_dags/example_setup_teardown.py
[2024-05-10T07:23:27.518+0000] {processor.py:830} INFO - Processing file /home/airflow/.local/lib/python3.12/site-packages/airflow/example_dags/example_setup_teardown.py for tasks to queue
[2024-05-10T07:23:27.520+0000] {logging_mixin.py:188} INFO - [2024-05-10T07:23:27.519+0000] {dagbag.py:540} INFO - Filling up the DagBag from /home/airflow/.local/lib/python3.12/site-packages/airflow/example_dags/example_setup_teardown.py
[2024-05-10T07:23:27.526+0000] {processor.py:840} INFO - DAG(s) 'example_setup_teardown' retrieved from /home/airflow/.local/lib/python3.12/site-packages/airflow/example_dags/example_setup_teardown.py
[2024-05-10T07:23:27.556+0000] {logging_mixin.py:188} INFO - [2024-05-10T07:23:27.555+0000] {dag.py:3096} INFO - Sync 1 DAGs
[2024-05-10T07:23:27.579+0000] {logging_mixin.py:188} INFO - [2024-05-10T07:23:27.578+0000] {dag.py:3954} INFO - Setting next_dagrun for example_setup_teardown to 2024-05-09 00:00:00+00:00, run_after=2024-05-10 00:00:00+00:00
[2024-05-10T07:23:27.598+0000] {processor.py:183} INFO - Processing /home/airflow/.local/lib/python3.12/site-packages/airflow/example_dags/example_setup_teardown.py took 0.085 seconds
[2024-05-10T07:23:58.114+0000] {processor.py:161} INFO - Started process (PID=238) to work on /home/airflow/.local/lib/python3.12/site-packages/airflow/example_dags/example_setup_teardown.py
[2024-05-10T07:23:58.115+0000] {processor.py:830} INFO - Processing file /home/airflow/.local/lib/python3.12/site-packages/airflow/example_dags/example_setup_teardown.py for tasks to queue
[2024-05-10T07:23:58.116+0000] {logging_mixin.py:188} INFO - [2024-05-10T07:23:58.116+0000] {dagbag.py:540} INFO - Filling up the DagBag from /home/airflow/.local/lib/python3.12/site-packages/airflow/example_dags/example_setup_teardown.py
[2024-05-10T07:23:58.121+0000] {processor.py:840} INFO - DAG(s) 'example_setup_teardown' retrieved from /home/airflow/.local/lib/python3.12/site-packages/airflow/example_dags/example_setup_teardown.py
[2024-05-10T07:23:58.138+0000] {logging_mixin.py:188} INFO - [2024-05-10T07:23:58.138+0000] {dag.py:3096} INFO - Sync 1 DAGs
[2024-05-10T07:23:58.156+0000] {logging_mixin.py:188} INFO - [2024-05-10T07:23:58.156+0000] {dag.py:3954} INFO - Setting next_dagrun for example_setup_teardown to 2024-05-09 00:00:00+00:00, run_after=2024-05-10 00:00:00+00:00
[2024-05-10T07:23:58.174+0000] {processor.py:183} INFO - Processing /home/airflow/.local/lib/python3.12/site-packages/airflow/example_dags/example_setup_teardown.py took 0.065 seconds
[2024-05-10T07:24:28.724+0000] {processor.py:161} INFO - Started process (PID=295) to work on /home/airflow/.local/lib/python3.12/site-packages/airflow/example_dags/example_setup_teardown.py
[2024-05-10T07:24:28.725+0000] {processor.py:830} INFO - Processing file /home/airflow/.local/lib/python3.12/site-packages/airflow/example_dags/example_setup_teardown.py for tasks to queue
[2024-05-10T07:24:28.726+0000] {logging_mixin.py:188} INFO - [2024-05-10T07:24:28.726+0000] {dagbag.py:540} INFO - Filling up the DagBag from /home/airflow/.local/lib/python3.12/site-packages/airflow/example_dags/example_setup_teardown.py
[2024-05-10T07:24:28.731+0000] {processor.py:840} INFO - DAG(s) 'example_setup_teardown' retrieved from /home/airflow/.local/lib/python3.12/site-packages/airflow/example_dags/example_setup_teardown.py
[2024-05-10T07:24:28.747+0000] {logging_mixin.py:188} INFO - [2024-05-10T07:24:28.746+0000] {dag.py:3096} INFO - Sync 1 DAGs
[2024-05-10T07:24:28.764+0000] {logging_mixin.py:188} INFO - [2024-05-10T07:24:28.764+0000] {dag.py:3954} INFO - Setting next_dagrun for example_setup_teardown to 2024-05-09 00:00:00+00:00, run_after=2024-05-10 00:00:00+00:00
[2024-05-10T07:24:28.788+0000] {processor.py:183} INFO - Processing /home/airflow/.local/lib/python3.12/site-packages/airflow/example_dags/example_setup_teardown.py took 0.068 seconds
[2024-05-10T07:24:59.214+0000] {processor.py:161} INFO - Started process (PID=353) to work on /home/airflow/.local/lib/python3.12/site-packages/airflow/example_dags/example_setup_teardown.py
[2024-05-10T07:24:59.215+0000] {processor.py:830} INFO - Processing file /home/airflow/.local/lib/python3.12/site-packages/airflow/example_dags/example_setup_teardown.py for tasks to queue
[2024-05-10T07:24:59.216+0000] {logging_mixin.py:188} INFO - [2024-05-10T07:24:59.216+0000] {dagbag.py:540} INFO - Filling up the DagBag from /home/airflow/.local/lib/python3.12/site-packages/airflow/example_dags/example_setup_teardown.py
[2024-05-10T07:24:59.221+0000] {processor.py:840} INFO - DAG(s) 'example_setup_teardown' retrieved from /home/airflow/.local/lib/python3.12/site-packages/airflow/example_dags/example_setup_teardown.py
[2024-05-10T07:24:59.236+0000] {logging_mixin.py:188} INFO - [2024-05-10T07:24:59.235+0000] {dag.py:3096} INFO - Sync 1 DAGs
[2024-05-10T07:24:59.253+0000] {logging_mixin.py:188} INFO - [2024-05-10T07:24:59.253+0000] {dag.py:3954} INFO - Setting next_dagrun for example_setup_teardown to 2024-05-09 00:00:00+00:00, run_after=2024-05-10 00:00:00+00:00
[2024-05-10T07:24:59.274+0000] {processor.py:183} INFO - Processing /home/airflow/.local/lib/python3.12/site-packages/airflow/example_dags/example_setup_teardown.py took 0.065 seconds
[2024-05-10T07:25:29.936+0000] {processor.py:161} INFO - Started process (PID=411) to work on /home/airflow/.local/lib/python3.12/site-packages/airflow/example_dags/example_setup_teardown.py
[2024-05-10T07:25:29.936+0000] {processor.py:830} INFO - Processing file /home/airflow/.local/lib/python3.12/site-packages/airflow/example_dags/example_setup_teardown.py for tasks to queue
[2024-05-10T07:25:29.937+0000] {logging_mixin.py:188} INFO - [2024-05-10T07:25:29.937+0000] {dagbag.py:540} INFO - Filling up the DagBag from /home/airflow/.local/lib/python3.12/site-packages/airflow/example_dags/example_setup_teardown.py
[2024-05-10T07:25:29.942+0000] {processor.py:840} INFO - DAG(s) 'example_setup_teardown' retrieved from /home/airflow/.local/lib/python3.12/site-packages/airflow/example_dags/example_setup_teardown.py
[2024-05-10T07:25:29.958+0000] {logging_mixin.py:188} INFO - [2024-05-10T07:25:29.958+0000] {dag.py:3096} INFO - Sync 1 DAGs
[2024-05-10T07:25:29.978+0000] {logging_mixin.py:188} INFO - [2024-05-10T07:25:29.978+0000] {dag.py:3954} INFO - Setting next_dagrun for example_setup_teardown to 2024-05-09 00:00:00+00:00, run_after=2024-05-10 00:00:00+00:00
[2024-05-10T07:25:30.009+0000] {processor.py:183} INFO - Processing /home/airflow/.local/lib/python3.12/site-packages/airflow/example_dags/example_setup_teardown.py took 0.077 seconds
[2024-05-10T07:26:00.957+0000] {processor.py:161} INFO - Started process (PID=469) to work on /home/airflow/.local/lib/python3.12/site-packages/airflow/example_dags/example_setup_teardown.py
[2024-05-10T07:26:00.958+0000] {processor.py:830} INFO - Processing file /home/airflow/.local/lib/python3.12/site-packages/airflow/example_dags/example_setup_teardown.py for tasks to queue
[2024-05-10T07:26:00.959+0000] {logging_mixin.py:188} INFO - [2024-05-10T07:26:00.959+0000] {dagbag.py:540} INFO - Filling up the DagBag from /home/airflow/.local/lib/python3.12/site-packages/airflow/example_dags/example_setup_teardown.py
[2024-05-10T07:26:00.964+0000] {processor.py:840} INFO - DAG(s) 'example_setup_teardown' retrieved from /home/airflow/.local/lib/python3.12/site-packages/airflow/example_dags/example_setup_teardown.py
[2024-05-10T07:26:00.981+0000] {logging_mixin.py:188} INFO - [2024-05-10T07:26:00.981+0000] {dag.py:3096} INFO - Sync 1 DAGs
[2024-05-10T07:26:01.000+0000] {logging_mixin.py:188} INFO - [2024-05-10T07:26:01.000+0000] {dag.py:3954} INFO - Setting next_dagrun for example_setup_teardown to 2024-05-09 00:00:00+00:00, run_after=2024-05-10 00:00:00+00:00
[2024-05-10T07:26:01.018+0000] {processor.py:183} INFO - Processing /home/airflow/.local/lib/python3.12/site-packages/airflow/example_dags/example_setup_teardown.py took 0.065 seconds
[2024-05-10T07:26:31.461+0000] {processor.py:161} INFO - Started process (PID=527) to work on /home/airflow/.local/lib/python3.12/site-packages/airflow/example_dags/example_setup_teardown.py
[2024-05-10T07:26:31.462+0000] {processor.py:830} INFO - Processing file /home/airflow/.local/lib/python3.12/site-packages/airflow/example_dags/example_setup_teardown.py for tasks to queue
[2024-05-10T07:26:31.463+0000] {logging_mixin.py:188} INFO - [2024-05-10T07:26:31.463+0000] {dagbag.py:540} INFO - Filling up the DagBag from /home/airflow/.local/lib/python3.12/site-packages/airflow/example_dags/example_setup_teardown.py
[2024-05-10T07:26:31.468+0000] {processor.py:840} INFO - DAG(s) 'example_setup_teardown' retrieved from /home/airflow/.local/lib/python3.12/site-packages/airflow/example_dags/example_setup_teardown.py
[2024-05-10T07:26:31.484+0000] {logging_mixin.py:188} INFO - [2024-05-10T07:26:31.484+0000] {dag.py:3096} INFO - Sync 1 DAGs
[2024-05-10T07:26:31.501+0000] {logging_mixin.py:188} INFO - [2024-05-10T07:26:31.501+0000] {dag.py:3954} INFO - Setting next_dagrun for example_setup_teardown to 2024-05-09 00:00:00+00:00, run_after=2024-05-10 00:00:00+00:00
[2024-05-10T07:26:31.577+0000] {processor.py:183} INFO - Processing /home/airflow/.local/lib/python3.12/site-packages/airflow/example_dags/example_setup_teardown.py took 0.121 seconds
[2024-05-10T07:27:01.981+0000] {processor.py:161} INFO - Started process (PID=585) to work on /home/airflow/.local/lib/python3.12/site-packages/airflow/example_dags/example_setup_teardown.py
[2024-05-10T07:27:01.981+0000] {processor.py:830} INFO - Processing file /home/airflow/.local/lib/python3.12/site-packages/airflow/example_dags/example_setup_teardown.py for tasks to queue
[2024-05-10T07:27:01.983+0000] {logging_mixin.py:188} INFO - [2024-05-10T07:27:01.982+0000] {dagbag.py:540} INFO - Filling up the DagBag from /home/airflow/.local/lib/python3.12/site-packages/airflow/example_dags/example_setup_teardown.py
[2024-05-10T07:27:01.988+0000] {processor.py:840} INFO - DAG(s) 'example_setup_teardown' retrieved from /home/airflow/.local/lib/python3.12/site-packages/airflow/example_dags/example_setup_teardown.py
[2024-05-10T07:27:02.005+0000] {logging_mixin.py:188} INFO - [2024-05-10T07:27:02.005+0000] {dag.py:3096} INFO - Sync 1 DAGs
[2024-05-10T07:27:02.023+0000] {logging_mixin.py:188} INFO - [2024-05-10T07:27:02.023+0000] {dag.py:3954} INFO - Setting next_dagrun for example_setup_teardown to 2024-05-09 00:00:00+00:00, run_after=2024-05-10 00:00:00+00:00
[2024-05-10T07:27:02.042+0000] {processor.py:183} INFO - Processing /home/airflow/.local/lib/python3.12/site-packages/airflow/example_dags/example_setup_teardown.py took 0.065 seconds
[2024-05-10T07:27:32.548+0000] {processor.py:161} INFO - Started process (PID=643) to work on /home/airflow/.local/lib/python3.12/site-packages/airflow/example_dags/example_setup_teardown.py
[2024-05-10T07:27:32.549+0000] {processor.py:830} INFO - Processing file /home/airflow/.local/lib/python3.12/site-packages/airflow/example_dags/example_setup_teardown.py for tasks to queue
[2024-05-10T07:27:32.550+0000] {logging_mixin.py:188} INFO - [2024-05-10T07:27:32.550+0000] {dagbag.py:540} INFO - Filling up the DagBag from /home/airflow/.local/lib/python3.12/site-packages/airflow/example_dags/example_setup_teardown.py
[2024-05-10T07:27:32.555+0000] {processor.py:840} INFO - DAG(s) 'example_setup_teardown' retrieved from /home/airflow/.local/lib/python3.12/site-packages/airflow/example_dags/example_setup_teardown.py
[2024-05-10T07:27:32.574+0000] {logging_mixin.py:188} INFO - [2024-05-10T07:27:32.573+0000] {dag.py:3096} INFO - Sync 1 DAGs
[2024-05-10T07:27:32.592+0000] {logging_mixin.py:188} INFO - [2024-05-10T07:27:32.592+0000] {dag.py:3954} INFO - Setting next_dagrun for example_setup_teardown to 2024-05-09 00:00:00+00:00, run_after=2024-05-10 00:00:00+00:00
[2024-05-10T07:27:32.620+0000] {processor.py:183} INFO - Processing /home/airflow/.local/lib/python3.12/site-packages/airflow/example_dags/example_setup_teardown.py took 0.077 seconds
[2024-05-10T07:28:02.770+0000] {processor.py:161} INFO - Started process (PID=701) to work on /home/airflow/.local/lib/python3.12/site-packages/airflow/example_dags/example_setup_teardown.py
[2024-05-10T07:28:02.772+0000] {processor.py:830} INFO - Processing file /home/airflow/.local/lib/python3.12/site-packages/airflow/example_dags/example_setup_teardown.py for tasks to queue
[2024-05-10T07:28:02.773+0000] {logging_mixin.py:188} INFO - [2024-05-10T07:28:02.773+0000] {dagbag.py:540} INFO - Filling up the DagBag from /home/airflow/.local/lib/python3.12/site-packages/airflow/example_dags/example_setup_teardown.py
[2024-05-10T07:28:02.779+0000] {processor.py:840} INFO - DAG(s) 'example_setup_teardown' retrieved from /home/airflow/.local/lib/python3.12/site-packages/airflow/example_dags/example_setup_teardown.py
[2024-05-10T07:28:02.799+0000] {logging_mixin.py:188} INFO - [2024-05-10T07:28:02.799+0000] {dag.py:3096} INFO - Sync 1 DAGs
[2024-05-10T07:28:02.820+0000] {logging_mixin.py:188} INFO - [2024-05-10T07:28:02.820+0000] {dag.py:3954} INFO - Setting next_dagrun for example_setup_teardown to 2024-05-09 00:00:00+00:00, run_after=2024-05-10 00:00:00+00:00
[2024-05-10T07:28:02.848+0000] {processor.py:183} INFO - Processing /home/airflow/.local/lib/python3.12/site-packages/airflow/example_dags/example_setup_teardown.py took 0.082 seconds
[2024-05-10T07:28:33.635+0000] {processor.py:161} INFO - Started process (PID=759) to work on /home/airflow/.local/lib/python3.12/site-packages/airflow/example_dags/example_setup_teardown.py
[2024-05-10T07:28:33.636+0000] {processor.py:830} INFO - Processing file /home/airflow/.local/lib/python3.12/site-packages/airflow/example_dags/example_setup_teardown.py for tasks to queue
[2024-05-10T07:28:33.637+0000] {logging_mixin.py:188} INFO - [2024-05-10T07:28:33.637+0000] {dagbag.py:540} INFO - Filling up the DagBag from /home/airflow/.local/lib/python3.12/site-packages/airflow/example_dags/example_setup_teardown.py
[2024-05-10T07:28:33.643+0000] {processor.py:840} INFO - DAG(s) 'example_setup_teardown' retrieved from /home/airflow/.local/lib/python3.12/site-packages/airflow/example_dags/example_setup_teardown.py
[2024-05-10T07:28:33.662+0000] {logging_mixin.py:188} INFO - [2024-05-10T07:28:33.662+0000] {dag.py:3096} INFO - Sync 1 DAGs
[2024-05-10T07:28:33.689+0000] {logging_mixin.py:188} INFO - [2024-05-10T07:28:33.689+0000] {dag.py:3954} INFO - Setting next_dagrun for example_setup_teardown to 2024-05-09 00:00:00+00:00, run_after=2024-05-10 00:00:00+00:00
[2024-05-10T07:28:33.708+0000] {processor.py:183} INFO - Processing /home/airflow/.local/lib/python3.12/site-packages/airflow/example_dags/example_setup_teardown.py took 0.079 seconds
[2024-05-10T07:29:03.981+0000] {processor.py:161} INFO - Started process (PID=817) to work on /home/airflow/.local/lib/python3.12/site-packages/airflow/example_dags/example_setup_teardown.py
[2024-05-10T07:29:03.982+0000] {processor.py:830} INFO - Processing file /home/airflow/.local/lib/python3.12/site-packages/airflow/example_dags/example_setup_teardown.py for tasks to queue
[2024-05-10T07:29:03.983+0000] {logging_mixin.py:188} INFO - [2024-05-10T07:29:03.983+0000] {dagbag.py:540} INFO - Filling up the DagBag from /home/airflow/.local/lib/python3.12/site-packages/airflow/example_dags/example_setup_teardown.py
[2024-05-10T07:29:03.989+0000] {processor.py:840} INFO - DAG(s) 'example_setup_teardown' retrieved from /home/airflow/.local/lib/python3.12/site-packages/airflow/example_dags/example_setup_teardown.py
[2024-05-10T07:29:04.004+0000] {logging_mixin.py:188} INFO - [2024-05-10T07:29:04.004+0000] {dag.py:3096} INFO - Sync 1 DAGs
[2024-05-10T07:29:04.022+0000] {logging_mixin.py:188} INFO - [2024-05-10T07:29:04.022+0000] {dag.py:3954} INFO - Setting next_dagrun for example_setup_teardown to 2024-05-09 00:00:00+00:00, run_after=2024-05-10 00:00:00+00:00
[2024-05-10T07:29:04.041+0000] {processor.py:183} INFO - Processing /home/airflow/.local/lib/python3.12/site-packages/airflow/example_dags/example_setup_teardown.py took 0.065 seconds
[2024-05-10T07:29:34.303+0000] {processor.py:161} INFO - Started process (PID=875) to work on /home/airflow/.local/lib/python3.12/site-packages/airflow/example_dags/example_setup_teardown.py
[2024-05-10T07:29:34.304+0000] {processor.py:830} INFO - Processing file /home/airflow/.local/lib/python3.12/site-packages/airflow/example_dags/example_setup_teardown.py for tasks to queue
[2024-05-10T07:29:34.305+0000] {logging_mixin.py:188} INFO - [2024-05-10T07:29:34.305+0000] {dagbag.py:540} INFO - Filling up the DagBag from /home/airflow/.local/lib/python3.12/site-packages/airflow/example_dags/example_setup_teardown.py
[2024-05-10T07:29:34.310+0000] {processor.py:840} INFO - DAG(s) 'example_setup_teardown' retrieved from /home/airflow/.local/lib/python3.12/site-packages/airflow/example_dags/example_setup_teardown.py
[2024-05-10T07:29:34.326+0000] {logging_mixin.py:188} INFO - [2024-05-10T07:29:34.326+0000] {dag.py:3096} INFO - Sync 1 DAGs
[2024-05-10T07:29:34.346+0000] {logging_mixin.py:188} INFO - [2024-05-10T07:29:34.346+0000] {dag.py:3954} INFO - Setting next_dagrun for example_setup_teardown to 2024-05-09 00:00:00+00:00, run_after=2024-05-10 00:00:00+00:00
[2024-05-10T07:29:34.363+0000] {processor.py:183} INFO - Processing /home/airflow/.local/lib/python3.12/site-packages/airflow/example_dags/example_setup_teardown.py took 0.064 seconds
[2024-05-10T07:30:04.984+0000] {processor.py:161} INFO - Started process (PID=933) to work on /home/airflow/.local/lib/python3.12/site-packages/airflow/example_dags/example_setup_teardown.py
[2024-05-10T07:30:04.985+0000] {processor.py:830} INFO - Processing file /home/airflow/.local/lib/python3.12/site-packages/airflow/example_dags/example_setup_teardown.py for tasks to queue
[2024-05-10T07:30:04.986+0000] {logging_mixin.py:188} INFO - [2024-05-10T07:30:04.986+0000] {dagbag.py:540} INFO - Filling up the DagBag from /home/airflow/.local/lib/python3.12/site-packages/airflow/example_dags/example_setup_teardown.py
[2024-05-10T07:30:04.992+0000] {processor.py:840} INFO - DAG(s) 'example_setup_teardown' retrieved from /home/airflow/.local/lib/python3.12/site-packages/airflow/example_dags/example_setup_teardown.py
[2024-05-10T07:30:05.008+0000] {logging_mixin.py:188} INFO - [2024-05-10T07:30:05.008+0000] {dag.py:3096} INFO - Sync 1 DAGs
[2024-05-10T07:30:05.026+0000] {logging_mixin.py:188} INFO - [2024-05-10T07:30:05.026+0000] {dag.py:3954} INFO - Setting next_dagrun for example_setup_teardown to 2024-05-09 00:00:00+00:00, run_after=2024-05-10 00:00:00+00:00
[2024-05-10T07:30:05.051+0000] {processor.py:183} INFO - Processing /home/airflow/.local/lib/python3.12/site-packages/airflow/example_dags/example_setup_teardown.py took 0.072 seconds
[2024-05-10T07:30:35.910+0000] {processor.py:161} INFO - Started process (PID=992) to work on /home/airflow/.local/lib/python3.12/site-packages/airflow/example_dags/example_setup_teardown.py
[2024-05-10T07:30:35.910+0000] {processor.py:830} INFO - Processing file /home/airflow/.local/lib/python3.12/site-packages/airflow/example_dags/example_setup_teardown.py for tasks to queue
[2024-05-10T07:30:35.911+0000] {logging_mixin.py:188} INFO - [2024-05-10T07:30:35.911+0000] {dagbag.py:540} INFO - Filling up the DagBag from /home/airflow/.local/lib/python3.12/site-packages/airflow/example_dags/example_setup_teardown.py
[2024-05-10T07:30:35.916+0000] {processor.py:840} INFO - DAG(s) 'example_setup_teardown' retrieved from /home/airflow/.local/lib/python3.12/site-packages/airflow/example_dags/example_setup_teardown.py
[2024-05-10T07:30:36.036+0000] {logging_mixin.py:188} INFO - [2024-05-10T07:30:36.036+0000] {dag.py:3096} INFO - Sync 1 DAGs
[2024-05-10T07:30:36.051+0000] {logging_mixin.py:188} INFO - [2024-05-10T07:30:36.051+0000] {dag.py:3954} INFO - Setting next_dagrun for example_setup_teardown to 2024-05-09 00:00:00+00:00, run_after=2024-05-10 00:00:00+00:00
[2024-05-10T07:30:36.074+0000] {processor.py:183} INFO - Processing /home/airflow/.local/lib/python3.12/site-packages/airflow/example_dags/example_setup_teardown.py took 0.169 seconds
[2024-05-10T07:31:06.850+0000] {processor.py:161} INFO - Started process (PID=1050) to work on /home/airflow/.local/lib/python3.12/site-packages/airflow/example_dags/example_setup_teardown.py
[2024-05-10T07:31:06.851+0000] {processor.py:830} INFO - Processing file /home/airflow/.local/lib/python3.12/site-packages/airflow/example_dags/example_setup_teardown.py for tasks to queue
[2024-05-10T07:31:06.852+0000] {logging_mixin.py:188} INFO - [2024-05-10T07:31:06.852+0000] {dagbag.py:540} INFO - Filling up the DagBag from /home/airflow/.local/lib/python3.12/site-packages/airflow/example_dags/example_setup_teardown.py
[2024-05-10T07:31:06.857+0000] {processor.py:840} INFO - DAG(s) 'example_setup_teardown' retrieved from /home/airflow/.local/lib/python3.12/site-packages/airflow/example_dags/example_setup_teardown.py
[2024-05-10T07:31:06.874+0000] {logging_mixin.py:188} INFO - [2024-05-10T07:31:06.874+0000] {dag.py:3096} INFO - Sync 1 DAGs
[2024-05-10T07:31:06.993+0000] {logging_mixin.py:188} INFO - [2024-05-10T07:31:06.993+0000] {dag.py:3954} INFO - Setting next_dagrun for example_setup_teardown to 2024-05-09 00:00:00+00:00, run_after=2024-05-10 00:00:00+00:00
[2024-05-10T07:31:07.017+0000] {processor.py:183} INFO - Processing /home/airflow/.local/lib/python3.12/site-packages/airflow/example_dags/example_setup_teardown.py took 0.171 seconds
[2024-05-10T07:31:37.794+0000] {processor.py:161} INFO - Started process (PID=1108) to work on /home/airflow/.local/lib/python3.12/site-packages/airflow/example_dags/example_setup_teardown.py
[2024-05-10T07:31:37.794+0000] {processor.py:830} INFO - Processing file /home/airflow/.local/lib/python3.12/site-packages/airflow/example_dags/example_setup_teardown.py for tasks to queue
[2024-05-10T07:31:37.796+0000] {logging_mixin.py:188} INFO - [2024-05-10T07:31:37.795+0000] {dagbag.py:540} INFO - Filling up the DagBag from /home/airflow/.local/lib/python3.12/site-packages/airflow/example_dags/example_setup_teardown.py
[2024-05-10T07:31:37.801+0000] {processor.py:840} INFO - DAG(s) 'example_setup_teardown' retrieved from /home/airflow/.local/lib/python3.12/site-packages/airflow/example_dags/example_setup_teardown.py
[2024-05-10T07:31:37.817+0000] {logging_mixin.py:188} INFO - [2024-05-10T07:31:37.817+0000] {dag.py:3096} INFO - Sync 1 DAGs
[2024-05-10T07:31:37.835+0000] {logging_mixin.py:188} INFO - [2024-05-10T07:31:37.835+0000] {dag.py:3954} INFO - Setting next_dagrun for example_setup_teardown to 2024-05-09 00:00:00+00:00, run_after=2024-05-10 00:00:00+00:00
[2024-05-10T07:31:37.862+0000] {processor.py:183} INFO - Processing /home/airflow/.local/lib/python3.12/site-packages/airflow/example_dags/example_setup_teardown.py took 0.073 seconds
[2024-05-10T07:32:08.717+0000] {processor.py:161} INFO - Started process (PID=1172) to work on /home/airflow/.local/lib/python3.12/site-packages/airflow/example_dags/example_setup_teardown.py
[2024-05-10T07:32:08.718+0000] {processor.py:830} INFO - Processing file /home/airflow/.local/lib/python3.12/site-packages/airflow/example_dags/example_setup_teardown.py for tasks to queue
[2024-05-10T07:32:08.719+0000] {logging_mixin.py:188} INFO - [2024-05-10T07:32:08.719+0000] {dagbag.py:540} INFO - Filling up the DagBag from /home/airflow/.local/lib/python3.12/site-packages/airflow/example_dags/example_setup_teardown.py
[2024-05-10T07:32:08.725+0000] {processor.py:840} INFO - DAG(s) 'example_setup_teardown' retrieved from /home/airflow/.local/lib/python3.12/site-packages/airflow/example_dags/example_setup_teardown.py
[2024-05-10T07:32:08.740+0000] {logging_mixin.py:188} INFO - [2024-05-10T07:32:08.740+0000] {dag.py:3096} INFO - Sync 1 DAGs
[2024-05-10T07:32:08.757+0000] {logging_mixin.py:188} INFO - [2024-05-10T07:32:08.757+0000] {dag.py:3954} INFO - Setting next_dagrun for example_setup_teardown to 2024-05-09 00:00:00+00:00, run_after=2024-05-10 00:00:00+00:00
[2024-05-10T07:32:08.774+0000] {processor.py:183} INFO - Processing /home/airflow/.local/lib/python3.12/site-packages/airflow/example_dags/example_setup_teardown.py took 0.061 seconds
[2024-05-10T07:32:39.217+0000] {processor.py:161} INFO - Started process (PID=1230) to work on /home/airflow/.local/lib/python3.12/site-packages/airflow/example_dags/example_setup_teardown.py
[2024-05-10T07:32:39.217+0000] {processor.py:830} INFO - Processing file /home/airflow/.local/lib/python3.12/site-packages/airflow/example_dags/example_setup_teardown.py for tasks to queue
[2024-05-10T07:32:39.219+0000] {logging_mixin.py:188} INFO - [2024-05-10T07:32:39.218+0000] {dagbag.py:540} INFO - Filling up the DagBag from /home/airflow/.local/lib/python3.12/site-packages/airflow/example_dags/example_setup_teardown.py
[2024-05-10T07:32:39.224+0000] {processor.py:840} INFO - DAG(s) 'example_setup_teardown' retrieved from /home/airflow/.local/lib/python3.12/site-packages/airflow/example_dags/example_setup_teardown.py
[2024-05-10T07:32:39.241+0000] {logging_mixin.py:188} INFO - [2024-05-10T07:32:39.240+0000] {dag.py:3096} INFO - Sync 1 DAGs
[2024-05-10T07:32:39.258+0000] {logging_mixin.py:188} INFO - [2024-05-10T07:32:39.258+0000] {dag.py:3954} INFO - Setting next_dagrun for example_setup_teardown to 2024-05-09 00:00:00+00:00, run_after=2024-05-10 00:00:00+00:00
[2024-05-10T07:32:39.295+0000] {processor.py:183} INFO - Processing /home/airflow/.local/lib/python3.12/site-packages/airflow/example_dags/example_setup_teardown.py took 0.083 seconds
[2024-05-10T07:33:10.062+0000] {processor.py:161} INFO - Started process (PID=1290) to work on /home/airflow/.local/lib/python3.12/site-packages/airflow/example_dags/example_setup_teardown.py
[2024-05-10T07:33:10.063+0000] {processor.py:830} INFO - Processing file /home/airflow/.local/lib/python3.12/site-packages/airflow/example_dags/example_setup_teardown.py for tasks to queue
[2024-05-10T07:33:10.064+0000] {logging_mixin.py:188} INFO - [2024-05-10T07:33:10.064+0000] {dagbag.py:540} INFO - Filling up the DagBag from /home/airflow/.local/lib/python3.12/site-packages/airflow/example_dags/example_setup_teardown.py
[2024-05-10T07:33:10.069+0000] {processor.py:840} INFO - DAG(s) 'example_setup_teardown' retrieved from /home/airflow/.local/lib/python3.12/site-packages/airflow/example_dags/example_setup_teardown.py
[2024-05-10T07:33:10.085+0000] {logging_mixin.py:188} INFO - [2024-05-10T07:33:10.085+0000] {dag.py:3096} INFO - Sync 1 DAGs
[2024-05-10T07:33:10.103+0000] {logging_mixin.py:188} INFO - [2024-05-10T07:33:10.102+0000] {dag.py:3954} INFO - Setting next_dagrun for example_setup_teardown to 2024-05-09 00:00:00+00:00, run_after=2024-05-10 00:00:00+00:00
[2024-05-10T07:33:10.129+0000] {processor.py:183} INFO - Processing /home/airflow/.local/lib/python3.12/site-packages/airflow/example_dags/example_setup_teardown.py took 0.072 seconds
[2024-05-10T07:33:40.551+0000] {processor.py:161} INFO - Started process (PID=1349) to work on /home/airflow/.local/lib/python3.12/site-packages/airflow/example_dags/example_setup_teardown.py
[2024-05-10T07:33:40.551+0000] {processor.py:830} INFO - Processing file /home/airflow/.local/lib/python3.12/site-packages/airflow/example_dags/example_setup_teardown.py for tasks to queue
[2024-05-10T07:33:40.553+0000] {logging_mixin.py:188} INFO - [2024-05-10T07:33:40.552+0000] {dagbag.py:540} INFO - Filling up the DagBag from /home/airflow/.local/lib/python3.12/site-packages/airflow/example_dags/example_setup_teardown.py
[2024-05-10T07:33:40.558+0000] {processor.py:840} INFO - DAG(s) 'example_setup_teardown' retrieved from /home/airflow/.local/lib/python3.12/site-packages/airflow/example_dags/example_setup_teardown.py
[2024-05-10T07:33:40.576+0000] {logging_mixin.py:188} INFO - [2024-05-10T07:33:40.576+0000] {dag.py:3096} INFO - Sync 1 DAGs
[2024-05-10T07:33:40.595+0000] {logging_mixin.py:188} INFO - [2024-05-10T07:33:40.595+0000] {dag.py:3954} INFO - Setting next_dagrun for example_setup_teardown to 2024-05-09 00:00:00+00:00, run_after=2024-05-10 00:00:00+00:00
[2024-05-10T07:33:40.618+0000] {processor.py:183} INFO - Processing /home/airflow/.local/lib/python3.12/site-packages/airflow/example_dags/example_setup_teardown.py took 0.072 seconds
[2024-05-10T07:34:11.395+0000] {processor.py:161} INFO - Started process (PID=1409) to work on /home/airflow/.local/lib/python3.12/site-packages/airflow/example_dags/example_setup_teardown.py
[2024-05-10T07:34:11.396+0000] {processor.py:830} INFO - Processing file /home/airflow/.local/lib/python3.12/site-packages/airflow/example_dags/example_setup_teardown.py for tasks to queue
[2024-05-10T07:34:11.397+0000] {logging_mixin.py:188} INFO - [2024-05-10T07:34:11.397+0000] {dagbag.py:540} INFO - Filling up the DagBag from /home/airflow/.local/lib/python3.12/site-packages/airflow/example_dags/example_setup_teardown.py
[2024-05-10T07:34:11.403+0000] {processor.py:840} INFO - DAG(s) 'example_setup_teardown' retrieved from /home/airflow/.local/lib/python3.12/site-packages/airflow/example_dags/example_setup_teardown.py
[2024-05-10T07:34:11.420+0000] {logging_mixin.py:188} INFO - [2024-05-10T07:34:11.420+0000] {dag.py:3096} INFO - Sync 1 DAGs
[2024-05-10T07:34:11.441+0000] {logging_mixin.py:188} INFO - [2024-05-10T07:34:11.441+0000] {dag.py:3954} INFO - Setting next_dagrun for example_setup_teardown to 2024-05-09 00:00:00+00:00, run_after=2024-05-10 00:00:00+00:00
[2024-05-10T07:34:11.462+0000] {processor.py:183} INFO - Processing /home/airflow/.local/lib/python3.12/site-packages/airflow/example_dags/example_setup_teardown.py took 0.073 seconds
[2024-05-10T07:34:41.949+0000] {processor.py:161} INFO - Started process (PID=1468) to work on /home/airflow/.local/lib/python3.12/site-packages/airflow/example_dags/example_setup_teardown.py
[2024-05-10T07:34:41.950+0000] {processor.py:830} INFO - Processing file /home/airflow/.local/lib/python3.12/site-packages/airflow/example_dags/example_setup_teardown.py for tasks to queue
[2024-05-10T07:34:41.951+0000] {logging_mixin.py:188} INFO - [2024-05-10T07:34:41.951+0000] {dagbag.py:540} INFO - Filling up the DagBag from /home/airflow/.local/lib/python3.12/site-packages/airflow/example_dags/example_setup_teardown.py
[2024-05-10T07:34:41.956+0000] {processor.py:840} INFO - DAG(s) 'example_setup_teardown' retrieved from /home/airflow/.local/lib/python3.12/site-packages/airflow/example_dags/example_setup_teardown.py
[2024-05-10T07:34:41.972+0000] {logging_mixin.py:188} INFO - [2024-05-10T07:34:41.972+0000] {dag.py:3096} INFO - Sync 1 DAGs
[2024-05-10T07:34:41.990+0000] {logging_mixin.py:188} INFO - [2024-05-10T07:34:41.990+0000] {dag.py:3954} INFO - Setting next_dagrun for example_setup_teardown to 2024-05-09 00:00:00+00:00, run_after=2024-05-10 00:00:00+00:00
[2024-05-10T07:34:42.007+0000] {processor.py:183} INFO - Processing /home/airflow/.local/lib/python3.12/site-packages/airflow/example_dags/example_setup_teardown.py took 0.063 seconds
[2024-05-10T07:35:12.642+0000] {processor.py:161} INFO - Started process (PID=1527) to work on /home/airflow/.local/lib/python3.12/site-packages/airflow/example_dags/example_setup_teardown.py
[2024-05-10T07:35:12.643+0000] {processor.py:830} INFO - Processing file /home/airflow/.local/lib/python3.12/site-packages/airflow/example_dags/example_setup_teardown.py for tasks to queue
[2024-05-10T07:35:12.644+0000] {logging_mixin.py:188} INFO - [2024-05-10T07:35:12.644+0000] {dagbag.py:540} INFO - Filling up the DagBag from /home/airflow/.local/lib/python3.12/site-packages/airflow/example_dags/example_setup_teardown.py
[2024-05-10T07:35:12.649+0000] {processor.py:840} INFO - DAG(s) 'example_setup_teardown' retrieved from /home/airflow/.local/lib/python3.12/site-packages/airflow/example_dags/example_setup_teardown.py
[2024-05-10T07:35:12.667+0000] {logging_mixin.py:188} INFO - [2024-05-10T07:35:12.667+0000] {dag.py:3096} INFO - Sync 1 DAGs
[2024-05-10T07:35:12.693+0000] {logging_mixin.py:188} INFO - [2024-05-10T07:35:12.693+0000] {dag.py:3954} INFO - Setting next_dagrun for example_setup_teardown to 2024-05-09 00:00:00+00:00, run_after=2024-05-10 00:00:00+00:00
[2024-05-10T07:35:12.718+0000] {processor.py:183} INFO - Processing /home/airflow/.local/lib/python3.12/site-packages/airflow/example_dags/example_setup_teardown.py took 0.081 seconds
[2024-05-10T07:35:43.586+0000] {processor.py:161} INFO - Started process (PID=1586) to work on /home/airflow/.local/lib/python3.12/site-packages/airflow/example_dags/example_setup_teardown.py
[2024-05-10T07:35:43.586+0000] {processor.py:830} INFO - Processing file /home/airflow/.local/lib/python3.12/site-packages/airflow/example_dags/example_setup_teardown.py for tasks to queue
[2024-05-10T07:35:43.588+0000] {logging_mixin.py:188} INFO - [2024-05-10T07:35:43.587+0000] {dagbag.py:540} INFO - Filling up the DagBag from /home/airflow/.local/lib/python3.12/site-packages/airflow/example_dags/example_setup_teardown.py
[2024-05-10T07:35:43.594+0000] {processor.py:840} INFO - DAG(s) 'example_setup_teardown' retrieved from /home/airflow/.local/lib/python3.12/site-packages/airflow/example_dags/example_setup_teardown.py
[2024-05-10T07:35:43.611+0000] {logging_mixin.py:188} INFO - [2024-05-10T07:35:43.610+0000] {dag.py:3096} INFO - Sync 1 DAGs
[2024-05-10T07:35:43.629+0000] {logging_mixin.py:188} INFO - [2024-05-10T07:35:43.629+0000] {dag.py:3954} INFO - Setting next_dagrun for example_setup_teardown to 2024-05-09 00:00:00+00:00, run_after=2024-05-10 00:00:00+00:00
[2024-05-10T07:35:43.652+0000] {processor.py:183} INFO - Processing /home/airflow/.local/lib/python3.12/site-packages/airflow/example_dags/example_setup_teardown.py took 0.071 seconds
[2024-05-10T07:36:13.938+0000] {processor.py:161} INFO - Started process (PID=1645) to work on /home/airflow/.local/lib/python3.12/site-packages/airflow/example_dags/example_setup_teardown.py
[2024-05-10T07:36:13.939+0000] {processor.py:830} INFO - Processing file /home/airflow/.local/lib/python3.12/site-packages/airflow/example_dags/example_setup_teardown.py for tasks to queue
[2024-05-10T07:36:13.940+0000] {logging_mixin.py:188} INFO - [2024-05-10T07:36:13.940+0000] {dagbag.py:540} INFO - Filling up the DagBag from /home/airflow/.local/lib/python3.12/site-packages/airflow/example_dags/example_setup_teardown.py
[2024-05-10T07:36:13.945+0000] {processor.py:840} INFO - DAG(s) 'example_setup_teardown' retrieved from /home/airflow/.local/lib/python3.12/site-packages/airflow/example_dags/example_setup_teardown.py
[2024-05-10T07:36:13.962+0000] {logging_mixin.py:188} INFO - [2024-05-10T07:36:13.962+0000] {dag.py:3096} INFO - Sync 1 DAGs
[2024-05-10T07:36:13.980+0000] {logging_mixin.py:188} INFO - [2024-05-10T07:36:13.979+0000] {dag.py:3954} INFO - Setting next_dagrun for example_setup_teardown to 2024-05-09 00:00:00+00:00, run_after=2024-05-10 00:00:00+00:00
[2024-05-10T07:36:13.996+0000] {processor.py:183} INFO - Processing /home/airflow/.local/lib/python3.12/site-packages/airflow/example_dags/example_setup_teardown.py took 0.062 seconds
[2024-05-10T07:36:44.118+0000] {processor.py:161} INFO - Started process (PID=1702) to work on /home/airflow/.local/lib/python3.12/site-packages/airflow/example_dags/example_setup_teardown.py
[2024-05-10T07:36:44.118+0000] {processor.py:830} INFO - Processing file /home/airflow/.local/lib/python3.12/site-packages/airflow/example_dags/example_setup_teardown.py for tasks to queue
[2024-05-10T07:36:44.120+0000] {logging_mixin.py:188} INFO - [2024-05-10T07:36:44.120+0000] {dagbag.py:540} INFO - Filling up the DagBag from /home/airflow/.local/lib/python3.12/site-packages/airflow/example_dags/example_setup_teardown.py
[2024-05-10T07:36:44.126+0000] {processor.py:840} INFO - DAG(s) 'example_setup_teardown' retrieved from /home/airflow/.local/lib/python3.12/site-packages/airflow/example_dags/example_setup_teardown.py
[2024-05-10T07:36:44.143+0000] {logging_mixin.py:188} INFO - [2024-05-10T07:36:44.142+0000] {dag.py:3096} INFO - Sync 1 DAGs
[2024-05-10T07:36:44.161+0000] {logging_mixin.py:188} INFO - [2024-05-10T07:36:44.161+0000] {dag.py:3954} INFO - Setting next_dagrun for example_setup_teardown to 2024-05-09 00:00:00+00:00, run_after=2024-05-10 00:00:00+00:00
[2024-05-10T07:36:44.185+0000] {processor.py:183} INFO - Processing /home/airflow/.local/lib/python3.12/site-packages/airflow/example_dags/example_setup_teardown.py took 0.073 seconds
[2024-05-10T07:37:15.132+0000] {processor.py:161} INFO - Started process (PID=1762) to work on /home/airflow/.local/lib/python3.12/site-packages/airflow/example_dags/example_setup_teardown.py
[2024-05-10T07:37:15.132+0000] {processor.py:830} INFO - Processing file /home/airflow/.local/lib/python3.12/site-packages/airflow/example_dags/example_setup_teardown.py for tasks to queue
[2024-05-10T07:37:15.133+0000] {logging_mixin.py:188} INFO - [2024-05-10T07:37:15.133+0000] {dagbag.py:540} INFO - Filling up the DagBag from /home/airflow/.local/lib/python3.12/site-packages/airflow/example_dags/example_setup_teardown.py
[2024-05-10T07:37:15.139+0000] {processor.py:840} INFO - DAG(s) 'example_setup_teardown' retrieved from /home/airflow/.local/lib/python3.12/site-packages/airflow/example_dags/example_setup_teardown.py
[2024-05-10T07:37:15.158+0000] {logging_mixin.py:188} INFO - [2024-05-10T07:37:15.158+0000] {dag.py:3096} INFO - Sync 1 DAGs
[2024-05-10T07:37:15.177+0000] {logging_mixin.py:188} INFO - [2024-05-10T07:37:15.177+0000] {dag.py:3954} INFO - Setting next_dagrun for example_setup_teardown to 2024-05-09 00:00:00+00:00, run_after=2024-05-10 00:00:00+00:00
[2024-05-10T07:37:15.198+0000] {processor.py:183} INFO - Processing /home/airflow/.local/lib/python3.12/site-packages/airflow/example_dags/example_setup_teardown.py took 0.071 seconds
[2024-05-10T07:37:45.350+0000] {processor.py:161} INFO - Started process (PID=1821) to work on /home/airflow/.local/lib/python3.12/site-packages/airflow/example_dags/example_setup_teardown.py
[2024-05-10T07:37:45.350+0000] {processor.py:830} INFO - Processing file /home/airflow/.local/lib/python3.12/site-packages/airflow/example_dags/example_setup_teardown.py for tasks to queue
[2024-05-10T07:37:45.352+0000] {logging_mixin.py:188} INFO - [2024-05-10T07:37:45.351+0000] {dagbag.py:540} INFO - Filling up the DagBag from /home/airflow/.local/lib/python3.12/site-packages/airflow/example_dags/example_setup_teardown.py
[2024-05-10T07:37:45.357+0000] {processor.py:840} INFO - DAG(s) 'example_setup_teardown' retrieved from /home/airflow/.local/lib/python3.12/site-packages/airflow/example_dags/example_setup_teardown.py
[2024-05-10T07:37:45.374+0000] {logging_mixin.py:188} INFO - [2024-05-10T07:37:45.373+0000] {dag.py:3096} INFO - Sync 1 DAGs
[2024-05-10T07:37:45.391+0000] {logging_mixin.py:188} INFO - [2024-05-10T07:37:45.391+0000] {dag.py:3954} INFO - Setting next_dagrun for example_setup_teardown to 2024-05-09 00:00:00+00:00, run_after=2024-05-10 00:00:00+00:00
[2024-05-10T07:37:45.409+0000] {processor.py:183} INFO - Processing /home/airflow/.local/lib/python3.12/site-packages/airflow/example_dags/example_setup_teardown.py took 0.064 seconds
[2024-05-10T07:38:16.012+0000] {processor.py:161} INFO - Started process (PID=1880) to work on /home/airflow/.local/lib/python3.12/site-packages/airflow/example_dags/example_setup_teardown.py
[2024-05-10T07:38:16.012+0000] {processor.py:830} INFO - Processing file /home/airflow/.local/lib/python3.12/site-packages/airflow/example_dags/example_setup_teardown.py for tasks to queue
[2024-05-10T07:38:16.013+0000] {logging_mixin.py:188} INFO - [2024-05-10T07:38:16.013+0000] {dagbag.py:540} INFO - Filling up the DagBag from /home/airflow/.local/lib/python3.12/site-packages/airflow/example_dags/example_setup_teardown.py
[2024-05-10T07:38:16.021+0000] {processor.py:840} INFO - DAG(s) 'example_setup_teardown' retrieved from /home/airflow/.local/lib/python3.12/site-packages/airflow/example_dags/example_setup_teardown.py
[2024-05-10T07:38:16.039+0000] {logging_mixin.py:188} INFO - [2024-05-10T07:38:16.039+0000] {dag.py:3096} INFO - Sync 1 DAGs
[2024-05-10T07:38:16.060+0000] {logging_mixin.py:188} INFO - [2024-05-10T07:38:16.060+0000] {dag.py:3954} INFO - Setting next_dagrun for example_setup_teardown to 2024-05-09 00:00:00+00:00, run_after=2024-05-10 00:00:00+00:00
[2024-05-10T07:38:16.091+0000] {processor.py:183} INFO - Processing /home/airflow/.local/lib/python3.12/site-packages/airflow/example_dags/example_setup_teardown.py took 0.085 seconds
[2024-05-10T07:38:46.751+0000] {processor.py:161} INFO - Started process (PID=1938) to work on /home/airflow/.local/lib/python3.12/site-packages/airflow/example_dags/example_setup_teardown.py
[2024-05-10T07:38:46.751+0000] {processor.py:830} INFO - Processing file /home/airflow/.local/lib/python3.12/site-packages/airflow/example_dags/example_setup_teardown.py for tasks to queue
[2024-05-10T07:38:46.753+0000] {logging_mixin.py:188} INFO - [2024-05-10T07:38:46.752+0000] {dagbag.py:540} INFO - Filling up the DagBag from /home/airflow/.local/lib/python3.12/site-packages/airflow/example_dags/example_setup_teardown.py
[2024-05-10T07:38:46.758+0000] {processor.py:840} INFO - DAG(s) 'example_setup_teardown' retrieved from /home/airflow/.local/lib/python3.12/site-packages/airflow/example_dags/example_setup_teardown.py
[2024-05-10T07:38:46.775+0000] {logging_mixin.py:188} INFO - [2024-05-10T07:38:46.774+0000] {dag.py:3096} INFO - Sync 1 DAGs
[2024-05-10T07:38:46.792+0000] {logging_mixin.py:188} INFO - [2024-05-10T07:38:46.792+0000] {dag.py:3954} INFO - Setting next_dagrun for example_setup_teardown to 2024-05-09 00:00:00+00:00, run_after=2024-05-10 00:00:00+00:00
[2024-05-10T07:38:46.819+0000] {processor.py:183} INFO - Processing /home/airflow/.local/lib/python3.12/site-packages/airflow/example_dags/example_setup_teardown.py took 0.073 seconds
[2024-05-10T07:39:17.660+0000] {processor.py:161} INFO - Started process (PID=1997) to work on /home/airflow/.local/lib/python3.12/site-packages/airflow/example_dags/example_setup_teardown.py
[2024-05-10T07:39:17.661+0000] {processor.py:830} INFO - Processing file /home/airflow/.local/lib/python3.12/site-packages/airflow/example_dags/example_setup_teardown.py for tasks to queue
[2024-05-10T07:39:17.662+0000] {logging_mixin.py:188} INFO - [2024-05-10T07:39:17.662+0000] {dagbag.py:540} INFO - Filling up the DagBag from /home/airflow/.local/lib/python3.12/site-packages/airflow/example_dags/example_setup_teardown.py
[2024-05-10T07:39:17.667+0000] {processor.py:840} INFO - DAG(s) 'example_setup_teardown' retrieved from /home/airflow/.local/lib/python3.12/site-packages/airflow/example_dags/example_setup_teardown.py
[2024-05-10T07:39:17.688+0000] {logging_mixin.py:188} INFO - [2024-05-10T07:39:17.687+0000] {dag.py:3096} INFO - Sync 1 DAGs
[2024-05-10T07:39:17.708+0000] {logging_mixin.py:188} INFO - [2024-05-10T07:39:17.707+0000] {dag.py:3954} INFO - Setting next_dagrun for example_setup_teardown to 2024-05-09 00:00:00+00:00, run_after=2024-05-10 00:00:00+00:00
[2024-05-10T07:39:17.764+0000] {processor.py:183} INFO - Processing /home/airflow/.local/lib/python3.12/site-packages/airflow/example_dags/example_setup_teardown.py took 0.109 seconds
[2024-05-10T07:39:47.972+0000] {processor.py:161} INFO - Started process (PID=2055) to work on /home/airflow/.local/lib/python3.12/site-packages/airflow/example_dags/example_setup_teardown.py
[2024-05-10T07:39:47.973+0000] {processor.py:830} INFO - Processing file /home/airflow/.local/lib/python3.12/site-packages/airflow/example_dags/example_setup_teardown.py for tasks to queue
[2024-05-10T07:39:47.974+0000] {logging_mixin.py:188} INFO - [2024-05-10T07:39:47.974+0000] {dagbag.py:540} INFO - Filling up the DagBag from /home/airflow/.local/lib/python3.12/site-packages/airflow/example_dags/example_setup_teardown.py
[2024-05-10T07:39:47.980+0000] {processor.py:840} INFO - DAG(s) 'example_setup_teardown' retrieved from /home/airflow/.local/lib/python3.12/site-packages/airflow/example_dags/example_setup_teardown.py
[2024-05-10T07:39:47.996+0000] {logging_mixin.py:188} INFO - [2024-05-10T07:39:47.996+0000] {dag.py:3096} INFO - Sync 1 DAGs
[2024-05-10T07:39:48.015+0000] {logging_mixin.py:188} INFO - [2024-05-10T07:39:48.015+0000] {dag.py:3954} INFO - Setting next_dagrun for example_setup_teardown to 2024-05-09 00:00:00+00:00, run_after=2024-05-10 00:00:00+00:00
[2024-05-10T07:39:48.041+0000] {processor.py:183} INFO - Processing /home/airflow/.local/lib/python3.12/site-packages/airflow/example_dags/example_setup_teardown.py took 0.073 seconds
[2024-05-10T07:40:18.872+0000] {processor.py:161} INFO - Started process (PID=2114) to work on /home/airflow/.local/lib/python3.12/site-packages/airflow/example_dags/example_setup_teardown.py
[2024-05-10T07:40:18.872+0000] {processor.py:830} INFO - Processing file /home/airflow/.local/lib/python3.12/site-packages/airflow/example_dags/example_setup_teardown.py for tasks to queue
[2024-05-10T07:40:18.874+0000] {logging_mixin.py:188} INFO - [2024-05-10T07:40:18.873+0000] {dagbag.py:540} INFO - Filling up the DagBag from /home/airflow/.local/lib/python3.12/site-packages/airflow/example_dags/example_setup_teardown.py
[2024-05-10T07:40:18.879+0000] {processor.py:840} INFO - DAG(s) 'example_setup_teardown' retrieved from /home/airflow/.local/lib/python3.12/site-packages/airflow/example_dags/example_setup_teardown.py
[2024-05-10T07:40:18.895+0000] {logging_mixin.py:188} INFO - [2024-05-10T07:40:18.895+0000] {dag.py:3096} INFO - Sync 1 DAGs
[2024-05-10T07:40:18.913+0000] {logging_mixin.py:188} INFO - [2024-05-10T07:40:18.913+0000] {dag.py:3954} INFO - Setting next_dagrun for example_setup_teardown to 2024-05-09 00:00:00+00:00, run_after=2024-05-10 00:00:00+00:00
[2024-05-10T07:40:18.929+0000] {processor.py:183} INFO - Processing /home/airflow/.local/lib/python3.12/site-packages/airflow/example_dags/example_setup_teardown.py took 0.062 seconds
[2024-05-10T07:40:49.461+0000] {processor.py:161} INFO - Started process (PID=2173) to work on /home/airflow/.local/lib/python3.12/site-packages/airflow/example_dags/example_setup_teardown.py
[2024-05-10T07:40:49.461+0000] {processor.py:830} INFO - Processing file /home/airflow/.local/lib/python3.12/site-packages/airflow/example_dags/example_setup_teardown.py for tasks to queue
[2024-05-10T07:40:49.463+0000] {logging_mixin.py:188} INFO - [2024-05-10T07:40:49.462+0000] {dagbag.py:540} INFO - Filling up the DagBag from /home/airflow/.local/lib/python3.12/site-packages/airflow/example_dags/example_setup_teardown.py
[2024-05-10T07:40:49.468+0000] {processor.py:840} INFO - DAG(s) 'example_setup_teardown' retrieved from /home/airflow/.local/lib/python3.12/site-packages/airflow/example_dags/example_setup_teardown.py
[2024-05-10T07:40:49.484+0000] {logging_mixin.py:188} INFO - [2024-05-10T07:40:49.484+0000] {dag.py:3096} INFO - Sync 1 DAGs
[2024-05-10T07:40:49.502+0000] {logging_mixin.py:188} INFO - [2024-05-10T07:40:49.502+0000] {dag.py:3954} INFO - Setting next_dagrun for example_setup_teardown to 2024-05-09 00:00:00+00:00, run_after=2024-05-10 00:00:00+00:00
[2024-05-10T07:40:49.518+0000] {processor.py:183} INFO - Processing /home/airflow/.local/lib/python3.12/site-packages/airflow/example_dags/example_setup_teardown.py took 0.062 seconds
[2024-05-10T07:41:20.161+0000] {processor.py:161} INFO - Started process (PID=2232) to work on /home/airflow/.local/lib/python3.12/site-packages/airflow/example_dags/example_setup_teardown.py
[2024-05-10T07:41:20.161+0000] {processor.py:830} INFO - Processing file /home/airflow/.local/lib/python3.12/site-packages/airflow/example_dags/example_setup_teardown.py for tasks to queue
[2024-05-10T07:41:20.163+0000] {logging_mixin.py:188} INFO - [2024-05-10T07:41:20.163+0000] {dagbag.py:540} INFO - Filling up the DagBag from /home/airflow/.local/lib/python3.12/site-packages/airflow/example_dags/example_setup_teardown.py
[2024-05-10T07:41:20.168+0000] {processor.py:840} INFO - DAG(s) 'example_setup_teardown' retrieved from /home/airflow/.local/lib/python3.12/site-packages/airflow/example_dags/example_setup_teardown.py
[2024-05-10T07:41:20.184+0000] {logging_mixin.py:188} INFO - [2024-05-10T07:41:20.184+0000] {dag.py:3096} INFO - Sync 1 DAGs
[2024-05-10T07:41:20.203+0000] {logging_mixin.py:188} INFO - [2024-05-10T07:41:20.203+0000] {dag.py:3954} INFO - Setting next_dagrun for example_setup_teardown to 2024-05-09 00:00:00+00:00, run_after=2024-05-10 00:00:00+00:00
[2024-05-10T07:41:20.237+0000] {processor.py:183} INFO - Processing /home/airflow/.local/lib/python3.12/site-packages/airflow/example_dags/example_setup_teardown.py took 0.081 seconds
[2024-05-10T07:41:50.316+0000] {processor.py:161} INFO - Started process (PID=2291) to work on /home/airflow/.local/lib/python3.12/site-packages/airflow/example_dags/example_setup_teardown.py
[2024-05-10T07:41:50.317+0000] {processor.py:830} INFO - Processing file /home/airflow/.local/lib/python3.12/site-packages/airflow/example_dags/example_setup_teardown.py for tasks to queue
[2024-05-10T07:41:50.318+0000] {logging_mixin.py:188} INFO - [2024-05-10T07:41:50.318+0000] {dagbag.py:540} INFO - Filling up the DagBag from /home/airflow/.local/lib/python3.12/site-packages/airflow/example_dags/example_setup_teardown.py
[2024-05-10T07:41:50.323+0000] {processor.py:840} INFO - DAG(s) 'example_setup_teardown' retrieved from /home/airflow/.local/lib/python3.12/site-packages/airflow/example_dags/example_setup_teardown.py
[2024-05-10T07:41:50.339+0000] {logging_mixin.py:188} INFO - [2024-05-10T07:41:50.339+0000] {dag.py:3096} INFO - Sync 1 DAGs
[2024-05-10T07:41:50.356+0000] {logging_mixin.py:188} INFO - [2024-05-10T07:41:50.356+0000] {dag.py:3954} INFO - Setting next_dagrun for example_setup_teardown to 2024-05-09 00:00:00+00:00, run_after=2024-05-10 00:00:00+00:00
[2024-05-10T07:41:50.374+0000] {processor.py:183} INFO - Processing /home/airflow/.local/lib/python3.12/site-packages/airflow/example_dags/example_setup_teardown.py took 0.062 seconds
[2024-05-10T07:42:20.672+0000] {processor.py:161} INFO - Started process (PID=2349) to work on /home/airflow/.local/lib/python3.12/site-packages/airflow/example_dags/example_setup_teardown.py
[2024-05-10T07:42:20.673+0000] {processor.py:830} INFO - Processing file /home/airflow/.local/lib/python3.12/site-packages/airflow/example_dags/example_setup_teardown.py for tasks to queue
[2024-05-10T07:42:20.674+0000] {logging_mixin.py:188} INFO - [2024-05-10T07:42:20.674+0000] {dagbag.py:540} INFO - Filling up the DagBag from /home/airflow/.local/lib/python3.12/site-packages/airflow/example_dags/example_setup_teardown.py
[2024-05-10T07:42:20.679+0000] {processor.py:840} INFO - DAG(s) 'example_setup_teardown' retrieved from /home/airflow/.local/lib/python3.12/site-packages/airflow/example_dags/example_setup_teardown.py
[2024-05-10T07:42:20.718+0000] {logging_mixin.py:188} INFO - [2024-05-10T07:42:20.718+0000] {dag.py:3096} INFO - Sync 1 DAGs
[2024-05-10T07:42:20.736+0000] {logging_mixin.py:188} INFO - [2024-05-10T07:42:20.736+0000] {dag.py:3954} INFO - Setting next_dagrun for example_setup_teardown to 2024-05-09 00:00:00+00:00, run_after=2024-05-10 00:00:00+00:00
[2024-05-10T07:42:20.758+0000] {processor.py:183} INFO - Processing /home/airflow/.local/lib/python3.12/site-packages/airflow/example_dags/example_setup_teardown.py took 0.091 seconds
[2024-05-10T07:42:51.572+0000] {processor.py:161} INFO - Started process (PID=2408) to work on /home/airflow/.local/lib/python3.12/site-packages/airflow/example_dags/example_setup_teardown.py
[2024-05-10T07:42:51.572+0000] {processor.py:830} INFO - Processing file /home/airflow/.local/lib/python3.12/site-packages/airflow/example_dags/example_setup_teardown.py for tasks to queue
[2024-05-10T07:42:51.574+0000] {logging_mixin.py:188} INFO - [2024-05-10T07:42:51.573+0000] {dagbag.py:540} INFO - Filling up the DagBag from /home/airflow/.local/lib/python3.12/site-packages/airflow/example_dags/example_setup_teardown.py
[2024-05-10T07:42:51.579+0000] {processor.py:840} INFO - DAG(s) 'example_setup_teardown' retrieved from /home/airflow/.local/lib/python3.12/site-packages/airflow/example_dags/example_setup_teardown.py
[2024-05-10T07:42:51.610+0000] {logging_mixin.py:188} INFO - [2024-05-10T07:42:51.610+0000] {dag.py:3096} INFO - Sync 1 DAGs
[2024-05-10T07:42:51.640+0000] {logging_mixin.py:188} INFO - [2024-05-10T07:42:51.640+0000] {dag.py:3954} INFO - Setting next_dagrun for example_setup_teardown to 2024-05-09 00:00:00+00:00, run_after=2024-05-10 00:00:00+00:00
[2024-05-10T07:42:51.664+0000] {processor.py:183} INFO - Processing /home/airflow/.local/lib/python3.12/site-packages/airflow/example_dags/example_setup_teardown.py took 0.098 seconds
[2024-05-10T07:43:22.104+0000] {processor.py:161} INFO - Started process (PID=2467) to work on /home/airflow/.local/lib/python3.12/site-packages/airflow/example_dags/example_setup_teardown.py
[2024-05-10T07:43:22.104+0000] {processor.py:830} INFO - Processing file /home/airflow/.local/lib/python3.12/site-packages/airflow/example_dags/example_setup_teardown.py for tasks to queue
[2024-05-10T07:43:22.106+0000] {logging_mixin.py:188} INFO - [2024-05-10T07:43:22.105+0000] {dagbag.py:540} INFO - Filling up the DagBag from /home/airflow/.local/lib/python3.12/site-packages/airflow/example_dags/example_setup_teardown.py
[2024-05-10T07:43:22.111+0000] {processor.py:840} INFO - DAG(s) 'example_setup_teardown' retrieved from /home/airflow/.local/lib/python3.12/site-packages/airflow/example_dags/example_setup_teardown.py
[2024-05-10T07:43:22.126+0000] {logging_mixin.py:188} INFO - [2024-05-10T07:43:22.126+0000] {dag.py:3096} INFO - Sync 1 DAGs
[2024-05-10T07:43:22.143+0000] {logging_mixin.py:188} INFO - [2024-05-10T07:43:22.143+0000] {dag.py:3954} INFO - Setting next_dagrun for example_setup_teardown to 2024-05-09 00:00:00+00:00, run_after=2024-05-10 00:00:00+00:00
[2024-05-10T07:43:22.162+0000] {processor.py:183} INFO - Processing /home/airflow/.local/lib/python3.12/site-packages/airflow/example_dags/example_setup_teardown.py took 0.063 seconds
[2024-05-10T07:43:52.648+0000] {processor.py:161} INFO - Started process (PID=2526) to work on /home/airflow/.local/lib/python3.12/site-packages/airflow/example_dags/example_setup_teardown.py
[2024-05-10T07:43:52.649+0000] {processor.py:830} INFO - Processing file /home/airflow/.local/lib/python3.12/site-packages/airflow/example_dags/example_setup_teardown.py for tasks to queue
[2024-05-10T07:43:52.650+0000] {logging_mixin.py:188} INFO - [2024-05-10T07:43:52.650+0000] {dagbag.py:540} INFO - Filling up the DagBag from /home/airflow/.local/lib/python3.12/site-packages/airflow/example_dags/example_setup_teardown.py
[2024-05-10T07:43:52.655+0000] {processor.py:840} INFO - DAG(s) 'example_setup_teardown' retrieved from /home/airflow/.local/lib/python3.12/site-packages/airflow/example_dags/example_setup_teardown.py
[2024-05-10T07:43:52.673+0000] {logging_mixin.py:188} INFO - [2024-05-10T07:43:52.673+0000] {dag.py:3096} INFO - Sync 1 DAGs
[2024-05-10T07:43:52.691+0000] {logging_mixin.py:188} INFO - [2024-05-10T07:43:52.691+0000] {dag.py:3954} INFO - Setting next_dagrun for example_setup_teardown to 2024-05-09 00:00:00+00:00, run_after=2024-05-10 00:00:00+00:00
[2024-05-10T07:43:52.706+0000] {processor.py:183} INFO - Processing /home/airflow/.local/lib/python3.12/site-packages/airflow/example_dags/example_setup_teardown.py took 0.063 seconds
[2024-05-10T07:44:23.368+0000] {processor.py:161} INFO - Started process (PID=2585) to work on /home/airflow/.local/lib/python3.12/site-packages/airflow/example_dags/example_setup_teardown.py
[2024-05-10T07:44:23.369+0000] {processor.py:830} INFO - Processing file /home/airflow/.local/lib/python3.12/site-packages/airflow/example_dags/example_setup_teardown.py for tasks to queue
[2024-05-10T07:44:23.371+0000] {logging_mixin.py:188} INFO - [2024-05-10T07:44:23.370+0000] {dagbag.py:540} INFO - Filling up the DagBag from /home/airflow/.local/lib/python3.12/site-packages/airflow/example_dags/example_setup_teardown.py
[2024-05-10T07:44:23.376+0000] {processor.py:840} INFO - DAG(s) 'example_setup_teardown' retrieved from /home/airflow/.local/lib/python3.12/site-packages/airflow/example_dags/example_setup_teardown.py
[2024-05-10T07:44:23.392+0000] {logging_mixin.py:188} INFO - [2024-05-10T07:44:23.392+0000] {dag.py:3096} INFO - Sync 1 DAGs
[2024-05-10T07:44:23.410+0000] {logging_mixin.py:188} INFO - [2024-05-10T07:44:23.410+0000] {dag.py:3954} INFO - Setting next_dagrun for example_setup_teardown to 2024-05-09 00:00:00+00:00, run_after=2024-05-10 00:00:00+00:00
[2024-05-10T07:44:23.428+0000] {processor.py:183} INFO - Processing /home/airflow/.local/lib/python3.12/site-packages/airflow/example_dags/example_setup_teardown.py took 0.065 seconds
[2024-05-10T07:44:53.715+0000] {processor.py:161} INFO - Started process (PID=2644) to work on /home/airflow/.local/lib/python3.12/site-packages/airflow/example_dags/example_setup_teardown.py
[2024-05-10T07:44:53.716+0000] {processor.py:830} INFO - Processing file /home/airflow/.local/lib/python3.12/site-packages/airflow/example_dags/example_setup_teardown.py for tasks to queue
[2024-05-10T07:44:53.717+0000] {logging_mixin.py:188} INFO - [2024-05-10T07:44:53.717+0000] {dagbag.py:540} INFO - Filling up the DagBag from /home/airflow/.local/lib/python3.12/site-packages/airflow/example_dags/example_setup_teardown.py
[2024-05-10T07:44:53.722+0000] {processor.py:840} INFO - DAG(s) 'example_setup_teardown' retrieved from /home/airflow/.local/lib/python3.12/site-packages/airflow/example_dags/example_setup_teardown.py
[2024-05-10T07:44:53.739+0000] {logging_mixin.py:188} INFO - [2024-05-10T07:44:53.739+0000] {dag.py:3096} INFO - Sync 1 DAGs
[2024-05-10T07:44:53.756+0000] {logging_mixin.py:188} INFO - [2024-05-10T07:44:53.756+0000] {dag.py:3954} INFO - Setting next_dagrun for example_setup_teardown to 2024-05-09 00:00:00+00:00, run_after=2024-05-10 00:00:00+00:00
[2024-05-10T07:44:53.772+0000] {processor.py:183} INFO - Processing /home/airflow/.local/lib/python3.12/site-packages/airflow/example_dags/example_setup_teardown.py took 0.062 seconds
[2024-05-10T07:45:24.331+0000] {processor.py:161} INFO - Started process (PID=2704) to work on /home/airflow/.local/lib/python3.12/site-packages/airflow/example_dags/example_setup_teardown.py
[2024-05-10T07:45:24.332+0000] {processor.py:830} INFO - Processing file /home/airflow/.local/lib/python3.12/site-packages/airflow/example_dags/example_setup_teardown.py for tasks to queue
[2024-05-10T07:45:24.333+0000] {logging_mixin.py:188} INFO - [2024-05-10T07:45:24.333+0000] {dagbag.py:540} INFO - Filling up the DagBag from /home/airflow/.local/lib/python3.12/site-packages/airflow/example_dags/example_setup_teardown.py
[2024-05-10T07:45:24.339+0000] {processor.py:840} INFO - DAG(s) 'example_setup_teardown' retrieved from /home/airflow/.local/lib/python3.12/site-packages/airflow/example_dags/example_setup_teardown.py
[2024-05-10T07:45:24.358+0000] {logging_mixin.py:188} INFO - [2024-05-10T07:45:24.358+0000] {dag.py:3096} INFO - Sync 1 DAGs
[2024-05-10T07:45:24.377+0000] {logging_mixin.py:188} INFO - [2024-05-10T07:45:24.377+0000] {dag.py:3954} INFO - Setting next_dagrun for example_setup_teardown to 2024-05-09 00:00:00+00:00, run_after=2024-05-10 00:00:00+00:00
[2024-05-10T07:45:24.396+0000] {processor.py:183} INFO - Processing /home/airflow/.local/lib/python3.12/site-packages/airflow/example_dags/example_setup_teardown.py took 0.070 seconds
[2024-05-10T07:45:54.993+0000] {processor.py:161} INFO - Started process (PID=2763) to work on /home/airflow/.local/lib/python3.12/site-packages/airflow/example_dags/example_setup_teardown.py
[2024-05-10T07:45:54.994+0000] {processor.py:830} INFO - Processing file /home/airflow/.local/lib/python3.12/site-packages/airflow/example_dags/example_setup_teardown.py for tasks to queue
[2024-05-10T07:45:54.995+0000] {logging_mixin.py:188} INFO - [2024-05-10T07:45:54.995+0000] {dagbag.py:540} INFO - Filling up the DagBag from /home/airflow/.local/lib/python3.12/site-packages/airflow/example_dags/example_setup_teardown.py
[2024-05-10T07:45:55.001+0000] {processor.py:840} INFO - DAG(s) 'example_setup_teardown' retrieved from /home/airflow/.local/lib/python3.12/site-packages/airflow/example_dags/example_setup_teardown.py
[2024-05-10T07:45:55.019+0000] {logging_mixin.py:188} INFO - [2024-05-10T07:45:55.019+0000] {dag.py:3096} INFO - Sync 1 DAGs
[2024-05-10T07:45:55.037+0000] {logging_mixin.py:188} INFO - [2024-05-10T07:45:55.037+0000] {dag.py:3954} INFO - Setting next_dagrun for example_setup_teardown to 2024-05-09 00:00:00+00:00, run_after=2024-05-10 00:00:00+00:00
[2024-05-10T07:45:55.062+0000] {processor.py:183} INFO - Processing /home/airflow/.local/lib/python3.12/site-packages/airflow/example_dags/example_setup_teardown.py took 0.074 seconds
[2024-05-10T07:46:25.721+0000] {processor.py:161} INFO - Started process (PID=2821) to work on /home/airflow/.local/lib/python3.12/site-packages/airflow/example_dags/example_setup_teardown.py
[2024-05-10T07:46:25.722+0000] {processor.py:830} INFO - Processing file /home/airflow/.local/lib/python3.12/site-packages/airflow/example_dags/example_setup_teardown.py for tasks to queue
[2024-05-10T07:46:25.723+0000] {logging_mixin.py:188} INFO - [2024-05-10T07:46:25.723+0000] {dagbag.py:540} INFO - Filling up the DagBag from /home/airflow/.local/lib/python3.12/site-packages/airflow/example_dags/example_setup_teardown.py
[2024-05-10T07:46:25.731+0000] {processor.py:840} INFO - DAG(s) 'example_setup_teardown' retrieved from /home/airflow/.local/lib/python3.12/site-packages/airflow/example_dags/example_setup_teardown.py
[2024-05-10T07:46:25.758+0000] {logging_mixin.py:188} INFO - [2024-05-10T07:46:25.758+0000] {dag.py:3096} INFO - Sync 1 DAGs
[2024-05-10T07:46:25.782+0000] {logging_mixin.py:188} INFO - [2024-05-10T07:46:25.781+0000] {dag.py:3954} INFO - Setting next_dagrun for example_setup_teardown to 2024-05-09 00:00:00+00:00, run_after=2024-05-10 00:00:00+00:00
[2024-05-10T07:46:25.817+0000] {processor.py:183} INFO - Processing /home/airflow/.local/lib/python3.12/site-packages/airflow/example_dags/example_setup_teardown.py took 0.108 seconds
[2024-05-10T07:46:56.310+0000] {processor.py:161} INFO - Started process (PID=2878) to work on /home/airflow/.local/lib/python3.12/site-packages/airflow/example_dags/example_setup_teardown.py
[2024-05-10T07:46:56.311+0000] {processor.py:830} INFO - Processing file /home/airflow/.local/lib/python3.12/site-packages/airflow/example_dags/example_setup_teardown.py for tasks to queue
[2024-05-10T07:46:56.312+0000] {logging_mixin.py:188} INFO - [2024-05-10T07:46:56.312+0000] {dagbag.py:540} INFO - Filling up the DagBag from /home/airflow/.local/lib/python3.12/site-packages/airflow/example_dags/example_setup_teardown.py
[2024-05-10T07:46:56.322+0000] {processor.py:840} INFO - DAG(s) 'example_setup_teardown' retrieved from /home/airflow/.local/lib/python3.12/site-packages/airflow/example_dags/example_setup_teardown.py
[2024-05-10T07:46:56.345+0000] {logging_mixin.py:188} INFO - [2024-05-10T07:46:56.345+0000] {dag.py:3096} INFO - Sync 1 DAGs
[2024-05-10T07:46:56.370+0000] {logging_mixin.py:188} INFO - [2024-05-10T07:46:56.370+0000] {dag.py:3954} INFO - Setting next_dagrun for example_setup_teardown to 2024-05-09 00:00:00+00:00, run_after=2024-05-10 00:00:00+00:00
[2024-05-10T07:46:56.399+0000] {processor.py:183} INFO - Processing /home/airflow/.local/lib/python3.12/site-packages/airflow/example_dags/example_setup_teardown.py took 0.110 seconds
[2024-05-10T07:47:26.528+0000] {processor.py:161} INFO - Started process (PID=2936) to work on /home/airflow/.local/lib/python3.12/site-packages/airflow/example_dags/example_setup_teardown.py
[2024-05-10T07:47:26.528+0000] {processor.py:830} INFO - Processing file /home/airflow/.local/lib/python3.12/site-packages/airflow/example_dags/example_setup_teardown.py for tasks to queue
[2024-05-10T07:47:26.529+0000] {logging_mixin.py:188} INFO - [2024-05-10T07:47:26.529+0000] {dagbag.py:540} INFO - Filling up the DagBag from /home/airflow/.local/lib/python3.12/site-packages/airflow/example_dags/example_setup_teardown.py
[2024-05-10T07:47:26.535+0000] {processor.py:840} INFO - DAG(s) 'example_setup_teardown' retrieved from /home/airflow/.local/lib/python3.12/site-packages/airflow/example_dags/example_setup_teardown.py
[2024-05-10T07:47:26.551+0000] {logging_mixin.py:188} INFO - [2024-05-10T07:47:26.551+0000] {dag.py:3096} INFO - Sync 1 DAGs
[2024-05-10T07:47:26.568+0000] {logging_mixin.py:188} INFO - [2024-05-10T07:47:26.568+0000] {dag.py:3954} INFO - Setting next_dagrun for example_setup_teardown to 2024-05-09 00:00:00+00:00, run_after=2024-05-10 00:00:00+00:00
[2024-05-10T07:47:26.585+0000] {processor.py:183} INFO - Processing /home/airflow/.local/lib/python3.12/site-packages/airflow/example_dags/example_setup_teardown.py took 0.062 seconds
[2024-05-10T07:47:56.929+0000] {processor.py:161} INFO - Started process (PID=2994) to work on /home/airflow/.local/lib/python3.12/site-packages/airflow/example_dags/example_setup_teardown.py
[2024-05-10T07:47:56.930+0000] {processor.py:830} INFO - Processing file /home/airflow/.local/lib/python3.12/site-packages/airflow/example_dags/example_setup_teardown.py for tasks to queue
[2024-05-10T07:47:56.930+0000] {logging_mixin.py:188} INFO - [2024-05-10T07:47:56.930+0000] {dagbag.py:540} INFO - Filling up the DagBag from /home/airflow/.local/lib/python3.12/site-packages/airflow/example_dags/example_setup_teardown.py
[2024-05-10T07:47:56.937+0000] {processor.py:840} INFO - DAG(s) 'example_setup_teardown' retrieved from /home/airflow/.local/lib/python3.12/site-packages/airflow/example_dags/example_setup_teardown.py
[2024-05-10T07:47:56.956+0000] {logging_mixin.py:188} INFO - [2024-05-10T07:47:56.956+0000] {dag.py:3096} INFO - Sync 1 DAGs
[2024-05-10T07:47:56.980+0000] {logging_mixin.py:188} INFO - [2024-05-10T07:47:56.979+0000] {dag.py:3954} INFO - Setting next_dagrun for example_setup_teardown to 2024-05-09 00:00:00+00:00, run_after=2024-05-10 00:00:00+00:00
[2024-05-10T07:47:57.030+0000] {processor.py:183} INFO - Processing /home/airflow/.local/lib/python3.12/site-packages/airflow/example_dags/example_setup_teardown.py took 0.106 seconds
[2024-05-10T07:48:27.910+0000] {processor.py:161} INFO - Started process (PID=3052) to work on /home/airflow/.local/lib/python3.12/site-packages/airflow/example_dags/example_setup_teardown.py
[2024-05-10T07:48:27.912+0000] {processor.py:830} INFO - Processing file /home/airflow/.local/lib/python3.12/site-packages/airflow/example_dags/example_setup_teardown.py for tasks to queue
[2024-05-10T07:48:27.912+0000] {logging_mixin.py:188} INFO - [2024-05-10T07:48:27.912+0000] {dagbag.py:540} INFO - Filling up the DagBag from /home/airflow/.local/lib/python3.12/site-packages/airflow/example_dags/example_setup_teardown.py
[2024-05-10T07:48:27.919+0000] {processor.py:840} INFO - DAG(s) 'example_setup_teardown' retrieved from /home/airflow/.local/lib/python3.12/site-packages/airflow/example_dags/example_setup_teardown.py
[2024-05-10T07:48:27.936+0000] {logging_mixin.py:188} INFO - [2024-05-10T07:48:27.936+0000] {dag.py:3096} INFO - Sync 1 DAGs
[2024-05-10T07:48:27.960+0000] {logging_mixin.py:188} INFO - [2024-05-10T07:48:27.960+0000] {dag.py:3954} INFO - Setting next_dagrun for example_setup_teardown to 2024-05-09 00:00:00+00:00, run_after=2024-05-10 00:00:00+00:00
[2024-05-10T07:48:28.000+0000] {processor.py:183} INFO - Processing /home/airflow/.local/lib/python3.12/site-packages/airflow/example_dags/example_setup_teardown.py took 0.095 seconds
[2024-05-10T07:48:58.145+0000] {processor.py:161} INFO - Started process (PID=3110) to work on /home/airflow/.local/lib/python3.12/site-packages/airflow/example_dags/example_setup_teardown.py
[2024-05-10T07:48:58.150+0000] {processor.py:830} INFO - Processing file /home/airflow/.local/lib/python3.12/site-packages/airflow/example_dags/example_setup_teardown.py for tasks to queue
[2024-05-10T07:48:58.150+0000] {logging_mixin.py:188} INFO - [2024-05-10T07:48:58.150+0000] {dagbag.py:540} INFO - Filling up the DagBag from /home/airflow/.local/lib/python3.12/site-packages/airflow/example_dags/example_setup_teardown.py
[2024-05-10T07:48:58.162+0000] {processor.py:840} INFO - DAG(s) 'example_setup_teardown' retrieved from /home/airflow/.local/lib/python3.12/site-packages/airflow/example_dags/example_setup_teardown.py
[2024-05-10T07:48:58.181+0000] {logging_mixin.py:188} INFO - [2024-05-10T07:48:58.181+0000] {dag.py:3096} INFO - Sync 1 DAGs
[2024-05-10T07:48:58.203+0000] {logging_mixin.py:188} INFO - [2024-05-10T07:48:58.203+0000] {dag.py:3954} INFO - Setting next_dagrun for example_setup_teardown to 2024-05-09 00:00:00+00:00, run_after=2024-05-10 00:00:00+00:00
[2024-05-10T07:48:58.266+0000] {processor.py:183} INFO - Processing /home/airflow/.local/lib/python3.12/site-packages/airflow/example_dags/example_setup_teardown.py took 0.125 seconds
[2024-05-10T07:49:28.313+0000] {processor.py:161} INFO - Started process (PID=3168) to work on /home/airflow/.local/lib/python3.12/site-packages/airflow/example_dags/example_setup_teardown.py
[2024-05-10T07:49:28.314+0000] {processor.py:830} INFO - Processing file /home/airflow/.local/lib/python3.12/site-packages/airflow/example_dags/example_setup_teardown.py for tasks to queue
[2024-05-10T07:49:28.315+0000] {logging_mixin.py:188} INFO - [2024-05-10T07:49:28.315+0000] {dagbag.py:540} INFO - Filling up the DagBag from /home/airflow/.local/lib/python3.12/site-packages/airflow/example_dags/example_setup_teardown.py
[2024-05-10T07:49:28.321+0000] {processor.py:840} INFO - DAG(s) 'example_setup_teardown' retrieved from /home/airflow/.local/lib/python3.12/site-packages/airflow/example_dags/example_setup_teardown.py
[2024-05-10T07:49:28.340+0000] {logging_mixin.py:188} INFO - [2024-05-10T07:49:28.339+0000] {dag.py:3096} INFO - Sync 1 DAGs
[2024-05-10T07:49:28.359+0000] {logging_mixin.py:188} INFO - [2024-05-10T07:49:28.359+0000] {dag.py:3954} INFO - Setting next_dagrun for example_setup_teardown to 2024-05-09 00:00:00+00:00, run_after=2024-05-10 00:00:00+00:00
[2024-05-10T07:49:28.378+0000] {processor.py:183} INFO - Processing /home/airflow/.local/lib/python3.12/site-packages/airflow/example_dags/example_setup_teardown.py took 0.070 seconds
[2024-05-10T07:49:58.678+0000] {processor.py:161} INFO - Started process (PID=3226) to work on /home/airflow/.local/lib/python3.12/site-packages/airflow/example_dags/example_setup_teardown.py
[2024-05-10T07:49:58.679+0000] {processor.py:830} INFO - Processing file /home/airflow/.local/lib/python3.12/site-packages/airflow/example_dags/example_setup_teardown.py for tasks to queue
[2024-05-10T07:49:58.680+0000] {logging_mixin.py:188} INFO - [2024-05-10T07:49:58.680+0000] {dagbag.py:540} INFO - Filling up the DagBag from /home/airflow/.local/lib/python3.12/site-packages/airflow/example_dags/example_setup_teardown.py
[2024-05-10T07:49:58.686+0000] {processor.py:840} INFO - DAG(s) 'example_setup_teardown' retrieved from /home/airflow/.local/lib/python3.12/site-packages/airflow/example_dags/example_setup_teardown.py
[2024-05-10T07:49:58.704+0000] {logging_mixin.py:188} INFO - [2024-05-10T07:49:58.704+0000] {dag.py:3096} INFO - Sync 1 DAGs
[2024-05-10T07:49:58.724+0000] {logging_mixin.py:188} INFO - [2024-05-10T07:49:58.723+0000] {dag.py:3954} INFO - Setting next_dagrun for example_setup_teardown to 2024-05-09 00:00:00+00:00, run_after=2024-05-10 00:00:00+00:00
[2024-05-10T07:49:58.756+0000] {processor.py:183} INFO - Processing /home/airflow/.local/lib/python3.12/site-packages/airflow/example_dags/example_setup_teardown.py took 0.084 seconds
[2024-05-10T07:50:29.487+0000] {processor.py:161} INFO - Started process (PID=3284) to work on /home/airflow/.local/lib/python3.12/site-packages/airflow/example_dags/example_setup_teardown.py
[2024-05-10T07:50:29.488+0000] {processor.py:830} INFO - Processing file /home/airflow/.local/lib/python3.12/site-packages/airflow/example_dags/example_setup_teardown.py for tasks to queue
[2024-05-10T07:50:29.489+0000] {logging_mixin.py:188} INFO - [2024-05-10T07:50:29.488+0000] {dagbag.py:540} INFO - Filling up the DagBag from /home/airflow/.local/lib/python3.12/site-packages/airflow/example_dags/example_setup_teardown.py
[2024-05-10T07:50:29.495+0000] {processor.py:840} INFO - DAG(s) 'example_setup_teardown' retrieved from /home/airflow/.local/lib/python3.12/site-packages/airflow/example_dags/example_setup_teardown.py
[2024-05-10T07:50:29.513+0000] {logging_mixin.py:188} INFO - [2024-05-10T07:50:29.513+0000] {dag.py:3096} INFO - Sync 1 DAGs
[2024-05-10T07:50:29.532+0000] {logging_mixin.py:188} INFO - [2024-05-10T07:50:29.532+0000] {dag.py:3954} INFO - Setting next_dagrun for example_setup_teardown to 2024-05-09 00:00:00+00:00, run_after=2024-05-10 00:00:00+00:00
[2024-05-10T07:50:29.558+0000] {processor.py:183} INFO - Processing /home/airflow/.local/lib/python3.12/site-packages/airflow/example_dags/example_setup_teardown.py took 0.078 seconds
[2024-05-10T07:50:59.725+0000] {processor.py:161} INFO - Started process (PID=3342) to work on /home/airflow/.local/lib/python3.12/site-packages/airflow/example_dags/example_setup_teardown.py
[2024-05-10T07:50:59.726+0000] {processor.py:830} INFO - Processing file /home/airflow/.local/lib/python3.12/site-packages/airflow/example_dags/example_setup_teardown.py for tasks to queue
[2024-05-10T07:50:59.727+0000] {logging_mixin.py:188} INFO - [2024-05-10T07:50:59.727+0000] {dagbag.py:540} INFO - Filling up the DagBag from /home/airflow/.local/lib/python3.12/site-packages/airflow/example_dags/example_setup_teardown.py
[2024-05-10T07:50:59.736+0000] {processor.py:840} INFO - DAG(s) 'example_setup_teardown' retrieved from /home/airflow/.local/lib/python3.12/site-packages/airflow/example_dags/example_setup_teardown.py
[2024-05-10T07:50:59.753+0000] {logging_mixin.py:188} INFO - [2024-05-10T07:50:59.753+0000] {dag.py:3096} INFO - Sync 1 DAGs
[2024-05-10T07:50:59.772+0000] {logging_mixin.py:188} INFO - [2024-05-10T07:50:59.772+0000] {dag.py:3954} INFO - Setting next_dagrun for example_setup_teardown to 2024-05-09 00:00:00+00:00, run_after=2024-05-10 00:00:00+00:00
[2024-05-10T07:50:59.804+0000] {processor.py:183} INFO - Processing /home/airflow/.local/lib/python3.12/site-packages/airflow/example_dags/example_setup_teardown.py took 0.083 seconds
[2024-05-10T07:51:29.935+0000] {processor.py:161} INFO - Started process (PID=3399) to work on /home/airflow/.local/lib/python3.12/site-packages/airflow/example_dags/example_setup_teardown.py
[2024-05-10T07:51:29.935+0000] {processor.py:830} INFO - Processing file /home/airflow/.local/lib/python3.12/site-packages/airflow/example_dags/example_setup_teardown.py for tasks to queue
[2024-05-10T07:51:29.936+0000] {logging_mixin.py:188} INFO - [2024-05-10T07:51:29.936+0000] {dagbag.py:540} INFO - Filling up the DagBag from /home/airflow/.local/lib/python3.12/site-packages/airflow/example_dags/example_setup_teardown.py
[2024-05-10T07:51:29.942+0000] {processor.py:840} INFO - DAG(s) 'example_setup_teardown' retrieved from /home/airflow/.local/lib/python3.12/site-packages/airflow/example_dags/example_setup_teardown.py
[2024-05-10T07:51:29.959+0000] {logging_mixin.py:188} INFO - [2024-05-10T07:51:29.959+0000] {dag.py:3096} INFO - Sync 1 DAGs
[2024-05-10T07:51:29.977+0000] {logging_mixin.py:188} INFO - [2024-05-10T07:51:29.977+0000] {dag.py:3954} INFO - Setting next_dagrun for example_setup_teardown to 2024-05-09 00:00:00+00:00, run_after=2024-05-10 00:00:00+00:00
[2024-05-10T07:51:29.996+0000] {processor.py:183} INFO - Processing /home/airflow/.local/lib/python3.12/site-packages/airflow/example_dags/example_setup_teardown.py took 0.066 seconds
[2024-05-10T07:52:00.137+0000] {processor.py:161} INFO - Started process (PID=3457) to work on /home/airflow/.local/lib/python3.12/site-packages/airflow/example_dags/example_setup_teardown.py
[2024-05-10T07:52:00.138+0000] {processor.py:830} INFO - Processing file /home/airflow/.local/lib/python3.12/site-packages/airflow/example_dags/example_setup_teardown.py for tasks to queue
[2024-05-10T07:52:00.139+0000] {logging_mixin.py:188} INFO - [2024-05-10T07:52:00.138+0000] {dagbag.py:540} INFO - Filling up the DagBag from /home/airflow/.local/lib/python3.12/site-packages/airflow/example_dags/example_setup_teardown.py
[2024-05-10T07:52:00.144+0000] {processor.py:840} INFO - DAG(s) 'example_setup_teardown' retrieved from /home/airflow/.local/lib/python3.12/site-packages/airflow/example_dags/example_setup_teardown.py
[2024-05-10T07:52:00.160+0000] {logging_mixin.py:188} INFO - [2024-05-10T07:52:00.160+0000] {dag.py:3096} INFO - Sync 1 DAGs
[2024-05-10T07:52:00.177+0000] {logging_mixin.py:188} INFO - [2024-05-10T07:52:00.177+0000] {dag.py:3954} INFO - Setting next_dagrun for example_setup_teardown to 2024-05-09 00:00:00+00:00, run_after=2024-05-10 00:00:00+00:00
[2024-05-10T07:52:00.194+0000] {processor.py:183} INFO - Processing /home/airflow/.local/lib/python3.12/site-packages/airflow/example_dags/example_setup_teardown.py took 0.061 seconds
[2024-05-10T07:52:30.410+0000] {processor.py:161} INFO - Started process (PID=3515) to work on /home/airflow/.local/lib/python3.12/site-packages/airflow/example_dags/example_setup_teardown.py
[2024-05-10T07:52:30.411+0000] {processor.py:830} INFO - Processing file /home/airflow/.local/lib/python3.12/site-packages/airflow/example_dags/example_setup_teardown.py for tasks to queue
[2024-05-10T07:52:30.412+0000] {logging_mixin.py:188} INFO - [2024-05-10T07:52:30.411+0000] {dagbag.py:540} INFO - Filling up the DagBag from /home/airflow/.local/lib/python3.12/site-packages/airflow/example_dags/example_setup_teardown.py
[2024-05-10T07:52:30.418+0000] {processor.py:840} INFO - DAG(s) 'example_setup_teardown' retrieved from /home/airflow/.local/lib/python3.12/site-packages/airflow/example_dags/example_setup_teardown.py
[2024-05-10T07:52:30.434+0000] {logging_mixin.py:188} INFO - [2024-05-10T07:52:30.434+0000] {dag.py:3096} INFO - Sync 1 DAGs
[2024-05-10T07:52:30.452+0000] {logging_mixin.py:188} INFO - [2024-05-10T07:52:30.451+0000] {dag.py:3954} INFO - Setting next_dagrun for example_setup_teardown to 2024-05-09 00:00:00+00:00, run_after=2024-05-10 00:00:00+00:00
[2024-05-10T07:52:30.473+0000] {processor.py:183} INFO - Processing /home/airflow/.local/lib/python3.12/site-packages/airflow/example_dags/example_setup_teardown.py took 0.068 seconds
[2024-05-10T07:53:01.420+0000] {processor.py:161} INFO - Started process (PID=3573) to work on /home/airflow/.local/lib/python3.12/site-packages/airflow/example_dags/example_setup_teardown.py
[2024-05-10T07:53:01.421+0000] {processor.py:830} INFO - Processing file /home/airflow/.local/lib/python3.12/site-packages/airflow/example_dags/example_setup_teardown.py for tasks to queue
[2024-05-10T07:53:01.422+0000] {logging_mixin.py:188} INFO - [2024-05-10T07:53:01.421+0000] {dagbag.py:540} INFO - Filling up the DagBag from /home/airflow/.local/lib/python3.12/site-packages/airflow/example_dags/example_setup_teardown.py
[2024-05-10T07:53:01.427+0000] {processor.py:840} INFO - DAG(s) 'example_setup_teardown' retrieved from /home/airflow/.local/lib/python3.12/site-packages/airflow/example_dags/example_setup_teardown.py
[2024-05-10T07:53:01.443+0000] {logging_mixin.py:188} INFO - [2024-05-10T07:53:01.443+0000] {dag.py:3096} INFO - Sync 1 DAGs
[2024-05-10T07:53:01.461+0000] {logging_mixin.py:188} INFO - [2024-05-10T07:53:01.461+0000] {dag.py:3954} INFO - Setting next_dagrun for example_setup_teardown to 2024-05-09 00:00:00+00:00, run_after=2024-05-10 00:00:00+00:00
[2024-05-10T07:53:01.484+0000] {processor.py:183} INFO - Processing /home/airflow/.local/lib/python3.12/site-packages/airflow/example_dags/example_setup_teardown.py took 0.068 seconds
[2024-05-10T07:53:31.967+0000] {processor.py:161} INFO - Started process (PID=3630) to work on /home/airflow/.local/lib/python3.12/site-packages/airflow/example_dags/example_setup_teardown.py
[2024-05-10T07:53:31.968+0000] {processor.py:830} INFO - Processing file /home/airflow/.local/lib/python3.12/site-packages/airflow/example_dags/example_setup_teardown.py for tasks to queue
[2024-05-10T07:53:31.969+0000] {logging_mixin.py:188} INFO - [2024-05-10T07:53:31.969+0000] {dagbag.py:540} INFO - Filling up the DagBag from /home/airflow/.local/lib/python3.12/site-packages/airflow/example_dags/example_setup_teardown.py
[2024-05-10T07:53:31.975+0000] {processor.py:840} INFO - DAG(s) 'example_setup_teardown' retrieved from /home/airflow/.local/lib/python3.12/site-packages/airflow/example_dags/example_setup_teardown.py
[2024-05-10T07:53:31.992+0000] {logging_mixin.py:188} INFO - [2024-05-10T07:53:31.992+0000] {dag.py:3096} INFO - Sync 1 DAGs
[2024-05-10T07:53:32.009+0000] {logging_mixin.py:188} INFO - [2024-05-10T07:53:32.009+0000] {dag.py:3954} INFO - Setting next_dagrun for example_setup_teardown to 2024-05-09 00:00:00+00:00, run_after=2024-05-10 00:00:00+00:00
[2024-05-10T07:53:32.027+0000] {processor.py:183} INFO - Processing /home/airflow/.local/lib/python3.12/site-packages/airflow/example_dags/example_setup_teardown.py took 0.065 seconds
[2024-05-10T07:54:02.456+0000] {processor.py:161} INFO - Started process (PID=3688) to work on /home/airflow/.local/lib/python3.12/site-packages/airflow/example_dags/example_setup_teardown.py
[2024-05-10T07:54:02.457+0000] {processor.py:830} INFO - Processing file /home/airflow/.local/lib/python3.12/site-packages/airflow/example_dags/example_setup_teardown.py for tasks to queue
[2024-05-10T07:54:02.458+0000] {logging_mixin.py:188} INFO - [2024-05-10T07:54:02.458+0000] {dagbag.py:540} INFO - Filling up the DagBag from /home/airflow/.local/lib/python3.12/site-packages/airflow/example_dags/example_setup_teardown.py
[2024-05-10T07:54:02.465+0000] {processor.py:840} INFO - DAG(s) 'example_setup_teardown' retrieved from /home/airflow/.local/lib/python3.12/site-packages/airflow/example_dags/example_setup_teardown.py
[2024-05-10T07:54:02.483+0000] {logging_mixin.py:188} INFO - [2024-05-10T07:54:02.482+0000] {dag.py:3096} INFO - Sync 1 DAGs
[2024-05-10T07:54:02.500+0000] {logging_mixin.py:188} INFO - [2024-05-10T07:54:02.500+0000] {dag.py:3954} INFO - Setting next_dagrun for example_setup_teardown to 2024-05-09 00:00:00+00:00, run_after=2024-05-10 00:00:00+00:00
[2024-05-10T07:54:02.516+0000] {processor.py:183} INFO - Processing /home/airflow/.local/lib/python3.12/site-packages/airflow/example_dags/example_setup_teardown.py took 0.068 seconds
[2024-05-10T07:54:32.979+0000] {processor.py:161} INFO - Started process (PID=3745) to work on /home/airflow/.local/lib/python3.12/site-packages/airflow/example_dags/example_setup_teardown.py
[2024-05-10T07:54:32.980+0000] {processor.py:830} INFO - Processing file /home/airflow/.local/lib/python3.12/site-packages/airflow/example_dags/example_setup_teardown.py for tasks to queue
[2024-05-10T07:54:32.980+0000] {logging_mixin.py:188} INFO - [2024-05-10T07:54:32.980+0000] {dagbag.py:540} INFO - Filling up the DagBag from /home/airflow/.local/lib/python3.12/site-packages/airflow/example_dags/example_setup_teardown.py
[2024-05-10T07:54:32.986+0000] {processor.py:840} INFO - DAG(s) 'example_setup_teardown' retrieved from /home/airflow/.local/lib/python3.12/site-packages/airflow/example_dags/example_setup_teardown.py
[2024-05-10T07:54:33.002+0000] {logging_mixin.py:188} INFO - [2024-05-10T07:54:33.002+0000] {dag.py:3096} INFO - Sync 1 DAGs
[2024-05-10T07:54:33.021+0000] {logging_mixin.py:188} INFO - [2024-05-10T07:54:33.020+0000] {dag.py:3954} INFO - Setting next_dagrun for example_setup_teardown to 2024-05-09 00:00:00+00:00, run_after=2024-05-10 00:00:00+00:00
[2024-05-10T07:54:33.037+0000] {processor.py:183} INFO - Processing /home/airflow/.local/lib/python3.12/site-packages/airflow/example_dags/example_setup_teardown.py took 0.064 seconds
[2024-05-10T07:55:03.701+0000] {processor.py:161} INFO - Started process (PID=3803) to work on /home/airflow/.local/lib/python3.12/site-packages/airflow/example_dags/example_setup_teardown.py
[2024-05-10T07:55:03.702+0000] {processor.py:830} INFO - Processing file /home/airflow/.local/lib/python3.12/site-packages/airflow/example_dags/example_setup_teardown.py for tasks to queue
[2024-05-10T07:55:03.702+0000] {logging_mixin.py:188} INFO - [2024-05-10T07:55:03.702+0000] {dagbag.py:540} INFO - Filling up the DagBag from /home/airflow/.local/lib/python3.12/site-packages/airflow/example_dags/example_setup_teardown.py
[2024-05-10T07:55:03.708+0000] {processor.py:840} INFO - DAG(s) 'example_setup_teardown' retrieved from /home/airflow/.local/lib/python3.12/site-packages/airflow/example_dags/example_setup_teardown.py
[2024-05-10T07:55:03.726+0000] {logging_mixin.py:188} INFO - [2024-05-10T07:55:03.726+0000] {dag.py:3096} INFO - Sync 1 DAGs
[2024-05-10T07:55:03.745+0000] {logging_mixin.py:188} INFO - [2024-05-10T07:55:03.745+0000] {dag.py:3954} INFO - Setting next_dagrun for example_setup_teardown to 2024-05-09 00:00:00+00:00, run_after=2024-05-10 00:00:00+00:00
[2024-05-10T07:55:03.772+0000] {processor.py:183} INFO - Processing /home/airflow/.local/lib/python3.12/site-packages/airflow/example_dags/example_setup_teardown.py took 0.077 seconds
