[2024-05-10T07:22:24.347+0000] {processor.py:161} INFO - Started process (PID=57) to work on /home/airflow/.local/lib/python3.12/site-packages/airflow/example_dags/example_bash_decorator.py
[2024-05-10T07:22:24.348+0000] {processor.py:830} INFO - Processing file /home/airflow/.local/lib/python3.12/site-packages/airflow/example_dags/example_bash_decorator.py for tasks to queue
[2024-05-10T07:22:24.349+0000] {logging_mixin.py:188} INFO - [2024-05-10T07:22:24.349+0000] {dagbag.py:540} INFO - Filling up the DagBag from /home/airflow/.local/lib/python3.12/site-packages/airflow/example_dags/example_bash_decorator.py
[2024-05-10T07:22:24.364+0000] {processor.py:840} INFO - DAG(s) 'example_bash_decorator' retrieved from /home/airflow/.local/lib/python3.12/site-packages/airflow/example_dags/example_bash_decorator.py
[2024-05-10T07:22:24.375+0000] {logging_mixin.py:188} INFO - [2024-05-10T07:22:24.374+0000] {dag.py:3096} INFO - Sync 1 DAGs
[2024-05-10T07:22:24.386+0000] {logging_mixin.py:188} INFO - [2024-05-10T07:22:24.386+0000] {dag.py:3954} INFO - Setting next_dagrun for example_bash_decorator to None, run_after=None
[2024-05-10T07:22:24.407+0000] {processor.py:183} INFO - Processing /home/airflow/.local/lib/python3.12/site-packages/airflow/example_dags/example_bash_decorator.py took 0.064 seconds
[2024-05-10T07:22:55.812+0000] {processor.py:161} INFO - Started process (PID=115) to work on /home/airflow/.local/lib/python3.12/site-packages/airflow/example_dags/example_bash_decorator.py
[2024-05-10T07:22:55.812+0000] {processor.py:830} INFO - Processing file /home/airflow/.local/lib/python3.12/site-packages/airflow/example_dags/example_bash_decorator.py for tasks to queue
[2024-05-10T07:22:55.814+0000] {logging_mixin.py:188} INFO - [2024-05-10T07:22:55.813+0000] {dagbag.py:540} INFO - Filling up the DagBag from /home/airflow/.local/lib/python3.12/site-packages/airflow/example_dags/example_bash_decorator.py
[2024-05-10T07:22:55.825+0000] {processor.py:840} INFO - DAG(s) 'example_bash_decorator' retrieved from /home/airflow/.local/lib/python3.12/site-packages/airflow/example_dags/example_bash_decorator.py
[2024-05-10T07:22:55.917+0000] {logging_mixin.py:188} INFO - [2024-05-10T07:22:55.916+0000] {dag.py:3096} INFO - Sync 1 DAGs
[2024-05-10T07:22:55.925+0000] {logging_mixin.py:188} INFO - [2024-05-10T07:22:55.925+0000] {dag.py:3954} INFO - Setting next_dagrun for example_bash_decorator to None, run_after=None
[2024-05-10T07:22:55.953+0000] {processor.py:183} INFO - Processing /home/airflow/.local/lib/python3.12/site-packages/airflow/example_dags/example_bash_decorator.py took 0.146 seconds
[2024-05-10T07:23:26.147+0000] {processor.py:161} INFO - Started process (PID=173) to work on /home/airflow/.local/lib/python3.12/site-packages/airflow/example_dags/example_bash_decorator.py
[2024-05-10T07:23:26.148+0000] {processor.py:830} INFO - Processing file /home/airflow/.local/lib/python3.12/site-packages/airflow/example_dags/example_bash_decorator.py for tasks to queue
[2024-05-10T07:23:26.149+0000] {logging_mixin.py:188} INFO - [2024-05-10T07:23:26.149+0000] {dagbag.py:540} INFO - Filling up the DagBag from /home/airflow/.local/lib/python3.12/site-packages/airflow/example_dags/example_bash_decorator.py
[2024-05-10T07:23:26.159+0000] {processor.py:840} INFO - DAG(s) 'example_bash_decorator' retrieved from /home/airflow/.local/lib/python3.12/site-packages/airflow/example_dags/example_bash_decorator.py
[2024-05-10T07:23:26.177+0000] {logging_mixin.py:188} INFO - [2024-05-10T07:23:26.177+0000] {dag.py:3096} INFO - Sync 1 DAGs
[2024-05-10T07:23:26.187+0000] {logging_mixin.py:188} INFO - [2024-05-10T07:23:26.186+0000] {dag.py:3954} INFO - Setting next_dagrun for example_bash_decorator to None, run_after=None
[2024-05-10T07:23:26.216+0000] {processor.py:183} INFO - Processing /home/airflow/.local/lib/python3.12/site-packages/airflow/example_dags/example_bash_decorator.py took 0.075 seconds
[2024-05-10T07:23:56.784+0000] {processor.py:161} INFO - Started process (PID=231) to work on /home/airflow/.local/lib/python3.12/site-packages/airflow/example_dags/example_bash_decorator.py
[2024-05-10T07:23:56.785+0000] {processor.py:830} INFO - Processing file /home/airflow/.local/lib/python3.12/site-packages/airflow/example_dags/example_bash_decorator.py for tasks to queue
[2024-05-10T07:23:56.786+0000] {logging_mixin.py:188} INFO - [2024-05-10T07:23:56.786+0000] {dagbag.py:540} INFO - Filling up the DagBag from /home/airflow/.local/lib/python3.12/site-packages/airflow/example_dags/example_bash_decorator.py
[2024-05-10T07:23:56.797+0000] {processor.py:840} INFO - DAG(s) 'example_bash_decorator' retrieved from /home/airflow/.local/lib/python3.12/site-packages/airflow/example_dags/example_bash_decorator.py
[2024-05-10T07:23:56.816+0000] {logging_mixin.py:188} INFO - [2024-05-10T07:23:56.816+0000] {dag.py:3096} INFO - Sync 1 DAGs
[2024-05-10T07:23:56.827+0000] {logging_mixin.py:188} INFO - [2024-05-10T07:23:56.827+0000] {dag.py:3954} INFO - Setting next_dagrun for example_bash_decorator to None, run_after=None
[2024-05-10T07:23:56.853+0000] {processor.py:183} INFO - Processing /home/airflow/.local/lib/python3.12/site-packages/airflow/example_dags/example_bash_decorator.py took 0.073 seconds
[2024-05-10T07:24:27.404+0000] {processor.py:161} INFO - Started process (PID=288) to work on /home/airflow/.local/lib/python3.12/site-packages/airflow/example_dags/example_bash_decorator.py
[2024-05-10T07:24:27.405+0000] {processor.py:830} INFO - Processing file /home/airflow/.local/lib/python3.12/site-packages/airflow/example_dags/example_bash_decorator.py for tasks to queue
[2024-05-10T07:24:27.406+0000] {logging_mixin.py:188} INFO - [2024-05-10T07:24:27.406+0000] {dagbag.py:540} INFO - Filling up the DagBag from /home/airflow/.local/lib/python3.12/site-packages/airflow/example_dags/example_bash_decorator.py
[2024-05-10T07:24:27.417+0000] {processor.py:840} INFO - DAG(s) 'example_bash_decorator' retrieved from /home/airflow/.local/lib/python3.12/site-packages/airflow/example_dags/example_bash_decorator.py
[2024-05-10T07:24:27.438+0000] {logging_mixin.py:188} INFO - [2024-05-10T07:24:27.438+0000] {dag.py:3096} INFO - Sync 1 DAGs
[2024-05-10T07:24:27.449+0000] {logging_mixin.py:188} INFO - [2024-05-10T07:24:27.448+0000] {dag.py:3954} INFO - Setting next_dagrun for example_bash_decorator to None, run_after=None
[2024-05-10T07:24:27.474+0000] {processor.py:183} INFO - Processing /home/airflow/.local/lib/python3.12/site-packages/airflow/example_dags/example_bash_decorator.py took 0.074 seconds
[2024-05-10T07:24:57.937+0000] {processor.py:161} INFO - Started process (PID=346) to work on /home/airflow/.local/lib/python3.12/site-packages/airflow/example_dags/example_bash_decorator.py
[2024-05-10T07:24:57.937+0000] {processor.py:830} INFO - Processing file /home/airflow/.local/lib/python3.12/site-packages/airflow/example_dags/example_bash_decorator.py for tasks to queue
[2024-05-10T07:24:57.939+0000] {logging_mixin.py:188} INFO - [2024-05-10T07:24:57.938+0000] {dagbag.py:540} INFO - Filling up the DagBag from /home/airflow/.local/lib/python3.12/site-packages/airflow/example_dags/example_bash_decorator.py
[2024-05-10T07:24:57.949+0000] {processor.py:840} INFO - DAG(s) 'example_bash_decorator' retrieved from /home/airflow/.local/lib/python3.12/site-packages/airflow/example_dags/example_bash_decorator.py
[2024-05-10T07:24:57.967+0000] {logging_mixin.py:188} INFO - [2024-05-10T07:24:57.966+0000] {dag.py:3096} INFO - Sync 1 DAGs
[2024-05-10T07:24:57.977+0000] {logging_mixin.py:188} INFO - [2024-05-10T07:24:57.977+0000] {dag.py:3954} INFO - Setting next_dagrun for example_bash_decorator to None, run_after=None
[2024-05-10T07:24:57.997+0000] {processor.py:183} INFO - Processing /home/airflow/.local/lib/python3.12/site-packages/airflow/example_dags/example_bash_decorator.py took 0.065 seconds
[2024-05-10T07:25:28.629+0000] {processor.py:161} INFO - Started process (PID=404) to work on /home/airflow/.local/lib/python3.12/site-packages/airflow/example_dags/example_bash_decorator.py
[2024-05-10T07:25:28.631+0000] {processor.py:830} INFO - Processing file /home/airflow/.local/lib/python3.12/site-packages/airflow/example_dags/example_bash_decorator.py for tasks to queue
[2024-05-10T07:25:28.633+0000] {logging_mixin.py:188} INFO - [2024-05-10T07:25:28.632+0000] {dagbag.py:540} INFO - Filling up the DagBag from /home/airflow/.local/lib/python3.12/site-packages/airflow/example_dags/example_bash_decorator.py
[2024-05-10T07:25:28.644+0000] {processor.py:840} INFO - DAG(s) 'example_bash_decorator' retrieved from /home/airflow/.local/lib/python3.12/site-packages/airflow/example_dags/example_bash_decorator.py
[2024-05-10T07:25:28.663+0000] {logging_mixin.py:188} INFO - [2024-05-10T07:25:28.663+0000] {dag.py:3096} INFO - Sync 1 DAGs
[2024-05-10T07:25:28.673+0000] {logging_mixin.py:188} INFO - [2024-05-10T07:25:28.673+0000] {dag.py:3954} INFO - Setting next_dagrun for example_bash_decorator to None, run_after=None
[2024-05-10T07:25:28.696+0000] {processor.py:183} INFO - Processing /home/airflow/.local/lib/python3.12/site-packages/airflow/example_dags/example_bash_decorator.py took 0.074 seconds
[2024-05-10T07:25:59.610+0000] {processor.py:161} INFO - Started process (PID=462) to work on /home/airflow/.local/lib/python3.12/site-packages/airflow/example_dags/example_bash_decorator.py
[2024-05-10T07:25:59.611+0000] {processor.py:830} INFO - Processing file /home/airflow/.local/lib/python3.12/site-packages/airflow/example_dags/example_bash_decorator.py for tasks to queue
[2024-05-10T07:25:59.613+0000] {logging_mixin.py:188} INFO - [2024-05-10T07:25:59.613+0000] {dagbag.py:540} INFO - Filling up the DagBag from /home/airflow/.local/lib/python3.12/site-packages/airflow/example_dags/example_bash_decorator.py
[2024-05-10T07:25:59.626+0000] {processor.py:840} INFO - DAG(s) 'example_bash_decorator' retrieved from /home/airflow/.local/lib/python3.12/site-packages/airflow/example_dags/example_bash_decorator.py
[2024-05-10T07:25:59.644+0000] {logging_mixin.py:188} INFO - [2024-05-10T07:25:59.644+0000] {dag.py:3096} INFO - Sync 1 DAGs
[2024-05-10T07:25:59.654+0000] {logging_mixin.py:188} INFO - [2024-05-10T07:25:59.654+0000] {dag.py:3954} INFO - Setting next_dagrun for example_bash_decorator to None, run_after=None
[2024-05-10T07:25:59.673+0000] {processor.py:183} INFO - Processing /home/airflow/.local/lib/python3.12/site-packages/airflow/example_dags/example_bash_decorator.py took 0.071 seconds
[2024-05-10T07:26:30.086+0000] {processor.py:161} INFO - Started process (PID=520) to work on /home/airflow/.local/lib/python3.12/site-packages/airflow/example_dags/example_bash_decorator.py
[2024-05-10T07:26:30.087+0000] {processor.py:830} INFO - Processing file /home/airflow/.local/lib/python3.12/site-packages/airflow/example_dags/example_bash_decorator.py for tasks to queue
[2024-05-10T07:26:30.089+0000] {logging_mixin.py:188} INFO - [2024-05-10T07:26:30.089+0000] {dagbag.py:540} INFO - Filling up the DagBag from /home/airflow/.local/lib/python3.12/site-packages/airflow/example_dags/example_bash_decorator.py
[2024-05-10T07:26:30.102+0000] {processor.py:840} INFO - DAG(s) 'example_bash_decorator' retrieved from /home/airflow/.local/lib/python3.12/site-packages/airflow/example_dags/example_bash_decorator.py
[2024-05-10T07:26:30.120+0000] {logging_mixin.py:188} INFO - [2024-05-10T07:26:30.120+0000] {dag.py:3096} INFO - Sync 1 DAGs
[2024-05-10T07:26:30.130+0000] {logging_mixin.py:188} INFO - [2024-05-10T07:26:30.129+0000] {dag.py:3954} INFO - Setting next_dagrun for example_bash_decorator to None, run_after=None
[2024-05-10T07:26:30.152+0000] {processor.py:183} INFO - Processing /home/airflow/.local/lib/python3.12/site-packages/airflow/example_dags/example_bash_decorator.py took 0.073 seconds
[2024-05-10T07:27:00.657+0000] {processor.py:161} INFO - Started process (PID=578) to work on /home/airflow/.local/lib/python3.12/site-packages/airflow/example_dags/example_bash_decorator.py
[2024-05-10T07:27:00.658+0000] {processor.py:830} INFO - Processing file /home/airflow/.local/lib/python3.12/site-packages/airflow/example_dags/example_bash_decorator.py for tasks to queue
[2024-05-10T07:27:00.660+0000] {logging_mixin.py:188} INFO - [2024-05-10T07:27:00.660+0000] {dagbag.py:540} INFO - Filling up the DagBag from /home/airflow/.local/lib/python3.12/site-packages/airflow/example_dags/example_bash_decorator.py
[2024-05-10T07:27:00.673+0000] {processor.py:840} INFO - DAG(s) 'example_bash_decorator' retrieved from /home/airflow/.local/lib/python3.12/site-packages/airflow/example_dags/example_bash_decorator.py
[2024-05-10T07:27:00.691+0000] {logging_mixin.py:188} INFO - [2024-05-10T07:27:00.691+0000] {dag.py:3096} INFO - Sync 1 DAGs
[2024-05-10T07:27:00.700+0000] {logging_mixin.py:188} INFO - [2024-05-10T07:27:00.700+0000] {dag.py:3954} INFO - Setting next_dagrun for example_bash_decorator to None, run_after=None
[2024-05-10T07:27:00.719+0000] {processor.py:183} INFO - Processing /home/airflow/.local/lib/python3.12/site-packages/airflow/example_dags/example_bash_decorator.py took 0.070 seconds
[2024-05-10T07:27:31.190+0000] {processor.py:161} INFO - Started process (PID=636) to work on /home/airflow/.local/lib/python3.12/site-packages/airflow/example_dags/example_bash_decorator.py
[2024-05-10T07:27:31.191+0000] {processor.py:830} INFO - Processing file /home/airflow/.local/lib/python3.12/site-packages/airflow/example_dags/example_bash_decorator.py for tasks to queue
[2024-05-10T07:27:31.193+0000] {logging_mixin.py:188} INFO - [2024-05-10T07:27:31.192+0000] {dagbag.py:540} INFO - Filling up the DagBag from /home/airflow/.local/lib/python3.12/site-packages/airflow/example_dags/example_bash_decorator.py
[2024-05-10T07:27:31.205+0000] {processor.py:840} INFO - DAG(s) 'example_bash_decorator' retrieved from /home/airflow/.local/lib/python3.12/site-packages/airflow/example_dags/example_bash_decorator.py
[2024-05-10T07:27:31.224+0000] {logging_mixin.py:188} INFO - [2024-05-10T07:27:31.223+0000] {dag.py:3096} INFO - Sync 1 DAGs
[2024-05-10T07:27:31.236+0000] {logging_mixin.py:188} INFO - [2024-05-10T07:27:31.236+0000] {dag.py:3954} INFO - Setting next_dagrun for example_bash_decorator to None, run_after=None
[2024-05-10T07:27:31.253+0000] {processor.py:183} INFO - Processing /home/airflow/.local/lib/python3.12/site-packages/airflow/example_dags/example_bash_decorator.py took 0.071 seconds
[2024-05-10T07:28:02.060+0000] {processor.py:161} INFO - Started process (PID=694) to work on /home/airflow/.local/lib/python3.12/site-packages/airflow/example_dags/example_bash_decorator.py
[2024-05-10T07:28:02.068+0000] {processor.py:830} INFO - Processing file /home/airflow/.local/lib/python3.12/site-packages/airflow/example_dags/example_bash_decorator.py for tasks to queue
[2024-05-10T07:28:02.069+0000] {logging_mixin.py:188} INFO - [2024-05-10T07:28:02.069+0000] {dagbag.py:540} INFO - Filling up the DagBag from /home/airflow/.local/lib/python3.12/site-packages/airflow/example_dags/example_bash_decorator.py
[2024-05-10T07:28:02.097+0000] {processor.py:840} INFO - DAG(s) 'example_bash_decorator' retrieved from /home/airflow/.local/lib/python3.12/site-packages/airflow/example_dags/example_bash_decorator.py
[2024-05-10T07:28:02.176+0000] {logging_mixin.py:188} INFO - [2024-05-10T07:28:02.176+0000] {dag.py:3096} INFO - Sync 1 DAGs
[2024-05-10T07:28:02.193+0000] {logging_mixin.py:188} INFO - [2024-05-10T07:28:02.193+0000] {dag.py:3954} INFO - Setting next_dagrun for example_bash_decorator to None, run_after=None
[2024-05-10T07:28:02.288+0000] {processor.py:183} INFO - Processing /home/airflow/.local/lib/python3.12/site-packages/airflow/example_dags/example_bash_decorator.py took 0.249 seconds
[2024-05-10T07:28:33.125+0000] {processor.py:161} INFO - Started process (PID=752) to work on /home/airflow/.local/lib/python3.12/site-packages/airflow/example_dags/example_bash_decorator.py
[2024-05-10T07:28:33.126+0000] {processor.py:830} INFO - Processing file /home/airflow/.local/lib/python3.12/site-packages/airflow/example_dags/example_bash_decorator.py for tasks to queue
[2024-05-10T07:28:33.128+0000] {logging_mixin.py:188} INFO - [2024-05-10T07:28:33.128+0000] {dagbag.py:540} INFO - Filling up the DagBag from /home/airflow/.local/lib/python3.12/site-packages/airflow/example_dags/example_bash_decorator.py
[2024-05-10T07:28:33.145+0000] {processor.py:840} INFO - DAG(s) 'example_bash_decorator' retrieved from /home/airflow/.local/lib/python3.12/site-packages/airflow/example_dags/example_bash_decorator.py
[2024-05-10T07:28:33.167+0000] {logging_mixin.py:188} INFO - [2024-05-10T07:28:33.167+0000] {dag.py:3096} INFO - Sync 1 DAGs
[2024-05-10T07:28:33.179+0000] {logging_mixin.py:188} INFO - [2024-05-10T07:28:33.178+0000] {dag.py:3954} INFO - Setting next_dagrun for example_bash_decorator to None, run_after=None
[2024-05-10T07:28:33.212+0000] {processor.py:183} INFO - Processing /home/airflow/.local/lib/python3.12/site-packages/airflow/example_dags/example_bash_decorator.py took 0.092 seconds
[2024-05-10T07:29:03.624+0000] {processor.py:161} INFO - Started process (PID=810) to work on /home/airflow/.local/lib/python3.12/site-packages/airflow/example_dags/example_bash_decorator.py
[2024-05-10T07:29:03.626+0000] {processor.py:830} INFO - Processing file /home/airflow/.local/lib/python3.12/site-packages/airflow/example_dags/example_bash_decorator.py for tasks to queue
[2024-05-10T07:29:03.631+0000] {logging_mixin.py:188} INFO - [2024-05-10T07:29:03.630+0000] {dagbag.py:540} INFO - Filling up the DagBag from /home/airflow/.local/lib/python3.12/site-packages/airflow/example_dags/example_bash_decorator.py
[2024-05-10T07:29:03.655+0000] {processor.py:840} INFO - DAG(s) 'example_bash_decorator' retrieved from /home/airflow/.local/lib/python3.12/site-packages/airflow/example_dags/example_bash_decorator.py
[2024-05-10T07:29:03.685+0000] {logging_mixin.py:188} INFO - [2024-05-10T07:29:03.685+0000] {dag.py:3096} INFO - Sync 1 DAGs
[2024-05-10T07:29:03.698+0000] {logging_mixin.py:188} INFO - [2024-05-10T07:29:03.698+0000] {dag.py:3954} INFO - Setting next_dagrun for example_bash_decorator to None, run_after=None
[2024-05-10T07:29:03.719+0000] {processor.py:183} INFO - Processing /home/airflow/.local/lib/python3.12/site-packages/airflow/example_dags/example_bash_decorator.py took 0.113 seconds
[2024-05-10T07:29:34.001+0000] {processor.py:161} INFO - Started process (PID=868) to work on /home/airflow/.local/lib/python3.12/site-packages/airflow/example_dags/example_bash_decorator.py
[2024-05-10T07:29:34.001+0000] {processor.py:830} INFO - Processing file /home/airflow/.local/lib/python3.12/site-packages/airflow/example_dags/example_bash_decorator.py for tasks to queue
[2024-05-10T07:29:34.003+0000] {logging_mixin.py:188} INFO - [2024-05-10T07:29:34.003+0000] {dagbag.py:540} INFO - Filling up the DagBag from /home/airflow/.local/lib/python3.12/site-packages/airflow/example_dags/example_bash_decorator.py
[2024-05-10T07:29:34.016+0000] {processor.py:840} INFO - DAG(s) 'example_bash_decorator' retrieved from /home/airflow/.local/lib/python3.12/site-packages/airflow/example_dags/example_bash_decorator.py
[2024-05-10T07:29:34.034+0000] {logging_mixin.py:188} INFO - [2024-05-10T07:29:34.034+0000] {dag.py:3096} INFO - Sync 1 DAGs
[2024-05-10T07:29:34.043+0000] {logging_mixin.py:188} INFO - [2024-05-10T07:29:34.043+0000] {dag.py:3954} INFO - Setting next_dagrun for example_bash_decorator to None, run_after=None
[2024-05-10T07:29:34.063+0000] {processor.py:183} INFO - Processing /home/airflow/.local/lib/python3.12/site-packages/airflow/example_dags/example_bash_decorator.py took 0.070 seconds
[2024-05-10T07:30:04.607+0000] {processor.py:161} INFO - Started process (PID=926) to work on /home/airflow/.local/lib/python3.12/site-packages/airflow/example_dags/example_bash_decorator.py
[2024-05-10T07:30:04.608+0000] {processor.py:830} INFO - Processing file /home/airflow/.local/lib/python3.12/site-packages/airflow/example_dags/example_bash_decorator.py for tasks to queue
[2024-05-10T07:30:04.609+0000] {logging_mixin.py:188} INFO - [2024-05-10T07:30:04.609+0000] {dagbag.py:540} INFO - Filling up the DagBag from /home/airflow/.local/lib/python3.12/site-packages/airflow/example_dags/example_bash_decorator.py
[2024-05-10T07:30:04.620+0000] {processor.py:840} INFO - DAG(s) 'example_bash_decorator' retrieved from /home/airflow/.local/lib/python3.12/site-packages/airflow/example_dags/example_bash_decorator.py
[2024-05-10T07:30:04.641+0000] {logging_mixin.py:188} INFO - [2024-05-10T07:30:04.641+0000] {dag.py:3096} INFO - Sync 1 DAGs
[2024-05-10T07:30:04.653+0000] {logging_mixin.py:188} INFO - [2024-05-10T07:30:04.653+0000] {dag.py:3954} INFO - Setting next_dagrun for example_bash_decorator to None, run_after=None
[2024-05-10T07:30:04.697+0000] {processor.py:183} INFO - Processing /home/airflow/.local/lib/python3.12/site-packages/airflow/example_dags/example_bash_decorator.py took 0.096 seconds
[2024-05-10T07:30:34.936+0000] {processor.py:161} INFO - Started process (PID=985) to work on /home/airflow/.local/lib/python3.12/site-packages/airflow/example_dags/example_bash_decorator.py
[2024-05-10T07:30:34.937+0000] {processor.py:830} INFO - Processing file /home/airflow/.local/lib/python3.12/site-packages/airflow/example_dags/example_bash_decorator.py for tasks to queue
[2024-05-10T07:30:34.939+0000] {logging_mixin.py:188} INFO - [2024-05-10T07:30:34.939+0000] {dagbag.py:540} INFO - Filling up the DagBag from /home/airflow/.local/lib/python3.12/site-packages/airflow/example_dags/example_bash_decorator.py
[2024-05-10T07:30:34.953+0000] {processor.py:840} INFO - DAG(s) 'example_bash_decorator' retrieved from /home/airflow/.local/lib/python3.12/site-packages/airflow/example_dags/example_bash_decorator.py
[2024-05-10T07:30:34.972+0000] {logging_mixin.py:188} INFO - [2024-05-10T07:30:34.972+0000] {dag.py:3096} INFO - Sync 1 DAGs
[2024-05-10T07:30:35.082+0000] {logging_mixin.py:188} INFO - [2024-05-10T07:30:35.082+0000] {dag.py:3954} INFO - Setting next_dagrun for example_bash_decorator to None, run_after=None
[2024-05-10T07:30:35.110+0000] {processor.py:183} INFO - Processing /home/airflow/.local/lib/python3.12/site-packages/airflow/example_dags/example_bash_decorator.py took 0.183 seconds
[2024-05-10T07:31:05.173+0000] {processor.py:161} INFO - Started process (PID=1043) to work on /home/airflow/.local/lib/python3.12/site-packages/airflow/example_dags/example_bash_decorator.py
[2024-05-10T07:31:05.175+0000] {processor.py:830} INFO - Processing file /home/airflow/.local/lib/python3.12/site-packages/airflow/example_dags/example_bash_decorator.py for tasks to queue
[2024-05-10T07:31:05.177+0000] {logging_mixin.py:188} INFO - [2024-05-10T07:31:05.176+0000] {dagbag.py:540} INFO - Filling up the DagBag from /home/airflow/.local/lib/python3.12/site-packages/airflow/example_dags/example_bash_decorator.py
[2024-05-10T07:31:05.191+0000] {processor.py:840} INFO - DAG(s) 'example_bash_decorator' retrieved from /home/airflow/.local/lib/python3.12/site-packages/airflow/example_dags/example_bash_decorator.py
[2024-05-10T07:31:05.210+0000] {logging_mixin.py:188} INFO - [2024-05-10T07:31:05.210+0000] {dag.py:3096} INFO - Sync 1 DAGs
[2024-05-10T07:31:05.220+0000] {logging_mixin.py:188} INFO - [2024-05-10T07:31:05.220+0000] {dag.py:3954} INFO - Setting next_dagrun for example_bash_decorator to None, run_after=None
[2024-05-10T07:31:05.339+0000] {processor.py:183} INFO - Processing /home/airflow/.local/lib/python3.12/site-packages/airflow/example_dags/example_bash_decorator.py took 0.176 seconds
[2024-05-10T07:31:35.440+0000] {processor.py:161} INFO - Started process (PID=1101) to work on /home/airflow/.local/lib/python3.12/site-packages/airflow/example_dags/example_bash_decorator.py
[2024-05-10T07:31:35.441+0000] {processor.py:830} INFO - Processing file /home/airflow/.local/lib/python3.12/site-packages/airflow/example_dags/example_bash_decorator.py for tasks to queue
[2024-05-10T07:31:35.442+0000] {logging_mixin.py:188} INFO - [2024-05-10T07:31:35.442+0000] {dagbag.py:540} INFO - Filling up the DagBag from /home/airflow/.local/lib/python3.12/site-packages/airflow/example_dags/example_bash_decorator.py
[2024-05-10T07:31:35.453+0000] {processor.py:840} INFO - DAG(s) 'example_bash_decorator' retrieved from /home/airflow/.local/lib/python3.12/site-packages/airflow/example_dags/example_bash_decorator.py
[2024-05-10T07:31:35.472+0000] {logging_mixin.py:188} INFO - [2024-05-10T07:31:35.472+0000] {dag.py:3096} INFO - Sync 1 DAGs
[2024-05-10T07:31:35.483+0000] {logging_mixin.py:188} INFO - [2024-05-10T07:31:35.483+0000] {dag.py:3954} INFO - Setting next_dagrun for example_bash_decorator to None, run_after=None
[2024-05-10T07:31:35.507+0000] {processor.py:183} INFO - Processing /home/airflow/.local/lib/python3.12/site-packages/airflow/example_dags/example_bash_decorator.py took 0.073 seconds
[2024-05-10T07:32:06.382+0000] {processor.py:161} INFO - Started process (PID=1159) to work on /home/airflow/.local/lib/python3.12/site-packages/airflow/example_dags/example_bash_decorator.py
[2024-05-10T07:32:06.383+0000] {processor.py:830} INFO - Processing file /home/airflow/.local/lib/python3.12/site-packages/airflow/example_dags/example_bash_decorator.py for tasks to queue
[2024-05-10T07:32:06.385+0000] {logging_mixin.py:188} INFO - [2024-05-10T07:32:06.384+0000] {dagbag.py:540} INFO - Filling up the DagBag from /home/airflow/.local/lib/python3.12/site-packages/airflow/example_dags/example_bash_decorator.py
[2024-05-10T07:32:06.396+0000] {processor.py:840} INFO - DAG(s) 'example_bash_decorator' retrieved from /home/airflow/.local/lib/python3.12/site-packages/airflow/example_dags/example_bash_decorator.py
[2024-05-10T07:32:06.415+0000] {logging_mixin.py:188} INFO - [2024-05-10T07:32:06.415+0000] {dag.py:3096} INFO - Sync 1 DAGs
[2024-05-10T07:32:06.425+0000] {logging_mixin.py:188} INFO - [2024-05-10T07:32:06.425+0000] {dag.py:3954} INFO - Setting next_dagrun for example_bash_decorator to None, run_after=None
[2024-05-10T07:32:06.440+0000] {processor.py:183} INFO - Processing /home/airflow/.local/lib/python3.12/site-packages/airflow/example_dags/example_bash_decorator.py took 0.066 seconds
[2024-05-10T07:32:36.917+0000] {processor.py:161} INFO - Started process (PID=1218) to work on /home/airflow/.local/lib/python3.12/site-packages/airflow/example_dags/example_bash_decorator.py
[2024-05-10T07:32:36.917+0000] {processor.py:830} INFO - Processing file /home/airflow/.local/lib/python3.12/site-packages/airflow/example_dags/example_bash_decorator.py for tasks to queue
[2024-05-10T07:32:36.919+0000] {logging_mixin.py:188} INFO - [2024-05-10T07:32:36.918+0000] {dagbag.py:540} INFO - Filling up the DagBag from /home/airflow/.local/lib/python3.12/site-packages/airflow/example_dags/example_bash_decorator.py
[2024-05-10T07:32:36.929+0000] {processor.py:840} INFO - DAG(s) 'example_bash_decorator' retrieved from /home/airflow/.local/lib/python3.12/site-packages/airflow/example_dags/example_bash_decorator.py
[2024-05-10T07:32:36.948+0000] {logging_mixin.py:188} INFO - [2024-05-10T07:32:36.948+0000] {dag.py:3096} INFO - Sync 1 DAGs
[2024-05-10T07:32:36.958+0000] {logging_mixin.py:188} INFO - [2024-05-10T07:32:36.958+0000] {dag.py:3954} INFO - Setting next_dagrun for example_bash_decorator to None, run_after=None
[2024-05-10T07:32:36.973+0000] {processor.py:183} INFO - Processing /home/airflow/.local/lib/python3.12/site-packages/airflow/example_dags/example_bash_decorator.py took 0.063 seconds
[2024-05-10T07:33:07.684+0000] {processor.py:161} INFO - Started process (PID=1276) to work on /home/airflow/.local/lib/python3.12/site-packages/airflow/example_dags/example_bash_decorator.py
[2024-05-10T07:33:07.684+0000] {processor.py:830} INFO - Processing file /home/airflow/.local/lib/python3.12/site-packages/airflow/example_dags/example_bash_decorator.py for tasks to queue
[2024-05-10T07:33:07.686+0000] {logging_mixin.py:188} INFO - [2024-05-10T07:33:07.686+0000] {dagbag.py:540} INFO - Filling up the DagBag from /home/airflow/.local/lib/python3.12/site-packages/airflow/example_dags/example_bash_decorator.py
[2024-05-10T07:33:07.698+0000] {processor.py:840} INFO - DAG(s) 'example_bash_decorator' retrieved from /home/airflow/.local/lib/python3.12/site-packages/airflow/example_dags/example_bash_decorator.py
[2024-05-10T07:33:07.718+0000] {logging_mixin.py:188} INFO - [2024-05-10T07:33:07.718+0000] {dag.py:3096} INFO - Sync 1 DAGs
[2024-05-10T07:33:07.729+0000] {logging_mixin.py:188} INFO - [2024-05-10T07:33:07.729+0000] {dag.py:3954} INFO - Setting next_dagrun for example_bash_decorator to None, run_after=None
[2024-05-10T07:33:07.752+0000] {processor.py:183} INFO - Processing /home/airflow/.local/lib/python3.12/site-packages/airflow/example_dags/example_bash_decorator.py took 0.073 seconds
[2024-05-10T07:33:38.251+0000] {processor.py:161} INFO - Started process (PID=1336) to work on /home/airflow/.local/lib/python3.12/site-packages/airflow/example_dags/example_bash_decorator.py
[2024-05-10T07:33:38.252+0000] {processor.py:830} INFO - Processing file /home/airflow/.local/lib/python3.12/site-packages/airflow/example_dags/example_bash_decorator.py for tasks to queue
[2024-05-10T07:33:38.255+0000] {logging_mixin.py:188} INFO - [2024-05-10T07:33:38.254+0000] {dagbag.py:540} INFO - Filling up the DagBag from /home/airflow/.local/lib/python3.12/site-packages/airflow/example_dags/example_bash_decorator.py
[2024-05-10T07:33:38.271+0000] {processor.py:840} INFO - DAG(s) 'example_bash_decorator' retrieved from /home/airflow/.local/lib/python3.12/site-packages/airflow/example_dags/example_bash_decorator.py
[2024-05-10T07:33:38.291+0000] {logging_mixin.py:188} INFO - [2024-05-10T07:33:38.290+0000] {dag.py:3096} INFO - Sync 1 DAGs
[2024-05-10T07:33:38.301+0000] {logging_mixin.py:188} INFO - [2024-05-10T07:33:38.301+0000] {dag.py:3954} INFO - Setting next_dagrun for example_bash_decorator to None, run_after=None
[2024-05-10T07:33:38.318+0000] {processor.py:183} INFO - Processing /home/airflow/.local/lib/python3.12/site-packages/airflow/example_dags/example_bash_decorator.py took 0.076 seconds
[2024-05-10T07:34:08.905+0000] {processor.py:161} INFO - Started process (PID=1396) to work on /home/airflow/.local/lib/python3.12/site-packages/airflow/example_dags/example_bash_decorator.py
[2024-05-10T07:34:08.906+0000] {processor.py:830} INFO - Processing file /home/airflow/.local/lib/python3.12/site-packages/airflow/example_dags/example_bash_decorator.py for tasks to queue
[2024-05-10T07:34:08.908+0000] {logging_mixin.py:188} INFO - [2024-05-10T07:34:08.907+0000] {dagbag.py:540} INFO - Filling up the DagBag from /home/airflow/.local/lib/python3.12/site-packages/airflow/example_dags/example_bash_decorator.py
[2024-05-10T07:34:08.921+0000] {processor.py:840} INFO - DAG(s) 'example_bash_decorator' retrieved from /home/airflow/.local/lib/python3.12/site-packages/airflow/example_dags/example_bash_decorator.py
[2024-05-10T07:34:08.940+0000] {logging_mixin.py:188} INFO - [2024-05-10T07:34:08.940+0000] {dag.py:3096} INFO - Sync 1 DAGs
[2024-05-10T07:34:08.950+0000] {logging_mixin.py:188} INFO - [2024-05-10T07:34:08.950+0000] {dag.py:3954} INFO - Setting next_dagrun for example_bash_decorator to None, run_after=None
[2024-05-10T07:34:08.992+0000] {processor.py:183} INFO - Processing /home/airflow/.local/lib/python3.12/site-packages/airflow/example_dags/example_bash_decorator.py took 0.096 seconds
[2024-05-10T07:34:39.632+0000] {processor.py:161} INFO - Started process (PID=1461) to work on /home/airflow/.local/lib/python3.12/site-packages/airflow/example_dags/example_bash_decorator.py
[2024-05-10T07:34:39.632+0000] {processor.py:830} INFO - Processing file /home/airflow/.local/lib/python3.12/site-packages/airflow/example_dags/example_bash_decorator.py for tasks to queue
[2024-05-10T07:34:39.634+0000] {logging_mixin.py:188} INFO - [2024-05-10T07:34:39.633+0000] {dagbag.py:540} INFO - Filling up the DagBag from /home/airflow/.local/lib/python3.12/site-packages/airflow/example_dags/example_bash_decorator.py
[2024-05-10T07:34:39.645+0000] {processor.py:840} INFO - DAG(s) 'example_bash_decorator' retrieved from /home/airflow/.local/lib/python3.12/site-packages/airflow/example_dags/example_bash_decorator.py
[2024-05-10T07:34:39.662+0000] {logging_mixin.py:188} INFO - [2024-05-10T07:34:39.662+0000] {dag.py:3096} INFO - Sync 1 DAGs
[2024-05-10T07:34:39.672+0000] {logging_mixin.py:188} INFO - [2024-05-10T07:34:39.672+0000] {dag.py:3954} INFO - Setting next_dagrun for example_bash_decorator to None, run_after=None
[2024-05-10T07:34:39.696+0000] {processor.py:183} INFO - Processing /home/airflow/.local/lib/python3.12/site-packages/airflow/example_dags/example_bash_decorator.py took 0.071 seconds
[2024-05-10T07:35:10.275+0000] {processor.py:161} INFO - Started process (PID=1520) to work on /home/airflow/.local/lib/python3.12/site-packages/airflow/example_dags/example_bash_decorator.py
[2024-05-10T07:35:10.277+0000] {processor.py:830} INFO - Processing file /home/airflow/.local/lib/python3.12/site-packages/airflow/example_dags/example_bash_decorator.py for tasks to queue
[2024-05-10T07:35:10.281+0000] {logging_mixin.py:188} INFO - [2024-05-10T07:35:10.281+0000] {dagbag.py:540} INFO - Filling up the DagBag from /home/airflow/.local/lib/python3.12/site-packages/airflow/example_dags/example_bash_decorator.py
[2024-05-10T07:35:10.307+0000] {processor.py:840} INFO - DAG(s) 'example_bash_decorator' retrieved from /home/airflow/.local/lib/python3.12/site-packages/airflow/example_dags/example_bash_decorator.py
[2024-05-10T07:35:10.337+0000] {logging_mixin.py:188} INFO - [2024-05-10T07:35:10.337+0000] {dag.py:3096} INFO - Sync 1 DAGs
[2024-05-10T07:35:10.349+0000] {logging_mixin.py:188} INFO - [2024-05-10T07:35:10.349+0000] {dag.py:3954} INFO - Setting next_dagrun for example_bash_decorator to None, run_after=None
[2024-05-10T07:35:10.375+0000] {processor.py:183} INFO - Processing /home/airflow/.local/lib/python3.12/site-packages/airflow/example_dags/example_bash_decorator.py took 0.120 seconds
[2024-05-10T07:35:41.129+0000] {processor.py:161} INFO - Started process (PID=1579) to work on /home/airflow/.local/lib/python3.12/site-packages/airflow/example_dags/example_bash_decorator.py
[2024-05-10T07:35:41.129+0000] {processor.py:830} INFO - Processing file /home/airflow/.local/lib/python3.12/site-packages/airflow/example_dags/example_bash_decorator.py for tasks to queue
[2024-05-10T07:35:41.131+0000] {logging_mixin.py:188} INFO - [2024-05-10T07:35:41.131+0000] {dagbag.py:540} INFO - Filling up the DagBag from /home/airflow/.local/lib/python3.12/site-packages/airflow/example_dags/example_bash_decorator.py
[2024-05-10T07:35:41.144+0000] {processor.py:840} INFO - DAG(s) 'example_bash_decorator' retrieved from /home/airflow/.local/lib/python3.12/site-packages/airflow/example_dags/example_bash_decorator.py
[2024-05-10T07:35:41.163+0000] {logging_mixin.py:188} INFO - [2024-05-10T07:35:41.163+0000] {dag.py:3096} INFO - Sync 1 DAGs
[2024-05-10T07:35:41.173+0000] {logging_mixin.py:188} INFO - [2024-05-10T07:35:41.173+0000] {dag.py:3954} INFO - Setting next_dagrun for example_bash_decorator to None, run_after=None
[2024-05-10T07:35:41.249+0000] {processor.py:183} INFO - Processing /home/airflow/.local/lib/python3.12/site-packages/airflow/example_dags/example_bash_decorator.py took 0.129 seconds
[2024-05-10T07:36:11.614+0000] {processor.py:161} INFO - Started process (PID=1638) to work on /home/airflow/.local/lib/python3.12/site-packages/airflow/example_dags/example_bash_decorator.py
[2024-05-10T07:36:11.615+0000] {processor.py:830} INFO - Processing file /home/airflow/.local/lib/python3.12/site-packages/airflow/example_dags/example_bash_decorator.py for tasks to queue
[2024-05-10T07:36:11.616+0000] {logging_mixin.py:188} INFO - [2024-05-10T07:36:11.616+0000] {dagbag.py:540} INFO - Filling up the DagBag from /home/airflow/.local/lib/python3.12/site-packages/airflow/example_dags/example_bash_decorator.py
[2024-05-10T07:36:11.627+0000] {processor.py:840} INFO - DAG(s) 'example_bash_decorator' retrieved from /home/airflow/.local/lib/python3.12/site-packages/airflow/example_dags/example_bash_decorator.py
[2024-05-10T07:36:11.645+0000] {logging_mixin.py:188} INFO - [2024-05-10T07:36:11.645+0000] {dag.py:3096} INFO - Sync 1 DAGs
[2024-05-10T07:36:11.656+0000] {logging_mixin.py:188} INFO - [2024-05-10T07:36:11.656+0000] {dag.py:3954} INFO - Setting next_dagrun for example_bash_decorator to None, run_after=None
[2024-05-10T07:36:11.682+0000] {processor.py:183} INFO - Processing /home/airflow/.local/lib/python3.12/site-packages/airflow/example_dags/example_bash_decorator.py took 0.073 seconds
[2024-05-10T07:36:41.785+0000] {processor.py:161} INFO - Started process (PID=1696) to work on /home/airflow/.local/lib/python3.12/site-packages/airflow/example_dags/example_bash_decorator.py
[2024-05-10T07:36:41.786+0000] {processor.py:830} INFO - Processing file /home/airflow/.local/lib/python3.12/site-packages/airflow/example_dags/example_bash_decorator.py for tasks to queue
[2024-05-10T07:36:41.787+0000] {logging_mixin.py:188} INFO - [2024-05-10T07:36:41.787+0000] {dagbag.py:540} INFO - Filling up the DagBag from /home/airflow/.local/lib/python3.12/site-packages/airflow/example_dags/example_bash_decorator.py
[2024-05-10T07:36:41.801+0000] {processor.py:840} INFO - DAG(s) 'example_bash_decorator' retrieved from /home/airflow/.local/lib/python3.12/site-packages/airflow/example_dags/example_bash_decorator.py
[2024-05-10T07:36:41.821+0000] {logging_mixin.py:188} INFO - [2024-05-10T07:36:41.821+0000] {dag.py:3096} INFO - Sync 1 DAGs
[2024-05-10T07:36:41.831+0000] {logging_mixin.py:188} INFO - [2024-05-10T07:36:41.831+0000] {dag.py:3954} INFO - Setting next_dagrun for example_bash_decorator to None, run_after=None
[2024-05-10T07:36:41.894+0000] {processor.py:183} INFO - Processing /home/airflow/.local/lib/python3.12/site-packages/airflow/example_dags/example_bash_decorator.py took 0.114 seconds
[2024-05-10T07:37:12.866+0000] {processor.py:161} INFO - Started process (PID=1755) to work on /home/airflow/.local/lib/python3.12/site-packages/airflow/example_dags/example_bash_decorator.py
[2024-05-10T07:37:12.868+0000] {processor.py:830} INFO - Processing file /home/airflow/.local/lib/python3.12/site-packages/airflow/example_dags/example_bash_decorator.py for tasks to queue
[2024-05-10T07:37:12.870+0000] {logging_mixin.py:188} INFO - [2024-05-10T07:37:12.869+0000] {dagbag.py:540} INFO - Filling up the DagBag from /home/airflow/.local/lib/python3.12/site-packages/airflow/example_dags/example_bash_decorator.py
[2024-05-10T07:37:12.884+0000] {processor.py:840} INFO - DAG(s) 'example_bash_decorator' retrieved from /home/airflow/.local/lib/python3.12/site-packages/airflow/example_dags/example_bash_decorator.py
[2024-05-10T07:37:12.910+0000] {logging_mixin.py:188} INFO - [2024-05-10T07:37:12.910+0000] {dag.py:3096} INFO - Sync 1 DAGs
[2024-05-10T07:37:12.924+0000] {logging_mixin.py:188} INFO - [2024-05-10T07:37:12.924+0000] {dag.py:3954} INFO - Setting next_dagrun for example_bash_decorator to None, run_after=None
[2024-05-10T07:37:12.941+0000] {processor.py:183} INFO - Processing /home/airflow/.local/lib/python3.12/site-packages/airflow/example_dags/example_bash_decorator.py took 0.080 seconds
[2024-05-10T07:37:43.046+0000] {processor.py:161} INFO - Started process (PID=1814) to work on /home/airflow/.local/lib/python3.12/site-packages/airflow/example_dags/example_bash_decorator.py
[2024-05-10T07:37:43.047+0000] {processor.py:830} INFO - Processing file /home/airflow/.local/lib/python3.12/site-packages/airflow/example_dags/example_bash_decorator.py for tasks to queue
[2024-05-10T07:37:43.048+0000] {logging_mixin.py:188} INFO - [2024-05-10T07:37:43.048+0000] {dagbag.py:540} INFO - Filling up the DagBag from /home/airflow/.local/lib/python3.12/site-packages/airflow/example_dags/example_bash_decorator.py
[2024-05-10T07:37:43.059+0000] {processor.py:840} INFO - DAG(s) 'example_bash_decorator' retrieved from /home/airflow/.local/lib/python3.12/site-packages/airflow/example_dags/example_bash_decorator.py
[2024-05-10T07:37:43.077+0000] {logging_mixin.py:188} INFO - [2024-05-10T07:37:43.077+0000] {dag.py:3096} INFO - Sync 1 DAGs
[2024-05-10T07:37:43.088+0000] {logging_mixin.py:188} INFO - [2024-05-10T07:37:43.088+0000] {dag.py:3954} INFO - Setting next_dagrun for example_bash_decorator to None, run_after=None
[2024-05-10T07:37:43.108+0000] {processor.py:183} INFO - Processing /home/airflow/.local/lib/python3.12/site-packages/airflow/example_dags/example_bash_decorator.py took 0.067 seconds
[2024-05-10T07:38:13.748+0000] {processor.py:161} INFO - Started process (PID=1873) to work on /home/airflow/.local/lib/python3.12/site-packages/airflow/example_dags/example_bash_decorator.py
[2024-05-10T07:38:13.750+0000] {processor.py:830} INFO - Processing file /home/airflow/.local/lib/python3.12/site-packages/airflow/example_dags/example_bash_decorator.py for tasks to queue
[2024-05-10T07:38:13.753+0000] {logging_mixin.py:188} INFO - [2024-05-10T07:38:13.752+0000] {dagbag.py:540} INFO - Filling up the DagBag from /home/airflow/.local/lib/python3.12/site-packages/airflow/example_dags/example_bash_decorator.py
[2024-05-10T07:38:13.771+0000] {processor.py:840} INFO - DAG(s) 'example_bash_decorator' retrieved from /home/airflow/.local/lib/python3.12/site-packages/airflow/example_dags/example_bash_decorator.py
[2024-05-10T07:38:13.790+0000] {logging_mixin.py:188} INFO - [2024-05-10T07:38:13.789+0000] {dag.py:3096} INFO - Sync 1 DAGs
[2024-05-10T07:38:13.800+0000] {logging_mixin.py:188} INFO - [2024-05-10T07:38:13.799+0000] {dag.py:3954} INFO - Setting next_dagrun for example_bash_decorator to None, run_after=None
[2024-05-10T07:38:13.838+0000] {processor.py:183} INFO - Processing /home/airflow/.local/lib/python3.12/site-packages/airflow/example_dags/example_bash_decorator.py took 0.108 seconds
[2024-05-10T07:38:44.424+0000] {processor.py:161} INFO - Started process (PID=1931) to work on /home/airflow/.local/lib/python3.12/site-packages/airflow/example_dags/example_bash_decorator.py
[2024-05-10T07:38:44.427+0000] {processor.py:830} INFO - Processing file /home/airflow/.local/lib/python3.12/site-packages/airflow/example_dags/example_bash_decorator.py for tasks to queue
[2024-05-10T07:38:44.429+0000] {logging_mixin.py:188} INFO - [2024-05-10T07:38:44.429+0000] {dagbag.py:540} INFO - Filling up the DagBag from /home/airflow/.local/lib/python3.12/site-packages/airflow/example_dags/example_bash_decorator.py
[2024-05-10T07:38:44.446+0000] {processor.py:840} INFO - DAG(s) 'example_bash_decorator' retrieved from /home/airflow/.local/lib/python3.12/site-packages/airflow/example_dags/example_bash_decorator.py
[2024-05-10T07:38:44.466+0000] {logging_mixin.py:188} INFO - [2024-05-10T07:38:44.465+0000] {dag.py:3096} INFO - Sync 1 DAGs
[2024-05-10T07:38:44.475+0000] {logging_mixin.py:188} INFO - [2024-05-10T07:38:44.475+0000] {dag.py:3954} INFO - Setting next_dagrun for example_bash_decorator to None, run_after=None
[2024-05-10T07:38:44.497+0000] {processor.py:183} INFO - Processing /home/airflow/.local/lib/python3.12/site-packages/airflow/example_dags/example_bash_decorator.py took 0.091 seconds
[2024-05-10T07:39:15.188+0000] {processor.py:161} INFO - Started process (PID=1990) to work on /home/airflow/.local/lib/python3.12/site-packages/airflow/example_dags/example_bash_decorator.py
[2024-05-10T07:39:15.190+0000] {processor.py:830} INFO - Processing file /home/airflow/.local/lib/python3.12/site-packages/airflow/example_dags/example_bash_decorator.py for tasks to queue
[2024-05-10T07:39:15.192+0000] {logging_mixin.py:188} INFO - [2024-05-10T07:39:15.192+0000] {dagbag.py:540} INFO - Filling up the DagBag from /home/airflow/.local/lib/python3.12/site-packages/airflow/example_dags/example_bash_decorator.py
[2024-05-10T07:39:15.207+0000] {processor.py:840} INFO - DAG(s) 'example_bash_decorator' retrieved from /home/airflow/.local/lib/python3.12/site-packages/airflow/example_dags/example_bash_decorator.py
[2024-05-10T07:39:15.226+0000] {logging_mixin.py:188} INFO - [2024-05-10T07:39:15.226+0000] {dag.py:3096} INFO - Sync 1 DAGs
[2024-05-10T07:39:15.236+0000] {logging_mixin.py:188} INFO - [2024-05-10T07:39:15.236+0000] {dag.py:3954} INFO - Setting next_dagrun for example_bash_decorator to None, run_after=None
[2024-05-10T07:39:15.252+0000] {processor.py:183} INFO - Processing /home/airflow/.local/lib/python3.12/site-packages/airflow/example_dags/example_bash_decorator.py took 0.078 seconds
[2024-05-10T07:39:45.592+0000] {processor.py:161} INFO - Started process (PID=2048) to work on /home/airflow/.local/lib/python3.12/site-packages/airflow/example_dags/example_bash_decorator.py
[2024-05-10T07:39:45.593+0000] {processor.py:830} INFO - Processing file /home/airflow/.local/lib/python3.12/site-packages/airflow/example_dags/example_bash_decorator.py for tasks to queue
[2024-05-10T07:39:45.595+0000] {logging_mixin.py:188} INFO - [2024-05-10T07:39:45.595+0000] {dagbag.py:540} INFO - Filling up the DagBag from /home/airflow/.local/lib/python3.12/site-packages/airflow/example_dags/example_bash_decorator.py
[2024-05-10T07:39:45.608+0000] {processor.py:840} INFO - DAG(s) 'example_bash_decorator' retrieved from /home/airflow/.local/lib/python3.12/site-packages/airflow/example_dags/example_bash_decorator.py
[2024-05-10T07:39:45.627+0000] {logging_mixin.py:188} INFO - [2024-05-10T07:39:45.626+0000] {dag.py:3096} INFO - Sync 1 DAGs
[2024-05-10T07:39:45.636+0000] {logging_mixin.py:188} INFO - [2024-05-10T07:39:45.636+0000] {dag.py:3954} INFO - Setting next_dagrun for example_bash_decorator to None, run_after=None
[2024-05-10T07:39:45.663+0000] {processor.py:183} INFO - Processing /home/airflow/.local/lib/python3.12/site-packages/airflow/example_dags/example_bash_decorator.py took 0.079 seconds
[2024-05-10T07:40:16.550+0000] {processor.py:161} INFO - Started process (PID=2107) to work on /home/airflow/.local/lib/python3.12/site-packages/airflow/example_dags/example_bash_decorator.py
[2024-05-10T07:40:16.552+0000] {processor.py:830} INFO - Processing file /home/airflow/.local/lib/python3.12/site-packages/airflow/example_dags/example_bash_decorator.py for tasks to queue
[2024-05-10T07:40:16.555+0000] {logging_mixin.py:188} INFO - [2024-05-10T07:40:16.554+0000] {dagbag.py:540} INFO - Filling up the DagBag from /home/airflow/.local/lib/python3.12/site-packages/airflow/example_dags/example_bash_decorator.py
[2024-05-10T07:40:16.573+0000] {processor.py:840} INFO - DAG(s) 'example_bash_decorator' retrieved from /home/airflow/.local/lib/python3.12/site-packages/airflow/example_dags/example_bash_decorator.py
[2024-05-10T07:40:16.607+0000] {logging_mixin.py:188} INFO - [2024-05-10T07:40:16.607+0000] {dag.py:3096} INFO - Sync 1 DAGs
[2024-05-10T07:40:16.620+0000] {logging_mixin.py:188} INFO - [2024-05-10T07:40:16.620+0000] {dag.py:3954} INFO - Setting next_dagrun for example_bash_decorator to None, run_after=None
[2024-05-10T07:40:16.640+0000] {processor.py:183} INFO - Processing /home/airflow/.local/lib/python3.12/site-packages/airflow/example_dags/example_bash_decorator.py took 0.108 seconds
[2024-05-10T07:40:47.172+0000] {processor.py:161} INFO - Started process (PID=2166) to work on /home/airflow/.local/lib/python3.12/site-packages/airflow/example_dags/example_bash_decorator.py
[2024-05-10T07:40:47.175+0000] {processor.py:830} INFO - Processing file /home/airflow/.local/lib/python3.12/site-packages/airflow/example_dags/example_bash_decorator.py for tasks to queue
[2024-05-10T07:40:47.178+0000] {logging_mixin.py:188} INFO - [2024-05-10T07:40:47.178+0000] {dagbag.py:540} INFO - Filling up the DagBag from /home/airflow/.local/lib/python3.12/site-packages/airflow/example_dags/example_bash_decorator.py
[2024-05-10T07:40:47.196+0000] {processor.py:840} INFO - DAG(s) 'example_bash_decorator' retrieved from /home/airflow/.local/lib/python3.12/site-packages/airflow/example_dags/example_bash_decorator.py
[2024-05-10T07:40:47.215+0000] {logging_mixin.py:188} INFO - [2024-05-10T07:40:47.215+0000] {dag.py:3096} INFO - Sync 1 DAGs
[2024-05-10T07:40:47.225+0000] {logging_mixin.py:188} INFO - [2024-05-10T07:40:47.225+0000] {dag.py:3954} INFO - Setting next_dagrun for example_bash_decorator to None, run_after=None
[2024-05-10T07:40:47.264+0000] {processor.py:183} INFO - Processing /home/airflow/.local/lib/python3.12/site-packages/airflow/example_dags/example_bash_decorator.py took 0.105 seconds
[2024-05-10T07:41:17.896+0000] {processor.py:161} INFO - Started process (PID=2225) to work on /home/airflow/.local/lib/python3.12/site-packages/airflow/example_dags/example_bash_decorator.py
[2024-05-10T07:41:17.898+0000] {processor.py:830} INFO - Processing file /home/airflow/.local/lib/python3.12/site-packages/airflow/example_dags/example_bash_decorator.py for tasks to queue
[2024-05-10T07:41:17.900+0000] {logging_mixin.py:188} INFO - [2024-05-10T07:41:17.900+0000] {dagbag.py:540} INFO - Filling up the DagBag from /home/airflow/.local/lib/python3.12/site-packages/airflow/example_dags/example_bash_decorator.py
[2024-05-10T07:41:17.916+0000] {processor.py:840} INFO - DAG(s) 'example_bash_decorator' retrieved from /home/airflow/.local/lib/python3.12/site-packages/airflow/example_dags/example_bash_decorator.py
[2024-05-10T07:41:17.936+0000] {logging_mixin.py:188} INFO - [2024-05-10T07:41:17.936+0000] {dag.py:3096} INFO - Sync 1 DAGs
[2024-05-10T07:41:17.946+0000] {logging_mixin.py:188} INFO - [2024-05-10T07:41:17.946+0000] {dag.py:3954} INFO - Setting next_dagrun for example_bash_decorator to None, run_after=None
[2024-05-10T07:41:17.962+0000] {processor.py:183} INFO - Processing /home/airflow/.local/lib/python3.12/site-packages/airflow/example_dags/example_bash_decorator.py took 0.079 seconds
[2024-05-10T07:41:48.069+0000] {processor.py:161} INFO - Started process (PID=2284) to work on /home/airflow/.local/lib/python3.12/site-packages/airflow/example_dags/example_bash_decorator.py
[2024-05-10T07:41:48.071+0000] {processor.py:830} INFO - Processing file /home/airflow/.local/lib/python3.12/site-packages/airflow/example_dags/example_bash_decorator.py for tasks to queue
[2024-05-10T07:41:48.074+0000] {logging_mixin.py:188} INFO - [2024-05-10T07:41:48.074+0000] {dagbag.py:540} INFO - Filling up the DagBag from /home/airflow/.local/lib/python3.12/site-packages/airflow/example_dags/example_bash_decorator.py
[2024-05-10T07:41:48.091+0000] {processor.py:840} INFO - DAG(s) 'example_bash_decorator' retrieved from /home/airflow/.local/lib/python3.12/site-packages/airflow/example_dags/example_bash_decorator.py
[2024-05-10T07:41:48.110+0000] {logging_mixin.py:188} INFO - [2024-05-10T07:41:48.110+0000] {dag.py:3096} INFO - Sync 1 DAGs
[2024-05-10T07:41:48.120+0000] {logging_mixin.py:188} INFO - [2024-05-10T07:41:48.120+0000] {dag.py:3954} INFO - Setting next_dagrun for example_bash_decorator to None, run_after=None
[2024-05-10T07:41:48.151+0000] {processor.py:183} INFO - Processing /home/airflow/.local/lib/python3.12/site-packages/airflow/example_dags/example_bash_decorator.py took 0.100 seconds
[2024-05-10T07:42:18.379+0000] {processor.py:161} INFO - Started process (PID=2342) to work on /home/airflow/.local/lib/python3.12/site-packages/airflow/example_dags/example_bash_decorator.py
[2024-05-10T07:42:18.381+0000] {processor.py:830} INFO - Processing file /home/airflow/.local/lib/python3.12/site-packages/airflow/example_dags/example_bash_decorator.py for tasks to queue
[2024-05-10T07:42:18.384+0000] {logging_mixin.py:188} INFO - [2024-05-10T07:42:18.383+0000] {dagbag.py:540} INFO - Filling up the DagBag from /home/airflow/.local/lib/python3.12/site-packages/airflow/example_dags/example_bash_decorator.py
[2024-05-10T07:42:18.401+0000] {processor.py:840} INFO - DAG(s) 'example_bash_decorator' retrieved from /home/airflow/.local/lib/python3.12/site-packages/airflow/example_dags/example_bash_decorator.py
[2024-05-10T07:42:18.420+0000] {logging_mixin.py:188} INFO - [2024-05-10T07:42:18.420+0000] {dag.py:3096} INFO - Sync 1 DAGs
[2024-05-10T07:42:18.430+0000] {logging_mixin.py:188} INFO - [2024-05-10T07:42:18.430+0000] {dag.py:3954} INFO - Setting next_dagrun for example_bash_decorator to None, run_after=None
[2024-05-10T07:42:18.451+0000] {processor.py:183} INFO - Processing /home/airflow/.local/lib/python3.12/site-packages/airflow/example_dags/example_bash_decorator.py took 0.091 seconds
[2024-05-10T07:42:49.329+0000] {processor.py:161} INFO - Started process (PID=2401) to work on /home/airflow/.local/lib/python3.12/site-packages/airflow/example_dags/example_bash_decorator.py
[2024-05-10T07:42:49.330+0000] {processor.py:830} INFO - Processing file /home/airflow/.local/lib/python3.12/site-packages/airflow/example_dags/example_bash_decorator.py for tasks to queue
[2024-05-10T07:42:49.332+0000] {logging_mixin.py:188} INFO - [2024-05-10T07:42:49.332+0000] {dagbag.py:540} INFO - Filling up the DagBag from /home/airflow/.local/lib/python3.12/site-packages/airflow/example_dags/example_bash_decorator.py
[2024-05-10T07:42:49.346+0000] {processor.py:840} INFO - DAG(s) 'example_bash_decorator' retrieved from /home/airflow/.local/lib/python3.12/site-packages/airflow/example_dags/example_bash_decorator.py
[2024-05-10T07:42:49.365+0000] {logging_mixin.py:188} INFO - [2024-05-10T07:42:49.364+0000] {dag.py:3096} INFO - Sync 1 DAGs
[2024-05-10T07:42:49.375+0000] {logging_mixin.py:188} INFO - [2024-05-10T07:42:49.374+0000] {dag.py:3954} INFO - Setting next_dagrun for example_bash_decorator to None, run_after=None
[2024-05-10T07:42:49.407+0000] {processor.py:183} INFO - Processing /home/airflow/.local/lib/python3.12/site-packages/airflow/example_dags/example_bash_decorator.py took 0.085 seconds
[2024-05-10T07:43:19.811+0000] {processor.py:161} INFO - Started process (PID=2460) to work on /home/airflow/.local/lib/python3.12/site-packages/airflow/example_dags/example_bash_decorator.py
[2024-05-10T07:43:19.811+0000] {processor.py:830} INFO - Processing file /home/airflow/.local/lib/python3.12/site-packages/airflow/example_dags/example_bash_decorator.py for tasks to queue
[2024-05-10T07:43:19.813+0000] {logging_mixin.py:188} INFO - [2024-05-10T07:43:19.812+0000] {dagbag.py:540} INFO - Filling up the DagBag from /home/airflow/.local/lib/python3.12/site-packages/airflow/example_dags/example_bash_decorator.py
[2024-05-10T07:43:19.823+0000] {processor.py:840} INFO - DAG(s) 'example_bash_decorator' retrieved from /home/airflow/.local/lib/python3.12/site-packages/airflow/example_dags/example_bash_decorator.py
[2024-05-10T07:43:19.842+0000] {logging_mixin.py:188} INFO - [2024-05-10T07:43:19.842+0000] {dag.py:3096} INFO - Sync 1 DAGs
[2024-05-10T07:43:19.851+0000] {logging_mixin.py:188} INFO - [2024-05-10T07:43:19.851+0000] {dag.py:3954} INFO - Setting next_dagrun for example_bash_decorator to None, run_after=None
[2024-05-10T07:43:19.873+0000] {processor.py:183} INFO - Processing /home/airflow/.local/lib/python3.12/site-packages/airflow/example_dags/example_bash_decorator.py took 0.068 seconds
[2024-05-10T07:43:50.320+0000] {processor.py:161} INFO - Started process (PID=2519) to work on /home/airflow/.local/lib/python3.12/site-packages/airflow/example_dags/example_bash_decorator.py
[2024-05-10T07:43:50.320+0000] {processor.py:830} INFO - Processing file /home/airflow/.local/lib/python3.12/site-packages/airflow/example_dags/example_bash_decorator.py for tasks to queue
[2024-05-10T07:43:50.321+0000] {logging_mixin.py:188} INFO - [2024-05-10T07:43:50.321+0000] {dagbag.py:540} INFO - Filling up the DagBag from /home/airflow/.local/lib/python3.12/site-packages/airflow/example_dags/example_bash_decorator.py
[2024-05-10T07:43:50.331+0000] {processor.py:840} INFO - DAG(s) 'example_bash_decorator' retrieved from /home/airflow/.local/lib/python3.12/site-packages/airflow/example_dags/example_bash_decorator.py
[2024-05-10T07:43:50.349+0000] {logging_mixin.py:188} INFO - [2024-05-10T07:43:50.349+0000] {dag.py:3096} INFO - Sync 1 DAGs
[2024-05-10T07:43:50.359+0000] {logging_mixin.py:188} INFO - [2024-05-10T07:43:50.359+0000] {dag.py:3954} INFO - Setting next_dagrun for example_bash_decorator to None, run_after=None
[2024-05-10T07:43:50.385+0000] {processor.py:183} INFO - Processing /home/airflow/.local/lib/python3.12/site-packages/airflow/example_dags/example_bash_decorator.py took 0.070 seconds
[2024-05-10T07:44:20.936+0000] {processor.py:161} INFO - Started process (PID=2578) to work on /home/airflow/.local/lib/python3.12/site-packages/airflow/example_dags/example_bash_decorator.py
[2024-05-10T07:44:20.938+0000] {processor.py:830} INFO - Processing file /home/airflow/.local/lib/python3.12/site-packages/airflow/example_dags/example_bash_decorator.py for tasks to queue
[2024-05-10T07:44:20.942+0000] {logging_mixin.py:188} INFO - [2024-05-10T07:44:20.941+0000] {dagbag.py:540} INFO - Filling up the DagBag from /home/airflow/.local/lib/python3.12/site-packages/airflow/example_dags/example_bash_decorator.py
[2024-05-10T07:44:20.959+0000] {processor.py:840} INFO - DAG(s) 'example_bash_decorator' retrieved from /home/airflow/.local/lib/python3.12/site-packages/airflow/example_dags/example_bash_decorator.py
[2024-05-10T07:44:20.978+0000] {logging_mixin.py:188} INFO - [2024-05-10T07:44:20.978+0000] {dag.py:3096} INFO - Sync 1 DAGs
[2024-05-10T07:44:20.989+0000] {logging_mixin.py:188} INFO - [2024-05-10T07:44:20.988+0000] {dag.py:3954} INFO - Setting next_dagrun for example_bash_decorator to None, run_after=None
[2024-05-10T07:44:21.006+0000] {processor.py:183} INFO - Processing /home/airflow/.local/lib/python3.12/site-packages/airflow/example_dags/example_bash_decorator.py took 0.090 seconds
[2024-05-10T07:44:51.445+0000] {processor.py:161} INFO - Started process (PID=2637) to work on /home/airflow/.local/lib/python3.12/site-packages/airflow/example_dags/example_bash_decorator.py
[2024-05-10T07:44:51.448+0000] {processor.py:830} INFO - Processing file /home/airflow/.local/lib/python3.12/site-packages/airflow/example_dags/example_bash_decorator.py for tasks to queue
[2024-05-10T07:44:51.452+0000] {logging_mixin.py:188} INFO - [2024-05-10T07:44:51.452+0000] {dagbag.py:540} INFO - Filling up the DagBag from /home/airflow/.local/lib/python3.12/site-packages/airflow/example_dags/example_bash_decorator.py
[2024-05-10T07:44:51.471+0000] {processor.py:840} INFO - DAG(s) 'example_bash_decorator' retrieved from /home/airflow/.local/lib/python3.12/site-packages/airflow/example_dags/example_bash_decorator.py
[2024-05-10T07:44:51.491+0000] {logging_mixin.py:188} INFO - [2024-05-10T07:44:51.491+0000] {dag.py:3096} INFO - Sync 1 DAGs
[2024-05-10T07:44:51.500+0000] {logging_mixin.py:188} INFO - [2024-05-10T07:44:51.500+0000] {dag.py:3954} INFO - Setting next_dagrun for example_bash_decorator to None, run_after=None
[2024-05-10T07:44:51.532+0000] {processor.py:183} INFO - Processing /home/airflow/.local/lib/python3.12/site-packages/airflow/example_dags/example_bash_decorator.py took 0.106 seconds
[2024-05-10T07:45:21.973+0000] {processor.py:161} INFO - Started process (PID=2697) to work on /home/airflow/.local/lib/python3.12/site-packages/airflow/example_dags/example_bash_decorator.py
[2024-05-10T07:45:21.973+0000] {processor.py:830} INFO - Processing file /home/airflow/.local/lib/python3.12/site-packages/airflow/example_dags/example_bash_decorator.py for tasks to queue
[2024-05-10T07:45:21.975+0000] {logging_mixin.py:188} INFO - [2024-05-10T07:45:21.975+0000] {dagbag.py:540} INFO - Filling up the DagBag from /home/airflow/.local/lib/python3.12/site-packages/airflow/example_dags/example_bash_decorator.py
[2024-05-10T07:45:21.986+0000] {processor.py:840} INFO - DAG(s) 'example_bash_decorator' retrieved from /home/airflow/.local/lib/python3.12/site-packages/airflow/example_dags/example_bash_decorator.py
[2024-05-10T07:45:22.005+0000] {logging_mixin.py:188} INFO - [2024-05-10T07:45:22.005+0000] {dag.py:3096} INFO - Sync 1 DAGs
[2024-05-10T07:45:22.015+0000] {logging_mixin.py:188} INFO - [2024-05-10T07:45:22.015+0000] {dag.py:3954} INFO - Setting next_dagrun for example_bash_decorator to None, run_after=None
[2024-05-10T07:45:22.043+0000] {processor.py:183} INFO - Processing /home/airflow/.local/lib/python3.12/site-packages/airflow/example_dags/example_bash_decorator.py took 0.077 seconds
[2024-05-10T07:45:52.766+0000] {processor.py:161} INFO - Started process (PID=2756) to work on /home/airflow/.local/lib/python3.12/site-packages/airflow/example_dags/example_bash_decorator.py
[2024-05-10T07:45:52.767+0000] {processor.py:830} INFO - Processing file /home/airflow/.local/lib/python3.12/site-packages/airflow/example_dags/example_bash_decorator.py for tasks to queue
[2024-05-10T07:45:52.768+0000] {logging_mixin.py:188} INFO - [2024-05-10T07:45:52.768+0000] {dagbag.py:540} INFO - Filling up the DagBag from /home/airflow/.local/lib/python3.12/site-packages/airflow/example_dags/example_bash_decorator.py
[2024-05-10T07:45:52.779+0000] {processor.py:840} INFO - DAG(s) 'example_bash_decorator' retrieved from /home/airflow/.local/lib/python3.12/site-packages/airflow/example_dags/example_bash_decorator.py
[2024-05-10T07:45:52.797+0000] {logging_mixin.py:188} INFO - [2024-05-10T07:45:52.797+0000] {dag.py:3096} INFO - Sync 1 DAGs
[2024-05-10T07:45:52.807+0000] {logging_mixin.py:188} INFO - [2024-05-10T07:45:52.807+0000] {dag.py:3954} INFO - Setting next_dagrun for example_bash_decorator to None, run_after=None
[2024-05-10T07:45:52.829+0000] {processor.py:183} INFO - Processing /home/airflow/.local/lib/python3.12/site-packages/airflow/example_dags/example_bash_decorator.py took 0.067 seconds
[2024-05-10T07:46:23.414+0000] {processor.py:161} INFO - Started process (PID=2814) to work on /home/airflow/.local/lib/python3.12/site-packages/airflow/example_dags/example_bash_decorator.py
[2024-05-10T07:46:23.415+0000] {processor.py:830} INFO - Processing file /home/airflow/.local/lib/python3.12/site-packages/airflow/example_dags/example_bash_decorator.py for tasks to queue
[2024-05-10T07:46:23.416+0000] {logging_mixin.py:188} INFO - [2024-05-10T07:46:23.415+0000] {dagbag.py:540} INFO - Filling up the DagBag from /home/airflow/.local/lib/python3.12/site-packages/airflow/example_dags/example_bash_decorator.py
[2024-05-10T07:46:23.426+0000] {processor.py:840} INFO - DAG(s) 'example_bash_decorator' retrieved from /home/airflow/.local/lib/python3.12/site-packages/airflow/example_dags/example_bash_decorator.py
[2024-05-10T07:46:23.446+0000] {logging_mixin.py:188} INFO - [2024-05-10T07:46:23.446+0000] {dag.py:3096} INFO - Sync 1 DAGs
[2024-05-10T07:46:23.457+0000] {logging_mixin.py:188} INFO - [2024-05-10T07:46:23.456+0000] {dag.py:3954} INFO - Setting next_dagrun for example_bash_decorator to None, run_after=None
[2024-05-10T07:46:23.473+0000] {processor.py:183} INFO - Processing /home/airflow/.local/lib/python3.12/site-packages/airflow/example_dags/example_bash_decorator.py took 0.065 seconds
[2024-05-10T07:46:53.926+0000] {processor.py:161} INFO - Started process (PID=2871) to work on /home/airflow/.local/lib/python3.12/site-packages/airflow/example_dags/example_bash_decorator.py
[2024-05-10T07:46:53.927+0000] {processor.py:830} INFO - Processing file /home/airflow/.local/lib/python3.12/site-packages/airflow/example_dags/example_bash_decorator.py for tasks to queue
[2024-05-10T07:46:53.928+0000] {logging_mixin.py:188} INFO - [2024-05-10T07:46:53.927+0000] {dagbag.py:540} INFO - Filling up the DagBag from /home/airflow/.local/lib/python3.12/site-packages/airflow/example_dags/example_bash_decorator.py
[2024-05-10T07:46:53.939+0000] {processor.py:840} INFO - DAG(s) 'example_bash_decorator' retrieved from /home/airflow/.local/lib/python3.12/site-packages/airflow/example_dags/example_bash_decorator.py
[2024-05-10T07:46:54.042+0000] {logging_mixin.py:188} INFO - [2024-05-10T07:46:54.042+0000] {dag.py:3096} INFO - Sync 1 DAGs
[2024-05-10T07:46:54.051+0000] {logging_mixin.py:188} INFO - [2024-05-10T07:46:54.051+0000] {dag.py:3118} INFO - Creating ORM DAG for example_bash_decorator
[2024-05-10T07:46:54.052+0000] {logging_mixin.py:188} INFO - [2024-05-10T07:46:54.052+0000] {dag.py:3954} INFO - Setting next_dagrun for example_bash_decorator to None, run_after=None
[2024-05-10T07:46:54.075+0000] {processor.py:183} INFO - Processing /home/airflow/.local/lib/python3.12/site-packages/airflow/example_dags/example_bash_decorator.py took 0.154 seconds
[2024-05-10T07:47:24.301+0000] {processor.py:161} INFO - Started process (PID=2929) to work on /home/airflow/.local/lib/python3.12/site-packages/airflow/example_dags/example_bash_decorator.py
[2024-05-10T07:47:24.302+0000] {processor.py:830} INFO - Processing file /home/airflow/.local/lib/python3.12/site-packages/airflow/example_dags/example_bash_decorator.py for tasks to queue
[2024-05-10T07:47:24.303+0000] {logging_mixin.py:188} INFO - [2024-05-10T07:47:24.303+0000] {dagbag.py:540} INFO - Filling up the DagBag from /home/airflow/.local/lib/python3.12/site-packages/airflow/example_dags/example_bash_decorator.py
[2024-05-10T07:47:24.314+0000] {processor.py:840} INFO - DAG(s) 'example_bash_decorator' retrieved from /home/airflow/.local/lib/python3.12/site-packages/airflow/example_dags/example_bash_decorator.py
[2024-05-10T07:47:24.334+0000] {logging_mixin.py:188} INFO - [2024-05-10T07:47:24.333+0000] {dag.py:3096} INFO - Sync 1 DAGs
[2024-05-10T07:47:24.345+0000] {logging_mixin.py:188} INFO - [2024-05-10T07:47:24.345+0000] {dag.py:3954} INFO - Setting next_dagrun for example_bash_decorator to None, run_after=None
[2024-05-10T07:47:24.365+0000] {processor.py:183} INFO - Processing /home/airflow/.local/lib/python3.12/site-packages/airflow/example_dags/example_bash_decorator.py took 0.069 seconds
[2024-05-10T07:47:54.625+0000] {processor.py:161} INFO - Started process (PID=2987) to work on /home/airflow/.local/lib/python3.12/site-packages/airflow/example_dags/example_bash_decorator.py
[2024-05-10T07:47:54.626+0000] {processor.py:830} INFO - Processing file /home/airflow/.local/lib/python3.12/site-packages/airflow/example_dags/example_bash_decorator.py for tasks to queue
[2024-05-10T07:47:54.627+0000] {logging_mixin.py:188} INFO - [2024-05-10T07:47:54.627+0000] {dagbag.py:540} INFO - Filling up the DagBag from /home/airflow/.local/lib/python3.12/site-packages/airflow/example_dags/example_bash_decorator.py
[2024-05-10T07:47:54.638+0000] {processor.py:840} INFO - DAG(s) 'example_bash_decorator' retrieved from /home/airflow/.local/lib/python3.12/site-packages/airflow/example_dags/example_bash_decorator.py
[2024-05-10T07:47:54.659+0000] {logging_mixin.py:188} INFO - [2024-05-10T07:47:54.659+0000] {dag.py:3096} INFO - Sync 1 DAGs
[2024-05-10T07:47:54.670+0000] {logging_mixin.py:188} INFO - [2024-05-10T07:47:54.670+0000] {dag.py:3954} INFO - Setting next_dagrun for example_bash_decorator to None, run_after=None
[2024-05-10T07:47:54.695+0000] {processor.py:183} INFO - Processing /home/airflow/.local/lib/python3.12/site-packages/airflow/example_dags/example_bash_decorator.py took 0.074 seconds
[2024-05-10T07:48:25.553+0000] {processor.py:161} INFO - Started process (PID=3045) to work on /home/airflow/.local/lib/python3.12/site-packages/airflow/example_dags/example_bash_decorator.py
[2024-05-10T07:48:25.554+0000] {processor.py:830} INFO - Processing file /home/airflow/.local/lib/python3.12/site-packages/airflow/example_dags/example_bash_decorator.py for tasks to queue
[2024-05-10T07:48:25.555+0000] {logging_mixin.py:188} INFO - [2024-05-10T07:48:25.555+0000] {dagbag.py:540} INFO - Filling up the DagBag from /home/airflow/.local/lib/python3.12/site-packages/airflow/example_dags/example_bash_decorator.py
[2024-05-10T07:48:25.568+0000] {processor.py:840} INFO - DAG(s) 'example_bash_decorator' retrieved from /home/airflow/.local/lib/python3.12/site-packages/airflow/example_dags/example_bash_decorator.py
[2024-05-10T07:48:25.666+0000] {logging_mixin.py:188} INFO - [2024-05-10T07:48:25.666+0000] {dag.py:3096} INFO - Sync 1 DAGs
[2024-05-10T07:48:25.675+0000] {logging_mixin.py:188} INFO - [2024-05-10T07:48:25.675+0000] {dag.py:3118} INFO - Creating ORM DAG for example_bash_decorator
[2024-05-10T07:48:25.676+0000] {logging_mixin.py:188} INFO - [2024-05-10T07:48:25.676+0000] {dag.py:3954} INFO - Setting next_dagrun for example_bash_decorator to None, run_after=None
[2024-05-10T07:48:25.697+0000] {processor.py:183} INFO - Processing /home/airflow/.local/lib/python3.12/site-packages/airflow/example_dags/example_bash_decorator.py took 0.150 seconds
[2024-05-10T07:48:55.754+0000] {processor.py:161} INFO - Started process (PID=3103) to work on /home/airflow/.local/lib/python3.12/site-packages/airflow/example_dags/example_bash_decorator.py
[2024-05-10T07:48:55.756+0000] {processor.py:830} INFO - Processing file /home/airflow/.local/lib/python3.12/site-packages/airflow/example_dags/example_bash_decorator.py for tasks to queue
[2024-05-10T07:48:55.756+0000] {logging_mixin.py:188} INFO - [2024-05-10T07:48:55.756+0000] {dagbag.py:540} INFO - Filling up the DagBag from /home/airflow/.local/lib/python3.12/site-packages/airflow/example_dags/example_bash_decorator.py
[2024-05-10T07:48:55.767+0000] {processor.py:840} INFO - DAG(s) 'example_bash_decorator' retrieved from /home/airflow/.local/lib/python3.12/site-packages/airflow/example_dags/example_bash_decorator.py
[2024-05-10T07:48:55.863+0000] {logging_mixin.py:188} INFO - [2024-05-10T07:48:55.863+0000] {dag.py:3096} INFO - Sync 1 DAGs
[2024-05-10T07:48:55.873+0000] {logging_mixin.py:188} INFO - [2024-05-10T07:48:55.873+0000] {dag.py:3118} INFO - Creating ORM DAG for example_bash_decorator
[2024-05-10T07:48:55.873+0000] {logging_mixin.py:188} INFO - [2024-05-10T07:48:55.873+0000] {dag.py:3954} INFO - Setting next_dagrun for example_bash_decorator to None, run_after=None
[2024-05-10T07:48:55.900+0000] {processor.py:183} INFO - Processing /home/airflow/.local/lib/python3.12/site-packages/airflow/example_dags/example_bash_decorator.py took 0.151 seconds
[2024-05-10T07:49:25.969+0000] {processor.py:161} INFO - Started process (PID=3161) to work on /home/airflow/.local/lib/python3.12/site-packages/airflow/example_dags/example_bash_decorator.py
[2024-05-10T07:49:25.970+0000] {processor.py:830} INFO - Processing file /home/airflow/.local/lib/python3.12/site-packages/airflow/example_dags/example_bash_decorator.py for tasks to queue
[2024-05-10T07:49:25.971+0000] {logging_mixin.py:188} INFO - [2024-05-10T07:49:25.971+0000] {dagbag.py:540} INFO - Filling up the DagBag from /home/airflow/.local/lib/python3.12/site-packages/airflow/example_dags/example_bash_decorator.py
[2024-05-10T07:49:25.982+0000] {processor.py:840} INFO - DAG(s) 'example_bash_decorator' retrieved from /home/airflow/.local/lib/python3.12/site-packages/airflow/example_dags/example_bash_decorator.py
[2024-05-10T07:49:26.074+0000] {logging_mixin.py:188} INFO - [2024-05-10T07:49:26.074+0000] {dag.py:3096} INFO - Sync 1 DAGs
[2024-05-10T07:49:26.084+0000] {logging_mixin.py:188} INFO - [2024-05-10T07:49:26.084+0000] {dag.py:3118} INFO - Creating ORM DAG for example_bash_decorator
[2024-05-10T07:49:26.085+0000] {logging_mixin.py:188} INFO - [2024-05-10T07:49:26.084+0000] {dag.py:3954} INFO - Setting next_dagrun for example_bash_decorator to None, run_after=None
[2024-05-10T07:49:26.101+0000] {processor.py:183} INFO - Processing /home/airflow/.local/lib/python3.12/site-packages/airflow/example_dags/example_bash_decorator.py took 0.137 seconds
[2024-05-10T07:49:56.228+0000] {processor.py:161} INFO - Started process (PID=3219) to work on /home/airflow/.local/lib/python3.12/site-packages/airflow/example_dags/example_bash_decorator.py
[2024-05-10T07:49:56.230+0000] {processor.py:830} INFO - Processing file /home/airflow/.local/lib/python3.12/site-packages/airflow/example_dags/example_bash_decorator.py for tasks to queue
[2024-05-10T07:49:56.231+0000] {logging_mixin.py:188} INFO - [2024-05-10T07:49:56.230+0000] {dagbag.py:540} INFO - Filling up the DagBag from /home/airflow/.local/lib/python3.12/site-packages/airflow/example_dags/example_bash_decorator.py
[2024-05-10T07:49:56.242+0000] {processor.py:840} INFO - DAG(s) 'example_bash_decorator' retrieved from /home/airflow/.local/lib/python3.12/site-packages/airflow/example_dags/example_bash_decorator.py
[2024-05-10T07:49:56.339+0000] {logging_mixin.py:188} INFO - [2024-05-10T07:49:56.339+0000] {dag.py:3096} INFO - Sync 1 DAGs
[2024-05-10T07:49:56.348+0000] {logging_mixin.py:188} INFO - [2024-05-10T07:49:56.348+0000] {dag.py:3118} INFO - Creating ORM DAG for example_bash_decorator
[2024-05-10T07:49:56.349+0000] {logging_mixin.py:188} INFO - [2024-05-10T07:49:56.348+0000] {dag.py:3954} INFO - Setting next_dagrun for example_bash_decorator to None, run_after=None
[2024-05-10T07:49:56.379+0000] {processor.py:183} INFO - Processing /home/airflow/.local/lib/python3.12/site-packages/airflow/example_dags/example_bash_decorator.py took 0.155 seconds
[2024-05-10T07:50:27.195+0000] {processor.py:161} INFO - Started process (PID=3277) to work on /home/airflow/.local/lib/python3.12/site-packages/airflow/example_dags/example_bash_decorator.py
[2024-05-10T07:50:27.196+0000] {processor.py:830} INFO - Processing file /home/airflow/.local/lib/python3.12/site-packages/airflow/example_dags/example_bash_decorator.py for tasks to queue
[2024-05-10T07:50:27.197+0000] {logging_mixin.py:188} INFO - [2024-05-10T07:50:27.197+0000] {dagbag.py:540} INFO - Filling up the DagBag from /home/airflow/.local/lib/python3.12/site-packages/airflow/example_dags/example_bash_decorator.py
[2024-05-10T07:50:27.209+0000] {processor.py:840} INFO - DAG(s) 'example_bash_decorator' retrieved from /home/airflow/.local/lib/python3.12/site-packages/airflow/example_dags/example_bash_decorator.py
[2024-05-10T07:50:27.230+0000] {logging_mixin.py:188} INFO - [2024-05-10T07:50:27.230+0000] {dag.py:3096} INFO - Sync 1 DAGs
[2024-05-10T07:50:27.249+0000] {logging_mixin.py:188} INFO - [2024-05-10T07:50:27.249+0000] {dag.py:3954} INFO - Setting next_dagrun for example_bash_decorator to None, run_after=None
[2024-05-10T07:50:27.296+0000] {processor.py:183} INFO - Processing /home/airflow/.local/lib/python3.12/site-packages/airflow/example_dags/example_bash_decorator.py took 0.106 seconds
[2024-05-10T07:50:57.326+0000] {processor.py:161} INFO - Started process (PID=3335) to work on /home/airflow/.local/lib/python3.12/site-packages/airflow/example_dags/example_bash_decorator.py
[2024-05-10T07:50:57.327+0000] {processor.py:830} INFO - Processing file /home/airflow/.local/lib/python3.12/site-packages/airflow/example_dags/example_bash_decorator.py for tasks to queue
[2024-05-10T07:50:57.328+0000] {logging_mixin.py:188} INFO - [2024-05-10T07:50:57.328+0000] {dagbag.py:540} INFO - Filling up the DagBag from /home/airflow/.local/lib/python3.12/site-packages/airflow/example_dags/example_bash_decorator.py
[2024-05-10T07:50:57.339+0000] {processor.py:840} INFO - DAG(s) 'example_bash_decorator' retrieved from /home/airflow/.local/lib/python3.12/site-packages/airflow/example_dags/example_bash_decorator.py
[2024-05-10T07:50:57.434+0000] {logging_mixin.py:188} INFO - [2024-05-10T07:50:57.433+0000] {dag.py:3096} INFO - Sync 1 DAGs
[2024-05-10T07:50:57.443+0000] {logging_mixin.py:188} INFO - [2024-05-10T07:50:57.442+0000] {dag.py:3118} INFO - Creating ORM DAG for example_bash_decorator
[2024-05-10T07:50:57.443+0000] {logging_mixin.py:188} INFO - [2024-05-10T07:50:57.443+0000] {dag.py:3954} INFO - Setting next_dagrun for example_bash_decorator to None, run_after=None
[2024-05-10T07:50:57.505+0000] {processor.py:183} INFO - Processing /home/airflow/.local/lib/python3.12/site-packages/airflow/example_dags/example_bash_decorator.py took 0.184 seconds
[2024-05-10T07:51:27.664+0000] {processor.py:161} INFO - Started process (PID=3392) to work on /home/airflow/.local/lib/python3.12/site-packages/airflow/example_dags/example_bash_decorator.py
[2024-05-10T07:51:27.666+0000] {processor.py:830} INFO - Processing file /home/airflow/.local/lib/python3.12/site-packages/airflow/example_dags/example_bash_decorator.py for tasks to queue
[2024-05-10T07:51:27.667+0000] {logging_mixin.py:188} INFO - [2024-05-10T07:51:27.667+0000] {dagbag.py:540} INFO - Filling up the DagBag from /home/airflow/.local/lib/python3.12/site-packages/airflow/example_dags/example_bash_decorator.py
[2024-05-10T07:51:27.687+0000] {processor.py:840} INFO - DAG(s) 'example_bash_decorator' retrieved from /home/airflow/.local/lib/python3.12/site-packages/airflow/example_dags/example_bash_decorator.py
[2024-05-10T07:51:27.779+0000] {logging_mixin.py:188} INFO - [2024-05-10T07:51:27.779+0000] {dag.py:3096} INFO - Sync 1 DAGs
[2024-05-10T07:51:27.787+0000] {logging_mixin.py:188} INFO - [2024-05-10T07:51:27.787+0000] {dag.py:3118} INFO - Creating ORM DAG for example_bash_decorator
[2024-05-10T07:51:27.788+0000] {logging_mixin.py:188} INFO - [2024-05-10T07:51:27.788+0000] {dag.py:3954} INFO - Setting next_dagrun for example_bash_decorator to None, run_after=None
[2024-05-10T07:51:27.814+0000] {processor.py:183} INFO - Processing /home/airflow/.local/lib/python3.12/site-packages/airflow/example_dags/example_bash_decorator.py took 0.160 seconds
[2024-05-10T07:51:58.671+0000] {processor.py:161} INFO - Started process (PID=3450) to work on /home/airflow/.local/lib/python3.12/site-packages/airflow/example_dags/example_bash_decorator.py
[2024-05-10T07:51:58.673+0000] {processor.py:830} INFO - Processing file /home/airflow/.local/lib/python3.12/site-packages/airflow/example_dags/example_bash_decorator.py for tasks to queue
[2024-05-10T07:51:58.674+0000] {logging_mixin.py:188} INFO - [2024-05-10T07:51:58.674+0000] {dagbag.py:540} INFO - Filling up the DagBag from /home/airflow/.local/lib/python3.12/site-packages/airflow/example_dags/example_bash_decorator.py
[2024-05-10T07:51:58.691+0000] {processor.py:840} INFO - DAG(s) 'example_bash_decorator' retrieved from /home/airflow/.local/lib/python3.12/site-packages/airflow/example_dags/example_bash_decorator.py
[2024-05-10T07:51:58.787+0000] {logging_mixin.py:188} INFO - [2024-05-10T07:51:58.786+0000] {dag.py:3096} INFO - Sync 1 DAGs
[2024-05-10T07:51:58.796+0000] {logging_mixin.py:188} INFO - [2024-05-10T07:51:58.796+0000] {dag.py:3118} INFO - Creating ORM DAG for example_bash_decorator
[2024-05-10T07:51:58.797+0000] {logging_mixin.py:188} INFO - [2024-05-10T07:51:58.797+0000] {dag.py:3954} INFO - Setting next_dagrun for example_bash_decorator to None, run_after=None
[2024-05-10T07:51:58.825+0000] {processor.py:183} INFO - Processing /home/airflow/.local/lib/python3.12/site-packages/airflow/example_dags/example_bash_decorator.py took 0.163 seconds
[2024-05-10T07:52:28.861+0000] {processor.py:161} INFO - Started process (PID=3508) to work on /home/airflow/.local/lib/python3.12/site-packages/airflow/example_dags/example_bash_decorator.py
[2024-05-10T07:52:28.861+0000] {processor.py:830} INFO - Processing file /home/airflow/.local/lib/python3.12/site-packages/airflow/example_dags/example_bash_decorator.py for tasks to queue
[2024-05-10T07:52:28.862+0000] {logging_mixin.py:188} INFO - [2024-05-10T07:52:28.862+0000] {dagbag.py:540} INFO - Filling up the DagBag from /home/airflow/.local/lib/python3.12/site-packages/airflow/example_dags/example_bash_decorator.py
[2024-05-10T07:52:28.874+0000] {processor.py:840} INFO - DAG(s) 'example_bash_decorator' retrieved from /home/airflow/.local/lib/python3.12/site-packages/airflow/example_dags/example_bash_decorator.py
[2024-05-10T07:52:28.897+0000] {logging_mixin.py:188} INFO - [2024-05-10T07:52:28.897+0000] {dag.py:3096} INFO - Sync 1 DAGs
[2024-05-10T07:52:28.907+0000] {logging_mixin.py:188} INFO - [2024-05-10T07:52:28.907+0000] {dag.py:3954} INFO - Setting next_dagrun for example_bash_decorator to None, run_after=None
[2024-05-10T07:52:28.928+0000] {processor.py:183} INFO - Processing /home/airflow/.local/lib/python3.12/site-packages/airflow/example_dags/example_bash_decorator.py took 0.072 seconds
[2024-05-10T07:52:59.008+0000] {processor.py:161} INFO - Started process (PID=3566) to work on /home/airflow/.local/lib/python3.12/site-packages/airflow/example_dags/example_bash_decorator.py
[2024-05-10T07:52:59.010+0000] {processor.py:830} INFO - Processing file /home/airflow/.local/lib/python3.12/site-packages/airflow/example_dags/example_bash_decorator.py for tasks to queue
[2024-05-10T07:52:59.011+0000] {logging_mixin.py:188} INFO - [2024-05-10T07:52:59.010+0000] {dagbag.py:540} INFO - Filling up the DagBag from /home/airflow/.local/lib/python3.12/site-packages/airflow/example_dags/example_bash_decorator.py
[2024-05-10T07:52:59.027+0000] {processor.py:840} INFO - DAG(s) 'example_bash_decorator' retrieved from /home/airflow/.local/lib/python3.12/site-packages/airflow/example_dags/example_bash_decorator.py
[2024-05-10T07:52:59.055+0000] {logging_mixin.py:188} INFO - [2024-05-10T07:52:59.054+0000] {dag.py:3096} INFO - Sync 1 DAGs
[2024-05-10T07:52:59.065+0000] {logging_mixin.py:188} INFO - [2024-05-10T07:52:59.065+0000] {dag.py:3954} INFO - Setting next_dagrun for example_bash_decorator to None, run_after=None
[2024-05-10T07:52:59.098+0000] {processor.py:183} INFO - Processing /home/airflow/.local/lib/python3.12/site-packages/airflow/example_dags/example_bash_decorator.py took 0.100 seconds
[2024-05-10T07:53:29.661+0000] {processor.py:161} INFO - Started process (PID=3623) to work on /home/airflow/.local/lib/python3.12/site-packages/airflow/example_dags/example_bash_decorator.py
[2024-05-10T07:53:29.662+0000] {processor.py:830} INFO - Processing file /home/airflow/.local/lib/python3.12/site-packages/airflow/example_dags/example_bash_decorator.py for tasks to queue
[2024-05-10T07:53:29.662+0000] {logging_mixin.py:188} INFO - [2024-05-10T07:53:29.662+0000] {dagbag.py:540} INFO - Filling up the DagBag from /home/airflow/.local/lib/python3.12/site-packages/airflow/example_dags/example_bash_decorator.py
[2024-05-10T07:53:29.673+0000] {processor.py:840} INFO - DAG(s) 'example_bash_decorator' retrieved from /home/airflow/.local/lib/python3.12/site-packages/airflow/example_dags/example_bash_decorator.py
[2024-05-10T07:53:29.693+0000] {logging_mixin.py:188} INFO - [2024-05-10T07:53:29.693+0000] {dag.py:3096} INFO - Sync 1 DAGs
[2024-05-10T07:53:29.704+0000] {logging_mixin.py:188} INFO - [2024-05-10T07:53:29.704+0000] {dag.py:3954} INFO - Setting next_dagrun for example_bash_decorator to None, run_after=None
[2024-05-10T07:53:29.728+0000] {processor.py:183} INFO - Processing /home/airflow/.local/lib/python3.12/site-packages/airflow/example_dags/example_bash_decorator.py took 0.071 seconds
[2024-05-10T07:54:00.145+0000] {processor.py:161} INFO - Started process (PID=3681) to work on /home/airflow/.local/lib/python3.12/site-packages/airflow/example_dags/example_bash_decorator.py
[2024-05-10T07:54:00.146+0000] {processor.py:830} INFO - Processing file /home/airflow/.local/lib/python3.12/site-packages/airflow/example_dags/example_bash_decorator.py for tasks to queue
[2024-05-10T07:54:00.146+0000] {logging_mixin.py:188} INFO - [2024-05-10T07:54:00.146+0000] {dagbag.py:540} INFO - Filling up the DagBag from /home/airflow/.local/lib/python3.12/site-packages/airflow/example_dags/example_bash_decorator.py
[2024-05-10T07:54:00.171+0000] {processor.py:840} INFO - DAG(s) 'example_bash_decorator' retrieved from /home/airflow/.local/lib/python3.12/site-packages/airflow/example_dags/example_bash_decorator.py
[2024-05-10T07:54:00.192+0000] {logging_mixin.py:188} INFO - [2024-05-10T07:54:00.192+0000] {dag.py:3096} INFO - Sync 1 DAGs
[2024-05-10T07:54:00.202+0000] {logging_mixin.py:188} INFO - [2024-05-10T07:54:00.202+0000] {dag.py:3954} INFO - Setting next_dagrun for example_bash_decorator to None, run_after=None
[2024-05-10T07:54:00.227+0000] {processor.py:183} INFO - Processing /home/airflow/.local/lib/python3.12/site-packages/airflow/example_dags/example_bash_decorator.py took 0.088 seconds
[2024-05-10T07:54:30.664+0000] {processor.py:161} INFO - Started process (PID=3738) to work on /home/airflow/.local/lib/python3.12/site-packages/airflow/example_dags/example_bash_decorator.py
[2024-05-10T07:54:30.665+0000] {processor.py:830} INFO - Processing file /home/airflow/.local/lib/python3.12/site-packages/airflow/example_dags/example_bash_decorator.py for tasks to queue
[2024-05-10T07:54:30.666+0000] {logging_mixin.py:188} INFO - [2024-05-10T07:54:30.666+0000] {dagbag.py:540} INFO - Filling up the DagBag from /home/airflow/.local/lib/python3.12/site-packages/airflow/example_dags/example_bash_decorator.py
[2024-05-10T07:54:30.681+0000] {processor.py:840} INFO - DAG(s) 'example_bash_decorator' retrieved from /home/airflow/.local/lib/python3.12/site-packages/airflow/example_dags/example_bash_decorator.py
[2024-05-10T07:54:30.701+0000] {logging_mixin.py:188} INFO - [2024-05-10T07:54:30.701+0000] {dag.py:3096} INFO - Sync 1 DAGs
[2024-05-10T07:54:30.713+0000] {logging_mixin.py:188} INFO - [2024-05-10T07:54:30.713+0000] {dag.py:3954} INFO - Setting next_dagrun for example_bash_decorator to None, run_after=None
[2024-05-10T07:54:30.749+0000] {processor.py:183} INFO - Processing /home/airflow/.local/lib/python3.12/site-packages/airflow/example_dags/example_bash_decorator.py took 0.097 seconds
[2024-05-10T07:55:01.358+0000] {processor.py:161} INFO - Started process (PID=3796) to work on /home/airflow/.local/lib/python3.12/site-packages/airflow/example_dags/example_bash_decorator.py
[2024-05-10T07:55:01.359+0000] {processor.py:830} INFO - Processing file /home/airflow/.local/lib/python3.12/site-packages/airflow/example_dags/example_bash_decorator.py for tasks to queue
[2024-05-10T07:55:01.360+0000] {logging_mixin.py:188} INFO - [2024-05-10T07:55:01.360+0000] {dagbag.py:540} INFO - Filling up the DagBag from /home/airflow/.local/lib/python3.12/site-packages/airflow/example_dags/example_bash_decorator.py
[2024-05-10T07:55:01.372+0000] {processor.py:840} INFO - DAG(s) 'example_bash_decorator' retrieved from /home/airflow/.local/lib/python3.12/site-packages/airflow/example_dags/example_bash_decorator.py
[2024-05-10T07:55:01.391+0000] {logging_mixin.py:188} INFO - [2024-05-10T07:55:01.391+0000] {dag.py:3096} INFO - Sync 1 DAGs
[2024-05-10T07:55:01.402+0000] {logging_mixin.py:188} INFO - [2024-05-10T07:55:01.402+0000] {dag.py:3954} INFO - Setting next_dagrun for example_bash_decorator to None, run_after=None
[2024-05-10T07:55:01.429+0000] {processor.py:183} INFO - Processing /home/airflow/.local/lib/python3.12/site-packages/airflow/example_dags/example_bash_decorator.py took 0.079 seconds
