[2024-05-10T07:22:24.683+0000] {processor.py:161} INFO - Started process (PID=65) to work on /home/airflow/.local/lib/python3.12/site-packages/airflow/example_dags/example_branch_labels.py
[2024-05-10T07:22:24.684+0000] {processor.py:830} INFO - Processing file /home/airflow/.local/lib/python3.12/site-packages/airflow/example_dags/example_branch_labels.py for tasks to queue
[2024-05-10T07:22:24.685+0000] {logging_mixin.py:188} INFO - [2024-05-10T07:22:24.685+0000] {dagbag.py:540} INFO - Filling up the DagBag from /home/airflow/.local/lib/python3.12/site-packages/airflow/example_dags/example_branch_labels.py
[2024-05-10T07:22:24.693+0000] {processor.py:840} INFO - DAG(s) 'example_branch_labels' retrieved from /home/airflow/.local/lib/python3.12/site-packages/airflow/example_dags/example_branch_labels.py
[2024-05-10T07:22:24.703+0000] {logging_mixin.py:188} INFO - [2024-05-10T07:22:24.703+0000] {dag.py:3096} INFO - Sync 1 DAGs
[2024-05-10T07:22:24.723+0000] {logging_mixin.py:188} INFO - [2024-05-10T07:22:24.723+0000] {dag.py:3954} INFO - Setting next_dagrun for example_branch_labels to 2024-05-09 00:00:00+00:00, run_after=2024-05-10 00:00:00+00:00
[2024-05-10T07:22:24.740+0000] {processor.py:183} INFO - Processing /home/airflow/.local/lib/python3.12/site-packages/airflow/example_dags/example_branch_labels.py took 0.062 seconds
[2024-05-10T07:22:56.939+0000] {processor.py:161} INFO - Started process (PID=123) to work on /home/airflow/.local/lib/python3.12/site-packages/airflow/example_dags/example_branch_labels.py
[2024-05-10T07:22:56.940+0000] {processor.py:830} INFO - Processing file /home/airflow/.local/lib/python3.12/site-packages/airflow/example_dags/example_branch_labels.py for tasks to queue
[2024-05-10T07:22:56.943+0000] {logging_mixin.py:188} INFO - [2024-05-10T07:22:56.941+0000] {dagbag.py:540} INFO - Filling up the DagBag from /home/airflow/.local/lib/python3.12/site-packages/airflow/example_dags/example_branch_labels.py
[2024-05-10T07:22:56.957+0000] {processor.py:840} INFO - DAG(s) 'example_branch_labels' retrieved from /home/airflow/.local/lib/python3.12/site-packages/airflow/example_dags/example_branch_labels.py
[2024-05-10T07:22:57.077+0000] {logging_mixin.py:188} INFO - [2024-05-10T07:22:57.077+0000] {dag.py:3096} INFO - Sync 1 DAGs
[2024-05-10T07:22:57.098+0000] {logging_mixin.py:188} INFO - [2024-05-10T07:22:57.098+0000] {dag.py:3954} INFO - Setting next_dagrun for example_branch_labels to 2024-05-09 00:00:00+00:00, run_after=2024-05-10 00:00:00+00:00
[2024-05-10T07:22:57.131+0000] {processor.py:183} INFO - Processing /home/airflow/.local/lib/python3.12/site-packages/airflow/example_dags/example_branch_labels.py took 0.197 seconds
[2024-05-10T07:23:27.571+0000] {processor.py:161} INFO - Started process (PID=181) to work on /home/airflow/.local/lib/python3.12/site-packages/airflow/example_dags/example_branch_labels.py
[2024-05-10T07:23:27.572+0000] {processor.py:830} INFO - Processing file /home/airflow/.local/lib/python3.12/site-packages/airflow/example_dags/example_branch_labels.py for tasks to queue
[2024-05-10T07:23:27.573+0000] {logging_mixin.py:188} INFO - [2024-05-10T07:23:27.573+0000] {dagbag.py:540} INFO - Filling up the DagBag from /home/airflow/.local/lib/python3.12/site-packages/airflow/example_dags/example_branch_labels.py
[2024-05-10T07:23:27.580+0000] {processor.py:840} INFO - DAG(s) 'example_branch_labels' retrieved from /home/airflow/.local/lib/python3.12/site-packages/airflow/example_dags/example_branch_labels.py
[2024-05-10T07:23:27.599+0000] {logging_mixin.py:188} INFO - [2024-05-10T07:23:27.599+0000] {dag.py:3096} INFO - Sync 1 DAGs
[2024-05-10T07:23:27.619+0000] {logging_mixin.py:188} INFO - [2024-05-10T07:23:27.619+0000] {dag.py:3954} INFO - Setting next_dagrun for example_branch_labels to 2024-05-09 00:00:00+00:00, run_after=2024-05-10 00:00:00+00:00
[2024-05-10T07:23:27.642+0000] {processor.py:183} INFO - Processing /home/airflow/.local/lib/python3.12/site-packages/airflow/example_dags/example_branch_labels.py took 0.075 seconds
[2024-05-10T07:23:58.149+0000] {processor.py:161} INFO - Started process (PID=239) to work on /home/airflow/.local/lib/python3.12/site-packages/airflow/example_dags/example_branch_labels.py
[2024-05-10T07:23:58.149+0000] {processor.py:830} INFO - Processing file /home/airflow/.local/lib/python3.12/site-packages/airflow/example_dags/example_branch_labels.py for tasks to queue
[2024-05-10T07:23:58.151+0000] {logging_mixin.py:188} INFO - [2024-05-10T07:23:58.150+0000] {dagbag.py:540} INFO - Filling up the DagBag from /home/airflow/.local/lib/python3.12/site-packages/airflow/example_dags/example_branch_labels.py
[2024-05-10T07:23:58.156+0000] {processor.py:840} INFO - DAG(s) 'example_branch_labels' retrieved from /home/airflow/.local/lib/python3.12/site-packages/airflow/example_dags/example_branch_labels.py
[2024-05-10T07:23:58.173+0000] {logging_mixin.py:188} INFO - [2024-05-10T07:23:58.173+0000] {dag.py:3096} INFO - Sync 1 DAGs
[2024-05-10T07:23:58.195+0000] {logging_mixin.py:188} INFO - [2024-05-10T07:23:58.194+0000] {dag.py:3954} INFO - Setting next_dagrun for example_branch_labels to 2024-05-09 00:00:00+00:00, run_after=2024-05-10 00:00:00+00:00
[2024-05-10T07:23:58.218+0000] {processor.py:183} INFO - Processing /home/airflow/.local/lib/python3.12/site-packages/airflow/example_dags/example_branch_labels.py took 0.075 seconds
[2024-05-10T07:24:28.759+0000] {processor.py:161} INFO - Started process (PID=296) to work on /home/airflow/.local/lib/python3.12/site-packages/airflow/example_dags/example_branch_labels.py
[2024-05-10T07:24:28.760+0000] {processor.py:830} INFO - Processing file /home/airflow/.local/lib/python3.12/site-packages/airflow/example_dags/example_branch_labels.py for tasks to queue
[2024-05-10T07:24:28.761+0000] {logging_mixin.py:188} INFO - [2024-05-10T07:24:28.761+0000] {dagbag.py:540} INFO - Filling up the DagBag from /home/airflow/.local/lib/python3.12/site-packages/airflow/example_dags/example_branch_labels.py
[2024-05-10T07:24:28.767+0000] {processor.py:840} INFO - DAG(s) 'example_branch_labels' retrieved from /home/airflow/.local/lib/python3.12/site-packages/airflow/example_dags/example_branch_labels.py
[2024-05-10T07:24:28.784+0000] {logging_mixin.py:188} INFO - [2024-05-10T07:24:28.784+0000] {dag.py:3096} INFO - Sync 1 DAGs
[2024-05-10T07:24:28.805+0000] {logging_mixin.py:188} INFO - [2024-05-10T07:24:28.804+0000] {dag.py:3954} INFO - Setting next_dagrun for example_branch_labels to 2024-05-09 00:00:00+00:00, run_after=2024-05-10 00:00:00+00:00
[2024-05-10T07:24:28.829+0000] {processor.py:183} INFO - Processing /home/airflow/.local/lib/python3.12/site-packages/airflow/example_dags/example_branch_labels.py took 0.075 seconds
[2024-05-10T07:24:59.259+0000] {processor.py:161} INFO - Started process (PID=354) to work on /home/airflow/.local/lib/python3.12/site-packages/airflow/example_dags/example_branch_labels.py
[2024-05-10T07:24:59.260+0000] {processor.py:830} INFO - Processing file /home/airflow/.local/lib/python3.12/site-packages/airflow/example_dags/example_branch_labels.py for tasks to queue
[2024-05-10T07:24:59.261+0000] {logging_mixin.py:188} INFO - [2024-05-10T07:24:59.261+0000] {dagbag.py:540} INFO - Filling up the DagBag from /home/airflow/.local/lib/python3.12/site-packages/airflow/example_dags/example_branch_labels.py
[2024-05-10T07:24:59.267+0000] {processor.py:840} INFO - DAG(s) 'example_branch_labels' retrieved from /home/airflow/.local/lib/python3.12/site-packages/airflow/example_dags/example_branch_labels.py
[2024-05-10T07:24:59.283+0000] {logging_mixin.py:188} INFO - [2024-05-10T07:24:59.283+0000] {dag.py:3096} INFO - Sync 1 DAGs
[2024-05-10T07:24:59.302+0000] {logging_mixin.py:188} INFO - [2024-05-10T07:24:59.302+0000] {dag.py:3954} INFO - Setting next_dagrun for example_branch_labels to 2024-05-09 00:00:00+00:00, run_after=2024-05-10 00:00:00+00:00
[2024-05-10T07:24:59.319+0000] {processor.py:183} INFO - Processing /home/airflow/.local/lib/python3.12/site-packages/airflow/example_dags/example_branch_labels.py took 0.065 seconds
[2024-05-10T07:25:29.971+0000] {processor.py:161} INFO - Started process (PID=412) to work on /home/airflow/.local/lib/python3.12/site-packages/airflow/example_dags/example_branch_labels.py
[2024-05-10T07:25:29.971+0000] {processor.py:830} INFO - Processing file /home/airflow/.local/lib/python3.12/site-packages/airflow/example_dags/example_branch_labels.py for tasks to queue
[2024-05-10T07:25:29.973+0000] {logging_mixin.py:188} INFO - [2024-05-10T07:25:29.972+0000] {dagbag.py:540} INFO - Filling up the DagBag from /home/airflow/.local/lib/python3.12/site-packages/airflow/example_dags/example_branch_labels.py
[2024-05-10T07:25:29.980+0000] {processor.py:840} INFO - DAG(s) 'example_branch_labels' retrieved from /home/airflow/.local/lib/python3.12/site-packages/airflow/example_dags/example_branch_labels.py
[2024-05-10T07:25:30.001+0000] {logging_mixin.py:188} INFO - [2024-05-10T07:25:30.000+0000] {dag.py:3096} INFO - Sync 1 DAGs
[2024-05-10T07:25:30.021+0000] {logging_mixin.py:188} INFO - [2024-05-10T07:25:30.021+0000] {dag.py:3954} INFO - Setting next_dagrun for example_branch_labels to 2024-05-09 00:00:00+00:00, run_after=2024-05-10 00:00:00+00:00
[2024-05-10T07:25:30.048+0000] {processor.py:183} INFO - Processing /home/airflow/.local/lib/python3.12/site-packages/airflow/example_dags/example_branch_labels.py took 0.083 seconds
[2024-05-10T07:26:00.994+0000] {processor.py:161} INFO - Started process (PID=470) to work on /home/airflow/.local/lib/python3.12/site-packages/airflow/example_dags/example_branch_labels.py
[2024-05-10T07:26:00.994+0000] {processor.py:830} INFO - Processing file /home/airflow/.local/lib/python3.12/site-packages/airflow/example_dags/example_branch_labels.py for tasks to queue
[2024-05-10T07:26:00.996+0000] {logging_mixin.py:188} INFO - [2024-05-10T07:26:00.995+0000] {dagbag.py:540} INFO - Filling up the DagBag from /home/airflow/.local/lib/python3.12/site-packages/airflow/example_dags/example_branch_labels.py
[2024-05-10T07:26:01.002+0000] {processor.py:840} INFO - DAG(s) 'example_branch_labels' retrieved from /home/airflow/.local/lib/python3.12/site-packages/airflow/example_dags/example_branch_labels.py
[2024-05-10T07:26:01.018+0000] {logging_mixin.py:188} INFO - [2024-05-10T07:26:01.018+0000] {dag.py:3096} INFO - Sync 1 DAGs
[2024-05-10T07:26:01.039+0000] {logging_mixin.py:188} INFO - [2024-05-10T07:26:01.039+0000] {dag.py:3954} INFO - Setting next_dagrun for example_branch_labels to 2024-05-09 00:00:00+00:00, run_after=2024-05-10 00:00:00+00:00
[2024-05-10T07:26:01.063+0000] {processor.py:183} INFO - Processing /home/airflow/.local/lib/python3.12/site-packages/airflow/example_dags/example_branch_labels.py took 0.074 seconds
[2024-05-10T07:26:31.498+0000] {processor.py:161} INFO - Started process (PID=528) to work on /home/airflow/.local/lib/python3.12/site-packages/airflow/example_dags/example_branch_labels.py
[2024-05-10T07:26:31.499+0000] {processor.py:830} INFO - Processing file /home/airflow/.local/lib/python3.12/site-packages/airflow/example_dags/example_branch_labels.py for tasks to queue
[2024-05-10T07:26:31.500+0000] {logging_mixin.py:188} INFO - [2024-05-10T07:26:31.500+0000] {dagbag.py:540} INFO - Filling up the DagBag from /home/airflow/.local/lib/python3.12/site-packages/airflow/example_dags/example_branch_labels.py
[2024-05-10T07:26:31.506+0000] {processor.py:840} INFO - DAG(s) 'example_branch_labels' retrieved from /home/airflow/.local/lib/python3.12/site-packages/airflow/example_dags/example_branch_labels.py
[2024-05-10T07:26:31.522+0000] {logging_mixin.py:188} INFO - [2024-05-10T07:26:31.522+0000] {dag.py:3096} INFO - Sync 1 DAGs
[2024-05-10T07:26:31.540+0000] {logging_mixin.py:188} INFO - [2024-05-10T07:26:31.540+0000] {dag.py:3954} INFO - Setting next_dagrun for example_branch_labels to 2024-05-09 00:00:00+00:00, run_after=2024-05-10 00:00:00+00:00
[2024-05-10T07:26:31.597+0000] {processor.py:183} INFO - Processing /home/airflow/.local/lib/python3.12/site-packages/airflow/example_dags/example_branch_labels.py took 0.104 seconds
[2024-05-10T07:27:02.006+0000] {processor.py:161} INFO - Started process (PID=586) to work on /home/airflow/.local/lib/python3.12/site-packages/airflow/example_dags/example_branch_labels.py
[2024-05-10T07:27:02.006+0000] {processor.py:830} INFO - Processing file /home/airflow/.local/lib/python3.12/site-packages/airflow/example_dags/example_branch_labels.py for tasks to queue
[2024-05-10T07:27:02.008+0000] {logging_mixin.py:188} INFO - [2024-05-10T07:27:02.008+0000] {dagbag.py:540} INFO - Filling up the DagBag from /home/airflow/.local/lib/python3.12/site-packages/airflow/example_dags/example_branch_labels.py
[2024-05-10T07:27:02.014+0000] {processor.py:840} INFO - DAG(s) 'example_branch_labels' retrieved from /home/airflow/.local/lib/python3.12/site-packages/airflow/example_dags/example_branch_labels.py
[2024-05-10T07:27:02.031+0000] {logging_mixin.py:188} INFO - [2024-05-10T07:27:02.030+0000] {dag.py:3096} INFO - Sync 1 DAGs
[2024-05-10T07:27:02.050+0000] {logging_mixin.py:188} INFO - [2024-05-10T07:27:02.050+0000] {dag.py:3954} INFO - Setting next_dagrun for example_branch_labels to 2024-05-09 00:00:00+00:00, run_after=2024-05-10 00:00:00+00:00
[2024-05-10T07:27:02.075+0000] {processor.py:183} INFO - Processing /home/airflow/.local/lib/python3.12/site-packages/airflow/example_dags/example_branch_labels.py took 0.074 seconds
[2024-05-10T07:27:32.585+0000] {processor.py:161} INFO - Started process (PID=644) to work on /home/airflow/.local/lib/python3.12/site-packages/airflow/example_dags/example_branch_labels.py
[2024-05-10T07:27:32.586+0000] {processor.py:830} INFO - Processing file /home/airflow/.local/lib/python3.12/site-packages/airflow/example_dags/example_branch_labels.py for tasks to queue
[2024-05-10T07:27:32.587+0000] {logging_mixin.py:188} INFO - [2024-05-10T07:27:32.587+0000] {dagbag.py:540} INFO - Filling up the DagBag from /home/airflow/.local/lib/python3.12/site-packages/airflow/example_dags/example_branch_labels.py
[2024-05-10T07:27:32.593+0000] {processor.py:840} INFO - DAG(s) 'example_branch_labels' retrieved from /home/airflow/.local/lib/python3.12/site-packages/airflow/example_dags/example_branch_labels.py
[2024-05-10T07:27:32.610+0000] {logging_mixin.py:188} INFO - [2024-05-10T07:27:32.610+0000] {dag.py:3096} INFO - Sync 1 DAGs
[2024-05-10T07:27:32.630+0000] {logging_mixin.py:188} INFO - [2024-05-10T07:27:32.629+0000] {dag.py:3954} INFO - Setting next_dagrun for example_branch_labels to 2024-05-09 00:00:00+00:00, run_after=2024-05-10 00:00:00+00:00
[2024-05-10T07:27:32.652+0000] {processor.py:183} INFO - Processing /home/airflow/.local/lib/python3.12/site-packages/airflow/example_dags/example_branch_labels.py took 0.072 seconds
[2024-05-10T07:28:02.835+0000] {processor.py:161} INFO - Started process (PID=702) to work on /home/airflow/.local/lib/python3.12/site-packages/airflow/example_dags/example_branch_labels.py
[2024-05-10T07:28:02.835+0000] {processor.py:830} INFO - Processing file /home/airflow/.local/lib/python3.12/site-packages/airflow/example_dags/example_branch_labels.py for tasks to queue
[2024-05-10T07:28:02.837+0000] {logging_mixin.py:188} INFO - [2024-05-10T07:28:02.837+0000] {dagbag.py:540} INFO - Filling up the DagBag from /home/airflow/.local/lib/python3.12/site-packages/airflow/example_dags/example_branch_labels.py
[2024-05-10T07:28:02.845+0000] {processor.py:840} INFO - DAG(s) 'example_branch_labels' retrieved from /home/airflow/.local/lib/python3.12/site-packages/airflow/example_dags/example_branch_labels.py
[2024-05-10T07:28:02.865+0000] {logging_mixin.py:188} INFO - [2024-05-10T07:28:02.865+0000] {dag.py:3096} INFO - Sync 1 DAGs
[2024-05-10T07:28:02.885+0000] {logging_mixin.py:188} INFO - [2024-05-10T07:28:02.885+0000] {dag.py:3954} INFO - Setting next_dagrun for example_branch_labels to 2024-05-09 00:00:00+00:00, run_after=2024-05-10 00:00:00+00:00
[2024-05-10T07:28:02.909+0000] {processor.py:183} INFO - Processing /home/airflow/.local/lib/python3.12/site-packages/airflow/example_dags/example_branch_labels.py took 0.079 seconds
[2024-05-10T07:28:33.734+0000] {processor.py:161} INFO - Started process (PID=760) to work on /home/airflow/.local/lib/python3.12/site-packages/airflow/example_dags/example_branch_labels.py
[2024-05-10T07:28:33.735+0000] {processor.py:830} INFO - Processing file /home/airflow/.local/lib/python3.12/site-packages/airflow/example_dags/example_branch_labels.py for tasks to queue
[2024-05-10T07:28:33.736+0000] {logging_mixin.py:188} INFO - [2024-05-10T07:28:33.736+0000] {dagbag.py:540} INFO - Filling up the DagBag from /home/airflow/.local/lib/python3.12/site-packages/airflow/example_dags/example_branch_labels.py
[2024-05-10T07:28:33.743+0000] {processor.py:840} INFO - DAG(s) 'example_branch_labels' retrieved from /home/airflow/.local/lib/python3.12/site-packages/airflow/example_dags/example_branch_labels.py
[2024-05-10T07:28:33.760+0000] {logging_mixin.py:188} INFO - [2024-05-10T07:28:33.760+0000] {dag.py:3096} INFO - Sync 1 DAGs
[2024-05-10T07:28:33.779+0000] {logging_mixin.py:188} INFO - [2024-05-10T07:28:33.779+0000] {dag.py:3954} INFO - Setting next_dagrun for example_branch_labels to 2024-05-09 00:00:00+00:00, run_after=2024-05-10 00:00:00+00:00
[2024-05-10T07:28:33.810+0000] {processor.py:183} INFO - Processing /home/airflow/.local/lib/python3.12/site-packages/airflow/example_dags/example_branch_labels.py took 0.081 seconds
[2024-05-10T07:29:04.026+0000] {processor.py:161} INFO - Started process (PID=818) to work on /home/airflow/.local/lib/python3.12/site-packages/airflow/example_dags/example_branch_labels.py
[2024-05-10T07:29:04.027+0000] {processor.py:830} INFO - Processing file /home/airflow/.local/lib/python3.12/site-packages/airflow/example_dags/example_branch_labels.py for tasks to queue
[2024-05-10T07:29:04.028+0000] {logging_mixin.py:188} INFO - [2024-05-10T07:29:04.028+0000] {dagbag.py:540} INFO - Filling up the DagBag from /home/airflow/.local/lib/python3.12/site-packages/airflow/example_dags/example_branch_labels.py
[2024-05-10T07:29:04.034+0000] {processor.py:840} INFO - DAG(s) 'example_branch_labels' retrieved from /home/airflow/.local/lib/python3.12/site-packages/airflow/example_dags/example_branch_labels.py
[2024-05-10T07:29:04.051+0000] {logging_mixin.py:188} INFO - [2024-05-10T07:29:04.050+0000] {dag.py:3096} INFO - Sync 1 DAGs
[2024-05-10T07:29:04.069+0000] {logging_mixin.py:188} INFO - [2024-05-10T07:29:04.069+0000] {dag.py:3954} INFO - Setting next_dagrun for example_branch_labels to 2024-05-09 00:00:00+00:00, run_after=2024-05-10 00:00:00+00:00
[2024-05-10T07:29:04.085+0000] {processor.py:183} INFO - Processing /home/airflow/.local/lib/python3.12/site-packages/airflow/example_dags/example_branch_labels.py took 0.063 seconds
[2024-05-10T07:29:34.354+0000] {processor.py:161} INFO - Started process (PID=876) to work on /home/airflow/.local/lib/python3.12/site-packages/airflow/example_dags/example_branch_labels.py
[2024-05-10T07:29:34.354+0000] {processor.py:830} INFO - Processing file /home/airflow/.local/lib/python3.12/site-packages/airflow/example_dags/example_branch_labels.py for tasks to queue
[2024-05-10T07:29:34.356+0000] {logging_mixin.py:188} INFO - [2024-05-10T07:29:34.355+0000] {dagbag.py:540} INFO - Filling up the DagBag from /home/airflow/.local/lib/python3.12/site-packages/airflow/example_dags/example_branch_labels.py
[2024-05-10T07:29:34.362+0000] {processor.py:840} INFO - DAG(s) 'example_branch_labels' retrieved from /home/airflow/.local/lib/python3.12/site-packages/airflow/example_dags/example_branch_labels.py
[2024-05-10T07:29:34.378+0000] {logging_mixin.py:188} INFO - [2024-05-10T07:29:34.378+0000] {dag.py:3096} INFO - Sync 1 DAGs
[2024-05-10T07:29:34.398+0000] {logging_mixin.py:188} INFO - [2024-05-10T07:29:34.397+0000] {dag.py:3954} INFO - Setting next_dagrun for example_branch_labels to 2024-05-09 00:00:00+00:00, run_after=2024-05-10 00:00:00+00:00
[2024-05-10T07:29:34.420+0000] {processor.py:183} INFO - Processing /home/airflow/.local/lib/python3.12/site-packages/airflow/example_dags/example_branch_labels.py took 0.071 seconds
[2024-05-10T07:30:05.027+0000] {processor.py:161} INFO - Started process (PID=934) to work on /home/airflow/.local/lib/python3.12/site-packages/airflow/example_dags/example_branch_labels.py
[2024-05-10T07:30:05.028+0000] {processor.py:830} INFO - Processing file /home/airflow/.local/lib/python3.12/site-packages/airflow/example_dags/example_branch_labels.py for tasks to queue
[2024-05-10T07:30:05.029+0000] {logging_mixin.py:188} INFO - [2024-05-10T07:30:05.029+0000] {dagbag.py:540} INFO - Filling up the DagBag from /home/airflow/.local/lib/python3.12/site-packages/airflow/example_dags/example_branch_labels.py
[2024-05-10T07:30:05.035+0000] {processor.py:840} INFO - DAG(s) 'example_branch_labels' retrieved from /home/airflow/.local/lib/python3.12/site-packages/airflow/example_dags/example_branch_labels.py
[2024-05-10T07:30:05.052+0000] {logging_mixin.py:188} INFO - [2024-05-10T07:30:05.052+0000] {dag.py:3096} INFO - Sync 1 DAGs
[2024-05-10T07:30:05.070+0000] {logging_mixin.py:188} INFO - [2024-05-10T07:30:05.070+0000] {dag.py:3954} INFO - Setting next_dagrun for example_branch_labels to 2024-05-09 00:00:00+00:00, run_after=2024-05-10 00:00:00+00:00
[2024-05-10T07:30:05.089+0000] {processor.py:183} INFO - Processing /home/airflow/.local/lib/python3.12/site-packages/airflow/example_dags/example_branch_labels.py took 0.067 seconds
[2024-05-10T07:30:36.095+0000] {processor.py:161} INFO - Started process (PID=993) to work on /home/airflow/.local/lib/python3.12/site-packages/airflow/example_dags/example_branch_labels.py
[2024-05-10T07:30:36.095+0000] {processor.py:830} INFO - Processing file /home/airflow/.local/lib/python3.12/site-packages/airflow/example_dags/example_branch_labels.py for tasks to queue
[2024-05-10T07:30:36.097+0000] {logging_mixin.py:188} INFO - [2024-05-10T07:30:36.096+0000] {dagbag.py:540} INFO - Filling up the DagBag from /home/airflow/.local/lib/python3.12/site-packages/airflow/example_dags/example_branch_labels.py
[2024-05-10T07:30:36.102+0000] {processor.py:840} INFO - DAG(s) 'example_branch_labels' retrieved from /home/airflow/.local/lib/python3.12/site-packages/airflow/example_dags/example_branch_labels.py
[2024-05-10T07:30:36.119+0000] {logging_mixin.py:188} INFO - [2024-05-10T07:30:36.118+0000] {dag.py:3096} INFO - Sync 1 DAGs
[2024-05-10T07:30:36.238+0000] {logging_mixin.py:188} INFO - [2024-05-10T07:30:36.238+0000] {dag.py:3954} INFO - Setting next_dagrun for example_branch_labels to 2024-05-09 00:00:00+00:00, run_after=2024-05-10 00:00:00+00:00
[2024-05-10T07:30:36.261+0000] {processor.py:183} INFO - Processing /home/airflow/.local/lib/python3.12/site-packages/airflow/example_dags/example_branch_labels.py took 0.171 seconds
[2024-05-10T07:31:07.038+0000] {processor.py:161} INFO - Started process (PID=1051) to work on /home/airflow/.local/lib/python3.12/site-packages/airflow/example_dags/example_branch_labels.py
[2024-05-10T07:31:07.039+0000] {processor.py:830} INFO - Processing file /home/airflow/.local/lib/python3.12/site-packages/airflow/example_dags/example_branch_labels.py for tasks to queue
[2024-05-10T07:31:07.041+0000] {logging_mixin.py:188} INFO - [2024-05-10T07:31:07.040+0000] {dagbag.py:540} INFO - Filling up the DagBag from /home/airflow/.local/lib/python3.12/site-packages/airflow/example_dags/example_branch_labels.py
[2024-05-10T07:31:07.046+0000] {processor.py:840} INFO - DAG(s) 'example_branch_labels' retrieved from /home/airflow/.local/lib/python3.12/site-packages/airflow/example_dags/example_branch_labels.py
[2024-05-10T07:31:07.062+0000] {logging_mixin.py:188} INFO - [2024-05-10T07:31:07.062+0000] {dag.py:3096} INFO - Sync 1 DAGs
[2024-05-10T07:31:07.183+0000] {logging_mixin.py:188} INFO - [2024-05-10T07:31:07.182+0000] {dag.py:3954} INFO - Setting next_dagrun for example_branch_labels to 2024-05-09 00:00:00+00:00, run_after=2024-05-10 00:00:00+00:00
[2024-05-10T07:31:07.206+0000] {processor.py:183} INFO - Processing /home/airflow/.local/lib/python3.12/site-packages/airflow/example_dags/example_branch_labels.py took 0.172 seconds
[2024-05-10T07:31:37.880+0000] {processor.py:161} INFO - Started process (PID=1109) to work on /home/airflow/.local/lib/python3.12/site-packages/airflow/example_dags/example_branch_labels.py
[2024-05-10T07:31:37.881+0000] {processor.py:830} INFO - Processing file /home/airflow/.local/lib/python3.12/site-packages/airflow/example_dags/example_branch_labels.py for tasks to queue
[2024-05-10T07:31:37.882+0000] {logging_mixin.py:188} INFO - [2024-05-10T07:31:37.882+0000] {dagbag.py:540} INFO - Filling up the DagBag from /home/airflow/.local/lib/python3.12/site-packages/airflow/example_dags/example_branch_labels.py
[2024-05-10T07:31:37.888+0000] {processor.py:840} INFO - DAG(s) 'example_branch_labels' retrieved from /home/airflow/.local/lib/python3.12/site-packages/airflow/example_dags/example_branch_labels.py
[2024-05-10T07:31:37.905+0000] {logging_mixin.py:188} INFO - [2024-05-10T07:31:37.905+0000] {dag.py:3096} INFO - Sync 1 DAGs
[2024-05-10T07:31:37.923+0000] {logging_mixin.py:188} INFO - [2024-05-10T07:31:37.923+0000] {dag.py:3954} INFO - Setting next_dagrun for example_branch_labels to 2024-05-09 00:00:00+00:00, run_after=2024-05-10 00:00:00+00:00
[2024-05-10T07:31:37.940+0000] {processor.py:183} INFO - Processing /home/airflow/.local/lib/python3.12/site-packages/airflow/example_dags/example_branch_labels.py took 0.064 seconds
[2024-05-10T07:32:08.792+0000] {processor.py:161} INFO - Started process (PID=1173) to work on /home/airflow/.local/lib/python3.12/site-packages/airflow/example_dags/example_branch_labels.py
[2024-05-10T07:32:08.793+0000] {processor.py:830} INFO - Processing file /home/airflow/.local/lib/python3.12/site-packages/airflow/example_dags/example_branch_labels.py for tasks to queue
[2024-05-10T07:32:08.794+0000] {logging_mixin.py:188} INFO - [2024-05-10T07:32:08.794+0000] {dagbag.py:540} INFO - Filling up the DagBag from /home/airflow/.local/lib/python3.12/site-packages/airflow/example_dags/example_branch_labels.py
[2024-05-10T07:32:08.800+0000] {processor.py:840} INFO - DAG(s) 'example_branch_labels' retrieved from /home/airflow/.local/lib/python3.12/site-packages/airflow/example_dags/example_branch_labels.py
[2024-05-10T07:32:08.816+0000] {logging_mixin.py:188} INFO - [2024-05-10T07:32:08.816+0000] {dag.py:3096} INFO - Sync 1 DAGs
[2024-05-10T07:32:08.834+0000] {logging_mixin.py:188} INFO - [2024-05-10T07:32:08.833+0000] {dag.py:3954} INFO - Setting next_dagrun for example_branch_labels to 2024-05-09 00:00:00+00:00, run_after=2024-05-10 00:00:00+00:00
[2024-05-10T07:32:08.851+0000] {processor.py:183} INFO - Processing /home/airflow/.local/lib/python3.12/site-packages/airflow/example_dags/example_branch_labels.py took 0.064 seconds
[2024-05-10T07:32:39.322+0000] {processor.py:161} INFO - Started process (PID=1231) to work on /home/airflow/.local/lib/python3.12/site-packages/airflow/example_dags/example_branch_labels.py
[2024-05-10T07:32:39.323+0000] {processor.py:830} INFO - Processing file /home/airflow/.local/lib/python3.12/site-packages/airflow/example_dags/example_branch_labels.py for tasks to queue
[2024-05-10T07:32:39.324+0000] {logging_mixin.py:188} INFO - [2024-05-10T07:32:39.324+0000] {dagbag.py:540} INFO - Filling up the DagBag from /home/airflow/.local/lib/python3.12/site-packages/airflow/example_dags/example_branch_labels.py
[2024-05-10T07:32:39.330+0000] {processor.py:840} INFO - DAG(s) 'example_branch_labels' retrieved from /home/airflow/.local/lib/python3.12/site-packages/airflow/example_dags/example_branch_labels.py
[2024-05-10T07:32:39.346+0000] {logging_mixin.py:188} INFO - [2024-05-10T07:32:39.346+0000] {dag.py:3096} INFO - Sync 1 DAGs
[2024-05-10T07:32:39.364+0000] {logging_mixin.py:188} INFO - [2024-05-10T07:32:39.363+0000] {dag.py:3954} INFO - Setting next_dagrun for example_branch_labels to 2024-05-09 00:00:00+00:00, run_after=2024-05-10 00:00:00+00:00
[2024-05-10T07:32:39.385+0000] {processor.py:183} INFO - Processing /home/airflow/.local/lib/python3.12/site-packages/airflow/example_dags/example_branch_labels.py took 0.069 seconds
[2024-05-10T07:33:10.150+0000] {processor.py:161} INFO - Started process (PID=1291) to work on /home/airflow/.local/lib/python3.12/site-packages/airflow/example_dags/example_branch_labels.py
[2024-05-10T07:33:10.150+0000] {processor.py:830} INFO - Processing file /home/airflow/.local/lib/python3.12/site-packages/airflow/example_dags/example_branch_labels.py for tasks to queue
[2024-05-10T07:33:10.152+0000] {logging_mixin.py:188} INFO - [2024-05-10T07:33:10.152+0000] {dagbag.py:540} INFO - Filling up the DagBag from /home/airflow/.local/lib/python3.12/site-packages/airflow/example_dags/example_branch_labels.py
[2024-05-10T07:33:10.158+0000] {processor.py:840} INFO - DAG(s) 'example_branch_labels' retrieved from /home/airflow/.local/lib/python3.12/site-packages/airflow/example_dags/example_branch_labels.py
[2024-05-10T07:33:10.175+0000] {logging_mixin.py:188} INFO - [2024-05-10T07:33:10.174+0000] {dag.py:3096} INFO - Sync 1 DAGs
[2024-05-10T07:33:10.196+0000] {logging_mixin.py:188} INFO - [2024-05-10T07:33:10.196+0000] {dag.py:3954} INFO - Setting next_dagrun for example_branch_labels to 2024-05-09 00:00:00+00:00, run_after=2024-05-10 00:00:00+00:00
[2024-05-10T07:33:10.218+0000] {processor.py:183} INFO - Processing /home/airflow/.local/lib/python3.12/site-packages/airflow/example_dags/example_branch_labels.py took 0.073 seconds
[2024-05-10T07:33:40.637+0000] {processor.py:161} INFO - Started process (PID=1350) to work on /home/airflow/.local/lib/python3.12/site-packages/airflow/example_dags/example_branch_labels.py
[2024-05-10T07:33:40.637+0000] {processor.py:830} INFO - Processing file /home/airflow/.local/lib/python3.12/site-packages/airflow/example_dags/example_branch_labels.py for tasks to queue
[2024-05-10T07:33:40.639+0000] {logging_mixin.py:188} INFO - [2024-05-10T07:33:40.638+0000] {dagbag.py:540} INFO - Filling up the DagBag from /home/airflow/.local/lib/python3.12/site-packages/airflow/example_dags/example_branch_labels.py
[2024-05-10T07:33:40.645+0000] {processor.py:840} INFO - DAG(s) 'example_branch_labels' retrieved from /home/airflow/.local/lib/python3.12/site-packages/airflow/example_dags/example_branch_labels.py
[2024-05-10T07:33:40.661+0000] {logging_mixin.py:188} INFO - [2024-05-10T07:33:40.661+0000] {dag.py:3096} INFO - Sync 1 DAGs
[2024-05-10T07:33:40.679+0000] {logging_mixin.py:188} INFO - [2024-05-10T07:33:40.679+0000] {dag.py:3954} INFO - Setting next_dagrun for example_branch_labels to 2024-05-09 00:00:00+00:00, run_after=2024-05-10 00:00:00+00:00
[2024-05-10T07:33:40.696+0000] {processor.py:183} INFO - Processing /home/airflow/.local/lib/python3.12/site-packages/airflow/example_dags/example_branch_labels.py took 0.063 seconds
[2024-05-10T07:34:11.400+0000] {processor.py:161} INFO - Started process (PID=1410) to work on /home/airflow/.local/lib/python3.12/site-packages/airflow/example_dags/example_branch_labels.py
[2024-05-10T07:34:11.401+0000] {processor.py:830} INFO - Processing file /home/airflow/.local/lib/python3.12/site-packages/airflow/example_dags/example_branch_labels.py for tasks to queue
[2024-05-10T07:34:11.403+0000] {logging_mixin.py:188} INFO - [2024-05-10T07:34:11.403+0000] {dagbag.py:540} INFO - Filling up the DagBag from /home/airflow/.local/lib/python3.12/site-packages/airflow/example_dags/example_branch_labels.py
[2024-05-10T07:34:11.412+0000] {processor.py:840} INFO - DAG(s) 'example_branch_labels' retrieved from /home/airflow/.local/lib/python3.12/site-packages/airflow/example_dags/example_branch_labels.py
[2024-05-10T07:34:11.432+0000] {logging_mixin.py:188} INFO - [2024-05-10T07:34:11.431+0000] {dag.py:3096} INFO - Sync 1 DAGs
[2024-05-10T07:34:11.451+0000] {logging_mixin.py:188} INFO - [2024-05-10T07:34:11.451+0000] {dag.py:3954} INFO - Setting next_dagrun for example_branch_labels to 2024-05-09 00:00:00+00:00, run_after=2024-05-10 00:00:00+00:00
[2024-05-10T07:34:11.476+0000] {processor.py:183} INFO - Processing /home/airflow/.local/lib/python3.12/site-packages/airflow/example_dags/example_branch_labels.py took 0.081 seconds
[2024-05-10T07:34:42.026+0000] {processor.py:161} INFO - Started process (PID=1469) to work on /home/airflow/.local/lib/python3.12/site-packages/airflow/example_dags/example_branch_labels.py
[2024-05-10T07:34:42.026+0000] {processor.py:830} INFO - Processing file /home/airflow/.local/lib/python3.12/site-packages/airflow/example_dags/example_branch_labels.py for tasks to queue
[2024-05-10T07:34:42.028+0000] {logging_mixin.py:188} INFO - [2024-05-10T07:34:42.027+0000] {dagbag.py:540} INFO - Filling up the DagBag from /home/airflow/.local/lib/python3.12/site-packages/airflow/example_dags/example_branch_labels.py
[2024-05-10T07:34:42.034+0000] {processor.py:840} INFO - DAG(s) 'example_branch_labels' retrieved from /home/airflow/.local/lib/python3.12/site-packages/airflow/example_dags/example_branch_labels.py
[2024-05-10T07:34:42.050+0000] {logging_mixin.py:188} INFO - [2024-05-10T07:34:42.050+0000] {dag.py:3096} INFO - Sync 1 DAGs
[2024-05-10T07:34:42.068+0000] {logging_mixin.py:188} INFO - [2024-05-10T07:34:42.068+0000] {dag.py:3954} INFO - Setting next_dagrun for example_branch_labels to 2024-05-09 00:00:00+00:00, run_after=2024-05-10 00:00:00+00:00
[2024-05-10T07:34:42.085+0000] {processor.py:183} INFO - Processing /home/airflow/.local/lib/python3.12/site-packages/airflow/example_dags/example_branch_labels.py took 0.064 seconds
[2024-05-10T07:35:12.737+0000] {processor.py:161} INFO - Started process (PID=1528) to work on /home/airflow/.local/lib/python3.12/site-packages/airflow/example_dags/example_branch_labels.py
[2024-05-10T07:35:12.738+0000] {processor.py:830} INFO - Processing file /home/airflow/.local/lib/python3.12/site-packages/airflow/example_dags/example_branch_labels.py for tasks to queue
[2024-05-10T07:35:12.740+0000] {logging_mixin.py:188} INFO - [2024-05-10T07:35:12.739+0000] {dagbag.py:540} INFO - Filling up the DagBag from /home/airflow/.local/lib/python3.12/site-packages/airflow/example_dags/example_branch_labels.py
[2024-05-10T07:35:12.745+0000] {processor.py:840} INFO - DAG(s) 'example_branch_labels' retrieved from /home/airflow/.local/lib/python3.12/site-packages/airflow/example_dags/example_branch_labels.py
[2024-05-10T07:35:12.762+0000] {logging_mixin.py:188} INFO - [2024-05-10T07:35:12.762+0000] {dag.py:3096} INFO - Sync 1 DAGs
[2024-05-10T07:35:12.781+0000] {logging_mixin.py:188} INFO - [2024-05-10T07:35:12.781+0000] {dag.py:3954} INFO - Setting next_dagrun for example_branch_labels to 2024-05-09 00:00:00+00:00, run_after=2024-05-10 00:00:00+00:00
[2024-05-10T07:35:12.809+0000] {processor.py:183} INFO - Processing /home/airflow/.local/lib/python3.12/site-packages/airflow/example_dags/example_branch_labels.py took 0.076 seconds
[2024-05-10T07:35:43.671+0000] {processor.py:161} INFO - Started process (PID=1587) to work on /home/airflow/.local/lib/python3.12/site-packages/airflow/example_dags/example_branch_labels.py
[2024-05-10T07:35:43.672+0000] {processor.py:830} INFO - Processing file /home/airflow/.local/lib/python3.12/site-packages/airflow/example_dags/example_branch_labels.py for tasks to queue
[2024-05-10T07:35:43.674+0000] {logging_mixin.py:188} INFO - [2024-05-10T07:35:43.673+0000] {dagbag.py:540} INFO - Filling up the DagBag from /home/airflow/.local/lib/python3.12/site-packages/airflow/example_dags/example_branch_labels.py
[2024-05-10T07:35:43.680+0000] {processor.py:840} INFO - DAG(s) 'example_branch_labels' retrieved from /home/airflow/.local/lib/python3.12/site-packages/airflow/example_dags/example_branch_labels.py
[2024-05-10T07:35:43.698+0000] {logging_mixin.py:188} INFO - [2024-05-10T07:35:43.698+0000] {dag.py:3096} INFO - Sync 1 DAGs
[2024-05-10T07:35:43.717+0000] {logging_mixin.py:188} INFO - [2024-05-10T07:35:43.717+0000] {dag.py:3954} INFO - Setting next_dagrun for example_branch_labels to 2024-05-09 00:00:00+00:00, run_after=2024-05-10 00:00:00+00:00
[2024-05-10T07:35:43.740+0000] {processor.py:183} INFO - Processing /home/airflow/.local/lib/python3.12/site-packages/airflow/example_dags/example_branch_labels.py took 0.074 seconds
[2024-05-10T07:36:14.015+0000] {processor.py:161} INFO - Started process (PID=1646) to work on /home/airflow/.local/lib/python3.12/site-packages/airflow/example_dags/example_branch_labels.py
[2024-05-10T07:36:14.016+0000] {processor.py:830} INFO - Processing file /home/airflow/.local/lib/python3.12/site-packages/airflow/example_dags/example_branch_labels.py for tasks to queue
[2024-05-10T07:36:14.017+0000] {logging_mixin.py:188} INFO - [2024-05-10T07:36:14.017+0000] {dagbag.py:540} INFO - Filling up the DagBag from /home/airflow/.local/lib/python3.12/site-packages/airflow/example_dags/example_branch_labels.py
[2024-05-10T07:36:14.023+0000] {processor.py:840} INFO - DAG(s) 'example_branch_labels' retrieved from /home/airflow/.local/lib/python3.12/site-packages/airflow/example_dags/example_branch_labels.py
[2024-05-10T07:36:14.040+0000] {logging_mixin.py:188} INFO - [2024-05-10T07:36:14.040+0000] {dag.py:3096} INFO - Sync 1 DAGs
[2024-05-10T07:36:14.062+0000] {logging_mixin.py:188} INFO - [2024-05-10T07:36:14.062+0000] {dag.py:3954} INFO - Setting next_dagrun for example_branch_labels to 2024-05-09 00:00:00+00:00, run_after=2024-05-10 00:00:00+00:00
[2024-05-10T07:36:14.087+0000] {processor.py:183} INFO - Processing /home/airflow/.local/lib/python3.12/site-packages/airflow/example_dags/example_branch_labels.py took 0.077 seconds
[2024-05-10T07:36:44.209+0000] {processor.py:161} INFO - Started process (PID=1704) to work on /home/airflow/.local/lib/python3.12/site-packages/airflow/example_dags/example_branch_labels.py
[2024-05-10T07:36:44.210+0000] {processor.py:830} INFO - Processing file /home/airflow/.local/lib/python3.12/site-packages/airflow/example_dags/example_branch_labels.py for tasks to queue
[2024-05-10T07:36:44.211+0000] {logging_mixin.py:188} INFO - [2024-05-10T07:36:44.211+0000] {dagbag.py:540} INFO - Filling up the DagBag from /home/airflow/.local/lib/python3.12/site-packages/airflow/example_dags/example_branch_labels.py
[2024-05-10T07:36:44.217+0000] {processor.py:840} INFO - DAG(s) 'example_branch_labels' retrieved from /home/airflow/.local/lib/python3.12/site-packages/airflow/example_dags/example_branch_labels.py
[2024-05-10T07:36:44.235+0000] {logging_mixin.py:188} INFO - [2024-05-10T07:36:44.235+0000] {dag.py:3096} INFO - Sync 1 DAGs
[2024-05-10T07:36:44.254+0000] {logging_mixin.py:188} INFO - [2024-05-10T07:36:44.254+0000] {dag.py:3954} INFO - Setting next_dagrun for example_branch_labels to 2024-05-09 00:00:00+00:00, run_after=2024-05-10 00:00:00+00:00
[2024-05-10T07:36:44.274+0000] {processor.py:183} INFO - Processing /home/airflow/.local/lib/python3.12/site-packages/airflow/example_dags/example_branch_labels.py took 0.071 seconds
[2024-05-10T07:37:15.220+0000] {processor.py:161} INFO - Started process (PID=1763) to work on /home/airflow/.local/lib/python3.12/site-packages/airflow/example_dags/example_branch_labels.py
[2024-05-10T07:37:15.220+0000] {processor.py:830} INFO - Processing file /home/airflow/.local/lib/python3.12/site-packages/airflow/example_dags/example_branch_labels.py for tasks to queue
[2024-05-10T07:37:15.222+0000] {logging_mixin.py:188} INFO - [2024-05-10T07:37:15.221+0000] {dagbag.py:540} INFO - Filling up the DagBag from /home/airflow/.local/lib/python3.12/site-packages/airflow/example_dags/example_branch_labels.py
[2024-05-10T07:37:15.228+0000] {processor.py:840} INFO - DAG(s) 'example_branch_labels' retrieved from /home/airflow/.local/lib/python3.12/site-packages/airflow/example_dags/example_branch_labels.py
[2024-05-10T07:37:15.245+0000] {logging_mixin.py:188} INFO - [2024-05-10T07:37:15.245+0000] {dag.py:3096} INFO - Sync 1 DAGs
[2024-05-10T07:37:15.265+0000] {logging_mixin.py:188} INFO - [2024-05-10T07:37:15.265+0000] {dag.py:3954} INFO - Setting next_dagrun for example_branch_labels to 2024-05-09 00:00:00+00:00, run_after=2024-05-10 00:00:00+00:00
[2024-05-10T07:37:15.293+0000] {processor.py:183} INFO - Processing /home/airflow/.local/lib/python3.12/site-packages/airflow/example_dags/example_branch_labels.py took 0.078 seconds
[2024-05-10T07:37:45.430+0000] {processor.py:161} INFO - Started process (PID=1822) to work on /home/airflow/.local/lib/python3.12/site-packages/airflow/example_dags/example_branch_labels.py
[2024-05-10T07:37:45.431+0000] {processor.py:830} INFO - Processing file /home/airflow/.local/lib/python3.12/site-packages/airflow/example_dags/example_branch_labels.py for tasks to queue
[2024-05-10T07:37:45.432+0000] {logging_mixin.py:188} INFO - [2024-05-10T07:37:45.432+0000] {dagbag.py:540} INFO - Filling up the DagBag from /home/airflow/.local/lib/python3.12/site-packages/airflow/example_dags/example_branch_labels.py
[2024-05-10T07:37:45.438+0000] {processor.py:840} INFO - DAG(s) 'example_branch_labels' retrieved from /home/airflow/.local/lib/python3.12/site-packages/airflow/example_dags/example_branch_labels.py
[2024-05-10T07:37:45.455+0000] {logging_mixin.py:188} INFO - [2024-05-10T07:37:45.454+0000] {dag.py:3096} INFO - Sync 1 DAGs
[2024-05-10T07:37:45.474+0000] {logging_mixin.py:188} INFO - [2024-05-10T07:37:45.474+0000] {dag.py:3954} INFO - Setting next_dagrun for example_branch_labels to 2024-05-09 00:00:00+00:00, run_after=2024-05-10 00:00:00+00:00
[2024-05-10T07:37:45.498+0000] {processor.py:183} INFO - Processing /home/airflow/.local/lib/python3.12/site-packages/airflow/example_dags/example_branch_labels.py took 0.074 seconds
[2024-05-10T07:38:16.116+0000] {processor.py:161} INFO - Started process (PID=1881) to work on /home/airflow/.local/lib/python3.12/site-packages/airflow/example_dags/example_branch_labels.py
[2024-05-10T07:38:16.117+0000] {processor.py:830} INFO - Processing file /home/airflow/.local/lib/python3.12/site-packages/airflow/example_dags/example_branch_labels.py for tasks to queue
[2024-05-10T07:38:16.119+0000] {logging_mixin.py:188} INFO - [2024-05-10T07:38:16.119+0000] {dagbag.py:540} INFO - Filling up the DagBag from /home/airflow/.local/lib/python3.12/site-packages/airflow/example_dags/example_branch_labels.py
[2024-05-10T07:38:16.125+0000] {processor.py:840} INFO - DAG(s) 'example_branch_labels' retrieved from /home/airflow/.local/lib/python3.12/site-packages/airflow/example_dags/example_branch_labels.py
[2024-05-10T07:38:16.143+0000] {logging_mixin.py:188} INFO - [2024-05-10T07:38:16.143+0000] {dag.py:3096} INFO - Sync 1 DAGs
[2024-05-10T07:38:16.162+0000] {logging_mixin.py:188} INFO - [2024-05-10T07:38:16.162+0000] {dag.py:3954} INFO - Setting next_dagrun for example_branch_labels to 2024-05-09 00:00:00+00:00, run_after=2024-05-10 00:00:00+00:00
[2024-05-10T07:38:16.186+0000] {processor.py:183} INFO - Processing /home/airflow/.local/lib/python3.12/site-packages/airflow/example_dags/example_branch_labels.py took 0.075 seconds
[2024-05-10T07:38:46.839+0000] {processor.py:161} INFO - Started process (PID=1939) to work on /home/airflow/.local/lib/python3.12/site-packages/airflow/example_dags/example_branch_labels.py
[2024-05-10T07:38:46.839+0000] {processor.py:830} INFO - Processing file /home/airflow/.local/lib/python3.12/site-packages/airflow/example_dags/example_branch_labels.py for tasks to queue
[2024-05-10T07:38:46.841+0000] {logging_mixin.py:188} INFO - [2024-05-10T07:38:46.840+0000] {dagbag.py:540} INFO - Filling up the DagBag from /home/airflow/.local/lib/python3.12/site-packages/airflow/example_dags/example_branch_labels.py
[2024-05-10T07:38:46.846+0000] {processor.py:840} INFO - DAG(s) 'example_branch_labels' retrieved from /home/airflow/.local/lib/python3.12/site-packages/airflow/example_dags/example_branch_labels.py
[2024-05-10T07:38:46.864+0000] {logging_mixin.py:188} INFO - [2024-05-10T07:38:46.863+0000] {dag.py:3096} INFO - Sync 1 DAGs
[2024-05-10T07:38:46.882+0000] {logging_mixin.py:188} INFO - [2024-05-10T07:38:46.882+0000] {dag.py:3954} INFO - Setting next_dagrun for example_branch_labels to 2024-05-09 00:00:00+00:00, run_after=2024-05-10 00:00:00+00:00
[2024-05-10T07:38:46.908+0000] {processor.py:183} INFO - Processing /home/airflow/.local/lib/python3.12/site-packages/airflow/example_dags/example_branch_labels.py took 0.075 seconds
[2024-05-10T07:39:17.665+0000] {processor.py:161} INFO - Started process (PID=1998) to work on /home/airflow/.local/lib/python3.12/site-packages/airflow/example_dags/example_branch_labels.py
[2024-05-10T07:39:17.666+0000] {processor.py:830} INFO - Processing file /home/airflow/.local/lib/python3.12/site-packages/airflow/example_dags/example_branch_labels.py for tasks to queue
[2024-05-10T07:39:17.667+0000] {logging_mixin.py:188} INFO - [2024-05-10T07:39:17.667+0000] {dagbag.py:540} INFO - Filling up the DagBag from /home/airflow/.local/lib/python3.12/site-packages/airflow/example_dags/example_branch_labels.py
[2024-05-10T07:39:17.674+0000] {processor.py:840} INFO - DAG(s) 'example_branch_labels' retrieved from /home/airflow/.local/lib/python3.12/site-packages/airflow/example_dags/example_branch_labels.py
[2024-05-10T07:39:17.691+0000] {logging_mixin.py:188} INFO - [2024-05-10T07:39:17.691+0000] {dag.py:3096} INFO - Sync 1 DAGs
[2024-05-10T07:39:17.711+0000] {logging_mixin.py:188} INFO - [2024-05-10T07:39:17.710+0000] {dag.py:3954} INFO - Setting next_dagrun for example_branch_labels to 2024-05-09 00:00:00+00:00, run_after=2024-05-10 00:00:00+00:00
[2024-05-10T07:39:17.775+0000] {processor.py:183} INFO - Processing /home/airflow/.local/lib/python3.12/site-packages/airflow/example_dags/example_branch_labels.py took 0.115 seconds
[2024-05-10T07:39:47.978+0000] {processor.py:161} INFO - Started process (PID=2056) to work on /home/airflow/.local/lib/python3.12/site-packages/airflow/example_dags/example_branch_labels.py
[2024-05-10T07:39:47.979+0000] {processor.py:830} INFO - Processing file /home/airflow/.local/lib/python3.12/site-packages/airflow/example_dags/example_branch_labels.py for tasks to queue
[2024-05-10T07:39:47.980+0000] {logging_mixin.py:188} INFO - [2024-05-10T07:39:47.980+0000] {dagbag.py:540} INFO - Filling up the DagBag from /home/airflow/.local/lib/python3.12/site-packages/airflow/example_dags/example_branch_labels.py
[2024-05-10T07:39:47.987+0000] {processor.py:840} INFO - DAG(s) 'example_branch_labels' retrieved from /home/airflow/.local/lib/python3.12/site-packages/airflow/example_dags/example_branch_labels.py
[2024-05-10T07:39:48.004+0000] {logging_mixin.py:188} INFO - [2024-05-10T07:39:48.004+0000] {dag.py:3096} INFO - Sync 1 DAGs
[2024-05-10T07:39:48.024+0000] {logging_mixin.py:188} INFO - [2024-05-10T07:39:48.023+0000] {dag.py:3954} INFO - Setting next_dagrun for example_branch_labels to 2024-05-09 00:00:00+00:00, run_after=2024-05-10 00:00:00+00:00
[2024-05-10T07:39:48.054+0000] {processor.py:183} INFO - Processing /home/airflow/.local/lib/python3.12/site-packages/airflow/example_dags/example_branch_labels.py took 0.082 seconds
[2024-05-10T07:40:18.950+0000] {processor.py:161} INFO - Started process (PID=2115) to work on /home/airflow/.local/lib/python3.12/site-packages/airflow/example_dags/example_branch_labels.py
[2024-05-10T07:40:18.951+0000] {processor.py:830} INFO - Processing file /home/airflow/.local/lib/python3.12/site-packages/airflow/example_dags/example_branch_labels.py for tasks to queue
[2024-05-10T07:40:18.952+0000] {logging_mixin.py:188} INFO - [2024-05-10T07:40:18.952+0000] {dagbag.py:540} INFO - Filling up the DagBag from /home/airflow/.local/lib/python3.12/site-packages/airflow/example_dags/example_branch_labels.py
[2024-05-10T07:40:18.958+0000] {processor.py:840} INFO - DAG(s) 'example_branch_labels' retrieved from /home/airflow/.local/lib/python3.12/site-packages/airflow/example_dags/example_branch_labels.py
[2024-05-10T07:40:18.976+0000] {logging_mixin.py:188} INFO - [2024-05-10T07:40:18.975+0000] {dag.py:3096} INFO - Sync 1 DAGs
[2024-05-10T07:40:18.994+0000] {logging_mixin.py:188} INFO - [2024-05-10T07:40:18.994+0000] {dag.py:3954} INFO - Setting next_dagrun for example_branch_labels to 2024-05-09 00:00:00+00:00, run_after=2024-05-10 00:00:00+00:00
[2024-05-10T07:40:19.018+0000] {processor.py:183} INFO - Processing /home/airflow/.local/lib/python3.12/site-packages/airflow/example_dags/example_branch_labels.py took 0.073 seconds
[2024-05-10T07:40:49.537+0000] {processor.py:161} INFO - Started process (PID=2174) to work on /home/airflow/.local/lib/python3.12/site-packages/airflow/example_dags/example_branch_labels.py
[2024-05-10T07:40:49.538+0000] {processor.py:830} INFO - Processing file /home/airflow/.local/lib/python3.12/site-packages/airflow/example_dags/example_branch_labels.py for tasks to queue
[2024-05-10T07:40:49.539+0000] {logging_mixin.py:188} INFO - [2024-05-10T07:40:49.539+0000] {dagbag.py:540} INFO - Filling up the DagBag from /home/airflow/.local/lib/python3.12/site-packages/airflow/example_dags/example_branch_labels.py
[2024-05-10T07:40:49.545+0000] {processor.py:840} INFO - DAG(s) 'example_branch_labels' retrieved from /home/airflow/.local/lib/python3.12/site-packages/airflow/example_dags/example_branch_labels.py
[2024-05-10T07:40:49.562+0000] {logging_mixin.py:188} INFO - [2024-05-10T07:40:49.562+0000] {dag.py:3096} INFO - Sync 1 DAGs
[2024-05-10T07:40:49.582+0000] {logging_mixin.py:188} INFO - [2024-05-10T07:40:49.581+0000] {dag.py:3954} INFO - Setting next_dagrun for example_branch_labels to 2024-05-09 00:00:00+00:00, run_after=2024-05-10 00:00:00+00:00
[2024-05-10T07:40:49.607+0000] {processor.py:183} INFO - Processing /home/airflow/.local/lib/python3.12/site-packages/airflow/example_dags/example_branch_labels.py took 0.075 seconds
[2024-05-10T07:41:20.258+0000] {processor.py:161} INFO - Started process (PID=2233) to work on /home/airflow/.local/lib/python3.12/site-packages/airflow/example_dags/example_branch_labels.py
[2024-05-10T07:41:20.259+0000] {processor.py:830} INFO - Processing file /home/airflow/.local/lib/python3.12/site-packages/airflow/example_dags/example_branch_labels.py for tasks to queue
[2024-05-10T07:41:20.260+0000] {logging_mixin.py:188} INFO - [2024-05-10T07:41:20.260+0000] {dagbag.py:540} INFO - Filling up the DagBag from /home/airflow/.local/lib/python3.12/site-packages/airflow/example_dags/example_branch_labels.py
[2024-05-10T07:41:20.266+0000] {processor.py:840} INFO - DAG(s) 'example_branch_labels' retrieved from /home/airflow/.local/lib/python3.12/site-packages/airflow/example_dags/example_branch_labels.py
[2024-05-10T07:41:20.282+0000] {logging_mixin.py:188} INFO - [2024-05-10T07:41:20.282+0000] {dag.py:3096} INFO - Sync 1 DAGs
[2024-05-10T07:41:20.301+0000] {logging_mixin.py:188} INFO - [2024-05-10T07:41:20.301+0000] {dag.py:3954} INFO - Setting next_dagrun for example_branch_labels to 2024-05-09 00:00:00+00:00, run_after=2024-05-10 00:00:00+00:00
[2024-05-10T07:41:20.317+0000] {processor.py:183} INFO - Processing /home/airflow/.local/lib/python3.12/site-packages/airflow/example_dags/example_branch_labels.py took 0.064 seconds
[2024-05-10T07:41:50.398+0000] {processor.py:161} INFO - Started process (PID=2292) to work on /home/airflow/.local/lib/python3.12/site-packages/airflow/example_dags/example_branch_labels.py
[2024-05-10T07:41:50.399+0000] {processor.py:830} INFO - Processing file /home/airflow/.local/lib/python3.12/site-packages/airflow/example_dags/example_branch_labels.py for tasks to queue
[2024-05-10T07:41:50.400+0000] {logging_mixin.py:188} INFO - [2024-05-10T07:41:50.400+0000] {dagbag.py:540} INFO - Filling up the DagBag from /home/airflow/.local/lib/python3.12/site-packages/airflow/example_dags/example_branch_labels.py
[2024-05-10T07:41:50.406+0000] {processor.py:840} INFO - DAG(s) 'example_branch_labels' retrieved from /home/airflow/.local/lib/python3.12/site-packages/airflow/example_dags/example_branch_labels.py
[2024-05-10T07:41:50.422+0000] {logging_mixin.py:188} INFO - [2024-05-10T07:41:50.422+0000] {dag.py:3096} INFO - Sync 1 DAGs
[2024-05-10T07:41:50.440+0000] {logging_mixin.py:188} INFO - [2024-05-10T07:41:50.440+0000] {dag.py:3954} INFO - Setting next_dagrun for example_branch_labels to 2024-05-09 00:00:00+00:00, run_after=2024-05-10 00:00:00+00:00
[2024-05-10T07:41:50.470+0000] {processor.py:183} INFO - Processing /home/airflow/.local/lib/python3.12/site-packages/airflow/example_dags/example_branch_labels.py took 0.078 seconds
[2024-05-10T07:42:20.769+0000] {processor.py:161} INFO - Started process (PID=2350) to work on /home/airflow/.local/lib/python3.12/site-packages/airflow/example_dags/example_branch_labels.py
[2024-05-10T07:42:20.769+0000] {processor.py:830} INFO - Processing file /home/airflow/.local/lib/python3.12/site-packages/airflow/example_dags/example_branch_labels.py for tasks to queue
[2024-05-10T07:42:20.771+0000] {logging_mixin.py:188} INFO - [2024-05-10T07:42:20.771+0000] {dagbag.py:540} INFO - Filling up the DagBag from /home/airflow/.local/lib/python3.12/site-packages/airflow/example_dags/example_branch_labels.py
[2024-05-10T07:42:20.777+0000] {processor.py:840} INFO - DAG(s) 'example_branch_labels' retrieved from /home/airflow/.local/lib/python3.12/site-packages/airflow/example_dags/example_branch_labels.py
[2024-05-10T07:42:20.795+0000] {logging_mixin.py:188} INFO - [2024-05-10T07:42:20.794+0000] {dag.py:3096} INFO - Sync 1 DAGs
[2024-05-10T07:42:20.814+0000] {logging_mixin.py:188} INFO - [2024-05-10T07:42:20.814+0000] {dag.py:3954} INFO - Setting next_dagrun for example_branch_labels to 2024-05-09 00:00:00+00:00, run_after=2024-05-10 00:00:00+00:00
[2024-05-10T07:42:20.887+0000] {processor.py:183} INFO - Processing /home/airflow/.local/lib/python3.12/site-packages/airflow/example_dags/example_branch_labels.py took 0.123 seconds
[2024-05-10T07:42:51.675+0000] {processor.py:161} INFO - Started process (PID=2409) to work on /home/airflow/.local/lib/python3.12/site-packages/airflow/example_dags/example_branch_labels.py
[2024-05-10T07:42:51.675+0000] {processor.py:830} INFO - Processing file /home/airflow/.local/lib/python3.12/site-packages/airflow/example_dags/example_branch_labels.py for tasks to queue
[2024-05-10T07:42:51.677+0000] {logging_mixin.py:188} INFO - [2024-05-10T07:42:51.677+0000] {dagbag.py:540} INFO - Filling up the DagBag from /home/airflow/.local/lib/python3.12/site-packages/airflow/example_dags/example_branch_labels.py
[2024-05-10T07:42:51.683+0000] {processor.py:840} INFO - DAG(s) 'example_branch_labels' retrieved from /home/airflow/.local/lib/python3.12/site-packages/airflow/example_dags/example_branch_labels.py
[2024-05-10T07:42:51.701+0000] {logging_mixin.py:188} INFO - [2024-05-10T07:42:51.701+0000] {dag.py:3096} INFO - Sync 1 DAGs
[2024-05-10T07:42:51.721+0000] {logging_mixin.py:188} INFO - [2024-05-10T07:42:51.721+0000] {dag.py:3954} INFO - Setting next_dagrun for example_branch_labels to 2024-05-09 00:00:00+00:00, run_after=2024-05-10 00:00:00+00:00
[2024-05-10T07:42:51.753+0000] {processor.py:183} INFO - Processing /home/airflow/.local/lib/python3.12/site-packages/airflow/example_dags/example_branch_labels.py took 0.084 seconds
[2024-05-10T07:43:22.180+0000] {processor.py:161} INFO - Started process (PID=2468) to work on /home/airflow/.local/lib/python3.12/site-packages/airflow/example_dags/example_branch_labels.py
[2024-05-10T07:43:22.181+0000] {processor.py:830} INFO - Processing file /home/airflow/.local/lib/python3.12/site-packages/airflow/example_dags/example_branch_labels.py for tasks to queue
[2024-05-10T07:43:22.182+0000] {logging_mixin.py:188} INFO - [2024-05-10T07:43:22.182+0000] {dagbag.py:540} INFO - Filling up the DagBag from /home/airflow/.local/lib/python3.12/site-packages/airflow/example_dags/example_branch_labels.py
[2024-05-10T07:43:22.188+0000] {processor.py:840} INFO - DAG(s) 'example_branch_labels' retrieved from /home/airflow/.local/lib/python3.12/site-packages/airflow/example_dags/example_branch_labels.py
[2024-05-10T07:43:22.204+0000] {logging_mixin.py:188} INFO - [2024-05-10T07:43:22.204+0000] {dag.py:3096} INFO - Sync 1 DAGs
[2024-05-10T07:43:22.222+0000] {logging_mixin.py:188} INFO - [2024-05-10T07:43:22.222+0000] {dag.py:3954} INFO - Setting next_dagrun for example_branch_labels to 2024-05-09 00:00:00+00:00, run_after=2024-05-10 00:00:00+00:00
[2024-05-10T07:43:22.240+0000] {processor.py:183} INFO - Processing /home/airflow/.local/lib/python3.12/site-packages/airflow/example_dags/example_branch_labels.py took 0.064 seconds
[2024-05-10T07:43:52.724+0000] {processor.py:161} INFO - Started process (PID=2527) to work on /home/airflow/.local/lib/python3.12/site-packages/airflow/example_dags/example_branch_labels.py
[2024-05-10T07:43:52.725+0000] {processor.py:830} INFO - Processing file /home/airflow/.local/lib/python3.12/site-packages/airflow/example_dags/example_branch_labels.py for tasks to queue
[2024-05-10T07:43:52.726+0000] {logging_mixin.py:188} INFO - [2024-05-10T07:43:52.726+0000] {dagbag.py:540} INFO - Filling up the DagBag from /home/airflow/.local/lib/python3.12/site-packages/airflow/example_dags/example_branch_labels.py
[2024-05-10T07:43:52.733+0000] {processor.py:840} INFO - DAG(s) 'example_branch_labels' retrieved from /home/airflow/.local/lib/python3.12/site-packages/airflow/example_dags/example_branch_labels.py
[2024-05-10T07:43:52.750+0000] {logging_mixin.py:188} INFO - [2024-05-10T07:43:52.749+0000] {dag.py:3096} INFO - Sync 1 DAGs
[2024-05-10T07:43:52.768+0000] {logging_mixin.py:188} INFO - [2024-05-10T07:43:52.768+0000] {dag.py:3954} INFO - Setting next_dagrun for example_branch_labels to 2024-05-09 00:00:00+00:00, run_after=2024-05-10 00:00:00+00:00
[2024-05-10T07:43:52.784+0000] {processor.py:183} INFO - Processing /home/airflow/.local/lib/python3.12/site-packages/airflow/example_dags/example_branch_labels.py took 0.064 seconds
[2024-05-10T07:44:23.373+0000] {processor.py:161} INFO - Started process (PID=2586) to work on /home/airflow/.local/lib/python3.12/site-packages/airflow/example_dags/example_branch_labels.py
[2024-05-10T07:44:23.373+0000] {processor.py:830} INFO - Processing file /home/airflow/.local/lib/python3.12/site-packages/airflow/example_dags/example_branch_labels.py for tasks to queue
[2024-05-10T07:44:23.375+0000] {logging_mixin.py:188} INFO - [2024-05-10T07:44:23.374+0000] {dagbag.py:540} INFO - Filling up the DagBag from /home/airflow/.local/lib/python3.12/site-packages/airflow/example_dags/example_branch_labels.py
[2024-05-10T07:44:23.381+0000] {processor.py:840} INFO - DAG(s) 'example_branch_labels' retrieved from /home/airflow/.local/lib/python3.12/site-packages/airflow/example_dags/example_branch_labels.py
[2024-05-10T07:44:23.397+0000] {logging_mixin.py:188} INFO - [2024-05-10T07:44:23.397+0000] {dag.py:3096} INFO - Sync 1 DAGs
[2024-05-10T07:44:23.415+0000] {logging_mixin.py:188} INFO - [2024-05-10T07:44:23.415+0000] {dag.py:3954} INFO - Setting next_dagrun for example_branch_labels to 2024-05-09 00:00:00+00:00, run_after=2024-05-10 00:00:00+00:00
[2024-05-10T07:44:23.439+0000] {processor.py:183} INFO - Processing /home/airflow/.local/lib/python3.12/site-packages/airflow/example_dags/example_branch_labels.py took 0.071 seconds
[2024-05-10T07:44:53.791+0000] {processor.py:161} INFO - Started process (PID=2645) to work on /home/airflow/.local/lib/python3.12/site-packages/airflow/example_dags/example_branch_labels.py
[2024-05-10T07:44:53.791+0000] {processor.py:830} INFO - Processing file /home/airflow/.local/lib/python3.12/site-packages/airflow/example_dags/example_branch_labels.py for tasks to queue
[2024-05-10T07:44:53.793+0000] {logging_mixin.py:188} INFO - [2024-05-10T07:44:53.792+0000] {dagbag.py:540} INFO - Filling up the DagBag from /home/airflow/.local/lib/python3.12/site-packages/airflow/example_dags/example_branch_labels.py
[2024-05-10T07:44:53.799+0000] {processor.py:840} INFO - DAG(s) 'example_branch_labels' retrieved from /home/airflow/.local/lib/python3.12/site-packages/airflow/example_dags/example_branch_labels.py
[2024-05-10T07:44:53.816+0000] {logging_mixin.py:188} INFO - [2024-05-10T07:44:53.816+0000] {dag.py:3096} INFO - Sync 1 DAGs
[2024-05-10T07:44:53.835+0000] {logging_mixin.py:188} INFO - [2024-05-10T07:44:53.835+0000] {dag.py:3954} INFO - Setting next_dagrun for example_branch_labels to 2024-05-09 00:00:00+00:00, run_after=2024-05-10 00:00:00+00:00
[2024-05-10T07:44:53.850+0000] {processor.py:183} INFO - Processing /home/airflow/.local/lib/python3.12/site-packages/airflow/example_dags/example_branch_labels.py took 0.064 seconds
[2024-05-10T07:45:24.417+0000] {processor.py:161} INFO - Started process (PID=2705) to work on /home/airflow/.local/lib/python3.12/site-packages/airflow/example_dags/example_branch_labels.py
[2024-05-10T07:45:24.418+0000] {processor.py:830} INFO - Processing file /home/airflow/.local/lib/python3.12/site-packages/airflow/example_dags/example_branch_labels.py for tasks to queue
[2024-05-10T07:45:24.419+0000] {logging_mixin.py:188} INFO - [2024-05-10T07:45:24.419+0000] {dagbag.py:540} INFO - Filling up the DagBag from /home/airflow/.local/lib/python3.12/site-packages/airflow/example_dags/example_branch_labels.py
[2024-05-10T07:45:24.427+0000] {processor.py:840} INFO - DAG(s) 'example_branch_labels' retrieved from /home/airflow/.local/lib/python3.12/site-packages/airflow/example_dags/example_branch_labels.py
[2024-05-10T07:45:24.445+0000] {logging_mixin.py:188} INFO - [2024-05-10T07:45:24.444+0000] {dag.py:3096} INFO - Sync 1 DAGs
[2024-05-10T07:45:24.464+0000] {logging_mixin.py:188} INFO - [2024-05-10T07:45:24.464+0000] {dag.py:3954} INFO - Setting next_dagrun for example_branch_labels to 2024-05-09 00:00:00+00:00, run_after=2024-05-10 00:00:00+00:00
[2024-05-10T07:45:24.486+0000] {processor.py:183} INFO - Processing /home/airflow/.local/lib/python3.12/site-packages/airflow/example_dags/example_branch_labels.py took 0.074 seconds
[2024-05-10T07:45:55.083+0000] {processor.py:161} INFO - Started process (PID=2764) to work on /home/airflow/.local/lib/python3.12/site-packages/airflow/example_dags/example_branch_labels.py
[2024-05-10T07:45:55.083+0000] {processor.py:830} INFO - Processing file /home/airflow/.local/lib/python3.12/site-packages/airflow/example_dags/example_branch_labels.py for tasks to queue
[2024-05-10T07:45:55.084+0000] {logging_mixin.py:188} INFO - [2024-05-10T07:45:55.084+0000] {dagbag.py:540} INFO - Filling up the DagBag from /home/airflow/.local/lib/python3.12/site-packages/airflow/example_dags/example_branch_labels.py
[2024-05-10T07:45:55.090+0000] {processor.py:840} INFO - DAG(s) 'example_branch_labels' retrieved from /home/airflow/.local/lib/python3.12/site-packages/airflow/example_dags/example_branch_labels.py
[2024-05-10T07:45:55.109+0000] {logging_mixin.py:188} INFO - [2024-05-10T07:45:55.108+0000] {dag.py:3096} INFO - Sync 1 DAGs
[2024-05-10T07:45:55.128+0000] {logging_mixin.py:188} INFO - [2024-05-10T07:45:55.128+0000] {dag.py:3954} INFO - Setting next_dagrun for example_branch_labels to 2024-05-09 00:00:00+00:00, run_after=2024-05-10 00:00:00+00:00
[2024-05-10T07:45:55.151+0000] {processor.py:183} INFO - Processing /home/airflow/.local/lib/python3.12/site-packages/airflow/example_dags/example_branch_labels.py took 0.073 seconds
[2024-05-10T07:46:25.848+0000] {processor.py:161} INFO - Started process (PID=2822) to work on /home/airflow/.local/lib/python3.12/site-packages/airflow/example_dags/example_branch_labels.py
[2024-05-10T07:46:25.849+0000] {processor.py:830} INFO - Processing file /home/airflow/.local/lib/python3.12/site-packages/airflow/example_dags/example_branch_labels.py for tasks to queue
[2024-05-10T07:46:25.850+0000] {logging_mixin.py:188} INFO - [2024-05-10T07:46:25.850+0000] {dagbag.py:540} INFO - Filling up the DagBag from /home/airflow/.local/lib/python3.12/site-packages/airflow/example_dags/example_branch_labels.py
[2024-05-10T07:46:25.861+0000] {processor.py:840} INFO - DAG(s) 'example_branch_labels' retrieved from /home/airflow/.local/lib/python3.12/site-packages/airflow/example_dags/example_branch_labels.py
[2024-05-10T07:46:25.886+0000] {logging_mixin.py:188} INFO - [2024-05-10T07:46:25.885+0000] {dag.py:3096} INFO - Sync 1 DAGs
[2024-05-10T07:46:25.918+0000] {logging_mixin.py:188} INFO - [2024-05-10T07:46:25.918+0000] {dag.py:3954} INFO - Setting next_dagrun for example_branch_labels to 2024-05-09 00:00:00+00:00, run_after=2024-05-10 00:00:00+00:00
[2024-05-10T07:46:25.957+0000] {processor.py:183} INFO - Processing /home/airflow/.local/lib/python3.12/site-packages/airflow/example_dags/example_branch_labels.py took 0.114 seconds
[2024-05-10T07:46:56.409+0000] {processor.py:161} INFO - Started process (PID=2879) to work on /home/airflow/.local/lib/python3.12/site-packages/airflow/example_dags/example_branch_labels.py
[2024-05-10T07:46:56.410+0000] {processor.py:830} INFO - Processing file /home/airflow/.local/lib/python3.12/site-packages/airflow/example_dags/example_branch_labels.py for tasks to queue
[2024-05-10T07:46:56.410+0000] {logging_mixin.py:188} INFO - [2024-05-10T07:46:56.410+0000] {dagbag.py:540} INFO - Filling up the DagBag from /home/airflow/.local/lib/python3.12/site-packages/airflow/example_dags/example_branch_labels.py
[2024-05-10T07:46:56.417+0000] {processor.py:840} INFO - DAG(s) 'example_branch_labels' retrieved from /home/airflow/.local/lib/python3.12/site-packages/airflow/example_dags/example_branch_labels.py
[2024-05-10T07:46:56.435+0000] {logging_mixin.py:188} INFO - [2024-05-10T07:46:56.435+0000] {dag.py:3096} INFO - Sync 1 DAGs
[2024-05-10T07:46:56.456+0000] {logging_mixin.py:188} INFO - [2024-05-10T07:46:56.456+0000] {dag.py:3954} INFO - Setting next_dagrun for example_branch_labels to 2024-05-09 00:00:00+00:00, run_after=2024-05-10 00:00:00+00:00
[2024-05-10T07:46:56.476+0000] {processor.py:183} INFO - Processing /home/airflow/.local/lib/python3.12/site-packages/airflow/example_dags/example_branch_labels.py took 0.072 seconds
[2024-05-10T07:47:26.604+0000] {processor.py:161} INFO - Started process (PID=2937) to work on /home/airflow/.local/lib/python3.12/site-packages/airflow/example_dags/example_branch_labels.py
[2024-05-10T07:47:26.605+0000] {processor.py:830} INFO - Processing file /home/airflow/.local/lib/python3.12/site-packages/airflow/example_dags/example_branch_labels.py for tasks to queue
[2024-05-10T07:47:26.606+0000] {logging_mixin.py:188} INFO - [2024-05-10T07:47:26.605+0000] {dagbag.py:540} INFO - Filling up the DagBag from /home/airflow/.local/lib/python3.12/site-packages/airflow/example_dags/example_branch_labels.py
[2024-05-10T07:47:26.611+0000] {processor.py:840} INFO - DAG(s) 'example_branch_labels' retrieved from /home/airflow/.local/lib/python3.12/site-packages/airflow/example_dags/example_branch_labels.py
[2024-05-10T07:47:26.628+0000] {logging_mixin.py:188} INFO - [2024-05-10T07:47:26.628+0000] {dag.py:3096} INFO - Sync 1 DAGs
[2024-05-10T07:47:26.646+0000] {logging_mixin.py:188} INFO - [2024-05-10T07:47:26.646+0000] {dag.py:3954} INFO - Setting next_dagrun for example_branch_labels to 2024-05-09 00:00:00+00:00, run_after=2024-05-10 00:00:00+00:00
[2024-05-10T07:47:26.664+0000] {processor.py:183} INFO - Processing /home/airflow/.local/lib/python3.12/site-packages/airflow/example_dags/example_branch_labels.py took 0.064 seconds
[2024-05-10T07:47:57.050+0000] {processor.py:161} INFO - Started process (PID=2995) to work on /home/airflow/.local/lib/python3.12/site-packages/airflow/example_dags/example_branch_labels.py
[2024-05-10T07:47:57.052+0000] {processor.py:830} INFO - Processing file /home/airflow/.local/lib/python3.12/site-packages/airflow/example_dags/example_branch_labels.py for tasks to queue
[2024-05-10T07:47:57.052+0000] {logging_mixin.py:188} INFO - [2024-05-10T07:47:57.052+0000] {dagbag.py:540} INFO - Filling up the DagBag from /home/airflow/.local/lib/python3.12/site-packages/airflow/example_dags/example_branch_labels.py
[2024-05-10T07:47:57.060+0000] {processor.py:840} INFO - DAG(s) 'example_branch_labels' retrieved from /home/airflow/.local/lib/python3.12/site-packages/airflow/example_dags/example_branch_labels.py
[2024-05-10T07:47:57.077+0000] {logging_mixin.py:188} INFO - [2024-05-10T07:47:57.077+0000] {dag.py:3096} INFO - Sync 1 DAGs
[2024-05-10T07:47:57.098+0000] {logging_mixin.py:188} INFO - [2024-05-10T07:47:57.098+0000] {dag.py:3954} INFO - Setting next_dagrun for example_branch_labels to 2024-05-09 00:00:00+00:00, run_after=2024-05-10 00:00:00+00:00
[2024-05-10T07:47:57.131+0000] {processor.py:183} INFO - Processing /home/airflow/.local/lib/python3.12/site-packages/airflow/example_dags/example_branch_labels.py took 0.085 seconds
[2024-05-10T07:48:27.918+0000] {processor.py:161} INFO - Started process (PID=3053) to work on /home/airflow/.local/lib/python3.12/site-packages/airflow/example_dags/example_branch_labels.py
[2024-05-10T07:48:27.921+0000] {processor.py:830} INFO - Processing file /home/airflow/.local/lib/python3.12/site-packages/airflow/example_dags/example_branch_labels.py for tasks to queue
[2024-05-10T07:48:27.922+0000] {logging_mixin.py:188} INFO - [2024-05-10T07:48:27.922+0000] {dagbag.py:540} INFO - Filling up the DagBag from /home/airflow/.local/lib/python3.12/site-packages/airflow/example_dags/example_branch_labels.py
[2024-05-10T07:48:27.934+0000] {processor.py:840} INFO - DAG(s) 'example_branch_labels' retrieved from /home/airflow/.local/lib/python3.12/site-packages/airflow/example_dags/example_branch_labels.py
[2024-05-10T07:48:27.957+0000] {logging_mixin.py:188} INFO - [2024-05-10T07:48:27.957+0000] {dag.py:3096} INFO - Sync 1 DAGs
[2024-05-10T07:48:27.978+0000] {logging_mixin.py:188} INFO - [2024-05-10T07:48:27.978+0000] {dag.py:3954} INFO - Setting next_dagrun for example_branch_labels to 2024-05-09 00:00:00+00:00, run_after=2024-05-10 00:00:00+00:00
[2024-05-10T07:48:28.010+0000] {processor.py:183} INFO - Processing /home/airflow/.local/lib/python3.12/site-packages/airflow/example_dags/example_branch_labels.py took 0.098 seconds
[2024-05-10T07:48:58.157+0000] {processor.py:161} INFO - Started process (PID=3111) to work on /home/airflow/.local/lib/python3.12/site-packages/airflow/example_dags/example_branch_labels.py
[2024-05-10T07:48:58.159+0000] {processor.py:830} INFO - Processing file /home/airflow/.local/lib/python3.12/site-packages/airflow/example_dags/example_branch_labels.py for tasks to queue
[2024-05-10T07:48:58.160+0000] {logging_mixin.py:188} INFO - [2024-05-10T07:48:58.159+0000] {dagbag.py:540} INFO - Filling up the DagBag from /home/airflow/.local/lib/python3.12/site-packages/airflow/example_dags/example_branch_labels.py
[2024-05-10T07:48:58.166+0000] {processor.py:840} INFO - DAG(s) 'example_branch_labels' retrieved from /home/airflow/.local/lib/python3.12/site-packages/airflow/example_dags/example_branch_labels.py
[2024-05-10T07:48:58.262+0000] {logging_mixin.py:188} INFO - [2024-05-10T07:48:58.261+0000] {dag.py:3096} INFO - Sync 1 DAGs
[2024-05-10T07:48:58.270+0000] {logging_mixin.py:188} INFO - [2024-05-10T07:48:58.270+0000] {dag.py:3118} INFO - Creating ORM DAG for example_branch_labels
[2024-05-10T07:48:58.280+0000] {logging_mixin.py:188} INFO - [2024-05-10T07:48:58.280+0000] {dag.py:3954} INFO - Setting next_dagrun for example_branch_labels to 2024-05-09 00:00:00+00:00, run_after=2024-05-10 00:00:00+00:00
[2024-05-10T07:48:58.311+0000] {processor.py:183} INFO - Processing /home/airflow/.local/lib/python3.12/site-packages/airflow/example_dags/example_branch_labels.py took 0.164 seconds
[2024-05-10T07:49:28.402+0000] {processor.py:161} INFO - Started process (PID=3169) to work on /home/airflow/.local/lib/python3.12/site-packages/airflow/example_dags/example_branch_labels.py
[2024-05-10T07:49:28.402+0000] {processor.py:830} INFO - Processing file /home/airflow/.local/lib/python3.12/site-packages/airflow/example_dags/example_branch_labels.py for tasks to queue
[2024-05-10T07:49:28.403+0000] {logging_mixin.py:188} INFO - [2024-05-10T07:49:28.403+0000] {dagbag.py:540} INFO - Filling up the DagBag from /home/airflow/.local/lib/python3.12/site-packages/airflow/example_dags/example_branch_labels.py
[2024-05-10T07:49:28.409+0000] {processor.py:840} INFO - DAG(s) 'example_branch_labels' retrieved from /home/airflow/.local/lib/python3.12/site-packages/airflow/example_dags/example_branch_labels.py
[2024-05-10T07:49:28.502+0000] {logging_mixin.py:188} INFO - [2024-05-10T07:49:28.502+0000] {dag.py:3096} INFO - Sync 1 DAGs
[2024-05-10T07:49:28.511+0000] {logging_mixin.py:188} INFO - [2024-05-10T07:49:28.511+0000] {dag.py:3118} INFO - Creating ORM DAG for example_branch_labels
[2024-05-10T07:49:28.521+0000] {logging_mixin.py:188} INFO - [2024-05-10T07:49:28.520+0000] {dag.py:3954} INFO - Setting next_dagrun for example_branch_labels to 2024-05-09 00:00:00+00:00, run_after=2024-05-10 00:00:00+00:00
[2024-05-10T07:49:28.545+0000] {processor.py:183} INFO - Processing /home/airflow/.local/lib/python3.12/site-packages/airflow/example_dags/example_branch_labels.py took 0.148 seconds
[2024-05-10T07:49:58.777+0000] {processor.py:161} INFO - Started process (PID=3227) to work on /home/airflow/.local/lib/python3.12/site-packages/airflow/example_dags/example_branch_labels.py
[2024-05-10T07:49:58.778+0000] {processor.py:830} INFO - Processing file /home/airflow/.local/lib/python3.12/site-packages/airflow/example_dags/example_branch_labels.py for tasks to queue
[2024-05-10T07:49:58.779+0000] {logging_mixin.py:188} INFO - [2024-05-10T07:49:58.778+0000] {dagbag.py:540} INFO - Filling up the DagBag from /home/airflow/.local/lib/python3.12/site-packages/airflow/example_dags/example_branch_labels.py
[2024-05-10T07:49:58.786+0000] {processor.py:840} INFO - DAG(s) 'example_branch_labels' retrieved from /home/airflow/.local/lib/python3.12/site-packages/airflow/example_dags/example_branch_labels.py
[2024-05-10T07:49:58.918+0000] {logging_mixin.py:188} INFO - [2024-05-10T07:49:58.917+0000] {dag.py:3096} INFO - Sync 1 DAGs
[2024-05-10T07:49:58.933+0000] {logging_mixin.py:188} INFO - [2024-05-10T07:49:58.933+0000] {dag.py:3118} INFO - Creating ORM DAG for example_branch_labels
[2024-05-10T07:49:58.944+0000] {logging_mixin.py:188} INFO - [2024-05-10T07:49:58.944+0000] {dag.py:3954} INFO - Setting next_dagrun for example_branch_labels to 2024-05-09 00:00:00+00:00, run_after=2024-05-10 00:00:00+00:00
[2024-05-10T07:49:58.971+0000] {processor.py:183} INFO - Processing /home/airflow/.local/lib/python3.12/site-packages/airflow/example_dags/example_branch_labels.py took 0.199 seconds
[2024-05-10T07:50:29.594+0000] {processor.py:161} INFO - Started process (PID=3285) to work on /home/airflow/.local/lib/python3.12/site-packages/airflow/example_dags/example_branch_labels.py
[2024-05-10T07:50:29.595+0000] {processor.py:830} INFO - Processing file /home/airflow/.local/lib/python3.12/site-packages/airflow/example_dags/example_branch_labels.py for tasks to queue
[2024-05-10T07:50:29.596+0000] {logging_mixin.py:188} INFO - [2024-05-10T07:50:29.596+0000] {dagbag.py:540} INFO - Filling up the DagBag from /home/airflow/.local/lib/python3.12/site-packages/airflow/example_dags/example_branch_labels.py
[2024-05-10T07:50:29.603+0000] {processor.py:840} INFO - DAG(s) 'example_branch_labels' retrieved from /home/airflow/.local/lib/python3.12/site-packages/airflow/example_dags/example_branch_labels.py
[2024-05-10T07:50:29.699+0000] {logging_mixin.py:188} INFO - [2024-05-10T07:50:29.699+0000] {dag.py:3096} INFO - Sync 1 DAGs
[2024-05-10T07:50:29.708+0000] {logging_mixin.py:188} INFO - [2024-05-10T07:50:29.708+0000] {dag.py:3118} INFO - Creating ORM DAG for example_branch_labels
[2024-05-10T07:50:29.717+0000] {logging_mixin.py:188} INFO - [2024-05-10T07:50:29.717+0000] {dag.py:3954} INFO - Setting next_dagrun for example_branch_labels to 2024-05-09 00:00:00+00:00, run_after=2024-05-10 00:00:00+00:00
[2024-05-10T07:50:29.735+0000] {processor.py:183} INFO - Processing /home/airflow/.local/lib/python3.12/site-packages/airflow/example_dags/example_branch_labels.py took 0.146 seconds
[2024-05-10T07:50:59.827+0000] {processor.py:161} INFO - Started process (PID=3343) to work on /home/airflow/.local/lib/python3.12/site-packages/airflow/example_dags/example_branch_labels.py
[2024-05-10T07:50:59.828+0000] {processor.py:830} INFO - Processing file /home/airflow/.local/lib/python3.12/site-packages/airflow/example_dags/example_branch_labels.py for tasks to queue
[2024-05-10T07:50:59.829+0000] {logging_mixin.py:188} INFO - [2024-05-10T07:50:59.828+0000] {dagbag.py:540} INFO - Filling up the DagBag from /home/airflow/.local/lib/python3.12/site-packages/airflow/example_dags/example_branch_labels.py
[2024-05-10T07:50:59.837+0000] {processor.py:840} INFO - DAG(s) 'example_branch_labels' retrieved from /home/airflow/.local/lib/python3.12/site-packages/airflow/example_dags/example_branch_labels.py
[2024-05-10T07:50:59.854+0000] {logging_mixin.py:188} INFO - [2024-05-10T07:50:59.854+0000] {dag.py:3096} INFO - Sync 1 DAGs
[2024-05-10T07:50:59.872+0000] {logging_mixin.py:188} INFO - [2024-05-10T07:50:59.872+0000] {dag.py:3954} INFO - Setting next_dagrun for example_branch_labels to 2024-05-09 00:00:00+00:00, run_after=2024-05-10 00:00:00+00:00
[2024-05-10T07:50:59.892+0000] {processor.py:183} INFO - Processing /home/airflow/.local/lib/python3.12/site-packages/airflow/example_dags/example_branch_labels.py took 0.070 seconds
[2024-05-10T07:51:30.032+0000] {processor.py:161} INFO - Started process (PID=3400) to work on /home/airflow/.local/lib/python3.12/site-packages/airflow/example_dags/example_branch_labels.py
[2024-05-10T07:51:30.033+0000] {processor.py:830} INFO - Processing file /home/airflow/.local/lib/python3.12/site-packages/airflow/example_dags/example_branch_labels.py for tasks to queue
[2024-05-10T07:51:30.035+0000] {logging_mixin.py:188} INFO - [2024-05-10T07:51:30.033+0000] {dagbag.py:540} INFO - Filling up the DagBag from /home/airflow/.local/lib/python3.12/site-packages/airflow/example_dags/example_branch_labels.py
[2024-05-10T07:51:30.044+0000] {processor.py:840} INFO - DAG(s) 'example_branch_labels' retrieved from /home/airflow/.local/lib/python3.12/site-packages/airflow/example_dags/example_branch_labels.py
[2024-05-10T07:51:30.143+0000] {logging_mixin.py:188} INFO - [2024-05-10T07:51:30.143+0000] {dag.py:3096} INFO - Sync 1 DAGs
[2024-05-10T07:51:30.153+0000] {logging_mixin.py:188} INFO - [2024-05-10T07:51:30.152+0000] {dag.py:3118} INFO - Creating ORM DAG for example_branch_labels
[2024-05-10T07:51:30.162+0000] {logging_mixin.py:188} INFO - [2024-05-10T07:51:30.162+0000] {dag.py:3954} INFO - Setting next_dagrun for example_branch_labels to 2024-05-09 00:00:00+00:00, run_after=2024-05-10 00:00:00+00:00
[2024-05-10T07:51:30.181+0000] {processor.py:183} INFO - Processing /home/airflow/.local/lib/python3.12/site-packages/airflow/example_dags/example_branch_labels.py took 0.155 seconds
[2024-05-10T07:52:00.213+0000] {processor.py:161} INFO - Started process (PID=3458) to work on /home/airflow/.local/lib/python3.12/site-packages/airflow/example_dags/example_branch_labels.py
[2024-05-10T07:52:00.214+0000] {processor.py:830} INFO - Processing file /home/airflow/.local/lib/python3.12/site-packages/airflow/example_dags/example_branch_labels.py for tasks to queue
[2024-05-10T07:52:00.214+0000] {logging_mixin.py:188} INFO - [2024-05-10T07:52:00.214+0000] {dagbag.py:540} INFO - Filling up the DagBag from /home/airflow/.local/lib/python3.12/site-packages/airflow/example_dags/example_branch_labels.py
[2024-05-10T07:52:00.220+0000] {processor.py:840} INFO - DAG(s) 'example_branch_labels' retrieved from /home/airflow/.local/lib/python3.12/site-packages/airflow/example_dags/example_branch_labels.py
[2024-05-10T07:52:00.238+0000] {logging_mixin.py:188} INFO - [2024-05-10T07:52:00.237+0000] {dag.py:3096} INFO - Sync 1 DAGs
[2024-05-10T07:52:00.256+0000] {logging_mixin.py:188} INFO - [2024-05-10T07:52:00.256+0000] {dag.py:3954} INFO - Setting next_dagrun for example_branch_labels to 2024-05-09 00:00:00+00:00, run_after=2024-05-10 00:00:00+00:00
[2024-05-10T07:52:00.287+0000] {processor.py:183} INFO - Processing /home/airflow/.local/lib/python3.12/site-packages/airflow/example_dags/example_branch_labels.py took 0.079 seconds
[2024-05-10T07:52:30.493+0000] {processor.py:161} INFO - Started process (PID=3516) to work on /home/airflow/.local/lib/python3.12/site-packages/airflow/example_dags/example_branch_labels.py
[2024-05-10T07:52:30.494+0000] {processor.py:830} INFO - Processing file /home/airflow/.local/lib/python3.12/site-packages/airflow/example_dags/example_branch_labels.py for tasks to queue
[2024-05-10T07:52:30.494+0000] {logging_mixin.py:188} INFO - [2024-05-10T07:52:30.494+0000] {dagbag.py:540} INFO - Filling up the DagBag from /home/airflow/.local/lib/python3.12/site-packages/airflow/example_dags/example_branch_labels.py
[2024-05-10T07:52:30.501+0000] {processor.py:840} INFO - DAG(s) 'example_branch_labels' retrieved from /home/airflow/.local/lib/python3.12/site-packages/airflow/example_dags/example_branch_labels.py
[2024-05-10T07:52:30.522+0000] {logging_mixin.py:188} INFO - [2024-05-10T07:52:30.521+0000] {dag.py:3096} INFO - Sync 1 DAGs
[2024-05-10T07:52:30.543+0000] {logging_mixin.py:188} INFO - [2024-05-10T07:52:30.543+0000] {dag.py:3954} INFO - Setting next_dagrun for example_branch_labels to 2024-05-09 00:00:00+00:00, run_after=2024-05-10 00:00:00+00:00
[2024-05-10T07:52:30.561+0000] {processor.py:183} INFO - Processing /home/airflow/.local/lib/python3.12/site-packages/airflow/example_dags/example_branch_labels.py took 0.073 seconds
[2024-05-10T07:53:01.501+0000] {processor.py:161} INFO - Started process (PID=3574) to work on /home/airflow/.local/lib/python3.12/site-packages/airflow/example_dags/example_branch_labels.py
[2024-05-10T07:53:01.502+0000] {processor.py:830} INFO - Processing file /home/airflow/.local/lib/python3.12/site-packages/airflow/example_dags/example_branch_labels.py for tasks to queue
[2024-05-10T07:53:01.503+0000] {logging_mixin.py:188} INFO - [2024-05-10T07:53:01.502+0000] {dagbag.py:540} INFO - Filling up the DagBag from /home/airflow/.local/lib/python3.12/site-packages/airflow/example_dags/example_branch_labels.py
[2024-05-10T07:53:01.508+0000] {processor.py:840} INFO - DAG(s) 'example_branch_labels' retrieved from /home/airflow/.local/lib/python3.12/site-packages/airflow/example_dags/example_branch_labels.py
[2024-05-10T07:53:01.525+0000] {logging_mixin.py:188} INFO - [2024-05-10T07:53:01.525+0000] {dag.py:3096} INFO - Sync 1 DAGs
[2024-05-10T07:53:01.543+0000] {logging_mixin.py:188} INFO - [2024-05-10T07:53:01.543+0000] {dag.py:3954} INFO - Setting next_dagrun for example_branch_labels to 2024-05-09 00:00:00+00:00, run_after=2024-05-10 00:00:00+00:00
[2024-05-10T07:53:01.561+0000] {processor.py:183} INFO - Processing /home/airflow/.local/lib/python3.12/site-packages/airflow/example_dags/example_branch_labels.py took 0.064 seconds
[2024-05-10T07:53:32.046+0000] {processor.py:161} INFO - Started process (PID=3631) to work on /home/airflow/.local/lib/python3.12/site-packages/airflow/example_dags/example_branch_labels.py
[2024-05-10T07:53:32.047+0000] {processor.py:830} INFO - Processing file /home/airflow/.local/lib/python3.12/site-packages/airflow/example_dags/example_branch_labels.py for tasks to queue
[2024-05-10T07:53:32.048+0000] {logging_mixin.py:188} INFO - [2024-05-10T07:53:32.047+0000] {dagbag.py:540} INFO - Filling up the DagBag from /home/airflow/.local/lib/python3.12/site-packages/airflow/example_dags/example_branch_labels.py
[2024-05-10T07:53:32.054+0000] {processor.py:840} INFO - DAG(s) 'example_branch_labels' retrieved from /home/airflow/.local/lib/python3.12/site-packages/airflow/example_dags/example_branch_labels.py
[2024-05-10T07:53:32.073+0000] {logging_mixin.py:188} INFO - [2024-05-10T07:53:32.073+0000] {dag.py:3096} INFO - Sync 1 DAGs
[2024-05-10T07:53:32.091+0000] {logging_mixin.py:188} INFO - [2024-05-10T07:53:32.091+0000] {dag.py:3954} INFO - Setting next_dagrun for example_branch_labels to 2024-05-09 00:00:00+00:00, run_after=2024-05-10 00:00:00+00:00
[2024-05-10T07:53:32.105+0000] {processor.py:183} INFO - Processing /home/airflow/.local/lib/python3.12/site-packages/airflow/example_dags/example_branch_labels.py took 0.064 seconds
[2024-05-10T07:54:02.534+0000] {processor.py:161} INFO - Started process (PID=3689) to work on /home/airflow/.local/lib/python3.12/site-packages/airflow/example_dags/example_branch_labels.py
[2024-05-10T07:54:02.534+0000] {processor.py:830} INFO - Processing file /home/airflow/.local/lib/python3.12/site-packages/airflow/example_dags/example_branch_labels.py for tasks to queue
[2024-05-10T07:54:02.535+0000] {logging_mixin.py:188} INFO - [2024-05-10T07:54:02.535+0000] {dagbag.py:540} INFO - Filling up the DagBag from /home/airflow/.local/lib/python3.12/site-packages/airflow/example_dags/example_branch_labels.py
[2024-05-10T07:54:02.541+0000] {processor.py:840} INFO - DAG(s) 'example_branch_labels' retrieved from /home/airflow/.local/lib/python3.12/site-packages/airflow/example_dags/example_branch_labels.py
[2024-05-10T07:54:02.558+0000] {logging_mixin.py:188} INFO - [2024-05-10T07:54:02.558+0000] {dag.py:3096} INFO - Sync 1 DAGs
[2024-05-10T07:54:02.576+0000] {logging_mixin.py:188} INFO - [2024-05-10T07:54:02.576+0000] {dag.py:3954} INFO - Setting next_dagrun for example_branch_labels to 2024-05-09 00:00:00+00:00, run_after=2024-05-10 00:00:00+00:00
[2024-05-10T07:54:02.593+0000] {processor.py:183} INFO - Processing /home/airflow/.local/lib/python3.12/site-packages/airflow/example_dags/example_branch_labels.py took 0.064 seconds
[2024-05-10T07:54:33.057+0000] {processor.py:161} INFO - Started process (PID=3746) to work on /home/airflow/.local/lib/python3.12/site-packages/airflow/example_dags/example_branch_labels.py
[2024-05-10T07:54:33.058+0000] {processor.py:830} INFO - Processing file /home/airflow/.local/lib/python3.12/site-packages/airflow/example_dags/example_branch_labels.py for tasks to queue
[2024-05-10T07:54:33.058+0000] {logging_mixin.py:188} INFO - [2024-05-10T07:54:33.058+0000] {dagbag.py:540} INFO - Filling up the DagBag from /home/airflow/.local/lib/python3.12/site-packages/airflow/example_dags/example_branch_labels.py
[2024-05-10T07:54:33.065+0000] {processor.py:840} INFO - DAG(s) 'example_branch_labels' retrieved from /home/airflow/.local/lib/python3.12/site-packages/airflow/example_dags/example_branch_labels.py
[2024-05-10T07:54:33.089+0000] {logging_mixin.py:188} INFO - [2024-05-10T07:54:33.089+0000] {dag.py:3096} INFO - Sync 1 DAGs
[2024-05-10T07:54:33.111+0000] {logging_mixin.py:188} INFO - [2024-05-10T07:54:33.111+0000] {dag.py:3954} INFO - Setting next_dagrun for example_branch_labels to 2024-05-09 00:00:00+00:00, run_after=2024-05-10 00:00:00+00:00
[2024-05-10T07:54:33.127+0000] {processor.py:183} INFO - Processing /home/airflow/.local/lib/python3.12/site-packages/airflow/example_dags/example_branch_labels.py took 0.075 seconds
[2024-05-10T07:55:03.792+0000] {processor.py:161} INFO - Started process (PID=3804) to work on /home/airflow/.local/lib/python3.12/site-packages/airflow/example_dags/example_branch_labels.py
[2024-05-10T07:55:03.793+0000] {processor.py:830} INFO - Processing file /home/airflow/.local/lib/python3.12/site-packages/airflow/example_dags/example_branch_labels.py for tasks to queue
[2024-05-10T07:55:03.794+0000] {logging_mixin.py:188} INFO - [2024-05-10T07:55:03.793+0000] {dagbag.py:540} INFO - Filling up the DagBag from /home/airflow/.local/lib/python3.12/site-packages/airflow/example_dags/example_branch_labels.py
[2024-05-10T07:55:03.800+0000] {processor.py:840} INFO - DAG(s) 'example_branch_labels' retrieved from /home/airflow/.local/lib/python3.12/site-packages/airflow/example_dags/example_branch_labels.py
[2024-05-10T07:55:03.819+0000] {logging_mixin.py:188} INFO - [2024-05-10T07:55:03.819+0000] {dag.py:3096} INFO - Sync 1 DAGs
[2024-05-10T07:55:03.840+0000] {logging_mixin.py:188} INFO - [2024-05-10T07:55:03.840+0000] {dag.py:3954} INFO - Setting next_dagrun for example_branch_labels to 2024-05-09 00:00:00+00:00, run_after=2024-05-10 00:00:00+00:00
[2024-05-10T07:55:03.863+0000] {processor.py:183} INFO - Processing /home/airflow/.local/lib/python3.12/site-packages/airflow/example_dags/example_branch_labels.py took 0.076 seconds
