[2024-05-10T07:22:23.992+0000] {processor.py:161} INFO - Started process (PID=50) to work on /home/airflow/.local/lib/python3.12/site-packages/airflow/example_dags/example_task_group.py
[2024-05-10T07:22:23.993+0000] {processor.py:830} INFO - Processing file /home/airflow/.local/lib/python3.12/site-packages/airflow/example_dags/example_task_group.py for tasks to queue
[2024-05-10T07:22:23.994+0000] {logging_mixin.py:188} INFO - [2024-05-10T07:22:23.994+0000] {dagbag.py:540} INFO - Filling up the DagBag from /home/airflow/.local/lib/python3.12/site-packages/airflow/example_dags/example_task_group.py
[2024-05-10T07:22:24.003+0000] {processor.py:840} INFO - DAG(s) 'example_task_group' retrieved from /home/airflow/.local/lib/python3.12/site-packages/airflow/example_dags/example_task_group.py
[2024-05-10T07:22:24.014+0000] {logging_mixin.py:188} INFO - [2024-05-10T07:22:24.014+0000] {dag.py:3096} INFO - Sync 1 DAGs
[2024-05-10T07:22:24.033+0000] {logging_mixin.py:188} INFO - [2024-05-10T07:22:24.033+0000] {dag.py:3954} INFO - Setting next_dagrun for example_task_group to 2024-05-09 00:00:00+00:00, run_after=2024-05-10 00:00:00+00:00
[2024-05-10T07:22:24.051+0000] {processor.py:183} INFO - Processing /home/airflow/.local/lib/python3.12/site-packages/airflow/example_dags/example_task_group.py took 0.064 seconds
[2024-05-10T07:22:55.303+0000] {processor.py:161} INFO - Started process (PID=108) to work on /home/airflow/.local/lib/python3.12/site-packages/airflow/example_dags/example_task_group.py
[2024-05-10T07:22:55.304+0000] {processor.py:830} INFO - Processing file /home/airflow/.local/lib/python3.12/site-packages/airflow/example_dags/example_task_group.py for tasks to queue
[2024-05-10T07:22:55.305+0000] {logging_mixin.py:188} INFO - [2024-05-10T07:22:55.305+0000] {dagbag.py:540} INFO - Filling up the DagBag from /home/airflow/.local/lib/python3.12/site-packages/airflow/example_dags/example_task_group.py
[2024-05-10T07:22:55.311+0000] {processor.py:840} INFO - DAG(s) 'example_task_group' retrieved from /home/airflow/.local/lib/python3.12/site-packages/airflow/example_dags/example_task_group.py
[2024-05-10T07:22:55.396+0000] {logging_mixin.py:188} INFO - [2024-05-10T07:22:55.396+0000] {dag.py:3096} INFO - Sync 1 DAGs
[2024-05-10T07:22:55.412+0000] {logging_mixin.py:188} INFO - [2024-05-10T07:22:55.412+0000] {dag.py:3954} INFO - Setting next_dagrun for example_task_group to 2024-05-09 00:00:00+00:00, run_after=2024-05-10 00:00:00+00:00
[2024-05-10T07:22:55.429+0000] {processor.py:183} INFO - Processing /home/airflow/.local/lib/python3.12/site-packages/airflow/example_dags/example_task_group.py took 0.130 seconds
[2024-05-10T07:23:25.704+0000] {processor.py:161} INFO - Started process (PID=166) to work on /home/airflow/.local/lib/python3.12/site-packages/airflow/example_dags/example_task_group.py
[2024-05-10T07:23:25.704+0000] {processor.py:830} INFO - Processing file /home/airflow/.local/lib/python3.12/site-packages/airflow/example_dags/example_task_group.py for tasks to queue
[2024-05-10T07:23:25.706+0000] {logging_mixin.py:188} INFO - [2024-05-10T07:23:25.705+0000] {dagbag.py:540} INFO - Filling up the DagBag from /home/airflow/.local/lib/python3.12/site-packages/airflow/example_dags/example_task_group.py
[2024-05-10T07:23:25.711+0000] {processor.py:840} INFO - DAG(s) 'example_task_group' retrieved from /home/airflow/.local/lib/python3.12/site-packages/airflow/example_dags/example_task_group.py
[2024-05-10T07:23:25.728+0000] {logging_mixin.py:188} INFO - [2024-05-10T07:23:25.727+0000] {dag.py:3096} INFO - Sync 1 DAGs
[2024-05-10T07:23:25.745+0000] {logging_mixin.py:188} INFO - [2024-05-10T07:23:25.745+0000] {dag.py:3954} INFO - Setting next_dagrun for example_task_group to 2024-05-09 00:00:00+00:00, run_after=2024-05-10 00:00:00+00:00
[2024-05-10T07:23:25.763+0000] {processor.py:183} INFO - Processing /home/airflow/.local/lib/python3.12/site-packages/airflow/example_dags/example_task_group.py took 0.064 seconds
[2024-05-10T07:23:56.505+0000] {processor.py:161} INFO - Started process (PID=224) to work on /home/airflow/.local/lib/python3.12/site-packages/airflow/example_dags/example_task_group.py
[2024-05-10T07:23:56.506+0000] {processor.py:830} INFO - Processing file /home/airflow/.local/lib/python3.12/site-packages/airflow/example_dags/example_task_group.py for tasks to queue
[2024-05-10T07:23:56.507+0000] {logging_mixin.py:188} INFO - [2024-05-10T07:23:56.507+0000] {dagbag.py:540} INFO - Filling up the DagBag from /home/airflow/.local/lib/python3.12/site-packages/airflow/example_dags/example_task_group.py
[2024-05-10T07:23:56.513+0000] {processor.py:840} INFO - DAG(s) 'example_task_group' retrieved from /home/airflow/.local/lib/python3.12/site-packages/airflow/example_dags/example_task_group.py
[2024-05-10T07:23:56.530+0000] {logging_mixin.py:188} INFO - [2024-05-10T07:23:56.529+0000] {dag.py:3096} INFO - Sync 1 DAGs
[2024-05-10T07:23:56.547+0000] {logging_mixin.py:188} INFO - [2024-05-10T07:23:56.547+0000] {dag.py:3954} INFO - Setting next_dagrun for example_task_group to 2024-05-09 00:00:00+00:00, run_after=2024-05-10 00:00:00+00:00
[2024-05-10T07:23:56.564+0000] {processor.py:183} INFO - Processing /home/airflow/.local/lib/python3.12/site-packages/airflow/example_dags/example_task_group.py took 0.064 seconds
[2024-05-10T07:24:27.115+0000] {processor.py:161} INFO - Started process (PID=281) to work on /home/airflow/.local/lib/python3.12/site-packages/airflow/example_dags/example_task_group.py
[2024-05-10T07:24:27.116+0000] {processor.py:830} INFO - Processing file /home/airflow/.local/lib/python3.12/site-packages/airflow/example_dags/example_task_group.py for tasks to queue
[2024-05-10T07:24:27.117+0000] {logging_mixin.py:188} INFO - [2024-05-10T07:24:27.117+0000] {dagbag.py:540} INFO - Filling up the DagBag from /home/airflow/.local/lib/python3.12/site-packages/airflow/example_dags/example_task_group.py
[2024-05-10T07:24:27.123+0000] {processor.py:840} INFO - DAG(s) 'example_task_group' retrieved from /home/airflow/.local/lib/python3.12/site-packages/airflow/example_dags/example_task_group.py
[2024-05-10T07:24:27.140+0000] {logging_mixin.py:188} INFO - [2024-05-10T07:24:27.140+0000] {dag.py:3096} INFO - Sync 1 DAGs
[2024-05-10T07:24:27.157+0000] {logging_mixin.py:188} INFO - [2024-05-10T07:24:27.157+0000] {dag.py:3954} INFO - Setting next_dagrun for example_task_group to 2024-05-09 00:00:00+00:00, run_after=2024-05-10 00:00:00+00:00
[2024-05-10T07:24:27.174+0000] {processor.py:183} INFO - Processing /home/airflow/.local/lib/python3.12/site-packages/airflow/example_dags/example_task_group.py took 0.064 seconds
[2024-05-10T07:24:57.627+0000] {processor.py:161} INFO - Started process (PID=339) to work on /home/airflow/.local/lib/python3.12/site-packages/airflow/example_dags/example_task_group.py
[2024-05-10T07:24:57.628+0000] {processor.py:830} INFO - Processing file /home/airflow/.local/lib/python3.12/site-packages/airflow/example_dags/example_task_group.py for tasks to queue
[2024-05-10T07:24:57.629+0000] {logging_mixin.py:188} INFO - [2024-05-10T07:24:57.629+0000] {dagbag.py:540} INFO - Filling up the DagBag from /home/airflow/.local/lib/python3.12/site-packages/airflow/example_dags/example_task_group.py
[2024-05-10T07:24:57.634+0000] {processor.py:840} INFO - DAG(s) 'example_task_group' retrieved from /home/airflow/.local/lib/python3.12/site-packages/airflow/example_dags/example_task_group.py
[2024-05-10T07:24:57.651+0000] {logging_mixin.py:188} INFO - [2024-05-10T07:24:57.651+0000] {dag.py:3096} INFO - Sync 1 DAGs
[2024-05-10T07:24:57.668+0000] {logging_mixin.py:188} INFO - [2024-05-10T07:24:57.668+0000] {dag.py:3954} INFO - Setting next_dagrun for example_task_group to 2024-05-09 00:00:00+00:00, run_after=2024-05-10 00:00:00+00:00
[2024-05-10T07:24:57.685+0000] {processor.py:183} INFO - Processing /home/airflow/.local/lib/python3.12/site-packages/airflow/example_dags/example_task_group.py took 0.063 seconds
[2024-05-10T07:25:28.158+0000] {processor.py:161} INFO - Started process (PID=397) to work on /home/airflow/.local/lib/python3.12/site-packages/airflow/example_dags/example_task_group.py
[2024-05-10T07:25:28.159+0000] {processor.py:830} INFO - Processing file /home/airflow/.local/lib/python3.12/site-packages/airflow/example_dags/example_task_group.py for tasks to queue
[2024-05-10T07:25:28.160+0000] {logging_mixin.py:188} INFO - [2024-05-10T07:25:28.160+0000] {dagbag.py:540} INFO - Filling up the DagBag from /home/airflow/.local/lib/python3.12/site-packages/airflow/example_dags/example_task_group.py
[2024-05-10T07:25:28.166+0000] {processor.py:840} INFO - DAG(s) 'example_task_group' retrieved from /home/airflow/.local/lib/python3.12/site-packages/airflow/example_dags/example_task_group.py
[2024-05-10T07:25:28.185+0000] {logging_mixin.py:188} INFO - [2024-05-10T07:25:28.184+0000] {dag.py:3096} INFO - Sync 1 DAGs
[2024-05-10T07:25:28.202+0000] {logging_mixin.py:188} INFO - [2024-05-10T07:25:28.202+0000] {dag.py:3954} INFO - Setting next_dagrun for example_task_group to 2024-05-09 00:00:00+00:00, run_after=2024-05-10 00:00:00+00:00
[2024-05-10T07:25:28.218+0000] {processor.py:183} INFO - Processing /home/airflow/.local/lib/python3.12/site-packages/airflow/example_dags/example_task_group.py took 0.064 seconds
[2024-05-10T07:25:58.281+0000] {processor.py:161} INFO - Started process (PID=455) to work on /home/airflow/.local/lib/python3.12/site-packages/airflow/example_dags/example_task_group.py
[2024-05-10T07:25:58.282+0000] {processor.py:830} INFO - Processing file /home/airflow/.local/lib/python3.12/site-packages/airflow/example_dags/example_task_group.py for tasks to queue
[2024-05-10T07:25:58.283+0000] {logging_mixin.py:188} INFO - [2024-05-10T07:25:58.283+0000] {dagbag.py:540} INFO - Filling up the DagBag from /home/airflow/.local/lib/python3.12/site-packages/airflow/example_dags/example_task_group.py
[2024-05-10T07:25:58.288+0000] {processor.py:840} INFO - DAG(s) 'example_task_group' retrieved from /home/airflow/.local/lib/python3.12/site-packages/airflow/example_dags/example_task_group.py
[2024-05-10T07:25:58.306+0000] {logging_mixin.py:188} INFO - [2024-05-10T07:25:58.306+0000] {dag.py:3096} INFO - Sync 1 DAGs
[2024-05-10T07:25:58.324+0000] {logging_mixin.py:188} INFO - [2024-05-10T07:25:58.323+0000] {dag.py:3954} INFO - Setting next_dagrun for example_task_group to 2024-05-09 00:00:00+00:00, run_after=2024-05-10 00:00:00+00:00
[2024-05-10T07:25:58.340+0000] {processor.py:183} INFO - Processing /home/airflow/.local/lib/python3.12/site-packages/airflow/example_dags/example_task_group.py took 0.063 seconds
[2024-05-10T07:26:28.794+0000] {processor.py:161} INFO - Started process (PID=513) to work on /home/airflow/.local/lib/python3.12/site-packages/airflow/example_dags/example_task_group.py
[2024-05-10T07:26:28.794+0000] {processor.py:830} INFO - Processing file /home/airflow/.local/lib/python3.12/site-packages/airflow/example_dags/example_task_group.py for tasks to queue
[2024-05-10T07:26:28.796+0000] {logging_mixin.py:188} INFO - [2024-05-10T07:26:28.795+0000] {dagbag.py:540} INFO - Filling up the DagBag from /home/airflow/.local/lib/python3.12/site-packages/airflow/example_dags/example_task_group.py
[2024-05-10T07:26:28.801+0000] {processor.py:840} INFO - DAG(s) 'example_task_group' retrieved from /home/airflow/.local/lib/python3.12/site-packages/airflow/example_dags/example_task_group.py
[2024-05-10T07:26:28.818+0000] {logging_mixin.py:188} INFO - [2024-05-10T07:26:28.818+0000] {dag.py:3096} INFO - Sync 1 DAGs
[2024-05-10T07:26:28.836+0000] {logging_mixin.py:188} INFO - [2024-05-10T07:26:28.835+0000] {dag.py:3954} INFO - Setting next_dagrun for example_task_group to 2024-05-09 00:00:00+00:00, run_after=2024-05-10 00:00:00+00:00
[2024-05-10T07:26:28.851+0000] {processor.py:183} INFO - Processing /home/airflow/.local/lib/python3.12/site-packages/airflow/example_dags/example_task_group.py took 0.062 seconds
[2024-05-10T07:26:59.371+0000] {processor.py:161} INFO - Started process (PID=571) to work on /home/airflow/.local/lib/python3.12/site-packages/airflow/example_dags/example_task_group.py
[2024-05-10T07:26:59.371+0000] {processor.py:830} INFO - Processing file /home/airflow/.local/lib/python3.12/site-packages/airflow/example_dags/example_task_group.py for tasks to queue
[2024-05-10T07:26:59.373+0000] {logging_mixin.py:188} INFO - [2024-05-10T07:26:59.372+0000] {dagbag.py:540} INFO - Filling up the DagBag from /home/airflow/.local/lib/python3.12/site-packages/airflow/example_dags/example_task_group.py
[2024-05-10T07:26:59.378+0000] {processor.py:840} INFO - DAG(s) 'example_task_group' retrieved from /home/airflow/.local/lib/python3.12/site-packages/airflow/example_dags/example_task_group.py
[2024-05-10T07:26:59.396+0000] {logging_mixin.py:188} INFO - [2024-05-10T07:26:59.395+0000] {dag.py:3096} INFO - Sync 1 DAGs
[2024-05-10T07:26:59.413+0000] {logging_mixin.py:188} INFO - [2024-05-10T07:26:59.413+0000] {dag.py:3954} INFO - Setting next_dagrun for example_task_group to 2024-05-09 00:00:00+00:00, run_after=2024-05-10 00:00:00+00:00
[2024-05-10T07:26:59.431+0000] {processor.py:183} INFO - Processing /home/airflow/.local/lib/python3.12/site-packages/airflow/example_dags/example_task_group.py took 0.065 seconds
[2024-05-10T07:27:29.871+0000] {processor.py:161} INFO - Started process (PID=629) to work on /home/airflow/.local/lib/python3.12/site-packages/airflow/example_dags/example_task_group.py
[2024-05-10T07:27:29.871+0000] {processor.py:830} INFO - Processing file /home/airflow/.local/lib/python3.12/site-packages/airflow/example_dags/example_task_group.py for tasks to queue
[2024-05-10T07:27:29.873+0000] {logging_mixin.py:188} INFO - [2024-05-10T07:27:29.872+0000] {dagbag.py:540} INFO - Filling up the DagBag from /home/airflow/.local/lib/python3.12/site-packages/airflow/example_dags/example_task_group.py
[2024-05-10T07:27:29.878+0000] {processor.py:840} INFO - DAG(s) 'example_task_group' retrieved from /home/airflow/.local/lib/python3.12/site-packages/airflow/example_dags/example_task_group.py
[2024-05-10T07:27:29.899+0000] {logging_mixin.py:188} INFO - [2024-05-10T07:27:29.899+0000] {dag.py:3096} INFO - Sync 1 DAGs
[2024-05-10T07:27:29.917+0000] {logging_mixin.py:188} INFO - [2024-05-10T07:27:29.917+0000] {dag.py:3954} INFO - Setting next_dagrun for example_task_group to 2024-05-09 00:00:00+00:00, run_after=2024-05-10 00:00:00+00:00
[2024-05-10T07:27:29.941+0000] {processor.py:183} INFO - Processing /home/airflow/.local/lib/python3.12/site-packages/airflow/example_dags/example_task_group.py took 0.075 seconds
[2024-05-10T07:28:00.672+0000] {processor.py:161} INFO - Started process (PID=687) to work on /home/airflow/.local/lib/python3.12/site-packages/airflow/example_dags/example_task_group.py
[2024-05-10T07:28:00.672+0000] {processor.py:830} INFO - Processing file /home/airflow/.local/lib/python3.12/site-packages/airflow/example_dags/example_task_group.py for tasks to queue
[2024-05-10T07:28:00.674+0000] {logging_mixin.py:188} INFO - [2024-05-10T07:28:00.673+0000] {dagbag.py:540} INFO - Filling up the DagBag from /home/airflow/.local/lib/python3.12/site-packages/airflow/example_dags/example_task_group.py
[2024-05-10T07:28:00.679+0000] {processor.py:840} INFO - DAG(s) 'example_task_group' retrieved from /home/airflow/.local/lib/python3.12/site-packages/airflow/example_dags/example_task_group.py
[2024-05-10T07:28:00.696+0000] {logging_mixin.py:188} INFO - [2024-05-10T07:28:00.696+0000] {dag.py:3096} INFO - Sync 1 DAGs
[2024-05-10T07:28:00.714+0000] {logging_mixin.py:188} INFO - [2024-05-10T07:28:00.714+0000] {dag.py:3954} INFO - Setting next_dagrun for example_task_group to 2024-05-09 00:00:00+00:00, run_after=2024-05-10 00:00:00+00:00
[2024-05-10T07:28:00.730+0000] {processor.py:183} INFO - Processing /home/airflow/.local/lib/python3.12/site-packages/airflow/example_dags/example_task_group.py took 0.070 seconds
[2024-05-10T07:28:30.782+0000] {processor.py:161} INFO - Started process (PID=745) to work on /home/airflow/.local/lib/python3.12/site-packages/airflow/example_dags/example_task_group.py
[2024-05-10T07:28:30.783+0000] {processor.py:830} INFO - Processing file /home/airflow/.local/lib/python3.12/site-packages/airflow/example_dags/example_task_group.py for tasks to queue
[2024-05-10T07:28:30.784+0000] {logging_mixin.py:188} INFO - [2024-05-10T07:28:30.784+0000] {dagbag.py:540} INFO - Filling up the DagBag from /home/airflow/.local/lib/python3.12/site-packages/airflow/example_dags/example_task_group.py
[2024-05-10T07:28:30.790+0000] {processor.py:840} INFO - DAG(s) 'example_task_group' retrieved from /home/airflow/.local/lib/python3.12/site-packages/airflow/example_dags/example_task_group.py
[2024-05-10T07:28:30.807+0000] {logging_mixin.py:188} INFO - [2024-05-10T07:28:30.806+0000] {dag.py:3096} INFO - Sync 1 DAGs
[2024-05-10T07:28:30.824+0000] {logging_mixin.py:188} INFO - [2024-05-10T07:28:30.824+0000] {dag.py:3954} INFO - Setting next_dagrun for example_task_group to 2024-05-09 00:00:00+00:00, run_after=2024-05-10 00:00:00+00:00
[2024-05-10T07:28:30.841+0000] {processor.py:183} INFO - Processing /home/airflow/.local/lib/python3.12/site-packages/airflow/example_dags/example_task_group.py took 0.063 seconds
[2024-05-10T07:29:01.283+0000] {processor.py:161} INFO - Started process (PID=803) to work on /home/airflow/.local/lib/python3.12/site-packages/airflow/example_dags/example_task_group.py
[2024-05-10T07:29:01.283+0000] {processor.py:830} INFO - Processing file /home/airflow/.local/lib/python3.12/site-packages/airflow/example_dags/example_task_group.py for tasks to queue
[2024-05-10T07:29:01.285+0000] {logging_mixin.py:188} INFO - [2024-05-10T07:29:01.285+0000] {dagbag.py:540} INFO - Filling up the DagBag from /home/airflow/.local/lib/python3.12/site-packages/airflow/example_dags/example_task_group.py
[2024-05-10T07:29:01.291+0000] {processor.py:840} INFO - DAG(s) 'example_task_group' retrieved from /home/airflow/.local/lib/python3.12/site-packages/airflow/example_dags/example_task_group.py
[2024-05-10T07:29:01.310+0000] {logging_mixin.py:188} INFO - [2024-05-10T07:29:01.309+0000] {dag.py:3096} INFO - Sync 1 DAGs
[2024-05-10T07:29:01.327+0000] {logging_mixin.py:188} INFO - [2024-05-10T07:29:01.327+0000] {dag.py:3954} INFO - Setting next_dagrun for example_task_group to 2024-05-09 00:00:00+00:00, run_after=2024-05-10 00:00:00+00:00
[2024-05-10T07:29:01.352+0000] {processor.py:183} INFO - Processing /home/airflow/.local/lib/python3.12/site-packages/airflow/example_dags/example_task_group.py took 0.074 seconds
[2024-05-10T07:29:31.647+0000] {processor.py:161} INFO - Started process (PID=861) to work on /home/airflow/.local/lib/python3.12/site-packages/airflow/example_dags/example_task_group.py
[2024-05-10T07:29:31.648+0000] {processor.py:830} INFO - Processing file /home/airflow/.local/lib/python3.12/site-packages/airflow/example_dags/example_task_group.py for tasks to queue
[2024-05-10T07:29:31.649+0000] {logging_mixin.py:188} INFO - [2024-05-10T07:29:31.649+0000] {dagbag.py:540} INFO - Filling up the DagBag from /home/airflow/.local/lib/python3.12/site-packages/airflow/example_dags/example_task_group.py
[2024-05-10T07:29:31.655+0000] {processor.py:840} INFO - DAG(s) 'example_task_group' retrieved from /home/airflow/.local/lib/python3.12/site-packages/airflow/example_dags/example_task_group.py
[2024-05-10T07:29:31.671+0000] {logging_mixin.py:188} INFO - [2024-05-10T07:29:31.671+0000] {dag.py:3096} INFO - Sync 1 DAGs
[2024-05-10T07:29:31.688+0000] {logging_mixin.py:188} INFO - [2024-05-10T07:29:31.687+0000] {dag.py:3954} INFO - Setting next_dagrun for example_task_group to 2024-05-09 00:00:00+00:00, run_after=2024-05-10 00:00:00+00:00
[2024-05-10T07:29:31.707+0000] {processor.py:183} INFO - Processing /home/airflow/.local/lib/python3.12/site-packages/airflow/example_dags/example_task_group.py took 0.064 seconds
[2024-05-10T07:30:02.303+0000] {processor.py:161} INFO - Started process (PID=919) to work on /home/airflow/.local/lib/python3.12/site-packages/airflow/example_dags/example_task_group.py
[2024-05-10T07:30:02.304+0000] {processor.py:830} INFO - Processing file /home/airflow/.local/lib/python3.12/site-packages/airflow/example_dags/example_task_group.py for tasks to queue
[2024-05-10T07:30:02.305+0000] {logging_mixin.py:188} INFO - [2024-05-10T07:30:02.305+0000] {dagbag.py:540} INFO - Filling up the DagBag from /home/airflow/.local/lib/python3.12/site-packages/airflow/example_dags/example_task_group.py
[2024-05-10T07:30:02.310+0000] {processor.py:840} INFO - DAG(s) 'example_task_group' retrieved from /home/airflow/.local/lib/python3.12/site-packages/airflow/example_dags/example_task_group.py
[2024-05-10T07:30:02.327+0000] {logging_mixin.py:188} INFO - [2024-05-10T07:30:02.327+0000] {dag.py:3096} INFO - Sync 1 DAGs
[2024-05-10T07:30:02.345+0000] {logging_mixin.py:188} INFO - [2024-05-10T07:30:02.344+0000] {dag.py:3954} INFO - Setting next_dagrun for example_task_group to 2024-05-09 00:00:00+00:00, run_after=2024-05-10 00:00:00+00:00
[2024-05-10T07:30:02.362+0000] {processor.py:183} INFO - Processing /home/airflow/.local/lib/python3.12/site-packages/airflow/example_dags/example_task_group.py took 0.064 seconds
[2024-05-10T07:30:33.272+0000] {processor.py:161} INFO - Started process (PID=978) to work on /home/airflow/.local/lib/python3.12/site-packages/airflow/example_dags/example_task_group.py
[2024-05-10T07:30:33.273+0000] {processor.py:830} INFO - Processing file /home/airflow/.local/lib/python3.12/site-packages/airflow/example_dags/example_task_group.py for tasks to queue
[2024-05-10T07:30:33.274+0000] {logging_mixin.py:188} INFO - [2024-05-10T07:30:33.274+0000] {dagbag.py:540} INFO - Filling up the DagBag from /home/airflow/.local/lib/python3.12/site-packages/airflow/example_dags/example_task_group.py
[2024-05-10T07:30:33.279+0000] {processor.py:840} INFO - DAG(s) 'example_task_group' retrieved from /home/airflow/.local/lib/python3.12/site-packages/airflow/example_dags/example_task_group.py
[2024-05-10T07:30:33.296+0000] {logging_mixin.py:188} INFO - [2024-05-10T07:30:33.296+0000] {dag.py:3096} INFO - Sync 1 DAGs
[2024-05-10T07:30:33.425+0000] {logging_mixin.py:188} INFO - [2024-05-10T07:30:33.425+0000] {dag.py:3954} INFO - Setting next_dagrun for example_task_group to 2024-05-09 00:00:00+00:00, run_after=2024-05-10 00:00:00+00:00
[2024-05-10T07:30:33.452+0000] {processor.py:183} INFO - Processing /home/airflow/.local/lib/python3.12/site-packages/airflow/example_dags/example_task_group.py took 0.185 seconds
[2024-05-10T07:31:03.494+0000] {processor.py:161} INFO - Started process (PID=1036) to work on /home/airflow/.local/lib/python3.12/site-packages/airflow/example_dags/example_task_group.py
[2024-05-10T07:31:03.495+0000] {processor.py:830} INFO - Processing file /home/airflow/.local/lib/python3.12/site-packages/airflow/example_dags/example_task_group.py for tasks to queue
[2024-05-10T07:31:03.496+0000] {logging_mixin.py:188} INFO - [2024-05-10T07:31:03.496+0000] {dagbag.py:540} INFO - Filling up the DagBag from /home/airflow/.local/lib/python3.12/site-packages/airflow/example_dags/example_task_group.py
[2024-05-10T07:31:03.502+0000] {processor.py:840} INFO - DAG(s) 'example_task_group' retrieved from /home/airflow/.local/lib/python3.12/site-packages/airflow/example_dags/example_task_group.py
[2024-05-10T07:31:03.519+0000] {logging_mixin.py:188} INFO - [2024-05-10T07:31:03.519+0000] {dag.py:3096} INFO - Sync 1 DAGs
[2024-05-10T07:31:03.536+0000] {logging_mixin.py:188} INFO - [2024-05-10T07:31:03.535+0000] {dag.py:3954} INFO - Setting next_dagrun for example_task_group to 2024-05-09 00:00:00+00:00, run_after=2024-05-10 00:00:00+00:00
[2024-05-10T07:31:03.658+0000] {processor.py:183} INFO - Processing /home/airflow/.local/lib/python3.12/site-packages/airflow/example_dags/example_task_group.py took 0.169 seconds
[2024-05-10T07:31:34.158+0000] {processor.py:161} INFO - Started process (PID=1094) to work on /home/airflow/.local/lib/python3.12/site-packages/airflow/example_dags/example_task_group.py
[2024-05-10T07:31:34.159+0000] {processor.py:830} INFO - Processing file /home/airflow/.local/lib/python3.12/site-packages/airflow/example_dags/example_task_group.py for tasks to queue
[2024-05-10T07:31:34.160+0000] {logging_mixin.py:188} INFO - [2024-05-10T07:31:34.160+0000] {dagbag.py:540} INFO - Filling up the DagBag from /home/airflow/.local/lib/python3.12/site-packages/airflow/example_dags/example_task_group.py
[2024-05-10T07:31:34.166+0000] {processor.py:840} INFO - DAG(s) 'example_task_group' retrieved from /home/airflow/.local/lib/python3.12/site-packages/airflow/example_dags/example_task_group.py
[2024-05-10T07:31:34.183+0000] {logging_mixin.py:188} INFO - [2024-05-10T07:31:34.182+0000] {dag.py:3096} INFO - Sync 1 DAGs
[2024-05-10T07:31:34.200+0000] {logging_mixin.py:188} INFO - [2024-05-10T07:31:34.200+0000] {dag.py:3954} INFO - Setting next_dagrun for example_task_group to 2024-05-09 00:00:00+00:00, run_after=2024-05-10 00:00:00+00:00
[2024-05-10T07:31:34.219+0000] {processor.py:183} INFO - Processing /home/airflow/.local/lib/python3.12/site-packages/airflow/example_dags/example_task_group.py took 0.066 seconds
[2024-05-10T07:32:05.009+0000] {processor.py:161} INFO - Started process (PID=1152) to work on /home/airflow/.local/lib/python3.12/site-packages/airflow/example_dags/example_task_group.py
[2024-05-10T07:32:05.012+0000] {processor.py:830} INFO - Processing file /home/airflow/.local/lib/python3.12/site-packages/airflow/example_dags/example_task_group.py for tasks to queue
[2024-05-10T07:32:05.014+0000] {logging_mixin.py:188} INFO - [2024-05-10T07:32:05.014+0000] {dagbag.py:540} INFO - Filling up the DagBag from /home/airflow/.local/lib/python3.12/site-packages/airflow/example_dags/example_task_group.py
[2024-05-10T07:32:05.025+0000] {processor.py:840} INFO - DAG(s) 'example_task_group' retrieved from /home/airflow/.local/lib/python3.12/site-packages/airflow/example_dags/example_task_group.py
[2024-05-10T07:32:05.048+0000] {logging_mixin.py:188} INFO - [2024-05-10T07:32:05.048+0000] {dag.py:3096} INFO - Sync 1 DAGs
[2024-05-10T07:32:05.071+0000] {logging_mixin.py:188} INFO - [2024-05-10T07:32:05.071+0000] {dag.py:3954} INFO - Setting next_dagrun for example_task_group to 2024-05-09 00:00:00+00:00, run_after=2024-05-10 00:00:00+00:00
[2024-05-10T07:32:05.097+0000] {processor.py:183} INFO - Processing /home/airflow/.local/lib/python3.12/site-packages/airflow/example_dags/example_task_group.py took 0.099 seconds
[2024-05-10T07:32:35.604+0000] {processor.py:161} INFO - Started process (PID=1211) to work on /home/airflow/.local/lib/python3.12/site-packages/airflow/example_dags/example_task_group.py
[2024-05-10T07:32:35.604+0000] {processor.py:830} INFO - Processing file /home/airflow/.local/lib/python3.12/site-packages/airflow/example_dags/example_task_group.py for tasks to queue
[2024-05-10T07:32:35.606+0000] {logging_mixin.py:188} INFO - [2024-05-10T07:32:35.605+0000] {dagbag.py:540} INFO - Filling up the DagBag from /home/airflow/.local/lib/python3.12/site-packages/airflow/example_dags/example_task_group.py
[2024-05-10T07:32:35.611+0000] {processor.py:840} INFO - DAG(s) 'example_task_group' retrieved from /home/airflow/.local/lib/python3.12/site-packages/airflow/example_dags/example_task_group.py
[2024-05-10T07:32:35.628+0000] {logging_mixin.py:188} INFO - [2024-05-10T07:32:35.628+0000] {dag.py:3096} INFO - Sync 1 DAGs
[2024-05-10T07:32:35.646+0000] {logging_mixin.py:188} INFO - [2024-05-10T07:32:35.646+0000] {dag.py:3954} INFO - Setting next_dagrun for example_task_group to 2024-05-09 00:00:00+00:00, run_after=2024-05-10 00:00:00+00:00
[2024-05-10T07:32:35.663+0000] {processor.py:183} INFO - Processing /home/airflow/.local/lib/python3.12/site-packages/airflow/example_dags/example_task_group.py took 0.063 seconds
[2024-05-10T07:33:06.318+0000] {processor.py:161} INFO - Started process (PID=1269) to work on /home/airflow/.local/lib/python3.12/site-packages/airflow/example_dags/example_task_group.py
[2024-05-10T07:33:06.319+0000] {processor.py:830} INFO - Processing file /home/airflow/.local/lib/python3.12/site-packages/airflow/example_dags/example_task_group.py for tasks to queue
[2024-05-10T07:33:06.320+0000] {logging_mixin.py:188} INFO - [2024-05-10T07:33:06.320+0000] {dagbag.py:540} INFO - Filling up the DagBag from /home/airflow/.local/lib/python3.12/site-packages/airflow/example_dags/example_task_group.py
[2024-05-10T07:33:06.328+0000] {processor.py:840} INFO - DAG(s) 'example_task_group' retrieved from /home/airflow/.local/lib/python3.12/site-packages/airflow/example_dags/example_task_group.py
[2024-05-10T07:33:06.348+0000] {logging_mixin.py:188} INFO - [2024-05-10T07:33:06.348+0000] {dag.py:3096} INFO - Sync 1 DAGs
[2024-05-10T07:33:06.367+0000] {logging_mixin.py:188} INFO - [2024-05-10T07:33:06.367+0000] {dag.py:3954} INFO - Setting next_dagrun for example_task_group to 2024-05-09 00:00:00+00:00, run_after=2024-05-10 00:00:00+00:00
[2024-05-10T07:33:06.385+0000] {processor.py:183} INFO - Processing /home/airflow/.local/lib/python3.12/site-packages/airflow/example_dags/example_task_group.py took 0.072 seconds
[2024-05-10T07:33:36.970+0000] {processor.py:161} INFO - Started process (PID=1329) to work on /home/airflow/.local/lib/python3.12/site-packages/airflow/example_dags/example_task_group.py
[2024-05-10T07:33:36.971+0000] {processor.py:830} INFO - Processing file /home/airflow/.local/lib/python3.12/site-packages/airflow/example_dags/example_task_group.py for tasks to queue
[2024-05-10T07:33:36.972+0000] {logging_mixin.py:188} INFO - [2024-05-10T07:33:36.972+0000] {dagbag.py:540} INFO - Filling up the DagBag from /home/airflow/.local/lib/python3.12/site-packages/airflow/example_dags/example_task_group.py
[2024-05-10T07:33:36.978+0000] {processor.py:840} INFO - DAG(s) 'example_task_group' retrieved from /home/airflow/.local/lib/python3.12/site-packages/airflow/example_dags/example_task_group.py
[2024-05-10T07:33:36.995+0000] {logging_mixin.py:188} INFO - [2024-05-10T07:33:36.995+0000] {dag.py:3096} INFO - Sync 1 DAGs
[2024-05-10T07:33:37.013+0000] {logging_mixin.py:188} INFO - [2024-05-10T07:33:37.013+0000] {dag.py:3954} INFO - Setting next_dagrun for example_task_group to 2024-05-09 00:00:00+00:00, run_after=2024-05-10 00:00:00+00:00
[2024-05-10T07:33:37.029+0000] {processor.py:183} INFO - Processing /home/airflow/.local/lib/python3.12/site-packages/airflow/example_dags/example_task_group.py took 0.063 seconds
[2024-05-10T07:34:07.551+0000] {processor.py:161} INFO - Started process (PID=1389) to work on /home/airflow/.local/lib/python3.12/site-packages/airflow/example_dags/example_task_group.py
[2024-05-10T07:34:07.552+0000] {processor.py:830} INFO - Processing file /home/airflow/.local/lib/python3.12/site-packages/airflow/example_dags/example_task_group.py for tasks to queue
[2024-05-10T07:34:07.553+0000] {logging_mixin.py:188} INFO - [2024-05-10T07:34:07.553+0000] {dagbag.py:540} INFO - Filling up the DagBag from /home/airflow/.local/lib/python3.12/site-packages/airflow/example_dags/example_task_group.py
[2024-05-10T07:34:07.560+0000] {processor.py:840} INFO - DAG(s) 'example_task_group' retrieved from /home/airflow/.local/lib/python3.12/site-packages/airflow/example_dags/example_task_group.py
[2024-05-10T07:34:07.578+0000] {logging_mixin.py:188} INFO - [2024-05-10T07:34:07.578+0000] {dag.py:3096} INFO - Sync 1 DAGs
[2024-05-10T07:34:07.598+0000] {logging_mixin.py:188} INFO - [2024-05-10T07:34:07.597+0000] {dag.py:3954} INFO - Setting next_dagrun for example_task_group to 2024-05-09 00:00:00+00:00, run_after=2024-05-10 00:00:00+00:00
[2024-05-10T07:34:07.619+0000] {processor.py:183} INFO - Processing /home/airflow/.local/lib/python3.12/site-packages/airflow/example_dags/example_task_group.py took 0.072 seconds
[2024-05-10T07:34:38.337+0000] {processor.py:161} INFO - Started process (PID=1448) to work on /home/airflow/.local/lib/python3.12/site-packages/airflow/example_dags/example_task_group.py
[2024-05-10T07:34:38.337+0000] {processor.py:830} INFO - Processing file /home/airflow/.local/lib/python3.12/site-packages/airflow/example_dags/example_task_group.py for tasks to queue
[2024-05-10T07:34:38.339+0000] {logging_mixin.py:188} INFO - [2024-05-10T07:34:38.338+0000] {dagbag.py:540} INFO - Filling up the DagBag from /home/airflow/.local/lib/python3.12/site-packages/airflow/example_dags/example_task_group.py
[2024-05-10T07:34:38.344+0000] {processor.py:840} INFO - DAG(s) 'example_task_group' retrieved from /home/airflow/.local/lib/python3.12/site-packages/airflow/example_dags/example_task_group.py
[2024-05-10T07:34:38.361+0000] {logging_mixin.py:188} INFO - [2024-05-10T07:34:38.361+0000] {dag.py:3096} INFO - Sync 1 DAGs
[2024-05-10T07:34:38.379+0000] {logging_mixin.py:188} INFO - [2024-05-10T07:34:38.379+0000] {dag.py:3954} INFO - Setting next_dagrun for example_task_group to 2024-05-09 00:00:00+00:00, run_after=2024-05-10 00:00:00+00:00
[2024-05-10T07:34:38.396+0000] {processor.py:183} INFO - Processing /home/airflow/.local/lib/python3.12/site-packages/airflow/example_dags/example_task_group.py took 0.064 seconds
[2024-05-10T07:35:08.939+0000] {processor.py:161} INFO - Started process (PID=1507) to work on /home/airflow/.local/lib/python3.12/site-packages/airflow/example_dags/example_task_group.py
[2024-05-10T07:35:08.940+0000] {processor.py:830} INFO - Processing file /home/airflow/.local/lib/python3.12/site-packages/airflow/example_dags/example_task_group.py for tasks to queue
[2024-05-10T07:35:08.941+0000] {logging_mixin.py:188} INFO - [2024-05-10T07:35:08.941+0000] {dagbag.py:540} INFO - Filling up the DagBag from /home/airflow/.local/lib/python3.12/site-packages/airflow/example_dags/example_task_group.py
[2024-05-10T07:35:08.947+0000] {processor.py:840} INFO - DAG(s) 'example_task_group' retrieved from /home/airflow/.local/lib/python3.12/site-packages/airflow/example_dags/example_task_group.py
[2024-05-10T07:35:08.964+0000] {logging_mixin.py:188} INFO - [2024-05-10T07:35:08.964+0000] {dag.py:3096} INFO - Sync 1 DAGs
[2024-05-10T07:35:08.983+0000] {logging_mixin.py:188} INFO - [2024-05-10T07:35:08.983+0000] {dag.py:3954} INFO - Setting next_dagrun for example_task_group to 2024-05-09 00:00:00+00:00, run_after=2024-05-10 00:00:00+00:00
[2024-05-10T07:35:09.008+0000] {processor.py:183} INFO - Processing /home/airflow/.local/lib/python3.12/site-packages/airflow/example_dags/example_task_group.py took 0.074 seconds
[2024-05-10T07:35:39.816+0000] {processor.py:161} INFO - Started process (PID=1572) to work on /home/airflow/.local/lib/python3.12/site-packages/airflow/example_dags/example_task_group.py
[2024-05-10T07:35:39.817+0000] {processor.py:830} INFO - Processing file /home/airflow/.local/lib/python3.12/site-packages/airflow/example_dags/example_task_group.py for tasks to queue
[2024-05-10T07:35:39.818+0000] {logging_mixin.py:188} INFO - [2024-05-10T07:35:39.818+0000] {dagbag.py:540} INFO - Filling up the DagBag from /home/airflow/.local/lib/python3.12/site-packages/airflow/example_dags/example_task_group.py
[2024-05-10T07:35:39.824+0000] {processor.py:840} INFO - DAG(s) 'example_task_group' retrieved from /home/airflow/.local/lib/python3.12/site-packages/airflow/example_dags/example_task_group.py
[2024-05-10T07:35:39.841+0000] {logging_mixin.py:188} INFO - [2024-05-10T07:35:39.841+0000] {dag.py:3096} INFO - Sync 1 DAGs
[2024-05-10T07:35:39.860+0000] {logging_mixin.py:188} INFO - [2024-05-10T07:35:39.859+0000] {dag.py:3954} INFO - Setting next_dagrun for example_task_group to 2024-05-09 00:00:00+00:00, run_after=2024-05-10 00:00:00+00:00
[2024-05-10T07:35:39.885+0000] {processor.py:183} INFO - Processing /home/airflow/.local/lib/python3.12/site-packages/airflow/example_dags/example_task_group.py took 0.073 seconds
[2024-05-10T07:36:10.252+0000] {processor.py:161} INFO - Started process (PID=1631) to work on /home/airflow/.local/lib/python3.12/site-packages/airflow/example_dags/example_task_group.py
[2024-05-10T07:36:10.253+0000] {processor.py:830} INFO - Processing file /home/airflow/.local/lib/python3.12/site-packages/airflow/example_dags/example_task_group.py for tasks to queue
[2024-05-10T07:36:10.255+0000] {logging_mixin.py:188} INFO - [2024-05-10T07:36:10.254+0000] {dagbag.py:540} INFO - Filling up the DagBag from /home/airflow/.local/lib/python3.12/site-packages/airflow/example_dags/example_task_group.py
[2024-05-10T07:36:10.261+0000] {processor.py:840} INFO - DAG(s) 'example_task_group' retrieved from /home/airflow/.local/lib/python3.12/site-packages/airflow/example_dags/example_task_group.py
[2024-05-10T07:36:10.291+0000] {logging_mixin.py:188} INFO - [2024-05-10T07:36:10.291+0000] {dag.py:3096} INFO - Sync 1 DAGs
[2024-05-10T07:36:10.310+0000] {logging_mixin.py:188} INFO - [2024-05-10T07:36:10.310+0000] {dag.py:3954} INFO - Setting next_dagrun for example_task_group to 2024-05-09 00:00:00+00:00, run_after=2024-05-10 00:00:00+00:00
[2024-05-10T07:36:10.341+0000] {processor.py:183} INFO - Processing /home/airflow/.local/lib/python3.12/site-packages/airflow/example_dags/example_task_group.py took 0.096 seconds
[2024-05-10T07:36:40.394+0000] {processor.py:161} INFO - Started process (PID=1689) to work on /home/airflow/.local/lib/python3.12/site-packages/airflow/example_dags/example_task_group.py
[2024-05-10T07:36:40.395+0000] {processor.py:830} INFO - Processing file /home/airflow/.local/lib/python3.12/site-packages/airflow/example_dags/example_task_group.py for tasks to queue
[2024-05-10T07:36:40.396+0000] {logging_mixin.py:188} INFO - [2024-05-10T07:36:40.396+0000] {dagbag.py:540} INFO - Filling up the DagBag from /home/airflow/.local/lib/python3.12/site-packages/airflow/example_dags/example_task_group.py
[2024-05-10T07:36:40.402+0000] {processor.py:840} INFO - DAG(s) 'example_task_group' retrieved from /home/airflow/.local/lib/python3.12/site-packages/airflow/example_dags/example_task_group.py
[2024-05-10T07:36:40.420+0000] {logging_mixin.py:188} INFO - [2024-05-10T07:36:40.420+0000] {dag.py:3096} INFO - Sync 1 DAGs
[2024-05-10T07:36:40.439+0000] {logging_mixin.py:188} INFO - [2024-05-10T07:36:40.438+0000] {dag.py:3954} INFO - Setting next_dagrun for example_task_group to 2024-05-09 00:00:00+00:00, run_after=2024-05-10 00:00:00+00:00
[2024-05-10T07:36:40.463+0000] {processor.py:183} INFO - Processing /home/airflow/.local/lib/python3.12/site-packages/airflow/example_dags/example_task_group.py took 0.074 seconds
[2024-05-10T07:37:10.494+0000] {processor.py:161} INFO - Started process (PID=1748) to work on /home/airflow/.local/lib/python3.12/site-packages/airflow/example_dags/example_task_group.py
[2024-05-10T07:37:10.494+0000] {processor.py:830} INFO - Processing file /home/airflow/.local/lib/python3.12/site-packages/airflow/example_dags/example_task_group.py for tasks to queue
[2024-05-10T07:37:10.496+0000] {logging_mixin.py:188} INFO - [2024-05-10T07:37:10.495+0000] {dagbag.py:540} INFO - Filling up the DagBag from /home/airflow/.local/lib/python3.12/site-packages/airflow/example_dags/example_task_group.py
[2024-05-10T07:37:10.502+0000] {processor.py:840} INFO - DAG(s) 'example_task_group' retrieved from /home/airflow/.local/lib/python3.12/site-packages/airflow/example_dags/example_task_group.py
[2024-05-10T07:37:10.524+0000] {logging_mixin.py:188} INFO - [2024-05-10T07:37:10.524+0000] {dag.py:3096} INFO - Sync 1 DAGs
[2024-05-10T07:37:10.552+0000] {logging_mixin.py:188} INFO - [2024-05-10T07:37:10.552+0000] {dag.py:3954} INFO - Setting next_dagrun for example_task_group to 2024-05-09 00:00:00+00:00, run_after=2024-05-10 00:00:00+00:00
[2024-05-10T07:37:10.585+0000] {processor.py:183} INFO - Processing /home/airflow/.local/lib/python3.12/site-packages/airflow/example_dags/example_task_group.py took 0.096 seconds
[2024-05-10T07:37:40.671+0000] {processor.py:161} INFO - Started process (PID=1807) to work on /home/airflow/.local/lib/python3.12/site-packages/airflow/example_dags/example_task_group.py
[2024-05-10T07:37:40.672+0000] {processor.py:830} INFO - Processing file /home/airflow/.local/lib/python3.12/site-packages/airflow/example_dags/example_task_group.py for tasks to queue
[2024-05-10T07:37:40.673+0000] {logging_mixin.py:188} INFO - [2024-05-10T07:37:40.673+0000] {dagbag.py:540} INFO - Filling up the DagBag from /home/airflow/.local/lib/python3.12/site-packages/airflow/example_dags/example_task_group.py
[2024-05-10T07:37:40.679+0000] {processor.py:840} INFO - DAG(s) 'example_task_group' retrieved from /home/airflow/.local/lib/python3.12/site-packages/airflow/example_dags/example_task_group.py
[2024-05-10T07:37:40.696+0000] {logging_mixin.py:188} INFO - [2024-05-10T07:37:40.696+0000] {dag.py:3096} INFO - Sync 1 DAGs
[2024-05-10T07:37:40.715+0000] {logging_mixin.py:188} INFO - [2024-05-10T07:37:40.715+0000] {dag.py:3954} INFO - Setting next_dagrun for example_task_group to 2024-05-09 00:00:00+00:00, run_after=2024-05-10 00:00:00+00:00
[2024-05-10T07:37:40.741+0000] {processor.py:183} INFO - Processing /home/airflow/.local/lib/python3.12/site-packages/airflow/example_dags/example_task_group.py took 0.075 seconds
[2024-05-10T07:38:11.372+0000] {processor.py:161} INFO - Started process (PID=1866) to work on /home/airflow/.local/lib/python3.12/site-packages/airflow/example_dags/example_task_group.py
[2024-05-10T07:38:11.373+0000] {processor.py:830} INFO - Processing file /home/airflow/.local/lib/python3.12/site-packages/airflow/example_dags/example_task_group.py for tasks to queue
[2024-05-10T07:38:11.374+0000] {logging_mixin.py:188} INFO - [2024-05-10T07:38:11.374+0000] {dagbag.py:540} INFO - Filling up the DagBag from /home/airflow/.local/lib/python3.12/site-packages/airflow/example_dags/example_task_group.py
[2024-05-10T07:38:11.380+0000] {processor.py:840} INFO - DAG(s) 'example_task_group' retrieved from /home/airflow/.local/lib/python3.12/site-packages/airflow/example_dags/example_task_group.py
[2024-05-10T07:38:11.398+0000] {logging_mixin.py:188} INFO - [2024-05-10T07:38:11.398+0000] {dag.py:3096} INFO - Sync 1 DAGs
[2024-05-10T07:38:11.416+0000] {logging_mixin.py:188} INFO - [2024-05-10T07:38:11.416+0000] {dag.py:3954} INFO - Setting next_dagrun for example_task_group to 2024-05-09 00:00:00+00:00, run_after=2024-05-10 00:00:00+00:00
[2024-05-10T07:38:11.442+0000] {processor.py:183} INFO - Processing /home/airflow/.local/lib/python3.12/site-packages/airflow/example_dags/example_task_group.py took 0.074 seconds
[2024-05-10T07:38:42.050+0000] {processor.py:161} INFO - Started process (PID=1924) to work on /home/airflow/.local/lib/python3.12/site-packages/airflow/example_dags/example_task_group.py
[2024-05-10T07:38:42.050+0000] {processor.py:830} INFO - Processing file /home/airflow/.local/lib/python3.12/site-packages/airflow/example_dags/example_task_group.py for tasks to queue
[2024-05-10T07:38:42.052+0000] {logging_mixin.py:188} INFO - [2024-05-10T07:38:42.052+0000] {dagbag.py:540} INFO - Filling up the DagBag from /home/airflow/.local/lib/python3.12/site-packages/airflow/example_dags/example_task_group.py
[2024-05-10T07:38:42.058+0000] {processor.py:840} INFO - DAG(s) 'example_task_group' retrieved from /home/airflow/.local/lib/python3.12/site-packages/airflow/example_dags/example_task_group.py
[2024-05-10T07:38:42.088+0000] {logging_mixin.py:188} INFO - [2024-05-10T07:38:42.088+0000] {dag.py:3096} INFO - Sync 1 DAGs
[2024-05-10T07:38:42.107+0000] {logging_mixin.py:188} INFO - [2024-05-10T07:38:42.107+0000] {dag.py:3954} INFO - Setting next_dagrun for example_task_group to 2024-05-09 00:00:00+00:00, run_after=2024-05-10 00:00:00+00:00
[2024-05-10T07:38:42.130+0000] {processor.py:183} INFO - Processing /home/airflow/.local/lib/python3.12/site-packages/airflow/example_dags/example_task_group.py took 0.085 seconds
[2024-05-10T07:39:12.839+0000] {processor.py:161} INFO - Started process (PID=1983) to work on /home/airflow/.local/lib/python3.12/site-packages/airflow/example_dags/example_task_group.py
[2024-05-10T07:39:12.840+0000] {processor.py:830} INFO - Processing file /home/airflow/.local/lib/python3.12/site-packages/airflow/example_dags/example_task_group.py for tasks to queue
[2024-05-10T07:39:12.841+0000] {logging_mixin.py:188} INFO - [2024-05-10T07:39:12.841+0000] {dagbag.py:540} INFO - Filling up the DagBag from /home/airflow/.local/lib/python3.12/site-packages/airflow/example_dags/example_task_group.py
[2024-05-10T07:39:12.847+0000] {processor.py:840} INFO - DAG(s) 'example_task_group' retrieved from /home/airflow/.local/lib/python3.12/site-packages/airflow/example_dags/example_task_group.py
[2024-05-10T07:39:12.864+0000] {logging_mixin.py:188} INFO - [2024-05-10T07:39:12.864+0000] {dag.py:3096} INFO - Sync 1 DAGs
[2024-05-10T07:39:12.882+0000] {logging_mixin.py:188} INFO - [2024-05-10T07:39:12.882+0000] {dag.py:3954} INFO - Setting next_dagrun for example_task_group to 2024-05-09 00:00:00+00:00, run_after=2024-05-10 00:00:00+00:00
[2024-05-10T07:39:12.908+0000] {processor.py:183} INFO - Processing /home/airflow/.local/lib/python3.12/site-packages/airflow/example_dags/example_task_group.py took 0.073 seconds
[2024-05-10T07:39:43.233+0000] {processor.py:161} INFO - Started process (PID=2041) to work on /home/airflow/.local/lib/python3.12/site-packages/airflow/example_dags/example_task_group.py
[2024-05-10T07:39:43.234+0000] {processor.py:830} INFO - Processing file /home/airflow/.local/lib/python3.12/site-packages/airflow/example_dags/example_task_group.py for tasks to queue
[2024-05-10T07:39:43.236+0000] {logging_mixin.py:188} INFO - [2024-05-10T07:39:43.236+0000] {dagbag.py:540} INFO - Filling up the DagBag from /home/airflow/.local/lib/python3.12/site-packages/airflow/example_dags/example_task_group.py
[2024-05-10T07:39:43.245+0000] {processor.py:840} INFO - DAG(s) 'example_task_group' retrieved from /home/airflow/.local/lib/python3.12/site-packages/airflow/example_dags/example_task_group.py
[2024-05-10T07:39:43.266+0000] {logging_mixin.py:188} INFO - [2024-05-10T07:39:43.266+0000] {dag.py:3096} INFO - Sync 1 DAGs
[2024-05-10T07:39:43.285+0000] {logging_mixin.py:188} INFO - [2024-05-10T07:39:43.285+0000] {dag.py:3954} INFO - Setting next_dagrun for example_task_group to 2024-05-09 00:00:00+00:00, run_after=2024-05-10 00:00:00+00:00
[2024-05-10T07:39:43.308+0000] {processor.py:183} INFO - Processing /home/airflow/.local/lib/python3.12/site-packages/airflow/example_dags/example_task_group.py took 0.082 seconds
[2024-05-10T07:40:14.172+0000] {processor.py:161} INFO - Started process (PID=2100) to work on /home/airflow/.local/lib/python3.12/site-packages/airflow/example_dags/example_task_group.py
[2024-05-10T07:40:14.173+0000] {processor.py:830} INFO - Processing file /home/airflow/.local/lib/python3.12/site-packages/airflow/example_dags/example_task_group.py for tasks to queue
[2024-05-10T07:40:14.174+0000] {logging_mixin.py:188} INFO - [2024-05-10T07:40:14.174+0000] {dagbag.py:540} INFO - Filling up the DagBag from /home/airflow/.local/lib/python3.12/site-packages/airflow/example_dags/example_task_group.py
[2024-05-10T07:40:14.180+0000] {processor.py:840} INFO - DAG(s) 'example_task_group' retrieved from /home/airflow/.local/lib/python3.12/site-packages/airflow/example_dags/example_task_group.py
[2024-05-10T07:40:14.197+0000] {logging_mixin.py:188} INFO - [2024-05-10T07:40:14.197+0000] {dag.py:3096} INFO - Sync 1 DAGs
[2024-05-10T07:40:14.215+0000] {logging_mixin.py:188} INFO - [2024-05-10T07:40:14.215+0000] {dag.py:3954} INFO - Setting next_dagrun for example_task_group to 2024-05-09 00:00:00+00:00, run_after=2024-05-10 00:00:00+00:00
[2024-05-10T07:40:14.241+0000] {processor.py:183} INFO - Processing /home/airflow/.local/lib/python3.12/site-packages/airflow/example_dags/example_task_group.py took 0.074 seconds
[2024-05-10T07:40:44.840+0000] {processor.py:161} INFO - Started process (PID=2159) to work on /home/airflow/.local/lib/python3.12/site-packages/airflow/example_dags/example_task_group.py
[2024-05-10T07:40:44.840+0000] {processor.py:830} INFO - Processing file /home/airflow/.local/lib/python3.12/site-packages/airflow/example_dags/example_task_group.py for tasks to queue
[2024-05-10T07:40:44.842+0000] {logging_mixin.py:188} INFO - [2024-05-10T07:40:44.841+0000] {dagbag.py:540} INFO - Filling up the DagBag from /home/airflow/.local/lib/python3.12/site-packages/airflow/example_dags/example_task_group.py
[2024-05-10T07:40:44.847+0000] {processor.py:840} INFO - DAG(s) 'example_task_group' retrieved from /home/airflow/.local/lib/python3.12/site-packages/airflow/example_dags/example_task_group.py
[2024-05-10T07:40:44.864+0000] {logging_mixin.py:188} INFO - [2024-05-10T07:40:44.864+0000] {dag.py:3096} INFO - Sync 1 DAGs
[2024-05-10T07:40:44.883+0000] {logging_mixin.py:188} INFO - [2024-05-10T07:40:44.883+0000] {dag.py:3954} INFO - Setting next_dagrun for example_task_group to 2024-05-09 00:00:00+00:00, run_after=2024-05-10 00:00:00+00:00
[2024-05-10T07:40:44.907+0000] {processor.py:183} INFO - Processing /home/airflow/.local/lib/python3.12/site-packages/airflow/example_dags/example_task_group.py took 0.072 seconds
[2024-05-10T07:41:15.438+0000] {processor.py:161} INFO - Started process (PID=2218) to work on /home/airflow/.local/lib/python3.12/site-packages/airflow/example_dags/example_task_group.py
[2024-05-10T07:41:15.438+0000] {processor.py:830} INFO - Processing file /home/airflow/.local/lib/python3.12/site-packages/airflow/example_dags/example_task_group.py for tasks to queue
[2024-05-10T07:41:15.440+0000] {logging_mixin.py:188} INFO - [2024-05-10T07:41:15.439+0000] {dagbag.py:540} INFO - Filling up the DagBag from /home/airflow/.local/lib/python3.12/site-packages/airflow/example_dags/example_task_group.py
[2024-05-10T07:41:15.446+0000] {processor.py:840} INFO - DAG(s) 'example_task_group' retrieved from /home/airflow/.local/lib/python3.12/site-packages/airflow/example_dags/example_task_group.py
[2024-05-10T07:41:15.463+0000] {logging_mixin.py:188} INFO - [2024-05-10T07:41:15.463+0000] {dag.py:3096} INFO - Sync 1 DAGs
[2024-05-10T07:41:15.482+0000] {logging_mixin.py:188} INFO - [2024-05-10T07:41:15.482+0000] {dag.py:3954} INFO - Setting next_dagrun for example_task_group to 2024-05-09 00:00:00+00:00, run_after=2024-05-10 00:00:00+00:00
[2024-05-10T07:41:15.504+0000] {processor.py:183} INFO - Processing /home/airflow/.local/lib/python3.12/site-packages/airflow/example_dags/example_task_group.py took 0.071 seconds
[2024-05-10T07:41:45.686+0000] {processor.py:161} INFO - Started process (PID=2277) to work on /home/airflow/.local/lib/python3.12/site-packages/airflow/example_dags/example_task_group.py
[2024-05-10T07:41:45.686+0000] {processor.py:830} INFO - Processing file /home/airflow/.local/lib/python3.12/site-packages/airflow/example_dags/example_task_group.py for tasks to queue
[2024-05-10T07:41:45.688+0000] {logging_mixin.py:188} INFO - [2024-05-10T07:41:45.688+0000] {dagbag.py:540} INFO - Filling up the DagBag from /home/airflow/.local/lib/python3.12/site-packages/airflow/example_dags/example_task_group.py
[2024-05-10T07:41:45.695+0000] {processor.py:840} INFO - DAG(s) 'example_task_group' retrieved from /home/airflow/.local/lib/python3.12/site-packages/airflow/example_dags/example_task_group.py
[2024-05-10T07:41:45.713+0000] {logging_mixin.py:188} INFO - [2024-05-10T07:41:45.713+0000] {dag.py:3096} INFO - Sync 1 DAGs
[2024-05-10T07:41:45.732+0000] {logging_mixin.py:188} INFO - [2024-05-10T07:41:45.732+0000] {dag.py:3954} INFO - Setting next_dagrun for example_task_group to 2024-05-09 00:00:00+00:00, run_after=2024-05-10 00:00:00+00:00
[2024-05-10T07:41:45.796+0000] {processor.py:183} INFO - Processing /home/airflow/.local/lib/python3.12/site-packages/airflow/example_dags/example_task_group.py took 0.120 seconds
[2024-05-10T07:42:15.939+0000] {processor.py:161} INFO - Started process (PID=2335) to work on /home/airflow/.local/lib/python3.12/site-packages/airflow/example_dags/example_task_group.py
[2024-05-10T07:42:15.940+0000] {processor.py:830} INFO - Processing file /home/airflow/.local/lib/python3.12/site-packages/airflow/example_dags/example_task_group.py for tasks to queue
[2024-05-10T07:42:15.941+0000] {logging_mixin.py:188} INFO - [2024-05-10T07:42:15.941+0000] {dagbag.py:540} INFO - Filling up the DagBag from /home/airflow/.local/lib/python3.12/site-packages/airflow/example_dags/example_task_group.py
[2024-05-10T07:42:15.947+0000] {processor.py:840} INFO - DAG(s) 'example_task_group' retrieved from /home/airflow/.local/lib/python3.12/site-packages/airflow/example_dags/example_task_group.py
[2024-05-10T07:42:15.966+0000] {logging_mixin.py:188} INFO - [2024-05-10T07:42:15.966+0000] {dag.py:3096} INFO - Sync 1 DAGs
[2024-05-10T07:42:15.984+0000] {logging_mixin.py:188} INFO - [2024-05-10T07:42:15.983+0000] {dag.py:3954} INFO - Setting next_dagrun for example_task_group to 2024-05-09 00:00:00+00:00, run_after=2024-05-10 00:00:00+00:00
[2024-05-10T07:42:16.010+0000] {processor.py:183} INFO - Processing /home/airflow/.local/lib/python3.12/site-packages/airflow/example_dags/example_task_group.py took 0.076 seconds
[2024-05-10T07:42:46.950+0000] {processor.py:161} INFO - Started process (PID=2394) to work on /home/airflow/.local/lib/python3.12/site-packages/airflow/example_dags/example_task_group.py
[2024-05-10T07:42:46.951+0000] {processor.py:830} INFO - Processing file /home/airflow/.local/lib/python3.12/site-packages/airflow/example_dags/example_task_group.py for tasks to queue
[2024-05-10T07:42:46.952+0000] {logging_mixin.py:188} INFO - [2024-05-10T07:42:46.952+0000] {dagbag.py:540} INFO - Filling up the DagBag from /home/airflow/.local/lib/python3.12/site-packages/airflow/example_dags/example_task_group.py
[2024-05-10T07:42:46.958+0000] {processor.py:840} INFO - DAG(s) 'example_task_group' retrieved from /home/airflow/.local/lib/python3.12/site-packages/airflow/example_dags/example_task_group.py
[2024-05-10T07:42:46.977+0000] {logging_mixin.py:188} INFO - [2024-05-10T07:42:46.977+0000] {dag.py:3096} INFO - Sync 1 DAGs
[2024-05-10T07:42:46.995+0000] {logging_mixin.py:188} INFO - [2024-05-10T07:42:46.995+0000] {dag.py:3954} INFO - Setting next_dagrun for example_task_group to 2024-05-09 00:00:00+00:00, run_after=2024-05-10 00:00:00+00:00
[2024-05-10T07:42:47.020+0000] {processor.py:183} INFO - Processing /home/airflow/.local/lib/python3.12/site-packages/airflow/example_dags/example_task_group.py took 0.075 seconds
[2024-05-10T07:43:17.504+0000] {processor.py:161} INFO - Started process (PID=2453) to work on /home/airflow/.local/lib/python3.12/site-packages/airflow/example_dags/example_task_group.py
[2024-05-10T07:43:17.505+0000] {processor.py:830} INFO - Processing file /home/airflow/.local/lib/python3.12/site-packages/airflow/example_dags/example_task_group.py for tasks to queue
[2024-05-10T07:43:17.506+0000] {logging_mixin.py:188} INFO - [2024-05-10T07:43:17.506+0000] {dagbag.py:540} INFO - Filling up the DagBag from /home/airflow/.local/lib/python3.12/site-packages/airflow/example_dags/example_task_group.py
[2024-05-10T07:43:17.512+0000] {processor.py:840} INFO - DAG(s) 'example_task_group' retrieved from /home/airflow/.local/lib/python3.12/site-packages/airflow/example_dags/example_task_group.py
[2024-05-10T07:43:17.529+0000] {logging_mixin.py:188} INFO - [2024-05-10T07:43:17.529+0000] {dag.py:3096} INFO - Sync 1 DAGs
[2024-05-10T07:43:17.547+0000] {logging_mixin.py:188} INFO - [2024-05-10T07:43:17.547+0000] {dag.py:3954} INFO - Setting next_dagrun for example_task_group to 2024-05-09 00:00:00+00:00, run_after=2024-05-10 00:00:00+00:00
[2024-05-10T07:43:17.574+0000] {processor.py:183} INFO - Processing /home/airflow/.local/lib/python3.12/site-packages/airflow/example_dags/example_task_group.py took 0.074 seconds
[2024-05-10T07:43:47.971+0000] {processor.py:161} INFO - Started process (PID=2512) to work on /home/airflow/.local/lib/python3.12/site-packages/airflow/example_dags/example_task_group.py
[2024-05-10T07:43:47.972+0000] {processor.py:830} INFO - Processing file /home/airflow/.local/lib/python3.12/site-packages/airflow/example_dags/example_task_group.py for tasks to queue
[2024-05-10T07:43:47.973+0000] {logging_mixin.py:188} INFO - [2024-05-10T07:43:47.973+0000] {dagbag.py:540} INFO - Filling up the DagBag from /home/airflow/.local/lib/python3.12/site-packages/airflow/example_dags/example_task_group.py
[2024-05-10T07:43:47.979+0000] {processor.py:840} INFO - DAG(s) 'example_task_group' retrieved from /home/airflow/.local/lib/python3.12/site-packages/airflow/example_dags/example_task_group.py
[2024-05-10T07:43:47.996+0000] {logging_mixin.py:188} INFO - [2024-05-10T07:43:47.996+0000] {dag.py:3096} INFO - Sync 1 DAGs
[2024-05-10T07:43:48.014+0000] {logging_mixin.py:188} INFO - [2024-05-10T07:43:48.014+0000] {dag.py:3954} INFO - Setting next_dagrun for example_task_group to 2024-05-09 00:00:00+00:00, run_after=2024-05-10 00:00:00+00:00
[2024-05-10T07:43:48.040+0000] {processor.py:183} INFO - Processing /home/airflow/.local/lib/python3.12/site-packages/airflow/example_dags/example_task_group.py took 0.074 seconds
[2024-05-10T07:44:18.582+0000] {processor.py:161} INFO - Started process (PID=2571) to work on /home/airflow/.local/lib/python3.12/site-packages/airflow/example_dags/example_task_group.py
[2024-05-10T07:44:18.583+0000] {processor.py:830} INFO - Processing file /home/airflow/.local/lib/python3.12/site-packages/airflow/example_dags/example_task_group.py for tasks to queue
[2024-05-10T07:44:18.584+0000] {logging_mixin.py:188} INFO - [2024-05-10T07:44:18.584+0000] {dagbag.py:540} INFO - Filling up the DagBag from /home/airflow/.local/lib/python3.12/site-packages/airflow/example_dags/example_task_group.py
[2024-05-10T07:44:18.590+0000] {processor.py:840} INFO - DAG(s) 'example_task_group' retrieved from /home/airflow/.local/lib/python3.12/site-packages/airflow/example_dags/example_task_group.py
[2024-05-10T07:44:18.608+0000] {logging_mixin.py:188} INFO - [2024-05-10T07:44:18.608+0000] {dag.py:3096} INFO - Sync 1 DAGs
[2024-05-10T07:44:18.626+0000] {logging_mixin.py:188} INFO - [2024-05-10T07:44:18.626+0000] {dag.py:3954} INFO - Setting next_dagrun for example_task_group to 2024-05-09 00:00:00+00:00, run_after=2024-05-10 00:00:00+00:00
[2024-05-10T07:44:18.651+0000] {processor.py:183} INFO - Processing /home/airflow/.local/lib/python3.12/site-packages/airflow/example_dags/example_task_group.py took 0.074 seconds
[2024-05-10T07:44:49.086+0000] {processor.py:161} INFO - Started process (PID=2630) to work on /home/airflow/.local/lib/python3.12/site-packages/airflow/example_dags/example_task_group.py
[2024-05-10T07:44:49.087+0000] {processor.py:830} INFO - Processing file /home/airflow/.local/lib/python3.12/site-packages/airflow/example_dags/example_task_group.py for tasks to queue
[2024-05-10T07:44:49.088+0000] {logging_mixin.py:188} INFO - [2024-05-10T07:44:49.088+0000] {dagbag.py:540} INFO - Filling up the DagBag from /home/airflow/.local/lib/python3.12/site-packages/airflow/example_dags/example_task_group.py
[2024-05-10T07:44:49.097+0000] {processor.py:840} INFO - DAG(s) 'example_task_group' retrieved from /home/airflow/.local/lib/python3.12/site-packages/airflow/example_dags/example_task_group.py
[2024-05-10T07:44:49.117+0000] {logging_mixin.py:188} INFO - [2024-05-10T07:44:49.116+0000] {dag.py:3096} INFO - Sync 1 DAGs
[2024-05-10T07:44:49.134+0000] {logging_mixin.py:188} INFO - [2024-05-10T07:44:49.134+0000] {dag.py:3954} INFO - Setting next_dagrun for example_task_group to 2024-05-09 00:00:00+00:00, run_after=2024-05-10 00:00:00+00:00
[2024-05-10T07:44:49.151+0000] {processor.py:183} INFO - Processing /home/airflow/.local/lib/python3.12/site-packages/airflow/example_dags/example_task_group.py took 0.071 seconds
[2024-05-10T07:45:19.619+0000] {processor.py:161} INFO - Started process (PID=2690) to work on /home/airflow/.local/lib/python3.12/site-packages/airflow/example_dags/example_task_group.py
[2024-05-10T07:45:19.620+0000] {processor.py:830} INFO - Processing file /home/airflow/.local/lib/python3.12/site-packages/airflow/example_dags/example_task_group.py for tasks to queue
[2024-05-10T07:45:19.621+0000] {logging_mixin.py:188} INFO - [2024-05-10T07:45:19.621+0000] {dagbag.py:540} INFO - Filling up the DagBag from /home/airflow/.local/lib/python3.12/site-packages/airflow/example_dags/example_task_group.py
[2024-05-10T07:45:19.627+0000] {processor.py:840} INFO - DAG(s) 'example_task_group' retrieved from /home/airflow/.local/lib/python3.12/site-packages/airflow/example_dags/example_task_group.py
[2024-05-10T07:45:19.646+0000] {logging_mixin.py:188} INFO - [2024-05-10T07:45:19.646+0000] {dag.py:3096} INFO - Sync 1 DAGs
[2024-05-10T07:45:19.666+0000] {logging_mixin.py:188} INFO - [2024-05-10T07:45:19.665+0000] {dag.py:3954} INFO - Setting next_dagrun for example_task_group to 2024-05-09 00:00:00+00:00, run_after=2024-05-10 00:00:00+00:00
[2024-05-10T07:45:19.683+0000] {processor.py:183} INFO - Processing /home/airflow/.local/lib/python3.12/site-packages/airflow/example_dags/example_task_group.py took 0.069 seconds
[2024-05-10T07:45:50.419+0000] {processor.py:161} INFO - Started process (PID=2749) to work on /home/airflow/.local/lib/python3.12/site-packages/airflow/example_dags/example_task_group.py
[2024-05-10T07:45:50.419+0000] {processor.py:830} INFO - Processing file /home/airflow/.local/lib/python3.12/site-packages/airflow/example_dags/example_task_group.py for tasks to queue
[2024-05-10T07:45:50.421+0000] {logging_mixin.py:188} INFO - [2024-05-10T07:45:50.421+0000] {dagbag.py:540} INFO - Filling up the DagBag from /home/airflow/.local/lib/python3.12/site-packages/airflow/example_dags/example_task_group.py
[2024-05-10T07:45:50.429+0000] {processor.py:840} INFO - DAG(s) 'example_task_group' retrieved from /home/airflow/.local/lib/python3.12/site-packages/airflow/example_dags/example_task_group.py
[2024-05-10T07:45:50.448+0000] {logging_mixin.py:188} INFO - [2024-05-10T07:45:50.448+0000] {dag.py:3096} INFO - Sync 1 DAGs
[2024-05-10T07:45:50.467+0000] {logging_mixin.py:188} INFO - [2024-05-10T07:45:50.467+0000] {dag.py:3954} INFO - Setting next_dagrun for example_task_group to 2024-05-09 00:00:00+00:00, run_after=2024-05-10 00:00:00+00:00
[2024-05-10T07:45:50.495+0000] {processor.py:183} INFO - Processing /home/airflow/.local/lib/python3.12/site-packages/airflow/example_dags/example_task_group.py took 0.083 seconds
[2024-05-10T07:46:21.008+0000] {processor.py:161} INFO - Started process (PID=2807) to work on /home/airflow/.local/lib/python3.12/site-packages/airflow/example_dags/example_task_group.py
[2024-05-10T07:46:21.010+0000] {processor.py:830} INFO - Processing file /home/airflow/.local/lib/python3.12/site-packages/airflow/example_dags/example_task_group.py for tasks to queue
[2024-05-10T07:46:21.011+0000] {logging_mixin.py:188} INFO - [2024-05-10T07:46:21.010+0000] {dagbag.py:540} INFO - Filling up the DagBag from /home/airflow/.local/lib/python3.12/site-packages/airflow/example_dags/example_task_group.py
[2024-05-10T07:46:21.017+0000] {processor.py:840} INFO - DAG(s) 'example_task_group' retrieved from /home/airflow/.local/lib/python3.12/site-packages/airflow/example_dags/example_task_group.py
[2024-05-10T07:46:21.042+0000] {logging_mixin.py:188} INFO - [2024-05-10T07:46:21.041+0000] {dag.py:3096} INFO - Sync 1 DAGs
[2024-05-10T07:46:21.070+0000] {logging_mixin.py:188} INFO - [2024-05-10T07:46:21.067+0000] {dag.py:3954} INFO - Setting next_dagrun for example_task_group to 2024-05-09 00:00:00+00:00, run_after=2024-05-10 00:00:00+00:00
[2024-05-10T07:46:21.129+0000] {processor.py:183} INFO - Processing /home/airflow/.local/lib/python3.12/site-packages/airflow/example_dags/example_task_group.py took 0.128 seconds
[2024-05-10T07:46:51.528+0000] {processor.py:161} INFO - Started process (PID=2864) to work on /home/airflow/.local/lib/python3.12/site-packages/airflow/example_dags/example_task_group.py
[2024-05-10T07:46:51.529+0000] {processor.py:830} INFO - Processing file /home/airflow/.local/lib/python3.12/site-packages/airflow/example_dags/example_task_group.py for tasks to queue
[2024-05-10T07:46:51.529+0000] {logging_mixin.py:188} INFO - [2024-05-10T07:46:51.529+0000] {dagbag.py:540} INFO - Filling up the DagBag from /home/airflow/.local/lib/python3.12/site-packages/airflow/example_dags/example_task_group.py
[2024-05-10T07:46:51.535+0000] {processor.py:840} INFO - DAG(s) 'example_task_group' retrieved from /home/airflow/.local/lib/python3.12/site-packages/airflow/example_dags/example_task_group.py
[2024-05-10T07:46:51.553+0000] {logging_mixin.py:188} INFO - [2024-05-10T07:46:51.553+0000] {dag.py:3096} INFO - Sync 1 DAGs
[2024-05-10T07:46:51.572+0000] {logging_mixin.py:188} INFO - [2024-05-10T07:46:51.571+0000] {dag.py:3954} INFO - Setting next_dagrun for example_task_group to 2024-05-09 00:00:00+00:00, run_after=2024-05-10 00:00:00+00:00
[2024-05-10T07:46:51.597+0000] {processor.py:183} INFO - Processing /home/airflow/.local/lib/python3.12/site-packages/airflow/example_dags/example_task_group.py took 0.073 seconds
[2024-05-10T07:47:21.890+0000] {processor.py:161} INFO - Started process (PID=2922) to work on /home/airflow/.local/lib/python3.12/site-packages/airflow/example_dags/example_task_group.py
[2024-05-10T07:47:21.891+0000] {processor.py:830} INFO - Processing file /home/airflow/.local/lib/python3.12/site-packages/airflow/example_dags/example_task_group.py for tasks to queue
[2024-05-10T07:47:21.892+0000] {logging_mixin.py:188} INFO - [2024-05-10T07:47:21.891+0000] {dagbag.py:540} INFO - Filling up the DagBag from /home/airflow/.local/lib/python3.12/site-packages/airflow/example_dags/example_task_group.py
[2024-05-10T07:47:21.898+0000] {processor.py:840} INFO - DAG(s) 'example_task_group' retrieved from /home/airflow/.local/lib/python3.12/site-packages/airflow/example_dags/example_task_group.py
[2024-05-10T07:47:21.916+0000] {logging_mixin.py:188} INFO - [2024-05-10T07:47:21.915+0000] {dag.py:3096} INFO - Sync 1 DAGs
[2024-05-10T07:47:21.935+0000] {logging_mixin.py:188} INFO - [2024-05-10T07:47:21.935+0000] {dag.py:3954} INFO - Setting next_dagrun for example_task_group to 2024-05-09 00:00:00+00:00, run_after=2024-05-10 00:00:00+00:00
[2024-05-10T07:47:21.977+0000] {processor.py:183} INFO - Processing /home/airflow/.local/lib/python3.12/site-packages/airflow/example_dags/example_task_group.py took 0.092 seconds
[2024-05-10T07:47:52.170+0000] {processor.py:161} INFO - Started process (PID=2980) to work on /home/airflow/.local/lib/python3.12/site-packages/airflow/example_dags/example_task_group.py
[2024-05-10T07:47:52.171+0000] {processor.py:830} INFO - Processing file /home/airflow/.local/lib/python3.12/site-packages/airflow/example_dags/example_task_group.py for tasks to queue
[2024-05-10T07:47:52.171+0000] {logging_mixin.py:188} INFO - [2024-05-10T07:47:52.171+0000] {dagbag.py:540} INFO - Filling up the DagBag from /home/airflow/.local/lib/python3.12/site-packages/airflow/example_dags/example_task_group.py
[2024-05-10T07:47:52.178+0000] {processor.py:840} INFO - DAG(s) 'example_task_group' retrieved from /home/airflow/.local/lib/python3.12/site-packages/airflow/example_dags/example_task_group.py
[2024-05-10T07:47:52.197+0000] {logging_mixin.py:188} INFO - [2024-05-10T07:47:52.197+0000] {dag.py:3096} INFO - Sync 1 DAGs
[2024-05-10T07:47:52.218+0000] {logging_mixin.py:188} INFO - [2024-05-10T07:47:52.217+0000] {dag.py:3954} INFO - Setting next_dagrun for example_task_group to 2024-05-09 00:00:00+00:00, run_after=2024-05-10 00:00:00+00:00
[2024-05-10T07:47:52.238+0000] {processor.py:183} INFO - Processing /home/airflow/.local/lib/python3.12/site-packages/airflow/example_dags/example_task_group.py took 0.073 seconds
[2024-05-10T07:48:23.177+0000] {processor.py:161} INFO - Started process (PID=3038) to work on /home/airflow/.local/lib/python3.12/site-packages/airflow/example_dags/example_task_group.py
[2024-05-10T07:48:23.177+0000] {processor.py:830} INFO - Processing file /home/airflow/.local/lib/python3.12/site-packages/airflow/example_dags/example_task_group.py for tasks to queue
[2024-05-10T07:48:23.178+0000] {logging_mixin.py:188} INFO - [2024-05-10T07:48:23.178+0000] {dagbag.py:540} INFO - Filling up the DagBag from /home/airflow/.local/lib/python3.12/site-packages/airflow/example_dags/example_task_group.py
[2024-05-10T07:48:23.191+0000] {processor.py:840} INFO - DAG(s) 'example_task_group' retrieved from /home/airflow/.local/lib/python3.12/site-packages/airflow/example_dags/example_task_group.py
[2024-05-10T07:48:23.213+0000] {logging_mixin.py:188} INFO - [2024-05-10T07:48:23.213+0000] {dag.py:3096} INFO - Sync 1 DAGs
[2024-05-10T07:48:23.232+0000] {logging_mixin.py:188} INFO - [2024-05-10T07:48:23.232+0000] {dag.py:3954} INFO - Setting next_dagrun for example_task_group to 2024-05-09 00:00:00+00:00, run_after=2024-05-10 00:00:00+00:00
[2024-05-10T07:48:23.255+0000] {processor.py:183} INFO - Processing /home/airflow/.local/lib/python3.12/site-packages/airflow/example_dags/example_task_group.py took 0.083 seconds
[2024-05-10T07:48:53.309+0000] {processor.py:161} INFO - Started process (PID=3096) to work on /home/airflow/.local/lib/python3.12/site-packages/airflow/example_dags/example_task_group.py
[2024-05-10T07:48:53.310+0000] {processor.py:830} INFO - Processing file /home/airflow/.local/lib/python3.12/site-packages/airflow/example_dags/example_task_group.py for tasks to queue
[2024-05-10T07:48:53.310+0000] {logging_mixin.py:188} INFO - [2024-05-10T07:48:53.310+0000] {dagbag.py:540} INFO - Filling up the DagBag from /home/airflow/.local/lib/python3.12/site-packages/airflow/example_dags/example_task_group.py
[2024-05-10T07:48:53.316+0000] {processor.py:840} INFO - DAG(s) 'example_task_group' retrieved from /home/airflow/.local/lib/python3.12/site-packages/airflow/example_dags/example_task_group.py
[2024-05-10T07:48:53.333+0000] {logging_mixin.py:188} INFO - [2024-05-10T07:48:53.333+0000] {dag.py:3096} INFO - Sync 1 DAGs
[2024-05-10T07:48:53.352+0000] {logging_mixin.py:188} INFO - [2024-05-10T07:48:53.352+0000] {dag.py:3954} INFO - Setting next_dagrun for example_task_group to 2024-05-09 00:00:00+00:00, run_after=2024-05-10 00:00:00+00:00
[2024-05-10T07:48:53.377+0000] {processor.py:183} INFO - Processing /home/airflow/.local/lib/python3.12/site-packages/airflow/example_dags/example_task_group.py took 0.073 seconds
[2024-05-10T07:49:23.565+0000] {processor.py:161} INFO - Started process (PID=3154) to work on /home/airflow/.local/lib/python3.12/site-packages/airflow/example_dags/example_task_group.py
[2024-05-10T07:49:23.567+0000] {processor.py:830} INFO - Processing file /home/airflow/.local/lib/python3.12/site-packages/airflow/example_dags/example_task_group.py for tasks to queue
[2024-05-10T07:49:23.568+0000] {logging_mixin.py:188} INFO - [2024-05-10T07:49:23.568+0000] {dagbag.py:540} INFO - Filling up the DagBag from /home/airflow/.local/lib/python3.12/site-packages/airflow/example_dags/example_task_group.py
[2024-05-10T07:49:23.575+0000] {processor.py:840} INFO - DAG(s) 'example_task_group' retrieved from /home/airflow/.local/lib/python3.12/site-packages/airflow/example_dags/example_task_group.py
[2024-05-10T07:49:23.595+0000] {logging_mixin.py:188} INFO - [2024-05-10T07:49:23.594+0000] {dag.py:3096} INFO - Sync 1 DAGs
[2024-05-10T07:49:23.624+0000] {logging_mixin.py:188} INFO - [2024-05-10T07:49:23.624+0000] {dag.py:3954} INFO - Setting next_dagrun for example_task_group to 2024-05-09 00:00:00+00:00, run_after=2024-05-10 00:00:00+00:00
[2024-05-10T07:49:23.649+0000] {processor.py:183} INFO - Processing /home/airflow/.local/lib/python3.12/site-packages/airflow/example_dags/example_task_group.py took 0.090 seconds
[2024-05-10T07:49:53.793+0000] {processor.py:161} INFO - Started process (PID=3212) to work on /home/airflow/.local/lib/python3.12/site-packages/airflow/example_dags/example_task_group.py
[2024-05-10T07:49:53.794+0000] {processor.py:830} INFO - Processing file /home/airflow/.local/lib/python3.12/site-packages/airflow/example_dags/example_task_group.py for tasks to queue
[2024-05-10T07:49:53.795+0000] {logging_mixin.py:188} INFO - [2024-05-10T07:49:53.795+0000] {dagbag.py:540} INFO - Filling up the DagBag from /home/airflow/.local/lib/python3.12/site-packages/airflow/example_dags/example_task_group.py
[2024-05-10T07:49:53.802+0000] {processor.py:840} INFO - DAG(s) 'example_task_group' retrieved from /home/airflow/.local/lib/python3.12/site-packages/airflow/example_dags/example_task_group.py
[2024-05-10T07:49:53.824+0000] {logging_mixin.py:188} INFO - [2024-05-10T07:49:53.823+0000] {dag.py:3096} INFO - Sync 1 DAGs
[2024-05-10T07:49:53.853+0000] {logging_mixin.py:188} INFO - [2024-05-10T07:49:53.853+0000] {dag.py:3954} INFO - Setting next_dagrun for example_task_group to 2024-05-09 00:00:00+00:00, run_after=2024-05-10 00:00:00+00:00
[2024-05-10T07:49:53.881+0000] {processor.py:183} INFO - Processing /home/airflow/.local/lib/python3.12/site-packages/airflow/example_dags/example_task_group.py took 0.094 seconds
[2024-05-10T07:50:24.732+0000] {processor.py:161} INFO - Started process (PID=3270) to work on /home/airflow/.local/lib/python3.12/site-packages/airflow/example_dags/example_task_group.py
[2024-05-10T07:50:24.733+0000] {processor.py:830} INFO - Processing file /home/airflow/.local/lib/python3.12/site-packages/airflow/example_dags/example_task_group.py for tasks to queue
[2024-05-10T07:50:24.733+0000] {logging_mixin.py:188} INFO - [2024-05-10T07:50:24.733+0000] {dagbag.py:540} INFO - Filling up the DagBag from /home/airflow/.local/lib/python3.12/site-packages/airflow/example_dags/example_task_group.py
[2024-05-10T07:50:24.740+0000] {processor.py:840} INFO - DAG(s) 'example_task_group' retrieved from /home/airflow/.local/lib/python3.12/site-packages/airflow/example_dags/example_task_group.py
[2024-05-10T07:50:24.759+0000] {logging_mixin.py:188} INFO - [2024-05-10T07:50:24.759+0000] {dag.py:3096} INFO - Sync 1 DAGs
[2024-05-10T07:50:24.781+0000] {logging_mixin.py:188} INFO - [2024-05-10T07:50:24.781+0000] {dag.py:3954} INFO - Setting next_dagrun for example_task_group to 2024-05-09 00:00:00+00:00, run_after=2024-05-10 00:00:00+00:00
[2024-05-10T07:50:24.804+0000] {processor.py:183} INFO - Processing /home/airflow/.local/lib/python3.12/site-packages/airflow/example_dags/example_task_group.py took 0.077 seconds
[2024-05-10T07:50:54.914+0000] {processor.py:161} INFO - Started process (PID=3328) to work on /home/airflow/.local/lib/python3.12/site-packages/airflow/example_dags/example_task_group.py
[2024-05-10T07:50:54.915+0000] {processor.py:830} INFO - Processing file /home/airflow/.local/lib/python3.12/site-packages/airflow/example_dags/example_task_group.py for tasks to queue
[2024-05-10T07:50:54.916+0000] {logging_mixin.py:188} INFO - [2024-05-10T07:50:54.915+0000] {dagbag.py:540} INFO - Filling up the DagBag from /home/airflow/.local/lib/python3.12/site-packages/airflow/example_dags/example_task_group.py
[2024-05-10T07:50:54.922+0000] {processor.py:840} INFO - DAG(s) 'example_task_group' retrieved from /home/airflow/.local/lib/python3.12/site-packages/airflow/example_dags/example_task_group.py
[2024-05-10T07:50:54.941+0000] {logging_mixin.py:188} INFO - [2024-05-10T07:50:54.940+0000] {dag.py:3096} INFO - Sync 1 DAGs
[2024-05-10T07:50:54.960+0000] {logging_mixin.py:188} INFO - [2024-05-10T07:50:54.960+0000] {dag.py:3954} INFO - Setting next_dagrun for example_task_group to 2024-05-09 00:00:00+00:00, run_after=2024-05-10 00:00:00+00:00
[2024-05-10T07:50:54.984+0000] {processor.py:183} INFO - Processing /home/airflow/.local/lib/python3.12/site-packages/airflow/example_dags/example_task_group.py took 0.074 seconds
[2024-05-10T07:51:26.094+0000] {processor.py:161} INFO - Started process (PID=3385) to work on /home/airflow/.local/lib/python3.12/site-packages/airflow/example_dags/example_task_group.py
[2024-05-10T07:51:26.095+0000] {processor.py:830} INFO - Processing file /home/airflow/.local/lib/python3.12/site-packages/airflow/example_dags/example_task_group.py for tasks to queue
[2024-05-10T07:51:26.095+0000] {logging_mixin.py:188} INFO - [2024-05-10T07:51:26.095+0000] {dagbag.py:540} INFO - Filling up the DagBag from /home/airflow/.local/lib/python3.12/site-packages/airflow/example_dags/example_task_group.py
[2024-05-10T07:51:26.102+0000] {processor.py:840} INFO - DAG(s) 'example_task_group' retrieved from /home/airflow/.local/lib/python3.12/site-packages/airflow/example_dags/example_task_group.py
[2024-05-10T07:51:26.120+0000] {logging_mixin.py:188} INFO - [2024-05-10T07:51:26.119+0000] {dag.py:3096} INFO - Sync 1 DAGs
[2024-05-10T07:51:26.141+0000] {logging_mixin.py:188} INFO - [2024-05-10T07:51:26.141+0000] {dag.py:3954} INFO - Setting next_dagrun for example_task_group to 2024-05-09 00:00:00+00:00, run_after=2024-05-10 00:00:00+00:00
[2024-05-10T07:51:26.174+0000] {processor.py:183} INFO - Processing /home/airflow/.local/lib/python3.12/site-packages/airflow/example_dags/example_task_group.py took 0.085 seconds
[2024-05-10T07:51:56.286+0000] {processor.py:161} INFO - Started process (PID=3443) to work on /home/airflow/.local/lib/python3.12/site-packages/airflow/example_dags/example_task_group.py
[2024-05-10T07:51:56.287+0000] {processor.py:830} INFO - Processing file /home/airflow/.local/lib/python3.12/site-packages/airflow/example_dags/example_task_group.py for tasks to queue
[2024-05-10T07:51:56.288+0000] {logging_mixin.py:188} INFO - [2024-05-10T07:51:56.287+0000] {dagbag.py:540} INFO - Filling up the DagBag from /home/airflow/.local/lib/python3.12/site-packages/airflow/example_dags/example_task_group.py
[2024-05-10T07:51:56.294+0000] {processor.py:840} INFO - DAG(s) 'example_task_group' retrieved from /home/airflow/.local/lib/python3.12/site-packages/airflow/example_dags/example_task_group.py
[2024-05-10T07:51:56.310+0000] {logging_mixin.py:188} INFO - [2024-05-10T07:51:56.310+0000] {dag.py:3096} INFO - Sync 1 DAGs
[2024-05-10T07:51:56.328+0000] {logging_mixin.py:188} INFO - [2024-05-10T07:51:56.328+0000] {dag.py:3954} INFO - Setting next_dagrun for example_task_group to 2024-05-09 00:00:00+00:00, run_after=2024-05-10 00:00:00+00:00
[2024-05-10T07:51:56.351+0000] {processor.py:183} INFO - Processing /home/airflow/.local/lib/python3.12/site-packages/airflow/example_dags/example_task_group.py took 0.069 seconds
[2024-05-10T07:52:26.447+0000] {processor.py:161} INFO - Started process (PID=3501) to work on /home/airflow/.local/lib/python3.12/site-packages/airflow/example_dags/example_task_group.py
[2024-05-10T07:52:26.448+0000] {processor.py:830} INFO - Processing file /home/airflow/.local/lib/python3.12/site-packages/airflow/example_dags/example_task_group.py for tasks to queue
[2024-05-10T07:52:26.448+0000] {logging_mixin.py:188} INFO - [2024-05-10T07:52:26.448+0000] {dagbag.py:540} INFO - Filling up the DagBag from /home/airflow/.local/lib/python3.12/site-packages/airflow/example_dags/example_task_group.py
[2024-05-10T07:52:26.454+0000] {processor.py:840} INFO - DAG(s) 'example_task_group' retrieved from /home/airflow/.local/lib/python3.12/site-packages/airflow/example_dags/example_task_group.py
[2024-05-10T07:52:26.471+0000] {logging_mixin.py:188} INFO - [2024-05-10T07:52:26.471+0000] {dag.py:3096} INFO - Sync 1 DAGs
[2024-05-10T07:52:26.490+0000] {logging_mixin.py:188} INFO - [2024-05-10T07:52:26.489+0000] {dag.py:3954} INFO - Setting next_dagrun for example_task_group to 2024-05-09 00:00:00+00:00, run_after=2024-05-10 00:00:00+00:00
[2024-05-10T07:52:26.506+0000] {processor.py:183} INFO - Processing /home/airflow/.local/lib/python3.12/site-packages/airflow/example_dags/example_task_group.py took 0.064 seconds
[2024-05-10T07:52:56.616+0000] {processor.py:161} INFO - Started process (PID=3559) to work on /home/airflow/.local/lib/python3.12/site-packages/airflow/example_dags/example_task_group.py
[2024-05-10T07:52:56.617+0000] {processor.py:830} INFO - Processing file /home/airflow/.local/lib/python3.12/site-packages/airflow/example_dags/example_task_group.py for tasks to queue
[2024-05-10T07:52:56.617+0000] {logging_mixin.py:188} INFO - [2024-05-10T07:52:56.617+0000] {dagbag.py:540} INFO - Filling up the DagBag from /home/airflow/.local/lib/python3.12/site-packages/airflow/example_dags/example_task_group.py
[2024-05-10T07:52:56.623+0000] {processor.py:840} INFO - DAG(s) 'example_task_group' retrieved from /home/airflow/.local/lib/python3.12/site-packages/airflow/example_dags/example_task_group.py
[2024-05-10T07:52:56.641+0000] {logging_mixin.py:188} INFO - [2024-05-10T07:52:56.640+0000] {dag.py:3096} INFO - Sync 1 DAGs
[2024-05-10T07:52:56.664+0000] {logging_mixin.py:188} INFO - [2024-05-10T07:52:56.660+0000] {dag.py:3954} INFO - Setting next_dagrun for example_task_group to 2024-05-09 00:00:00+00:00, run_after=2024-05-10 00:00:00+00:00
[2024-05-10T07:52:56.684+0000] {processor.py:183} INFO - Processing /home/airflow/.local/lib/python3.12/site-packages/airflow/example_dags/example_task_group.py took 0.073 seconds
[2024-05-10T07:53:27.328+0000] {processor.py:161} INFO - Started process (PID=3616) to work on /home/airflow/.local/lib/python3.12/site-packages/airflow/example_dags/example_task_group.py
[2024-05-10T07:53:27.329+0000] {processor.py:830} INFO - Processing file /home/airflow/.local/lib/python3.12/site-packages/airflow/example_dags/example_task_group.py for tasks to queue
[2024-05-10T07:53:27.330+0000] {logging_mixin.py:188} INFO - [2024-05-10T07:53:27.329+0000] {dagbag.py:540} INFO - Filling up the DagBag from /home/airflow/.local/lib/python3.12/site-packages/airflow/example_dags/example_task_group.py
[2024-05-10T07:53:27.344+0000] {processor.py:840} INFO - DAG(s) 'example_task_group' retrieved from /home/airflow/.local/lib/python3.12/site-packages/airflow/example_dags/example_task_group.py
[2024-05-10T07:53:27.366+0000] {logging_mixin.py:188} INFO - [2024-05-10T07:53:27.366+0000] {dag.py:3096} INFO - Sync 1 DAGs
[2024-05-10T07:53:27.385+0000] {logging_mixin.py:188} INFO - [2024-05-10T07:53:27.385+0000] {dag.py:3954} INFO - Setting next_dagrun for example_task_group to 2024-05-09 00:00:00+00:00, run_after=2024-05-10 00:00:00+00:00
[2024-05-10T07:53:27.411+0000] {processor.py:183} INFO - Processing /home/airflow/.local/lib/python3.12/site-packages/airflow/example_dags/example_task_group.py took 0.087 seconds
[2024-05-10T07:53:57.836+0000] {processor.py:161} INFO - Started process (PID=3674) to work on /home/airflow/.local/lib/python3.12/site-packages/airflow/example_dags/example_task_group.py
[2024-05-10T07:53:57.837+0000] {processor.py:830} INFO - Processing file /home/airflow/.local/lib/python3.12/site-packages/airflow/example_dags/example_task_group.py for tasks to queue
[2024-05-10T07:53:57.838+0000] {logging_mixin.py:188} INFO - [2024-05-10T07:53:57.837+0000] {dagbag.py:540} INFO - Filling up the DagBag from /home/airflow/.local/lib/python3.12/site-packages/airflow/example_dags/example_task_group.py
[2024-05-10T07:53:57.844+0000] {processor.py:840} INFO - DAG(s) 'example_task_group' retrieved from /home/airflow/.local/lib/python3.12/site-packages/airflow/example_dags/example_task_group.py
[2024-05-10T07:53:57.863+0000] {logging_mixin.py:188} INFO - [2024-05-10T07:53:57.863+0000] {dag.py:3096} INFO - Sync 1 DAGs
[2024-05-10T07:53:57.882+0000] {logging_mixin.py:188} INFO - [2024-05-10T07:53:57.882+0000] {dag.py:3954} INFO - Setting next_dagrun for example_task_group to 2024-05-09 00:00:00+00:00, run_after=2024-05-10 00:00:00+00:00
[2024-05-10T07:53:57.905+0000] {processor.py:183} INFO - Processing /home/airflow/.local/lib/python3.12/site-packages/airflow/example_dags/example_task_group.py took 0.073 seconds
[2024-05-10T07:54:28.324+0000] {processor.py:161} INFO - Started process (PID=3731) to work on /home/airflow/.local/lib/python3.12/site-packages/airflow/example_dags/example_task_group.py
[2024-05-10T07:54:28.325+0000] {processor.py:830} INFO - Processing file /home/airflow/.local/lib/python3.12/site-packages/airflow/example_dags/example_task_group.py for tasks to queue
[2024-05-10T07:54:28.326+0000] {logging_mixin.py:188} INFO - [2024-05-10T07:54:28.325+0000] {dagbag.py:540} INFO - Filling up the DagBag from /home/airflow/.local/lib/python3.12/site-packages/airflow/example_dags/example_task_group.py
[2024-05-10T07:54:28.333+0000] {processor.py:840} INFO - DAG(s) 'example_task_group' retrieved from /home/airflow/.local/lib/python3.12/site-packages/airflow/example_dags/example_task_group.py
[2024-05-10T07:54:28.351+0000] {logging_mixin.py:188} INFO - [2024-05-10T07:54:28.351+0000] {dag.py:3096} INFO - Sync 1 DAGs
[2024-05-10T07:54:28.370+0000] {logging_mixin.py:188} INFO - [2024-05-10T07:54:28.370+0000] {dag.py:3954} INFO - Setting next_dagrun for example_task_group to 2024-05-09 00:00:00+00:00, run_after=2024-05-10 00:00:00+00:00
[2024-05-10T07:54:28.393+0000] {processor.py:183} INFO - Processing /home/airflow/.local/lib/python3.12/site-packages/airflow/example_dags/example_task_group.py took 0.074 seconds
[2024-05-10T07:54:59.005+0000] {processor.py:161} INFO - Started process (PID=3789) to work on /home/airflow/.local/lib/python3.12/site-packages/airflow/example_dags/example_task_group.py
[2024-05-10T07:54:59.006+0000] {processor.py:830} INFO - Processing file /home/airflow/.local/lib/python3.12/site-packages/airflow/example_dags/example_task_group.py for tasks to queue
[2024-05-10T07:54:59.006+0000] {logging_mixin.py:188} INFO - [2024-05-10T07:54:59.006+0000] {dagbag.py:540} INFO - Filling up the DagBag from /home/airflow/.local/lib/python3.12/site-packages/airflow/example_dags/example_task_group.py
[2024-05-10T07:54:59.013+0000] {processor.py:840} INFO - DAG(s) 'example_task_group' retrieved from /home/airflow/.local/lib/python3.12/site-packages/airflow/example_dags/example_task_group.py
[2024-05-10T07:54:59.035+0000] {logging_mixin.py:188} INFO - [2024-05-10T07:54:59.035+0000] {dag.py:3096} INFO - Sync 1 DAGs
[2024-05-10T07:54:59.056+0000] {logging_mixin.py:188} INFO - [2024-05-10T07:54:59.056+0000] {dag.py:3954} INFO - Setting next_dagrun for example_task_group to 2024-05-09 00:00:00+00:00, run_after=2024-05-10 00:00:00+00:00
[2024-05-10T07:54:59.072+0000] {processor.py:183} INFO - Processing /home/airflow/.local/lib/python3.12/site-packages/airflow/example_dags/example_task_group.py took 0.072 seconds
