[2024-05-10T07:22:25.051+0000] {processor.py:161} INFO - Started process (PID=71) to work on /home/airflow/.local/lib/python3.12/site-packages/airflow/example_dags/example_branch_python_dop_operator_3.py
[2024-05-10T07:22:25.052+0000] {processor.py:830} INFO - Processing file /home/airflow/.local/lib/python3.12/site-packages/airflow/example_dags/example_branch_python_dop_operator_3.py for tasks to queue
[2024-05-10T07:22:25.053+0000] {logging_mixin.py:188} INFO - [2024-05-10T07:22:25.053+0000] {dagbag.py:540} INFO - Filling up the DagBag from /home/airflow/.local/lib/python3.12/site-packages/airflow/example_dags/example_branch_python_dop_operator_3.py
[2024-05-10T07:22:25.063+0000] {processor.py:840} INFO - DAG(s) 'example_branch_dop_operator_v3' retrieved from /home/airflow/.local/lib/python3.12/site-packages/airflow/example_dags/example_branch_python_dop_operator_3.py
[2024-05-10T07:22:25.072+0000] {logging_mixin.py:188} INFO - [2024-05-10T07:22:25.071+0000] {dag.py:3096} INFO - Sync 1 DAGs
[2024-05-10T07:22:25.092+0000] {logging_mixin.py:188} INFO - [2024-05-10T07:22:25.092+0000] {dag.py:3954} INFO - Setting next_dagrun for example_branch_dop_operator_v3 to 2024-05-10 07:21:00+00:00, run_after=2024-05-10 07:22:00+00:00
[2024-05-10T07:22:25.118+0000] {processor.py:183} INFO - Processing /home/airflow/.local/lib/python3.12/site-packages/airflow/example_dags/example_branch_python_dop_operator_3.py took 0.072 seconds
[2024-05-10T07:22:57.601+0000] {processor.py:161} INFO - Started process (PID=129) to work on /home/airflow/.local/lib/python3.12/site-packages/airflow/example_dags/example_branch_python_dop_operator_3.py
[2024-05-10T07:22:57.603+0000] {processor.py:830} INFO - Processing file /home/airflow/.local/lib/python3.12/site-packages/airflow/example_dags/example_branch_python_dop_operator_3.py for tasks to queue
[2024-05-10T07:22:57.607+0000] {logging_mixin.py:188} INFO - [2024-05-10T07:22:57.606+0000] {dagbag.py:540} INFO - Filling up the DagBag from /home/airflow/.local/lib/python3.12/site-packages/airflow/example_dags/example_branch_python_dop_operator_3.py
[2024-05-10T07:22:57.632+0000] {processor.py:840} INFO - DAG(s) 'example_branch_dop_operator_v3' retrieved from /home/airflow/.local/lib/python3.12/site-packages/airflow/example_dags/example_branch_python_dop_operator_3.py
[2024-05-10T07:22:57.772+0000] {logging_mixin.py:188} INFO - [2024-05-10T07:22:57.771+0000] {dag.py:3096} INFO - Sync 1 DAGs
[2024-05-10T07:22:57.792+0000] {logging_mixin.py:188} INFO - [2024-05-10T07:22:57.792+0000] {dag.py:3954} INFO - Setting next_dagrun for example_branch_dop_operator_v3 to 2024-05-10 07:21:00+00:00, run_after=2024-05-10 07:22:00+00:00
[2024-05-10T07:22:57.836+0000] {processor.py:183} INFO - Processing /home/airflow/.local/lib/python3.12/site-packages/airflow/example_dags/example_branch_python_dop_operator_3.py took 0.253 seconds
[2024-05-10T07:23:28.038+0000] {processor.py:161} INFO - Started process (PID=187) to work on /home/airflow/.local/lib/python3.12/site-packages/airflow/example_dags/example_branch_python_dop_operator_3.py
[2024-05-10T07:23:28.039+0000] {processor.py:830} INFO - Processing file /home/airflow/.local/lib/python3.12/site-packages/airflow/example_dags/example_branch_python_dop_operator_3.py for tasks to queue
[2024-05-10T07:23:28.040+0000] {logging_mixin.py:188} INFO - [2024-05-10T07:23:28.040+0000] {dagbag.py:540} INFO - Filling up the DagBag from /home/airflow/.local/lib/python3.12/site-packages/airflow/example_dags/example_branch_python_dop_operator_3.py
[2024-05-10T07:23:28.047+0000] {processor.py:840} INFO - DAG(s) 'example_branch_dop_operator_v3' retrieved from /home/airflow/.local/lib/python3.12/site-packages/airflow/example_dags/example_branch_python_dop_operator_3.py
[2024-05-10T07:23:28.065+0000] {logging_mixin.py:188} INFO - [2024-05-10T07:23:28.064+0000] {dag.py:3096} INFO - Sync 1 DAGs
[2024-05-10T07:23:28.086+0000] {logging_mixin.py:188} INFO - [2024-05-10T07:23:28.086+0000] {dag.py:3954} INFO - Setting next_dagrun for example_branch_dop_operator_v3 to 2024-05-10 07:22:00+00:00, run_after=2024-05-10 07:23:00+00:00
[2024-05-10T07:23:28.110+0000] {processor.py:183} INFO - Processing /home/airflow/.local/lib/python3.12/site-packages/airflow/example_dags/example_branch_python_dop_operator_3.py took 0.080 seconds
[2024-05-10T07:23:58.470+0000] {processor.py:161} INFO - Started process (PID=245) to work on /home/airflow/.local/lib/python3.12/site-packages/airflow/example_dags/example_branch_python_dop_operator_3.py
[2024-05-10T07:23:58.470+0000] {processor.py:830} INFO - Processing file /home/airflow/.local/lib/python3.12/site-packages/airflow/example_dags/example_branch_python_dop_operator_3.py for tasks to queue
[2024-05-10T07:23:58.471+0000] {logging_mixin.py:188} INFO - [2024-05-10T07:23:58.471+0000] {dagbag.py:540} INFO - Filling up the DagBag from /home/airflow/.local/lib/python3.12/site-packages/airflow/example_dags/example_branch_python_dop_operator_3.py
[2024-05-10T07:23:58.478+0000] {processor.py:840} INFO - DAG(s) 'example_branch_dop_operator_v3' retrieved from /home/airflow/.local/lib/python3.12/site-packages/airflow/example_dags/example_branch_python_dop_operator_3.py
[2024-05-10T07:23:58.493+0000] {logging_mixin.py:188} INFO - [2024-05-10T07:23:58.493+0000] {dag.py:3096} INFO - Sync 1 DAGs
[2024-05-10T07:23:58.513+0000] {logging_mixin.py:188} INFO - [2024-05-10T07:23:58.513+0000] {dag.py:3954} INFO - Setting next_dagrun for example_branch_dop_operator_v3 to 2024-05-10 07:22:00+00:00, run_after=2024-05-10 07:23:00+00:00
[2024-05-10T07:23:58.529+0000] {processor.py:183} INFO - Processing /home/airflow/.local/lib/python3.12/site-packages/airflow/example_dags/example_branch_python_dop_operator_3.py took 0.064 seconds
[2024-05-10T07:24:29.158+0000] {processor.py:161} INFO - Started process (PID=302) to work on /home/airflow/.local/lib/python3.12/site-packages/airflow/example_dags/example_branch_python_dop_operator_3.py
[2024-05-10T07:24:29.159+0000] {processor.py:830} INFO - Processing file /home/airflow/.local/lib/python3.12/site-packages/airflow/example_dags/example_branch_python_dop_operator_3.py for tasks to queue
[2024-05-10T07:24:29.160+0000] {logging_mixin.py:188} INFO - [2024-05-10T07:24:29.160+0000] {dagbag.py:540} INFO - Filling up the DagBag from /home/airflow/.local/lib/python3.12/site-packages/airflow/example_dags/example_branch_python_dop_operator_3.py
[2024-05-10T07:24:29.167+0000] {processor.py:840} INFO - DAG(s) 'example_branch_dop_operator_v3' retrieved from /home/airflow/.local/lib/python3.12/site-packages/airflow/example_dags/example_branch_python_dop_operator_3.py
[2024-05-10T07:24:29.181+0000] {logging_mixin.py:188} INFO - [2024-05-10T07:24:29.181+0000] {dag.py:3096} INFO - Sync 1 DAGs
[2024-05-10T07:24:29.200+0000] {logging_mixin.py:188} INFO - [2024-05-10T07:24:29.199+0000] {dag.py:3954} INFO - Setting next_dagrun for example_branch_dop_operator_v3 to 2024-05-10 07:23:00+00:00, run_after=2024-05-10 07:24:00+00:00
[2024-05-10T07:24:29.219+0000] {processor.py:183} INFO - Processing /home/airflow/.local/lib/python3.12/site-packages/airflow/example_dags/example_branch_python_dop_operator_3.py took 0.066 seconds
[2024-05-10T07:24:59.558+0000] {processor.py:161} INFO - Started process (PID=360) to work on /home/airflow/.local/lib/python3.12/site-packages/airflow/example_dags/example_branch_python_dop_operator_3.py
[2024-05-10T07:24:59.558+0000] {processor.py:830} INFO - Processing file /home/airflow/.local/lib/python3.12/site-packages/airflow/example_dags/example_branch_python_dop_operator_3.py for tasks to queue
[2024-05-10T07:24:59.559+0000] {logging_mixin.py:188} INFO - [2024-05-10T07:24:59.559+0000] {dagbag.py:540} INFO - Filling up the DagBag from /home/airflow/.local/lib/python3.12/site-packages/airflow/example_dags/example_branch_python_dop_operator_3.py
[2024-05-10T07:24:59.566+0000] {processor.py:840} INFO - DAG(s) 'example_branch_dop_operator_v3' retrieved from /home/airflow/.local/lib/python3.12/site-packages/airflow/example_dags/example_branch_python_dop_operator_3.py
[2024-05-10T07:24:59.581+0000] {logging_mixin.py:188} INFO - [2024-05-10T07:24:59.581+0000] {dag.py:3096} INFO - Sync 1 DAGs
[2024-05-10T07:24:59.602+0000] {logging_mixin.py:188} INFO - [2024-05-10T07:24:59.602+0000] {dag.py:3954} INFO - Setting next_dagrun for example_branch_dop_operator_v3 to 2024-05-10 07:23:00+00:00, run_after=2024-05-10 07:24:00+00:00
[2024-05-10T07:24:59.618+0000] {processor.py:183} INFO - Processing /home/airflow/.local/lib/python3.12/site-packages/airflow/example_dags/example_branch_python_dop_operator_3.py took 0.065 seconds
[2024-05-10T07:25:30.430+0000] {processor.py:161} INFO - Started process (PID=418) to work on /home/airflow/.local/lib/python3.12/site-packages/airflow/example_dags/example_branch_python_dop_operator_3.py
[2024-05-10T07:25:30.431+0000] {processor.py:830} INFO - Processing file /home/airflow/.local/lib/python3.12/site-packages/airflow/example_dags/example_branch_python_dop_operator_3.py for tasks to queue
[2024-05-10T07:25:30.432+0000] {logging_mixin.py:188} INFO - [2024-05-10T07:25:30.432+0000] {dagbag.py:540} INFO - Filling up the DagBag from /home/airflow/.local/lib/python3.12/site-packages/airflow/example_dags/example_branch_python_dop_operator_3.py
[2024-05-10T07:25:30.439+0000] {processor.py:840} INFO - DAG(s) 'example_branch_dop_operator_v3' retrieved from /home/airflow/.local/lib/python3.12/site-packages/airflow/example_dags/example_branch_python_dop_operator_3.py
[2024-05-10T07:25:30.454+0000] {logging_mixin.py:188} INFO - [2024-05-10T07:25:30.453+0000] {dag.py:3096} INFO - Sync 1 DAGs
[2024-05-10T07:25:30.475+0000] {logging_mixin.py:188} INFO - [2024-05-10T07:25:30.475+0000] {dag.py:3954} INFO - Setting next_dagrun for example_branch_dop_operator_v3 to 2024-05-10 07:24:00+00:00, run_after=2024-05-10 07:25:00+00:00
[2024-05-10T07:25:30.496+0000] {processor.py:183} INFO - Processing /home/airflow/.local/lib/python3.12/site-packages/airflow/example_dags/example_branch_python_dop_operator_3.py took 0.071 seconds
[2024-05-10T07:26:01.405+0000] {processor.py:161} INFO - Started process (PID=476) to work on /home/airflow/.local/lib/python3.12/site-packages/airflow/example_dags/example_branch_python_dop_operator_3.py
[2024-05-10T07:26:01.406+0000] {processor.py:830} INFO - Processing file /home/airflow/.local/lib/python3.12/site-packages/airflow/example_dags/example_branch_python_dop_operator_3.py for tasks to queue
[2024-05-10T07:26:01.407+0000] {logging_mixin.py:188} INFO - [2024-05-10T07:26:01.407+0000] {dagbag.py:540} INFO - Filling up the DagBag from /home/airflow/.local/lib/python3.12/site-packages/airflow/example_dags/example_branch_python_dop_operator_3.py
[2024-05-10T07:26:01.413+0000] {processor.py:840} INFO - DAG(s) 'example_branch_dop_operator_v3' retrieved from /home/airflow/.local/lib/python3.12/site-packages/airflow/example_dags/example_branch_python_dop_operator_3.py
[2024-05-10T07:26:01.429+0000] {logging_mixin.py:188} INFO - [2024-05-10T07:26:01.429+0000] {dag.py:3096} INFO - Sync 1 DAGs
[2024-05-10T07:26:01.451+0000] {logging_mixin.py:188} INFO - [2024-05-10T07:26:01.451+0000] {dag.py:3954} INFO - Setting next_dagrun for example_branch_dop_operator_v3 to 2024-05-10 07:25:00+00:00, run_after=2024-05-10 07:26:00+00:00
[2024-05-10T07:26:01.468+0000] {processor.py:183} INFO - Processing /home/airflow/.local/lib/python3.12/site-packages/airflow/example_dags/example_branch_python_dop_operator_3.py took 0.068 seconds
[2024-05-10T07:26:31.895+0000] {processor.py:161} INFO - Started process (PID=534) to work on /home/airflow/.local/lib/python3.12/site-packages/airflow/example_dags/example_branch_python_dop_operator_3.py
[2024-05-10T07:26:31.896+0000] {processor.py:830} INFO - Processing file /home/airflow/.local/lib/python3.12/site-packages/airflow/example_dags/example_branch_python_dop_operator_3.py for tasks to queue
[2024-05-10T07:26:31.897+0000] {logging_mixin.py:188} INFO - [2024-05-10T07:26:31.897+0000] {dagbag.py:540} INFO - Filling up the DagBag from /home/airflow/.local/lib/python3.12/site-packages/airflow/example_dags/example_branch_python_dop_operator_3.py
[2024-05-10T07:26:31.904+0000] {processor.py:840} INFO - DAG(s) 'example_branch_dop_operator_v3' retrieved from /home/airflow/.local/lib/python3.12/site-packages/airflow/example_dags/example_branch_python_dop_operator_3.py
[2024-05-10T07:26:31.921+0000] {logging_mixin.py:188} INFO - [2024-05-10T07:26:31.921+0000] {dag.py:3096} INFO - Sync 1 DAGs
[2024-05-10T07:26:31.941+0000] {logging_mixin.py:188} INFO - [2024-05-10T07:26:31.941+0000] {dag.py:3954} INFO - Setting next_dagrun for example_branch_dop_operator_v3 to 2024-05-10 07:25:00+00:00, run_after=2024-05-10 07:26:00+00:00
[2024-05-10T07:26:31.974+0000] {processor.py:183} INFO - Processing /home/airflow/.local/lib/python3.12/site-packages/airflow/example_dags/example_branch_python_dop_operator_3.py took 0.083 seconds
[2024-05-10T07:27:02.294+0000] {processor.py:161} INFO - Started process (PID=592) to work on /home/airflow/.local/lib/python3.12/site-packages/airflow/example_dags/example_branch_python_dop_operator_3.py
[2024-05-10T07:27:02.294+0000] {processor.py:830} INFO - Processing file /home/airflow/.local/lib/python3.12/site-packages/airflow/example_dags/example_branch_python_dop_operator_3.py for tasks to queue
[2024-05-10T07:27:02.296+0000] {logging_mixin.py:188} INFO - [2024-05-10T07:27:02.295+0000] {dagbag.py:540} INFO - Filling up the DagBag from /home/airflow/.local/lib/python3.12/site-packages/airflow/example_dags/example_branch_python_dop_operator_3.py
[2024-05-10T07:27:02.302+0000] {processor.py:840} INFO - DAG(s) 'example_branch_dop_operator_v3' retrieved from /home/airflow/.local/lib/python3.12/site-packages/airflow/example_dags/example_branch_python_dop_operator_3.py
[2024-05-10T07:27:02.318+0000] {logging_mixin.py:188} INFO - [2024-05-10T07:27:02.317+0000] {dag.py:3096} INFO - Sync 1 DAGs
[2024-05-10T07:27:02.338+0000] {logging_mixin.py:188} INFO - [2024-05-10T07:27:02.338+0000] {dag.py:3954} INFO - Setting next_dagrun for example_branch_dop_operator_v3 to 2024-05-10 07:26:00+00:00, run_after=2024-05-10 07:27:00+00:00
[2024-05-10T07:27:02.365+0000] {processor.py:183} INFO - Processing /home/airflow/.local/lib/python3.12/site-packages/airflow/example_dags/example_branch_python_dop_operator_3.py took 0.076 seconds
[2024-05-10T07:27:32.803+0000] {processor.py:161} INFO - Started process (PID=649) to work on /home/airflow/.local/lib/python3.12/site-packages/airflow/example_dags/example_branch_python_dop_operator_3.py
[2024-05-10T07:27:32.804+0000] {processor.py:830} INFO - Processing file /home/airflow/.local/lib/python3.12/site-packages/airflow/example_dags/example_branch_python_dop_operator_3.py for tasks to queue
[2024-05-10T07:27:32.805+0000] {logging_mixin.py:188} INFO - [2024-05-10T07:27:32.805+0000] {dagbag.py:540} INFO - Filling up the DagBag from /home/airflow/.local/lib/python3.12/site-packages/airflow/example_dags/example_branch_python_dop_operator_3.py
[2024-05-10T07:27:32.812+0000] {processor.py:840} INFO - DAG(s) 'example_branch_dop_operator_v3' retrieved from /home/airflow/.local/lib/python3.12/site-packages/airflow/example_dags/example_branch_python_dop_operator_3.py
[2024-05-10T07:27:32.827+0000] {logging_mixin.py:188} INFO - [2024-05-10T07:27:32.826+0000] {dag.py:3096} INFO - Sync 1 DAGs
[2024-05-10T07:27:32.847+0000] {logging_mixin.py:188} INFO - [2024-05-10T07:27:32.846+0000] {dag.py:3954} INFO - Setting next_dagrun for example_branch_dop_operator_v3 to 2024-05-10 07:26:00+00:00, run_after=2024-05-10 07:27:00+00:00
[2024-05-10T07:27:32.893+0000] {processor.py:183} INFO - Processing /home/airflow/.local/lib/python3.12/site-packages/airflow/example_dags/example_branch_python_dop_operator_3.py took 0.095 seconds
[2024-05-10T07:28:03.112+0000] {processor.py:161} INFO - Started process (PID=707) to work on /home/airflow/.local/lib/python3.12/site-packages/airflow/example_dags/example_branch_python_dop_operator_3.py
[2024-05-10T07:28:03.113+0000] {processor.py:830} INFO - Processing file /home/airflow/.local/lib/python3.12/site-packages/airflow/example_dags/example_branch_python_dop_operator_3.py for tasks to queue
[2024-05-10T07:28:03.114+0000] {logging_mixin.py:188} INFO - [2024-05-10T07:28:03.114+0000] {dagbag.py:540} INFO - Filling up the DagBag from /home/airflow/.local/lib/python3.12/site-packages/airflow/example_dags/example_branch_python_dop_operator_3.py
[2024-05-10T07:28:03.124+0000] {processor.py:840} INFO - DAG(s) 'example_branch_dop_operator_v3' retrieved from /home/airflow/.local/lib/python3.12/site-packages/airflow/example_dags/example_branch_python_dop_operator_3.py
[2024-05-10T07:28:03.148+0000] {logging_mixin.py:188} INFO - [2024-05-10T07:28:03.148+0000] {dag.py:3096} INFO - Sync 1 DAGs
[2024-05-10T07:28:03.169+0000] {logging_mixin.py:188} INFO - [2024-05-10T07:28:03.169+0000] {dag.py:3954} INFO - Setting next_dagrun for example_branch_dop_operator_v3 to 2024-05-10 07:27:00+00:00, run_after=2024-05-10 07:28:00+00:00
[2024-05-10T07:28:03.206+0000] {processor.py:183} INFO - Processing /home/airflow/.local/lib/python3.12/site-packages/airflow/example_dags/example_branch_python_dop_operator_3.py took 0.104 seconds
[2024-05-10T07:28:34.299+0000] {processor.py:161} INFO - Started process (PID=766) to work on /home/airflow/.local/lib/python3.12/site-packages/airflow/example_dags/example_branch_python_dop_operator_3.py
[2024-05-10T07:28:34.300+0000] {processor.py:830} INFO - Processing file /home/airflow/.local/lib/python3.12/site-packages/airflow/example_dags/example_branch_python_dop_operator_3.py for tasks to queue
[2024-05-10T07:28:34.301+0000] {logging_mixin.py:188} INFO - [2024-05-10T07:28:34.301+0000] {dagbag.py:540} INFO - Filling up the DagBag from /home/airflow/.local/lib/python3.12/site-packages/airflow/example_dags/example_branch_python_dop_operator_3.py
[2024-05-10T07:28:34.308+0000] {processor.py:840} INFO - DAG(s) 'example_branch_dop_operator_v3' retrieved from /home/airflow/.local/lib/python3.12/site-packages/airflow/example_dags/example_branch_python_dop_operator_3.py
[2024-05-10T07:28:34.324+0000] {logging_mixin.py:188} INFO - [2024-05-10T07:28:34.324+0000] {dag.py:3096} INFO - Sync 1 DAGs
[2024-05-10T07:28:34.347+0000] {logging_mixin.py:188} INFO - [2024-05-10T07:28:34.346+0000] {dag.py:3954} INFO - Setting next_dagrun for example_branch_dop_operator_v3 to 2024-05-10 07:27:00+00:00, run_after=2024-05-10 07:28:00+00:00
[2024-05-10T07:28:34.399+0000] {processor.py:183} INFO - Processing /home/airflow/.local/lib/python3.12/site-packages/airflow/example_dags/example_branch_python_dop_operator_3.py took 0.113 seconds
[2024-05-10T07:29:05.314+0000] {processor.py:161} INFO - Started process (PID=824) to work on /home/airflow/.local/lib/python3.12/site-packages/airflow/example_dags/example_branch_python_dop_operator_3.py
[2024-05-10T07:29:05.315+0000] {processor.py:830} INFO - Processing file /home/airflow/.local/lib/python3.12/site-packages/airflow/example_dags/example_branch_python_dop_operator_3.py for tasks to queue
[2024-05-10T07:29:05.316+0000] {logging_mixin.py:188} INFO - [2024-05-10T07:29:05.316+0000] {dagbag.py:540} INFO - Filling up the DagBag from /home/airflow/.local/lib/python3.12/site-packages/airflow/example_dags/example_branch_python_dop_operator_3.py
[2024-05-10T07:29:05.323+0000] {processor.py:840} INFO - DAG(s) 'example_branch_dop_operator_v3' retrieved from /home/airflow/.local/lib/python3.12/site-packages/airflow/example_dags/example_branch_python_dop_operator_3.py
[2024-05-10T07:29:05.338+0000] {logging_mixin.py:188} INFO - [2024-05-10T07:29:05.338+0000] {dag.py:3096} INFO - Sync 1 DAGs
[2024-05-10T07:29:05.361+0000] {logging_mixin.py:188} INFO - [2024-05-10T07:29:05.361+0000] {dag.py:3954} INFO - Setting next_dagrun for example_branch_dop_operator_v3 to 2024-05-10 07:28:00+00:00, run_after=2024-05-10 07:29:00+00:00
[2024-05-10T07:29:05.387+0000] {processor.py:183} INFO - Processing /home/airflow/.local/lib/python3.12/site-packages/airflow/example_dags/example_branch_python_dop_operator_3.py took 0.078 seconds
[2024-05-10T07:29:35.576+0000] {processor.py:161} INFO - Started process (PID=881) to work on /home/airflow/.local/lib/python3.12/site-packages/airflow/example_dags/example_branch_python_dop_operator_3.py
[2024-05-10T07:29:35.577+0000] {processor.py:830} INFO - Processing file /home/airflow/.local/lib/python3.12/site-packages/airflow/example_dags/example_branch_python_dop_operator_3.py for tasks to queue
[2024-05-10T07:29:35.579+0000] {logging_mixin.py:188} INFO - [2024-05-10T07:29:35.578+0000] {dagbag.py:540} INFO - Filling up the DagBag from /home/airflow/.local/lib/python3.12/site-packages/airflow/example_dags/example_branch_python_dop_operator_3.py
[2024-05-10T07:29:35.587+0000] {processor.py:840} INFO - DAG(s) 'example_branch_dop_operator_v3' retrieved from /home/airflow/.local/lib/python3.12/site-packages/airflow/example_dags/example_branch_python_dop_operator_3.py
[2024-05-10T07:29:35.603+0000] {logging_mixin.py:188} INFO - [2024-05-10T07:29:35.603+0000] {dag.py:3096} INFO - Sync 1 DAGs
[2024-05-10T07:29:35.622+0000] {logging_mixin.py:188} INFO - [2024-05-10T07:29:35.622+0000] {dag.py:3954} INFO - Setting next_dagrun for example_branch_dop_operator_v3 to 2024-05-10 07:28:00+00:00, run_after=2024-05-10 07:29:00+00:00
[2024-05-10T07:29:35.640+0000] {processor.py:183} INFO - Processing /home/airflow/.local/lib/python3.12/site-packages/airflow/example_dags/example_branch_python_dop_operator_3.py took 0.073 seconds
[2024-05-10T07:30:06.302+0000] {processor.py:161} INFO - Started process (PID=940) to work on /home/airflow/.local/lib/python3.12/site-packages/airflow/example_dags/example_branch_python_dop_operator_3.py
[2024-05-10T07:30:06.303+0000] {processor.py:830} INFO - Processing file /home/airflow/.local/lib/python3.12/site-packages/airflow/example_dags/example_branch_python_dop_operator_3.py for tasks to queue
[2024-05-10T07:30:06.304+0000] {logging_mixin.py:188} INFO - [2024-05-10T07:30:06.304+0000] {dagbag.py:540} INFO - Filling up the DagBag from /home/airflow/.local/lib/python3.12/site-packages/airflow/example_dags/example_branch_python_dop_operator_3.py
[2024-05-10T07:30:06.311+0000] {processor.py:840} INFO - DAG(s) 'example_branch_dop_operator_v3' retrieved from /home/airflow/.local/lib/python3.12/site-packages/airflow/example_dags/example_branch_python_dop_operator_3.py
[2024-05-10T07:30:06.326+0000] {logging_mixin.py:188} INFO - [2024-05-10T07:30:06.326+0000] {dag.py:3096} INFO - Sync 1 DAGs
[2024-05-10T07:30:06.347+0000] {logging_mixin.py:188} INFO - [2024-05-10T07:30:06.346+0000] {dag.py:3954} INFO - Setting next_dagrun for example_branch_dop_operator_v3 to 2024-05-10 07:29:00+00:00, run_after=2024-05-10 07:30:00+00:00
[2024-05-10T07:30:06.363+0000] {processor.py:183} INFO - Processing /home/airflow/.local/lib/python3.12/site-packages/airflow/example_dags/example_branch_python_dop_operator_3.py took 0.065 seconds
[2024-05-10T07:30:36.483+0000] {processor.py:161} INFO - Started process (PID=998) to work on /home/airflow/.local/lib/python3.12/site-packages/airflow/example_dags/example_branch_python_dop_operator_3.py
[2024-05-10T07:30:36.484+0000] {processor.py:830} INFO - Processing file /home/airflow/.local/lib/python3.12/site-packages/airflow/example_dags/example_branch_python_dop_operator_3.py for tasks to queue
[2024-05-10T07:30:36.485+0000] {logging_mixin.py:188} INFO - [2024-05-10T07:30:36.485+0000] {dagbag.py:540} INFO - Filling up the DagBag from /home/airflow/.local/lib/python3.12/site-packages/airflow/example_dags/example_branch_python_dop_operator_3.py
[2024-05-10T07:30:36.492+0000] {processor.py:840} INFO - DAG(s) 'example_branch_dop_operator_v3' retrieved from /home/airflow/.local/lib/python3.12/site-packages/airflow/example_dags/example_branch_python_dop_operator_3.py
[2024-05-10T07:30:36.508+0000] {logging_mixin.py:188} INFO - [2024-05-10T07:30:36.508+0000] {dag.py:3096} INFO - Sync 1 DAGs
[2024-05-10T07:30:36.627+0000] {logging_mixin.py:188} INFO - [2024-05-10T07:30:36.627+0000] {dag.py:3954} INFO - Setting next_dagrun for example_branch_dop_operator_v3 to 2024-05-10 07:29:00+00:00, run_after=2024-05-10 07:30:00+00:00
[2024-05-10T07:30:36.651+0000] {processor.py:183} INFO - Processing /home/airflow/.local/lib/python3.12/site-packages/airflow/example_dags/example_branch_python_dop_operator_3.py took 0.172 seconds
[2024-05-10T07:31:07.617+0000] {processor.py:161} INFO - Started process (PID=1057) to work on /home/airflow/.local/lib/python3.12/site-packages/airflow/example_dags/example_branch_python_dop_operator_3.py
[2024-05-10T07:31:07.617+0000] {processor.py:830} INFO - Processing file /home/airflow/.local/lib/python3.12/site-packages/airflow/example_dags/example_branch_python_dop_operator_3.py for tasks to queue
[2024-05-10T07:31:07.619+0000] {logging_mixin.py:188} INFO - [2024-05-10T07:31:07.618+0000] {dagbag.py:540} INFO - Filling up the DagBag from /home/airflow/.local/lib/python3.12/site-packages/airflow/example_dags/example_branch_python_dop_operator_3.py
[2024-05-10T07:31:07.626+0000] {processor.py:840} INFO - DAG(s) 'example_branch_dop_operator_v3' retrieved from /home/airflow/.local/lib/python3.12/site-packages/airflow/example_dags/example_branch_python_dop_operator_3.py
[2024-05-10T07:31:07.641+0000] {logging_mixin.py:188} INFO - [2024-05-10T07:31:07.641+0000] {dag.py:3096} INFO - Sync 1 DAGs
[2024-05-10T07:31:07.764+0000] {logging_mixin.py:188} INFO - [2024-05-10T07:31:07.764+0000] {dag.py:3954} INFO - Setting next_dagrun for example_branch_dop_operator_v3 to 2024-05-10 07:30:00+00:00, run_after=2024-05-10 07:31:00+00:00
[2024-05-10T07:31:07.785+0000] {processor.py:183} INFO - Processing /home/airflow/.local/lib/python3.12/site-packages/airflow/example_dags/example_branch_python_dop_operator_3.py took 0.173 seconds
[2024-05-10T07:31:38.182+0000] {processor.py:161} INFO - Started process (PID=1115) to work on /home/airflow/.local/lib/python3.12/site-packages/airflow/example_dags/example_branch_python_dop_operator_3.py
[2024-05-10T07:31:38.183+0000] {processor.py:830} INFO - Processing file /home/airflow/.local/lib/python3.12/site-packages/airflow/example_dags/example_branch_python_dop_operator_3.py for tasks to queue
[2024-05-10T07:31:38.185+0000] {logging_mixin.py:188} INFO - [2024-05-10T07:31:38.184+0000] {dagbag.py:540} INFO - Filling up the DagBag from /home/airflow/.local/lib/python3.12/site-packages/airflow/example_dags/example_branch_python_dop_operator_3.py
[2024-05-10T07:31:38.191+0000] {processor.py:840} INFO - DAG(s) 'example_branch_dop_operator_v3' retrieved from /home/airflow/.local/lib/python3.12/site-packages/airflow/example_dags/example_branch_python_dop_operator_3.py
[2024-05-10T07:31:38.206+0000] {logging_mixin.py:188} INFO - [2024-05-10T07:31:38.206+0000] {dag.py:3096} INFO - Sync 1 DAGs
[2024-05-10T07:31:38.227+0000] {logging_mixin.py:188} INFO - [2024-05-10T07:31:38.227+0000] {dag.py:3954} INFO - Setting next_dagrun for example_branch_dop_operator_v3 to 2024-05-10 07:30:00+00:00, run_after=2024-05-10 07:31:00+00:00
[2024-05-10T07:31:38.251+0000] {processor.py:183} INFO - Processing /home/airflow/.local/lib/python3.12/site-packages/airflow/example_dags/example_branch_python_dop_operator_3.py took 0.073 seconds
[2024-05-10T07:32:09.094+0000] {processor.py:161} INFO - Started process (PID=1179) to work on /home/airflow/.local/lib/python3.12/site-packages/airflow/example_dags/example_branch_python_dop_operator_3.py
[2024-05-10T07:32:09.095+0000] {processor.py:830} INFO - Processing file /home/airflow/.local/lib/python3.12/site-packages/airflow/example_dags/example_branch_python_dop_operator_3.py for tasks to queue
[2024-05-10T07:32:09.096+0000] {logging_mixin.py:188} INFO - [2024-05-10T07:32:09.096+0000] {dagbag.py:540} INFO - Filling up the DagBag from /home/airflow/.local/lib/python3.12/site-packages/airflow/example_dags/example_branch_python_dop_operator_3.py
[2024-05-10T07:32:09.103+0000] {processor.py:840} INFO - DAG(s) 'example_branch_dop_operator_v3' retrieved from /home/airflow/.local/lib/python3.12/site-packages/airflow/example_dags/example_branch_python_dop_operator_3.py
[2024-05-10T07:32:09.118+0000] {logging_mixin.py:188} INFO - [2024-05-10T07:32:09.118+0000] {dag.py:3096} INFO - Sync 1 DAGs
[2024-05-10T07:32:09.138+0000] {logging_mixin.py:188} INFO - [2024-05-10T07:32:09.138+0000] {dag.py:3954} INFO - Setting next_dagrun for example_branch_dop_operator_v3 to 2024-05-10 07:31:00+00:00, run_after=2024-05-10 07:32:00+00:00
[2024-05-10T07:32:09.163+0000] {processor.py:183} INFO - Processing /home/airflow/.local/lib/python3.12/site-packages/airflow/example_dags/example_branch_python_dop_operator_3.py took 0.073 seconds
[2024-05-10T07:32:39.662+0000] {processor.py:161} INFO - Started process (PID=1237) to work on /home/airflow/.local/lib/python3.12/site-packages/airflow/example_dags/example_branch_python_dop_operator_3.py
[2024-05-10T07:32:39.662+0000] {processor.py:830} INFO - Processing file /home/airflow/.local/lib/python3.12/site-packages/airflow/example_dags/example_branch_python_dop_operator_3.py for tasks to queue
[2024-05-10T07:32:39.663+0000] {logging_mixin.py:188} INFO - [2024-05-10T07:32:39.663+0000] {dagbag.py:540} INFO - Filling up the DagBag from /home/airflow/.local/lib/python3.12/site-packages/airflow/example_dags/example_branch_python_dop_operator_3.py
[2024-05-10T07:32:39.670+0000] {processor.py:840} INFO - DAG(s) 'example_branch_dop_operator_v3' retrieved from /home/airflow/.local/lib/python3.12/site-packages/airflow/example_dags/example_branch_python_dop_operator_3.py
[2024-05-10T07:32:39.686+0000] {logging_mixin.py:188} INFO - [2024-05-10T07:32:39.686+0000] {dag.py:3096} INFO - Sync 1 DAGs
[2024-05-10T07:32:39.706+0000] {logging_mixin.py:188} INFO - [2024-05-10T07:32:39.706+0000] {dag.py:3954} INFO - Setting next_dagrun for example_branch_dop_operator_v3 to 2024-05-10 07:31:00+00:00, run_after=2024-05-10 07:32:00+00:00
[2024-05-10T07:32:39.729+0000] {processor.py:183} INFO - Processing /home/airflow/.local/lib/python3.12/site-packages/airflow/example_dags/example_branch_python_dop_operator_3.py took 0.072 seconds
[2024-05-10T07:33:10.492+0000] {processor.py:161} INFO - Started process (PID=1297) to work on /home/airflow/.local/lib/python3.12/site-packages/airflow/example_dags/example_branch_python_dop_operator_3.py
[2024-05-10T07:33:10.493+0000] {processor.py:830} INFO - Processing file /home/airflow/.local/lib/python3.12/site-packages/airflow/example_dags/example_branch_python_dop_operator_3.py for tasks to queue
[2024-05-10T07:33:10.494+0000] {logging_mixin.py:188} INFO - [2024-05-10T07:33:10.494+0000] {dagbag.py:540} INFO - Filling up the DagBag from /home/airflow/.local/lib/python3.12/site-packages/airflow/example_dags/example_branch_python_dop_operator_3.py
[2024-05-10T07:33:10.501+0000] {processor.py:840} INFO - DAG(s) 'example_branch_dop_operator_v3' retrieved from /home/airflow/.local/lib/python3.12/site-packages/airflow/example_dags/example_branch_python_dop_operator_3.py
[2024-05-10T07:33:10.521+0000] {logging_mixin.py:188} INFO - [2024-05-10T07:33:10.521+0000] {dag.py:3096} INFO - Sync 1 DAGs
[2024-05-10T07:33:10.546+0000] {logging_mixin.py:188} INFO - [2024-05-10T07:33:10.546+0000] {dag.py:3954} INFO - Setting next_dagrun for example_branch_dop_operator_v3 to 2024-05-10 07:32:00+00:00, run_after=2024-05-10 07:33:00+00:00
[2024-05-10T07:33:10.574+0000] {processor.py:183} INFO - Processing /home/airflow/.local/lib/python3.12/site-packages/airflow/example_dags/example_branch_python_dop_operator_3.py took 0.090 seconds
[2024-05-10T07:33:40.915+0000] {processor.py:161} INFO - Started process (PID=1356) to work on /home/airflow/.local/lib/python3.12/site-packages/airflow/example_dags/example_branch_python_dop_operator_3.py
[2024-05-10T07:33:40.915+0000] {processor.py:830} INFO - Processing file /home/airflow/.local/lib/python3.12/site-packages/airflow/example_dags/example_branch_python_dop_operator_3.py for tasks to queue
[2024-05-10T07:33:40.916+0000] {logging_mixin.py:188} INFO - [2024-05-10T07:33:40.916+0000] {dagbag.py:540} INFO - Filling up the DagBag from /home/airflow/.local/lib/python3.12/site-packages/airflow/example_dags/example_branch_python_dop_operator_3.py
[2024-05-10T07:33:40.923+0000] {processor.py:840} INFO - DAG(s) 'example_branch_dop_operator_v3' retrieved from /home/airflow/.local/lib/python3.12/site-packages/airflow/example_dags/example_branch_python_dop_operator_3.py
[2024-05-10T07:33:40.948+0000] {logging_mixin.py:188} INFO - [2024-05-10T07:33:40.948+0000] {dag.py:3096} INFO - Sync 1 DAGs
[2024-05-10T07:33:40.972+0000] {logging_mixin.py:188} INFO - [2024-05-10T07:33:40.972+0000] {dag.py:3954} INFO - Setting next_dagrun for example_branch_dop_operator_v3 to 2024-05-10 07:32:00+00:00, run_after=2024-05-10 07:33:00+00:00
[2024-05-10T07:33:40.996+0000] {processor.py:183} INFO - Processing /home/airflow/.local/lib/python3.12/site-packages/airflow/example_dags/example_branch_python_dop_operator_3.py took 0.086 seconds
[2024-05-10T07:34:11.773+0000] {processor.py:161} INFO - Started process (PID=1416) to work on /home/airflow/.local/lib/python3.12/site-packages/airflow/example_dags/example_branch_python_dop_operator_3.py
[2024-05-10T07:34:11.774+0000] {processor.py:830} INFO - Processing file /home/airflow/.local/lib/python3.12/site-packages/airflow/example_dags/example_branch_python_dop_operator_3.py for tasks to queue
[2024-05-10T07:34:11.775+0000] {logging_mixin.py:188} INFO - [2024-05-10T07:34:11.775+0000] {dagbag.py:540} INFO - Filling up the DagBag from /home/airflow/.local/lib/python3.12/site-packages/airflow/example_dags/example_branch_python_dop_operator_3.py
[2024-05-10T07:34:11.783+0000] {processor.py:840} INFO - DAG(s) 'example_branch_dop_operator_v3' retrieved from /home/airflow/.local/lib/python3.12/site-packages/airflow/example_dags/example_branch_python_dop_operator_3.py
[2024-05-10T07:34:11.799+0000] {logging_mixin.py:188} INFO - [2024-05-10T07:34:11.799+0000] {dag.py:3096} INFO - Sync 1 DAGs
[2024-05-10T07:34:11.820+0000] {logging_mixin.py:188} INFO - [2024-05-10T07:34:11.820+0000] {dag.py:3954} INFO - Setting next_dagrun for example_branch_dop_operator_v3 to 2024-05-10 07:33:00+00:00, run_after=2024-05-10 07:34:00+00:00
[2024-05-10T07:34:11.841+0000] {processor.py:183} INFO - Processing /home/airflow/.local/lib/python3.12/site-packages/airflow/example_dags/example_branch_python_dop_operator_3.py took 0.073 seconds
[2024-05-10T07:34:42.327+0000] {processor.py:161} INFO - Started process (PID=1475) to work on /home/airflow/.local/lib/python3.12/site-packages/airflow/example_dags/example_branch_python_dop_operator_3.py
[2024-05-10T07:34:42.328+0000] {processor.py:830} INFO - Processing file /home/airflow/.local/lib/python3.12/site-packages/airflow/example_dags/example_branch_python_dop_operator_3.py for tasks to queue
[2024-05-10T07:34:42.329+0000] {logging_mixin.py:188} INFO - [2024-05-10T07:34:42.329+0000] {dagbag.py:540} INFO - Filling up the DagBag from /home/airflow/.local/lib/python3.12/site-packages/airflow/example_dags/example_branch_python_dop_operator_3.py
[2024-05-10T07:34:42.336+0000] {processor.py:840} INFO - DAG(s) 'example_branch_dop_operator_v3' retrieved from /home/airflow/.local/lib/python3.12/site-packages/airflow/example_dags/example_branch_python_dop_operator_3.py
[2024-05-10T07:34:42.351+0000] {logging_mixin.py:188} INFO - [2024-05-10T07:34:42.351+0000] {dag.py:3096} INFO - Sync 1 DAGs
[2024-05-10T07:34:42.371+0000] {logging_mixin.py:188} INFO - [2024-05-10T07:34:42.371+0000] {dag.py:3954} INFO - Setting next_dagrun for example_branch_dop_operator_v3 to 2024-05-10 07:33:00+00:00, run_after=2024-05-10 07:34:00+00:00
[2024-05-10T07:34:42.396+0000] {processor.py:183} INFO - Processing /home/airflow/.local/lib/python3.12/site-packages/airflow/example_dags/example_branch_python_dop_operator_3.py took 0.074 seconds
[2024-05-10T07:35:13.073+0000] {processor.py:161} INFO - Started process (PID=1534) to work on /home/airflow/.local/lib/python3.12/site-packages/airflow/example_dags/example_branch_python_dop_operator_3.py
[2024-05-10T07:35:13.073+0000] {processor.py:830} INFO - Processing file /home/airflow/.local/lib/python3.12/site-packages/airflow/example_dags/example_branch_python_dop_operator_3.py for tasks to queue
[2024-05-10T07:35:13.075+0000] {logging_mixin.py:188} INFO - [2024-05-10T07:35:13.074+0000] {dagbag.py:540} INFO - Filling up the DagBag from /home/airflow/.local/lib/python3.12/site-packages/airflow/example_dags/example_branch_python_dop_operator_3.py
[2024-05-10T07:35:13.082+0000] {processor.py:840} INFO - DAG(s) 'example_branch_dop_operator_v3' retrieved from /home/airflow/.local/lib/python3.12/site-packages/airflow/example_dags/example_branch_python_dop_operator_3.py
[2024-05-10T07:35:13.097+0000] {logging_mixin.py:188} INFO - [2024-05-10T07:35:13.097+0000] {dag.py:3096} INFO - Sync 1 DAGs
[2024-05-10T07:35:13.118+0000] {logging_mixin.py:188} INFO - [2024-05-10T07:35:13.118+0000] {dag.py:3954} INFO - Setting next_dagrun for example_branch_dop_operator_v3 to 2024-05-10 07:34:00+00:00, run_after=2024-05-10 07:35:00+00:00
[2024-05-10T07:35:13.141+0000] {processor.py:183} INFO - Processing /home/airflow/.local/lib/python3.12/site-packages/airflow/example_dags/example_branch_python_dop_operator_3.py took 0.073 seconds
[2024-05-10T07:35:43.995+0000] {processor.py:161} INFO - Started process (PID=1593) to work on /home/airflow/.local/lib/python3.12/site-packages/airflow/example_dags/example_branch_python_dop_operator_3.py
[2024-05-10T07:35:43.995+0000] {processor.py:830} INFO - Processing file /home/airflow/.local/lib/python3.12/site-packages/airflow/example_dags/example_branch_python_dop_operator_3.py for tasks to queue
[2024-05-10T07:35:43.997+0000] {logging_mixin.py:188} INFO - [2024-05-10T07:35:43.996+0000] {dagbag.py:540} INFO - Filling up the DagBag from /home/airflow/.local/lib/python3.12/site-packages/airflow/example_dags/example_branch_python_dop_operator_3.py
[2024-05-10T07:35:44.003+0000] {processor.py:840} INFO - DAG(s) 'example_branch_dop_operator_v3' retrieved from /home/airflow/.local/lib/python3.12/site-packages/airflow/example_dags/example_branch_python_dop_operator_3.py
[2024-05-10T07:35:44.020+0000] {logging_mixin.py:188} INFO - [2024-05-10T07:35:44.020+0000] {dag.py:3096} INFO - Sync 1 DAGs
[2024-05-10T07:35:44.041+0000] {logging_mixin.py:188} INFO - [2024-05-10T07:35:44.041+0000] {dag.py:3954} INFO - Setting next_dagrun for example_branch_dop_operator_v3 to 2024-05-10 07:34:00+00:00, run_after=2024-05-10 07:35:00+00:00
[2024-05-10T07:35:44.063+0000] {processor.py:183} INFO - Processing /home/airflow/.local/lib/python3.12/site-packages/airflow/example_dags/example_branch_python_dop_operator_3.py took 0.074 seconds
[2024-05-10T07:36:14.337+0000] {processor.py:161} INFO - Started process (PID=1652) to work on /home/airflow/.local/lib/python3.12/site-packages/airflow/example_dags/example_branch_python_dop_operator_3.py
[2024-05-10T07:36:14.338+0000] {processor.py:830} INFO - Processing file /home/airflow/.local/lib/python3.12/site-packages/airflow/example_dags/example_branch_python_dop_operator_3.py for tasks to queue
[2024-05-10T07:36:14.339+0000] {logging_mixin.py:188} INFO - [2024-05-10T07:36:14.339+0000] {dagbag.py:540} INFO - Filling up the DagBag from /home/airflow/.local/lib/python3.12/site-packages/airflow/example_dags/example_branch_python_dop_operator_3.py
[2024-05-10T07:36:14.346+0000] {processor.py:840} INFO - DAG(s) 'example_branch_dop_operator_v3' retrieved from /home/airflow/.local/lib/python3.12/site-packages/airflow/example_dags/example_branch_python_dop_operator_3.py
[2024-05-10T07:36:14.361+0000] {logging_mixin.py:188} INFO - [2024-05-10T07:36:14.361+0000] {dag.py:3096} INFO - Sync 1 DAGs
[2024-05-10T07:36:14.383+0000] {logging_mixin.py:188} INFO - [2024-05-10T07:36:14.383+0000] {dag.py:3954} INFO - Setting next_dagrun for example_branch_dop_operator_v3 to 2024-05-10 07:35:00+00:00, run_after=2024-05-10 07:36:00+00:00
[2024-05-10T07:36:14.407+0000] {processor.py:183} INFO - Processing /home/airflow/.local/lib/python3.12/site-packages/airflow/example_dags/example_branch_python_dop_operator_3.py took 0.074 seconds
[2024-05-10T07:36:44.518+0000] {processor.py:161} INFO - Started process (PID=1710) to work on /home/airflow/.local/lib/python3.12/site-packages/airflow/example_dags/example_branch_python_dop_operator_3.py
[2024-05-10T07:36:44.518+0000] {processor.py:830} INFO - Processing file /home/airflow/.local/lib/python3.12/site-packages/airflow/example_dags/example_branch_python_dop_operator_3.py for tasks to queue
[2024-05-10T07:36:44.519+0000] {logging_mixin.py:188} INFO - [2024-05-10T07:36:44.519+0000] {dagbag.py:540} INFO - Filling up the DagBag from /home/airflow/.local/lib/python3.12/site-packages/airflow/example_dags/example_branch_python_dop_operator_3.py
[2024-05-10T07:36:44.526+0000] {processor.py:840} INFO - DAG(s) 'example_branch_dop_operator_v3' retrieved from /home/airflow/.local/lib/python3.12/site-packages/airflow/example_dags/example_branch_python_dop_operator_3.py
[2024-05-10T07:36:44.543+0000] {logging_mixin.py:188} INFO - [2024-05-10T07:36:44.543+0000] {dag.py:3096} INFO - Sync 1 DAGs
[2024-05-10T07:36:44.564+0000] {logging_mixin.py:188} INFO - [2024-05-10T07:36:44.564+0000] {dag.py:3954} INFO - Setting next_dagrun for example_branch_dop_operator_v3 to 2024-05-10 07:35:00+00:00, run_after=2024-05-10 07:36:00+00:00
[2024-05-10T07:36:44.585+0000] {processor.py:183} INFO - Processing /home/airflow/.local/lib/python3.12/site-packages/airflow/example_dags/example_branch_python_dop_operator_3.py took 0.072 seconds
[2024-05-10T07:37:15.755+0000] {processor.py:161} INFO - Started process (PID=1769) to work on /home/airflow/.local/lib/python3.12/site-packages/airflow/example_dags/example_branch_python_dop_operator_3.py
[2024-05-10T07:37:15.759+0000] {processor.py:830} INFO - Processing file /home/airflow/.local/lib/python3.12/site-packages/airflow/example_dags/example_branch_python_dop_operator_3.py for tasks to queue
[2024-05-10T07:37:15.764+0000] {logging_mixin.py:188} INFO - [2024-05-10T07:37:15.763+0000] {dagbag.py:540} INFO - Filling up the DagBag from /home/airflow/.local/lib/python3.12/site-packages/airflow/example_dags/example_branch_python_dop_operator_3.py
[2024-05-10T07:37:15.789+0000] {processor.py:840} INFO - DAG(s) 'example_branch_dop_operator_v3' retrieved from /home/airflow/.local/lib/python3.12/site-packages/airflow/example_dags/example_branch_python_dop_operator_3.py
[2024-05-10T07:37:15.855+0000] {logging_mixin.py:188} INFO - [2024-05-10T07:37:15.855+0000] {dag.py:3096} INFO - Sync 1 DAGs
[2024-05-10T07:37:15.894+0000] {logging_mixin.py:188} INFO - [2024-05-10T07:37:15.893+0000] {dag.py:3954} INFO - Setting next_dagrun for example_branch_dop_operator_v3 to 2024-05-10 07:36:00+00:00, run_after=2024-05-10 07:37:00+00:00
[2024-05-10T07:37:15.920+0000] {processor.py:183} INFO - Processing /home/airflow/.local/lib/python3.12/site-packages/airflow/example_dags/example_branch_python_dop_operator_3.py took 0.183 seconds
[2024-05-10T07:37:46.822+0000] {processor.py:161} INFO - Started process (PID=1828) to work on /home/airflow/.local/lib/python3.12/site-packages/airflow/example_dags/example_branch_python_dop_operator_3.py
[2024-05-10T07:37:46.823+0000] {processor.py:830} INFO - Processing file /home/airflow/.local/lib/python3.12/site-packages/airflow/example_dags/example_branch_python_dop_operator_3.py for tasks to queue
[2024-05-10T07:37:46.826+0000] {logging_mixin.py:188} INFO - [2024-05-10T07:37:46.826+0000] {dagbag.py:540} INFO - Filling up the DagBag from /home/airflow/.local/lib/python3.12/site-packages/airflow/example_dags/example_branch_python_dop_operator_3.py
[2024-05-10T07:37:46.833+0000] {processor.py:840} INFO - DAG(s) 'example_branch_dop_operator_v3' retrieved from /home/airflow/.local/lib/python3.12/site-packages/airflow/example_dags/example_branch_python_dop_operator_3.py
[2024-05-10T07:37:46.850+0000] {logging_mixin.py:188} INFO - [2024-05-10T07:37:46.849+0000] {dag.py:3096} INFO - Sync 1 DAGs
[2024-05-10T07:37:46.871+0000] {logging_mixin.py:188} INFO - [2024-05-10T07:37:46.871+0000] {dag.py:3954} INFO - Setting next_dagrun for example_branch_dop_operator_v3 to 2024-05-10 07:36:00+00:00, run_after=2024-05-10 07:37:00+00:00
[2024-05-10T07:37:46.896+0000] {processor.py:183} INFO - Processing /home/airflow/.local/lib/python3.12/site-packages/airflow/example_dags/example_branch_python_dop_operator_3.py took 0.079 seconds
[2024-05-10T07:38:17.501+0000] {processor.py:161} INFO - Started process (PID=1887) to work on /home/airflow/.local/lib/python3.12/site-packages/airflow/example_dags/example_branch_python_dop_operator_3.py
[2024-05-10T07:38:17.501+0000] {processor.py:830} INFO - Processing file /home/airflow/.local/lib/python3.12/site-packages/airflow/example_dags/example_branch_python_dop_operator_3.py for tasks to queue
[2024-05-10T07:38:17.503+0000] {logging_mixin.py:188} INFO - [2024-05-10T07:38:17.502+0000] {dagbag.py:540} INFO - Filling up the DagBag from /home/airflow/.local/lib/python3.12/site-packages/airflow/example_dags/example_branch_python_dop_operator_3.py
[2024-05-10T07:38:17.510+0000] {processor.py:840} INFO - DAG(s) 'example_branch_dop_operator_v3' retrieved from /home/airflow/.local/lib/python3.12/site-packages/airflow/example_dags/example_branch_python_dop_operator_3.py
[2024-05-10T07:38:17.525+0000] {logging_mixin.py:188} INFO - [2024-05-10T07:38:17.525+0000] {dag.py:3096} INFO - Sync 1 DAGs
[2024-05-10T07:38:17.547+0000] {logging_mixin.py:188} INFO - [2024-05-10T07:38:17.547+0000] {dag.py:3954} INFO - Setting next_dagrun for example_branch_dop_operator_v3 to 2024-05-10 07:37:00+00:00, run_after=2024-05-10 07:38:00+00:00
[2024-05-10T07:38:17.575+0000] {processor.py:183} INFO - Processing /home/airflow/.local/lib/python3.12/site-packages/airflow/example_dags/example_branch_python_dop_operator_3.py took 0.079 seconds
[2024-05-10T07:38:48.228+0000] {processor.py:161} INFO - Started process (PID=1945) to work on /home/airflow/.local/lib/python3.12/site-packages/airflow/example_dags/example_branch_python_dop_operator_3.py
[2024-05-10T07:38:48.230+0000] {processor.py:830} INFO - Processing file /home/airflow/.local/lib/python3.12/site-packages/airflow/example_dags/example_branch_python_dop_operator_3.py for tasks to queue
[2024-05-10T07:38:48.231+0000] {logging_mixin.py:188} INFO - [2024-05-10T07:38:48.231+0000] {dagbag.py:540} INFO - Filling up the DagBag from /home/airflow/.local/lib/python3.12/site-packages/airflow/example_dags/example_branch_python_dop_operator_3.py
[2024-05-10T07:38:48.238+0000] {processor.py:840} INFO - DAG(s) 'example_branch_dop_operator_v3' retrieved from /home/airflow/.local/lib/python3.12/site-packages/airflow/example_dags/example_branch_python_dop_operator_3.py
[2024-05-10T07:38:48.255+0000] {logging_mixin.py:188} INFO - [2024-05-10T07:38:48.255+0000] {dag.py:3096} INFO - Sync 1 DAGs
[2024-05-10T07:38:48.276+0000] {logging_mixin.py:188} INFO - [2024-05-10T07:38:48.276+0000] {dag.py:3954} INFO - Setting next_dagrun for example_branch_dop_operator_v3 to 2024-05-10 07:37:00+00:00, run_after=2024-05-10 07:38:00+00:00
[2024-05-10T07:38:48.297+0000] {processor.py:183} INFO - Processing /home/airflow/.local/lib/python3.12/site-packages/airflow/example_dags/example_branch_python_dop_operator_3.py took 0.074 seconds
[2024-05-10T07:39:18.452+0000] {processor.py:161} INFO - Started process (PID=2005) to work on /home/airflow/.local/lib/python3.12/site-packages/airflow/example_dags/example_branch_python_dop_operator_3.py
[2024-05-10T07:39:18.454+0000] {processor.py:830} INFO - Processing file /home/airflow/.local/lib/python3.12/site-packages/airflow/example_dags/example_branch_python_dop_operator_3.py for tasks to queue
[2024-05-10T07:39:18.456+0000] {logging_mixin.py:188} INFO - [2024-05-10T07:39:18.455+0000] {dagbag.py:540} INFO - Filling up the DagBag from /home/airflow/.local/lib/python3.12/site-packages/airflow/example_dags/example_branch_python_dop_operator_3.py
[2024-05-10T07:39:18.466+0000] {processor.py:840} INFO - DAG(s) 'example_branch_dop_operator_v3' retrieved from /home/airflow/.local/lib/python3.12/site-packages/airflow/example_dags/example_branch_python_dop_operator_3.py
[2024-05-10T07:39:18.484+0000] {logging_mixin.py:188} INFO - [2024-05-10T07:39:18.484+0000] {dag.py:3096} INFO - Sync 1 DAGs
[2024-05-10T07:39:18.505+0000] {logging_mixin.py:188} INFO - [2024-05-10T07:39:18.505+0000] {dag.py:3954} INFO - Setting next_dagrun for example_branch_dop_operator_v3 to 2024-05-10 07:38:00+00:00, run_after=2024-05-10 07:39:00+00:00
[2024-05-10T07:39:18.529+0000] {processor.py:183} INFO - Processing /home/airflow/.local/lib/python3.12/site-packages/airflow/example_dags/example_branch_python_dop_operator_3.py took 0.087 seconds
[2024-05-10T07:39:48.591+0000] {processor.py:161} INFO - Started process (PID=2065) to work on /home/airflow/.local/lib/python3.12/site-packages/airflow/example_dags/example_branch_python_dop_operator_3.py
[2024-05-10T07:39:48.592+0000] {processor.py:830} INFO - Processing file /home/airflow/.local/lib/python3.12/site-packages/airflow/example_dags/example_branch_python_dop_operator_3.py for tasks to queue
[2024-05-10T07:39:48.593+0000] {logging_mixin.py:188} INFO - [2024-05-10T07:39:48.593+0000] {dagbag.py:540} INFO - Filling up the DagBag from /home/airflow/.local/lib/python3.12/site-packages/airflow/example_dags/example_branch_python_dop_operator_3.py
[2024-05-10T07:39:48.600+0000] {processor.py:840} INFO - DAG(s) 'example_branch_dop_operator_v3' retrieved from /home/airflow/.local/lib/python3.12/site-packages/airflow/example_dags/example_branch_python_dop_operator_3.py
[2024-05-10T07:39:48.616+0000] {logging_mixin.py:188} INFO - [2024-05-10T07:39:48.616+0000] {dag.py:3096} INFO - Sync 1 DAGs
[2024-05-10T07:39:48.637+0000] {logging_mixin.py:188} INFO - [2024-05-10T07:39:48.637+0000] {dag.py:3954} INFO - Setting next_dagrun for example_branch_dop_operator_v3 to 2024-05-10 07:38:00+00:00, run_after=2024-05-10 07:39:00+00:00
[2024-05-10T07:39:48.663+0000] {processor.py:183} INFO - Processing /home/airflow/.local/lib/python3.12/site-packages/airflow/example_dags/example_branch_python_dop_operator_3.py took 0.076 seconds
[2024-05-10T07:40:19.261+0000] {processor.py:161} INFO - Started process (PID=2121) to work on /home/airflow/.local/lib/python3.12/site-packages/airflow/example_dags/example_branch_python_dop_operator_3.py
[2024-05-10T07:40:19.262+0000] {processor.py:830} INFO - Processing file /home/airflow/.local/lib/python3.12/site-packages/airflow/example_dags/example_branch_python_dop_operator_3.py for tasks to queue
[2024-05-10T07:40:19.263+0000] {logging_mixin.py:188} INFO - [2024-05-10T07:40:19.263+0000] {dagbag.py:540} INFO - Filling up the DagBag from /home/airflow/.local/lib/python3.12/site-packages/airflow/example_dags/example_branch_python_dop_operator_3.py
[2024-05-10T07:40:19.270+0000] {processor.py:840} INFO - DAG(s) 'example_branch_dop_operator_v3' retrieved from /home/airflow/.local/lib/python3.12/site-packages/airflow/example_dags/example_branch_python_dop_operator_3.py
[2024-05-10T07:40:19.286+0000] {logging_mixin.py:188} INFO - [2024-05-10T07:40:19.286+0000] {dag.py:3096} INFO - Sync 1 DAGs
[2024-05-10T07:40:19.308+0000] {logging_mixin.py:188} INFO - [2024-05-10T07:40:19.307+0000] {dag.py:3954} INFO - Setting next_dagrun for example_branch_dop_operator_v3 to 2024-05-10 07:39:00+00:00, run_after=2024-05-10 07:40:00+00:00
[2024-05-10T07:40:19.329+0000] {processor.py:183} INFO - Processing /home/airflow/.local/lib/python3.12/site-packages/airflow/example_dags/example_branch_python_dop_operator_3.py took 0.073 seconds
[2024-05-10T07:40:49.850+0000] {processor.py:161} INFO - Started process (PID=2180) to work on /home/airflow/.local/lib/python3.12/site-packages/airflow/example_dags/example_branch_python_dop_operator_3.py
[2024-05-10T07:40:49.851+0000] {processor.py:830} INFO - Processing file /home/airflow/.local/lib/python3.12/site-packages/airflow/example_dags/example_branch_python_dop_operator_3.py for tasks to queue
[2024-05-10T07:40:49.852+0000] {logging_mixin.py:188} INFO - [2024-05-10T07:40:49.852+0000] {dagbag.py:540} INFO - Filling up the DagBag from /home/airflow/.local/lib/python3.12/site-packages/airflow/example_dags/example_branch_python_dop_operator_3.py
[2024-05-10T07:40:49.859+0000] {processor.py:840} INFO - DAG(s) 'example_branch_dop_operator_v3' retrieved from /home/airflow/.local/lib/python3.12/site-packages/airflow/example_dags/example_branch_python_dop_operator_3.py
[2024-05-10T07:40:49.875+0000] {logging_mixin.py:188} INFO - [2024-05-10T07:40:49.875+0000] {dag.py:3096} INFO - Sync 1 DAGs
[2024-05-10T07:40:49.896+0000] {logging_mixin.py:188} INFO - [2024-05-10T07:40:49.896+0000] {dag.py:3954} INFO - Setting next_dagrun for example_branch_dop_operator_v3 to 2024-05-10 07:39:00+00:00, run_after=2024-05-10 07:40:00+00:00
[2024-05-10T07:40:49.918+0000] {processor.py:183} INFO - Processing /home/airflow/.local/lib/python3.12/site-packages/airflow/example_dags/example_branch_python_dop_operator_3.py took 0.072 seconds
[2024-05-10T07:41:20.663+0000] {processor.py:161} INFO - Started process (PID=2239) to work on /home/airflow/.local/lib/python3.12/site-packages/airflow/example_dags/example_branch_python_dop_operator_3.py
[2024-05-10T07:41:20.664+0000] {processor.py:830} INFO - Processing file /home/airflow/.local/lib/python3.12/site-packages/airflow/example_dags/example_branch_python_dop_operator_3.py for tasks to queue
[2024-05-10T07:41:20.665+0000] {logging_mixin.py:188} INFO - [2024-05-10T07:41:20.665+0000] {dagbag.py:540} INFO - Filling up the DagBag from /home/airflow/.local/lib/python3.12/site-packages/airflow/example_dags/example_branch_python_dop_operator_3.py
[2024-05-10T07:41:20.672+0000] {processor.py:840} INFO - DAG(s) 'example_branch_dop_operator_v3' retrieved from /home/airflow/.local/lib/python3.12/site-packages/airflow/example_dags/example_branch_python_dop_operator_3.py
[2024-05-10T07:41:20.688+0000] {logging_mixin.py:188} INFO - [2024-05-10T07:41:20.688+0000] {dag.py:3096} INFO - Sync 1 DAGs
[2024-05-10T07:41:20.709+0000] {logging_mixin.py:188} INFO - [2024-05-10T07:41:20.709+0000] {dag.py:3954} INFO - Setting next_dagrun for example_branch_dop_operator_v3 to 2024-05-10 07:40:00+00:00, run_after=2024-05-10 07:41:00+00:00
[2024-05-10T07:41:20.751+0000] {processor.py:183} INFO - Processing /home/airflow/.local/lib/python3.12/site-packages/airflow/example_dags/example_branch_python_dop_operator_3.py took 0.093 seconds
[2024-05-10T07:41:50.914+0000] {processor.py:161} INFO - Started process (PID=2298) to work on /home/airflow/.local/lib/python3.12/site-packages/airflow/example_dags/example_branch_python_dop_operator_3.py
[2024-05-10T07:41:50.915+0000] {processor.py:830} INFO - Processing file /home/airflow/.local/lib/python3.12/site-packages/airflow/example_dags/example_branch_python_dop_operator_3.py for tasks to queue
[2024-05-10T07:41:50.916+0000] {logging_mixin.py:188} INFO - [2024-05-10T07:41:50.916+0000] {dagbag.py:540} INFO - Filling up the DagBag from /home/airflow/.local/lib/python3.12/site-packages/airflow/example_dags/example_branch_python_dop_operator_3.py
[2024-05-10T07:41:50.923+0000] {processor.py:840} INFO - DAG(s) 'example_branch_dop_operator_v3' retrieved from /home/airflow/.local/lib/python3.12/site-packages/airflow/example_dags/example_branch_python_dop_operator_3.py
[2024-05-10T07:41:50.938+0000] {logging_mixin.py:188} INFO - [2024-05-10T07:41:50.938+0000] {dag.py:3096} INFO - Sync 1 DAGs
[2024-05-10T07:41:50.958+0000] {logging_mixin.py:188} INFO - [2024-05-10T07:41:50.958+0000] {dag.py:3954} INFO - Setting next_dagrun for example_branch_dop_operator_v3 to 2024-05-10 07:40:00+00:00, run_after=2024-05-10 07:41:00+00:00
[2024-05-10T07:41:50.973+0000] {processor.py:183} INFO - Processing /home/airflow/.local/lib/python3.12/site-packages/airflow/example_dags/example_branch_python_dop_operator_3.py took 0.064 seconds
[2024-05-10T07:42:21.093+0000] {processor.py:161} INFO - Started process (PID=2356) to work on /home/airflow/.local/lib/python3.12/site-packages/airflow/example_dags/example_branch_python_dop_operator_3.py
[2024-05-10T07:42:21.094+0000] {processor.py:830} INFO - Processing file /home/airflow/.local/lib/python3.12/site-packages/airflow/example_dags/example_branch_python_dop_operator_3.py for tasks to queue
[2024-05-10T07:42:21.095+0000] {logging_mixin.py:188} INFO - [2024-05-10T07:42:21.095+0000] {dagbag.py:540} INFO - Filling up the DagBag from /home/airflow/.local/lib/python3.12/site-packages/airflow/example_dags/example_branch_python_dop_operator_3.py
[2024-05-10T07:42:21.102+0000] {processor.py:840} INFO - DAG(s) 'example_branch_dop_operator_v3' retrieved from /home/airflow/.local/lib/python3.12/site-packages/airflow/example_dags/example_branch_python_dop_operator_3.py
[2024-05-10T07:42:21.120+0000] {logging_mixin.py:188} INFO - [2024-05-10T07:42:21.120+0000] {dag.py:3096} INFO - Sync 1 DAGs
[2024-05-10T07:42:21.142+0000] {logging_mixin.py:188} INFO - [2024-05-10T07:42:21.142+0000] {dag.py:3954} INFO - Setting next_dagrun for example_branch_dop_operator_v3 to 2024-05-10 07:41:00+00:00, run_after=2024-05-10 07:42:00+00:00
[2024-05-10T07:42:21.162+0000] {processor.py:183} INFO - Processing /home/airflow/.local/lib/python3.12/site-packages/airflow/example_dags/example_branch_python_dop_operator_3.py took 0.074 seconds
[2024-05-10T07:42:52.052+0000] {processor.py:161} INFO - Started process (PID=2415) to work on /home/airflow/.local/lib/python3.12/site-packages/airflow/example_dags/example_branch_python_dop_operator_3.py
[2024-05-10T07:42:52.052+0000] {processor.py:830} INFO - Processing file /home/airflow/.local/lib/python3.12/site-packages/airflow/example_dags/example_branch_python_dop_operator_3.py for tasks to queue
[2024-05-10T07:42:52.054+0000] {logging_mixin.py:188} INFO - [2024-05-10T07:42:52.053+0000] {dagbag.py:540} INFO - Filling up the DagBag from /home/airflow/.local/lib/python3.12/site-packages/airflow/example_dags/example_branch_python_dop_operator_3.py
[2024-05-10T07:42:52.061+0000] {processor.py:840} INFO - DAG(s) 'example_branch_dop_operator_v3' retrieved from /home/airflow/.local/lib/python3.12/site-packages/airflow/example_dags/example_branch_python_dop_operator_3.py
[2024-05-10T07:42:52.081+0000] {logging_mixin.py:188} INFO - [2024-05-10T07:42:52.081+0000] {dag.py:3096} INFO - Sync 1 DAGs
[2024-05-10T07:42:52.104+0000] {logging_mixin.py:188} INFO - [2024-05-10T07:42:52.103+0000] {dag.py:3954} INFO - Setting next_dagrun for example_branch_dop_operator_v3 to 2024-05-10 07:41:00+00:00, run_after=2024-05-10 07:42:00+00:00
[2024-05-10T07:42:52.130+0000] {processor.py:183} INFO - Processing /home/airflow/.local/lib/python3.12/site-packages/airflow/example_dags/example_branch_python_dop_operator_3.py took 0.083 seconds
[2024-05-10T07:43:22.459+0000] {processor.py:161} INFO - Started process (PID=2474) to work on /home/airflow/.local/lib/python3.12/site-packages/airflow/example_dags/example_branch_python_dop_operator_3.py
[2024-05-10T07:43:22.459+0000] {processor.py:830} INFO - Processing file /home/airflow/.local/lib/python3.12/site-packages/airflow/example_dags/example_branch_python_dop_operator_3.py for tasks to queue
[2024-05-10T07:43:22.461+0000] {logging_mixin.py:188} INFO - [2024-05-10T07:43:22.460+0000] {dagbag.py:540} INFO - Filling up the DagBag from /home/airflow/.local/lib/python3.12/site-packages/airflow/example_dags/example_branch_python_dop_operator_3.py
[2024-05-10T07:43:22.467+0000] {processor.py:840} INFO - DAG(s) 'example_branch_dop_operator_v3' retrieved from /home/airflow/.local/lib/python3.12/site-packages/airflow/example_dags/example_branch_python_dop_operator_3.py
[2024-05-10T07:43:22.483+0000] {logging_mixin.py:188} INFO - [2024-05-10T07:43:22.483+0000] {dag.py:3096} INFO - Sync 1 DAGs
[2024-05-10T07:43:22.504+0000] {logging_mixin.py:188} INFO - [2024-05-10T07:43:22.504+0000] {dag.py:3954} INFO - Setting next_dagrun for example_branch_dop_operator_v3 to 2024-05-10 07:42:00+00:00, run_after=2024-05-10 07:43:00+00:00
[2024-05-10T07:43:22.529+0000] {processor.py:183} INFO - Processing /home/airflow/.local/lib/python3.12/site-packages/airflow/example_dags/example_branch_python_dop_operator_3.py took 0.075 seconds
[2024-05-10T07:43:53.008+0000] {processor.py:161} INFO - Started process (PID=2533) to work on /home/airflow/.local/lib/python3.12/site-packages/airflow/example_dags/example_branch_python_dop_operator_3.py
[2024-05-10T07:43:53.008+0000] {processor.py:830} INFO - Processing file /home/airflow/.local/lib/python3.12/site-packages/airflow/example_dags/example_branch_python_dop_operator_3.py for tasks to queue
[2024-05-10T07:43:53.010+0000] {logging_mixin.py:188} INFO - [2024-05-10T07:43:53.010+0000] {dagbag.py:540} INFO - Filling up the DagBag from /home/airflow/.local/lib/python3.12/site-packages/airflow/example_dags/example_branch_python_dop_operator_3.py
[2024-05-10T07:43:53.017+0000] {processor.py:840} INFO - DAG(s) 'example_branch_dop_operator_v3' retrieved from /home/airflow/.local/lib/python3.12/site-packages/airflow/example_dags/example_branch_python_dop_operator_3.py
[2024-05-10T07:43:53.032+0000] {logging_mixin.py:188} INFO - [2024-05-10T07:43:53.032+0000] {dag.py:3096} INFO - Sync 1 DAGs
[2024-05-10T07:43:53.052+0000] {logging_mixin.py:188} INFO - [2024-05-10T07:43:53.051+0000] {dag.py:3954} INFO - Setting next_dagrun for example_branch_dop_operator_v3 to 2024-05-10 07:42:00+00:00, run_after=2024-05-10 07:43:00+00:00
[2024-05-10T07:43:53.073+0000] {processor.py:183} INFO - Processing /home/airflow/.local/lib/python3.12/site-packages/airflow/example_dags/example_branch_python_dop_operator_3.py took 0.072 seconds
[2024-05-10T07:44:23.614+0000] {processor.py:161} INFO - Started process (PID=2591) to work on /home/airflow/.local/lib/python3.12/site-packages/airflow/example_dags/example_branch_python_dop_operator_3.py
[2024-05-10T07:44:23.615+0000] {processor.py:830} INFO - Processing file /home/airflow/.local/lib/python3.12/site-packages/airflow/example_dags/example_branch_python_dop_operator_3.py for tasks to queue
[2024-05-10T07:44:23.616+0000] {logging_mixin.py:188} INFO - [2024-05-10T07:44:23.616+0000] {dagbag.py:540} INFO - Filling up the DagBag from /home/airflow/.local/lib/python3.12/site-packages/airflow/example_dags/example_branch_python_dop_operator_3.py
[2024-05-10T07:44:23.623+0000] {processor.py:840} INFO - DAG(s) 'example_branch_dop_operator_v3' retrieved from /home/airflow/.local/lib/python3.12/site-packages/airflow/example_dags/example_branch_python_dop_operator_3.py
[2024-05-10T07:44:23.638+0000] {logging_mixin.py:188} INFO - [2024-05-10T07:44:23.638+0000] {dag.py:3096} INFO - Sync 1 DAGs
[2024-05-10T07:44:23.659+0000] {logging_mixin.py:188} INFO - [2024-05-10T07:44:23.659+0000] {dag.py:3954} INFO - Setting next_dagrun for example_branch_dop_operator_v3 to 2024-05-10 07:43:00+00:00, run_after=2024-05-10 07:44:00+00:00
[2024-05-10T07:44:23.683+0000] {processor.py:183} INFO - Processing /home/airflow/.local/lib/python3.12/site-packages/airflow/example_dags/example_branch_python_dop_operator_3.py took 0.074 seconds
[2024-05-10T07:44:54.069+0000] {processor.py:161} INFO - Started process (PID=2651) to work on /home/airflow/.local/lib/python3.12/site-packages/airflow/example_dags/example_branch_python_dop_operator_3.py
[2024-05-10T07:44:54.070+0000] {processor.py:830} INFO - Processing file /home/airflow/.local/lib/python3.12/site-packages/airflow/example_dags/example_branch_python_dop_operator_3.py for tasks to queue
[2024-05-10T07:44:54.071+0000] {logging_mixin.py:188} INFO - [2024-05-10T07:44:54.071+0000] {dagbag.py:540} INFO - Filling up the DagBag from /home/airflow/.local/lib/python3.12/site-packages/airflow/example_dags/example_branch_python_dop_operator_3.py
[2024-05-10T07:44:54.077+0000] {processor.py:840} INFO - DAG(s) 'example_branch_dop_operator_v3' retrieved from /home/airflow/.local/lib/python3.12/site-packages/airflow/example_dags/example_branch_python_dop_operator_3.py
[2024-05-10T07:44:54.093+0000] {logging_mixin.py:188} INFO - [2024-05-10T07:44:54.092+0000] {dag.py:3096} INFO - Sync 1 DAGs
[2024-05-10T07:44:54.113+0000] {logging_mixin.py:188} INFO - [2024-05-10T07:44:54.113+0000] {dag.py:3954} INFO - Setting next_dagrun for example_branch_dop_operator_v3 to 2024-05-10 07:43:00+00:00, run_after=2024-05-10 07:44:00+00:00
[2024-05-10T07:44:54.128+0000] {processor.py:183} INFO - Processing /home/airflow/.local/lib/python3.12/site-packages/airflow/example_dags/example_branch_python_dop_operator_3.py took 0.064 seconds
[2024-05-10T07:45:24.763+0000] {processor.py:161} INFO - Started process (PID=2711) to work on /home/airflow/.local/lib/python3.12/site-packages/airflow/example_dags/example_branch_python_dop_operator_3.py
[2024-05-10T07:45:24.764+0000] {processor.py:830} INFO - Processing file /home/airflow/.local/lib/python3.12/site-packages/airflow/example_dags/example_branch_python_dop_operator_3.py for tasks to queue
[2024-05-10T07:45:24.765+0000] {logging_mixin.py:188} INFO - [2024-05-10T07:45:24.765+0000] {dagbag.py:540} INFO - Filling up the DagBag from /home/airflow/.local/lib/python3.12/site-packages/airflow/example_dags/example_branch_python_dop_operator_3.py
[2024-05-10T07:45:24.773+0000] {processor.py:840} INFO - DAG(s) 'example_branch_dop_operator_v3' retrieved from /home/airflow/.local/lib/python3.12/site-packages/airflow/example_dags/example_branch_python_dop_operator_3.py
[2024-05-10T07:45:24.797+0000] {logging_mixin.py:188} INFO - [2024-05-10T07:45:24.797+0000] {dag.py:3096} INFO - Sync 1 DAGs
[2024-05-10T07:45:24.822+0000] {logging_mixin.py:188} INFO - [2024-05-10T07:45:24.822+0000] {dag.py:3954} INFO - Setting next_dagrun for example_branch_dop_operator_v3 to 2024-05-10 07:44:00+00:00, run_after=2024-05-10 07:45:00+00:00
[2024-05-10T07:45:24.854+0000] {processor.py:183} INFO - Processing /home/airflow/.local/lib/python3.12/site-packages/airflow/example_dags/example_branch_python_dop_operator_3.py took 0.096 seconds
[2024-05-10T07:45:55.404+0000] {processor.py:161} INFO - Started process (PID=2770) to work on /home/airflow/.local/lib/python3.12/site-packages/airflow/example_dags/example_branch_python_dop_operator_3.py
[2024-05-10T07:45:55.405+0000] {processor.py:830} INFO - Processing file /home/airflow/.local/lib/python3.12/site-packages/airflow/example_dags/example_branch_python_dop_operator_3.py for tasks to queue
[2024-05-10T07:45:55.406+0000] {logging_mixin.py:188} INFO - [2024-05-10T07:45:55.405+0000] {dagbag.py:540} INFO - Filling up the DagBag from /home/airflow/.local/lib/python3.12/site-packages/airflow/example_dags/example_branch_python_dop_operator_3.py
[2024-05-10T07:45:55.412+0000] {processor.py:840} INFO - DAG(s) 'example_branch_dop_operator_v3' retrieved from /home/airflow/.local/lib/python3.12/site-packages/airflow/example_dags/example_branch_python_dop_operator_3.py
[2024-05-10T07:45:55.429+0000] {logging_mixin.py:188} INFO - [2024-05-10T07:45:55.429+0000] {dag.py:3096} INFO - Sync 1 DAGs
[2024-05-10T07:45:55.450+0000] {logging_mixin.py:188} INFO - [2024-05-10T07:45:55.449+0000] {dag.py:3954} INFO - Setting next_dagrun for example_branch_dop_operator_v3 to 2024-05-10 07:44:00+00:00, run_after=2024-05-10 07:45:00+00:00
[2024-05-10T07:45:55.472+0000] {processor.py:183} INFO - Processing /home/airflow/.local/lib/python3.12/site-packages/airflow/example_dags/example_branch_python_dop_operator_3.py took 0.073 seconds
[2024-05-10T07:46:26.439+0000] {processor.py:161} INFO - Started process (PID=2828) to work on /home/airflow/.local/lib/python3.12/site-packages/airflow/example_dags/example_branch_python_dop_operator_3.py
[2024-05-10T07:46:26.439+0000] {processor.py:830} INFO - Processing file /home/airflow/.local/lib/python3.12/site-packages/airflow/example_dags/example_branch_python_dop_operator_3.py for tasks to queue
[2024-05-10T07:46:26.440+0000] {logging_mixin.py:188} INFO - [2024-05-10T07:46:26.440+0000] {dagbag.py:540} INFO - Filling up the DagBag from /home/airflow/.local/lib/python3.12/site-packages/airflow/example_dags/example_branch_python_dop_operator_3.py
[2024-05-10T07:46:26.448+0000] {processor.py:840} INFO - DAG(s) 'example_branch_dop_operator_v3' retrieved from /home/airflow/.local/lib/python3.12/site-packages/airflow/example_dags/example_branch_python_dop_operator_3.py
[2024-05-10T07:46:26.469+0000] {logging_mixin.py:188} INFO - [2024-05-10T07:46:26.468+0000] {dag.py:3096} INFO - Sync 1 DAGs
[2024-05-10T07:46:26.495+0000] {logging_mixin.py:188} INFO - [2024-05-10T07:46:26.495+0000] {dag.py:3954} INFO - Setting next_dagrun for example_branch_dop_operator_v3 to 2024-05-10 07:45:00+00:00, run_after=2024-05-10 07:46:00+00:00
[2024-05-10T07:46:26.533+0000] {processor.py:183} INFO - Processing /home/airflow/.local/lib/python3.12/site-packages/airflow/example_dags/example_branch_python_dop_operator_3.py took 0.100 seconds
[2024-05-10T07:46:56.770+0000] {processor.py:161} INFO - Started process (PID=2885) to work on /home/airflow/.local/lib/python3.12/site-packages/airflow/example_dags/example_branch_python_dop_operator_3.py
[2024-05-10T07:46:56.771+0000] {processor.py:830} INFO - Processing file /home/airflow/.local/lib/python3.12/site-packages/airflow/example_dags/example_branch_python_dop_operator_3.py for tasks to queue
[2024-05-10T07:46:56.772+0000] {logging_mixin.py:188} INFO - [2024-05-10T07:46:56.772+0000] {dagbag.py:540} INFO - Filling up the DagBag from /home/airflow/.local/lib/python3.12/site-packages/airflow/example_dags/example_branch_python_dop_operator_3.py
[2024-05-10T07:46:56.779+0000] {processor.py:840} INFO - DAG(s) 'example_branch_dop_operator_v3' retrieved from /home/airflow/.local/lib/python3.12/site-packages/airflow/example_dags/example_branch_python_dop_operator_3.py
[2024-05-10T07:46:56.798+0000] {logging_mixin.py:188} INFO - [2024-05-10T07:46:56.797+0000] {dag.py:3096} INFO - Sync 1 DAGs
[2024-05-10T07:46:56.822+0000] {logging_mixin.py:188} INFO - [2024-05-10T07:46:56.822+0000] {dag.py:3954} INFO - Setting next_dagrun for example_branch_dop_operator_v3 to 2024-05-10 07:45:00+00:00, run_after=2024-05-10 07:46:00+00:00
[2024-05-10T07:46:56.879+0000] {processor.py:183} INFO - Processing /home/airflow/.local/lib/python3.12/site-packages/airflow/example_dags/example_branch_python_dop_operator_3.py took 0.114 seconds
[2024-05-10T07:47:27.028+0000] {processor.py:161} INFO - Started process (PID=2943) to work on /home/airflow/.local/lib/python3.12/site-packages/airflow/example_dags/example_branch_python_dop_operator_3.py
[2024-05-10T07:47:27.029+0000] {processor.py:830} INFO - Processing file /home/airflow/.local/lib/python3.12/site-packages/airflow/example_dags/example_branch_python_dop_operator_3.py for tasks to queue
[2024-05-10T07:47:27.030+0000] {logging_mixin.py:188} INFO - [2024-05-10T07:47:27.029+0000] {dagbag.py:540} INFO - Filling up the DagBag from /home/airflow/.local/lib/python3.12/site-packages/airflow/example_dags/example_branch_python_dop_operator_3.py
[2024-05-10T07:47:27.037+0000] {processor.py:840} INFO - DAG(s) 'example_branch_dop_operator_v3' retrieved from /home/airflow/.local/lib/python3.12/site-packages/airflow/example_dags/example_branch_python_dop_operator_3.py
[2024-05-10T07:47:27.054+0000] {logging_mixin.py:188} INFO - [2024-05-10T07:47:27.053+0000] {dag.py:3096} INFO - Sync 1 DAGs
[2024-05-10T07:47:27.073+0000] {logging_mixin.py:188} INFO - [2024-05-10T07:47:27.073+0000] {dag.py:3954} INFO - Setting next_dagrun for example_branch_dop_operator_v3 to 2024-05-10 07:46:00+00:00, run_after=2024-05-10 07:47:00+00:00
[2024-05-10T07:47:27.121+0000] {processor.py:183} INFO - Processing /home/airflow/.local/lib/python3.12/site-packages/airflow/example_dags/example_branch_python_dop_operator_3.py took 0.098 seconds
[2024-05-10T07:47:57.396+0000] {processor.py:161} INFO - Started process (PID=3001) to work on /home/airflow/.local/lib/python3.12/site-packages/airflow/example_dags/example_branch_python_dop_operator_3.py
[2024-05-10T07:47:57.397+0000] {processor.py:830} INFO - Processing file /home/airflow/.local/lib/python3.12/site-packages/airflow/example_dags/example_branch_python_dop_operator_3.py for tasks to queue
[2024-05-10T07:47:57.397+0000] {logging_mixin.py:188} INFO - [2024-05-10T07:47:57.397+0000] {dagbag.py:540} INFO - Filling up the DagBag from /home/airflow/.local/lib/python3.12/site-packages/airflow/example_dags/example_branch_python_dop_operator_3.py
[2024-05-10T07:47:57.404+0000] {processor.py:840} INFO - DAG(s) 'example_branch_dop_operator_v3' retrieved from /home/airflow/.local/lib/python3.12/site-packages/airflow/example_dags/example_branch_python_dop_operator_3.py
[2024-05-10T07:47:57.420+0000] {logging_mixin.py:188} INFO - [2024-05-10T07:47:57.420+0000] {dag.py:3096} INFO - Sync 1 DAGs
[2024-05-10T07:47:57.441+0000] {logging_mixin.py:188} INFO - [2024-05-10T07:47:57.441+0000] {dag.py:3954} INFO - Setting next_dagrun for example_branch_dop_operator_v3 to 2024-05-10 07:46:00+00:00, run_after=2024-05-10 07:47:00+00:00
[2024-05-10T07:47:57.464+0000] {processor.py:183} INFO - Processing /home/airflow/.local/lib/python3.12/site-packages/airflow/example_dags/example_branch_python_dop_operator_3.py took 0.072 seconds
[2024-05-10T07:48:28.414+0000] {processor.py:161} INFO - Started process (PID=3059) to work on /home/airflow/.local/lib/python3.12/site-packages/airflow/example_dags/example_branch_python_dop_operator_3.py
[2024-05-10T07:48:28.414+0000] {processor.py:830} INFO - Processing file /home/airflow/.local/lib/python3.12/site-packages/airflow/example_dags/example_branch_python_dop_operator_3.py for tasks to queue
[2024-05-10T07:48:28.415+0000] {logging_mixin.py:188} INFO - [2024-05-10T07:48:28.415+0000] {dagbag.py:540} INFO - Filling up the DagBag from /home/airflow/.local/lib/python3.12/site-packages/airflow/example_dags/example_branch_python_dop_operator_3.py
[2024-05-10T07:48:28.425+0000] {processor.py:840} INFO - DAG(s) 'example_branch_dop_operator_v3' retrieved from /home/airflow/.local/lib/python3.12/site-packages/airflow/example_dags/example_branch_python_dop_operator_3.py
[2024-05-10T07:48:28.443+0000] {logging_mixin.py:188} INFO - [2024-05-10T07:48:28.442+0000] {dag.py:3096} INFO - Sync 1 DAGs
[2024-05-10T07:48:28.467+0000] {logging_mixin.py:188} INFO - [2024-05-10T07:48:28.467+0000] {dag.py:3954} INFO - Setting next_dagrun for example_branch_dop_operator_v3 to 2024-05-10 07:47:00+00:00, run_after=2024-05-10 07:48:00+00:00
[2024-05-10T07:48:28.488+0000] {processor.py:183} INFO - Processing /home/airflow/.local/lib/python3.12/site-packages/airflow/example_dags/example_branch_python_dop_operator_3.py took 0.080 seconds
[2024-05-10T07:48:58.668+0000] {processor.py:161} INFO - Started process (PID=3117) to work on /home/airflow/.local/lib/python3.12/site-packages/airflow/example_dags/example_branch_python_dop_operator_3.py
[2024-05-10T07:48:58.669+0000] {processor.py:830} INFO - Processing file /home/airflow/.local/lib/python3.12/site-packages/airflow/example_dags/example_branch_python_dop_operator_3.py for tasks to queue
[2024-05-10T07:48:58.669+0000] {logging_mixin.py:188} INFO - [2024-05-10T07:48:58.669+0000] {dagbag.py:540} INFO - Filling up the DagBag from /home/airflow/.local/lib/python3.12/site-packages/airflow/example_dags/example_branch_python_dop_operator_3.py
[2024-05-10T07:48:58.678+0000] {processor.py:840} INFO - DAG(s) 'example_branch_dop_operator_v3' retrieved from /home/airflow/.local/lib/python3.12/site-packages/airflow/example_dags/example_branch_python_dop_operator_3.py
[2024-05-10T07:48:58.785+0000] {logging_mixin.py:188} INFO - [2024-05-10T07:48:58.785+0000] {dag.py:3096} INFO - Sync 1 DAGs
[2024-05-10T07:48:58.794+0000] {logging_mixin.py:188} INFO - [2024-05-10T07:48:58.794+0000] {dag.py:3118} INFO - Creating ORM DAG for example_branch_dop_operator_v3
[2024-05-10T07:48:58.806+0000] {logging_mixin.py:188} INFO - [2024-05-10T07:48:58.805+0000] {dag.py:3954} INFO - Setting next_dagrun for example_branch_dop_operator_v3 to 2024-05-10 07:47:00+00:00, run_after=2024-05-10 07:48:00+00:00
[2024-05-10T07:48:58.822+0000] {processor.py:183} INFO - Processing /home/airflow/.local/lib/python3.12/site-packages/airflow/example_dags/example_branch_python_dop_operator_3.py took 0.160 seconds
[2024-05-10T07:49:29.043+0000] {processor.py:161} INFO - Started process (PID=3175) to work on /home/airflow/.local/lib/python3.12/site-packages/airflow/example_dags/example_branch_python_dop_operator_3.py
[2024-05-10T07:49:29.045+0000] {processor.py:830} INFO - Processing file /home/airflow/.local/lib/python3.12/site-packages/airflow/example_dags/example_branch_python_dop_operator_3.py for tasks to queue
[2024-05-10T07:49:29.045+0000] {logging_mixin.py:188} INFO - [2024-05-10T07:49:29.045+0000] {dagbag.py:540} INFO - Filling up the DagBag from /home/airflow/.local/lib/python3.12/site-packages/airflow/example_dags/example_branch_python_dop_operator_3.py
[2024-05-10T07:49:29.053+0000] {processor.py:840} INFO - DAG(s) 'example_branch_dop_operator_v3' retrieved from /home/airflow/.local/lib/python3.12/site-packages/airflow/example_dags/example_branch_python_dop_operator_3.py
[2024-05-10T07:49:29.146+0000] {logging_mixin.py:188} INFO - [2024-05-10T07:49:29.146+0000] {dag.py:3096} INFO - Sync 1 DAGs
[2024-05-10T07:49:29.155+0000] {logging_mixin.py:188} INFO - [2024-05-10T07:49:29.155+0000] {dag.py:3118} INFO - Creating ORM DAG for example_branch_dop_operator_v3
[2024-05-10T07:49:29.166+0000] {logging_mixin.py:188} INFO - [2024-05-10T07:49:29.166+0000] {dag.py:3954} INFO - Setting next_dagrun for example_branch_dop_operator_v3 to 2024-05-10 07:48:00+00:00, run_after=2024-05-10 07:49:00+00:00
[2024-05-10T07:49:29.189+0000] {processor.py:183} INFO - Processing /home/airflow/.local/lib/python3.12/site-packages/airflow/example_dags/example_branch_python_dop_operator_3.py took 0.153 seconds
[2024-05-10T07:49:59.213+0000] {processor.py:161} INFO - Started process (PID=3233) to work on /home/airflow/.local/lib/python3.12/site-packages/airflow/example_dags/example_branch_python_dop_operator_3.py
[2024-05-10T07:49:59.215+0000] {processor.py:830} INFO - Processing file /home/airflow/.local/lib/python3.12/site-packages/airflow/example_dags/example_branch_python_dop_operator_3.py for tasks to queue
[2024-05-10T07:49:59.216+0000] {logging_mixin.py:188} INFO - [2024-05-10T07:49:59.215+0000] {dagbag.py:540} INFO - Filling up the DagBag from /home/airflow/.local/lib/python3.12/site-packages/airflow/example_dags/example_branch_python_dop_operator_3.py
[2024-05-10T07:49:59.224+0000] {processor.py:840} INFO - DAG(s) 'example_branch_dop_operator_v3' retrieved from /home/airflow/.local/lib/python3.12/site-packages/airflow/example_dags/example_branch_python_dop_operator_3.py
[2024-05-10T07:49:59.338+0000] {logging_mixin.py:188} INFO - [2024-05-10T07:49:59.337+0000] {dag.py:3096} INFO - Sync 1 DAGs
[2024-05-10T07:49:59.349+0000] {logging_mixin.py:188} INFO - [2024-05-10T07:49:59.349+0000] {dag.py:3118} INFO - Creating ORM DAG for example_branch_dop_operator_v3
[2024-05-10T07:49:59.368+0000] {logging_mixin.py:188} INFO - [2024-05-10T07:49:59.367+0000] {dag.py:3954} INFO - Setting next_dagrun for example_branch_dop_operator_v3 to 2024-05-10 07:48:00+00:00, run_after=2024-05-10 07:49:00+00:00
[2024-05-10T07:49:59.391+0000] {processor.py:183} INFO - Processing /home/airflow/.local/lib/python3.12/site-packages/airflow/example_dags/example_branch_python_dop_operator_3.py took 0.182 seconds
[2024-05-10T07:50:30.034+0000] {processor.py:161} INFO - Started process (PID=3291) to work on /home/airflow/.local/lib/python3.12/site-packages/airflow/example_dags/example_branch_python_dop_operator_3.py
[2024-05-10T07:50:30.035+0000] {processor.py:830} INFO - Processing file /home/airflow/.local/lib/python3.12/site-packages/airflow/example_dags/example_branch_python_dop_operator_3.py for tasks to queue
[2024-05-10T07:50:30.037+0000] {logging_mixin.py:188} INFO - [2024-05-10T07:50:30.036+0000] {dagbag.py:540} INFO - Filling up the DagBag from /home/airflow/.local/lib/python3.12/site-packages/airflow/example_dags/example_branch_python_dop_operator_3.py
[2024-05-10T07:50:30.044+0000] {processor.py:840} INFO - DAG(s) 'example_branch_dop_operator_v3' retrieved from /home/airflow/.local/lib/python3.12/site-packages/airflow/example_dags/example_branch_python_dop_operator_3.py
[2024-05-10T07:50:30.156+0000] {logging_mixin.py:188} INFO - [2024-05-10T07:50:30.156+0000] {dag.py:3096} INFO - Sync 1 DAGs
[2024-05-10T07:50:30.165+0000] {logging_mixin.py:188} INFO - [2024-05-10T07:50:30.165+0000] {dag.py:3118} INFO - Creating ORM DAG for example_branch_dop_operator_v3
[2024-05-10T07:50:30.179+0000] {logging_mixin.py:188} INFO - [2024-05-10T07:50:30.179+0000] {dag.py:3954} INFO - Setting next_dagrun for example_branch_dop_operator_v3 to 2024-05-10 07:49:00+00:00, run_after=2024-05-10 07:50:00+00:00
[2024-05-10T07:50:30.203+0000] {processor.py:183} INFO - Processing /home/airflow/.local/lib/python3.12/site-packages/airflow/example_dags/example_branch_python_dop_operator_3.py took 0.174 seconds
[2024-05-10T07:51:00.242+0000] {processor.py:161} INFO - Started process (PID=3349) to work on /home/airflow/.local/lib/python3.12/site-packages/airflow/example_dags/example_branch_python_dop_operator_3.py
[2024-05-10T07:51:00.243+0000] {processor.py:830} INFO - Processing file /home/airflow/.local/lib/python3.12/site-packages/airflow/example_dags/example_branch_python_dop_operator_3.py for tasks to queue
[2024-05-10T07:51:00.244+0000] {logging_mixin.py:188} INFO - [2024-05-10T07:51:00.244+0000] {dagbag.py:540} INFO - Filling up the DagBag from /home/airflow/.local/lib/python3.12/site-packages/airflow/example_dags/example_branch_python_dop_operator_3.py
[2024-05-10T07:51:00.257+0000] {processor.py:840} INFO - DAG(s) 'example_branch_dop_operator_v3' retrieved from /home/airflow/.local/lib/python3.12/site-packages/airflow/example_dags/example_branch_python_dop_operator_3.py
[2024-05-10T07:51:00.353+0000] {logging_mixin.py:188} INFO - [2024-05-10T07:51:00.353+0000] {dag.py:3096} INFO - Sync 1 DAGs
[2024-05-10T07:51:00.363+0000] {logging_mixin.py:188} INFO - [2024-05-10T07:51:00.363+0000] {dag.py:3118} INFO - Creating ORM DAG for example_branch_dop_operator_v3
[2024-05-10T07:51:00.375+0000] {logging_mixin.py:188} INFO - [2024-05-10T07:51:00.375+0000] {dag.py:3954} INFO - Setting next_dagrun for example_branch_dop_operator_v3 to 2024-05-10 07:50:00+00:00, run_after=2024-05-10 07:51:00+00:00
[2024-05-10T07:51:00.402+0000] {processor.py:183} INFO - Processing /home/airflow/.local/lib/python3.12/site-packages/airflow/example_dags/example_branch_python_dop_operator_3.py took 0.165 seconds
[2024-05-10T07:51:30.626+0000] {processor.py:161} INFO - Started process (PID=3406) to work on /home/airflow/.local/lib/python3.12/site-packages/airflow/example_dags/example_branch_python_dop_operator_3.py
[2024-05-10T07:51:30.627+0000] {processor.py:830} INFO - Processing file /home/airflow/.local/lib/python3.12/site-packages/airflow/example_dags/example_branch_python_dop_operator_3.py for tasks to queue
[2024-05-10T07:51:30.628+0000] {logging_mixin.py:188} INFO - [2024-05-10T07:51:30.628+0000] {dagbag.py:540} INFO - Filling up the DagBag from /home/airflow/.local/lib/python3.12/site-packages/airflow/example_dags/example_branch_python_dop_operator_3.py
[2024-05-10T07:51:30.638+0000] {processor.py:840} INFO - DAG(s) 'example_branch_dop_operator_v3' retrieved from /home/airflow/.local/lib/python3.12/site-packages/airflow/example_dags/example_branch_python_dop_operator_3.py
[2024-05-10T07:51:30.756+0000] {logging_mixin.py:188} INFO - [2024-05-10T07:51:30.756+0000] {dag.py:3096} INFO - Sync 1 DAGs
[2024-05-10T07:51:30.765+0000] {logging_mixin.py:188} INFO - [2024-05-10T07:51:30.765+0000] {dag.py:3118} INFO - Creating ORM DAG for example_branch_dop_operator_v3
[2024-05-10T07:51:30.777+0000] {logging_mixin.py:188} INFO - [2024-05-10T07:51:30.777+0000] {dag.py:3954} INFO - Setting next_dagrun for example_branch_dop_operator_v3 to 2024-05-10 07:50:00+00:00, run_after=2024-05-10 07:51:00+00:00
[2024-05-10T07:51:30.804+0000] {processor.py:183} INFO - Processing /home/airflow/.local/lib/python3.12/site-packages/airflow/example_dags/example_branch_python_dop_operator_3.py took 0.185 seconds
[2024-05-10T07:52:01.571+0000] {processor.py:161} INFO - Started process (PID=3464) to work on /home/airflow/.local/lib/python3.12/site-packages/airflow/example_dags/example_branch_python_dop_operator_3.py
[2024-05-10T07:52:01.572+0000] {processor.py:830} INFO - Processing file /home/airflow/.local/lib/python3.12/site-packages/airflow/example_dags/example_branch_python_dop_operator_3.py for tasks to queue
[2024-05-10T07:52:01.573+0000] {logging_mixin.py:188} INFO - [2024-05-10T07:52:01.572+0000] {dagbag.py:540} INFO - Filling up the DagBag from /home/airflow/.local/lib/python3.12/site-packages/airflow/example_dags/example_branch_python_dop_operator_3.py
[2024-05-10T07:52:01.579+0000] {processor.py:840} INFO - DAG(s) 'example_branch_dop_operator_v3' retrieved from /home/airflow/.local/lib/python3.12/site-packages/airflow/example_dags/example_branch_python_dop_operator_3.py
[2024-05-10T07:52:01.668+0000] {logging_mixin.py:188} INFO - [2024-05-10T07:52:01.668+0000] {dag.py:3096} INFO - Sync 1 DAGs
[2024-05-10T07:52:01.677+0000] {logging_mixin.py:188} INFO - [2024-05-10T07:52:01.677+0000] {dag.py:3118} INFO - Creating ORM DAG for example_branch_dop_operator_v3
[2024-05-10T07:52:01.687+0000] {logging_mixin.py:188} INFO - [2024-05-10T07:52:01.687+0000] {dag.py:3954} INFO - Setting next_dagrun for example_branch_dop_operator_v3 to 2024-05-10 07:51:00+00:00, run_after=2024-05-10 07:52:00+00:00
[2024-05-10T07:52:01.706+0000] {processor.py:183} INFO - Processing /home/airflow/.local/lib/python3.12/site-packages/airflow/example_dags/example_branch_python_dop_operator_3.py took 0.139 seconds
[2024-05-10T07:52:31.816+0000] {processor.py:161} INFO - Started process (PID=3522) to work on /home/airflow/.local/lib/python3.12/site-packages/airflow/example_dags/example_branch_python_dop_operator_3.py
[2024-05-10T07:52:31.817+0000] {processor.py:830} INFO - Processing file /home/airflow/.local/lib/python3.12/site-packages/airflow/example_dags/example_branch_python_dop_operator_3.py for tasks to queue
[2024-05-10T07:52:31.817+0000] {logging_mixin.py:188} INFO - [2024-05-10T07:52:31.817+0000] {dagbag.py:540} INFO - Filling up the DagBag from /home/airflow/.local/lib/python3.12/site-packages/airflow/example_dags/example_branch_python_dop_operator_3.py
[2024-05-10T07:52:31.825+0000] {processor.py:840} INFO - DAG(s) 'example_branch_dop_operator_v3' retrieved from /home/airflow/.local/lib/python3.12/site-packages/airflow/example_dags/example_branch_python_dop_operator_3.py
[2024-05-10T07:52:31.842+0000] {logging_mixin.py:188} INFO - [2024-05-10T07:52:31.842+0000] {dag.py:3096} INFO - Sync 1 DAGs
[2024-05-10T07:52:31.865+0000] {logging_mixin.py:188} INFO - [2024-05-10T07:52:31.865+0000] {dag.py:3954} INFO - Setting next_dagrun for example_branch_dop_operator_v3 to 2024-05-10 07:51:00+00:00, run_after=2024-05-10 07:52:00+00:00
[2024-05-10T07:52:31.896+0000] {processor.py:183} INFO - Processing /home/airflow/.local/lib/python3.12/site-packages/airflow/example_dags/example_branch_python_dop_operator_3.py took 0.085 seconds
[2024-05-10T07:53:02.847+0000] {processor.py:161} INFO - Started process (PID=3580) to work on /home/airflow/.local/lib/python3.12/site-packages/airflow/example_dags/example_branch_python_dop_operator_3.py
[2024-05-10T07:53:02.848+0000] {processor.py:830} INFO - Processing file /home/airflow/.local/lib/python3.12/site-packages/airflow/example_dags/example_branch_python_dop_operator_3.py for tasks to queue
[2024-05-10T07:53:02.848+0000] {logging_mixin.py:188} INFO - [2024-05-10T07:53:02.848+0000] {dagbag.py:540} INFO - Filling up the DagBag from /home/airflow/.local/lib/python3.12/site-packages/airflow/example_dags/example_branch_python_dop_operator_3.py
[2024-05-10T07:53:02.855+0000] {processor.py:840} INFO - DAG(s) 'example_branch_dop_operator_v3' retrieved from /home/airflow/.local/lib/python3.12/site-packages/airflow/example_dags/example_branch_python_dop_operator_3.py
[2024-05-10T07:53:02.870+0000] {logging_mixin.py:188} INFO - [2024-05-10T07:53:02.870+0000] {dag.py:3096} INFO - Sync 1 DAGs
[2024-05-10T07:53:02.891+0000] {logging_mixin.py:188} INFO - [2024-05-10T07:53:02.891+0000] {dag.py:3954} INFO - Setting next_dagrun for example_branch_dop_operator_v3 to 2024-05-10 07:52:00+00:00, run_after=2024-05-10 07:53:00+00:00
[2024-05-10T07:53:02.916+0000] {processor.py:183} INFO - Processing /home/airflow/.local/lib/python3.12/site-packages/airflow/example_dags/example_branch_python_dop_operator_3.py took 0.074 seconds
[2024-05-10T07:53:33.361+0000] {processor.py:161} INFO - Started process (PID=3637) to work on /home/airflow/.local/lib/python3.12/site-packages/airflow/example_dags/example_branch_python_dop_operator_3.py
[2024-05-10T07:53:33.361+0000] {processor.py:830} INFO - Processing file /home/airflow/.local/lib/python3.12/site-packages/airflow/example_dags/example_branch_python_dop_operator_3.py for tasks to queue
[2024-05-10T07:53:33.362+0000] {logging_mixin.py:188} INFO - [2024-05-10T07:53:33.362+0000] {dagbag.py:540} INFO - Filling up the DagBag from /home/airflow/.local/lib/python3.12/site-packages/airflow/example_dags/example_branch_python_dop_operator_3.py
[2024-05-10T07:53:33.369+0000] {processor.py:840} INFO - DAG(s) 'example_branch_dop_operator_v3' retrieved from /home/airflow/.local/lib/python3.12/site-packages/airflow/example_dags/example_branch_python_dop_operator_3.py
[2024-05-10T07:53:33.386+0000] {logging_mixin.py:188} INFO - [2024-05-10T07:53:33.386+0000] {dag.py:3096} INFO - Sync 1 DAGs
[2024-05-10T07:53:33.408+0000] {logging_mixin.py:188} INFO - [2024-05-10T07:53:33.408+0000] {dag.py:3954} INFO - Setting next_dagrun for example_branch_dop_operator_v3 to 2024-05-10 07:52:00+00:00, run_after=2024-05-10 07:53:00+00:00
[2024-05-10T07:53:33.428+0000] {processor.py:183} INFO - Processing /home/airflow/.local/lib/python3.12/site-packages/airflow/example_dags/example_branch_python_dop_operator_3.py took 0.072 seconds
[2024-05-10T07:54:03.875+0000] {processor.py:161} INFO - Started process (PID=3695) to work on /home/airflow/.local/lib/python3.12/site-packages/airflow/example_dags/example_branch_python_dop_operator_3.py
[2024-05-10T07:54:03.876+0000] {processor.py:830} INFO - Processing file /home/airflow/.local/lib/python3.12/site-packages/airflow/example_dags/example_branch_python_dop_operator_3.py for tasks to queue
[2024-05-10T07:54:03.876+0000] {logging_mixin.py:188} INFO - [2024-05-10T07:54:03.876+0000] {dagbag.py:540} INFO - Filling up the DagBag from /home/airflow/.local/lib/python3.12/site-packages/airflow/example_dags/example_branch_python_dop_operator_3.py
[2024-05-10T07:54:03.884+0000] {processor.py:840} INFO - DAG(s) 'example_branch_dop_operator_v3' retrieved from /home/airflow/.local/lib/python3.12/site-packages/airflow/example_dags/example_branch_python_dop_operator_3.py
[2024-05-10T07:54:03.902+0000] {logging_mixin.py:188} INFO - [2024-05-10T07:54:03.901+0000] {dag.py:3096} INFO - Sync 1 DAGs
[2024-05-10T07:54:03.923+0000] {logging_mixin.py:188} INFO - [2024-05-10T07:54:03.923+0000] {dag.py:3954} INFO - Setting next_dagrun for example_branch_dop_operator_v3 to 2024-05-10 07:53:00+00:00, run_after=2024-05-10 07:54:00+00:00
[2024-05-10T07:54:03.951+0000] {processor.py:183} INFO - Processing /home/airflow/.local/lib/python3.12/site-packages/airflow/example_dags/example_branch_python_dop_operator_3.py took 0.080 seconds
[2024-05-10T07:54:34.424+0000] {processor.py:161} INFO - Started process (PID=3752) to work on /home/airflow/.local/lib/python3.12/site-packages/airflow/example_dags/example_branch_python_dop_operator_3.py
[2024-05-10T07:54:34.425+0000] {processor.py:830} INFO - Processing file /home/airflow/.local/lib/python3.12/site-packages/airflow/example_dags/example_branch_python_dop_operator_3.py for tasks to queue
[2024-05-10T07:54:34.426+0000] {logging_mixin.py:188} INFO - [2024-05-10T07:54:34.425+0000] {dagbag.py:540} INFO - Filling up the DagBag from /home/airflow/.local/lib/python3.12/site-packages/airflow/example_dags/example_branch_python_dop_operator_3.py
[2024-05-10T07:54:34.438+0000] {processor.py:840} INFO - DAG(s) 'example_branch_dop_operator_v3' retrieved from /home/airflow/.local/lib/python3.12/site-packages/airflow/example_dags/example_branch_python_dop_operator_3.py
[2024-05-10T07:54:34.458+0000] {logging_mixin.py:188} INFO - [2024-05-10T07:54:34.458+0000] {dag.py:3096} INFO - Sync 1 DAGs
[2024-05-10T07:54:34.482+0000] {logging_mixin.py:188} INFO - [2024-05-10T07:54:34.481+0000] {dag.py:3954} INFO - Setting next_dagrun for example_branch_dop_operator_v3 to 2024-05-10 07:53:00+00:00, run_after=2024-05-10 07:54:00+00:00
[2024-05-10T07:54:34.507+0000] {processor.py:183} INFO - Processing /home/airflow/.local/lib/python3.12/site-packages/airflow/example_dags/example_branch_python_dop_operator_3.py took 0.090 seconds
[2024-05-10T07:55:05.153+0000] {processor.py:161} INFO - Started process (PID=3810) to work on /home/airflow/.local/lib/python3.12/site-packages/airflow/example_dags/example_branch_python_dop_operator_3.py
[2024-05-10T07:55:05.153+0000] {processor.py:830} INFO - Processing file /home/airflow/.local/lib/python3.12/site-packages/airflow/example_dags/example_branch_python_dop_operator_3.py for tasks to queue
[2024-05-10T07:55:05.154+0000] {logging_mixin.py:188} INFO - [2024-05-10T07:55:05.154+0000] {dagbag.py:540} INFO - Filling up the DagBag from /home/airflow/.local/lib/python3.12/site-packages/airflow/example_dags/example_branch_python_dop_operator_3.py
[2024-05-10T07:55:05.161+0000] {processor.py:840} INFO - DAG(s) 'example_branch_dop_operator_v3' retrieved from /home/airflow/.local/lib/python3.12/site-packages/airflow/example_dags/example_branch_python_dop_operator_3.py
[2024-05-10T07:55:05.200+0000] {logging_mixin.py:188} INFO - [2024-05-10T07:55:05.200+0000] {dag.py:3096} INFO - Sync 1 DAGs
[2024-05-10T07:55:05.230+0000] {logging_mixin.py:188} INFO - [2024-05-10T07:55:05.229+0000] {dag.py:3954} INFO - Setting next_dagrun for example_branch_dop_operator_v3 to 2024-05-10 07:54:00+00:00, run_after=2024-05-10 07:55:00+00:00
[2024-05-10T07:55:05.271+0000] {processor.py:183} INFO - Processing /home/airflow/.local/lib/python3.12/site-packages/airflow/example_dags/example_branch_python_dop_operator_3.py took 0.129 seconds
