[2024-05-10T07:22:24.399+0000] {processor.py:161} INFO - Started process (PID=58) to work on /home/airflow/.local/lib/python3.12/site-packages/airflow/example_dags/example_bash_operator.py
[2024-05-10T07:22:24.400+0000] {processor.py:830} INFO - Processing file /home/airflow/.local/lib/python3.12/site-packages/airflow/example_dags/example_bash_operator.py for tasks to queue
[2024-05-10T07:22:24.401+0000] {logging_mixin.py:188} INFO - [2024-05-10T07:22:24.401+0000] {dagbag.py:540} INFO - Filling up the DagBag from /home/airflow/.local/lib/python3.12/site-packages/airflow/example_dags/example_bash_operator.py
[2024-05-10T07:22:24.413+0000] {processor.py:840} INFO - DAG(s) 'example_bash_operator' retrieved from /home/airflow/.local/lib/python3.12/site-packages/airflow/example_dags/example_bash_operator.py
[2024-05-10T07:22:24.422+0000] {logging_mixin.py:188} INFO - [2024-05-10T07:22:24.422+0000] {dag.py:3096} INFO - Sync 1 DAGs
[2024-05-10T07:22:24.443+0000] {logging_mixin.py:188} INFO - [2024-05-10T07:22:24.443+0000] {dag.py:3954} INFO - Setting next_dagrun for example_bash_operator to 2024-05-09 00:00:00+00:00, run_after=2024-05-10 00:00:00+00:00
[2024-05-10T07:22:24.474+0000] {processor.py:183} INFO - Processing /home/airflow/.local/lib/python3.12/site-packages/airflow/example_dags/example_bash_operator.py took 0.079 seconds
[2024-05-10T07:22:55.960+0000] {processor.py:161} INFO - Started process (PID=116) to work on /home/airflow/.local/lib/python3.12/site-packages/airflow/example_dags/example_bash_operator.py
[2024-05-10T07:22:55.961+0000] {processor.py:830} INFO - Processing file /home/airflow/.local/lib/python3.12/site-packages/airflow/example_dags/example_bash_operator.py for tasks to queue
[2024-05-10T07:22:55.962+0000] {logging_mixin.py:188} INFO - [2024-05-10T07:22:55.962+0000] {dagbag.py:540} INFO - Filling up the DagBag from /home/airflow/.local/lib/python3.12/site-packages/airflow/example_dags/example_bash_operator.py
[2024-05-10T07:22:55.971+0000] {processor.py:840} INFO - DAG(s) 'example_bash_operator' retrieved from /home/airflow/.local/lib/python3.12/site-packages/airflow/example_dags/example_bash_operator.py
[2024-05-10T07:22:56.067+0000] {logging_mixin.py:188} INFO - [2024-05-10T07:22:56.067+0000] {dag.py:3096} INFO - Sync 1 DAGs
[2024-05-10T07:22:56.083+0000] {logging_mixin.py:188} INFO - [2024-05-10T07:22:56.083+0000] {dag.py:3954} INFO - Setting next_dagrun for example_bash_operator to 2024-05-09 00:00:00+00:00, run_after=2024-05-10 00:00:00+00:00
[2024-05-10T07:22:56.108+0000] {processor.py:183} INFO - Processing /home/airflow/.local/lib/python3.12/site-packages/airflow/example_dags/example_bash_operator.py took 0.153 seconds
[2024-05-10T07:23:26.253+0000] {processor.py:161} INFO - Started process (PID=174) to work on /home/airflow/.local/lib/python3.12/site-packages/airflow/example_dags/example_bash_operator.py
[2024-05-10T07:23:26.255+0000] {processor.py:830} INFO - Processing file /home/airflow/.local/lib/python3.12/site-packages/airflow/example_dags/example_bash_operator.py for tasks to queue
[2024-05-10T07:23:26.256+0000] {logging_mixin.py:188} INFO - [2024-05-10T07:23:26.256+0000] {dagbag.py:540} INFO - Filling up the DagBag from /home/airflow/.local/lib/python3.12/site-packages/airflow/example_dags/example_bash_operator.py
[2024-05-10T07:23:26.265+0000] {processor.py:840} INFO - DAG(s) 'example_bash_operator' retrieved from /home/airflow/.local/lib/python3.12/site-packages/airflow/example_dags/example_bash_operator.py
[2024-05-10T07:23:26.290+0000] {logging_mixin.py:188} INFO - [2024-05-10T07:23:26.290+0000] {dag.py:3096} INFO - Sync 1 DAGs
[2024-05-10T07:23:26.313+0000] {logging_mixin.py:188} INFO - [2024-05-10T07:23:26.313+0000] {dag.py:3954} INFO - Setting next_dagrun for example_bash_operator to 2024-05-09 00:00:00+00:00, run_after=2024-05-10 00:00:00+00:00
[2024-05-10T07:23:26.342+0000] {processor.py:183} INFO - Processing /home/airflow/.local/lib/python3.12/site-packages/airflow/example_dags/example_bash_operator.py took 0.094 seconds
[2024-05-10T07:23:56.838+0000] {processor.py:161} INFO - Started process (PID=232) to work on /home/airflow/.local/lib/python3.12/site-packages/airflow/example_dags/example_bash_operator.py
[2024-05-10T07:23:56.839+0000] {processor.py:830} INFO - Processing file /home/airflow/.local/lib/python3.12/site-packages/airflow/example_dags/example_bash_operator.py for tasks to queue
[2024-05-10T07:23:56.840+0000] {logging_mixin.py:188} INFO - [2024-05-10T07:23:56.840+0000] {dagbag.py:540} INFO - Filling up the DagBag from /home/airflow/.local/lib/python3.12/site-packages/airflow/example_dags/example_bash_operator.py
[2024-05-10T07:23:56.849+0000] {processor.py:840} INFO - DAG(s) 'example_bash_operator' retrieved from /home/airflow/.local/lib/python3.12/site-packages/airflow/example_dags/example_bash_operator.py
[2024-05-10T07:23:56.873+0000] {logging_mixin.py:188} INFO - [2024-05-10T07:23:56.873+0000] {dag.py:3096} INFO - Sync 1 DAGs
[2024-05-10T07:23:56.892+0000] {logging_mixin.py:188} INFO - [2024-05-10T07:23:56.892+0000] {dag.py:3954} INFO - Setting next_dagrun for example_bash_operator to 2024-05-09 00:00:00+00:00, run_after=2024-05-10 00:00:00+00:00
[2024-05-10T07:23:56.918+0000] {processor.py:183} INFO - Processing /home/airflow/.local/lib/python3.12/site-packages/airflow/example_dags/example_bash_operator.py took 0.085 seconds
[2024-05-10T07:24:27.439+0000] {processor.py:161} INFO - Started process (PID=289) to work on /home/airflow/.local/lib/python3.12/site-packages/airflow/example_dags/example_bash_operator.py
[2024-05-10T07:24:27.440+0000] {processor.py:830} INFO - Processing file /home/airflow/.local/lib/python3.12/site-packages/airflow/example_dags/example_bash_operator.py for tasks to queue
[2024-05-10T07:24:27.441+0000] {logging_mixin.py:188} INFO - [2024-05-10T07:24:27.441+0000] {dagbag.py:540} INFO - Filling up the DagBag from /home/airflow/.local/lib/python3.12/site-packages/airflow/example_dags/example_bash_operator.py
[2024-05-10T07:24:27.450+0000] {processor.py:840} INFO - DAG(s) 'example_bash_operator' retrieved from /home/airflow/.local/lib/python3.12/site-packages/airflow/example_dags/example_bash_operator.py
[2024-05-10T07:24:27.472+0000] {logging_mixin.py:188} INFO - [2024-05-10T07:24:27.472+0000] {dag.py:3096} INFO - Sync 1 DAGs
[2024-05-10T07:24:27.492+0000] {logging_mixin.py:188} INFO - [2024-05-10T07:24:27.492+0000] {dag.py:3954} INFO - Setting next_dagrun for example_bash_operator to 2024-05-09 00:00:00+00:00, run_after=2024-05-10 00:00:00+00:00
[2024-05-10T07:24:27.518+0000] {processor.py:183} INFO - Processing /home/airflow/.local/lib/python3.12/site-packages/airflow/example_dags/example_bash_operator.py took 0.084 seconds
[2024-05-10T07:24:57.948+0000] {processor.py:161} INFO - Started process (PID=347) to work on /home/airflow/.local/lib/python3.12/site-packages/airflow/example_dags/example_bash_operator.py
[2024-05-10T07:24:57.949+0000] {processor.py:830} INFO - Processing file /home/airflow/.local/lib/python3.12/site-packages/airflow/example_dags/example_bash_operator.py for tasks to queue
[2024-05-10T07:24:57.950+0000] {logging_mixin.py:188} INFO - [2024-05-10T07:24:57.950+0000] {dagbag.py:540} INFO - Filling up the DagBag from /home/airflow/.local/lib/python3.12/site-packages/airflow/example_dags/example_bash_operator.py
[2024-05-10T07:24:57.959+0000] {processor.py:840} INFO - DAG(s) 'example_bash_operator' retrieved from /home/airflow/.local/lib/python3.12/site-packages/airflow/example_dags/example_bash_operator.py
[2024-05-10T07:24:57.981+0000] {logging_mixin.py:188} INFO - [2024-05-10T07:24:57.981+0000] {dag.py:3096} INFO - Sync 1 DAGs
[2024-05-10T07:24:58.000+0000] {logging_mixin.py:188} INFO - [2024-05-10T07:24:58.000+0000] {dag.py:3954} INFO - Setting next_dagrun for example_bash_operator to 2024-05-09 00:00:00+00:00, run_after=2024-05-10 00:00:00+00:00
[2024-05-10T07:24:58.030+0000] {processor.py:183} INFO - Processing /home/airflow/.local/lib/python3.12/site-packages/airflow/example_dags/example_bash_operator.py took 0.087 seconds
[2024-05-10T07:25:28.635+0000] {processor.py:161} INFO - Started process (PID=405) to work on /home/airflow/.local/lib/python3.12/site-packages/airflow/example_dags/example_bash_operator.py
[2024-05-10T07:25:28.636+0000] {processor.py:830} INFO - Processing file /home/airflow/.local/lib/python3.12/site-packages/airflow/example_dags/example_bash_operator.py for tasks to queue
[2024-05-10T07:25:28.637+0000] {logging_mixin.py:188} INFO - [2024-05-10T07:25:28.637+0000] {dagbag.py:540} INFO - Filling up the DagBag from /home/airflow/.local/lib/python3.12/site-packages/airflow/example_dags/example_bash_operator.py
[2024-05-10T07:25:28.647+0000] {processor.py:840} INFO - DAG(s) 'example_bash_operator' retrieved from /home/airflow/.local/lib/python3.12/site-packages/airflow/example_dags/example_bash_operator.py
[2024-05-10T07:25:28.669+0000] {logging_mixin.py:188} INFO - [2024-05-10T07:25:28.669+0000] {dag.py:3096} INFO - Sync 1 DAGs
[2024-05-10T07:25:28.687+0000] {logging_mixin.py:188} INFO - [2024-05-10T07:25:28.687+0000] {dag.py:3954} INFO - Setting next_dagrun for example_bash_operator to 2024-05-09 00:00:00+00:00, run_after=2024-05-10 00:00:00+00:00
[2024-05-10T07:25:28.707+0000] {processor.py:183} INFO - Processing /home/airflow/.local/lib/python3.12/site-packages/airflow/example_dags/example_bash_operator.py took 0.078 seconds
[2024-05-10T07:25:59.679+0000] {processor.py:161} INFO - Started process (PID=463) to work on /home/airflow/.local/lib/python3.12/site-packages/airflow/example_dags/example_bash_operator.py
[2024-05-10T07:25:59.680+0000] {processor.py:830} INFO - Processing file /home/airflow/.local/lib/python3.12/site-packages/airflow/example_dags/example_bash_operator.py for tasks to queue
[2024-05-10T07:25:59.681+0000] {logging_mixin.py:188} INFO - [2024-05-10T07:25:59.681+0000] {dagbag.py:540} INFO - Filling up the DagBag from /home/airflow/.local/lib/python3.12/site-packages/airflow/example_dags/example_bash_operator.py
[2024-05-10T07:25:59.690+0000] {processor.py:840} INFO - DAG(s) 'example_bash_operator' retrieved from /home/airflow/.local/lib/python3.12/site-packages/airflow/example_dags/example_bash_operator.py
[2024-05-10T07:25:59.711+0000] {logging_mixin.py:188} INFO - [2024-05-10T07:25:59.711+0000] {dag.py:3096} INFO - Sync 1 DAGs
[2024-05-10T07:25:59.729+0000] {logging_mixin.py:188} INFO - [2024-05-10T07:25:59.729+0000] {dag.py:3954} INFO - Setting next_dagrun for example_bash_operator to 2024-05-09 00:00:00+00:00, run_after=2024-05-10 00:00:00+00:00
[2024-05-10T07:25:59.762+0000] {processor.py:183} INFO - Processing /home/airflow/.local/lib/python3.12/site-packages/airflow/example_dags/example_bash_operator.py took 0.087 seconds
[2024-05-10T07:26:30.157+0000] {processor.py:161} INFO - Started process (PID=521) to work on /home/airflow/.local/lib/python3.12/site-packages/airflow/example_dags/example_bash_operator.py
[2024-05-10T07:26:30.158+0000] {processor.py:830} INFO - Processing file /home/airflow/.local/lib/python3.12/site-packages/airflow/example_dags/example_bash_operator.py for tasks to queue
[2024-05-10T07:26:30.159+0000] {logging_mixin.py:188} INFO - [2024-05-10T07:26:30.159+0000] {dagbag.py:540} INFO - Filling up the DagBag from /home/airflow/.local/lib/python3.12/site-packages/airflow/example_dags/example_bash_operator.py
[2024-05-10T07:26:30.167+0000] {processor.py:840} INFO - DAG(s) 'example_bash_operator' retrieved from /home/airflow/.local/lib/python3.12/site-packages/airflow/example_dags/example_bash_operator.py
[2024-05-10T07:26:30.189+0000] {logging_mixin.py:188} INFO - [2024-05-10T07:26:30.189+0000] {dag.py:3096} INFO - Sync 1 DAGs
[2024-05-10T07:26:30.208+0000] {logging_mixin.py:188} INFO - [2024-05-10T07:26:30.207+0000] {dag.py:3954} INFO - Setting next_dagrun for example_bash_operator to 2024-05-09 00:00:00+00:00, run_after=2024-05-10 00:00:00+00:00
[2024-05-10T07:26:30.240+0000] {processor.py:183} INFO - Processing /home/airflow/.local/lib/python3.12/site-packages/airflow/example_dags/example_bash_operator.py took 0.088 seconds
[2024-05-10T07:27:00.725+0000] {processor.py:161} INFO - Started process (PID=579) to work on /home/airflow/.local/lib/python3.12/site-packages/airflow/example_dags/example_bash_operator.py
[2024-05-10T07:27:00.726+0000] {processor.py:830} INFO - Processing file /home/airflow/.local/lib/python3.12/site-packages/airflow/example_dags/example_bash_operator.py for tasks to queue
[2024-05-10T07:27:00.727+0000] {logging_mixin.py:188} INFO - [2024-05-10T07:27:00.727+0000] {dagbag.py:540} INFO - Filling up the DagBag from /home/airflow/.local/lib/python3.12/site-packages/airflow/example_dags/example_bash_operator.py
[2024-05-10T07:27:00.736+0000] {processor.py:840} INFO - DAG(s) 'example_bash_operator' retrieved from /home/airflow/.local/lib/python3.12/site-packages/airflow/example_dags/example_bash_operator.py
[2024-05-10T07:27:00.758+0000] {logging_mixin.py:188} INFO - [2024-05-10T07:27:00.757+0000] {dag.py:3096} INFO - Sync 1 DAGs
[2024-05-10T07:27:00.776+0000] {logging_mixin.py:188} INFO - [2024-05-10T07:27:00.776+0000] {dag.py:3954} INFO - Setting next_dagrun for example_bash_operator to 2024-05-09 00:00:00+00:00, run_after=2024-05-10 00:00:00+00:00
[2024-05-10T07:27:00.808+0000] {processor.py:183} INFO - Processing /home/airflow/.local/lib/python3.12/site-packages/airflow/example_dags/example_bash_operator.py took 0.088 seconds
[2024-05-10T07:27:31.261+0000] {processor.py:161} INFO - Started process (PID=637) to work on /home/airflow/.local/lib/python3.12/site-packages/airflow/example_dags/example_bash_operator.py
[2024-05-10T07:27:31.262+0000] {processor.py:830} INFO - Processing file /home/airflow/.local/lib/python3.12/site-packages/airflow/example_dags/example_bash_operator.py for tasks to queue
[2024-05-10T07:27:31.263+0000] {logging_mixin.py:188} INFO - [2024-05-10T07:27:31.263+0000] {dagbag.py:540} INFO - Filling up the DagBag from /home/airflow/.local/lib/python3.12/site-packages/airflow/example_dags/example_bash_operator.py
[2024-05-10T07:27:31.272+0000] {processor.py:840} INFO - DAG(s) 'example_bash_operator' retrieved from /home/airflow/.local/lib/python3.12/site-packages/airflow/example_dags/example_bash_operator.py
[2024-05-10T07:27:31.297+0000] {logging_mixin.py:188} INFO - [2024-05-10T07:27:31.297+0000] {dag.py:3096} INFO - Sync 1 DAGs
[2024-05-10T07:27:31.316+0000] {logging_mixin.py:188} INFO - [2024-05-10T07:27:31.316+0000] {dag.py:3954} INFO - Setting next_dagrun for example_bash_operator to 2024-05-09 00:00:00+00:00, run_after=2024-05-10 00:00:00+00:00
[2024-05-10T07:27:31.352+0000] {processor.py:183} INFO - Processing /home/airflow/.local/lib/python3.12/site-packages/airflow/example_dags/example_bash_operator.py took 0.095 seconds
[2024-05-10T07:28:02.292+0000] {processor.py:161} INFO - Started process (PID=695) to work on /home/airflow/.local/lib/python3.12/site-packages/airflow/example_dags/example_bash_operator.py
[2024-05-10T07:28:02.297+0000] {processor.py:830} INFO - Processing file /home/airflow/.local/lib/python3.12/site-packages/airflow/example_dags/example_bash_operator.py for tasks to queue
[2024-05-10T07:28:02.298+0000] {logging_mixin.py:188} INFO - [2024-05-10T07:28:02.298+0000] {dagbag.py:540} INFO - Filling up the DagBag from /home/airflow/.local/lib/python3.12/site-packages/airflow/example_dags/example_bash_operator.py
[2024-05-10T07:28:02.318+0000] {processor.py:840} INFO - DAG(s) 'example_bash_operator' retrieved from /home/airflow/.local/lib/python3.12/site-packages/airflow/example_dags/example_bash_operator.py
[2024-05-10T07:28:02.375+0000] {logging_mixin.py:188} INFO - [2024-05-10T07:28:02.375+0000] {dag.py:3096} INFO - Sync 1 DAGs
[2024-05-10T07:28:02.428+0000] {logging_mixin.py:188} INFO - [2024-05-10T07:28:02.428+0000] {dag.py:3954} INFO - Setting next_dagrun for example_bash_operator to 2024-05-09 00:00:00+00:00, run_after=2024-05-10 00:00:00+00:00
[2024-05-10T07:28:02.471+0000] {processor.py:183} INFO - Processing /home/airflow/.local/lib/python3.12/site-packages/airflow/example_dags/example_bash_operator.py took 0.187 seconds
[2024-05-10T07:28:33.227+0000] {processor.py:161} INFO - Started process (PID=753) to work on /home/airflow/.local/lib/python3.12/site-packages/airflow/example_dags/example_bash_operator.py
[2024-05-10T07:28:33.228+0000] {processor.py:830} INFO - Processing file /home/airflow/.local/lib/python3.12/site-packages/airflow/example_dags/example_bash_operator.py for tasks to queue
[2024-05-10T07:28:33.229+0000] {logging_mixin.py:188} INFO - [2024-05-10T07:28:33.229+0000] {dagbag.py:540} INFO - Filling up the DagBag from /home/airflow/.local/lib/python3.12/site-packages/airflow/example_dags/example_bash_operator.py
[2024-05-10T07:28:33.240+0000] {processor.py:840} INFO - DAG(s) 'example_bash_operator' retrieved from /home/airflow/.local/lib/python3.12/site-packages/airflow/example_dags/example_bash_operator.py
[2024-05-10T07:28:33.263+0000] {logging_mixin.py:188} INFO - [2024-05-10T07:28:33.263+0000] {dag.py:3096} INFO - Sync 1 DAGs
[2024-05-10T07:28:33.283+0000] {logging_mixin.py:188} INFO - [2024-05-10T07:28:33.282+0000] {dag.py:3954} INFO - Setting next_dagrun for example_bash_operator to 2024-05-09 00:00:00+00:00, run_after=2024-05-10 00:00:00+00:00
[2024-05-10T07:28:33.344+0000] {processor.py:183} INFO - Processing /home/airflow/.local/lib/python3.12/site-packages/airflow/example_dags/example_bash_operator.py took 0.122 seconds
[2024-05-10T07:29:03.726+0000] {processor.py:161} INFO - Started process (PID=811) to work on /home/airflow/.local/lib/python3.12/site-packages/airflow/example_dags/example_bash_operator.py
[2024-05-10T07:29:03.727+0000] {processor.py:830} INFO - Processing file /home/airflow/.local/lib/python3.12/site-packages/airflow/example_dags/example_bash_operator.py for tasks to queue
[2024-05-10T07:29:03.728+0000] {logging_mixin.py:188} INFO - [2024-05-10T07:29:03.728+0000] {dagbag.py:540} INFO - Filling up the DagBag from /home/airflow/.local/lib/python3.12/site-packages/airflow/example_dags/example_bash_operator.py
[2024-05-10T07:29:03.737+0000] {processor.py:840} INFO - DAG(s) 'example_bash_operator' retrieved from /home/airflow/.local/lib/python3.12/site-packages/airflow/example_dags/example_bash_operator.py
[2024-05-10T07:29:03.762+0000] {logging_mixin.py:188} INFO - [2024-05-10T07:29:03.762+0000] {dag.py:3096} INFO - Sync 1 DAGs
[2024-05-10T07:29:03.783+0000] {logging_mixin.py:188} INFO - [2024-05-10T07:29:03.782+0000] {dag.py:3954} INFO - Setting next_dagrun for example_bash_operator to 2024-05-09 00:00:00+00:00, run_after=2024-05-10 00:00:00+00:00
[2024-05-10T07:29:03.808+0000] {processor.py:183} INFO - Processing /home/airflow/.local/lib/python3.12/site-packages/airflow/example_dags/example_bash_operator.py took 0.087 seconds
[2024-05-10T07:29:34.069+0000] {processor.py:161} INFO - Started process (PID=869) to work on /home/airflow/.local/lib/python3.12/site-packages/airflow/example_dags/example_bash_operator.py
[2024-05-10T07:29:34.070+0000] {processor.py:830} INFO - Processing file /home/airflow/.local/lib/python3.12/site-packages/airflow/example_dags/example_bash_operator.py for tasks to queue
[2024-05-10T07:29:34.071+0000] {logging_mixin.py:188} INFO - [2024-05-10T07:29:34.071+0000] {dagbag.py:540} INFO - Filling up the DagBag from /home/airflow/.local/lib/python3.12/site-packages/airflow/example_dags/example_bash_operator.py
[2024-05-10T07:29:34.079+0000] {processor.py:840} INFO - DAG(s) 'example_bash_operator' retrieved from /home/airflow/.local/lib/python3.12/site-packages/airflow/example_dags/example_bash_operator.py
[2024-05-10T07:29:34.101+0000] {logging_mixin.py:188} INFO - [2024-05-10T07:29:34.101+0000] {dag.py:3096} INFO - Sync 1 DAGs
[2024-05-10T07:29:34.119+0000] {logging_mixin.py:188} INFO - [2024-05-10T07:29:34.119+0000] {dag.py:3954} INFO - Setting next_dagrun for example_bash_operator to 2024-05-09 00:00:00+00:00, run_after=2024-05-10 00:00:00+00:00
[2024-05-10T07:29:34.152+0000] {processor.py:183} INFO - Processing /home/airflow/.local/lib/python3.12/site-packages/airflow/example_dags/example_bash_operator.py took 0.087 seconds
[2024-05-10T07:30:04.679+0000] {processor.py:161} INFO - Started process (PID=927) to work on /home/airflow/.local/lib/python3.12/site-packages/airflow/example_dags/example_bash_operator.py
[2024-05-10T07:30:04.680+0000] {processor.py:830} INFO - Processing file /home/airflow/.local/lib/python3.12/site-packages/airflow/example_dags/example_bash_operator.py for tasks to queue
[2024-05-10T07:30:04.681+0000] {logging_mixin.py:188} INFO - [2024-05-10T07:30:04.681+0000] {dagbag.py:540} INFO - Filling up the DagBag from /home/airflow/.local/lib/python3.12/site-packages/airflow/example_dags/example_bash_operator.py
[2024-05-10T07:30:04.690+0000] {processor.py:840} INFO - DAG(s) 'example_bash_operator' retrieved from /home/airflow/.local/lib/python3.12/site-packages/airflow/example_dags/example_bash_operator.py
[2024-05-10T07:30:04.713+0000] {logging_mixin.py:188} INFO - [2024-05-10T07:30:04.713+0000] {dag.py:3096} INFO - Sync 1 DAGs
[2024-05-10T07:30:04.733+0000] {logging_mixin.py:188} INFO - [2024-05-10T07:30:04.732+0000] {dag.py:3954} INFO - Setting next_dagrun for example_bash_operator to 2024-05-09 00:00:00+00:00, run_after=2024-05-10 00:00:00+00:00
[2024-05-10T07:30:04.799+0000] {processor.py:183} INFO - Processing /home/airflow/.local/lib/python3.12/site-packages/airflow/example_dags/example_bash_operator.py took 0.124 seconds
[2024-05-10T07:30:35.126+0000] {processor.py:161} INFO - Started process (PID=986) to work on /home/airflow/.local/lib/python3.12/site-packages/airflow/example_dags/example_bash_operator.py
[2024-05-10T07:30:35.127+0000] {processor.py:830} INFO - Processing file /home/airflow/.local/lib/python3.12/site-packages/airflow/example_dags/example_bash_operator.py for tasks to queue
[2024-05-10T07:30:35.128+0000] {logging_mixin.py:188} INFO - [2024-05-10T07:30:35.128+0000] {dagbag.py:540} INFO - Filling up the DagBag from /home/airflow/.local/lib/python3.12/site-packages/airflow/example_dags/example_bash_operator.py
[2024-05-10T07:30:35.137+0000] {processor.py:840} INFO - DAG(s) 'example_bash_operator' retrieved from /home/airflow/.local/lib/python3.12/site-packages/airflow/example_dags/example_bash_operator.py
[2024-05-10T07:30:35.159+0000] {logging_mixin.py:188} INFO - [2024-05-10T07:30:35.159+0000] {dag.py:3096} INFO - Sync 1 DAGs
[2024-05-10T07:30:35.272+0000] {logging_mixin.py:188} INFO - [2024-05-10T07:30:35.272+0000] {dag.py:3954} INFO - Setting next_dagrun for example_bash_operator to 2024-05-09 00:00:00+00:00, run_after=2024-05-10 00:00:00+00:00
[2024-05-10T07:30:35.329+0000] {processor.py:183} INFO - Processing /home/airflow/.local/lib/python3.12/site-packages/airflow/example_dags/example_bash_operator.py took 0.208 seconds
[2024-05-10T07:31:06.271+0000] {processor.py:161} INFO - Started process (PID=1044) to work on /home/airflow/.local/lib/python3.12/site-packages/airflow/example_dags/example_bash_operator.py
[2024-05-10T07:31:06.272+0000] {processor.py:830} INFO - Processing file /home/airflow/.local/lib/python3.12/site-packages/airflow/example_dags/example_bash_operator.py for tasks to queue
[2024-05-10T07:31:06.273+0000] {logging_mixin.py:188} INFO - [2024-05-10T07:31:06.273+0000] {dagbag.py:540} INFO - Filling up the DagBag from /home/airflow/.local/lib/python3.12/site-packages/airflow/example_dags/example_bash_operator.py
[2024-05-10T07:31:06.282+0000] {processor.py:840} INFO - DAG(s) 'example_bash_operator' retrieved from /home/airflow/.local/lib/python3.12/site-packages/airflow/example_dags/example_bash_operator.py
[2024-05-10T07:31:06.306+0000] {logging_mixin.py:188} INFO - [2024-05-10T07:31:06.305+0000] {dag.py:3096} INFO - Sync 1 DAGs
[2024-05-10T07:31:06.425+0000] {logging_mixin.py:188} INFO - [2024-05-10T07:31:06.425+0000] {dag.py:3954} INFO - Setting next_dagrun for example_bash_operator to 2024-05-09 00:00:00+00:00, run_after=2024-05-10 00:00:00+00:00
[2024-05-10T07:31:06.456+0000] {processor.py:183} INFO - Processing /home/airflow/.local/lib/python3.12/site-packages/airflow/example_dags/example_bash_operator.py took 0.189 seconds
[2024-05-10T07:31:36.538+0000] {processor.py:161} INFO - Started process (PID=1102) to work on /home/airflow/.local/lib/python3.12/site-packages/airflow/example_dags/example_bash_operator.py
[2024-05-10T07:31:36.540+0000] {processor.py:830} INFO - Processing file /home/airflow/.local/lib/python3.12/site-packages/airflow/example_dags/example_bash_operator.py for tasks to queue
[2024-05-10T07:31:36.543+0000] {logging_mixin.py:188} INFO - [2024-05-10T07:31:36.542+0000] {dagbag.py:540} INFO - Filling up the DagBag from /home/airflow/.local/lib/python3.12/site-packages/airflow/example_dags/example_bash_operator.py
[2024-05-10T07:31:36.554+0000] {processor.py:840} INFO - DAG(s) 'example_bash_operator' retrieved from /home/airflow/.local/lib/python3.12/site-packages/airflow/example_dags/example_bash_operator.py
[2024-05-10T07:31:36.576+0000] {logging_mixin.py:188} INFO - [2024-05-10T07:31:36.576+0000] {dag.py:3096} INFO - Sync 1 DAGs
[2024-05-10T07:31:36.594+0000] {logging_mixin.py:188} INFO - [2024-05-10T07:31:36.594+0000] {dag.py:3954} INFO - Setting next_dagrun for example_bash_operator to 2024-05-09 00:00:00+00:00, run_after=2024-05-10 00:00:00+00:00
[2024-05-10T07:31:36.637+0000] {processor.py:183} INFO - Processing /home/airflow/.local/lib/python3.12/site-packages/airflow/example_dags/example_bash_operator.py took 0.110 seconds
[2024-05-10T07:32:07.478+0000] {processor.py:161} INFO - Started process (PID=1160) to work on /home/airflow/.local/lib/python3.12/site-packages/airflow/example_dags/example_bash_operator.py
[2024-05-10T07:32:07.480+0000] {processor.py:830} INFO - Processing file /home/airflow/.local/lib/python3.12/site-packages/airflow/example_dags/example_bash_operator.py for tasks to queue
[2024-05-10T07:32:07.482+0000] {logging_mixin.py:188} INFO - [2024-05-10T07:32:07.482+0000] {dagbag.py:540} INFO - Filling up the DagBag from /home/airflow/.local/lib/python3.12/site-packages/airflow/example_dags/example_bash_operator.py
[2024-05-10T07:32:07.494+0000] {processor.py:840} INFO - DAG(s) 'example_bash_operator' retrieved from /home/airflow/.local/lib/python3.12/site-packages/airflow/example_dags/example_bash_operator.py
[2024-05-10T07:32:07.516+0000] {logging_mixin.py:188} INFO - [2024-05-10T07:32:07.516+0000] {dag.py:3096} INFO - Sync 1 DAGs
[2024-05-10T07:32:07.534+0000] {logging_mixin.py:188} INFO - [2024-05-10T07:32:07.534+0000] {dag.py:3954} INFO - Setting next_dagrun for example_bash_operator to 2024-05-09 00:00:00+00:00, run_after=2024-05-10 00:00:00+00:00
[2024-05-10T07:32:07.551+0000] {processor.py:183} INFO - Processing /home/airflow/.local/lib/python3.12/site-packages/airflow/example_dags/example_bash_operator.py took 0.085 seconds
[2024-05-10T07:32:37.999+0000] {processor.py:161} INFO - Started process (PID=1219) to work on /home/airflow/.local/lib/python3.12/site-packages/airflow/example_dags/example_bash_operator.py
[2024-05-10T07:32:38.000+0000] {processor.py:830} INFO - Processing file /home/airflow/.local/lib/python3.12/site-packages/airflow/example_dags/example_bash_operator.py for tasks to queue
[2024-05-10T07:32:38.002+0000] {logging_mixin.py:188} INFO - [2024-05-10T07:32:38.001+0000] {dagbag.py:540} INFO - Filling up the DagBag from /home/airflow/.local/lib/python3.12/site-packages/airflow/example_dags/example_bash_operator.py
[2024-05-10T07:32:38.012+0000] {processor.py:840} INFO - DAG(s) 'example_bash_operator' retrieved from /home/airflow/.local/lib/python3.12/site-packages/airflow/example_dags/example_bash_operator.py
[2024-05-10T07:32:38.033+0000] {logging_mixin.py:188} INFO - [2024-05-10T07:32:38.033+0000] {dag.py:3096} INFO - Sync 1 DAGs
[2024-05-10T07:32:38.051+0000] {logging_mixin.py:188} INFO - [2024-05-10T07:32:38.051+0000] {dag.py:3954} INFO - Setting next_dagrun for example_bash_operator to 2024-05-09 00:00:00+00:00, run_after=2024-05-10 00:00:00+00:00
[2024-05-10T07:32:38.073+0000] {processor.py:183} INFO - Processing /home/airflow/.local/lib/python3.12/site-packages/airflow/example_dags/example_bash_operator.py took 0.082 seconds
[2024-05-10T07:33:08.792+0000] {processor.py:161} INFO - Started process (PID=1277) to work on /home/airflow/.local/lib/python3.12/site-packages/airflow/example_dags/example_bash_operator.py
[2024-05-10T07:33:08.794+0000] {processor.py:830} INFO - Processing file /home/airflow/.local/lib/python3.12/site-packages/airflow/example_dags/example_bash_operator.py for tasks to queue
[2024-05-10T07:33:08.796+0000] {logging_mixin.py:188} INFO - [2024-05-10T07:33:08.796+0000] {dagbag.py:540} INFO - Filling up the DagBag from /home/airflow/.local/lib/python3.12/site-packages/airflow/example_dags/example_bash_operator.py
[2024-05-10T07:33:08.814+0000] {processor.py:840} INFO - DAG(s) 'example_bash_operator' retrieved from /home/airflow/.local/lib/python3.12/site-packages/airflow/example_dags/example_bash_operator.py
[2024-05-10T07:33:08.868+0000] {logging_mixin.py:188} INFO - [2024-05-10T07:33:08.868+0000] {dag.py:3096} INFO - Sync 1 DAGs
[2024-05-10T07:33:08.889+0000] {logging_mixin.py:188} INFO - [2024-05-10T07:33:08.889+0000] {dag.py:3954} INFO - Setting next_dagrun for example_bash_operator to 2024-05-09 00:00:00+00:00, run_after=2024-05-10 00:00:00+00:00
[2024-05-10T07:33:08.918+0000] {processor.py:183} INFO - Processing /home/airflow/.local/lib/python3.12/site-packages/airflow/example_dags/example_bash_operator.py took 0.141 seconds
[2024-05-10T07:33:39.345+0000] {processor.py:161} INFO - Started process (PID=1343) to work on /home/airflow/.local/lib/python3.12/site-packages/airflow/example_dags/example_bash_operator.py
[2024-05-10T07:33:39.346+0000] {processor.py:830} INFO - Processing file /home/airflow/.local/lib/python3.12/site-packages/airflow/example_dags/example_bash_operator.py for tasks to queue
[2024-05-10T07:33:39.348+0000] {logging_mixin.py:188} INFO - [2024-05-10T07:33:39.347+0000] {dagbag.py:540} INFO - Filling up the DagBag from /home/airflow/.local/lib/python3.12/site-packages/airflow/example_dags/example_bash_operator.py
[2024-05-10T07:33:39.359+0000] {processor.py:840} INFO - DAG(s) 'example_bash_operator' retrieved from /home/airflow/.local/lib/python3.12/site-packages/airflow/example_dags/example_bash_operator.py
[2024-05-10T07:33:39.382+0000] {logging_mixin.py:188} INFO - [2024-05-10T07:33:39.381+0000] {dag.py:3096} INFO - Sync 1 DAGs
[2024-05-10T07:33:39.403+0000] {logging_mixin.py:188} INFO - [2024-05-10T07:33:39.402+0000] {dag.py:3954} INFO - Setting next_dagrun for example_bash_operator to 2024-05-09 00:00:00+00:00, run_after=2024-05-10 00:00:00+00:00
[2024-05-10T07:33:39.430+0000] {processor.py:183} INFO - Processing /home/airflow/.local/lib/python3.12/site-packages/airflow/example_dags/example_bash_operator.py took 0.093 seconds
[2024-05-10T07:34:10.037+0000] {processor.py:161} INFO - Started process (PID=1403) to work on /home/airflow/.local/lib/python3.12/site-packages/airflow/example_dags/example_bash_operator.py
[2024-05-10T07:34:10.039+0000] {processor.py:830} INFO - Processing file /home/airflow/.local/lib/python3.12/site-packages/airflow/example_dags/example_bash_operator.py for tasks to queue
[2024-05-10T07:34:10.041+0000] {logging_mixin.py:188} INFO - [2024-05-10T07:34:10.040+0000] {dagbag.py:540} INFO - Filling up the DagBag from /home/airflow/.local/lib/python3.12/site-packages/airflow/example_dags/example_bash_operator.py
[2024-05-10T07:34:10.052+0000] {processor.py:840} INFO - DAG(s) 'example_bash_operator' retrieved from /home/airflow/.local/lib/python3.12/site-packages/airflow/example_dags/example_bash_operator.py
[2024-05-10T07:34:10.091+0000] {logging_mixin.py:188} INFO - [2024-05-10T07:34:10.091+0000] {dag.py:3096} INFO - Sync 1 DAGs
[2024-05-10T07:34:10.110+0000] {logging_mixin.py:188} INFO - [2024-05-10T07:34:10.110+0000] {dag.py:3954} INFO - Setting next_dagrun for example_bash_operator to 2024-05-09 00:00:00+00:00, run_after=2024-05-10 00:00:00+00:00
[2024-05-10T07:34:10.134+0000] {processor.py:183} INFO - Processing /home/airflow/.local/lib/python3.12/site-packages/airflow/example_dags/example_bash_operator.py took 0.107 seconds
[2024-05-10T07:34:40.716+0000] {processor.py:161} INFO - Started process (PID=1462) to work on /home/airflow/.local/lib/python3.12/site-packages/airflow/example_dags/example_bash_operator.py
[2024-05-10T07:34:40.717+0000] {processor.py:830} INFO - Processing file /home/airflow/.local/lib/python3.12/site-packages/airflow/example_dags/example_bash_operator.py for tasks to queue
[2024-05-10T07:34:40.718+0000] {logging_mixin.py:188} INFO - [2024-05-10T07:34:40.718+0000] {dagbag.py:540} INFO - Filling up the DagBag from /home/airflow/.local/lib/python3.12/site-packages/airflow/example_dags/example_bash_operator.py
[2024-05-10T07:34:40.729+0000] {processor.py:840} INFO - DAG(s) 'example_bash_operator' retrieved from /home/airflow/.local/lib/python3.12/site-packages/airflow/example_dags/example_bash_operator.py
[2024-05-10T07:34:40.750+0000] {logging_mixin.py:188} INFO - [2024-05-10T07:34:40.750+0000] {dag.py:3096} INFO - Sync 1 DAGs
[2024-05-10T07:34:40.768+0000] {logging_mixin.py:188} INFO - [2024-05-10T07:34:40.768+0000] {dag.py:3954} INFO - Setting next_dagrun for example_bash_operator to 2024-05-09 00:00:00+00:00, run_after=2024-05-10 00:00:00+00:00
[2024-05-10T07:34:40.796+0000] {processor.py:183} INFO - Processing /home/airflow/.local/lib/python3.12/site-packages/airflow/example_dags/example_bash_operator.py took 0.088 seconds
[2024-05-10T07:35:11.382+0000] {processor.py:161} INFO - Started process (PID=1521) to work on /home/airflow/.local/lib/python3.12/site-packages/airflow/example_dags/example_bash_operator.py
[2024-05-10T07:35:11.384+0000] {processor.py:830} INFO - Processing file /home/airflow/.local/lib/python3.12/site-packages/airflow/example_dags/example_bash_operator.py for tasks to queue
[2024-05-10T07:35:11.385+0000] {logging_mixin.py:188} INFO - [2024-05-10T07:35:11.385+0000] {dagbag.py:540} INFO - Filling up the DagBag from /home/airflow/.local/lib/python3.12/site-packages/airflow/example_dags/example_bash_operator.py
[2024-05-10T07:35:11.396+0000] {processor.py:840} INFO - DAG(s) 'example_bash_operator' retrieved from /home/airflow/.local/lib/python3.12/site-packages/airflow/example_dags/example_bash_operator.py
[2024-05-10T07:35:11.427+0000] {logging_mixin.py:188} INFO - [2024-05-10T07:35:11.426+0000] {dag.py:3096} INFO - Sync 1 DAGs
[2024-05-10T07:35:11.448+0000] {logging_mixin.py:188} INFO - [2024-05-10T07:35:11.448+0000] {dag.py:3954} INFO - Setting next_dagrun for example_bash_operator to 2024-05-09 00:00:00+00:00, run_after=2024-05-10 00:00:00+00:00
[2024-05-10T07:35:11.479+0000] {processor.py:183} INFO - Processing /home/airflow/.local/lib/python3.12/site-packages/airflow/example_dags/example_bash_operator.py took 0.102 seconds
[2024-05-10T07:35:42.315+0000] {processor.py:161} INFO - Started process (PID=1580) to work on /home/airflow/.local/lib/python3.12/site-packages/airflow/example_dags/example_bash_operator.py
[2024-05-10T07:35:42.318+0000] {processor.py:830} INFO - Processing file /home/airflow/.local/lib/python3.12/site-packages/airflow/example_dags/example_bash_operator.py for tasks to queue
[2024-05-10T07:35:42.322+0000] {logging_mixin.py:188} INFO - [2024-05-10T07:35:42.321+0000] {dagbag.py:540} INFO - Filling up the DagBag from /home/airflow/.local/lib/python3.12/site-packages/airflow/example_dags/example_bash_operator.py
[2024-05-10T07:35:42.341+0000] {processor.py:840} INFO - DAG(s) 'example_bash_operator' retrieved from /home/airflow/.local/lib/python3.12/site-packages/airflow/example_dags/example_bash_operator.py
[2024-05-10T07:35:42.376+0000] {logging_mixin.py:188} INFO - [2024-05-10T07:35:42.375+0000] {dag.py:3096} INFO - Sync 1 DAGs
[2024-05-10T07:35:42.405+0000] {logging_mixin.py:188} INFO - [2024-05-10T07:35:42.405+0000] {dag.py:3954} INFO - Setting next_dagrun for example_bash_operator to 2024-05-09 00:00:00+00:00, run_after=2024-05-10 00:00:00+00:00
[2024-05-10T07:35:42.433+0000] {processor.py:183} INFO - Processing /home/airflow/.local/lib/python3.12/site-packages/airflow/example_dags/example_bash_operator.py took 0.141 seconds
[2024-05-10T07:36:12.713+0000] {processor.py:161} INFO - Started process (PID=1639) to work on /home/airflow/.local/lib/python3.12/site-packages/airflow/example_dags/example_bash_operator.py
[2024-05-10T07:36:12.715+0000] {processor.py:830} INFO - Processing file /home/airflow/.local/lib/python3.12/site-packages/airflow/example_dags/example_bash_operator.py for tasks to queue
[2024-05-10T07:36:12.717+0000] {logging_mixin.py:188} INFO - [2024-05-10T07:36:12.717+0000] {dagbag.py:540} INFO - Filling up the DagBag from /home/airflow/.local/lib/python3.12/site-packages/airflow/example_dags/example_bash_operator.py
[2024-05-10T07:36:12.729+0000] {processor.py:840} INFO - DAG(s) 'example_bash_operator' retrieved from /home/airflow/.local/lib/python3.12/site-packages/airflow/example_dags/example_bash_operator.py
[2024-05-10T07:36:12.751+0000] {logging_mixin.py:188} INFO - [2024-05-10T07:36:12.751+0000] {dag.py:3096} INFO - Sync 1 DAGs
[2024-05-10T07:36:12.770+0000] {logging_mixin.py:188} INFO - [2024-05-10T07:36:12.770+0000] {dag.py:3954} INFO - Setting next_dagrun for example_bash_operator to 2024-05-09 00:00:00+00:00, run_after=2024-05-10 00:00:00+00:00
[2024-05-10T07:36:12.796+0000] {processor.py:183} INFO - Processing /home/airflow/.local/lib/python3.12/site-packages/airflow/example_dags/example_bash_operator.py took 0.093 seconds
[2024-05-10T07:36:42.918+0000] {processor.py:161} INFO - Started process (PID=1697) to work on /home/airflow/.local/lib/python3.12/site-packages/airflow/example_dags/example_bash_operator.py
[2024-05-10T07:36:42.918+0000] {processor.py:830} INFO - Processing file /home/airflow/.local/lib/python3.12/site-packages/airflow/example_dags/example_bash_operator.py for tasks to queue
[2024-05-10T07:36:42.920+0000] {logging_mixin.py:188} INFO - [2024-05-10T07:36:42.919+0000] {dagbag.py:540} INFO - Filling up the DagBag from /home/airflow/.local/lib/python3.12/site-packages/airflow/example_dags/example_bash_operator.py
[2024-05-10T07:36:42.928+0000] {processor.py:840} INFO - DAG(s) 'example_bash_operator' retrieved from /home/airflow/.local/lib/python3.12/site-packages/airflow/example_dags/example_bash_operator.py
[2024-05-10T07:36:42.952+0000] {logging_mixin.py:188} INFO - [2024-05-10T07:36:42.951+0000] {dag.py:3096} INFO - Sync 1 DAGs
[2024-05-10T07:36:42.971+0000] {logging_mixin.py:188} INFO - [2024-05-10T07:36:42.970+0000] {dag.py:3954} INFO - Setting next_dagrun for example_bash_operator to 2024-05-09 00:00:00+00:00, run_after=2024-05-10 00:00:00+00:00
[2024-05-10T07:36:42.998+0000] {processor.py:183} INFO - Processing /home/airflow/.local/lib/python3.12/site-packages/airflow/example_dags/example_bash_operator.py took 0.085 seconds
[2024-05-10T07:37:13.921+0000] {processor.py:161} INFO - Started process (PID=1756) to work on /home/airflow/.local/lib/python3.12/site-packages/airflow/example_dags/example_bash_operator.py
[2024-05-10T07:37:13.922+0000] {processor.py:830} INFO - Processing file /home/airflow/.local/lib/python3.12/site-packages/airflow/example_dags/example_bash_operator.py for tasks to queue
[2024-05-10T07:37:13.924+0000] {logging_mixin.py:188} INFO - [2024-05-10T07:37:13.924+0000] {dagbag.py:540} INFO - Filling up the DagBag from /home/airflow/.local/lib/python3.12/site-packages/airflow/example_dags/example_bash_operator.py
[2024-05-10T07:37:13.934+0000] {processor.py:840} INFO - DAG(s) 'example_bash_operator' retrieved from /home/airflow/.local/lib/python3.12/site-packages/airflow/example_dags/example_bash_operator.py
[2024-05-10T07:37:13.958+0000] {logging_mixin.py:188} INFO - [2024-05-10T07:37:13.958+0000] {dag.py:3096} INFO - Sync 1 DAGs
[2024-05-10T07:37:13.977+0000] {logging_mixin.py:188} INFO - [2024-05-10T07:37:13.977+0000] {dag.py:3954} INFO - Setting next_dagrun for example_bash_operator to 2024-05-09 00:00:00+00:00, run_after=2024-05-10 00:00:00+00:00
[2024-05-10T07:37:14.008+0000] {processor.py:183} INFO - Processing /home/airflow/.local/lib/python3.12/site-packages/airflow/example_dags/example_bash_operator.py took 0.092 seconds
[2024-05-10T07:37:44.096+0000] {processor.py:161} INFO - Started process (PID=1815) to work on /home/airflow/.local/lib/python3.12/site-packages/airflow/example_dags/example_bash_operator.py
[2024-05-10T07:37:44.098+0000] {processor.py:830} INFO - Processing file /home/airflow/.local/lib/python3.12/site-packages/airflow/example_dags/example_bash_operator.py for tasks to queue
[2024-05-10T07:37:44.099+0000] {logging_mixin.py:188} INFO - [2024-05-10T07:37:44.099+0000] {dagbag.py:540} INFO - Filling up the DagBag from /home/airflow/.local/lib/python3.12/site-packages/airflow/example_dags/example_bash_operator.py
[2024-05-10T07:37:44.108+0000] {processor.py:840} INFO - DAG(s) 'example_bash_operator' retrieved from /home/airflow/.local/lib/python3.12/site-packages/airflow/example_dags/example_bash_operator.py
[2024-05-10T07:37:44.132+0000] {logging_mixin.py:188} INFO - [2024-05-10T07:37:44.132+0000] {dag.py:3096} INFO - Sync 1 DAGs
[2024-05-10T07:37:44.152+0000] {logging_mixin.py:188} INFO - [2024-05-10T07:37:44.152+0000] {dag.py:3954} INFO - Setting next_dagrun for example_bash_operator to 2024-05-09 00:00:00+00:00, run_after=2024-05-10 00:00:00+00:00
[2024-05-10T07:37:44.187+0000] {processor.py:183} INFO - Processing /home/airflow/.local/lib/python3.12/site-packages/airflow/example_dags/example_bash_operator.py took 0.095 seconds
[2024-05-10T07:38:14.798+0000] {processor.py:161} INFO - Started process (PID=1874) to work on /home/airflow/.local/lib/python3.12/site-packages/airflow/example_dags/example_bash_operator.py
[2024-05-10T07:38:14.799+0000] {processor.py:830} INFO - Processing file /home/airflow/.local/lib/python3.12/site-packages/airflow/example_dags/example_bash_operator.py for tasks to queue
[2024-05-10T07:38:14.801+0000] {logging_mixin.py:188} INFO - [2024-05-10T07:38:14.801+0000] {dagbag.py:540} INFO - Filling up the DagBag from /home/airflow/.local/lib/python3.12/site-packages/airflow/example_dags/example_bash_operator.py
[2024-05-10T07:38:14.813+0000] {processor.py:840} INFO - DAG(s) 'example_bash_operator' retrieved from /home/airflow/.local/lib/python3.12/site-packages/airflow/example_dags/example_bash_operator.py
[2024-05-10T07:38:14.836+0000] {logging_mixin.py:188} INFO - [2024-05-10T07:38:14.836+0000] {dag.py:3096} INFO - Sync 1 DAGs
[2024-05-10T07:38:14.856+0000] {logging_mixin.py:188} INFO - [2024-05-10T07:38:14.856+0000] {dag.py:3954} INFO - Setting next_dagrun for example_bash_operator to 2024-05-09 00:00:00+00:00, run_after=2024-05-10 00:00:00+00:00
[2024-05-10T07:38:14.876+0000] {processor.py:183} INFO - Processing /home/airflow/.local/lib/python3.12/site-packages/airflow/example_dags/example_bash_operator.py took 0.089 seconds
[2024-05-10T07:38:45.509+0000] {processor.py:161} INFO - Started process (PID=1932) to work on /home/airflow/.local/lib/python3.12/site-packages/airflow/example_dags/example_bash_operator.py
[2024-05-10T07:38:45.511+0000] {processor.py:830} INFO - Processing file /home/airflow/.local/lib/python3.12/site-packages/airflow/example_dags/example_bash_operator.py for tasks to queue
[2024-05-10T07:38:45.513+0000] {logging_mixin.py:188} INFO - [2024-05-10T07:38:45.512+0000] {dagbag.py:540} INFO - Filling up the DagBag from /home/airflow/.local/lib/python3.12/site-packages/airflow/example_dags/example_bash_operator.py
[2024-05-10T07:38:45.525+0000] {processor.py:840} INFO - DAG(s) 'example_bash_operator' retrieved from /home/airflow/.local/lib/python3.12/site-packages/airflow/example_dags/example_bash_operator.py
[2024-05-10T07:38:45.552+0000] {logging_mixin.py:188} INFO - [2024-05-10T07:38:45.552+0000] {dag.py:3096} INFO - Sync 1 DAGs
[2024-05-10T07:38:45.570+0000] {logging_mixin.py:188} INFO - [2024-05-10T07:38:45.570+0000] {dag.py:3954} INFO - Setting next_dagrun for example_bash_operator to 2024-05-09 00:00:00+00:00, run_after=2024-05-10 00:00:00+00:00
[2024-05-10T07:38:45.597+0000] {processor.py:183} INFO - Processing /home/airflow/.local/lib/python3.12/site-packages/airflow/example_dags/example_bash_operator.py took 0.101 seconds
[2024-05-10T07:39:16.250+0000] {processor.py:161} INFO - Started process (PID=1991) to work on /home/airflow/.local/lib/python3.12/site-packages/airflow/example_dags/example_bash_operator.py
[2024-05-10T07:39:16.253+0000] {processor.py:830} INFO - Processing file /home/airflow/.local/lib/python3.12/site-packages/airflow/example_dags/example_bash_operator.py for tasks to queue
[2024-05-10T07:39:16.256+0000] {logging_mixin.py:188} INFO - [2024-05-10T07:39:16.255+0000] {dagbag.py:540} INFO - Filling up the DagBag from /home/airflow/.local/lib/python3.12/site-packages/airflow/example_dags/example_bash_operator.py
[2024-05-10T07:39:16.270+0000] {processor.py:840} INFO - DAG(s) 'example_bash_operator' retrieved from /home/airflow/.local/lib/python3.12/site-packages/airflow/example_dags/example_bash_operator.py
[2024-05-10T07:39:16.293+0000] {logging_mixin.py:188} INFO - [2024-05-10T07:39:16.293+0000] {dag.py:3096} INFO - Sync 1 DAGs
[2024-05-10T07:39:16.312+0000] {logging_mixin.py:188} INFO - [2024-05-10T07:39:16.312+0000] {dag.py:3954} INFO - Setting next_dagrun for example_bash_operator to 2024-05-09 00:00:00+00:00, run_after=2024-05-10 00:00:00+00:00
[2024-05-10T07:39:16.341+0000] {processor.py:183} INFO - Processing /home/airflow/.local/lib/python3.12/site-packages/airflow/example_dags/example_bash_operator.py took 0.109 seconds
[2024-05-10T07:39:46.647+0000] {processor.py:161} INFO - Started process (PID=2049) to work on /home/airflow/.local/lib/python3.12/site-packages/airflow/example_dags/example_bash_operator.py
[2024-05-10T07:39:46.648+0000] {processor.py:830} INFO - Processing file /home/airflow/.local/lib/python3.12/site-packages/airflow/example_dags/example_bash_operator.py for tasks to queue
[2024-05-10T07:39:46.650+0000] {logging_mixin.py:188} INFO - [2024-05-10T07:39:46.649+0000] {dagbag.py:540} INFO - Filling up the DagBag from /home/airflow/.local/lib/python3.12/site-packages/airflow/example_dags/example_bash_operator.py
[2024-05-10T07:39:46.660+0000] {processor.py:840} INFO - DAG(s) 'example_bash_operator' retrieved from /home/airflow/.local/lib/python3.12/site-packages/airflow/example_dags/example_bash_operator.py
[2024-05-10T07:39:46.682+0000] {logging_mixin.py:188} INFO - [2024-05-10T07:39:46.682+0000] {dag.py:3096} INFO - Sync 1 DAGs
[2024-05-10T07:39:46.700+0000] {logging_mixin.py:188} INFO - [2024-05-10T07:39:46.700+0000] {dag.py:3954} INFO - Setting next_dagrun for example_bash_operator to 2024-05-09 00:00:00+00:00, run_after=2024-05-10 00:00:00+00:00
[2024-05-10T07:39:46.719+0000] {processor.py:183} INFO - Processing /home/airflow/.local/lib/python3.12/site-packages/airflow/example_dags/example_bash_operator.py took 0.078 seconds
[2024-05-10T07:40:17.641+0000] {processor.py:161} INFO - Started process (PID=2108) to work on /home/airflow/.local/lib/python3.12/site-packages/airflow/example_dags/example_bash_operator.py
[2024-05-10T07:40:17.643+0000] {processor.py:830} INFO - Processing file /home/airflow/.local/lib/python3.12/site-packages/airflow/example_dags/example_bash_operator.py for tasks to queue
[2024-05-10T07:40:17.645+0000] {logging_mixin.py:188} INFO - [2024-05-10T07:40:17.645+0000] {dagbag.py:540} INFO - Filling up the DagBag from /home/airflow/.local/lib/python3.12/site-packages/airflow/example_dags/example_bash_operator.py
[2024-05-10T07:40:17.659+0000] {processor.py:840} INFO - DAG(s) 'example_bash_operator' retrieved from /home/airflow/.local/lib/python3.12/site-packages/airflow/example_dags/example_bash_operator.py
[2024-05-10T07:40:17.682+0000] {logging_mixin.py:188} INFO - [2024-05-10T07:40:17.682+0000] {dag.py:3096} INFO - Sync 1 DAGs
[2024-05-10T07:40:17.700+0000] {logging_mixin.py:188} INFO - [2024-05-10T07:40:17.700+0000] {dag.py:3954} INFO - Setting next_dagrun for example_bash_operator to 2024-05-09 00:00:00+00:00, run_after=2024-05-10 00:00:00+00:00
[2024-05-10T07:40:17.718+0000] {processor.py:183} INFO - Processing /home/airflow/.local/lib/python3.12/site-packages/airflow/example_dags/example_bash_operator.py took 0.088 seconds
[2024-05-10T07:40:48.235+0000] {processor.py:161} INFO - Started process (PID=2167) to work on /home/airflow/.local/lib/python3.12/site-packages/airflow/example_dags/example_bash_operator.py
[2024-05-10T07:40:48.237+0000] {processor.py:830} INFO - Processing file /home/airflow/.local/lib/python3.12/site-packages/airflow/example_dags/example_bash_operator.py for tasks to queue
[2024-05-10T07:40:48.239+0000] {logging_mixin.py:188} INFO - [2024-05-10T07:40:48.239+0000] {dagbag.py:540} INFO - Filling up the DagBag from /home/airflow/.local/lib/python3.12/site-packages/airflow/example_dags/example_bash_operator.py
[2024-05-10T07:40:48.252+0000] {processor.py:840} INFO - DAG(s) 'example_bash_operator' retrieved from /home/airflow/.local/lib/python3.12/site-packages/airflow/example_dags/example_bash_operator.py
[2024-05-10T07:40:48.275+0000] {logging_mixin.py:188} INFO - [2024-05-10T07:40:48.275+0000] {dag.py:3096} INFO - Sync 1 DAGs
[2024-05-10T07:40:48.294+0000] {logging_mixin.py:188} INFO - [2024-05-10T07:40:48.293+0000] {dag.py:3954} INFO - Setting next_dagrun for example_bash_operator to 2024-05-09 00:00:00+00:00, run_after=2024-05-10 00:00:00+00:00
[2024-05-10T07:40:48.318+0000] {processor.py:183} INFO - Processing /home/airflow/.local/lib/python3.12/site-packages/airflow/example_dags/example_bash_operator.py took 0.098 seconds
[2024-05-10T07:41:18.936+0000] {processor.py:161} INFO - Started process (PID=2226) to work on /home/airflow/.local/lib/python3.12/site-packages/airflow/example_dags/example_bash_operator.py
[2024-05-10T07:41:18.938+0000] {processor.py:830} INFO - Processing file /home/airflow/.local/lib/python3.12/site-packages/airflow/example_dags/example_bash_operator.py for tasks to queue
[2024-05-10T07:41:18.939+0000] {logging_mixin.py:188} INFO - [2024-05-10T07:41:18.939+0000] {dagbag.py:540} INFO - Filling up the DagBag from /home/airflow/.local/lib/python3.12/site-packages/airflow/example_dags/example_bash_operator.py
[2024-05-10T07:41:18.948+0000] {processor.py:840} INFO - DAG(s) 'example_bash_operator' retrieved from /home/airflow/.local/lib/python3.12/site-packages/airflow/example_dags/example_bash_operator.py
[2024-05-10T07:41:18.970+0000] {logging_mixin.py:188} INFO - [2024-05-10T07:41:18.970+0000] {dag.py:3096} INFO - Sync 1 DAGs
[2024-05-10T07:41:18.990+0000] {logging_mixin.py:188} INFO - [2024-05-10T07:41:18.990+0000] {dag.py:3954} INFO - Setting next_dagrun for example_bash_operator to 2024-05-09 00:00:00+00:00, run_after=2024-05-10 00:00:00+00:00
[2024-05-10T07:41:19.018+0000] {processor.py:183} INFO - Processing /home/airflow/.local/lib/python3.12/site-packages/airflow/example_dags/example_bash_operator.py took 0.086 seconds
[2024-05-10T07:41:49.127+0000] {processor.py:161} INFO - Started process (PID=2285) to work on /home/airflow/.local/lib/python3.12/site-packages/airflow/example_dags/example_bash_operator.py
[2024-05-10T07:41:49.129+0000] {processor.py:830} INFO - Processing file /home/airflow/.local/lib/python3.12/site-packages/airflow/example_dags/example_bash_operator.py for tasks to queue
[2024-05-10T07:41:49.132+0000] {logging_mixin.py:188} INFO - [2024-05-10T07:41:49.131+0000] {dagbag.py:540} INFO - Filling up the DagBag from /home/airflow/.local/lib/python3.12/site-packages/airflow/example_dags/example_bash_operator.py
[2024-05-10T07:41:49.145+0000] {processor.py:840} INFO - DAG(s) 'example_bash_operator' retrieved from /home/airflow/.local/lib/python3.12/site-packages/airflow/example_dags/example_bash_operator.py
[2024-05-10T07:41:49.168+0000] {logging_mixin.py:188} INFO - [2024-05-10T07:41:49.168+0000] {dag.py:3096} INFO - Sync 1 DAGs
[2024-05-10T07:41:49.185+0000] {logging_mixin.py:188} INFO - [2024-05-10T07:41:49.185+0000] {dag.py:3954} INFO - Setting next_dagrun for example_bash_operator to 2024-05-09 00:00:00+00:00, run_after=2024-05-10 00:00:00+00:00
[2024-05-10T07:41:49.208+0000] {processor.py:183} INFO - Processing /home/airflow/.local/lib/python3.12/site-packages/airflow/example_dags/example_bash_operator.py took 0.092 seconds
[2024-05-10T07:42:19.441+0000] {processor.py:161} INFO - Started process (PID=2343) to work on /home/airflow/.local/lib/python3.12/site-packages/airflow/example_dags/example_bash_operator.py
[2024-05-10T07:42:19.443+0000] {processor.py:830} INFO - Processing file /home/airflow/.local/lib/python3.12/site-packages/airflow/example_dags/example_bash_operator.py for tasks to queue
[2024-05-10T07:42:19.446+0000] {logging_mixin.py:188} INFO - [2024-05-10T07:42:19.446+0000] {dagbag.py:540} INFO - Filling up the DagBag from /home/airflow/.local/lib/python3.12/site-packages/airflow/example_dags/example_bash_operator.py
[2024-05-10T07:42:19.462+0000] {processor.py:840} INFO - DAG(s) 'example_bash_operator' retrieved from /home/airflow/.local/lib/python3.12/site-packages/airflow/example_dags/example_bash_operator.py
[2024-05-10T07:42:19.485+0000] {logging_mixin.py:188} INFO - [2024-05-10T07:42:19.485+0000] {dag.py:3096} INFO - Sync 1 DAGs
[2024-05-10T07:42:19.503+0000] {logging_mixin.py:188} INFO - [2024-05-10T07:42:19.503+0000] {dag.py:3954} INFO - Setting next_dagrun for example_bash_operator to 2024-05-09 00:00:00+00:00, run_after=2024-05-10 00:00:00+00:00
[2024-05-10T07:42:19.533+0000] {processor.py:183} INFO - Processing /home/airflow/.local/lib/python3.12/site-packages/airflow/example_dags/example_bash_operator.py took 0.104 seconds
[2024-05-10T07:42:50.340+0000] {processor.py:161} INFO - Started process (PID=2402) to work on /home/airflow/.local/lib/python3.12/site-packages/airflow/example_dags/example_bash_operator.py
[2024-05-10T07:42:50.341+0000] {processor.py:830} INFO - Processing file /home/airflow/.local/lib/python3.12/site-packages/airflow/example_dags/example_bash_operator.py for tasks to queue
[2024-05-10T07:42:50.342+0000] {logging_mixin.py:188} INFO - [2024-05-10T07:42:50.342+0000] {dagbag.py:540} INFO - Filling up the DagBag from /home/airflow/.local/lib/python3.12/site-packages/airflow/example_dags/example_bash_operator.py
[2024-05-10T07:42:50.352+0000] {processor.py:840} INFO - DAG(s) 'example_bash_operator' retrieved from /home/airflow/.local/lib/python3.12/site-packages/airflow/example_dags/example_bash_operator.py
[2024-05-10T07:42:50.379+0000] {logging_mixin.py:188} INFO - [2024-05-10T07:42:50.378+0000] {dag.py:3096} INFO - Sync 1 DAGs
[2024-05-10T07:42:50.397+0000] {logging_mixin.py:188} INFO - [2024-05-10T07:42:50.397+0000] {dag.py:3954} INFO - Setting next_dagrun for example_bash_operator to 2024-05-09 00:00:00+00:00, run_after=2024-05-10 00:00:00+00:00
[2024-05-10T07:42:50.418+0000] {processor.py:183} INFO - Processing /home/airflow/.local/lib/python3.12/site-packages/airflow/example_dags/example_bash_operator.py took 0.083 seconds
[2024-05-10T07:43:20.890+0000] {processor.py:161} INFO - Started process (PID=2461) to work on /home/airflow/.local/lib/python3.12/site-packages/airflow/example_dags/example_bash_operator.py
[2024-05-10T07:43:20.891+0000] {processor.py:830} INFO - Processing file /home/airflow/.local/lib/python3.12/site-packages/airflow/example_dags/example_bash_operator.py for tasks to queue
[2024-05-10T07:43:20.892+0000] {logging_mixin.py:188} INFO - [2024-05-10T07:43:20.892+0000] {dagbag.py:540} INFO - Filling up the DagBag from /home/airflow/.local/lib/python3.12/site-packages/airflow/example_dags/example_bash_operator.py
[2024-05-10T07:43:20.901+0000] {processor.py:840} INFO - DAG(s) 'example_bash_operator' retrieved from /home/airflow/.local/lib/python3.12/site-packages/airflow/example_dags/example_bash_operator.py
[2024-05-10T07:43:20.923+0000] {logging_mixin.py:188} INFO - [2024-05-10T07:43:20.923+0000] {dag.py:3096} INFO - Sync 1 DAGs
[2024-05-10T07:43:20.941+0000] {logging_mixin.py:188} INFO - [2024-05-10T07:43:20.941+0000] {dag.py:3954} INFO - Setting next_dagrun for example_bash_operator to 2024-05-09 00:00:00+00:00, run_after=2024-05-10 00:00:00+00:00
[2024-05-10T07:43:20.967+0000] {processor.py:183} INFO - Processing /home/airflow/.local/lib/python3.12/site-packages/airflow/example_dags/example_bash_operator.py took 0.082 seconds
[2024-05-10T07:43:51.423+0000] {processor.py:161} INFO - Started process (PID=2520) to work on /home/airflow/.local/lib/python3.12/site-packages/airflow/example_dags/example_bash_operator.py
[2024-05-10T07:43:51.424+0000] {processor.py:830} INFO - Processing file /home/airflow/.local/lib/python3.12/site-packages/airflow/example_dags/example_bash_operator.py for tasks to queue
[2024-05-10T07:43:51.426+0000] {logging_mixin.py:188} INFO - [2024-05-10T07:43:51.426+0000] {dagbag.py:540} INFO - Filling up the DagBag from /home/airflow/.local/lib/python3.12/site-packages/airflow/example_dags/example_bash_operator.py
[2024-05-10T07:43:51.440+0000] {processor.py:840} INFO - DAG(s) 'example_bash_operator' retrieved from /home/airflow/.local/lib/python3.12/site-packages/airflow/example_dags/example_bash_operator.py
[2024-05-10T07:43:51.462+0000] {logging_mixin.py:188} INFO - [2024-05-10T07:43:51.462+0000] {dag.py:3096} INFO - Sync 1 DAGs
[2024-05-10T07:43:51.481+0000] {logging_mixin.py:188} INFO - [2024-05-10T07:43:51.481+0000] {dag.py:3954} INFO - Setting next_dagrun for example_bash_operator to 2024-05-09 00:00:00+00:00, run_after=2024-05-10 00:00:00+00:00
[2024-05-10T07:43:51.507+0000] {processor.py:183} INFO - Processing /home/airflow/.local/lib/python3.12/site-packages/airflow/example_dags/example_bash_operator.py took 0.099 seconds
[2024-05-10T07:44:21.992+0000] {processor.py:161} INFO - Started process (PID=2579) to work on /home/airflow/.local/lib/python3.12/site-packages/airflow/example_dags/example_bash_operator.py
[2024-05-10T07:44:21.994+0000] {processor.py:830} INFO - Processing file /home/airflow/.local/lib/python3.12/site-packages/airflow/example_dags/example_bash_operator.py for tasks to queue
[2024-05-10T07:44:21.997+0000] {logging_mixin.py:188} INFO - [2024-05-10T07:44:21.996+0000] {dagbag.py:540} INFO - Filling up the DagBag from /home/airflow/.local/lib/python3.12/site-packages/airflow/example_dags/example_bash_operator.py
[2024-05-10T07:44:22.013+0000] {processor.py:840} INFO - DAG(s) 'example_bash_operator' retrieved from /home/airflow/.local/lib/python3.12/site-packages/airflow/example_dags/example_bash_operator.py
[2024-05-10T07:44:22.036+0000] {logging_mixin.py:188} INFO - [2024-05-10T07:44:22.036+0000] {dag.py:3096} INFO - Sync 1 DAGs
[2024-05-10T07:44:22.054+0000] {logging_mixin.py:188} INFO - [2024-05-10T07:44:22.054+0000] {dag.py:3954} INFO - Setting next_dagrun for example_bash_operator to 2024-05-09 00:00:00+00:00, run_after=2024-05-10 00:00:00+00:00
[2024-05-10T07:44:22.073+0000] {processor.py:183} INFO - Processing /home/airflow/.local/lib/python3.12/site-packages/airflow/example_dags/example_bash_operator.py took 0.094 seconds
[2024-05-10T07:44:52.501+0000] {processor.py:161} INFO - Started process (PID=2638) to work on /home/airflow/.local/lib/python3.12/site-packages/airflow/example_dags/example_bash_operator.py
[2024-05-10T07:44:52.503+0000] {processor.py:830} INFO - Processing file /home/airflow/.local/lib/python3.12/site-packages/airflow/example_dags/example_bash_operator.py for tasks to queue
[2024-05-10T07:44:52.506+0000] {logging_mixin.py:188} INFO - [2024-05-10T07:44:52.505+0000] {dagbag.py:540} INFO - Filling up the DagBag from /home/airflow/.local/lib/python3.12/site-packages/airflow/example_dags/example_bash_operator.py
[2024-05-10T07:44:52.521+0000] {processor.py:840} INFO - DAG(s) 'example_bash_operator' retrieved from /home/airflow/.local/lib/python3.12/site-packages/airflow/example_dags/example_bash_operator.py
[2024-05-10T07:44:52.545+0000] {logging_mixin.py:188} INFO - [2024-05-10T07:44:52.544+0000] {dag.py:3096} INFO - Sync 1 DAGs
[2024-05-10T07:44:52.563+0000] {logging_mixin.py:188} INFO - [2024-05-10T07:44:52.562+0000] {dag.py:3954} INFO - Setting next_dagrun for example_bash_operator to 2024-05-09 00:00:00+00:00, run_after=2024-05-10 00:00:00+00:00
[2024-05-10T07:44:52.595+0000] {processor.py:183} INFO - Processing /home/airflow/.local/lib/python3.12/site-packages/airflow/example_dags/example_bash_operator.py took 0.106 seconds
[2024-05-10T07:45:23.054+0000] {processor.py:161} INFO - Started process (PID=2698) to work on /home/airflow/.local/lib/python3.12/site-packages/airflow/example_dags/example_bash_operator.py
[2024-05-10T07:45:23.058+0000] {processor.py:830} INFO - Processing file /home/airflow/.local/lib/python3.12/site-packages/airflow/example_dags/example_bash_operator.py for tasks to queue
[2024-05-10T07:45:23.065+0000] {logging_mixin.py:188} INFO - [2024-05-10T07:45:23.063+0000] {dagbag.py:540} INFO - Filling up the DagBag from /home/airflow/.local/lib/python3.12/site-packages/airflow/example_dags/example_bash_operator.py
[2024-05-10T07:45:23.106+0000] {processor.py:840} INFO - DAG(s) 'example_bash_operator' retrieved from /home/airflow/.local/lib/python3.12/site-packages/airflow/example_dags/example_bash_operator.py
[2024-05-10T07:45:23.144+0000] {logging_mixin.py:188} INFO - [2024-05-10T07:45:23.144+0000] {dag.py:3096} INFO - Sync 1 DAGs
[2024-05-10T07:45:23.170+0000] {logging_mixin.py:188} INFO - [2024-05-10T07:45:23.169+0000] {dag.py:3954} INFO - Setting next_dagrun for example_bash_operator to 2024-05-09 00:00:00+00:00, run_after=2024-05-10 00:00:00+00:00
[2024-05-10T07:45:23.196+0000] {processor.py:183} INFO - Processing /home/airflow/.local/lib/python3.12/site-packages/airflow/example_dags/example_bash_operator.py took 0.163 seconds
[2024-05-10T07:45:53.775+0000] {processor.py:161} INFO - Started process (PID=2757) to work on /home/airflow/.local/lib/python3.12/site-packages/airflow/example_dags/example_bash_operator.py
[2024-05-10T07:45:53.776+0000] {processor.py:830} INFO - Processing file /home/airflow/.local/lib/python3.12/site-packages/airflow/example_dags/example_bash_operator.py for tasks to queue
[2024-05-10T07:45:53.777+0000] {logging_mixin.py:188} INFO - [2024-05-10T07:45:53.776+0000] {dagbag.py:540} INFO - Filling up the DagBag from /home/airflow/.local/lib/python3.12/site-packages/airflow/example_dags/example_bash_operator.py
[2024-05-10T07:45:53.786+0000] {processor.py:840} INFO - DAG(s) 'example_bash_operator' retrieved from /home/airflow/.local/lib/python3.12/site-packages/airflow/example_dags/example_bash_operator.py
[2024-05-10T07:45:53.809+0000] {logging_mixin.py:188} INFO - [2024-05-10T07:45:53.808+0000] {dag.py:3096} INFO - Sync 1 DAGs
[2024-05-10T07:45:53.830+0000] {logging_mixin.py:188} INFO - [2024-05-10T07:45:53.830+0000] {dag.py:3954} INFO - Setting next_dagrun for example_bash_operator to 2024-05-09 00:00:00+00:00, run_after=2024-05-10 00:00:00+00:00
[2024-05-10T07:45:53.853+0000] {processor.py:183} INFO - Processing /home/airflow/.local/lib/python3.12/site-packages/airflow/example_dags/example_bash_operator.py took 0.083 seconds
[2024-05-10T07:46:24.478+0000] {processor.py:161} INFO - Started process (PID=2815) to work on /home/airflow/.local/lib/python3.12/site-packages/airflow/example_dags/example_bash_operator.py
[2024-05-10T07:46:24.479+0000] {processor.py:830} INFO - Processing file /home/airflow/.local/lib/python3.12/site-packages/airflow/example_dags/example_bash_operator.py for tasks to queue
[2024-05-10T07:46:24.480+0000] {logging_mixin.py:188} INFO - [2024-05-10T07:46:24.480+0000] {dagbag.py:540} INFO - Filling up the DagBag from /home/airflow/.local/lib/python3.12/site-packages/airflow/example_dags/example_bash_operator.py
[2024-05-10T07:46:24.489+0000] {processor.py:840} INFO - DAG(s) 'example_bash_operator' retrieved from /home/airflow/.local/lib/python3.12/site-packages/airflow/example_dags/example_bash_operator.py
[2024-05-10T07:46:24.512+0000] {logging_mixin.py:188} INFO - [2024-05-10T07:46:24.512+0000] {dag.py:3096} INFO - Sync 1 DAGs
[2024-05-10T07:46:24.531+0000] {logging_mixin.py:188} INFO - [2024-05-10T07:46:24.530+0000] {dag.py:3954} INFO - Setting next_dagrun for example_bash_operator to 2024-05-09 00:00:00+00:00, run_after=2024-05-10 00:00:00+00:00
[2024-05-10T07:46:24.550+0000] {processor.py:183} INFO - Processing /home/airflow/.local/lib/python3.12/site-packages/airflow/example_dags/example_bash_operator.py took 0.077 seconds
[2024-05-10T07:46:54.993+0000] {processor.py:161} INFO - Started process (PID=2872) to work on /home/airflow/.local/lib/python3.12/site-packages/airflow/example_dags/example_bash_operator.py
[2024-05-10T07:46:54.994+0000] {processor.py:830} INFO - Processing file /home/airflow/.local/lib/python3.12/site-packages/airflow/example_dags/example_bash_operator.py for tasks to queue
[2024-05-10T07:46:54.994+0000] {logging_mixin.py:188} INFO - [2024-05-10T07:46:54.994+0000] {dagbag.py:540} INFO - Filling up the DagBag from /home/airflow/.local/lib/python3.12/site-packages/airflow/example_dags/example_bash_operator.py
[2024-05-10T07:46:55.005+0000] {processor.py:840} INFO - DAG(s) 'example_bash_operator' retrieved from /home/airflow/.local/lib/python3.12/site-packages/airflow/example_dags/example_bash_operator.py
[2024-05-10T07:46:55.106+0000] {logging_mixin.py:188} INFO - [2024-05-10T07:46:55.106+0000] {dag.py:3096} INFO - Sync 1 DAGs
[2024-05-10T07:46:55.115+0000] {logging_mixin.py:188} INFO - [2024-05-10T07:46:55.115+0000] {dag.py:3118} INFO - Creating ORM DAG for example_bash_operator
[2024-05-10T07:46:55.125+0000] {logging_mixin.py:188} INFO - [2024-05-10T07:46:55.125+0000] {dag.py:3954} INFO - Setting next_dagrun for example_bash_operator to 2024-05-09 00:00:00+00:00, run_after=2024-05-10 00:00:00+00:00
[2024-05-10T07:46:55.152+0000] {processor.py:183} INFO - Processing /home/airflow/.local/lib/python3.12/site-packages/airflow/example_dags/example_bash_operator.py took 0.164 seconds
[2024-05-10T07:47:25.318+0000] {processor.py:161} INFO - Started process (PID=2930) to work on /home/airflow/.local/lib/python3.12/site-packages/airflow/example_dags/example_bash_operator.py
[2024-05-10T07:47:25.319+0000] {processor.py:830} INFO - Processing file /home/airflow/.local/lib/python3.12/site-packages/airflow/example_dags/example_bash_operator.py for tasks to queue
[2024-05-10T07:47:25.320+0000] {logging_mixin.py:188} INFO - [2024-05-10T07:47:25.319+0000] {dagbag.py:540} INFO - Filling up the DagBag from /home/airflow/.local/lib/python3.12/site-packages/airflow/example_dags/example_bash_operator.py
[2024-05-10T07:47:25.330+0000] {processor.py:840} INFO - DAG(s) 'example_bash_operator' retrieved from /home/airflow/.local/lib/python3.12/site-packages/airflow/example_dags/example_bash_operator.py
[2024-05-10T07:47:25.362+0000] {logging_mixin.py:188} INFO - [2024-05-10T07:47:25.362+0000] {dag.py:3096} INFO - Sync 1 DAGs
[2024-05-10T07:47:25.387+0000] {logging_mixin.py:188} INFO - [2024-05-10T07:47:25.386+0000] {dag.py:3954} INFO - Setting next_dagrun for example_bash_operator to 2024-05-09 00:00:00+00:00, run_after=2024-05-10 00:00:00+00:00
[2024-05-10T07:47:25.410+0000] {processor.py:183} INFO - Processing /home/airflow/.local/lib/python3.12/site-packages/airflow/example_dags/example_bash_operator.py took 0.102 seconds
[2024-05-10T07:47:55.692+0000] {processor.py:161} INFO - Started process (PID=2988) to work on /home/airflow/.local/lib/python3.12/site-packages/airflow/example_dags/example_bash_operator.py
[2024-05-10T07:47:55.694+0000] {processor.py:830} INFO - Processing file /home/airflow/.local/lib/python3.12/site-packages/airflow/example_dags/example_bash_operator.py for tasks to queue
[2024-05-10T07:47:55.694+0000] {logging_mixin.py:188} INFO - [2024-05-10T07:47:55.694+0000] {dagbag.py:540} INFO - Filling up the DagBag from /home/airflow/.local/lib/python3.12/site-packages/airflow/example_dags/example_bash_operator.py
[2024-05-10T07:47:55.704+0000] {processor.py:840} INFO - DAG(s) 'example_bash_operator' retrieved from /home/airflow/.local/lib/python3.12/site-packages/airflow/example_dags/example_bash_operator.py
[2024-05-10T07:47:55.740+0000] {logging_mixin.py:188} INFO - [2024-05-10T07:47:55.739+0000] {dag.py:3096} INFO - Sync 1 DAGs
[2024-05-10T07:47:55.766+0000] {logging_mixin.py:188} INFO - [2024-05-10T07:47:55.766+0000] {dag.py:3954} INFO - Setting next_dagrun for example_bash_operator to 2024-05-09 00:00:00+00:00, run_after=2024-05-10 00:00:00+00:00
[2024-05-10T07:47:55.786+0000] {processor.py:183} INFO - Processing /home/airflow/.local/lib/python3.12/site-packages/airflow/example_dags/example_bash_operator.py took 0.099 seconds
[2024-05-10T07:48:26.572+0000] {processor.py:161} INFO - Started process (PID=3046) to work on /home/airflow/.local/lib/python3.12/site-packages/airflow/example_dags/example_bash_operator.py
[2024-05-10T07:48:26.573+0000] {processor.py:830} INFO - Processing file /home/airflow/.local/lib/python3.12/site-packages/airflow/example_dags/example_bash_operator.py for tasks to queue
[2024-05-10T07:48:26.574+0000] {logging_mixin.py:188} INFO - [2024-05-10T07:48:26.574+0000] {dagbag.py:540} INFO - Filling up the DagBag from /home/airflow/.local/lib/python3.12/site-packages/airflow/example_dags/example_bash_operator.py
[2024-05-10T07:48:26.583+0000] {processor.py:840} INFO - DAG(s) 'example_bash_operator' retrieved from /home/airflow/.local/lib/python3.12/site-packages/airflow/example_dags/example_bash_operator.py
[2024-05-10T07:48:26.610+0000] {logging_mixin.py:188} INFO - [2024-05-10T07:48:26.610+0000] {dag.py:3096} INFO - Sync 1 DAGs
[2024-05-10T07:48:26.634+0000] {logging_mixin.py:188} INFO - [2024-05-10T07:48:26.634+0000] {dag.py:3954} INFO - Setting next_dagrun for example_bash_operator to 2024-05-09 00:00:00+00:00, run_after=2024-05-10 00:00:00+00:00
[2024-05-10T07:48:26.657+0000] {processor.py:183} INFO - Processing /home/airflow/.local/lib/python3.12/site-packages/airflow/example_dags/example_bash_operator.py took 0.089 seconds
[2024-05-10T07:48:56.762+0000] {processor.py:161} INFO - Started process (PID=3104) to work on /home/airflow/.local/lib/python3.12/site-packages/airflow/example_dags/example_bash_operator.py
[2024-05-10T07:48:56.762+0000] {processor.py:830} INFO - Processing file /home/airflow/.local/lib/python3.12/site-packages/airflow/example_dags/example_bash_operator.py for tasks to queue
[2024-05-10T07:48:56.763+0000] {logging_mixin.py:188} INFO - [2024-05-10T07:48:56.763+0000] {dagbag.py:540} INFO - Filling up the DagBag from /home/airflow/.local/lib/python3.12/site-packages/airflow/example_dags/example_bash_operator.py
[2024-05-10T07:48:56.773+0000] {processor.py:840} INFO - DAG(s) 'example_bash_operator' retrieved from /home/airflow/.local/lib/python3.12/site-packages/airflow/example_dags/example_bash_operator.py
[2024-05-10T07:48:56.872+0000] {logging_mixin.py:188} INFO - [2024-05-10T07:48:56.872+0000] {dag.py:3096} INFO - Sync 1 DAGs
[2024-05-10T07:48:56.881+0000] {logging_mixin.py:188} INFO - [2024-05-10T07:48:56.880+0000] {dag.py:3118} INFO - Creating ORM DAG for example_bash_operator
[2024-05-10T07:48:56.889+0000] {logging_mixin.py:188} INFO - [2024-05-10T07:48:56.889+0000] {dag.py:3954} INFO - Setting next_dagrun for example_bash_operator to 2024-05-09 00:00:00+00:00, run_after=2024-05-10 00:00:00+00:00
[2024-05-10T07:48:56.921+0000] {processor.py:183} INFO - Processing /home/airflow/.local/lib/python3.12/site-packages/airflow/example_dags/example_bash_operator.py took 0.165 seconds
[2024-05-10T07:49:27.018+0000] {processor.py:161} INFO - Started process (PID=3162) to work on /home/airflow/.local/lib/python3.12/site-packages/airflow/example_dags/example_bash_operator.py
[2024-05-10T07:49:27.020+0000] {processor.py:830} INFO - Processing file /home/airflow/.local/lib/python3.12/site-packages/airflow/example_dags/example_bash_operator.py for tasks to queue
[2024-05-10T07:49:27.021+0000] {logging_mixin.py:188} INFO - [2024-05-10T07:49:27.020+0000] {dagbag.py:540} INFO - Filling up the DagBag from /home/airflow/.local/lib/python3.12/site-packages/airflow/example_dags/example_bash_operator.py
[2024-05-10T07:49:27.033+0000] {processor.py:840} INFO - DAG(s) 'example_bash_operator' retrieved from /home/airflow/.local/lib/python3.12/site-packages/airflow/example_dags/example_bash_operator.py
[2024-05-10T07:49:27.146+0000] {logging_mixin.py:188} INFO - [2024-05-10T07:49:27.145+0000] {dag.py:3096} INFO - Sync 1 DAGs
[2024-05-10T07:49:27.155+0000] {logging_mixin.py:188} INFO - [2024-05-10T07:49:27.155+0000] {dag.py:3118} INFO - Creating ORM DAG for example_bash_operator
[2024-05-10T07:49:27.166+0000] {logging_mixin.py:188} INFO - [2024-05-10T07:49:27.165+0000] {dag.py:3954} INFO - Setting next_dagrun for example_bash_operator to 2024-05-09 00:00:00+00:00, run_after=2024-05-10 00:00:00+00:00
[2024-05-10T07:49:27.194+0000] {processor.py:183} INFO - Processing /home/airflow/.local/lib/python3.12/site-packages/airflow/example_dags/example_bash_operator.py took 0.186 seconds
[2024-05-10T07:49:57.242+0000] {processor.py:161} INFO - Started process (PID=3220) to work on /home/airflow/.local/lib/python3.12/site-packages/airflow/example_dags/example_bash_operator.py
[2024-05-10T07:49:57.243+0000] {processor.py:830} INFO - Processing file /home/airflow/.local/lib/python3.12/site-packages/airflow/example_dags/example_bash_operator.py for tasks to queue
[2024-05-10T07:49:57.244+0000] {logging_mixin.py:188} INFO - [2024-05-10T07:49:57.244+0000] {dagbag.py:540} INFO - Filling up the DagBag from /home/airflow/.local/lib/python3.12/site-packages/airflow/example_dags/example_bash_operator.py
[2024-05-10T07:49:57.257+0000] {processor.py:840} INFO - DAG(s) 'example_bash_operator' retrieved from /home/airflow/.local/lib/python3.12/site-packages/airflow/example_dags/example_bash_operator.py
[2024-05-10T07:49:57.382+0000] {logging_mixin.py:188} INFO - [2024-05-10T07:49:57.382+0000] {dag.py:3096} INFO - Sync 1 DAGs
[2024-05-10T07:49:57.391+0000] {logging_mixin.py:188} INFO - [2024-05-10T07:49:57.391+0000] {dag.py:3118} INFO - Creating ORM DAG for example_bash_operator
[2024-05-10T07:49:57.401+0000] {logging_mixin.py:188} INFO - [2024-05-10T07:49:57.401+0000] {dag.py:3954} INFO - Setting next_dagrun for example_bash_operator to 2024-05-09 00:00:00+00:00, run_after=2024-05-10 00:00:00+00:00
[2024-05-10T07:49:57.435+0000] {processor.py:183} INFO - Processing /home/airflow/.local/lib/python3.12/site-packages/airflow/example_dags/example_bash_operator.py took 0.198 seconds
[2024-05-10T07:50:28.231+0000] {processor.py:161} INFO - Started process (PID=3278) to work on /home/airflow/.local/lib/python3.12/site-packages/airflow/example_dags/example_bash_operator.py
[2024-05-10T07:50:28.233+0000] {processor.py:830} INFO - Processing file /home/airflow/.local/lib/python3.12/site-packages/airflow/example_dags/example_bash_operator.py for tasks to queue
[2024-05-10T07:50:28.234+0000] {logging_mixin.py:188} INFO - [2024-05-10T07:50:28.234+0000] {dagbag.py:540} INFO - Filling up the DagBag from /home/airflow/.local/lib/python3.12/site-packages/airflow/example_dags/example_bash_operator.py
[2024-05-10T07:50:28.248+0000] {processor.py:840} INFO - DAG(s) 'example_bash_operator' retrieved from /home/airflow/.local/lib/python3.12/site-packages/airflow/example_dags/example_bash_operator.py
[2024-05-10T07:50:28.275+0000] {logging_mixin.py:188} INFO - [2024-05-10T07:50:28.275+0000] {dag.py:3096} INFO - Sync 1 DAGs
[2024-05-10T07:50:28.295+0000] {logging_mixin.py:188} INFO - [2024-05-10T07:50:28.294+0000] {dag.py:3954} INFO - Setting next_dagrun for example_bash_operator to 2024-05-09 00:00:00+00:00, run_after=2024-05-10 00:00:00+00:00
[2024-05-10T07:50:28.313+0000] {processor.py:183} INFO - Processing /home/airflow/.local/lib/python3.12/site-packages/airflow/example_dags/example_bash_operator.py took 0.093 seconds
[2024-05-10T07:50:58.452+0000] {processor.py:161} INFO - Started process (PID=3336) to work on /home/airflow/.local/lib/python3.12/site-packages/airflow/example_dags/example_bash_operator.py
[2024-05-10T07:50:58.454+0000] {processor.py:830} INFO - Processing file /home/airflow/.local/lib/python3.12/site-packages/airflow/example_dags/example_bash_operator.py for tasks to queue
[2024-05-10T07:50:58.455+0000] {logging_mixin.py:188} INFO - [2024-05-10T07:50:58.454+0000] {dagbag.py:540} INFO - Filling up the DagBag from /home/airflow/.local/lib/python3.12/site-packages/airflow/example_dags/example_bash_operator.py
[2024-05-10T07:50:58.467+0000] {processor.py:840} INFO - DAG(s) 'example_bash_operator' retrieved from /home/airflow/.local/lib/python3.12/site-packages/airflow/example_dags/example_bash_operator.py
[2024-05-10T07:50:58.570+0000] {logging_mixin.py:188} INFO - [2024-05-10T07:50:58.570+0000] {dag.py:3096} INFO - Sync 1 DAGs
[2024-05-10T07:50:58.578+0000] {logging_mixin.py:188} INFO - [2024-05-10T07:50:58.578+0000] {dag.py:3118} INFO - Creating ORM DAG for example_bash_operator
[2024-05-10T07:50:58.588+0000] {logging_mixin.py:188} INFO - [2024-05-10T07:50:58.588+0000] {dag.py:3954} INFO - Setting next_dagrun for example_bash_operator to 2024-05-09 00:00:00+00:00, run_after=2024-05-10 00:00:00+00:00
[2024-05-10T07:50:58.614+0000] {processor.py:183} INFO - Processing /home/airflow/.local/lib/python3.12/site-packages/airflow/example_dags/example_bash_operator.py took 0.173 seconds
[2024-05-10T07:51:28.663+0000] {processor.py:161} INFO - Started process (PID=3393) to work on /home/airflow/.local/lib/python3.12/site-packages/airflow/example_dags/example_bash_operator.py
[2024-05-10T07:51:28.665+0000] {processor.py:830} INFO - Processing file /home/airflow/.local/lib/python3.12/site-packages/airflow/example_dags/example_bash_operator.py for tasks to queue
[2024-05-10T07:51:28.666+0000] {logging_mixin.py:188} INFO - [2024-05-10T07:51:28.666+0000] {dagbag.py:540} INFO - Filling up the DagBag from /home/airflow/.local/lib/python3.12/site-packages/airflow/example_dags/example_bash_operator.py
[2024-05-10T07:51:28.676+0000] {processor.py:840} INFO - DAG(s) 'example_bash_operator' retrieved from /home/airflow/.local/lib/python3.12/site-packages/airflow/example_dags/example_bash_operator.py
[2024-05-10T07:51:28.785+0000] {logging_mixin.py:188} INFO - [2024-05-10T07:51:28.785+0000] {dag.py:3096} INFO - Sync 1 DAGs
[2024-05-10T07:51:28.794+0000] {logging_mixin.py:188} INFO - [2024-05-10T07:51:28.794+0000] {dag.py:3118} INFO - Creating ORM DAG for example_bash_operator
[2024-05-10T07:51:28.805+0000] {logging_mixin.py:188} INFO - [2024-05-10T07:51:28.805+0000] {dag.py:3954} INFO - Setting next_dagrun for example_bash_operator to 2024-05-09 00:00:00+00:00, run_after=2024-05-10 00:00:00+00:00
[2024-05-10T07:51:28.825+0000] {processor.py:183} INFO - Processing /home/airflow/.local/lib/python3.12/site-packages/airflow/example_dags/example_bash_operator.py took 0.166 seconds
[2024-05-10T07:51:58.862+0000] {processor.py:161} INFO - Started process (PID=3452) to work on /home/airflow/.local/lib/python3.12/site-packages/airflow/example_dags/example_bash_operator.py
[2024-05-10T07:51:58.862+0000] {processor.py:830} INFO - Processing file /home/airflow/.local/lib/python3.12/site-packages/airflow/example_dags/example_bash_operator.py for tasks to queue
[2024-05-10T07:51:58.863+0000] {logging_mixin.py:188} INFO - [2024-05-10T07:51:58.863+0000] {dagbag.py:540} INFO - Filling up the DagBag from /home/airflow/.local/lib/python3.12/site-packages/airflow/example_dags/example_bash_operator.py
[2024-05-10T07:51:58.873+0000] {processor.py:840} INFO - DAG(s) 'example_bash_operator' retrieved from /home/airflow/.local/lib/python3.12/site-packages/airflow/example_dags/example_bash_operator.py
[2024-05-10T07:51:58.968+0000] {logging_mixin.py:188} INFO - [2024-05-10T07:51:58.968+0000] {dag.py:3096} INFO - Sync 1 DAGs
[2024-05-10T07:51:58.978+0000] {logging_mixin.py:188} INFO - [2024-05-10T07:51:58.978+0000] {dag.py:3118} INFO - Creating ORM DAG for example_bash_operator
[2024-05-10T07:51:58.986+0000] {logging_mixin.py:188} INFO - [2024-05-10T07:51:58.986+0000] {dag.py:3954} INFO - Setting next_dagrun for example_bash_operator to 2024-05-09 00:00:00+00:00, run_after=2024-05-10 00:00:00+00:00
[2024-05-10T07:51:59.005+0000] {processor.py:183} INFO - Processing /home/airflow/.local/lib/python3.12/site-packages/airflow/example_dags/example_bash_operator.py took 0.150 seconds
[2024-05-10T07:52:29.027+0000] {processor.py:161} INFO - Started process (PID=3510) to work on /home/airflow/.local/lib/python3.12/site-packages/airflow/example_dags/example_bash_operator.py
[2024-05-10T07:52:29.027+0000] {processor.py:830} INFO - Processing file /home/airflow/.local/lib/python3.12/site-packages/airflow/example_dags/example_bash_operator.py for tasks to queue
[2024-05-10T07:52:29.028+0000] {logging_mixin.py:188} INFO - [2024-05-10T07:52:29.028+0000] {dagbag.py:540} INFO - Filling up the DagBag from /home/airflow/.local/lib/python3.12/site-packages/airflow/example_dags/example_bash_operator.py
[2024-05-10T07:52:29.038+0000] {processor.py:840} INFO - DAG(s) 'example_bash_operator' retrieved from /home/airflow/.local/lib/python3.12/site-packages/airflow/example_dags/example_bash_operator.py
[2024-05-10T07:52:29.063+0000] {logging_mixin.py:188} INFO - [2024-05-10T07:52:29.063+0000] {dag.py:3096} INFO - Sync 1 DAGs
[2024-05-10T07:52:29.082+0000] {logging_mixin.py:188} INFO - [2024-05-10T07:52:29.082+0000] {dag.py:3954} INFO - Setting next_dagrun for example_bash_operator to 2024-05-09 00:00:00+00:00, run_after=2024-05-10 00:00:00+00:00
[2024-05-10T07:52:29.130+0000] {processor.py:183} INFO - Processing /home/airflow/.local/lib/python3.12/site-packages/airflow/example_dags/example_bash_operator.py took 0.108 seconds
[2024-05-10T07:52:59.201+0000] {processor.py:161} INFO - Started process (PID=3568) to work on /home/airflow/.local/lib/python3.12/site-packages/airflow/example_dags/example_bash_operator.py
[2024-05-10T07:52:59.202+0000] {processor.py:830} INFO - Processing file /home/airflow/.local/lib/python3.12/site-packages/airflow/example_dags/example_bash_operator.py for tasks to queue
[2024-05-10T07:52:59.203+0000] {logging_mixin.py:188} INFO - [2024-05-10T07:52:59.202+0000] {dagbag.py:540} INFO - Filling up the DagBag from /home/airflow/.local/lib/python3.12/site-packages/airflow/example_dags/example_bash_operator.py
[2024-05-10T07:52:59.212+0000] {processor.py:840} INFO - DAG(s) 'example_bash_operator' retrieved from /home/airflow/.local/lib/python3.12/site-packages/airflow/example_dags/example_bash_operator.py
[2024-05-10T07:52:59.234+0000] {logging_mixin.py:188} INFO - [2024-05-10T07:52:59.234+0000] {dag.py:3096} INFO - Sync 1 DAGs
[2024-05-10T07:52:59.252+0000] {logging_mixin.py:188} INFO - [2024-05-10T07:52:59.252+0000] {dag.py:3954} INFO - Setting next_dagrun for example_bash_operator to 2024-05-09 00:00:00+00:00, run_after=2024-05-10 00:00:00+00:00
[2024-05-10T07:52:59.283+0000] {processor.py:183} INFO - Processing /home/airflow/.local/lib/python3.12/site-packages/airflow/example_dags/example_bash_operator.py took 0.086 seconds
[2024-05-10T07:53:29.668+0000] {processor.py:161} INFO - Started process (PID=3624) to work on /home/airflow/.local/lib/python3.12/site-packages/airflow/example_dags/example_bash_operator.py
[2024-05-10T07:53:29.668+0000] {processor.py:830} INFO - Processing file /home/airflow/.local/lib/python3.12/site-packages/airflow/example_dags/example_bash_operator.py for tasks to queue
[2024-05-10T07:53:29.669+0000] {logging_mixin.py:188} INFO - [2024-05-10T07:53:29.669+0000] {dagbag.py:540} INFO - Filling up the DagBag from /home/airflow/.local/lib/python3.12/site-packages/airflow/example_dags/example_bash_operator.py
[2024-05-10T07:53:29.678+0000] {processor.py:840} INFO - DAG(s) 'example_bash_operator' retrieved from /home/airflow/.local/lib/python3.12/site-packages/airflow/example_dags/example_bash_operator.py
[2024-05-10T07:53:29.703+0000] {logging_mixin.py:188} INFO - [2024-05-10T07:53:29.703+0000] {dag.py:3096} INFO - Sync 1 DAGs
[2024-05-10T07:53:29.722+0000] {logging_mixin.py:188} INFO - [2024-05-10T07:53:29.722+0000] {dag.py:3954} INFO - Setting next_dagrun for example_bash_operator to 2024-05-09 00:00:00+00:00, run_after=2024-05-10 00:00:00+00:00
[2024-05-10T07:53:29.758+0000] {processor.py:183} INFO - Processing /home/airflow/.local/lib/python3.12/site-packages/airflow/example_dags/example_bash_operator.py took 0.095 seconds
[2024-05-10T07:54:00.163+0000] {processor.py:161} INFO - Started process (PID=3682) to work on /home/airflow/.local/lib/python3.12/site-packages/airflow/example_dags/example_bash_operator.py
[2024-05-10T07:54:00.164+0000] {processor.py:830} INFO - Processing file /home/airflow/.local/lib/python3.12/site-packages/airflow/example_dags/example_bash_operator.py for tasks to queue
[2024-05-10T07:54:00.165+0000] {logging_mixin.py:188} INFO - [2024-05-10T07:54:00.165+0000] {dagbag.py:540} INFO - Filling up the DagBag from /home/airflow/.local/lib/python3.12/site-packages/airflow/example_dags/example_bash_operator.py
[2024-05-10T07:54:00.175+0000] {processor.py:840} INFO - DAG(s) 'example_bash_operator' retrieved from /home/airflow/.local/lib/python3.12/site-packages/airflow/example_dags/example_bash_operator.py
[2024-05-10T07:54:00.202+0000] {logging_mixin.py:188} INFO - [2024-05-10T07:54:00.201+0000] {dag.py:3096} INFO - Sync 1 DAGs
[2024-05-10T07:54:00.220+0000] {logging_mixin.py:188} INFO - [2024-05-10T07:54:00.220+0000] {dag.py:3954} INFO - Setting next_dagrun for example_bash_operator to 2024-05-09 00:00:00+00:00, run_after=2024-05-10 00:00:00+00:00
[2024-05-10T07:54:00.238+0000] {processor.py:183} INFO - Processing /home/airflow/.local/lib/python3.12/site-packages/airflow/example_dags/example_bash_operator.py took 0.080 seconds
[2024-05-10T07:54:30.671+0000] {processor.py:161} INFO - Started process (PID=3739) to work on /home/airflow/.local/lib/python3.12/site-packages/airflow/example_dags/example_bash_operator.py
[2024-05-10T07:54:30.672+0000] {processor.py:830} INFO - Processing file /home/airflow/.local/lib/python3.12/site-packages/airflow/example_dags/example_bash_operator.py for tasks to queue
[2024-05-10T07:54:30.673+0000] {logging_mixin.py:188} INFO - [2024-05-10T07:54:30.673+0000] {dagbag.py:540} INFO - Filling up the DagBag from /home/airflow/.local/lib/python3.12/site-packages/airflow/example_dags/example_bash_operator.py
[2024-05-10T07:54:30.684+0000] {processor.py:840} INFO - DAG(s) 'example_bash_operator' retrieved from /home/airflow/.local/lib/python3.12/site-packages/airflow/example_dags/example_bash_operator.py
[2024-05-10T07:54:30.708+0000] {logging_mixin.py:188} INFO - [2024-05-10T07:54:30.708+0000] {dag.py:3096} INFO - Sync 1 DAGs
[2024-05-10T07:54:30.729+0000] {logging_mixin.py:188} INFO - [2024-05-10T07:54:30.728+0000] {dag.py:3954} INFO - Setting next_dagrun for example_bash_operator to 2024-05-09 00:00:00+00:00, run_after=2024-05-10 00:00:00+00:00
[2024-05-10T07:54:30.760+0000] {processor.py:183} INFO - Processing /home/airflow/.local/lib/python3.12/site-packages/airflow/example_dags/example_bash_operator.py took 0.097 seconds
[2024-05-10T07:55:01.364+0000] {processor.py:161} INFO - Started process (PID=3797) to work on /home/airflow/.local/lib/python3.12/site-packages/airflow/example_dags/example_bash_operator.py
[2024-05-10T07:55:01.364+0000] {processor.py:830} INFO - Processing file /home/airflow/.local/lib/python3.12/site-packages/airflow/example_dags/example_bash_operator.py for tasks to queue
[2024-05-10T07:55:01.365+0000] {logging_mixin.py:188} INFO - [2024-05-10T07:55:01.365+0000] {dagbag.py:540} INFO - Filling up the DagBag from /home/airflow/.local/lib/python3.12/site-packages/airflow/example_dags/example_bash_operator.py
[2024-05-10T07:55:01.375+0000] {processor.py:840} INFO - DAG(s) 'example_bash_operator' retrieved from /home/airflow/.local/lib/python3.12/site-packages/airflow/example_dags/example_bash_operator.py
[2024-05-10T07:55:01.398+0000] {logging_mixin.py:188} INFO - [2024-05-10T07:55:01.398+0000] {dag.py:3096} INFO - Sync 1 DAGs
[2024-05-10T07:55:01.416+0000] {logging_mixin.py:188} INFO - [2024-05-10T07:55:01.416+0000] {dag.py:3954} INFO - Setting next_dagrun for example_bash_operator to 2024-05-09 00:00:00+00:00, run_after=2024-05-10 00:00:00+00:00
[2024-05-10T07:55:01.438+0000] {processor.py:183} INFO - Processing /home/airflow/.local/lib/python3.12/site-packages/airflow/example_dags/example_bash_operator.py took 0.081 seconds
