[2024-05-10T07:22:24.432+0000] {processor.py:161} INFO - Started process (PID=59) to work on /home/airflow/.local/lib/python3.12/site-packages/airflow/example_dags/example_trigger_controller_dag.py
[2024-05-10T07:22:24.433+0000] {processor.py:830} INFO - Processing file /home/airflow/.local/lib/python3.12/site-packages/airflow/example_dags/example_trigger_controller_dag.py for tasks to queue
[2024-05-10T07:22:24.434+0000] {logging_mixin.py:188} INFO - [2024-05-10T07:22:24.434+0000] {dagbag.py:540} INFO - Filling up the DagBag from /home/airflow/.local/lib/python3.12/site-packages/airflow/example_dags/example_trigger_controller_dag.py
[2024-05-10T07:22:24.440+0000] {processor.py:840} INFO - DAG(s) 'example_trigger_controller_dag' retrieved from /home/airflow/.local/lib/python3.12/site-packages/airflow/example_dags/example_trigger_controller_dag.py
[2024-05-10T07:22:24.449+0000] {logging_mixin.py:188} INFO - [2024-05-10T07:22:24.449+0000] {dag.py:3096} INFO - Sync 1 DAGs
[2024-05-10T07:22:24.469+0000] {logging_mixin.py:188} INFO - [2024-05-10T07:22:24.469+0000] {dag.py:3954} INFO - Setting next_dagrun for example_trigger_controller_dag to 2021-01-01 00:00:00+00:00, run_after=2021-01-01 00:00:00+00:00
[2024-05-10T07:22:24.497+0000] {processor.py:183} INFO - Processing /home/airflow/.local/lib/python3.12/site-packages/airflow/example_dags/example_trigger_controller_dag.py took 0.069 seconds
[2024-05-10T07:22:55.972+0000] {processor.py:161} INFO - Started process (PID=117) to work on /home/airflow/.local/lib/python3.12/site-packages/airflow/example_dags/example_trigger_controller_dag.py
[2024-05-10T07:22:55.973+0000] {processor.py:830} INFO - Processing file /home/airflow/.local/lib/python3.12/site-packages/airflow/example_dags/example_trigger_controller_dag.py for tasks to queue
[2024-05-10T07:22:55.974+0000] {logging_mixin.py:188} INFO - [2024-05-10T07:22:55.974+0000] {dagbag.py:540} INFO - Filling up the DagBag from /home/airflow/.local/lib/python3.12/site-packages/airflow/example_dags/example_trigger_controller_dag.py
[2024-05-10T07:22:55.978+0000] {processor.py:840} INFO - DAG(s) 'example_trigger_controller_dag' retrieved from /home/airflow/.local/lib/python3.12/site-packages/airflow/example_dags/example_trigger_controller_dag.py
[2024-05-10T07:22:56.066+0000] {logging_mixin.py:188} INFO - [2024-05-10T07:22:56.065+0000] {dag.py:3096} INFO - Sync 1 DAGs
[2024-05-10T07:22:56.080+0000] {logging_mixin.py:188} INFO - [2024-05-10T07:22:56.080+0000] {dag.py:3954} INFO - Setting next_dagrun for example_trigger_controller_dag to 2021-01-01 00:00:00+00:00, run_after=2021-01-01 00:00:00+00:00
[2024-05-10T07:22:56.096+0000] {processor.py:183} INFO - Processing /home/airflow/.local/lib/python3.12/site-packages/airflow/example_dags/example_trigger_controller_dag.py took 0.128 seconds
[2024-05-10T07:23:26.257+0000] {processor.py:161} INFO - Started process (PID=175) to work on /home/airflow/.local/lib/python3.12/site-packages/airflow/example_dags/example_trigger_controller_dag.py
[2024-05-10T07:23:26.260+0000] {processor.py:830} INFO - Processing file /home/airflow/.local/lib/python3.12/site-packages/airflow/example_dags/example_trigger_controller_dag.py for tasks to queue
[2024-05-10T07:23:26.261+0000] {logging_mixin.py:188} INFO - [2024-05-10T07:23:26.261+0000] {dagbag.py:540} INFO - Filling up the DagBag from /home/airflow/.local/lib/python3.12/site-packages/airflow/example_dags/example_trigger_controller_dag.py
[2024-05-10T07:23:26.265+0000] {processor.py:840} INFO - DAG(s) 'example_trigger_controller_dag' retrieved from /home/airflow/.local/lib/python3.12/site-packages/airflow/example_dags/example_trigger_controller_dag.py
[2024-05-10T07:23:26.281+0000] {logging_mixin.py:188} INFO - [2024-05-10T07:23:26.281+0000] {dag.py:3096} INFO - Sync 1 DAGs
[2024-05-10T07:23:26.301+0000] {logging_mixin.py:188} INFO - [2024-05-10T07:23:26.301+0000] {dag.py:3954} INFO - Setting next_dagrun for example_trigger_controller_dag to 2021-01-01 00:00:00+00:00, run_after=2021-01-01 00:00:00+00:00
[2024-05-10T07:23:26.320+0000] {processor.py:183} INFO - Processing /home/airflow/.local/lib/python3.12/site-packages/airflow/example_dags/example_trigger_controller_dag.py took 0.067 seconds
[2024-05-10T07:23:56.871+0000] {processor.py:161} INFO - Started process (PID=233) to work on /home/airflow/.local/lib/python3.12/site-packages/airflow/example_dags/example_trigger_controller_dag.py
[2024-05-10T07:23:56.872+0000] {processor.py:830} INFO - Processing file /home/airflow/.local/lib/python3.12/site-packages/airflow/example_dags/example_trigger_controller_dag.py for tasks to queue
[2024-05-10T07:23:56.873+0000] {logging_mixin.py:188} INFO - [2024-05-10T07:23:56.873+0000] {dagbag.py:540} INFO - Filling up the DagBag from /home/airflow/.local/lib/python3.12/site-packages/airflow/example_dags/example_trigger_controller_dag.py
[2024-05-10T07:23:56.876+0000] {processor.py:840} INFO - DAG(s) 'example_trigger_controller_dag' retrieved from /home/airflow/.local/lib/python3.12/site-packages/airflow/example_dags/example_trigger_controller_dag.py
[2024-05-10T07:23:56.891+0000] {logging_mixin.py:188} INFO - [2024-05-10T07:23:56.891+0000] {dag.py:3096} INFO - Sync 1 DAGs
[2024-05-10T07:23:56.908+0000] {logging_mixin.py:188} INFO - [2024-05-10T07:23:56.908+0000] {dag.py:3954} INFO - Setting next_dagrun for example_trigger_controller_dag to 2021-01-01 00:00:00+00:00, run_after=2021-01-01 00:00:00+00:00
[2024-05-10T07:23:56.930+0000] {processor.py:183} INFO - Processing /home/airflow/.local/lib/python3.12/site-packages/airflow/example_dags/example_trigger_controller_dag.py took 0.063 seconds
[2024-05-10T07:24:27.494+0000] {processor.py:161} INFO - Started process (PID=290) to work on /home/airflow/.local/lib/python3.12/site-packages/airflow/example_dags/example_trigger_controller_dag.py
[2024-05-10T07:24:27.495+0000] {processor.py:830} INFO - Processing file /home/airflow/.local/lib/python3.12/site-packages/airflow/example_dags/example_trigger_controller_dag.py for tasks to queue
[2024-05-10T07:24:27.496+0000] {logging_mixin.py:188} INFO - [2024-05-10T07:24:27.496+0000] {dagbag.py:540} INFO - Filling up the DagBag from /home/airflow/.local/lib/python3.12/site-packages/airflow/example_dags/example_trigger_controller_dag.py
[2024-05-10T07:24:27.500+0000] {processor.py:840} INFO - DAG(s) 'example_trigger_controller_dag' retrieved from /home/airflow/.local/lib/python3.12/site-packages/airflow/example_dags/example_trigger_controller_dag.py
[2024-05-10T07:24:27.515+0000] {logging_mixin.py:188} INFO - [2024-05-10T07:24:27.515+0000] {dag.py:3096} INFO - Sync 1 DAGs
[2024-05-10T07:24:27.532+0000] {logging_mixin.py:188} INFO - [2024-05-10T07:24:27.532+0000] {dag.py:3954} INFO - Setting next_dagrun for example_trigger_controller_dag to 2021-01-01 00:00:00+00:00, run_after=2021-01-01 00:00:00+00:00
[2024-05-10T07:24:27.552+0000] {processor.py:183} INFO - Processing /home/airflow/.local/lib/python3.12/site-packages/airflow/example_dags/example_trigger_controller_dag.py took 0.062 seconds
[2024-05-10T07:24:58.017+0000] {processor.py:161} INFO - Started process (PID=348) to work on /home/airflow/.local/lib/python3.12/site-packages/airflow/example_dags/example_trigger_controller_dag.py
[2024-05-10T07:24:58.018+0000] {processor.py:830} INFO - Processing file /home/airflow/.local/lib/python3.12/site-packages/airflow/example_dags/example_trigger_controller_dag.py for tasks to queue
[2024-05-10T07:24:58.019+0000] {logging_mixin.py:188} INFO - [2024-05-10T07:24:58.019+0000] {dagbag.py:540} INFO - Filling up the DagBag from /home/airflow/.local/lib/python3.12/site-packages/airflow/example_dags/example_trigger_controller_dag.py
[2024-05-10T07:24:58.023+0000] {processor.py:840} INFO - DAG(s) 'example_trigger_controller_dag' retrieved from /home/airflow/.local/lib/python3.12/site-packages/airflow/example_dags/example_trigger_controller_dag.py
[2024-05-10T07:24:58.037+0000] {logging_mixin.py:188} INFO - [2024-05-10T07:24:58.037+0000] {dag.py:3096} INFO - Sync 1 DAGs
[2024-05-10T07:24:58.055+0000] {logging_mixin.py:188} INFO - [2024-05-10T07:24:58.055+0000] {dag.py:3954} INFO - Setting next_dagrun for example_trigger_controller_dag to 2021-01-01 00:00:00+00:00, run_after=2021-01-01 00:00:00+00:00
[2024-05-10T07:24:58.074+0000] {processor.py:183} INFO - Processing /home/airflow/.local/lib/python3.12/site-packages/airflow/example_dags/example_trigger_controller_dag.py took 0.061 seconds
[2024-05-10T07:25:28.715+0000] {processor.py:161} INFO - Started process (PID=406) to work on /home/airflow/.local/lib/python3.12/site-packages/airflow/example_dags/example_trigger_controller_dag.py
[2024-05-10T07:25:28.716+0000] {processor.py:830} INFO - Processing file /home/airflow/.local/lib/python3.12/site-packages/airflow/example_dags/example_trigger_controller_dag.py for tasks to queue
[2024-05-10T07:25:28.717+0000] {logging_mixin.py:188} INFO - [2024-05-10T07:25:28.717+0000] {dagbag.py:540} INFO - Filling up the DagBag from /home/airflow/.local/lib/python3.12/site-packages/airflow/example_dags/example_trigger_controller_dag.py
[2024-05-10T07:25:28.720+0000] {processor.py:840} INFO - DAG(s) 'example_trigger_controller_dag' retrieved from /home/airflow/.local/lib/python3.12/site-packages/airflow/example_dags/example_trigger_controller_dag.py
[2024-05-10T07:25:28.735+0000] {logging_mixin.py:188} INFO - [2024-05-10T07:25:28.735+0000] {dag.py:3096} INFO - Sync 1 DAGs
[2024-05-10T07:25:28.752+0000] {logging_mixin.py:188} INFO - [2024-05-10T07:25:28.751+0000] {dag.py:3954} INFO - Setting next_dagrun for example_trigger_controller_dag to 2021-01-01 00:00:00+00:00, run_after=2021-01-01 00:00:00+00:00
[2024-05-10T07:25:28.773+0000] {processor.py:183} INFO - Processing /home/airflow/.local/lib/python3.12/site-packages/airflow/example_dags/example_trigger_controller_dag.py took 0.064 seconds
[2024-05-10T07:25:59.692+0000] {processor.py:161} INFO - Started process (PID=464) to work on /home/airflow/.local/lib/python3.12/site-packages/airflow/example_dags/example_trigger_controller_dag.py
[2024-05-10T07:25:59.692+0000] {processor.py:830} INFO - Processing file /home/airflow/.local/lib/python3.12/site-packages/airflow/example_dags/example_trigger_controller_dag.py for tasks to queue
[2024-05-10T07:25:59.694+0000] {logging_mixin.py:188} INFO - [2024-05-10T07:25:59.694+0000] {dagbag.py:540} INFO - Filling up the DagBag from /home/airflow/.local/lib/python3.12/site-packages/airflow/example_dags/example_trigger_controller_dag.py
[2024-05-10T07:25:59.697+0000] {processor.py:840} INFO - DAG(s) 'example_trigger_controller_dag' retrieved from /home/airflow/.local/lib/python3.12/site-packages/airflow/example_dags/example_trigger_controller_dag.py
[2024-05-10T07:25:59.712+0000] {logging_mixin.py:188} INFO - [2024-05-10T07:25:59.712+0000] {dag.py:3096} INFO - Sync 1 DAGs
[2024-05-10T07:25:59.728+0000] {logging_mixin.py:188} INFO - [2024-05-10T07:25:59.728+0000] {dag.py:3954} INFO - Setting next_dagrun for example_trigger_controller_dag to 2021-01-01 00:00:00+00:00, run_after=2021-01-01 00:00:00+00:00
[2024-05-10T07:25:59.751+0000] {processor.py:183} INFO - Processing /home/airflow/.local/lib/python3.12/site-packages/airflow/example_dags/example_trigger_controller_dag.py took 0.064 seconds
[2024-05-10T07:26:30.170+0000] {processor.py:161} INFO - Started process (PID=522) to work on /home/airflow/.local/lib/python3.12/site-packages/airflow/example_dags/example_trigger_controller_dag.py
[2024-05-10T07:26:30.171+0000] {processor.py:830} INFO - Processing file /home/airflow/.local/lib/python3.12/site-packages/airflow/example_dags/example_trigger_controller_dag.py for tasks to queue
[2024-05-10T07:26:30.172+0000] {logging_mixin.py:188} INFO - [2024-05-10T07:26:30.172+0000] {dagbag.py:540} INFO - Filling up the DagBag from /home/airflow/.local/lib/python3.12/site-packages/airflow/example_dags/example_trigger_controller_dag.py
[2024-05-10T07:26:30.176+0000] {processor.py:840} INFO - DAG(s) 'example_trigger_controller_dag' retrieved from /home/airflow/.local/lib/python3.12/site-packages/airflow/example_dags/example_trigger_controller_dag.py
[2024-05-10T07:26:30.190+0000] {logging_mixin.py:188} INFO - [2024-05-10T07:26:30.190+0000] {dag.py:3096} INFO - Sync 1 DAGs
[2024-05-10T07:26:30.206+0000] {logging_mixin.py:188} INFO - [2024-05-10T07:26:30.206+0000] {dag.py:3954} INFO - Setting next_dagrun for example_trigger_controller_dag to 2021-01-01 00:00:00+00:00, run_after=2021-01-01 00:00:00+00:00
[2024-05-10T07:26:30.228+0000] {processor.py:183} INFO - Processing /home/airflow/.local/lib/python3.12/site-packages/airflow/example_dags/example_trigger_controller_dag.py took 0.063 seconds
[2024-05-10T07:27:00.738+0000] {processor.py:161} INFO - Started process (PID=580) to work on /home/airflow/.local/lib/python3.12/site-packages/airflow/example_dags/example_trigger_controller_dag.py
[2024-05-10T07:27:00.738+0000] {processor.py:830} INFO - Processing file /home/airflow/.local/lib/python3.12/site-packages/airflow/example_dags/example_trigger_controller_dag.py for tasks to queue
[2024-05-10T07:27:00.739+0000] {logging_mixin.py:188} INFO - [2024-05-10T07:27:00.739+0000] {dagbag.py:540} INFO - Filling up the DagBag from /home/airflow/.local/lib/python3.12/site-packages/airflow/example_dags/example_trigger_controller_dag.py
[2024-05-10T07:27:00.743+0000] {processor.py:840} INFO - DAG(s) 'example_trigger_controller_dag' retrieved from /home/airflow/.local/lib/python3.12/site-packages/airflow/example_dags/example_trigger_controller_dag.py
[2024-05-10T07:27:00.758+0000] {logging_mixin.py:188} INFO - [2024-05-10T07:27:00.758+0000] {dag.py:3096} INFO - Sync 1 DAGs
[2024-05-10T07:27:00.774+0000] {logging_mixin.py:188} INFO - [2024-05-10T07:27:00.774+0000] {dag.py:3954} INFO - Setting next_dagrun for example_trigger_controller_dag to 2021-01-01 00:00:00+00:00, run_after=2021-01-01 00:00:00+00:00
[2024-05-10T07:27:00.797+0000] {processor.py:183} INFO - Processing /home/airflow/.local/lib/python3.12/site-packages/airflow/example_dags/example_trigger_controller_dag.py took 0.063 seconds
[2024-05-10T07:27:31.279+0000] {processor.py:161} INFO - Started process (PID=638) to work on /home/airflow/.local/lib/python3.12/site-packages/airflow/example_dags/example_trigger_controller_dag.py
[2024-05-10T07:27:31.280+0000] {processor.py:830} INFO - Processing file /home/airflow/.local/lib/python3.12/site-packages/airflow/example_dags/example_trigger_controller_dag.py for tasks to queue
[2024-05-10T07:27:31.281+0000] {logging_mixin.py:188} INFO - [2024-05-10T07:27:31.281+0000] {dagbag.py:540} INFO - Filling up the DagBag from /home/airflow/.local/lib/python3.12/site-packages/airflow/example_dags/example_trigger_controller_dag.py
[2024-05-10T07:27:31.284+0000] {processor.py:840} INFO - DAG(s) 'example_trigger_controller_dag' retrieved from /home/airflow/.local/lib/python3.12/site-packages/airflow/example_dags/example_trigger_controller_dag.py
[2024-05-10T07:27:31.299+0000] {logging_mixin.py:188} INFO - [2024-05-10T07:27:31.299+0000] {dag.py:3096} INFO - Sync 1 DAGs
[2024-05-10T07:27:31.316+0000] {logging_mixin.py:188} INFO - [2024-05-10T07:27:31.316+0000] {dag.py:3954} INFO - Setting next_dagrun for example_trigger_controller_dag to 2021-01-01 00:00:00+00:00, run_after=2021-01-01 00:00:00+00:00
[2024-05-10T07:27:31.341+0000] {processor.py:183} INFO - Processing /home/airflow/.local/lib/python3.12/site-packages/airflow/example_dags/example_trigger_controller_dag.py took 0.067 seconds
[2024-05-10T07:28:02.332+0000] {processor.py:161} INFO - Started process (PID=696) to work on /home/airflow/.local/lib/python3.12/site-packages/airflow/example_dags/example_trigger_controller_dag.py
[2024-05-10T07:28:02.333+0000] {processor.py:830} INFO - Processing file /home/airflow/.local/lib/python3.12/site-packages/airflow/example_dags/example_trigger_controller_dag.py for tasks to queue
[2024-05-10T07:28:02.334+0000] {logging_mixin.py:188} INFO - [2024-05-10T07:28:02.334+0000] {dagbag.py:540} INFO - Filling up the DagBag from /home/airflow/.local/lib/python3.12/site-packages/airflow/example_dags/example_trigger_controller_dag.py
[2024-05-10T07:28:02.356+0000] {processor.py:840} INFO - DAG(s) 'example_trigger_controller_dag' retrieved from /home/airflow/.local/lib/python3.12/site-packages/airflow/example_dags/example_trigger_controller_dag.py
[2024-05-10T07:28:02.395+0000] {logging_mixin.py:188} INFO - [2024-05-10T07:28:02.395+0000] {dag.py:3096} INFO - Sync 1 DAGs
[2024-05-10T07:28:02.436+0000] {logging_mixin.py:188} INFO - [2024-05-10T07:28:02.436+0000] {dag.py:3954} INFO - Setting next_dagrun for example_trigger_controller_dag to 2021-01-01 00:00:00+00:00, run_after=2021-01-01 00:00:00+00:00
[2024-05-10T07:28:02.486+0000] {processor.py:183} INFO - Processing /home/airflow/.local/lib/python3.12/site-packages/airflow/example_dags/example_trigger_controller_dag.py took 0.163 seconds
[2024-05-10T07:28:33.371+0000] {processor.py:161} INFO - Started process (PID=754) to work on /home/airflow/.local/lib/python3.12/site-packages/airflow/example_dags/example_trigger_controller_dag.py
[2024-05-10T07:28:33.379+0000] {processor.py:830} INFO - Processing file /home/airflow/.local/lib/python3.12/site-packages/airflow/example_dags/example_trigger_controller_dag.py for tasks to queue
[2024-05-10T07:28:33.381+0000] {logging_mixin.py:188} INFO - [2024-05-10T07:28:33.380+0000] {dagbag.py:540} INFO - Filling up the DagBag from /home/airflow/.local/lib/python3.12/site-packages/airflow/example_dags/example_trigger_controller_dag.py
[2024-05-10T07:28:33.385+0000] {processor.py:840} INFO - DAG(s) 'example_trigger_controller_dag' retrieved from /home/airflow/.local/lib/python3.12/site-packages/airflow/example_dags/example_trigger_controller_dag.py
[2024-05-10T07:28:33.416+0000] {logging_mixin.py:188} INFO - [2024-05-10T07:28:33.416+0000] {dag.py:3096} INFO - Sync 1 DAGs
[2024-05-10T07:28:33.446+0000] {logging_mixin.py:188} INFO - [2024-05-10T07:28:33.446+0000] {dag.py:3954} INFO - Setting next_dagrun for example_trigger_controller_dag to 2021-01-01 00:00:00+00:00, run_after=2021-01-01 00:00:00+00:00
[2024-05-10T07:28:33.511+0000] {processor.py:183} INFO - Processing /home/airflow/.local/lib/python3.12/site-packages/airflow/example_dags/example_trigger_controller_dag.py took 0.148 seconds
[2024-05-10T07:29:03.739+0000] {processor.py:161} INFO - Started process (PID=812) to work on /home/airflow/.local/lib/python3.12/site-packages/airflow/example_dags/example_trigger_controller_dag.py
[2024-05-10T07:29:03.740+0000] {processor.py:830} INFO - Processing file /home/airflow/.local/lib/python3.12/site-packages/airflow/example_dags/example_trigger_controller_dag.py for tasks to queue
[2024-05-10T07:29:03.741+0000] {logging_mixin.py:188} INFO - [2024-05-10T07:29:03.741+0000] {dagbag.py:540} INFO - Filling up the DagBag from /home/airflow/.local/lib/python3.12/site-packages/airflow/example_dags/example_trigger_controller_dag.py
[2024-05-10T07:29:03.745+0000] {processor.py:840} INFO - DAG(s) 'example_trigger_controller_dag' retrieved from /home/airflow/.local/lib/python3.12/site-packages/airflow/example_dags/example_trigger_controller_dag.py
[2024-05-10T07:29:03.763+0000] {logging_mixin.py:188} INFO - [2024-05-10T07:29:03.762+0000] {dag.py:3096} INFO - Sync 1 DAGs
[2024-05-10T07:29:03.783+0000] {logging_mixin.py:188} INFO - [2024-05-10T07:29:03.783+0000] {dag.py:3954} INFO - Setting next_dagrun for example_trigger_controller_dag to 2021-01-01 00:00:00+00:00, run_after=2021-01-01 00:00:00+00:00
[2024-05-10T07:29:03.819+0000] {processor.py:183} INFO - Processing /home/airflow/.local/lib/python3.12/site-packages/airflow/example_dags/example_trigger_controller_dag.py took 0.085 seconds
[2024-05-10T07:29:34.081+0000] {processor.py:161} INFO - Started process (PID=870) to work on /home/airflow/.local/lib/python3.12/site-packages/airflow/example_dags/example_trigger_controller_dag.py
[2024-05-10T07:29:34.082+0000] {processor.py:830} INFO - Processing file /home/airflow/.local/lib/python3.12/site-packages/airflow/example_dags/example_trigger_controller_dag.py for tasks to queue
[2024-05-10T07:29:34.083+0000] {logging_mixin.py:188} INFO - [2024-05-10T07:29:34.083+0000] {dagbag.py:540} INFO - Filling up the DagBag from /home/airflow/.local/lib/python3.12/site-packages/airflow/example_dags/example_trigger_controller_dag.py
[2024-05-10T07:29:34.087+0000] {processor.py:840} INFO - DAG(s) 'example_trigger_controller_dag' retrieved from /home/airflow/.local/lib/python3.12/site-packages/airflow/example_dags/example_trigger_controller_dag.py
[2024-05-10T07:29:34.101+0000] {logging_mixin.py:188} INFO - [2024-05-10T07:29:34.101+0000] {dag.py:3096} INFO - Sync 1 DAGs
[2024-05-10T07:29:34.118+0000] {logging_mixin.py:188} INFO - [2024-05-10T07:29:34.118+0000] {dag.py:3954} INFO - Setting next_dagrun for example_trigger_controller_dag to 2021-01-01 00:00:00+00:00, run_after=2021-01-01 00:00:00+00:00
[2024-05-10T07:29:34.141+0000] {processor.py:183} INFO - Processing /home/airflow/.local/lib/python3.12/site-packages/airflow/example_dags/example_trigger_controller_dag.py took 0.064 seconds
[2024-05-10T07:30:04.715+0000] {processor.py:161} INFO - Started process (PID=928) to work on /home/airflow/.local/lib/python3.12/site-packages/airflow/example_dags/example_trigger_controller_dag.py
[2024-05-10T07:30:04.716+0000] {processor.py:830} INFO - Processing file /home/airflow/.local/lib/python3.12/site-packages/airflow/example_dags/example_trigger_controller_dag.py for tasks to queue
[2024-05-10T07:30:04.717+0000] {logging_mixin.py:188} INFO - [2024-05-10T07:30:04.717+0000] {dagbag.py:540} INFO - Filling up the DagBag from /home/airflow/.local/lib/python3.12/site-packages/airflow/example_dags/example_trigger_controller_dag.py
[2024-05-10T07:30:04.721+0000] {processor.py:840} INFO - DAG(s) 'example_trigger_controller_dag' retrieved from /home/airflow/.local/lib/python3.12/site-packages/airflow/example_dags/example_trigger_controller_dag.py
[2024-05-10T07:30:04.736+0000] {logging_mixin.py:188} INFO - [2024-05-10T07:30:04.736+0000] {dag.py:3096} INFO - Sync 1 DAGs
[2024-05-10T07:30:04.753+0000] {logging_mixin.py:188} INFO - [2024-05-10T07:30:04.753+0000] {dag.py:3954} INFO - Setting next_dagrun for example_trigger_controller_dag to 2021-01-01 00:00:00+00:00, run_after=2021-01-01 00:00:00+00:00
[2024-05-10T07:30:04.818+0000] {processor.py:183} INFO - Processing /home/airflow/.local/lib/python3.12/site-packages/airflow/example_dags/example_trigger_controller_dag.py took 0.107 seconds
[2024-05-10T07:30:35.368+0000] {processor.py:161} INFO - Started process (PID=987) to work on /home/airflow/.local/lib/python3.12/site-packages/airflow/example_dags/example_trigger_controller_dag.py
[2024-05-10T07:30:35.368+0000] {processor.py:830} INFO - Processing file /home/airflow/.local/lib/python3.12/site-packages/airflow/example_dags/example_trigger_controller_dag.py for tasks to queue
[2024-05-10T07:30:35.370+0000] {logging_mixin.py:188} INFO - [2024-05-10T07:30:35.369+0000] {dagbag.py:540} INFO - Filling up the DagBag from /home/airflow/.local/lib/python3.12/site-packages/airflow/example_dags/example_trigger_controller_dag.py
[2024-05-10T07:30:35.373+0000] {processor.py:840} INFO - DAG(s) 'example_trigger_controller_dag' retrieved from /home/airflow/.local/lib/python3.12/site-packages/airflow/example_dags/example_trigger_controller_dag.py
[2024-05-10T07:30:35.388+0000] {logging_mixin.py:188} INFO - [2024-05-10T07:30:35.388+0000] {dag.py:3096} INFO - Sync 1 DAGs
[2024-05-10T07:30:35.502+0000] {logging_mixin.py:188} INFO - [2024-05-10T07:30:35.501+0000] {dag.py:3954} INFO - Setting next_dagrun for example_trigger_controller_dag to 2021-01-01 00:00:00+00:00, run_after=2021-01-01 00:00:00+00:00
[2024-05-10T07:30:35.518+0000] {processor.py:183} INFO - Processing /home/airflow/.local/lib/python3.12/site-packages/airflow/example_dags/example_trigger_controller_dag.py took 0.156 seconds
[2024-05-10T07:31:06.275+0000] {processor.py:161} INFO - Started process (PID=1045) to work on /home/airflow/.local/lib/python3.12/site-packages/airflow/example_dags/example_trigger_controller_dag.py
[2024-05-10T07:31:06.276+0000] {processor.py:830} INFO - Processing file /home/airflow/.local/lib/python3.12/site-packages/airflow/example_dags/example_trigger_controller_dag.py for tasks to queue
[2024-05-10T07:31:06.277+0000] {logging_mixin.py:188} INFO - [2024-05-10T07:31:06.277+0000] {dagbag.py:540} INFO - Filling up the DagBag from /home/airflow/.local/lib/python3.12/site-packages/airflow/example_dags/example_trigger_controller_dag.py
[2024-05-10T07:31:06.281+0000] {processor.py:840} INFO - DAG(s) 'example_trigger_controller_dag' retrieved from /home/airflow/.local/lib/python3.12/site-packages/airflow/example_dags/example_trigger_controller_dag.py
[2024-05-10T07:31:06.300+0000] {logging_mixin.py:188} INFO - [2024-05-10T07:31:06.300+0000] {dag.py:3096} INFO - Sync 1 DAGs
[2024-05-10T07:31:06.317+0000] {logging_mixin.py:188} INFO - [2024-05-10T07:31:06.317+0000] {dag.py:3954} INFO - Setting next_dagrun for example_trigger_controller_dag to 2021-01-01 00:00:00+00:00, run_after=2021-01-01 00:00:00+00:00
[2024-05-10T07:31:06.447+0000] {processor.py:183} INFO - Processing /home/airflow/.local/lib/python3.12/site-packages/airflow/example_dags/example_trigger_controller_dag.py took 0.176 seconds
[2024-05-10T07:31:36.544+0000] {processor.py:161} INFO - Started process (PID=1103) to work on /home/airflow/.local/lib/python3.12/site-packages/airflow/example_dags/example_trigger_controller_dag.py
[2024-05-10T07:31:36.545+0000] {processor.py:830} INFO - Processing file /home/airflow/.local/lib/python3.12/site-packages/airflow/example_dags/example_trigger_controller_dag.py for tasks to queue
[2024-05-10T07:31:36.548+0000] {logging_mixin.py:188} INFO - [2024-05-10T07:31:36.547+0000] {dagbag.py:540} INFO - Filling up the DagBag from /home/airflow/.local/lib/python3.12/site-packages/airflow/example_dags/example_trigger_controller_dag.py
[2024-05-10T07:31:36.552+0000] {processor.py:840} INFO - DAG(s) 'example_trigger_controller_dag' retrieved from /home/airflow/.local/lib/python3.12/site-packages/airflow/example_dags/example_trigger_controller_dag.py
[2024-05-10T07:31:36.567+0000] {logging_mixin.py:188} INFO - [2024-05-10T07:31:36.567+0000] {dag.py:3096} INFO - Sync 1 DAGs
[2024-05-10T07:31:36.584+0000] {logging_mixin.py:188} INFO - [2024-05-10T07:31:36.584+0000] {dag.py:3954} INFO - Setting next_dagrun for example_trigger_controller_dag to 2021-01-01 00:00:00+00:00, run_after=2021-01-01 00:00:00+00:00
[2024-05-10T07:31:36.626+0000] {processor.py:183} INFO - Processing /home/airflow/.local/lib/python3.12/site-packages/airflow/example_dags/example_trigger_controller_dag.py took 0.089 seconds
[2024-05-10T07:32:07.485+0000] {processor.py:161} INFO - Started process (PID=1161) to work on /home/airflow/.local/lib/python3.12/site-packages/airflow/example_dags/example_trigger_controller_dag.py
[2024-05-10T07:32:07.486+0000] {processor.py:830} INFO - Processing file /home/airflow/.local/lib/python3.12/site-packages/airflow/example_dags/example_trigger_controller_dag.py for tasks to queue
[2024-05-10T07:32:07.488+0000] {logging_mixin.py:188} INFO - [2024-05-10T07:32:07.487+0000] {dagbag.py:540} INFO - Filling up the DagBag from /home/airflow/.local/lib/python3.12/site-packages/airflow/example_dags/example_trigger_controller_dag.py
[2024-05-10T07:32:07.492+0000] {processor.py:840} INFO - DAG(s) 'example_trigger_controller_dag' retrieved from /home/airflow/.local/lib/python3.12/site-packages/airflow/example_dags/example_trigger_controller_dag.py
[2024-05-10T07:32:07.508+0000] {logging_mixin.py:188} INFO - [2024-05-10T07:32:07.508+0000] {dag.py:3096} INFO - Sync 1 DAGs
[2024-05-10T07:32:07.525+0000] {logging_mixin.py:188} INFO - [2024-05-10T07:32:07.524+0000] {dag.py:3954} INFO - Setting next_dagrun for example_trigger_controller_dag to 2021-01-01 00:00:00+00:00, run_after=2021-01-01 00:00:00+00:00
[2024-05-10T07:32:07.541+0000] {processor.py:183} INFO - Processing /home/airflow/.local/lib/python3.12/site-packages/airflow/example_dags/example_trigger_controller_dag.py took 0.064 seconds
[2024-05-10T07:32:38.005+0000] {processor.py:161} INFO - Started process (PID=1220) to work on /home/airflow/.local/lib/python3.12/site-packages/airflow/example_dags/example_trigger_controller_dag.py
[2024-05-10T07:32:38.005+0000] {processor.py:830} INFO - Processing file /home/airflow/.local/lib/python3.12/site-packages/airflow/example_dags/example_trigger_controller_dag.py for tasks to queue
[2024-05-10T07:32:38.007+0000] {logging_mixin.py:188} INFO - [2024-05-10T07:32:38.006+0000] {dagbag.py:540} INFO - Filling up the DagBag from /home/airflow/.local/lib/python3.12/site-packages/airflow/example_dags/example_trigger_controller_dag.py
[2024-05-10T07:32:38.011+0000] {processor.py:840} INFO - DAG(s) 'example_trigger_controller_dag' retrieved from /home/airflow/.local/lib/python3.12/site-packages/airflow/example_dags/example_trigger_controller_dag.py
[2024-05-10T07:32:38.026+0000] {logging_mixin.py:188} INFO - [2024-05-10T07:32:38.025+0000] {dag.py:3096} INFO - Sync 1 DAGs
[2024-05-10T07:32:38.042+0000] {logging_mixin.py:188} INFO - [2024-05-10T07:32:38.042+0000] {dag.py:3954} INFO - Setting next_dagrun for example_trigger_controller_dag to 2021-01-01 00:00:00+00:00, run_after=2021-01-01 00:00:00+00:00
[2024-05-10T07:32:38.062+0000] {processor.py:183} INFO - Processing /home/airflow/.local/lib/python3.12/site-packages/airflow/example_dags/example_trigger_controller_dag.py took 0.064 seconds
[2024-05-10T07:33:08.799+0000] {processor.py:161} INFO - Started process (PID=1278) to work on /home/airflow/.local/lib/python3.12/site-packages/airflow/example_dags/example_trigger_controller_dag.py
[2024-05-10T07:33:08.800+0000] {processor.py:830} INFO - Processing file /home/airflow/.local/lib/python3.12/site-packages/airflow/example_dags/example_trigger_controller_dag.py for tasks to queue
[2024-05-10T07:33:08.802+0000] {logging_mixin.py:188} INFO - [2024-05-10T07:33:08.802+0000] {dagbag.py:540} INFO - Filling up the DagBag from /home/airflow/.local/lib/python3.12/site-packages/airflow/example_dags/example_trigger_controller_dag.py
[2024-05-10T07:33:08.807+0000] {processor.py:840} INFO - DAG(s) 'example_trigger_controller_dag' retrieved from /home/airflow/.local/lib/python3.12/site-packages/airflow/example_dags/example_trigger_controller_dag.py
[2024-05-10T07:33:08.846+0000] {logging_mixin.py:188} INFO - [2024-05-10T07:33:08.846+0000] {dag.py:3096} INFO - Sync 1 DAGs
[2024-05-10T07:33:08.875+0000] {logging_mixin.py:188} INFO - [2024-05-10T07:33:08.875+0000] {dag.py:3954} INFO - Setting next_dagrun for example_trigger_controller_dag to 2021-01-01 00:00:00+00:00, run_after=2021-01-01 00:00:00+00:00
[2024-05-10T07:33:08.896+0000] {processor.py:183} INFO - Processing /home/airflow/.local/lib/python3.12/site-packages/airflow/example_dags/example_trigger_controller_dag.py took 0.106 seconds
[2024-05-10T07:33:39.351+0000] {processor.py:161} INFO - Started process (PID=1344) to work on /home/airflow/.local/lib/python3.12/site-packages/airflow/example_dags/example_trigger_controller_dag.py
[2024-05-10T07:33:39.351+0000] {processor.py:830} INFO - Processing file /home/airflow/.local/lib/python3.12/site-packages/airflow/example_dags/example_trigger_controller_dag.py for tasks to queue
[2024-05-10T07:33:39.353+0000] {logging_mixin.py:188} INFO - [2024-05-10T07:33:39.352+0000] {dagbag.py:540} INFO - Filling up the DagBag from /home/airflow/.local/lib/python3.12/site-packages/airflow/example_dags/example_trigger_controller_dag.py
[2024-05-10T07:33:39.357+0000] {processor.py:840} INFO - DAG(s) 'example_trigger_controller_dag' retrieved from /home/airflow/.local/lib/python3.12/site-packages/airflow/example_dags/example_trigger_controller_dag.py
[2024-05-10T07:33:39.373+0000] {logging_mixin.py:188} INFO - [2024-05-10T07:33:39.373+0000] {dag.py:3096} INFO - Sync 1 DAGs
[2024-05-10T07:33:39.392+0000] {logging_mixin.py:188} INFO - [2024-05-10T07:33:39.392+0000] {dag.py:3954} INFO - Setting next_dagrun for example_trigger_controller_dag to 2021-01-01 00:00:00+00:00, run_after=2021-01-01 00:00:00+00:00
[2024-05-10T07:33:39.418+0000] {processor.py:183} INFO - Processing /home/airflow/.local/lib/python3.12/site-packages/airflow/example_dags/example_trigger_controller_dag.py took 0.074 seconds
[2024-05-10T07:34:10.044+0000] {processor.py:161} INFO - Started process (PID=1404) to work on /home/airflow/.local/lib/python3.12/site-packages/airflow/example_dags/example_trigger_controller_dag.py
[2024-05-10T07:34:10.045+0000] {processor.py:830} INFO - Processing file /home/airflow/.local/lib/python3.12/site-packages/airflow/example_dags/example_trigger_controller_dag.py for tasks to queue
[2024-05-10T07:34:10.046+0000] {logging_mixin.py:188} INFO - [2024-05-10T07:34:10.046+0000] {dagbag.py:540} INFO - Filling up the DagBag from /home/airflow/.local/lib/python3.12/site-packages/airflow/example_dags/example_trigger_controller_dag.py
[2024-05-10T07:34:10.051+0000] {processor.py:840} INFO - DAG(s) 'example_trigger_controller_dag' retrieved from /home/airflow/.local/lib/python3.12/site-packages/airflow/example_dags/example_trigger_controller_dag.py
[2024-05-10T07:34:10.068+0000] {logging_mixin.py:188} INFO - [2024-05-10T07:34:10.068+0000] {dag.py:3096} INFO - Sync 1 DAGs
[2024-05-10T07:34:10.086+0000] {logging_mixin.py:188} INFO - [2024-05-10T07:34:10.086+0000] {dag.py:3954} INFO - Setting next_dagrun for example_trigger_controller_dag to 2021-01-01 00:00:00+00:00, run_after=2021-01-01 00:00:00+00:00
[2024-05-10T07:34:10.121+0000] {processor.py:183} INFO - Processing /home/airflow/.local/lib/python3.12/site-packages/airflow/example_dags/example_trigger_controller_dag.py took 0.085 seconds
[2024-05-10T07:34:40.721+0000] {processor.py:161} INFO - Started process (PID=1463) to work on /home/airflow/.local/lib/python3.12/site-packages/airflow/example_dags/example_trigger_controller_dag.py
[2024-05-10T07:34:40.722+0000] {processor.py:830} INFO - Processing file /home/airflow/.local/lib/python3.12/site-packages/airflow/example_dags/example_trigger_controller_dag.py for tasks to queue
[2024-05-10T07:34:40.723+0000] {logging_mixin.py:188} INFO - [2024-05-10T07:34:40.723+0000] {dagbag.py:540} INFO - Filling up the DagBag from /home/airflow/.local/lib/python3.12/site-packages/airflow/example_dags/example_trigger_controller_dag.py
[2024-05-10T07:34:40.727+0000] {processor.py:840} INFO - DAG(s) 'example_trigger_controller_dag' retrieved from /home/airflow/.local/lib/python3.12/site-packages/airflow/example_dags/example_trigger_controller_dag.py
[2024-05-10T07:34:40.742+0000] {logging_mixin.py:188} INFO - [2024-05-10T07:34:40.742+0000] {dag.py:3096} INFO - Sync 1 DAGs
[2024-05-10T07:34:40.759+0000] {logging_mixin.py:188} INFO - [2024-05-10T07:34:40.759+0000] {dag.py:3954} INFO - Setting next_dagrun for example_trigger_controller_dag to 2021-01-01 00:00:00+00:00, run_after=2021-01-01 00:00:00+00:00
[2024-05-10T07:34:40.785+0000] {processor.py:183} INFO - Processing /home/airflow/.local/lib/python3.12/site-packages/airflow/example_dags/example_trigger_controller_dag.py took 0.070 seconds
[2024-05-10T07:35:11.388+0000] {processor.py:161} INFO - Started process (PID=1522) to work on /home/airflow/.local/lib/python3.12/site-packages/airflow/example_dags/example_trigger_controller_dag.py
[2024-05-10T07:35:11.388+0000] {processor.py:830} INFO - Processing file /home/airflow/.local/lib/python3.12/site-packages/airflow/example_dags/example_trigger_controller_dag.py for tasks to queue
[2024-05-10T07:35:11.390+0000] {logging_mixin.py:188} INFO - [2024-05-10T07:35:11.390+0000] {dagbag.py:540} INFO - Filling up the DagBag from /home/airflow/.local/lib/python3.12/site-packages/airflow/example_dags/example_trigger_controller_dag.py
[2024-05-10T07:35:11.394+0000] {processor.py:840} INFO - DAG(s) 'example_trigger_controller_dag' retrieved from /home/airflow/.local/lib/python3.12/site-packages/airflow/example_dags/example_trigger_controller_dag.py
[2024-05-10T07:35:11.410+0000] {logging_mixin.py:188} INFO - [2024-05-10T07:35:11.410+0000] {dag.py:3096} INFO - Sync 1 DAGs
[2024-05-10T07:35:11.428+0000] {logging_mixin.py:188} INFO - [2024-05-10T07:35:11.428+0000] {dag.py:3954} INFO - Setting next_dagrun for example_trigger_controller_dag to 2021-01-01 00:00:00+00:00, run_after=2021-01-01 00:00:00+00:00
[2024-05-10T07:35:11.478+0000] {processor.py:183} INFO - Processing /home/airflow/.local/lib/python3.12/site-packages/airflow/example_dags/example_trigger_controller_dag.py took 0.095 seconds
[2024-05-10T07:35:42.325+0000] {processor.py:161} INFO - Started process (PID=1581) to work on /home/airflow/.local/lib/python3.12/site-packages/airflow/example_dags/example_trigger_controller_dag.py
[2024-05-10T07:35:42.327+0000] {processor.py:830} INFO - Processing file /home/airflow/.local/lib/python3.12/site-packages/airflow/example_dags/example_trigger_controller_dag.py for tasks to queue
[2024-05-10T07:35:42.330+0000] {logging_mixin.py:188} INFO - [2024-05-10T07:35:42.329+0000] {dagbag.py:540} INFO - Filling up the DagBag from /home/airflow/.local/lib/python3.12/site-packages/airflow/example_dags/example_trigger_controller_dag.py
[2024-05-10T07:35:42.337+0000] {processor.py:840} INFO - DAG(s) 'example_trigger_controller_dag' retrieved from /home/airflow/.local/lib/python3.12/site-packages/airflow/example_dags/example_trigger_controller_dag.py
[2024-05-10T07:35:42.360+0000] {logging_mixin.py:188} INFO - [2024-05-10T07:35:42.360+0000] {dag.py:3096} INFO - Sync 1 DAGs
[2024-05-10T07:35:42.387+0000] {logging_mixin.py:188} INFO - [2024-05-10T07:35:42.386+0000] {dag.py:3954} INFO - Setting next_dagrun for example_trigger_controller_dag to 2021-01-01 00:00:00+00:00, run_after=2021-01-01 00:00:00+00:00
[2024-05-10T07:35:42.422+0000] {processor.py:183} INFO - Processing /home/airflow/.local/lib/python3.12/site-packages/airflow/example_dags/example_trigger_controller_dag.py took 0.113 seconds
[2024-05-10T07:36:12.722+0000] {processor.py:161} INFO - Started process (PID=1640) to work on /home/airflow/.local/lib/python3.12/site-packages/airflow/example_dags/example_trigger_controller_dag.py
[2024-05-10T07:36:12.722+0000] {processor.py:830} INFO - Processing file /home/airflow/.local/lib/python3.12/site-packages/airflow/example_dags/example_trigger_controller_dag.py for tasks to queue
[2024-05-10T07:36:12.724+0000] {logging_mixin.py:188} INFO - [2024-05-10T07:36:12.724+0000] {dagbag.py:540} INFO - Filling up the DagBag from /home/airflow/.local/lib/python3.12/site-packages/airflow/example_dags/example_trigger_controller_dag.py
[2024-05-10T07:36:12.728+0000] {processor.py:840} INFO - DAG(s) 'example_trigger_controller_dag' retrieved from /home/airflow/.local/lib/python3.12/site-packages/airflow/example_dags/example_trigger_controller_dag.py
[2024-05-10T07:36:12.744+0000] {logging_mixin.py:188} INFO - [2024-05-10T07:36:12.744+0000] {dag.py:3096} INFO - Sync 1 DAGs
[2024-05-10T07:36:12.762+0000] {logging_mixin.py:188} INFO - [2024-05-10T07:36:12.762+0000] {dag.py:3954} INFO - Setting next_dagrun for example_trigger_controller_dag to 2021-01-01 00:00:00+00:00, run_after=2021-01-01 00:00:00+00:00
[2024-05-10T07:36:12.784+0000] {processor.py:183} INFO - Processing /home/airflow/.local/lib/python3.12/site-packages/airflow/example_dags/example_trigger_controller_dag.py took 0.070 seconds
[2024-05-10T07:36:42.923+0000] {processor.py:161} INFO - Started process (PID=1698) to work on /home/airflow/.local/lib/python3.12/site-packages/airflow/example_dags/example_trigger_controller_dag.py
[2024-05-10T07:36:42.923+0000] {processor.py:830} INFO - Processing file /home/airflow/.local/lib/python3.12/site-packages/airflow/example_dags/example_trigger_controller_dag.py for tasks to queue
[2024-05-10T07:36:42.925+0000] {logging_mixin.py:188} INFO - [2024-05-10T07:36:42.924+0000] {dagbag.py:540} INFO - Filling up the DagBag from /home/airflow/.local/lib/python3.12/site-packages/airflow/example_dags/example_trigger_controller_dag.py
[2024-05-10T07:36:42.928+0000] {processor.py:840} INFO - DAG(s) 'example_trigger_controller_dag' retrieved from /home/airflow/.local/lib/python3.12/site-packages/airflow/example_dags/example_trigger_controller_dag.py
[2024-05-10T07:36:42.944+0000] {logging_mixin.py:188} INFO - [2024-05-10T07:36:42.943+0000] {dag.py:3096} INFO - Sync 1 DAGs
[2024-05-10T07:36:42.962+0000] {logging_mixin.py:188} INFO - [2024-05-10T07:36:42.962+0000] {dag.py:3954} INFO - Setting next_dagrun for example_trigger_controller_dag to 2021-01-01 00:00:00+00:00, run_after=2021-01-01 00:00:00+00:00
[2024-05-10T07:36:42.985+0000] {processor.py:183} INFO - Processing /home/airflow/.local/lib/python3.12/site-packages/airflow/example_dags/example_trigger_controller_dag.py took 0.067 seconds
[2024-05-10T07:37:13.927+0000] {processor.py:161} INFO - Started process (PID=1757) to work on /home/airflow/.local/lib/python3.12/site-packages/airflow/example_dags/example_trigger_controller_dag.py
[2024-05-10T07:37:13.927+0000] {processor.py:830} INFO - Processing file /home/airflow/.local/lib/python3.12/site-packages/airflow/example_dags/example_trigger_controller_dag.py for tasks to queue
[2024-05-10T07:37:13.929+0000] {logging_mixin.py:188} INFO - [2024-05-10T07:37:13.928+0000] {dagbag.py:540} INFO - Filling up the DagBag from /home/airflow/.local/lib/python3.12/site-packages/airflow/example_dags/example_trigger_controller_dag.py
[2024-05-10T07:37:13.932+0000] {processor.py:840} INFO - DAG(s) 'example_trigger_controller_dag' retrieved from /home/airflow/.local/lib/python3.12/site-packages/airflow/example_dags/example_trigger_controller_dag.py
[2024-05-10T07:37:13.949+0000] {logging_mixin.py:188} INFO - [2024-05-10T07:37:13.949+0000] {dag.py:3096} INFO - Sync 1 DAGs
[2024-05-10T07:37:13.968+0000] {logging_mixin.py:188} INFO - [2024-05-10T07:37:13.968+0000] {dag.py:3954} INFO - Setting next_dagrun for example_trigger_controller_dag to 2021-01-01 00:00:00+00:00, run_after=2021-01-01 00:00:00+00:00
[2024-05-10T07:37:13.996+0000] {processor.py:183} INFO - Processing /home/airflow/.local/lib/python3.12/site-packages/airflow/example_dags/example_trigger_controller_dag.py took 0.075 seconds
[2024-05-10T07:37:44.103+0000] {processor.py:161} INFO - Started process (PID=1816) to work on /home/airflow/.local/lib/python3.12/site-packages/airflow/example_dags/example_trigger_controller_dag.py
[2024-05-10T07:37:44.104+0000] {processor.py:830} INFO - Processing file /home/airflow/.local/lib/python3.12/site-packages/airflow/example_dags/example_trigger_controller_dag.py for tasks to queue
[2024-05-10T07:37:44.105+0000] {logging_mixin.py:188} INFO - [2024-05-10T07:37:44.105+0000] {dagbag.py:540} INFO - Filling up the DagBag from /home/airflow/.local/lib/python3.12/site-packages/airflow/example_dags/example_trigger_controller_dag.py
[2024-05-10T07:37:44.110+0000] {processor.py:840} INFO - DAG(s) 'example_trigger_controller_dag' retrieved from /home/airflow/.local/lib/python3.12/site-packages/airflow/example_dags/example_trigger_controller_dag.py
[2024-05-10T07:37:44.127+0000] {logging_mixin.py:188} INFO - [2024-05-10T07:37:44.127+0000] {dag.py:3096} INFO - Sync 1 DAGs
[2024-05-10T07:37:44.152+0000] {logging_mixin.py:188} INFO - [2024-05-10T07:37:44.152+0000] {dag.py:3954} INFO - Setting next_dagrun for example_trigger_controller_dag to 2021-01-01 00:00:00+00:00, run_after=2021-01-01 00:00:00+00:00
[2024-05-10T07:37:44.198+0000] {processor.py:183} INFO - Processing /home/airflow/.local/lib/python3.12/site-packages/airflow/example_dags/example_trigger_controller_dag.py took 0.101 seconds
[2024-05-10T07:38:14.804+0000] {processor.py:161} INFO - Started process (PID=1875) to work on /home/airflow/.local/lib/python3.12/site-packages/airflow/example_dags/example_trigger_controller_dag.py
[2024-05-10T07:38:14.805+0000] {processor.py:830} INFO - Processing file /home/airflow/.local/lib/python3.12/site-packages/airflow/example_dags/example_trigger_controller_dag.py for tasks to queue
[2024-05-10T07:38:14.807+0000] {logging_mixin.py:188} INFO - [2024-05-10T07:38:14.807+0000] {dagbag.py:540} INFO - Filling up the DagBag from /home/airflow/.local/lib/python3.12/site-packages/airflow/example_dags/example_trigger_controller_dag.py
[2024-05-10T07:38:14.811+0000] {processor.py:840} INFO - DAG(s) 'example_trigger_controller_dag' retrieved from /home/airflow/.local/lib/python3.12/site-packages/airflow/example_dags/example_trigger_controller_dag.py
[2024-05-10T07:38:14.827+0000] {logging_mixin.py:188} INFO - [2024-05-10T07:38:14.827+0000] {dag.py:3096} INFO - Sync 1 DAGs
[2024-05-10T07:38:14.845+0000] {logging_mixin.py:188} INFO - [2024-05-10T07:38:14.845+0000] {dag.py:3954} INFO - Setting next_dagrun for example_trigger_controller_dag to 2021-01-01 00:00:00+00:00, run_after=2021-01-01 00:00:00+00:00
[2024-05-10T07:38:14.864+0000] {processor.py:183} INFO - Processing /home/airflow/.local/lib/python3.12/site-packages/airflow/example_dags/example_trigger_controller_dag.py took 0.067 seconds
[2024-05-10T07:38:45.514+0000] {processor.py:161} INFO - Started process (PID=1933) to work on /home/airflow/.local/lib/python3.12/site-packages/airflow/example_dags/example_trigger_controller_dag.py
[2024-05-10T07:38:45.515+0000] {processor.py:830} INFO - Processing file /home/airflow/.local/lib/python3.12/site-packages/airflow/example_dags/example_trigger_controller_dag.py for tasks to queue
[2024-05-10T07:38:45.517+0000] {logging_mixin.py:188} INFO - [2024-05-10T07:38:45.516+0000] {dagbag.py:540} INFO - Filling up the DagBag from /home/airflow/.local/lib/python3.12/site-packages/airflow/example_dags/example_trigger_controller_dag.py
[2024-05-10T07:38:45.521+0000] {processor.py:840} INFO - DAG(s) 'example_trigger_controller_dag' retrieved from /home/airflow/.local/lib/python3.12/site-packages/airflow/example_dags/example_trigger_controller_dag.py
[2024-05-10T07:38:45.541+0000] {logging_mixin.py:188} INFO - [2024-05-10T07:38:45.541+0000] {dag.py:3096} INFO - Sync 1 DAGs
[2024-05-10T07:38:45.559+0000] {logging_mixin.py:188} INFO - [2024-05-10T07:38:45.559+0000] {dag.py:3954} INFO - Setting next_dagrun for example_trigger_controller_dag to 2021-01-01 00:00:00+00:00, run_after=2021-01-01 00:00:00+00:00
[2024-05-10T07:38:45.585+0000] {processor.py:183} INFO - Processing /home/airflow/.local/lib/python3.12/site-packages/airflow/example_dags/example_trigger_controller_dag.py took 0.079 seconds
[2024-05-10T07:39:16.259+0000] {processor.py:161} INFO - Started process (PID=1992) to work on /home/airflow/.local/lib/python3.12/site-packages/airflow/example_dags/example_trigger_controller_dag.py
[2024-05-10T07:39:16.260+0000] {processor.py:830} INFO - Processing file /home/airflow/.local/lib/python3.12/site-packages/airflow/example_dags/example_trigger_controller_dag.py for tasks to queue
[2024-05-10T07:39:16.262+0000] {logging_mixin.py:188} INFO - [2024-05-10T07:39:16.262+0000] {dagbag.py:540} INFO - Filling up the DagBag from /home/airflow/.local/lib/python3.12/site-packages/airflow/example_dags/example_trigger_controller_dag.py
[2024-05-10T07:39:16.267+0000] {processor.py:840} INFO - DAG(s) 'example_trigger_controller_dag' retrieved from /home/airflow/.local/lib/python3.12/site-packages/airflow/example_dags/example_trigger_controller_dag.py
[2024-05-10T07:39:16.285+0000] {logging_mixin.py:188} INFO - [2024-05-10T07:39:16.284+0000] {dag.py:3096} INFO - Sync 1 DAGs
[2024-05-10T07:39:16.302+0000] {logging_mixin.py:188} INFO - [2024-05-10T07:39:16.302+0000] {dag.py:3954} INFO - Setting next_dagrun for example_trigger_controller_dag to 2021-01-01 00:00:00+00:00, run_after=2021-01-01 00:00:00+00:00
[2024-05-10T07:39:16.329+0000] {processor.py:183} INFO - Processing /home/airflow/.local/lib/python3.12/site-packages/airflow/example_dags/example_trigger_controller_dag.py took 0.080 seconds
[2024-05-10T07:39:46.653+0000] {processor.py:161} INFO - Started process (PID=2050) to work on /home/airflow/.local/lib/python3.12/site-packages/airflow/example_dags/example_trigger_controller_dag.py
[2024-05-10T07:39:46.653+0000] {processor.py:830} INFO - Processing file /home/airflow/.local/lib/python3.12/site-packages/airflow/example_dags/example_trigger_controller_dag.py for tasks to queue
[2024-05-10T07:39:46.655+0000] {logging_mixin.py:188} INFO - [2024-05-10T07:39:46.655+0000] {dagbag.py:540} INFO - Filling up the DagBag from /home/airflow/.local/lib/python3.12/site-packages/airflow/example_dags/example_trigger_controller_dag.py
[2024-05-10T07:39:46.659+0000] {processor.py:840} INFO - DAG(s) 'example_trigger_controller_dag' retrieved from /home/airflow/.local/lib/python3.12/site-packages/airflow/example_dags/example_trigger_controller_dag.py
[2024-05-10T07:39:46.675+0000] {logging_mixin.py:188} INFO - [2024-05-10T07:39:46.675+0000] {dag.py:3096} INFO - Sync 1 DAGs
[2024-05-10T07:39:46.692+0000] {logging_mixin.py:188} INFO - [2024-05-10T07:39:46.692+0000] {dag.py:3954} INFO - Setting next_dagrun for example_trigger_controller_dag to 2021-01-01 00:00:00+00:00, run_after=2021-01-01 00:00:00+00:00
[2024-05-10T07:39:46.708+0000] {processor.py:183} INFO - Processing /home/airflow/.local/lib/python3.12/site-packages/airflow/example_dags/example_trigger_controller_dag.py took 0.061 seconds
[2024-05-10T07:40:17.649+0000] {processor.py:161} INFO - Started process (PID=2109) to work on /home/airflow/.local/lib/python3.12/site-packages/airflow/example_dags/example_trigger_controller_dag.py
[2024-05-10T07:40:17.650+0000] {processor.py:830} INFO - Processing file /home/airflow/.local/lib/python3.12/site-packages/airflow/example_dags/example_trigger_controller_dag.py for tasks to queue
[2024-05-10T07:40:17.652+0000] {logging_mixin.py:188} INFO - [2024-05-10T07:40:17.652+0000] {dagbag.py:540} INFO - Filling up the DagBag from /home/airflow/.local/lib/python3.12/site-packages/airflow/example_dags/example_trigger_controller_dag.py
[2024-05-10T07:40:17.657+0000] {processor.py:840} INFO - DAG(s) 'example_trigger_controller_dag' retrieved from /home/airflow/.local/lib/python3.12/site-packages/airflow/example_dags/example_trigger_controller_dag.py
[2024-05-10T07:40:17.675+0000] {logging_mixin.py:188} INFO - [2024-05-10T07:40:17.674+0000] {dag.py:3096} INFO - Sync 1 DAGs
[2024-05-10T07:40:17.692+0000] {logging_mixin.py:188} INFO - [2024-05-10T07:40:17.692+0000] {dag.py:3954} INFO - Setting next_dagrun for example_trigger_controller_dag to 2021-01-01 00:00:00+00:00, run_after=2021-01-01 00:00:00+00:00
[2024-05-10T07:40:17.707+0000] {processor.py:183} INFO - Processing /home/airflow/.local/lib/python3.12/site-packages/airflow/example_dags/example_trigger_controller_dag.py took 0.067 seconds
[2024-05-10T07:40:48.244+0000] {processor.py:161} INFO - Started process (PID=2168) to work on /home/airflow/.local/lib/python3.12/site-packages/airflow/example_dags/example_trigger_controller_dag.py
[2024-05-10T07:40:48.244+0000] {processor.py:830} INFO - Processing file /home/airflow/.local/lib/python3.12/site-packages/airflow/example_dags/example_trigger_controller_dag.py for tasks to queue
[2024-05-10T07:40:48.246+0000] {logging_mixin.py:188} INFO - [2024-05-10T07:40:48.246+0000] {dagbag.py:540} INFO - Filling up the DagBag from /home/airflow/.local/lib/python3.12/site-packages/airflow/example_dags/example_trigger_controller_dag.py
[2024-05-10T07:40:48.251+0000] {processor.py:840} INFO - DAG(s) 'example_trigger_controller_dag' retrieved from /home/airflow/.local/lib/python3.12/site-packages/airflow/example_dags/example_trigger_controller_dag.py
[2024-05-10T07:40:48.267+0000] {logging_mixin.py:188} INFO - [2024-05-10T07:40:48.267+0000] {dag.py:3096} INFO - Sync 1 DAGs
[2024-05-10T07:40:48.285+0000] {logging_mixin.py:188} INFO - [2024-05-10T07:40:48.284+0000] {dag.py:3954} INFO - Setting next_dagrun for example_trigger_controller_dag to 2021-01-01 00:00:00+00:00, run_after=2021-01-01 00:00:00+00:00
[2024-05-10T07:40:48.306+0000] {processor.py:183} INFO - Processing /home/airflow/.local/lib/python3.12/site-packages/airflow/example_dags/example_trigger_controller_dag.py took 0.073 seconds
[2024-05-10T07:41:18.941+0000] {processor.py:161} INFO - Started process (PID=2227) to work on /home/airflow/.local/lib/python3.12/site-packages/airflow/example_dags/example_trigger_controller_dag.py
[2024-05-10T07:41:18.942+0000] {processor.py:830} INFO - Processing file /home/airflow/.local/lib/python3.12/site-packages/airflow/example_dags/example_trigger_controller_dag.py for tasks to queue
[2024-05-10T07:41:18.943+0000] {logging_mixin.py:188} INFO - [2024-05-10T07:41:18.943+0000] {dagbag.py:540} INFO - Filling up the DagBag from /home/airflow/.local/lib/python3.12/site-packages/airflow/example_dags/example_trigger_controller_dag.py
[2024-05-10T07:41:18.946+0000] {processor.py:840} INFO - DAG(s) 'example_trigger_controller_dag' retrieved from /home/airflow/.local/lib/python3.12/site-packages/airflow/example_dags/example_trigger_controller_dag.py
[2024-05-10T07:41:18.963+0000] {logging_mixin.py:188} INFO - [2024-05-10T07:41:18.962+0000] {dag.py:3096} INFO - Sync 1 DAGs
[2024-05-10T07:41:18.983+0000] {logging_mixin.py:188} INFO - [2024-05-10T07:41:18.983+0000] {dag.py:3954} INFO - Setting next_dagrun for example_trigger_controller_dag to 2021-01-01 00:00:00+00:00, run_after=2021-01-01 00:00:00+00:00
[2024-05-10T07:41:19.006+0000] {processor.py:183} INFO - Processing /home/airflow/.local/lib/python3.12/site-packages/airflow/example_dags/example_trigger_controller_dag.py took 0.070 seconds
[2024-05-10T07:41:49.135+0000] {processor.py:161} INFO - Started process (PID=2286) to work on /home/airflow/.local/lib/python3.12/site-packages/airflow/example_dags/example_trigger_controller_dag.py
[2024-05-10T07:41:49.136+0000] {processor.py:830} INFO - Processing file /home/airflow/.local/lib/python3.12/site-packages/airflow/example_dags/example_trigger_controller_dag.py for tasks to queue
[2024-05-10T07:41:49.138+0000] {logging_mixin.py:188} INFO - [2024-05-10T07:41:49.137+0000] {dagbag.py:540} INFO - Filling up the DagBag from /home/airflow/.local/lib/python3.12/site-packages/airflow/example_dags/example_trigger_controller_dag.py
[2024-05-10T07:41:49.143+0000] {processor.py:840} INFO - DAG(s) 'example_trigger_controller_dag' retrieved from /home/airflow/.local/lib/python3.12/site-packages/airflow/example_dags/example_trigger_controller_dag.py
[2024-05-10T07:41:49.159+0000] {logging_mixin.py:188} INFO - [2024-05-10T07:41:49.159+0000] {dag.py:3096} INFO - Sync 1 DAGs
[2024-05-10T07:41:49.176+0000] {logging_mixin.py:188} INFO - [2024-05-10T07:41:49.175+0000] {dag.py:3954} INFO - Setting next_dagrun for example_trigger_controller_dag to 2021-01-01 00:00:00+00:00, run_after=2021-01-01 00:00:00+00:00
[2024-05-10T07:41:49.196+0000] {processor.py:183} INFO - Processing /home/airflow/.local/lib/python3.12/site-packages/airflow/example_dags/example_trigger_controller_dag.py took 0.069 seconds
[2024-05-10T07:42:19.450+0000] {processor.py:161} INFO - Started process (PID=2344) to work on /home/airflow/.local/lib/python3.12/site-packages/airflow/example_dags/example_trigger_controller_dag.py
[2024-05-10T07:42:19.451+0000] {processor.py:830} INFO - Processing file /home/airflow/.local/lib/python3.12/site-packages/airflow/example_dags/example_trigger_controller_dag.py for tasks to queue
[2024-05-10T07:42:19.454+0000] {logging_mixin.py:188} INFO - [2024-05-10T07:42:19.453+0000] {dagbag.py:540} INFO - Filling up the DagBag from /home/airflow/.local/lib/python3.12/site-packages/airflow/example_dags/example_trigger_controller_dag.py
[2024-05-10T07:42:19.459+0000] {processor.py:840} INFO - DAG(s) 'example_trigger_controller_dag' retrieved from /home/airflow/.local/lib/python3.12/site-packages/airflow/example_dags/example_trigger_controller_dag.py
[2024-05-10T07:42:19.477+0000] {logging_mixin.py:188} INFO - [2024-05-10T07:42:19.476+0000] {dag.py:3096} INFO - Sync 1 DAGs
[2024-05-10T07:42:19.493+0000] {logging_mixin.py:188} INFO - [2024-05-10T07:42:19.493+0000] {dag.py:3954} INFO - Setting next_dagrun for example_trigger_controller_dag to 2021-01-01 00:00:00+00:00, run_after=2021-01-01 00:00:00+00:00
[2024-05-10T07:42:19.526+0000] {processor.py:183} INFO - Processing /home/airflow/.local/lib/python3.12/site-packages/airflow/example_dags/example_trigger_controller_dag.py took 0.086 seconds
[2024-05-10T07:42:50.346+0000] {processor.py:161} INFO - Started process (PID=2403) to work on /home/airflow/.local/lib/python3.12/site-packages/airflow/example_dags/example_trigger_controller_dag.py
[2024-05-10T07:42:50.346+0000] {processor.py:830} INFO - Processing file /home/airflow/.local/lib/python3.12/site-packages/airflow/example_dags/example_trigger_controller_dag.py for tasks to queue
[2024-05-10T07:42:50.348+0000] {logging_mixin.py:188} INFO - [2024-05-10T07:42:50.347+0000] {dagbag.py:540} INFO - Filling up the DagBag from /home/airflow/.local/lib/python3.12/site-packages/airflow/example_dags/example_trigger_controller_dag.py
[2024-05-10T07:42:50.352+0000] {processor.py:840} INFO - DAG(s) 'example_trigger_controller_dag' retrieved from /home/airflow/.local/lib/python3.12/site-packages/airflow/example_dags/example_trigger_controller_dag.py
[2024-05-10T07:42:50.369+0000] {logging_mixin.py:188} INFO - [2024-05-10T07:42:50.369+0000] {dag.py:3096} INFO - Sync 1 DAGs
[2024-05-10T07:42:50.388+0000] {logging_mixin.py:188} INFO - [2024-05-10T07:42:50.388+0000] {dag.py:3954} INFO - Setting next_dagrun for example_trigger_controller_dag to 2021-01-01 00:00:00+00:00, run_after=2021-01-01 00:00:00+00:00
[2024-05-10T07:42:50.407+0000] {processor.py:183} INFO - Processing /home/airflow/.local/lib/python3.12/site-packages/airflow/example_dags/example_trigger_controller_dag.py took 0.066 seconds
[2024-05-10T07:43:20.892+0000] {processor.py:161} INFO - Started process (PID=2462) to work on /home/airflow/.local/lib/python3.12/site-packages/airflow/example_dags/example_trigger_controller_dag.py
[2024-05-10T07:43:20.893+0000] {processor.py:830} INFO - Processing file /home/airflow/.local/lib/python3.12/site-packages/airflow/example_dags/example_trigger_controller_dag.py for tasks to queue
[2024-05-10T07:43:20.894+0000] {logging_mixin.py:188} INFO - [2024-05-10T07:43:20.894+0000] {dagbag.py:540} INFO - Filling up the DagBag from /home/airflow/.local/lib/python3.12/site-packages/airflow/example_dags/example_trigger_controller_dag.py
[2024-05-10T07:43:20.897+0000] {processor.py:840} INFO - DAG(s) 'example_trigger_controller_dag' retrieved from /home/airflow/.local/lib/python3.12/site-packages/airflow/example_dags/example_trigger_controller_dag.py
[2024-05-10T07:43:20.913+0000] {logging_mixin.py:188} INFO - [2024-05-10T07:43:20.912+0000] {dag.py:3096} INFO - Sync 1 DAGs
[2024-05-10T07:43:20.930+0000] {logging_mixin.py:188} INFO - [2024-05-10T07:43:20.930+0000] {dag.py:3954} INFO - Setting next_dagrun for example_trigger_controller_dag to 2021-01-01 00:00:00+00:00, run_after=2021-01-01 00:00:00+00:00
[2024-05-10T07:43:20.955+0000] {processor.py:183} INFO - Processing /home/airflow/.local/lib/python3.12/site-packages/airflow/example_dags/example_trigger_controller_dag.py took 0.067 seconds
[2024-05-10T07:43:51.430+0000] {processor.py:161} INFO - Started process (PID=2521) to work on /home/airflow/.local/lib/python3.12/site-packages/airflow/example_dags/example_trigger_controller_dag.py
[2024-05-10T07:43:51.431+0000] {processor.py:830} INFO - Processing file /home/airflow/.local/lib/python3.12/site-packages/airflow/example_dags/example_trigger_controller_dag.py for tasks to queue
[2024-05-10T07:43:51.433+0000] {logging_mixin.py:188} INFO - [2024-05-10T07:43:51.432+0000] {dagbag.py:540} INFO - Filling up the DagBag from /home/airflow/.local/lib/python3.12/site-packages/airflow/example_dags/example_trigger_controller_dag.py
[2024-05-10T07:43:51.437+0000] {processor.py:840} INFO - DAG(s) 'example_trigger_controller_dag' retrieved from /home/airflow/.local/lib/python3.12/site-packages/airflow/example_dags/example_trigger_controller_dag.py
[2024-05-10T07:43:51.454+0000] {logging_mixin.py:188} INFO - [2024-05-10T07:43:51.454+0000] {dag.py:3096} INFO - Sync 1 DAGs
[2024-05-10T07:43:51.471+0000] {logging_mixin.py:188} INFO - [2024-05-10T07:43:51.471+0000] {dag.py:3954} INFO - Setting next_dagrun for example_trigger_controller_dag to 2021-01-01 00:00:00+00:00, run_after=2021-01-01 00:00:00+00:00
[2024-05-10T07:43:51.495+0000] {processor.py:183} INFO - Processing /home/airflow/.local/lib/python3.12/site-packages/airflow/example_dags/example_trigger_controller_dag.py took 0.074 seconds
[2024-05-10T07:44:22.001+0000] {processor.py:161} INFO - Started process (PID=2580) to work on /home/airflow/.local/lib/python3.12/site-packages/airflow/example_dags/example_trigger_controller_dag.py
[2024-05-10T07:44:22.002+0000] {processor.py:830} INFO - Processing file /home/airflow/.local/lib/python3.12/site-packages/airflow/example_dags/example_trigger_controller_dag.py for tasks to queue
[2024-05-10T07:44:22.005+0000] {logging_mixin.py:188} INFO - [2024-05-10T07:44:22.004+0000] {dagbag.py:540} INFO - Filling up the DagBag from /home/airflow/.local/lib/python3.12/site-packages/airflow/example_dags/example_trigger_controller_dag.py
[2024-05-10T07:44:22.011+0000] {processor.py:840} INFO - DAG(s) 'example_trigger_controller_dag' retrieved from /home/airflow/.local/lib/python3.12/site-packages/airflow/example_dags/example_trigger_controller_dag.py
[2024-05-10T07:44:22.028+0000] {logging_mixin.py:188} INFO - [2024-05-10T07:44:22.028+0000] {dag.py:3096} INFO - Sync 1 DAGs
[2024-05-10T07:44:22.045+0000] {logging_mixin.py:188} INFO - [2024-05-10T07:44:22.045+0000] {dag.py:3954} INFO - Setting next_dagrun for example_trigger_controller_dag to 2021-01-01 00:00:00+00:00, run_after=2021-01-01 00:00:00+00:00
[2024-05-10T07:44:22.061+0000] {processor.py:183} INFO - Processing /home/airflow/.local/lib/python3.12/site-packages/airflow/example_dags/example_trigger_controller_dag.py took 0.071 seconds
[2024-05-10T07:44:52.509+0000] {processor.py:161} INFO - Started process (PID=2639) to work on /home/airflow/.local/lib/python3.12/site-packages/airflow/example_dags/example_trigger_controller_dag.py
[2024-05-10T07:44:52.510+0000] {processor.py:830} INFO - Processing file /home/airflow/.local/lib/python3.12/site-packages/airflow/example_dags/example_trigger_controller_dag.py for tasks to queue
[2024-05-10T07:44:52.513+0000] {logging_mixin.py:188} INFO - [2024-05-10T07:44:52.512+0000] {dagbag.py:540} INFO - Filling up the DagBag from /home/airflow/.local/lib/python3.12/site-packages/airflow/example_dags/example_trigger_controller_dag.py
[2024-05-10T07:44:52.518+0000] {processor.py:840} INFO - DAG(s) 'example_trigger_controller_dag' retrieved from /home/airflow/.local/lib/python3.12/site-packages/airflow/example_dags/example_trigger_controller_dag.py
[2024-05-10T07:44:52.535+0000] {logging_mixin.py:188} INFO - [2024-05-10T07:44:52.535+0000] {dag.py:3096} INFO - Sync 1 DAGs
[2024-05-10T07:44:52.552+0000] {logging_mixin.py:188} INFO - [2024-05-10T07:44:52.552+0000] {dag.py:3954} INFO - Setting next_dagrun for example_trigger_controller_dag to 2021-01-01 00:00:00+00:00, run_after=2021-01-01 00:00:00+00:00
[2024-05-10T07:44:52.584+0000] {processor.py:183} INFO - Processing /home/airflow/.local/lib/python3.12/site-packages/airflow/example_dags/example_trigger_controller_dag.py took 0.085 seconds
[2024-05-10T07:45:23.077+0000] {processor.py:161} INFO - Started process (PID=2699) to work on /home/airflow/.local/lib/python3.12/site-packages/airflow/example_dags/example_trigger_controller_dag.py
[2024-05-10T07:45:23.080+0000] {processor.py:830} INFO - Processing file /home/airflow/.local/lib/python3.12/site-packages/airflow/example_dags/example_trigger_controller_dag.py for tasks to queue
[2024-05-10T07:45:23.086+0000] {logging_mixin.py:188} INFO - [2024-05-10T07:45:23.085+0000] {dagbag.py:540} INFO - Filling up the DagBag from /home/airflow/.local/lib/python3.12/site-packages/airflow/example_dags/example_trigger_controller_dag.py
[2024-05-10T07:45:23.098+0000] {processor.py:840} INFO - DAG(s) 'example_trigger_controller_dag' retrieved from /home/airflow/.local/lib/python3.12/site-packages/airflow/example_dags/example_trigger_controller_dag.py
[2024-05-10T07:45:23.124+0000] {logging_mixin.py:188} INFO - [2024-05-10T07:45:23.124+0000] {dag.py:3096} INFO - Sync 1 DAGs
[2024-05-10T07:45:23.153+0000] {logging_mixin.py:188} INFO - [2024-05-10T07:45:23.153+0000] {dag.py:3954} INFO - Setting next_dagrun for example_trigger_controller_dag to 2021-01-01 00:00:00+00:00, run_after=2021-01-01 00:00:00+00:00
[2024-05-10T07:45:23.174+0000] {processor.py:183} INFO - Processing /home/airflow/.local/lib/python3.12/site-packages/airflow/example_dags/example_trigger_controller_dag.py took 0.123 seconds
[2024-05-10T07:45:53.780+0000] {processor.py:161} INFO - Started process (PID=2758) to work on /home/airflow/.local/lib/python3.12/site-packages/airflow/example_dags/example_trigger_controller_dag.py
[2024-05-10T07:45:53.780+0000] {processor.py:830} INFO - Processing file /home/airflow/.local/lib/python3.12/site-packages/airflow/example_dags/example_trigger_controller_dag.py for tasks to queue
[2024-05-10T07:45:53.781+0000] {logging_mixin.py:188} INFO - [2024-05-10T07:45:53.781+0000] {dagbag.py:540} INFO - Filling up the DagBag from /home/airflow/.local/lib/python3.12/site-packages/airflow/example_dags/example_trigger_controller_dag.py
[2024-05-10T07:45:53.784+0000] {processor.py:840} INFO - DAG(s) 'example_trigger_controller_dag' retrieved from /home/airflow/.local/lib/python3.12/site-packages/airflow/example_dags/example_trigger_controller_dag.py
[2024-05-10T07:45:53.800+0000] {logging_mixin.py:188} INFO - [2024-05-10T07:45:53.800+0000] {dag.py:3096} INFO - Sync 1 DAGs
[2024-05-10T07:45:53.818+0000] {logging_mixin.py:188} INFO - [2024-05-10T07:45:53.818+0000] {dag.py:3954} INFO - Setting next_dagrun for example_trigger_controller_dag to 2021-01-01 00:00:00+00:00, run_after=2021-01-01 00:00:00+00:00
[2024-05-10T07:45:53.838+0000] {processor.py:183} INFO - Processing /home/airflow/.local/lib/python3.12/site-packages/airflow/example_dags/example_trigger_controller_dag.py took 0.064 seconds
[2024-05-10T07:46:24.484+0000] {processor.py:161} INFO - Started process (PID=2816) to work on /home/airflow/.local/lib/python3.12/site-packages/airflow/example_dags/example_trigger_controller_dag.py
[2024-05-10T07:46:24.485+0000] {processor.py:830} INFO - Processing file /home/airflow/.local/lib/python3.12/site-packages/airflow/example_dags/example_trigger_controller_dag.py for tasks to queue
[2024-05-10T07:46:24.485+0000] {logging_mixin.py:188} INFO - [2024-05-10T07:46:24.485+0000] {dagbag.py:540} INFO - Filling up the DagBag from /home/airflow/.local/lib/python3.12/site-packages/airflow/example_dags/example_trigger_controller_dag.py
[2024-05-10T07:46:24.489+0000] {processor.py:840} INFO - DAG(s) 'example_trigger_controller_dag' retrieved from /home/airflow/.local/lib/python3.12/site-packages/airflow/example_dags/example_trigger_controller_dag.py
[2024-05-10T07:46:24.504+0000] {logging_mixin.py:188} INFO - [2024-05-10T07:46:24.504+0000] {dag.py:3096} INFO - Sync 1 DAGs
[2024-05-10T07:46:24.521+0000] {logging_mixin.py:188} INFO - [2024-05-10T07:46:24.521+0000] {dag.py:3954} INFO - Setting next_dagrun for example_trigger_controller_dag to 2021-01-01 00:00:00+00:00, run_after=2021-01-01 00:00:00+00:00
[2024-05-10T07:46:24.539+0000] {processor.py:183} INFO - Processing /home/airflow/.local/lib/python3.12/site-packages/airflow/example_dags/example_trigger_controller_dag.py took 0.060 seconds
[2024-05-10T07:46:54.998+0000] {processor.py:161} INFO - Started process (PID=2873) to work on /home/airflow/.local/lib/python3.12/site-packages/airflow/example_dags/example_trigger_controller_dag.py
[2024-05-10T07:46:54.999+0000] {processor.py:830} INFO - Processing file /home/airflow/.local/lib/python3.12/site-packages/airflow/example_dags/example_trigger_controller_dag.py for tasks to queue
[2024-05-10T07:46:54.999+0000] {logging_mixin.py:188} INFO - [2024-05-10T07:46:54.999+0000] {dagbag.py:540} INFO - Filling up the DagBag from /home/airflow/.local/lib/python3.12/site-packages/airflow/example_dags/example_trigger_controller_dag.py
[2024-05-10T07:46:55.005+0000] {processor.py:840} INFO - DAG(s) 'example_trigger_controller_dag' retrieved from /home/airflow/.local/lib/python3.12/site-packages/airflow/example_dags/example_trigger_controller_dag.py
[2024-05-10T07:46:55.022+0000] {logging_mixin.py:188} INFO - [2024-05-10T07:46:55.022+0000] {dag.py:3096} INFO - Sync 1 DAGs
[2024-05-10T07:46:55.041+0000] {logging_mixin.py:188} INFO - [2024-05-10T07:46:55.041+0000] {dag.py:3954} INFO - Setting next_dagrun for example_trigger_controller_dag to 2021-01-01 00:00:00+00:00, run_after=2021-01-01 00:00:00+00:00
[2024-05-10T07:46:55.063+0000] {processor.py:183} INFO - Processing /home/airflow/.local/lib/python3.12/site-packages/airflow/example_dags/example_trigger_controller_dag.py took 0.070 seconds
[2024-05-10T07:47:25.318+0000] {processor.py:161} INFO - Started process (PID=2931) to work on /home/airflow/.local/lib/python3.12/site-packages/airflow/example_dags/example_trigger_controller_dag.py
[2024-05-10T07:47:25.319+0000] {processor.py:830} INFO - Processing file /home/airflow/.local/lib/python3.12/site-packages/airflow/example_dags/example_trigger_controller_dag.py for tasks to queue
[2024-05-10T07:47:25.319+0000] {logging_mixin.py:188} INFO - [2024-05-10T07:47:25.319+0000] {dagbag.py:540} INFO - Filling up the DagBag from /home/airflow/.local/lib/python3.12/site-packages/airflow/example_dags/example_trigger_controller_dag.py
[2024-05-10T07:47:25.323+0000] {processor.py:840} INFO - DAG(s) 'example_trigger_controller_dag' retrieved from /home/airflow/.local/lib/python3.12/site-packages/airflow/example_dags/example_trigger_controller_dag.py
[2024-05-10T07:47:25.340+0000] {logging_mixin.py:188} INFO - [2024-05-10T07:47:25.340+0000] {dag.py:3096} INFO - Sync 1 DAGs
[2024-05-10T07:47:25.367+0000] {logging_mixin.py:188} INFO - [2024-05-10T07:47:25.367+0000] {dag.py:3954} INFO - Setting next_dagrun for example_trigger_controller_dag to 2021-01-01 00:00:00+00:00, run_after=2021-01-01 00:00:00+00:00
[2024-05-10T07:47:25.389+0000] {processor.py:183} INFO - Processing /home/airflow/.local/lib/python3.12/site-packages/airflow/example_dags/example_trigger_controller_dag.py took 0.076 seconds
[2024-05-10T07:47:55.698+0000] {processor.py:161} INFO - Started process (PID=2989) to work on /home/airflow/.local/lib/python3.12/site-packages/airflow/example_dags/example_trigger_controller_dag.py
[2024-05-10T07:47:55.700+0000] {processor.py:830} INFO - Processing file /home/airflow/.local/lib/python3.12/site-packages/airflow/example_dags/example_trigger_controller_dag.py for tasks to queue
[2024-05-10T07:47:55.700+0000] {logging_mixin.py:188} INFO - [2024-05-10T07:47:55.700+0000] {dagbag.py:540} INFO - Filling up the DagBag from /home/airflow/.local/lib/python3.12/site-packages/airflow/example_dags/example_trigger_controller_dag.py
[2024-05-10T07:47:55.704+0000] {processor.py:840} INFO - DAG(s) 'example_trigger_controller_dag' retrieved from /home/airflow/.local/lib/python3.12/site-packages/airflow/example_dags/example_trigger_controller_dag.py
[2024-05-10T07:47:55.722+0000] {logging_mixin.py:188} INFO - [2024-05-10T07:47:55.722+0000] {dag.py:3096} INFO - Sync 1 DAGs
[2024-05-10T07:47:55.743+0000] {logging_mixin.py:188} INFO - [2024-05-10T07:47:55.743+0000] {dag.py:3954} INFO - Setting next_dagrun for example_trigger_controller_dag to 2021-01-01 00:00:00+00:00, run_after=2021-01-01 00:00:00+00:00
[2024-05-10T07:47:55.776+0000] {processor.py:183} INFO - Processing /home/airflow/.local/lib/python3.12/site-packages/airflow/example_dags/example_trigger_controller_dag.py took 0.083 seconds
[2024-05-10T07:48:26.577+0000] {processor.py:161} INFO - Started process (PID=3047) to work on /home/airflow/.local/lib/python3.12/site-packages/airflow/example_dags/example_trigger_controller_dag.py
[2024-05-10T07:48:26.578+0000] {processor.py:830} INFO - Processing file /home/airflow/.local/lib/python3.12/site-packages/airflow/example_dags/example_trigger_controller_dag.py for tasks to queue
[2024-05-10T07:48:26.578+0000] {logging_mixin.py:188} INFO - [2024-05-10T07:48:26.578+0000] {dagbag.py:540} INFO - Filling up the DagBag from /home/airflow/.local/lib/python3.12/site-packages/airflow/example_dags/example_trigger_controller_dag.py
[2024-05-10T07:48:26.585+0000] {processor.py:840} INFO - DAG(s) 'example_trigger_controller_dag' retrieved from /home/airflow/.local/lib/python3.12/site-packages/airflow/example_dags/example_trigger_controller_dag.py
[2024-05-10T07:48:26.603+0000] {logging_mixin.py:188} INFO - [2024-05-10T07:48:26.603+0000] {dag.py:3096} INFO - Sync 1 DAGs
[2024-05-10T07:48:26.623+0000] {logging_mixin.py:188} INFO - [2024-05-10T07:48:26.623+0000] {dag.py:3954} INFO - Setting next_dagrun for example_trigger_controller_dag to 2021-01-01 00:00:00+00:00, run_after=2021-01-01 00:00:00+00:00
[2024-05-10T07:48:26.648+0000] {processor.py:183} INFO - Processing /home/airflow/.local/lib/python3.12/site-packages/airflow/example_dags/example_trigger_controller_dag.py took 0.076 seconds
[2024-05-10T07:48:56.767+0000] {processor.py:161} INFO - Started process (PID=3105) to work on /home/airflow/.local/lib/python3.12/site-packages/airflow/example_dags/example_trigger_controller_dag.py
[2024-05-10T07:48:56.767+0000] {processor.py:830} INFO - Processing file /home/airflow/.local/lib/python3.12/site-packages/airflow/example_dags/example_trigger_controller_dag.py for tasks to queue
[2024-05-10T07:48:56.768+0000] {logging_mixin.py:188} INFO - [2024-05-10T07:48:56.768+0000] {dagbag.py:540} INFO - Filling up the DagBag from /home/airflow/.local/lib/python3.12/site-packages/airflow/example_dags/example_trigger_controller_dag.py
[2024-05-10T07:48:56.772+0000] {processor.py:840} INFO - DAG(s) 'example_trigger_controller_dag' retrieved from /home/airflow/.local/lib/python3.12/site-packages/airflow/example_dags/example_trigger_controller_dag.py
[2024-05-10T07:48:56.787+0000] {logging_mixin.py:188} INFO - [2024-05-10T07:48:56.787+0000] {dag.py:3096} INFO - Sync 1 DAGs
[2024-05-10T07:48:56.806+0000] {logging_mixin.py:188} INFO - [2024-05-10T07:48:56.806+0000] {dag.py:3954} INFO - Setting next_dagrun for example_trigger_controller_dag to 2021-01-01 00:00:00+00:00, run_after=2021-01-01 00:00:00+00:00
[2024-05-10T07:48:56.822+0000] {processor.py:183} INFO - Processing /home/airflow/.local/lib/python3.12/site-packages/airflow/example_dags/example_trigger_controller_dag.py took 0.061 seconds
[2024-05-10T07:49:27.025+0000] {processor.py:161} INFO - Started process (PID=3163) to work on /home/airflow/.local/lib/python3.12/site-packages/airflow/example_dags/example_trigger_controller_dag.py
[2024-05-10T07:49:27.026+0000] {processor.py:830} INFO - Processing file /home/airflow/.local/lib/python3.12/site-packages/airflow/example_dags/example_trigger_controller_dag.py for tasks to queue
[2024-05-10T07:49:27.027+0000] {logging_mixin.py:188} INFO - [2024-05-10T07:49:27.026+0000] {dagbag.py:540} INFO - Filling up the DagBag from /home/airflow/.local/lib/python3.12/site-packages/airflow/example_dags/example_trigger_controller_dag.py
[2024-05-10T07:49:27.031+0000] {processor.py:840} INFO - DAG(s) 'example_trigger_controller_dag' retrieved from /home/airflow/.local/lib/python3.12/site-packages/airflow/example_dags/example_trigger_controller_dag.py
[2024-05-10T07:49:27.048+0000] {logging_mixin.py:188} INFO - [2024-05-10T07:49:27.047+0000] {dag.py:3096} INFO - Sync 1 DAGs
[2024-05-10T07:49:27.065+0000] {logging_mixin.py:188} INFO - [2024-05-10T07:49:27.064+0000] {dag.py:3954} INFO - Setting next_dagrun for example_trigger_controller_dag to 2021-01-01 00:00:00+00:00, run_after=2021-01-01 00:00:00+00:00
[2024-05-10T07:49:27.089+0000] {processor.py:183} INFO - Processing /home/airflow/.local/lib/python3.12/site-packages/airflow/example_dags/example_trigger_controller_dag.py took 0.072 seconds
[2024-05-10T07:49:57.247+0000] {processor.py:161} INFO - Started process (PID=3221) to work on /home/airflow/.local/lib/python3.12/site-packages/airflow/example_dags/example_trigger_controller_dag.py
[2024-05-10T07:49:57.248+0000] {processor.py:830} INFO - Processing file /home/airflow/.local/lib/python3.12/site-packages/airflow/example_dags/example_trigger_controller_dag.py for tasks to queue
[2024-05-10T07:49:57.249+0000] {logging_mixin.py:188} INFO - [2024-05-10T07:49:57.248+0000] {dagbag.py:540} INFO - Filling up the DagBag from /home/airflow/.local/lib/python3.12/site-packages/airflow/example_dags/example_trigger_controller_dag.py
[2024-05-10T07:49:57.253+0000] {processor.py:840} INFO - DAG(s) 'example_trigger_controller_dag' retrieved from /home/airflow/.local/lib/python3.12/site-packages/airflow/example_dags/example_trigger_controller_dag.py
[2024-05-10T07:49:57.272+0000] {logging_mixin.py:188} INFO - [2024-05-10T07:49:57.272+0000] {dag.py:3096} INFO - Sync 1 DAGs
[2024-05-10T07:49:57.291+0000] {logging_mixin.py:188} INFO - [2024-05-10T07:49:57.291+0000] {dag.py:3954} INFO - Setting next_dagrun for example_trigger_controller_dag to 2021-01-01 00:00:00+00:00, run_after=2021-01-01 00:00:00+00:00
[2024-05-10T07:49:57.370+0000] {processor.py:183} INFO - Processing /home/airflow/.local/lib/python3.12/site-packages/airflow/example_dags/example_trigger_controller_dag.py took 0.128 seconds
[2024-05-10T07:50:28.239+0000] {processor.py:161} INFO - Started process (PID=3279) to work on /home/airflow/.local/lib/python3.12/site-packages/airflow/example_dags/example_trigger_controller_dag.py
[2024-05-10T07:50:28.240+0000] {processor.py:830} INFO - Processing file /home/airflow/.local/lib/python3.12/site-packages/airflow/example_dags/example_trigger_controller_dag.py for tasks to queue
[2024-05-10T07:50:28.241+0000] {logging_mixin.py:188} INFO - [2024-05-10T07:50:28.241+0000] {dagbag.py:540} INFO - Filling up the DagBag from /home/airflow/.local/lib/python3.12/site-packages/airflow/example_dags/example_trigger_controller_dag.py
[2024-05-10T07:50:28.246+0000] {processor.py:840} INFO - DAG(s) 'example_trigger_controller_dag' retrieved from /home/airflow/.local/lib/python3.12/site-packages/airflow/example_dags/example_trigger_controller_dag.py
[2024-05-10T07:50:28.264+0000] {logging_mixin.py:188} INFO - [2024-05-10T07:50:28.263+0000] {dag.py:3096} INFO - Sync 1 DAGs
[2024-05-10T07:50:28.282+0000] {logging_mixin.py:188} INFO - [2024-05-10T07:50:28.282+0000] {dag.py:3954} INFO - Setting next_dagrun for example_trigger_controller_dag to 2021-01-01 00:00:00+00:00, run_after=2021-01-01 00:00:00+00:00
[2024-05-10T07:50:28.302+0000] {processor.py:183} INFO - Processing /home/airflow/.local/lib/python3.12/site-packages/airflow/example_dags/example_trigger_controller_dag.py took 0.072 seconds
[2024-05-10T07:50:58.458+0000] {processor.py:161} INFO - Started process (PID=3337) to work on /home/airflow/.local/lib/python3.12/site-packages/airflow/example_dags/example_trigger_controller_dag.py
[2024-05-10T07:50:58.459+0000] {processor.py:830} INFO - Processing file /home/airflow/.local/lib/python3.12/site-packages/airflow/example_dags/example_trigger_controller_dag.py for tasks to queue
[2024-05-10T07:50:58.460+0000] {logging_mixin.py:188} INFO - [2024-05-10T07:50:58.460+0000] {dagbag.py:540} INFO - Filling up the DagBag from /home/airflow/.local/lib/python3.12/site-packages/airflow/example_dags/example_trigger_controller_dag.py
[2024-05-10T07:50:58.464+0000] {processor.py:840} INFO - DAG(s) 'example_trigger_controller_dag' retrieved from /home/airflow/.local/lib/python3.12/site-packages/airflow/example_dags/example_trigger_controller_dag.py
[2024-05-10T07:50:58.481+0000] {logging_mixin.py:188} INFO - [2024-05-10T07:50:58.481+0000] {dag.py:3096} INFO - Sync 1 DAGs
[2024-05-10T07:50:58.498+0000] {logging_mixin.py:188} INFO - [2024-05-10T07:50:58.498+0000] {dag.py:3954} INFO - Setting next_dagrun for example_trigger_controller_dag to 2021-01-01 00:00:00+00:00, run_after=2021-01-01 00:00:00+00:00
[2024-05-10T07:50:58.516+0000] {processor.py:183} INFO - Processing /home/airflow/.local/lib/python3.12/site-packages/airflow/example_dags/example_trigger_controller_dag.py took 0.065 seconds
[2024-05-10T07:51:28.671+0000] {processor.py:161} INFO - Started process (PID=3394) to work on /home/airflow/.local/lib/python3.12/site-packages/airflow/example_dags/example_trigger_controller_dag.py
[2024-05-10T07:51:28.672+0000] {processor.py:830} INFO - Processing file /home/airflow/.local/lib/python3.12/site-packages/airflow/example_dags/example_trigger_controller_dag.py for tasks to queue
[2024-05-10T07:51:28.673+0000] {logging_mixin.py:188} INFO - [2024-05-10T07:51:28.672+0000] {dagbag.py:540} INFO - Filling up the DagBag from /home/airflow/.local/lib/python3.12/site-packages/airflow/example_dags/example_trigger_controller_dag.py
[2024-05-10T07:51:28.676+0000] {processor.py:840} INFO - DAG(s) 'example_trigger_controller_dag' retrieved from /home/airflow/.local/lib/python3.12/site-packages/airflow/example_dags/example_trigger_controller_dag.py
[2024-05-10T07:51:28.692+0000] {logging_mixin.py:188} INFO - [2024-05-10T07:51:28.692+0000] {dag.py:3096} INFO - Sync 1 DAGs
[2024-05-10T07:51:28.711+0000] {logging_mixin.py:188} INFO - [2024-05-10T07:51:28.711+0000] {dag.py:3954} INFO - Setting next_dagrun for example_trigger_controller_dag to 2021-01-01 00:00:00+00:00, run_after=2021-01-01 00:00:00+00:00
[2024-05-10T07:51:28.737+0000] {processor.py:183} INFO - Processing /home/airflow/.local/lib/python3.12/site-packages/airflow/example_dags/example_trigger_controller_dag.py took 0.073 seconds
[2024-05-10T07:51:58.842+0000] {processor.py:161} INFO - Started process (PID=3451) to work on /home/airflow/.local/lib/python3.12/site-packages/airflow/example_dags/example_trigger_controller_dag.py
[2024-05-10T07:51:58.844+0000] {processor.py:830} INFO - Processing file /home/airflow/.local/lib/python3.12/site-packages/airflow/example_dags/example_trigger_controller_dag.py for tasks to queue
[2024-05-10T07:51:58.845+0000] {logging_mixin.py:188} INFO - [2024-05-10T07:51:58.845+0000] {dagbag.py:540} INFO - Filling up the DagBag from /home/airflow/.local/lib/python3.12/site-packages/airflow/example_dags/example_trigger_controller_dag.py
[2024-05-10T07:51:58.851+0000] {processor.py:840} INFO - DAG(s) 'example_trigger_controller_dag' retrieved from /home/airflow/.local/lib/python3.12/site-packages/airflow/example_dags/example_trigger_controller_dag.py
[2024-05-10T07:51:58.870+0000] {logging_mixin.py:188} INFO - [2024-05-10T07:51:58.869+0000] {dag.py:3096} INFO - Sync 1 DAGs
[2024-05-10T07:51:58.887+0000] {logging_mixin.py:188} INFO - [2024-05-10T07:51:58.887+0000] {dag.py:3954} INFO - Setting next_dagrun for example_trigger_controller_dag to 2021-01-01 00:00:00+00:00, run_after=2021-01-01 00:00:00+00:00
[2024-05-10T07:51:58.906+0000] {processor.py:183} INFO - Processing /home/airflow/.local/lib/python3.12/site-packages/airflow/example_dags/example_trigger_controller_dag.py took 0.075 seconds
[2024-05-10T07:52:28.948+0000] {processor.py:161} INFO - Started process (PID=3509) to work on /home/airflow/.local/lib/python3.12/site-packages/airflow/example_dags/example_trigger_controller_dag.py
[2024-05-10T07:52:28.948+0000] {processor.py:830} INFO - Processing file /home/airflow/.local/lib/python3.12/site-packages/airflow/example_dags/example_trigger_controller_dag.py for tasks to queue
[2024-05-10T07:52:28.949+0000] {logging_mixin.py:188} INFO - [2024-05-10T07:52:28.949+0000] {dagbag.py:540} INFO - Filling up the DagBag from /home/airflow/.local/lib/python3.12/site-packages/airflow/example_dags/example_trigger_controller_dag.py
[2024-05-10T07:52:28.953+0000] {processor.py:840} INFO - DAG(s) 'example_trigger_controller_dag' retrieved from /home/airflow/.local/lib/python3.12/site-packages/airflow/example_dags/example_trigger_controller_dag.py
[2024-05-10T07:52:28.969+0000] {logging_mixin.py:188} INFO - [2024-05-10T07:52:28.968+0000] {dag.py:3096} INFO - Sync 1 DAGs
[2024-05-10T07:52:28.987+0000] {logging_mixin.py:188} INFO - [2024-05-10T07:52:28.987+0000] {dag.py:3954} INFO - Setting next_dagrun for example_trigger_controller_dag to 2021-01-01 00:00:00+00:00, run_after=2021-01-01 00:00:00+00:00
[2024-05-10T07:52:29.008+0000] {processor.py:183} INFO - Processing /home/airflow/.local/lib/python3.12/site-packages/airflow/example_dags/example_trigger_controller_dag.py took 0.065 seconds
[2024-05-10T07:52:59.117+0000] {processor.py:161} INFO - Started process (PID=3567) to work on /home/airflow/.local/lib/python3.12/site-packages/airflow/example_dags/example_trigger_controller_dag.py
[2024-05-10T07:52:59.119+0000] {processor.py:830} INFO - Processing file /home/airflow/.local/lib/python3.12/site-packages/airflow/example_dags/example_trigger_controller_dag.py for tasks to queue
[2024-05-10T07:52:59.119+0000] {logging_mixin.py:188} INFO - [2024-05-10T07:52:59.119+0000] {dagbag.py:540} INFO - Filling up the DagBag from /home/airflow/.local/lib/python3.12/site-packages/airflow/example_dags/example_trigger_controller_dag.py
[2024-05-10T07:52:59.123+0000] {processor.py:840} INFO - DAG(s) 'example_trigger_controller_dag' retrieved from /home/airflow/.local/lib/python3.12/site-packages/airflow/example_dags/example_trigger_controller_dag.py
[2024-05-10T07:52:59.138+0000] {logging_mixin.py:188} INFO - [2024-05-10T07:52:59.138+0000] {dag.py:3096} INFO - Sync 1 DAGs
[2024-05-10T07:52:59.155+0000] {logging_mixin.py:188} INFO - [2024-05-10T07:52:59.154+0000] {dag.py:3954} INFO - Setting next_dagrun for example_trigger_controller_dag to 2021-01-01 00:00:00+00:00, run_after=2021-01-01 00:00:00+00:00
[2024-05-10T07:52:59.179+0000] {processor.py:183} INFO - Processing /home/airflow/.local/lib/python3.12/site-packages/airflow/example_dags/example_trigger_controller_dag.py took 0.067 seconds
[2024-05-10T07:53:29.747+0000] {processor.py:161} INFO - Started process (PID=3625) to work on /home/airflow/.local/lib/python3.12/site-packages/airflow/example_dags/example_trigger_controller_dag.py
[2024-05-10T07:53:29.748+0000] {processor.py:830} INFO - Processing file /home/airflow/.local/lib/python3.12/site-packages/airflow/example_dags/example_trigger_controller_dag.py for tasks to queue
[2024-05-10T07:53:29.748+0000] {logging_mixin.py:188} INFO - [2024-05-10T07:53:29.748+0000] {dagbag.py:540} INFO - Filling up the DagBag from /home/airflow/.local/lib/python3.12/site-packages/airflow/example_dags/example_trigger_controller_dag.py
[2024-05-10T07:53:29.752+0000] {processor.py:840} INFO - DAG(s) 'example_trigger_controller_dag' retrieved from /home/airflow/.local/lib/python3.12/site-packages/airflow/example_dags/example_trigger_controller_dag.py
[2024-05-10T07:53:29.771+0000] {logging_mixin.py:188} INFO - [2024-05-10T07:53:29.771+0000] {dag.py:3096} INFO - Sync 1 DAGs
[2024-05-10T07:53:29.789+0000] {logging_mixin.py:188} INFO - [2024-05-10T07:53:29.789+0000] {dag.py:3954} INFO - Setting next_dagrun for example_trigger_controller_dag to 2021-01-01 00:00:00+00:00, run_after=2021-01-01 00:00:00+00:00
[2024-05-10T07:53:29.805+0000] {processor.py:183} INFO - Processing /home/airflow/.local/lib/python3.12/site-packages/airflow/example_dags/example_trigger_controller_dag.py took 0.063 seconds
[2024-05-10T07:54:00.249+0000] {processor.py:161} INFO - Started process (PID=3683) to work on /home/airflow/.local/lib/python3.12/site-packages/airflow/example_dags/example_trigger_controller_dag.py
[2024-05-10T07:54:00.249+0000] {processor.py:830} INFO - Processing file /home/airflow/.local/lib/python3.12/site-packages/airflow/example_dags/example_trigger_controller_dag.py for tasks to queue
[2024-05-10T07:54:00.250+0000] {logging_mixin.py:188} INFO - [2024-05-10T07:54:00.250+0000] {dagbag.py:540} INFO - Filling up the DagBag from /home/airflow/.local/lib/python3.12/site-packages/airflow/example_dags/example_trigger_controller_dag.py
[2024-05-10T07:54:00.253+0000] {processor.py:840} INFO - DAG(s) 'example_trigger_controller_dag' retrieved from /home/airflow/.local/lib/python3.12/site-packages/airflow/example_dags/example_trigger_controller_dag.py
[2024-05-10T07:54:00.269+0000] {logging_mixin.py:188} INFO - [2024-05-10T07:54:00.269+0000] {dag.py:3096} INFO - Sync 1 DAGs
[2024-05-10T07:54:00.287+0000] {logging_mixin.py:188} INFO - [2024-05-10T07:54:00.287+0000] {dag.py:3954} INFO - Setting next_dagrun for example_trigger_controller_dag to 2021-01-01 00:00:00+00:00, run_after=2021-01-01 00:00:00+00:00
[2024-05-10T07:54:00.307+0000] {processor.py:183} INFO - Processing /home/airflow/.local/lib/python3.12/site-packages/airflow/example_dags/example_trigger_controller_dag.py took 0.063 seconds
[2024-05-10T07:54:30.767+0000] {processor.py:161} INFO - Started process (PID=3740) to work on /home/airflow/.local/lib/python3.12/site-packages/airflow/example_dags/example_trigger_controller_dag.py
[2024-05-10T07:54:30.768+0000] {processor.py:830} INFO - Processing file /home/airflow/.local/lib/python3.12/site-packages/airflow/example_dags/example_trigger_controller_dag.py for tasks to queue
[2024-05-10T07:54:30.768+0000] {logging_mixin.py:188} INFO - [2024-05-10T07:54:30.768+0000] {dagbag.py:540} INFO - Filling up the DagBag from /home/airflow/.local/lib/python3.12/site-packages/airflow/example_dags/example_trigger_controller_dag.py
[2024-05-10T07:54:30.772+0000] {processor.py:840} INFO - DAG(s) 'example_trigger_controller_dag' retrieved from /home/airflow/.local/lib/python3.12/site-packages/airflow/example_dags/example_trigger_controller_dag.py
[2024-05-10T07:54:30.787+0000] {logging_mixin.py:188} INFO - [2024-05-10T07:54:30.787+0000] {dag.py:3096} INFO - Sync 1 DAGs
[2024-05-10T07:54:30.804+0000] {logging_mixin.py:188} INFO - [2024-05-10T07:54:30.804+0000] {dag.py:3954} INFO - Setting next_dagrun for example_trigger_controller_dag to 2021-01-01 00:00:00+00:00, run_after=2021-01-01 00:00:00+00:00
[2024-05-10T07:54:30.843+0000] {processor.py:183} INFO - Processing /home/airflow/.local/lib/python3.12/site-packages/airflow/example_dags/example_trigger_controller_dag.py took 0.080 seconds
[2024-05-10T07:55:01.447+0000] {processor.py:161} INFO - Started process (PID=3798) to work on /home/airflow/.local/lib/python3.12/site-packages/airflow/example_dags/example_trigger_controller_dag.py
[2024-05-10T07:55:01.448+0000] {processor.py:830} INFO - Processing file /home/airflow/.local/lib/python3.12/site-packages/airflow/example_dags/example_trigger_controller_dag.py for tasks to queue
[2024-05-10T07:55:01.448+0000] {logging_mixin.py:188} INFO - [2024-05-10T07:55:01.448+0000] {dagbag.py:540} INFO - Filling up the DagBag from /home/airflow/.local/lib/python3.12/site-packages/airflow/example_dags/example_trigger_controller_dag.py
[2024-05-10T07:55:01.452+0000] {processor.py:840} INFO - DAG(s) 'example_trigger_controller_dag' retrieved from /home/airflow/.local/lib/python3.12/site-packages/airflow/example_dags/example_trigger_controller_dag.py
[2024-05-10T07:55:01.467+0000] {logging_mixin.py:188} INFO - [2024-05-10T07:55:01.466+0000] {dag.py:3096} INFO - Sync 1 DAGs
[2024-05-10T07:55:01.484+0000] {logging_mixin.py:188} INFO - [2024-05-10T07:55:01.484+0000] {dag.py:3954} INFO - Setting next_dagrun for example_trigger_controller_dag to 2021-01-01 00:00:00+00:00, run_after=2021-01-01 00:00:00+00:00
[2024-05-10T07:55:01.505+0000] {processor.py:183} INFO - Processing /home/airflow/.local/lib/python3.12/site-packages/airflow/example_dags/example_trigger_controller_dag.py took 0.063 seconds
