[2024-05-10T07:22:24.239+0000] {processor.py:161} INFO - Started process (PID=55) to work on /home/airflow/.local/lib/python3.12/site-packages/airflow/example_dags/example_short_circuit_operator.py
[2024-05-10T07:22:24.240+0000] {processor.py:830} INFO - Processing file /home/airflow/.local/lib/python3.12/site-packages/airflow/example_dags/example_short_circuit_operator.py for tasks to queue
[2024-05-10T07:22:24.241+0000] {logging_mixin.py:188} INFO - [2024-05-10T07:22:24.241+0000] {dagbag.py:540} INFO - Filling up the DagBag from /home/airflow/.local/lib/python3.12/site-packages/airflow/example_dags/example_short_circuit_operator.py
[2024-05-10T07:22:24.251+0000] {processor.py:840} INFO - DAG(s) 'example_short_circuit_operator' retrieved from /home/airflow/.local/lib/python3.12/site-packages/airflow/example_dags/example_short_circuit_operator.py
[2024-05-10T07:22:24.265+0000] {logging_mixin.py:188} INFO - [2024-05-10T07:22:24.264+0000] {dag.py:3096} INFO - Sync 1 DAGs
[2024-05-10T07:22:24.299+0000] {logging_mixin.py:188} INFO - [2024-05-10T07:22:24.299+0000] {dag.py:3954} INFO - Setting next_dagrun for example_short_circuit_operator to 2024-05-09 00:00:00+00:00, run_after=2024-05-10 00:00:00+00:00
[2024-05-10T07:22:24.324+0000] {processor.py:183} INFO - Processing /home/airflow/.local/lib/python3.12/site-packages/airflow/example_dags/example_short_circuit_operator.py took 0.089 seconds
[2024-05-10T07:22:55.643+0000] {processor.py:161} INFO - Started process (PID=113) to work on /home/airflow/.local/lib/python3.12/site-packages/airflow/example_dags/example_short_circuit_operator.py
[2024-05-10T07:22:55.644+0000] {processor.py:830} INFO - Processing file /home/airflow/.local/lib/python3.12/site-packages/airflow/example_dags/example_short_circuit_operator.py for tasks to queue
[2024-05-10T07:22:55.646+0000] {logging_mixin.py:188} INFO - [2024-05-10T07:22:55.645+0000] {dagbag.py:540} INFO - Filling up the DagBag from /home/airflow/.local/lib/python3.12/site-packages/airflow/example_dags/example_short_circuit_operator.py
[2024-05-10T07:22:55.652+0000] {processor.py:840} INFO - DAG(s) 'example_short_circuit_operator' retrieved from /home/airflow/.local/lib/python3.12/site-packages/airflow/example_dags/example_short_circuit_operator.py
[2024-05-10T07:22:55.744+0000] {logging_mixin.py:188} INFO - [2024-05-10T07:22:55.743+0000] {dag.py:3096} INFO - Sync 1 DAGs
[2024-05-10T07:22:55.759+0000] {logging_mixin.py:188} INFO - [2024-05-10T07:22:55.759+0000] {dag.py:3954} INFO - Setting next_dagrun for example_short_circuit_operator to 2024-05-09 00:00:00+00:00, run_after=2024-05-10 00:00:00+00:00
[2024-05-10T07:22:55.792+0000] {processor.py:183} INFO - Processing /home/airflow/.local/lib/python3.12/site-packages/airflow/example_dags/example_short_circuit_operator.py took 0.153 seconds
[2024-05-10T07:23:25.887+0000] {processor.py:161} INFO - Started process (PID=171) to work on /home/airflow/.local/lib/python3.12/site-packages/airflow/example_dags/example_short_circuit_operator.py
[2024-05-10T07:23:25.888+0000] {processor.py:830} INFO - Processing file /home/airflow/.local/lib/python3.12/site-packages/airflow/example_dags/example_short_circuit_operator.py for tasks to queue
[2024-05-10T07:23:25.889+0000] {logging_mixin.py:188} INFO - [2024-05-10T07:23:25.889+0000] {dagbag.py:540} INFO - Filling up the DagBag from /home/airflow/.local/lib/python3.12/site-packages/airflow/example_dags/example_short_circuit_operator.py
[2024-05-10T07:23:25.895+0000] {processor.py:840} INFO - DAG(s) 'example_short_circuit_operator' retrieved from /home/airflow/.local/lib/python3.12/site-packages/airflow/example_dags/example_short_circuit_operator.py
[2024-05-10T07:23:25.914+0000] {logging_mixin.py:188} INFO - [2024-05-10T07:23:25.913+0000] {dag.py:3096} INFO - Sync 1 DAGs
[2024-05-10T07:23:25.931+0000] {logging_mixin.py:188} INFO - [2024-05-10T07:23:25.931+0000] {dag.py:3954} INFO - Setting next_dagrun for example_short_circuit_operator to 2024-05-09 00:00:00+00:00, run_after=2024-05-10 00:00:00+00:00
[2024-05-10T07:23:26.017+0000] {processor.py:183} INFO - Processing /home/airflow/.local/lib/python3.12/site-packages/airflow/example_dags/example_short_circuit_operator.py took 0.134 seconds
[2024-05-10T07:23:56.695+0000] {processor.py:161} INFO - Started process (PID=229) to work on /home/airflow/.local/lib/python3.12/site-packages/airflow/example_dags/example_short_circuit_operator.py
[2024-05-10T07:23:56.696+0000] {processor.py:830} INFO - Processing file /home/airflow/.local/lib/python3.12/site-packages/airflow/example_dags/example_short_circuit_operator.py for tasks to queue
[2024-05-10T07:23:56.697+0000] {logging_mixin.py:188} INFO - [2024-05-10T07:23:56.697+0000] {dagbag.py:540} INFO - Filling up the DagBag from /home/airflow/.local/lib/python3.12/site-packages/airflow/example_dags/example_short_circuit_operator.py
[2024-05-10T07:23:56.703+0000] {processor.py:840} INFO - DAG(s) 'example_short_circuit_operator' retrieved from /home/airflow/.local/lib/python3.12/site-packages/airflow/example_dags/example_short_circuit_operator.py
[2024-05-10T07:23:56.721+0000] {logging_mixin.py:188} INFO - [2024-05-10T07:23:56.720+0000] {dag.py:3096} INFO - Sync 1 DAGs
[2024-05-10T07:23:56.738+0000] {logging_mixin.py:188} INFO - [2024-05-10T07:23:56.738+0000] {dag.py:3954} INFO - Setting next_dagrun for example_short_circuit_operator to 2024-05-09 00:00:00+00:00, run_after=2024-05-10 00:00:00+00:00
[2024-05-10T07:23:56.764+0000] {processor.py:183} INFO - Processing /home/airflow/.local/lib/python3.12/site-packages/airflow/example_dags/example_short_circuit_operator.py took 0.074 seconds
[2024-05-10T07:24:27.314+0000] {processor.py:161} INFO - Started process (PID=286) to work on /home/airflow/.local/lib/python3.12/site-packages/airflow/example_dags/example_short_circuit_operator.py
[2024-05-10T07:24:27.315+0000] {processor.py:830} INFO - Processing file /home/airflow/.local/lib/python3.12/site-packages/airflow/example_dags/example_short_circuit_operator.py for tasks to queue
[2024-05-10T07:24:27.316+0000] {logging_mixin.py:188} INFO - [2024-05-10T07:24:27.316+0000] {dagbag.py:540} INFO - Filling up the DagBag from /home/airflow/.local/lib/python3.12/site-packages/airflow/example_dags/example_short_circuit_operator.py
[2024-05-10T07:24:27.322+0000] {processor.py:840} INFO - DAG(s) 'example_short_circuit_operator' retrieved from /home/airflow/.local/lib/python3.12/site-packages/airflow/example_dags/example_short_circuit_operator.py
[2024-05-10T07:24:27.342+0000] {logging_mixin.py:188} INFO - [2024-05-10T07:24:27.342+0000] {dag.py:3096} INFO - Sync 1 DAGs
[2024-05-10T07:24:27.360+0000] {logging_mixin.py:188} INFO - [2024-05-10T07:24:27.360+0000] {dag.py:3954} INFO - Setting next_dagrun for example_short_circuit_operator to 2024-05-09 00:00:00+00:00, run_after=2024-05-10 00:00:00+00:00
[2024-05-10T07:24:27.385+0000] {processor.py:183} INFO - Processing /home/airflow/.local/lib/python3.12/site-packages/airflow/example_dags/example_short_circuit_operator.py took 0.075 seconds
[2024-05-10T07:24:57.859+0000] {processor.py:161} INFO - Started process (PID=344) to work on /home/airflow/.local/lib/python3.12/site-packages/airflow/example_dags/example_short_circuit_operator.py
[2024-05-10T07:24:57.860+0000] {processor.py:830} INFO - Processing file /home/airflow/.local/lib/python3.12/site-packages/airflow/example_dags/example_short_circuit_operator.py for tasks to queue
[2024-05-10T07:24:57.861+0000] {logging_mixin.py:188} INFO - [2024-05-10T07:24:57.861+0000] {dagbag.py:540} INFO - Filling up the DagBag from /home/airflow/.local/lib/python3.12/site-packages/airflow/example_dags/example_short_circuit_operator.py
[2024-05-10T07:24:57.866+0000] {processor.py:840} INFO - DAG(s) 'example_short_circuit_operator' retrieved from /home/airflow/.local/lib/python3.12/site-packages/airflow/example_dags/example_short_circuit_operator.py
[2024-05-10T07:24:57.884+0000] {logging_mixin.py:188} INFO - [2024-05-10T07:24:57.884+0000] {dag.py:3096} INFO - Sync 1 DAGs
[2024-05-10T07:24:57.901+0000] {logging_mixin.py:188} INFO - [2024-05-10T07:24:57.901+0000] {dag.py:3954} INFO - Setting next_dagrun for example_short_circuit_operator to 2024-05-09 00:00:00+00:00, run_after=2024-05-10 00:00:00+00:00
[2024-05-10T07:24:57.918+0000] {processor.py:183} INFO - Processing /home/airflow/.local/lib/python3.12/site-packages/airflow/example_dags/example_short_circuit_operator.py took 0.064 seconds
[2024-05-10T07:25:28.349+0000] {processor.py:161} INFO - Started process (PID=402) to work on /home/airflow/.local/lib/python3.12/site-packages/airflow/example_dags/example_short_circuit_operator.py
[2024-05-10T07:25:28.349+0000] {processor.py:830} INFO - Processing file /home/airflow/.local/lib/python3.12/site-packages/airflow/example_dags/example_short_circuit_operator.py for tasks to queue
[2024-05-10T07:25:28.351+0000] {logging_mixin.py:188} INFO - [2024-05-10T07:25:28.350+0000] {dagbag.py:540} INFO - Filling up the DagBag from /home/airflow/.local/lib/python3.12/site-packages/airflow/example_dags/example_short_circuit_operator.py
[2024-05-10T07:25:28.356+0000] {processor.py:840} INFO - DAG(s) 'example_short_circuit_operator' retrieved from /home/airflow/.local/lib/python3.12/site-packages/airflow/example_dags/example_short_circuit_operator.py
[2024-05-10T07:25:28.374+0000] {logging_mixin.py:188} INFO - [2024-05-10T07:25:28.374+0000] {dag.py:3096} INFO - Sync 1 DAGs
[2024-05-10T07:25:28.391+0000] {logging_mixin.py:188} INFO - [2024-05-10T07:25:28.391+0000] {dag.py:3954} INFO - Setting next_dagrun for example_short_circuit_operator to 2024-05-09 00:00:00+00:00, run_after=2024-05-10 00:00:00+00:00
[2024-05-10T07:25:28.433+0000] {processor.py:183} INFO - Processing /home/airflow/.local/lib/python3.12/site-packages/airflow/example_dags/example_short_circuit_operator.py took 0.089 seconds
[2024-05-10T07:25:58.472+0000] {processor.py:161} INFO - Started process (PID=460) to work on /home/airflow/.local/lib/python3.12/site-packages/airflow/example_dags/example_short_circuit_operator.py
[2024-05-10T07:25:58.473+0000] {processor.py:830} INFO - Processing file /home/airflow/.local/lib/python3.12/site-packages/airflow/example_dags/example_short_circuit_operator.py for tasks to queue
[2024-05-10T07:25:58.474+0000] {logging_mixin.py:188} INFO - [2024-05-10T07:25:58.474+0000] {dagbag.py:540} INFO - Filling up the DagBag from /home/airflow/.local/lib/python3.12/site-packages/airflow/example_dags/example_short_circuit_operator.py
[2024-05-10T07:25:58.480+0000] {processor.py:840} INFO - DAG(s) 'example_short_circuit_operator' retrieved from /home/airflow/.local/lib/python3.12/site-packages/airflow/example_dags/example_short_circuit_operator.py
[2024-05-10T07:25:58.501+0000] {logging_mixin.py:188} INFO - [2024-05-10T07:25:58.501+0000] {dag.py:3096} INFO - Sync 1 DAGs
[2024-05-10T07:25:58.529+0000] {logging_mixin.py:188} INFO - [2024-05-10T07:25:58.529+0000] {dag.py:3954} INFO - Setting next_dagrun for example_short_circuit_operator to 2024-05-09 00:00:00+00:00, run_after=2024-05-10 00:00:00+00:00
[2024-05-10T07:25:58.563+0000] {processor.py:183} INFO - Processing /home/airflow/.local/lib/python3.12/site-packages/airflow/example_dags/example_short_circuit_operator.py took 0.095 seconds
[2024-05-10T07:26:28.981+0000] {processor.py:161} INFO - Started process (PID=518) to work on /home/airflow/.local/lib/python3.12/site-packages/airflow/example_dags/example_short_circuit_operator.py
[2024-05-10T07:26:28.982+0000] {processor.py:830} INFO - Processing file /home/airflow/.local/lib/python3.12/site-packages/airflow/example_dags/example_short_circuit_operator.py for tasks to queue
[2024-05-10T07:26:28.983+0000] {logging_mixin.py:188} INFO - [2024-05-10T07:26:28.983+0000] {dagbag.py:540} INFO - Filling up the DagBag from /home/airflow/.local/lib/python3.12/site-packages/airflow/example_dags/example_short_circuit_operator.py
[2024-05-10T07:26:28.989+0000] {processor.py:840} INFO - DAG(s) 'example_short_circuit_operator' retrieved from /home/airflow/.local/lib/python3.12/site-packages/airflow/example_dags/example_short_circuit_operator.py
[2024-05-10T07:26:29.008+0000] {logging_mixin.py:188} INFO - [2024-05-10T07:26:29.008+0000] {dag.py:3096} INFO - Sync 1 DAGs
[2024-05-10T07:26:29.026+0000] {logging_mixin.py:188} INFO - [2024-05-10T07:26:29.025+0000] {dag.py:3954} INFO - Setting next_dagrun for example_short_circuit_operator to 2024-05-09 00:00:00+00:00, run_after=2024-05-10 00:00:00+00:00
[2024-05-10T07:26:29.063+0000] {processor.py:183} INFO - Processing /home/airflow/.local/lib/python3.12/site-packages/airflow/example_dags/example_short_circuit_operator.py took 0.086 seconds
[2024-05-10T07:26:59.560+0000] {processor.py:161} INFO - Started process (PID=576) to work on /home/airflow/.local/lib/python3.12/site-packages/airflow/example_dags/example_short_circuit_operator.py
[2024-05-10T07:26:59.561+0000] {processor.py:830} INFO - Processing file /home/airflow/.local/lib/python3.12/site-packages/airflow/example_dags/example_short_circuit_operator.py for tasks to queue
[2024-05-10T07:26:59.562+0000] {logging_mixin.py:188} INFO - [2024-05-10T07:26:59.562+0000] {dagbag.py:540} INFO - Filling up the DagBag from /home/airflow/.local/lib/python3.12/site-packages/airflow/example_dags/example_short_circuit_operator.py
[2024-05-10T07:26:59.567+0000] {processor.py:840} INFO - DAG(s) 'example_short_circuit_operator' retrieved from /home/airflow/.local/lib/python3.12/site-packages/airflow/example_dags/example_short_circuit_operator.py
[2024-05-10T07:26:59.586+0000] {logging_mixin.py:188} INFO - [2024-05-10T07:26:59.586+0000] {dag.py:3096} INFO - Sync 1 DAGs
[2024-05-10T07:26:59.604+0000] {logging_mixin.py:188} INFO - [2024-05-10T07:26:59.604+0000] {dag.py:3954} INFO - Setting next_dagrun for example_short_circuit_operator to 2024-05-09 00:00:00+00:00, run_after=2024-05-10 00:00:00+00:00
[2024-05-10T07:26:59.645+0000] {processor.py:183} INFO - Processing /home/airflow/.local/lib/python3.12/site-packages/airflow/example_dags/example_short_circuit_operator.py took 0.089 seconds
[2024-05-10T07:27:30.096+0000] {processor.py:161} INFO - Started process (PID=634) to work on /home/airflow/.local/lib/python3.12/site-packages/airflow/example_dags/example_short_circuit_operator.py
[2024-05-10T07:27:30.096+0000] {processor.py:830} INFO - Processing file /home/airflow/.local/lib/python3.12/site-packages/airflow/example_dags/example_short_circuit_operator.py for tasks to queue
[2024-05-10T07:27:30.099+0000] {logging_mixin.py:188} INFO - [2024-05-10T07:27:30.098+0000] {dagbag.py:540} INFO - Filling up the DagBag from /home/airflow/.local/lib/python3.12/site-packages/airflow/example_dags/example_short_circuit_operator.py
[2024-05-10T07:27:30.105+0000] {processor.py:840} INFO - DAG(s) 'example_short_circuit_operator' retrieved from /home/airflow/.local/lib/python3.12/site-packages/airflow/example_dags/example_short_circuit_operator.py
[2024-05-10T07:27:30.125+0000] {logging_mixin.py:188} INFO - [2024-05-10T07:27:30.125+0000] {dag.py:3096} INFO - Sync 1 DAGs
[2024-05-10T07:27:30.143+0000] {logging_mixin.py:188} INFO - [2024-05-10T07:27:30.143+0000] {dag.py:3954} INFO - Setting next_dagrun for example_short_circuit_operator to 2024-05-09 00:00:00+00:00, run_after=2024-05-10 00:00:00+00:00
[2024-05-10T07:27:30.163+0000] {processor.py:183} INFO - Processing /home/airflow/.local/lib/python3.12/site-packages/airflow/example_dags/example_short_circuit_operator.py took 0.074 seconds
[2024-05-10T07:28:00.860+0000] {processor.py:161} INFO - Started process (PID=692) to work on /home/airflow/.local/lib/python3.12/site-packages/airflow/example_dags/example_short_circuit_operator.py
[2024-05-10T07:28:00.861+0000] {processor.py:830} INFO - Processing file /home/airflow/.local/lib/python3.12/site-packages/airflow/example_dags/example_short_circuit_operator.py for tasks to queue
[2024-05-10T07:28:00.862+0000] {logging_mixin.py:188} INFO - [2024-05-10T07:28:00.862+0000] {dagbag.py:540} INFO - Filling up the DagBag from /home/airflow/.local/lib/python3.12/site-packages/airflow/example_dags/example_short_circuit_operator.py
[2024-05-10T07:28:00.868+0000] {processor.py:840} INFO - DAG(s) 'example_short_circuit_operator' retrieved from /home/airflow/.local/lib/python3.12/site-packages/airflow/example_dags/example_short_circuit_operator.py
[2024-05-10T07:28:00.927+0000] {logging_mixin.py:188} INFO - [2024-05-10T07:28:00.927+0000] {dag.py:3096} INFO - Sync 1 DAGs
[2024-05-10T07:28:00.957+0000] {logging_mixin.py:188} INFO - [2024-05-10T07:28:00.957+0000] {dag.py:3954} INFO - Setting next_dagrun for example_short_circuit_operator to 2024-05-09 00:00:00+00:00, run_after=2024-05-10 00:00:00+00:00
[2024-05-10T07:28:00.999+0000] {processor.py:183} INFO - Processing /home/airflow/.local/lib/python3.12/site-packages/airflow/example_dags/example_short_circuit_operator.py took 0.144 seconds
[2024-05-10T07:28:31.995+0000] {processor.py:161} INFO - Started process (PID=750) to work on /home/airflow/.local/lib/python3.12/site-packages/airflow/example_dags/example_short_circuit_operator.py
[2024-05-10T07:28:31.996+0000] {processor.py:830} INFO - Processing file /home/airflow/.local/lib/python3.12/site-packages/airflow/example_dags/example_short_circuit_operator.py for tasks to queue
[2024-05-10T07:28:31.998+0000] {logging_mixin.py:188} INFO - [2024-05-10T07:28:31.998+0000] {dagbag.py:540} INFO - Filling up the DagBag from /home/airflow/.local/lib/python3.12/site-packages/airflow/example_dags/example_short_circuit_operator.py
[2024-05-10T07:28:32.008+0000] {processor.py:840} INFO - DAG(s) 'example_short_circuit_operator' retrieved from /home/airflow/.local/lib/python3.12/site-packages/airflow/example_dags/example_short_circuit_operator.py
[2024-05-10T07:28:32.054+0000] {logging_mixin.py:188} INFO - [2024-05-10T07:28:32.053+0000] {dag.py:3096} INFO - Sync 1 DAGs
[2024-05-10T07:28:32.074+0000] {logging_mixin.py:188} INFO - [2024-05-10T07:28:32.073+0000] {dag.py:3954} INFO - Setting next_dagrun for example_short_circuit_operator to 2024-05-09 00:00:00+00:00, run_after=2024-05-10 00:00:00+00:00
[2024-05-10T07:28:32.097+0000] {processor.py:183} INFO - Processing /home/airflow/.local/lib/python3.12/site-packages/airflow/example_dags/example_short_circuit_operator.py took 0.113 seconds
[2024-05-10T07:29:02.483+0000] {processor.py:161} INFO - Started process (PID=808) to work on /home/airflow/.local/lib/python3.12/site-packages/airflow/example_dags/example_short_circuit_operator.py
[2024-05-10T07:29:02.484+0000] {processor.py:830} INFO - Processing file /home/airflow/.local/lib/python3.12/site-packages/airflow/example_dags/example_short_circuit_operator.py for tasks to queue
[2024-05-10T07:29:02.486+0000] {logging_mixin.py:188} INFO - [2024-05-10T07:29:02.485+0000] {dagbag.py:540} INFO - Filling up the DagBag from /home/airflow/.local/lib/python3.12/site-packages/airflow/example_dags/example_short_circuit_operator.py
[2024-05-10T07:29:02.492+0000] {processor.py:840} INFO - DAG(s) 'example_short_circuit_operator' retrieved from /home/airflow/.local/lib/python3.12/site-packages/airflow/example_dags/example_short_circuit_operator.py
[2024-05-10T07:29:02.511+0000] {logging_mixin.py:188} INFO - [2024-05-10T07:29:02.511+0000] {dag.py:3096} INFO - Sync 1 DAGs
[2024-05-10T07:29:02.529+0000] {logging_mixin.py:188} INFO - [2024-05-10T07:29:02.529+0000] {dag.py:3954} INFO - Setting next_dagrun for example_short_circuit_operator to 2024-05-09 00:00:00+00:00, run_after=2024-05-10 00:00:00+00:00
[2024-05-10T07:29:02.552+0000] {processor.py:183} INFO - Processing /home/airflow/.local/lib/python3.12/site-packages/airflow/example_dags/example_short_circuit_operator.py took 0.075 seconds
[2024-05-10T07:29:32.844+0000] {processor.py:161} INFO - Started process (PID=866) to work on /home/airflow/.local/lib/python3.12/site-packages/airflow/example_dags/example_short_circuit_operator.py
[2024-05-10T07:29:32.845+0000] {processor.py:830} INFO - Processing file /home/airflow/.local/lib/python3.12/site-packages/airflow/example_dags/example_short_circuit_operator.py for tasks to queue
[2024-05-10T07:29:32.846+0000] {logging_mixin.py:188} INFO - [2024-05-10T07:29:32.846+0000] {dagbag.py:540} INFO - Filling up the DagBag from /home/airflow/.local/lib/python3.12/site-packages/airflow/example_dags/example_short_circuit_operator.py
[2024-05-10T07:29:32.854+0000] {processor.py:840} INFO - DAG(s) 'example_short_circuit_operator' retrieved from /home/airflow/.local/lib/python3.12/site-packages/airflow/example_dags/example_short_circuit_operator.py
[2024-05-10T07:29:32.871+0000] {logging_mixin.py:188} INFO - [2024-05-10T07:29:32.871+0000] {dag.py:3096} INFO - Sync 1 DAGs
[2024-05-10T07:29:32.888+0000] {logging_mixin.py:188} INFO - [2024-05-10T07:29:32.888+0000] {dag.py:3954} INFO - Setting next_dagrun for example_short_circuit_operator to 2024-05-09 00:00:00+00:00, run_after=2024-05-10 00:00:00+00:00
[2024-05-10T07:29:32.942+0000] {processor.py:183} INFO - Processing /home/airflow/.local/lib/python3.12/site-packages/airflow/example_dags/example_short_circuit_operator.py took 0.106 seconds
[2024-05-10T07:30:03.498+0000] {processor.py:161} INFO - Started process (PID=924) to work on /home/airflow/.local/lib/python3.12/site-packages/airflow/example_dags/example_short_circuit_operator.py
[2024-05-10T07:30:03.499+0000] {processor.py:830} INFO - Processing file /home/airflow/.local/lib/python3.12/site-packages/airflow/example_dags/example_short_circuit_operator.py for tasks to queue
[2024-05-10T07:30:03.501+0000] {logging_mixin.py:188} INFO - [2024-05-10T07:30:03.501+0000] {dagbag.py:540} INFO - Filling up the DagBag from /home/airflow/.local/lib/python3.12/site-packages/airflow/example_dags/example_short_circuit_operator.py
[2024-05-10T07:30:03.509+0000] {processor.py:840} INFO - DAG(s) 'example_short_circuit_operator' retrieved from /home/airflow/.local/lib/python3.12/site-packages/airflow/example_dags/example_short_circuit_operator.py
[2024-05-10T07:30:03.528+0000] {logging_mixin.py:188} INFO - [2024-05-10T07:30:03.527+0000] {dag.py:3096} INFO - Sync 1 DAGs
[2024-05-10T07:30:03.545+0000] {logging_mixin.py:188} INFO - [2024-05-10T07:30:03.545+0000] {dag.py:3954} INFO - Setting next_dagrun for example_short_circuit_operator to 2024-05-09 00:00:00+00:00, run_after=2024-05-10 00:00:00+00:00
[2024-05-10T07:30:03.562+0000] {processor.py:183} INFO - Processing /home/airflow/.local/lib/python3.12/site-packages/airflow/example_dags/example_short_circuit_operator.py took 0.072 seconds
[2024-05-10T07:30:33.818+0000] {processor.py:161} INFO - Started process (PID=983) to work on /home/airflow/.local/lib/python3.12/site-packages/airflow/example_dags/example_short_circuit_operator.py
[2024-05-10T07:30:33.819+0000] {processor.py:830} INFO - Processing file /home/airflow/.local/lib/python3.12/site-packages/airflow/example_dags/example_short_circuit_operator.py for tasks to queue
[2024-05-10T07:30:33.820+0000] {logging_mixin.py:188} INFO - [2024-05-10T07:30:33.820+0000] {dagbag.py:540} INFO - Filling up the DagBag from /home/airflow/.local/lib/python3.12/site-packages/airflow/example_dags/example_short_circuit_operator.py
[2024-05-10T07:30:33.826+0000] {processor.py:840} INFO - DAG(s) 'example_short_circuit_operator' retrieved from /home/airflow/.local/lib/python3.12/site-packages/airflow/example_dags/example_short_circuit_operator.py
[2024-05-10T07:30:33.847+0000] {logging_mixin.py:188} INFO - [2024-05-10T07:30:33.847+0000] {dag.py:3096} INFO - Sync 1 DAGs
[2024-05-10T07:30:33.977+0000] {logging_mixin.py:188} INFO - [2024-05-10T07:30:33.977+0000] {dag.py:3954} INFO - Setting next_dagrun for example_short_circuit_operator to 2024-05-09 00:00:00+00:00, run_after=2024-05-10 00:00:00+00:00
[2024-05-10T07:30:33.995+0000] {processor.py:183} INFO - Processing /home/airflow/.local/lib/python3.12/site-packages/airflow/example_dags/example_short_circuit_operator.py took 0.182 seconds
[2024-05-10T07:31:04.119+0000] {processor.py:161} INFO - Started process (PID=1041) to work on /home/airflow/.local/lib/python3.12/site-packages/airflow/example_dags/example_short_circuit_operator.py
[2024-05-10T07:31:04.120+0000] {processor.py:830} INFO - Processing file /home/airflow/.local/lib/python3.12/site-packages/airflow/example_dags/example_short_circuit_operator.py for tasks to queue
[2024-05-10T07:31:04.122+0000] {logging_mixin.py:188} INFO - [2024-05-10T07:31:04.121+0000] {dagbag.py:540} INFO - Filling up the DagBag from /home/airflow/.local/lib/python3.12/site-packages/airflow/example_dags/example_short_circuit_operator.py
[2024-05-10T07:31:04.127+0000] {processor.py:840} INFO - DAG(s) 'example_short_circuit_operator' retrieved from /home/airflow/.local/lib/python3.12/site-packages/airflow/example_dags/example_short_circuit_operator.py
[2024-05-10T07:31:04.144+0000] {logging_mixin.py:188} INFO - [2024-05-10T07:31:04.144+0000] {dag.py:3096} INFO - Sync 1 DAGs
[2024-05-10T07:31:04.160+0000] {logging_mixin.py:188} INFO - [2024-05-10T07:31:04.160+0000] {dag.py:3954} INFO - Setting next_dagrun for example_short_circuit_operator to 2024-05-09 00:00:00+00:00, run_after=2024-05-10 00:00:00+00:00
[2024-05-10T07:31:04.291+0000] {processor.py:183} INFO - Processing /home/airflow/.local/lib/python3.12/site-packages/airflow/example_dags/example_short_circuit_operator.py took 0.177 seconds
[2024-05-10T07:31:34.359+0000] {processor.py:161} INFO - Started process (PID=1099) to work on /home/airflow/.local/lib/python3.12/site-packages/airflow/example_dags/example_short_circuit_operator.py
[2024-05-10T07:31:34.360+0000] {processor.py:830} INFO - Processing file /home/airflow/.local/lib/python3.12/site-packages/airflow/example_dags/example_short_circuit_operator.py for tasks to queue
[2024-05-10T07:31:34.361+0000] {logging_mixin.py:188} INFO - [2024-05-10T07:31:34.361+0000] {dagbag.py:540} INFO - Filling up the DagBag from /home/airflow/.local/lib/python3.12/site-packages/airflow/example_dags/example_short_circuit_operator.py
[2024-05-10T07:31:34.367+0000] {processor.py:840} INFO - DAG(s) 'example_short_circuit_operator' retrieved from /home/airflow/.local/lib/python3.12/site-packages/airflow/example_dags/example_short_circuit_operator.py
[2024-05-10T07:31:34.385+0000] {logging_mixin.py:188} INFO - [2024-05-10T07:31:34.385+0000] {dag.py:3096} INFO - Sync 1 DAGs
[2024-05-10T07:31:34.402+0000] {logging_mixin.py:188} INFO - [2024-05-10T07:31:34.402+0000] {dag.py:3954} INFO - Setting next_dagrun for example_short_circuit_operator to 2024-05-09 00:00:00+00:00, run_after=2024-05-10 00:00:00+00:00
[2024-05-10T07:31:34.445+0000] {processor.py:183} INFO - Processing /home/airflow/.local/lib/python3.12/site-packages/airflow/example_dags/example_short_circuit_operator.py took 0.090 seconds
[2024-05-10T07:32:05.216+0000] {processor.py:161} INFO - Started process (PID=1157) to work on /home/airflow/.local/lib/python3.12/site-packages/airflow/example_dags/example_short_circuit_operator.py
[2024-05-10T07:32:05.216+0000] {processor.py:830} INFO - Processing file /home/airflow/.local/lib/python3.12/site-packages/airflow/example_dags/example_short_circuit_operator.py for tasks to queue
[2024-05-10T07:32:05.218+0000] {logging_mixin.py:188} INFO - [2024-05-10T07:32:05.217+0000] {dagbag.py:540} INFO - Filling up the DagBag from /home/airflow/.local/lib/python3.12/site-packages/airflow/example_dags/example_short_circuit_operator.py
[2024-05-10T07:32:05.224+0000] {processor.py:840} INFO - DAG(s) 'example_short_circuit_operator' retrieved from /home/airflow/.local/lib/python3.12/site-packages/airflow/example_dags/example_short_circuit_operator.py
[2024-05-10T07:32:05.242+0000] {logging_mixin.py:188} INFO - [2024-05-10T07:32:05.242+0000] {dag.py:3096} INFO - Sync 1 DAGs
[2024-05-10T07:32:05.259+0000] {logging_mixin.py:188} INFO - [2024-05-10T07:32:05.259+0000] {dag.py:3954} INFO - Setting next_dagrun for example_short_circuit_operator to 2024-05-09 00:00:00+00:00, run_after=2024-05-10 00:00:00+00:00
[2024-05-10T07:32:05.303+0000] {processor.py:183} INFO - Processing /home/airflow/.local/lib/python3.12/site-packages/airflow/example_dags/example_short_circuit_operator.py took 0.092 seconds
[2024-05-10T07:32:35.839+0000] {processor.py:161} INFO - Started process (PID=1216) to work on /home/airflow/.local/lib/python3.12/site-packages/airflow/example_dags/example_short_circuit_operator.py
[2024-05-10T07:32:35.839+0000] {processor.py:830} INFO - Processing file /home/airflow/.local/lib/python3.12/site-packages/airflow/example_dags/example_short_circuit_operator.py for tasks to queue
[2024-05-10T07:32:35.841+0000] {logging_mixin.py:188} INFO - [2024-05-10T07:32:35.840+0000] {dagbag.py:540} INFO - Filling up the DagBag from /home/airflow/.local/lib/python3.12/site-packages/airflow/example_dags/example_short_circuit_operator.py
[2024-05-10T07:32:35.846+0000] {processor.py:840} INFO - DAG(s) 'example_short_circuit_operator' retrieved from /home/airflow/.local/lib/python3.12/site-packages/airflow/example_dags/example_short_circuit_operator.py
[2024-05-10T07:32:35.864+0000] {logging_mixin.py:188} INFO - [2024-05-10T07:32:35.863+0000] {dag.py:3096} INFO - Sync 1 DAGs
[2024-05-10T07:32:35.881+0000] {logging_mixin.py:188} INFO - [2024-05-10T07:32:35.881+0000] {dag.py:3954} INFO - Setting next_dagrun for example_short_circuit_operator to 2024-05-09 00:00:00+00:00, run_after=2024-05-10 00:00:00+00:00
[2024-05-10T07:32:35.934+0000] {processor.py:183} INFO - Processing /home/airflow/.local/lib/python3.12/site-packages/airflow/example_dags/example_short_circuit_operator.py took 0.099 seconds
[2024-05-10T07:33:06.586+0000] {processor.py:161} INFO - Started process (PID=1274) to work on /home/airflow/.local/lib/python3.12/site-packages/airflow/example_dags/example_short_circuit_operator.py
[2024-05-10T07:33:06.587+0000] {processor.py:830} INFO - Processing file /home/airflow/.local/lib/python3.12/site-packages/airflow/example_dags/example_short_circuit_operator.py for tasks to queue
[2024-05-10T07:33:06.588+0000] {logging_mixin.py:188} INFO - [2024-05-10T07:33:06.588+0000] {dagbag.py:540} INFO - Filling up the DagBag from /home/airflow/.local/lib/python3.12/site-packages/airflow/example_dags/example_short_circuit_operator.py
[2024-05-10T07:33:06.594+0000] {processor.py:840} INFO - DAG(s) 'example_short_circuit_operator' retrieved from /home/airflow/.local/lib/python3.12/site-packages/airflow/example_dags/example_short_circuit_operator.py
[2024-05-10T07:33:06.618+0000] {logging_mixin.py:188} INFO - [2024-05-10T07:33:06.618+0000] {dag.py:3096} INFO - Sync 1 DAGs
[2024-05-10T07:33:06.638+0000] {logging_mixin.py:188} INFO - [2024-05-10T07:33:06.638+0000] {dag.py:3954} INFO - Setting next_dagrun for example_short_circuit_operator to 2024-05-09 00:00:00+00:00, run_after=2024-05-10 00:00:00+00:00
[2024-05-10T07:33:06.664+0000] {processor.py:183} INFO - Processing /home/airflow/.local/lib/python3.12/site-packages/airflow/example_dags/example_short_circuit_operator.py took 0.083 seconds
[2024-05-10T07:33:37.182+0000] {processor.py:161} INFO - Started process (PID=1334) to work on /home/airflow/.local/lib/python3.12/site-packages/airflow/example_dags/example_short_circuit_operator.py
[2024-05-10T07:33:37.182+0000] {processor.py:830} INFO - Processing file /home/airflow/.local/lib/python3.12/site-packages/airflow/example_dags/example_short_circuit_operator.py for tasks to queue
[2024-05-10T07:33:37.184+0000] {logging_mixin.py:188} INFO - [2024-05-10T07:33:37.183+0000] {dagbag.py:540} INFO - Filling up the DagBag from /home/airflow/.local/lib/python3.12/site-packages/airflow/example_dags/example_short_circuit_operator.py
[2024-05-10T07:33:37.189+0000] {processor.py:840} INFO - DAG(s) 'example_short_circuit_operator' retrieved from /home/airflow/.local/lib/python3.12/site-packages/airflow/example_dags/example_short_circuit_operator.py
[2024-05-10T07:33:37.208+0000] {logging_mixin.py:188} INFO - [2024-05-10T07:33:37.208+0000] {dag.py:3096} INFO - Sync 1 DAGs
[2024-05-10T07:33:37.225+0000] {logging_mixin.py:188} INFO - [2024-05-10T07:33:37.225+0000] {dag.py:3954} INFO - Setting next_dagrun for example_short_circuit_operator to 2024-05-09 00:00:00+00:00, run_after=2024-05-10 00:00:00+00:00
[2024-05-10T07:33:37.259+0000] {processor.py:183} INFO - Processing /home/airflow/.local/lib/python3.12/site-packages/airflow/example_dags/example_short_circuit_operator.py took 0.082 seconds
[2024-05-10T07:34:07.831+0000] {processor.py:161} INFO - Started process (PID=1394) to work on /home/airflow/.local/lib/python3.12/site-packages/airflow/example_dags/example_short_circuit_operator.py
[2024-05-10T07:34:07.832+0000] {processor.py:830} INFO - Processing file /home/airflow/.local/lib/python3.12/site-packages/airflow/example_dags/example_short_circuit_operator.py for tasks to queue
[2024-05-10T07:34:07.833+0000] {logging_mixin.py:188} INFO - [2024-05-10T07:34:07.833+0000] {dagbag.py:540} INFO - Filling up the DagBag from /home/airflow/.local/lib/python3.12/site-packages/airflow/example_dags/example_short_circuit_operator.py
[2024-05-10T07:34:07.842+0000] {processor.py:840} INFO - DAG(s) 'example_short_circuit_operator' retrieved from /home/airflow/.local/lib/python3.12/site-packages/airflow/example_dags/example_short_circuit_operator.py
[2024-05-10T07:34:07.862+0000] {logging_mixin.py:188} INFO - [2024-05-10T07:34:07.862+0000] {dag.py:3096} INFO - Sync 1 DAGs
[2024-05-10T07:34:07.881+0000] {logging_mixin.py:188} INFO - [2024-05-10T07:34:07.881+0000] {dag.py:3954} INFO - Setting next_dagrun for example_short_circuit_operator to 2024-05-09 00:00:00+00:00, run_after=2024-05-10 00:00:00+00:00
[2024-05-10T07:34:07.908+0000] {processor.py:183} INFO - Processing /home/airflow/.local/lib/python3.12/site-packages/airflow/example_dags/example_short_circuit_operator.py took 0.082 seconds
[2024-05-10T07:34:38.530+0000] {processor.py:161} INFO - Started process (PID=1453) to work on /home/airflow/.local/lib/python3.12/site-packages/airflow/example_dags/example_short_circuit_operator.py
[2024-05-10T07:34:38.531+0000] {processor.py:830} INFO - Processing file /home/airflow/.local/lib/python3.12/site-packages/airflow/example_dags/example_short_circuit_operator.py for tasks to queue
[2024-05-10T07:34:38.532+0000] {logging_mixin.py:188} INFO - [2024-05-10T07:34:38.532+0000] {dagbag.py:540} INFO - Filling up the DagBag from /home/airflow/.local/lib/python3.12/site-packages/airflow/example_dags/example_short_circuit_operator.py
[2024-05-10T07:34:38.538+0000] {processor.py:840} INFO - DAG(s) 'example_short_circuit_operator' retrieved from /home/airflow/.local/lib/python3.12/site-packages/airflow/example_dags/example_short_circuit_operator.py
[2024-05-10T07:34:38.557+0000] {logging_mixin.py:188} INFO - [2024-05-10T07:34:38.556+0000] {dag.py:3096} INFO - Sync 1 DAGs
[2024-05-10T07:34:38.575+0000] {logging_mixin.py:188} INFO - [2024-05-10T07:34:38.574+0000] {dag.py:3954} INFO - Setting next_dagrun for example_short_circuit_operator to 2024-05-09 00:00:00+00:00, run_after=2024-05-10 00:00:00+00:00
[2024-05-10T07:34:38.596+0000] {processor.py:183} INFO - Processing /home/airflow/.local/lib/python3.12/site-packages/airflow/example_dags/example_short_circuit_operator.py took 0.071 seconds
[2024-05-10T07:35:09.155+0000] {processor.py:161} INFO - Started process (PID=1512) to work on /home/airflow/.local/lib/python3.12/site-packages/airflow/example_dags/example_short_circuit_operator.py
[2024-05-10T07:35:09.160+0000] {processor.py:830} INFO - Processing file /home/airflow/.local/lib/python3.12/site-packages/airflow/example_dags/example_short_circuit_operator.py for tasks to queue
[2024-05-10T07:35:09.177+0000] {logging_mixin.py:188} INFO - [2024-05-10T07:35:09.177+0000] {dagbag.py:540} INFO - Filling up the DagBag from /home/airflow/.local/lib/python3.12/site-packages/airflow/example_dags/example_short_circuit_operator.py
[2024-05-10T07:35:09.184+0000] {processor.py:840} INFO - DAG(s) 'example_short_circuit_operator' retrieved from /home/airflow/.local/lib/python3.12/site-packages/airflow/example_dags/example_short_circuit_operator.py
[2024-05-10T07:35:09.208+0000] {logging_mixin.py:188} INFO - [2024-05-10T07:35:09.208+0000] {dag.py:3096} INFO - Sync 1 DAGs
[2024-05-10T07:35:09.230+0000] {logging_mixin.py:188} INFO - [2024-05-10T07:35:09.229+0000] {dag.py:3954} INFO - Setting next_dagrun for example_short_circuit_operator to 2024-05-09 00:00:00+00:00, run_after=2024-05-10 00:00:00+00:00
[2024-05-10T07:35:09.290+0000] {processor.py:183} INFO - Processing /home/airflow/.local/lib/python3.12/site-packages/airflow/example_dags/example_short_circuit_operator.py took 0.152 seconds
[2024-05-10T07:35:40.004+0000] {processor.py:161} INFO - Started process (PID=1577) to work on /home/airflow/.local/lib/python3.12/site-packages/airflow/example_dags/example_short_circuit_operator.py
[2024-05-10T07:35:40.005+0000] {processor.py:830} INFO - Processing file /home/airflow/.local/lib/python3.12/site-packages/airflow/example_dags/example_short_circuit_operator.py for tasks to queue
[2024-05-10T07:35:40.007+0000] {logging_mixin.py:188} INFO - [2024-05-10T07:35:40.006+0000] {dagbag.py:540} INFO - Filling up the DagBag from /home/airflow/.local/lib/python3.12/site-packages/airflow/example_dags/example_short_circuit_operator.py
[2024-05-10T07:35:40.012+0000] {processor.py:840} INFO - DAG(s) 'example_short_circuit_operator' retrieved from /home/airflow/.local/lib/python3.12/site-packages/airflow/example_dags/example_short_circuit_operator.py
[2024-05-10T07:35:40.032+0000] {logging_mixin.py:188} INFO - [2024-05-10T07:35:40.032+0000] {dag.py:3096} INFO - Sync 1 DAGs
[2024-05-10T07:35:40.049+0000] {logging_mixin.py:188} INFO - [2024-05-10T07:35:40.049+0000] {dag.py:3954} INFO - Setting next_dagrun for example_short_circuit_operator to 2024-05-09 00:00:00+00:00, run_after=2024-05-10 00:00:00+00:00
[2024-05-10T07:35:40.077+0000] {processor.py:183} INFO - Processing /home/airflow/.local/lib/python3.12/site-packages/airflow/example_dags/example_short_circuit_operator.py took 0.077 seconds
[2024-05-10T07:36:10.509+0000] {processor.py:161} INFO - Started process (PID=1636) to work on /home/airflow/.local/lib/python3.12/site-packages/airflow/example_dags/example_short_circuit_operator.py
[2024-05-10T07:36:10.510+0000] {processor.py:830} INFO - Processing file /home/airflow/.local/lib/python3.12/site-packages/airflow/example_dags/example_short_circuit_operator.py for tasks to queue
[2024-05-10T07:36:10.511+0000] {logging_mixin.py:188} INFO - [2024-05-10T07:36:10.511+0000] {dagbag.py:540} INFO - Filling up the DagBag from /home/airflow/.local/lib/python3.12/site-packages/airflow/example_dags/example_short_circuit_operator.py
[2024-05-10T07:36:10.518+0000] {processor.py:840} INFO - DAG(s) 'example_short_circuit_operator' retrieved from /home/airflow/.local/lib/python3.12/site-packages/airflow/example_dags/example_short_circuit_operator.py
[2024-05-10T07:36:10.539+0000] {logging_mixin.py:188} INFO - [2024-05-10T07:36:10.539+0000] {dag.py:3096} INFO - Sync 1 DAGs
[2024-05-10T07:36:10.559+0000] {logging_mixin.py:188} INFO - [2024-05-10T07:36:10.559+0000] {dag.py:3954} INFO - Setting next_dagrun for example_short_circuit_operator to 2024-05-09 00:00:00+00:00, run_after=2024-05-10 00:00:00+00:00
[2024-05-10T07:36:10.585+0000] {processor.py:183} INFO - Processing /home/airflow/.local/lib/python3.12/site-packages/airflow/example_dags/example_short_circuit_operator.py took 0.083 seconds
[2024-05-10T07:36:41.583+0000] {processor.py:161} INFO - Started process (PID=1694) to work on /home/airflow/.local/lib/python3.12/site-packages/airflow/example_dags/example_short_circuit_operator.py
[2024-05-10T07:36:41.583+0000] {processor.py:830} INFO - Processing file /home/airflow/.local/lib/python3.12/site-packages/airflow/example_dags/example_short_circuit_operator.py for tasks to queue
[2024-05-10T07:36:41.585+0000] {logging_mixin.py:188} INFO - [2024-05-10T07:36:41.584+0000] {dagbag.py:540} INFO - Filling up the DagBag from /home/airflow/.local/lib/python3.12/site-packages/airflow/example_dags/example_short_circuit_operator.py
[2024-05-10T07:36:41.590+0000] {processor.py:840} INFO - DAG(s) 'example_short_circuit_operator' retrieved from /home/airflow/.local/lib/python3.12/site-packages/airflow/example_dags/example_short_circuit_operator.py
[2024-05-10T07:36:41.612+0000] {logging_mixin.py:188} INFO - [2024-05-10T07:36:41.611+0000] {dag.py:3096} INFO - Sync 1 DAGs
[2024-05-10T07:36:41.630+0000] {logging_mixin.py:188} INFO - [2024-05-10T07:36:41.630+0000] {dag.py:3954} INFO - Setting next_dagrun for example_short_circuit_operator to 2024-05-09 00:00:00+00:00, run_after=2024-05-10 00:00:00+00:00
[2024-05-10T07:36:41.651+0000] {processor.py:183} INFO - Processing /home/airflow/.local/lib/python3.12/site-packages/airflow/example_dags/example_short_circuit_operator.py took 0.074 seconds
[2024-05-10T07:37:11.736+0000] {processor.py:161} INFO - Started process (PID=1753) to work on /home/airflow/.local/lib/python3.12/site-packages/airflow/example_dags/example_short_circuit_operator.py
[2024-05-10T07:37:11.736+0000] {processor.py:830} INFO - Processing file /home/airflow/.local/lib/python3.12/site-packages/airflow/example_dags/example_short_circuit_operator.py for tasks to queue
[2024-05-10T07:37:11.740+0000] {logging_mixin.py:188} INFO - [2024-05-10T07:37:11.739+0000] {dagbag.py:540} INFO - Filling up the DagBag from /home/airflow/.local/lib/python3.12/site-packages/airflow/example_dags/example_short_circuit_operator.py
[2024-05-10T07:37:11.746+0000] {processor.py:840} INFO - DAG(s) 'example_short_circuit_operator' retrieved from /home/airflow/.local/lib/python3.12/site-packages/airflow/example_dags/example_short_circuit_operator.py
[2024-05-10T07:37:11.767+0000] {logging_mixin.py:188} INFO - [2024-05-10T07:37:11.767+0000] {dag.py:3096} INFO - Sync 1 DAGs
[2024-05-10T07:37:11.789+0000] {logging_mixin.py:188} INFO - [2024-05-10T07:37:11.789+0000] {dag.py:3954} INFO - Setting next_dagrun for example_short_circuit_operator to 2024-05-09 00:00:00+00:00, run_after=2024-05-10 00:00:00+00:00
[2024-05-10T07:37:11.811+0000] {processor.py:183} INFO - Processing /home/airflow/.local/lib/python3.12/site-packages/airflow/example_dags/example_short_circuit_operator.py took 0.080 seconds
[2024-05-10T07:37:41.916+0000] {processor.py:161} INFO - Started process (PID=1812) to work on /home/airflow/.local/lib/python3.12/site-packages/airflow/example_dags/example_short_circuit_operator.py
[2024-05-10T07:37:41.917+0000] {processor.py:830} INFO - Processing file /home/airflow/.local/lib/python3.12/site-packages/airflow/example_dags/example_short_circuit_operator.py for tasks to queue
[2024-05-10T07:37:41.920+0000] {logging_mixin.py:188} INFO - [2024-05-10T07:37:41.919+0000] {dagbag.py:540} INFO - Filling up the DagBag from /home/airflow/.local/lib/python3.12/site-packages/airflow/example_dags/example_short_circuit_operator.py
[2024-05-10T07:37:41.928+0000] {processor.py:840} INFO - DAG(s) 'example_short_circuit_operator' retrieved from /home/airflow/.local/lib/python3.12/site-packages/airflow/example_dags/example_short_circuit_operator.py
[2024-05-10T07:37:41.946+0000] {logging_mixin.py:188} INFO - [2024-05-10T07:37:41.946+0000] {dag.py:3096} INFO - Sync 1 DAGs
[2024-05-10T07:37:41.971+0000] {logging_mixin.py:188} INFO - [2024-05-10T07:37:41.971+0000] {dag.py:3954} INFO - Setting next_dagrun for example_short_circuit_operator to 2024-05-09 00:00:00+00:00, run_after=2024-05-10 00:00:00+00:00
[2024-05-10T07:37:41.997+0000] {processor.py:183} INFO - Processing /home/airflow/.local/lib/python3.12/site-packages/airflow/example_dags/example_short_circuit_operator.py took 0.090 seconds
[2024-05-10T07:38:12.590+0000] {processor.py:161} INFO - Started process (PID=1871) to work on /home/airflow/.local/lib/python3.12/site-packages/airflow/example_dags/example_short_circuit_operator.py
[2024-05-10T07:38:12.591+0000] {processor.py:830} INFO - Processing file /home/airflow/.local/lib/python3.12/site-packages/airflow/example_dags/example_short_circuit_operator.py for tasks to queue
[2024-05-10T07:38:12.593+0000] {logging_mixin.py:188} INFO - [2024-05-10T07:38:12.592+0000] {dagbag.py:540} INFO - Filling up the DagBag from /home/airflow/.local/lib/python3.12/site-packages/airflow/example_dags/example_short_circuit_operator.py
[2024-05-10T07:38:12.600+0000] {processor.py:840} INFO - DAG(s) 'example_short_circuit_operator' retrieved from /home/airflow/.local/lib/python3.12/site-packages/airflow/example_dags/example_short_circuit_operator.py
[2024-05-10T07:38:12.619+0000] {logging_mixin.py:188} INFO - [2024-05-10T07:38:12.618+0000] {dag.py:3096} INFO - Sync 1 DAGs
[2024-05-10T07:38:12.636+0000] {logging_mixin.py:188} INFO - [2024-05-10T07:38:12.636+0000] {dag.py:3954} INFO - Setting next_dagrun for example_short_circuit_operator to 2024-05-09 00:00:00+00:00, run_after=2024-05-10 00:00:00+00:00
[2024-05-10T07:38:12.675+0000] {processor.py:183} INFO - Processing /home/airflow/.local/lib/python3.12/site-packages/airflow/example_dags/example_short_circuit_operator.py took 0.093 seconds
[2024-05-10T07:38:43.280+0000] {processor.py:161} INFO - Started process (PID=1929) to work on /home/airflow/.local/lib/python3.12/site-packages/airflow/example_dags/example_short_circuit_operator.py
[2024-05-10T07:38:43.281+0000] {processor.py:830} INFO - Processing file /home/airflow/.local/lib/python3.12/site-packages/airflow/example_dags/example_short_circuit_operator.py for tasks to queue
[2024-05-10T07:38:43.283+0000] {logging_mixin.py:188} INFO - [2024-05-10T07:38:43.283+0000] {dagbag.py:540} INFO - Filling up the DagBag from /home/airflow/.local/lib/python3.12/site-packages/airflow/example_dags/example_short_circuit_operator.py
[2024-05-10T07:38:43.291+0000] {processor.py:840} INFO - DAG(s) 'example_short_circuit_operator' retrieved from /home/airflow/.local/lib/python3.12/site-packages/airflow/example_dags/example_short_circuit_operator.py
[2024-05-10T07:38:43.310+0000] {logging_mixin.py:188} INFO - [2024-05-10T07:38:43.310+0000] {dag.py:3096} INFO - Sync 1 DAGs
[2024-05-10T07:38:43.328+0000] {logging_mixin.py:188} INFO - [2024-05-10T07:38:43.328+0000] {dag.py:3954} INFO - Setting next_dagrun for example_short_circuit_operator to 2024-05-09 00:00:00+00:00, run_after=2024-05-10 00:00:00+00:00
[2024-05-10T07:38:43.352+0000] {processor.py:183} INFO - Processing /home/airflow/.local/lib/python3.12/site-packages/airflow/example_dags/example_short_circuit_operator.py took 0.080 seconds
[2024-05-10T07:39:14.048+0000] {processor.py:161} INFO - Started process (PID=1988) to work on /home/airflow/.local/lib/python3.12/site-packages/airflow/example_dags/example_short_circuit_operator.py
[2024-05-10T07:39:14.049+0000] {processor.py:830} INFO - Processing file /home/airflow/.local/lib/python3.12/site-packages/airflow/example_dags/example_short_circuit_operator.py for tasks to queue
[2024-05-10T07:39:14.051+0000] {logging_mixin.py:188} INFO - [2024-05-10T07:39:14.050+0000] {dagbag.py:540} INFO - Filling up the DagBag from /home/airflow/.local/lib/python3.12/site-packages/airflow/example_dags/example_short_circuit_operator.py
[2024-05-10T07:39:14.057+0000] {processor.py:840} INFO - DAG(s) 'example_short_circuit_operator' retrieved from /home/airflow/.local/lib/python3.12/site-packages/airflow/example_dags/example_short_circuit_operator.py
[2024-05-10T07:39:14.075+0000] {logging_mixin.py:188} INFO - [2024-05-10T07:39:14.075+0000] {dag.py:3096} INFO - Sync 1 DAGs
[2024-05-10T07:39:14.093+0000] {logging_mixin.py:188} INFO - [2024-05-10T07:39:14.093+0000] {dag.py:3954} INFO - Setting next_dagrun for example_short_circuit_operator to 2024-05-09 00:00:00+00:00, run_after=2024-05-10 00:00:00+00:00
[2024-05-10T07:39:14.119+0000] {processor.py:183} INFO - Processing /home/airflow/.local/lib/python3.12/site-packages/airflow/example_dags/example_short_circuit_operator.py took 0.078 seconds
[2024-05-10T07:39:44.467+0000] {processor.py:161} INFO - Started process (PID=2046) to work on /home/airflow/.local/lib/python3.12/site-packages/airflow/example_dags/example_short_circuit_operator.py
[2024-05-10T07:39:44.468+0000] {processor.py:830} INFO - Processing file /home/airflow/.local/lib/python3.12/site-packages/airflow/example_dags/example_short_circuit_operator.py for tasks to queue
[2024-05-10T07:39:44.471+0000] {logging_mixin.py:188} INFO - [2024-05-10T07:39:44.469+0000] {dagbag.py:540} INFO - Filling up the DagBag from /home/airflow/.local/lib/python3.12/site-packages/airflow/example_dags/example_short_circuit_operator.py
[2024-05-10T07:39:44.481+0000] {processor.py:840} INFO - DAG(s) 'example_short_circuit_operator' retrieved from /home/airflow/.local/lib/python3.12/site-packages/airflow/example_dags/example_short_circuit_operator.py
[2024-05-10T07:39:44.502+0000] {logging_mixin.py:188} INFO - [2024-05-10T07:39:44.502+0000] {dag.py:3096} INFO - Sync 1 DAGs
[2024-05-10T07:39:44.520+0000] {logging_mixin.py:188} INFO - [2024-05-10T07:39:44.520+0000] {dag.py:3954} INFO - Setting next_dagrun for example_short_circuit_operator to 2024-05-09 00:00:00+00:00, run_after=2024-05-10 00:00:00+00:00
[2024-05-10T07:39:44.541+0000] {processor.py:183} INFO - Processing /home/airflow/.local/lib/python3.12/site-packages/airflow/example_dags/example_short_circuit_operator.py took 0.083 seconds
[2024-05-10T07:40:15.379+0000] {processor.py:161} INFO - Started process (PID=2105) to work on /home/airflow/.local/lib/python3.12/site-packages/airflow/example_dags/example_short_circuit_operator.py
[2024-05-10T07:40:15.380+0000] {processor.py:830} INFO - Processing file /home/airflow/.local/lib/python3.12/site-packages/airflow/example_dags/example_short_circuit_operator.py for tasks to queue
[2024-05-10T07:40:15.381+0000] {logging_mixin.py:188} INFO - [2024-05-10T07:40:15.381+0000] {dagbag.py:540} INFO - Filling up the DagBag from /home/airflow/.local/lib/python3.12/site-packages/airflow/example_dags/example_short_circuit_operator.py
[2024-05-10T07:40:15.389+0000] {processor.py:840} INFO - DAG(s) 'example_short_circuit_operator' retrieved from /home/airflow/.local/lib/python3.12/site-packages/airflow/example_dags/example_short_circuit_operator.py
[2024-05-10T07:40:15.412+0000] {logging_mixin.py:188} INFO - [2024-05-10T07:40:15.411+0000] {dag.py:3096} INFO - Sync 1 DAGs
[2024-05-10T07:40:15.429+0000] {logging_mixin.py:188} INFO - [2024-05-10T07:40:15.429+0000] {dag.py:3954} INFO - Setting next_dagrun for example_short_circuit_operator to 2024-05-09 00:00:00+00:00, run_after=2024-05-10 00:00:00+00:00
[2024-05-10T07:40:15.481+0000] {processor.py:183} INFO - Processing /home/airflow/.local/lib/python3.12/site-packages/airflow/example_dags/example_short_circuit_operator.py took 0.108 seconds
[2024-05-10T07:40:46.042+0000] {processor.py:161} INFO - Started process (PID=2164) to work on /home/airflow/.local/lib/python3.12/site-packages/airflow/example_dags/example_short_circuit_operator.py
[2024-05-10T07:40:46.043+0000] {processor.py:830} INFO - Processing file /home/airflow/.local/lib/python3.12/site-packages/airflow/example_dags/example_short_circuit_operator.py for tasks to queue
[2024-05-10T07:40:46.045+0000] {logging_mixin.py:188} INFO - [2024-05-10T07:40:46.045+0000] {dagbag.py:540} INFO - Filling up the DagBag from /home/airflow/.local/lib/python3.12/site-packages/airflow/example_dags/example_short_circuit_operator.py
[2024-05-10T07:40:46.052+0000] {processor.py:840} INFO - DAG(s) 'example_short_circuit_operator' retrieved from /home/airflow/.local/lib/python3.12/site-packages/airflow/example_dags/example_short_circuit_operator.py
[2024-05-10T07:40:46.071+0000] {logging_mixin.py:188} INFO - [2024-05-10T07:40:46.071+0000] {dag.py:3096} INFO - Sync 1 DAGs
[2024-05-10T07:40:46.089+0000] {logging_mixin.py:188} INFO - [2024-05-10T07:40:46.089+0000] {dag.py:3954} INFO - Setting next_dagrun for example_short_circuit_operator to 2024-05-09 00:00:00+00:00, run_after=2024-05-10 00:00:00+00:00
[2024-05-10T07:40:46.107+0000] {processor.py:183} INFO - Processing /home/airflow/.local/lib/python3.12/site-packages/airflow/example_dags/example_short_circuit_operator.py took 0.072 seconds
[2024-05-10T07:41:16.709+0000] {processor.py:161} INFO - Started process (PID=2223) to work on /home/airflow/.local/lib/python3.12/site-packages/airflow/example_dags/example_short_circuit_operator.py
[2024-05-10T07:41:16.711+0000] {processor.py:830} INFO - Processing file /home/airflow/.local/lib/python3.12/site-packages/airflow/example_dags/example_short_circuit_operator.py for tasks to queue
[2024-05-10T07:41:16.717+0000] {logging_mixin.py:188} INFO - [2024-05-10T07:41:16.716+0000] {dagbag.py:540} INFO - Filling up the DagBag from /home/airflow/.local/lib/python3.12/site-packages/airflow/example_dags/example_short_circuit_operator.py
[2024-05-10T07:41:16.743+0000] {processor.py:840} INFO - DAG(s) 'example_short_circuit_operator' retrieved from /home/airflow/.local/lib/python3.12/site-packages/airflow/example_dags/example_short_circuit_operator.py
[2024-05-10T07:41:16.788+0000] {logging_mixin.py:188} INFO - [2024-05-10T07:41:16.788+0000] {dag.py:3096} INFO - Sync 1 DAGs
[2024-05-10T07:41:16.810+0000] {logging_mixin.py:188} INFO - [2024-05-10T07:41:16.810+0000] {dag.py:3954} INFO - Setting next_dagrun for example_short_circuit_operator to 2024-05-09 00:00:00+00:00, run_after=2024-05-10 00:00:00+00:00
[2024-05-10T07:41:16.830+0000] {processor.py:183} INFO - Processing /home/airflow/.local/lib/python3.12/site-packages/airflow/example_dags/example_short_circuit_operator.py took 0.141 seconds
[2024-05-10T07:41:46.931+0000] {processor.py:161} INFO - Started process (PID=2282) to work on /home/airflow/.local/lib/python3.12/site-packages/airflow/example_dags/example_short_circuit_operator.py
[2024-05-10T07:41:46.932+0000] {processor.py:830} INFO - Processing file /home/airflow/.local/lib/python3.12/site-packages/airflow/example_dags/example_short_circuit_operator.py for tasks to queue
[2024-05-10T07:41:46.933+0000] {logging_mixin.py:188} INFO - [2024-05-10T07:41:46.933+0000] {dagbag.py:540} INFO - Filling up the DagBag from /home/airflow/.local/lib/python3.12/site-packages/airflow/example_dags/example_short_circuit_operator.py
[2024-05-10T07:41:46.939+0000] {processor.py:840} INFO - DAG(s) 'example_short_circuit_operator' retrieved from /home/airflow/.local/lib/python3.12/site-packages/airflow/example_dags/example_short_circuit_operator.py
[2024-05-10T07:41:46.957+0000] {logging_mixin.py:188} INFO - [2024-05-10T07:41:46.957+0000] {dag.py:3096} INFO - Sync 1 DAGs
[2024-05-10T07:41:46.976+0000] {logging_mixin.py:188} INFO - [2024-05-10T07:41:46.976+0000] {dag.py:3954} INFO - Setting next_dagrun for example_short_circuit_operator to 2024-05-09 00:00:00+00:00, run_after=2024-05-10 00:00:00+00:00
[2024-05-10T07:41:46.997+0000] {processor.py:183} INFO - Processing /home/airflow/.local/lib/python3.12/site-packages/airflow/example_dags/example_short_circuit_operator.py took 0.071 seconds
[2024-05-10T07:42:17.238+0000] {processor.py:161} INFO - Started process (PID=2340) to work on /home/airflow/.local/lib/python3.12/site-packages/airflow/example_dags/example_short_circuit_operator.py
[2024-05-10T07:42:17.239+0000] {processor.py:830} INFO - Processing file /home/airflow/.local/lib/python3.12/site-packages/airflow/example_dags/example_short_circuit_operator.py for tasks to queue
[2024-05-10T07:42:17.241+0000] {logging_mixin.py:188} INFO - [2024-05-10T07:42:17.240+0000] {dagbag.py:540} INFO - Filling up the DagBag from /home/airflow/.local/lib/python3.12/site-packages/airflow/example_dags/example_short_circuit_operator.py
[2024-05-10T07:42:17.248+0000] {processor.py:840} INFO - DAG(s) 'example_short_circuit_operator' retrieved from /home/airflow/.local/lib/python3.12/site-packages/airflow/example_dags/example_short_circuit_operator.py
[2024-05-10T07:42:17.267+0000] {logging_mixin.py:188} INFO - [2024-05-10T07:42:17.266+0000] {dag.py:3096} INFO - Sync 1 DAGs
[2024-05-10T07:42:17.285+0000] {logging_mixin.py:188} INFO - [2024-05-10T07:42:17.285+0000] {dag.py:3954} INFO - Setting next_dagrun for example_short_circuit_operator to 2024-05-09 00:00:00+00:00, run_after=2024-05-10 00:00:00+00:00
[2024-05-10T07:42:17.306+0000] {processor.py:183} INFO - Processing /home/airflow/.local/lib/python3.12/site-packages/airflow/example_dags/example_short_circuit_operator.py took 0.077 seconds
[2024-05-10T07:42:48.145+0000] {processor.py:161} INFO - Started process (PID=2399) to work on /home/airflow/.local/lib/python3.12/site-packages/airflow/example_dags/example_short_circuit_operator.py
[2024-05-10T07:42:48.146+0000] {processor.py:830} INFO - Processing file /home/airflow/.local/lib/python3.12/site-packages/airflow/example_dags/example_short_circuit_operator.py for tasks to queue
[2024-05-10T07:42:48.147+0000] {logging_mixin.py:188} INFO - [2024-05-10T07:42:48.147+0000] {dagbag.py:540} INFO - Filling up the DagBag from /home/airflow/.local/lib/python3.12/site-packages/airflow/example_dags/example_short_circuit_operator.py
[2024-05-10T07:42:48.153+0000] {processor.py:840} INFO - DAG(s) 'example_short_circuit_operator' retrieved from /home/airflow/.local/lib/python3.12/site-packages/airflow/example_dags/example_short_circuit_operator.py
[2024-05-10T07:42:48.176+0000] {logging_mixin.py:188} INFO - [2024-05-10T07:42:48.176+0000] {dag.py:3096} INFO - Sync 1 DAGs
[2024-05-10T07:42:48.196+0000] {logging_mixin.py:188} INFO - [2024-05-10T07:42:48.196+0000] {dag.py:3954} INFO - Setting next_dagrun for example_short_circuit_operator to 2024-05-09 00:00:00+00:00, run_after=2024-05-10 00:00:00+00:00
[2024-05-10T07:42:48.229+0000] {processor.py:183} INFO - Processing /home/airflow/.local/lib/python3.12/site-packages/airflow/example_dags/example_short_circuit_operator.py took 0.090 seconds
[2024-05-10T07:43:18.699+0000] {processor.py:161} INFO - Started process (PID=2458) to work on /home/airflow/.local/lib/python3.12/site-packages/airflow/example_dags/example_short_circuit_operator.py
[2024-05-10T07:43:18.700+0000] {processor.py:830} INFO - Processing file /home/airflow/.local/lib/python3.12/site-packages/airflow/example_dags/example_short_circuit_operator.py for tasks to queue
[2024-05-10T07:43:18.701+0000] {logging_mixin.py:188} INFO - [2024-05-10T07:43:18.701+0000] {dagbag.py:540} INFO - Filling up the DagBag from /home/airflow/.local/lib/python3.12/site-packages/airflow/example_dags/example_short_circuit_operator.py
[2024-05-10T07:43:18.707+0000] {processor.py:840} INFO - DAG(s) 'example_short_circuit_operator' retrieved from /home/airflow/.local/lib/python3.12/site-packages/airflow/example_dags/example_short_circuit_operator.py
[2024-05-10T07:43:18.725+0000] {logging_mixin.py:188} INFO - [2024-05-10T07:43:18.725+0000] {dag.py:3096} INFO - Sync 1 DAGs
[2024-05-10T07:43:18.742+0000] {logging_mixin.py:188} INFO - [2024-05-10T07:43:18.742+0000] {dag.py:3954} INFO - Setting next_dagrun for example_short_circuit_operator to 2024-05-09 00:00:00+00:00, run_after=2024-05-10 00:00:00+00:00
[2024-05-10T07:43:18.762+0000] {processor.py:183} INFO - Processing /home/airflow/.local/lib/python3.12/site-packages/airflow/example_dags/example_short_circuit_operator.py took 0.067 seconds
[2024-05-10T07:43:49.217+0000] {processor.py:161} INFO - Started process (PID=2517) to work on /home/airflow/.local/lib/python3.12/site-packages/airflow/example_dags/example_short_circuit_operator.py
[2024-05-10T07:43:49.218+0000] {processor.py:830} INFO - Processing file /home/airflow/.local/lib/python3.12/site-packages/airflow/example_dags/example_short_circuit_operator.py for tasks to queue
[2024-05-10T07:43:49.219+0000] {logging_mixin.py:188} INFO - [2024-05-10T07:43:49.219+0000] {dagbag.py:540} INFO - Filling up the DagBag from /home/airflow/.local/lib/python3.12/site-packages/airflow/example_dags/example_short_circuit_operator.py
[2024-05-10T07:43:49.225+0000] {processor.py:840} INFO - DAG(s) 'example_short_circuit_operator' retrieved from /home/airflow/.local/lib/python3.12/site-packages/airflow/example_dags/example_short_circuit_operator.py
[2024-05-10T07:43:49.242+0000] {logging_mixin.py:188} INFO - [2024-05-10T07:43:49.242+0000] {dag.py:3096} INFO - Sync 1 DAGs
[2024-05-10T07:43:49.259+0000] {logging_mixin.py:188} INFO - [2024-05-10T07:43:49.259+0000] {dag.py:3954} INFO - Setting next_dagrun for example_short_circuit_operator to 2024-05-09 00:00:00+00:00, run_after=2024-05-10 00:00:00+00:00
[2024-05-10T07:43:49.284+0000] {processor.py:183} INFO - Processing /home/airflow/.local/lib/python3.12/site-packages/airflow/example_dags/example_short_circuit_operator.py took 0.071 seconds
[2024-05-10T07:44:19.791+0000] {processor.py:161} INFO - Started process (PID=2576) to work on /home/airflow/.local/lib/python3.12/site-packages/airflow/example_dags/example_short_circuit_operator.py
[2024-05-10T07:44:19.792+0000] {processor.py:830} INFO - Processing file /home/airflow/.local/lib/python3.12/site-packages/airflow/example_dags/example_short_circuit_operator.py for tasks to queue
[2024-05-10T07:44:19.794+0000] {logging_mixin.py:188} INFO - [2024-05-10T07:44:19.794+0000] {dagbag.py:540} INFO - Filling up the DagBag from /home/airflow/.local/lib/python3.12/site-packages/airflow/example_dags/example_short_circuit_operator.py
[2024-05-10T07:44:19.803+0000] {processor.py:840} INFO - DAG(s) 'example_short_circuit_operator' retrieved from /home/airflow/.local/lib/python3.12/site-packages/airflow/example_dags/example_short_circuit_operator.py
[2024-05-10T07:44:19.822+0000] {logging_mixin.py:188} INFO - [2024-05-10T07:44:19.822+0000] {dag.py:3096} INFO - Sync 1 DAGs
[2024-05-10T07:44:19.839+0000] {logging_mixin.py:188} INFO - [2024-05-10T07:44:19.839+0000] {dag.py:3954} INFO - Setting next_dagrun for example_short_circuit_operator to 2024-05-09 00:00:00+00:00, run_after=2024-05-10 00:00:00+00:00
[2024-05-10T07:44:19.861+0000] {processor.py:183} INFO - Processing /home/airflow/.local/lib/python3.12/site-packages/airflow/example_dags/example_short_circuit_operator.py took 0.081 seconds
[2024-05-10T07:44:50.302+0000] {processor.py:161} INFO - Started process (PID=2635) to work on /home/airflow/.local/lib/python3.12/site-packages/airflow/example_dags/example_short_circuit_operator.py
[2024-05-10T07:44:50.303+0000] {processor.py:830} INFO - Processing file /home/airflow/.local/lib/python3.12/site-packages/airflow/example_dags/example_short_circuit_operator.py for tasks to queue
[2024-05-10T07:44:50.305+0000] {logging_mixin.py:188} INFO - [2024-05-10T07:44:50.305+0000] {dagbag.py:540} INFO - Filling up the DagBag from /home/airflow/.local/lib/python3.12/site-packages/airflow/example_dags/example_short_circuit_operator.py
[2024-05-10T07:44:50.313+0000] {processor.py:840} INFO - DAG(s) 'example_short_circuit_operator' retrieved from /home/airflow/.local/lib/python3.12/site-packages/airflow/example_dags/example_short_circuit_operator.py
[2024-05-10T07:44:50.332+0000] {logging_mixin.py:188} INFO - [2024-05-10T07:44:50.332+0000] {dag.py:3096} INFO - Sync 1 DAGs
[2024-05-10T07:44:50.349+0000] {logging_mixin.py:188} INFO - [2024-05-10T07:44:50.349+0000] {dag.py:3954} INFO - Setting next_dagrun for example_short_circuit_operator to 2024-05-09 00:00:00+00:00, run_after=2024-05-10 00:00:00+00:00
[2024-05-10T07:44:50.373+0000] {processor.py:183} INFO - Processing /home/airflow/.local/lib/python3.12/site-packages/airflow/example_dags/example_short_circuit_operator.py took 0.080 seconds
[2024-05-10T07:45:20.810+0000] {processor.py:161} INFO - Started process (PID=2695) to work on /home/airflow/.local/lib/python3.12/site-packages/airflow/example_dags/example_short_circuit_operator.py
[2024-05-10T07:45:20.811+0000] {processor.py:830} INFO - Processing file /home/airflow/.local/lib/python3.12/site-packages/airflow/example_dags/example_short_circuit_operator.py for tasks to queue
[2024-05-10T07:45:20.812+0000] {logging_mixin.py:188} INFO - [2024-05-10T07:45:20.812+0000] {dagbag.py:540} INFO - Filling up the DagBag from /home/airflow/.local/lib/python3.12/site-packages/airflow/example_dags/example_short_circuit_operator.py
[2024-05-10T07:45:20.820+0000] {processor.py:840} INFO - DAG(s) 'example_short_circuit_operator' retrieved from /home/airflow/.local/lib/python3.12/site-packages/airflow/example_dags/example_short_circuit_operator.py
[2024-05-10T07:45:20.840+0000] {logging_mixin.py:188} INFO - [2024-05-10T07:45:20.840+0000] {dag.py:3096} INFO - Sync 1 DAGs
[2024-05-10T07:45:20.860+0000] {logging_mixin.py:188} INFO - [2024-05-10T07:45:20.860+0000] {dag.py:3954} INFO - Setting next_dagrun for example_short_circuit_operator to 2024-05-09 00:00:00+00:00, run_after=2024-05-10 00:00:00+00:00
[2024-05-10T07:45:20.884+0000] {processor.py:183} INFO - Processing /home/airflow/.local/lib/python3.12/site-packages/airflow/example_dags/example_short_circuit_operator.py took 0.079 seconds
[2024-05-10T07:45:51.637+0000] {processor.py:161} INFO - Started process (PID=2754) to work on /home/airflow/.local/lib/python3.12/site-packages/airflow/example_dags/example_short_circuit_operator.py
[2024-05-10T07:45:51.638+0000] {processor.py:830} INFO - Processing file /home/airflow/.local/lib/python3.12/site-packages/airflow/example_dags/example_short_circuit_operator.py for tasks to queue
[2024-05-10T07:45:51.641+0000] {logging_mixin.py:188} INFO - [2024-05-10T07:45:51.640+0000] {dagbag.py:540} INFO - Filling up the DagBag from /home/airflow/.local/lib/python3.12/site-packages/airflow/example_dags/example_short_circuit_operator.py
[2024-05-10T07:45:51.649+0000] {processor.py:840} INFO - DAG(s) 'example_short_circuit_operator' retrieved from /home/airflow/.local/lib/python3.12/site-packages/airflow/example_dags/example_short_circuit_operator.py
[2024-05-10T07:45:51.673+0000] {logging_mixin.py:188} INFO - [2024-05-10T07:45:51.672+0000] {dag.py:3096} INFO - Sync 1 DAGs
[2024-05-10T07:45:51.706+0000] {logging_mixin.py:188} INFO - [2024-05-10T07:45:51.706+0000] {dag.py:3954} INFO - Setting next_dagrun for example_short_circuit_operator to 2024-05-09 00:00:00+00:00, run_after=2024-05-10 00:00:00+00:00
[2024-05-10T07:45:51.740+0000] {processor.py:183} INFO - Processing /home/airflow/.local/lib/python3.12/site-packages/airflow/example_dags/example_short_circuit_operator.py took 0.110 seconds
[2024-05-10T07:46:22.303+0000] {processor.py:161} INFO - Started process (PID=2812) to work on /home/airflow/.local/lib/python3.12/site-packages/airflow/example_dags/example_short_circuit_operator.py
[2024-05-10T07:46:22.304+0000] {processor.py:830} INFO - Processing file /home/airflow/.local/lib/python3.12/site-packages/airflow/example_dags/example_short_circuit_operator.py for tasks to queue
[2024-05-10T07:46:22.304+0000] {logging_mixin.py:188} INFO - [2024-05-10T07:46:22.304+0000] {dagbag.py:540} INFO - Filling up the DagBag from /home/airflow/.local/lib/python3.12/site-packages/airflow/example_dags/example_short_circuit_operator.py
[2024-05-10T07:46:22.311+0000] {processor.py:840} INFO - DAG(s) 'example_short_circuit_operator' retrieved from /home/airflow/.local/lib/python3.12/site-packages/airflow/example_dags/example_short_circuit_operator.py
[2024-05-10T07:46:22.331+0000] {logging_mixin.py:188} INFO - [2024-05-10T07:46:22.331+0000] {dag.py:3096} INFO - Sync 1 DAGs
[2024-05-10T07:46:22.352+0000] {logging_mixin.py:188} INFO - [2024-05-10T07:46:22.352+0000] {dag.py:3954} INFO - Setting next_dagrun for example_short_circuit_operator to 2024-05-09 00:00:00+00:00, run_after=2024-05-10 00:00:00+00:00
[2024-05-10T07:46:22.373+0000] {processor.py:183} INFO - Processing /home/airflow/.local/lib/python3.12/site-packages/airflow/example_dags/example_short_circuit_operator.py took 0.075 seconds
[2024-05-10T07:46:52.761+0000] {processor.py:161} INFO - Started process (PID=2869) to work on /home/airflow/.local/lib/python3.12/site-packages/airflow/example_dags/example_short_circuit_operator.py
[2024-05-10T07:46:52.763+0000] {processor.py:830} INFO - Processing file /home/airflow/.local/lib/python3.12/site-packages/airflow/example_dags/example_short_circuit_operator.py for tasks to queue
[2024-05-10T07:46:52.765+0000] {logging_mixin.py:188} INFO - [2024-05-10T07:46:52.764+0000] {dagbag.py:540} INFO - Filling up the DagBag from /home/airflow/.local/lib/python3.12/site-packages/airflow/example_dags/example_short_circuit_operator.py
[2024-05-10T07:46:52.783+0000] {processor.py:840} INFO - DAG(s) 'example_short_circuit_operator' retrieved from /home/airflow/.local/lib/python3.12/site-packages/airflow/example_dags/example_short_circuit_operator.py
[2024-05-10T07:46:52.821+0000] {logging_mixin.py:188} INFO - [2024-05-10T07:46:52.821+0000] {dag.py:3096} INFO - Sync 1 DAGs
[2024-05-10T07:46:52.855+0000] {logging_mixin.py:188} INFO - [2024-05-10T07:46:52.855+0000] {dag.py:3954} INFO - Setting next_dagrun for example_short_circuit_operator to 2024-05-09 00:00:00+00:00, run_after=2024-05-10 00:00:00+00:00
[2024-05-10T07:46:52.887+0000] {processor.py:183} INFO - Processing /home/airflow/.local/lib/python3.12/site-packages/airflow/example_dags/example_short_circuit_operator.py took 0.134 seconds
[2024-05-10T07:47:23.179+0000] {processor.py:161} INFO - Started process (PID=2927) to work on /home/airflow/.local/lib/python3.12/site-packages/airflow/example_dags/example_short_circuit_operator.py
[2024-05-10T07:47:23.180+0000] {processor.py:830} INFO - Processing file /home/airflow/.local/lib/python3.12/site-packages/airflow/example_dags/example_short_circuit_operator.py for tasks to queue
[2024-05-10T07:47:23.181+0000] {logging_mixin.py:188} INFO - [2024-05-10T07:47:23.180+0000] {dagbag.py:540} INFO - Filling up the DagBag from /home/airflow/.local/lib/python3.12/site-packages/airflow/example_dags/example_short_circuit_operator.py
[2024-05-10T07:47:23.190+0000] {processor.py:840} INFO - DAG(s) 'example_short_circuit_operator' retrieved from /home/airflow/.local/lib/python3.12/site-packages/airflow/example_dags/example_short_circuit_operator.py
[2024-05-10T07:47:23.210+0000] {logging_mixin.py:188} INFO - [2024-05-10T07:47:23.210+0000] {dag.py:3096} INFO - Sync 1 DAGs
[2024-05-10T07:47:23.229+0000] {logging_mixin.py:188} INFO - [2024-05-10T07:47:23.229+0000] {dag.py:3954} INFO - Setting next_dagrun for example_short_circuit_operator to 2024-05-09 00:00:00+00:00, run_after=2024-05-10 00:00:00+00:00
[2024-05-10T07:47:23.265+0000] {processor.py:183} INFO - Processing /home/airflow/.local/lib/python3.12/site-packages/airflow/example_dags/example_short_circuit_operator.py took 0.095 seconds
[2024-05-10T07:47:53.442+0000] {processor.py:161} INFO - Started process (PID=2985) to work on /home/airflow/.local/lib/python3.12/site-packages/airflow/example_dags/example_short_circuit_operator.py
[2024-05-10T07:47:53.444+0000] {processor.py:830} INFO - Processing file /home/airflow/.local/lib/python3.12/site-packages/airflow/example_dags/example_short_circuit_operator.py for tasks to queue
[2024-05-10T07:47:53.446+0000] {logging_mixin.py:188} INFO - [2024-05-10T07:47:53.445+0000] {dagbag.py:540} INFO - Filling up the DagBag from /home/airflow/.local/lib/python3.12/site-packages/airflow/example_dags/example_short_circuit_operator.py
[2024-05-10T07:47:53.473+0000] {processor.py:840} INFO - DAG(s) 'example_short_circuit_operator' retrieved from /home/airflow/.local/lib/python3.12/site-packages/airflow/example_dags/example_short_circuit_operator.py
[2024-05-10T07:47:53.541+0000] {logging_mixin.py:188} INFO - [2024-05-10T07:47:53.541+0000] {dag.py:3096} INFO - Sync 1 DAGs
[2024-05-10T07:47:53.567+0000] {logging_mixin.py:188} INFO - [2024-05-10T07:47:53.567+0000] {dag.py:3954} INFO - Setting next_dagrun for example_short_circuit_operator to 2024-05-09 00:00:00+00:00, run_after=2024-05-10 00:00:00+00:00
[2024-05-10T07:47:53.588+0000] {processor.py:183} INFO - Processing /home/airflow/.local/lib/python3.12/site-packages/airflow/example_dags/example_short_circuit_operator.py took 0.166 seconds
[2024-05-10T07:48:24.374+0000] {processor.py:161} INFO - Started process (PID=3043) to work on /home/airflow/.local/lib/python3.12/site-packages/airflow/example_dags/example_short_circuit_operator.py
[2024-05-10T07:48:24.375+0000] {processor.py:830} INFO - Processing file /home/airflow/.local/lib/python3.12/site-packages/airflow/example_dags/example_short_circuit_operator.py for tasks to queue
[2024-05-10T07:48:24.376+0000] {logging_mixin.py:188} INFO - [2024-05-10T07:48:24.375+0000] {dagbag.py:540} INFO - Filling up the DagBag from /home/airflow/.local/lib/python3.12/site-packages/airflow/example_dags/example_short_circuit_operator.py
[2024-05-10T07:48:24.382+0000] {processor.py:840} INFO - DAG(s) 'example_short_circuit_operator' retrieved from /home/airflow/.local/lib/python3.12/site-packages/airflow/example_dags/example_short_circuit_operator.py
[2024-05-10T07:48:24.403+0000] {logging_mixin.py:188} INFO - [2024-05-10T07:48:24.403+0000] {dag.py:3096} INFO - Sync 1 DAGs
[2024-05-10T07:48:24.422+0000] {logging_mixin.py:188} INFO - [2024-05-10T07:48:24.421+0000] {dag.py:3954} INFO - Setting next_dagrun for example_short_circuit_operator to 2024-05-09 00:00:00+00:00, run_after=2024-05-10 00:00:00+00:00
[2024-05-10T07:48:24.442+0000] {processor.py:183} INFO - Processing /home/airflow/.local/lib/python3.12/site-packages/airflow/example_dags/example_short_circuit_operator.py took 0.073 seconds
[2024-05-10T07:48:54.516+0000] {processor.py:161} INFO - Started process (PID=3100) to work on /home/airflow/.local/lib/python3.12/site-packages/airflow/example_dags/example_short_circuit_operator.py
[2024-05-10T07:48:54.516+0000] {processor.py:830} INFO - Processing file /home/airflow/.local/lib/python3.12/site-packages/airflow/example_dags/example_short_circuit_operator.py for tasks to queue
[2024-05-10T07:48:54.517+0000] {logging_mixin.py:188} INFO - [2024-05-10T07:48:54.517+0000] {dagbag.py:540} INFO - Filling up the DagBag from /home/airflow/.local/lib/python3.12/site-packages/airflow/example_dags/example_short_circuit_operator.py
[2024-05-10T07:48:54.524+0000] {processor.py:840} INFO - DAG(s) 'example_short_circuit_operator' retrieved from /home/airflow/.local/lib/python3.12/site-packages/airflow/example_dags/example_short_circuit_operator.py
[2024-05-10T07:48:54.546+0000] {logging_mixin.py:188} INFO - [2024-05-10T07:48:54.546+0000] {dag.py:3096} INFO - Sync 1 DAGs
[2024-05-10T07:48:54.574+0000] {logging_mixin.py:188} INFO - [2024-05-10T07:48:54.574+0000] {dag.py:3954} INFO - Setting next_dagrun for example_short_circuit_operator to 2024-05-09 00:00:00+00:00, run_after=2024-05-10 00:00:00+00:00
[2024-05-10T07:48:54.601+0000] {processor.py:183} INFO - Processing /home/airflow/.local/lib/python3.12/site-packages/airflow/example_dags/example_short_circuit_operator.py took 0.090 seconds
[2024-05-10T07:49:24.815+0000] {processor.py:161} INFO - Started process (PID=3159) to work on /home/airflow/.local/lib/python3.12/site-packages/airflow/example_dags/example_short_circuit_operator.py
[2024-05-10T07:49:24.815+0000] {processor.py:830} INFO - Processing file /home/airflow/.local/lib/python3.12/site-packages/airflow/example_dags/example_short_circuit_operator.py for tasks to queue
[2024-05-10T07:49:24.816+0000] {logging_mixin.py:188} INFO - [2024-05-10T07:49:24.816+0000] {dagbag.py:540} INFO - Filling up the DagBag from /home/airflow/.local/lib/python3.12/site-packages/airflow/example_dags/example_short_circuit_operator.py
[2024-05-10T07:49:24.822+0000] {processor.py:840} INFO - DAG(s) 'example_short_circuit_operator' retrieved from /home/airflow/.local/lib/python3.12/site-packages/airflow/example_dags/example_short_circuit_operator.py
[2024-05-10T07:49:24.842+0000] {logging_mixin.py:188} INFO - [2024-05-10T07:49:24.842+0000] {dag.py:3096} INFO - Sync 1 DAGs
[2024-05-10T07:49:24.860+0000] {logging_mixin.py:188} INFO - [2024-05-10T07:49:24.860+0000] {dag.py:3954} INFO - Setting next_dagrun for example_short_circuit_operator to 2024-05-09 00:00:00+00:00, run_after=2024-05-10 00:00:00+00:00
[2024-05-10T07:49:24.878+0000] {processor.py:183} INFO - Processing /home/airflow/.local/lib/python3.12/site-packages/airflow/example_dags/example_short_circuit_operator.py took 0.068 seconds
[2024-05-10T07:49:55.012+0000] {processor.py:161} INFO - Started process (PID=3217) to work on /home/airflow/.local/lib/python3.12/site-packages/airflow/example_dags/example_short_circuit_operator.py
[2024-05-10T07:49:55.013+0000] {processor.py:830} INFO - Processing file /home/airflow/.local/lib/python3.12/site-packages/airflow/example_dags/example_short_circuit_operator.py for tasks to queue
[2024-05-10T07:49:55.014+0000] {logging_mixin.py:188} INFO - [2024-05-10T07:49:55.013+0000] {dagbag.py:540} INFO - Filling up the DagBag from /home/airflow/.local/lib/python3.12/site-packages/airflow/example_dags/example_short_circuit_operator.py
[2024-05-10T07:49:55.020+0000] {processor.py:840} INFO - DAG(s) 'example_short_circuit_operator' retrieved from /home/airflow/.local/lib/python3.12/site-packages/airflow/example_dags/example_short_circuit_operator.py
[2024-05-10T07:49:55.045+0000] {logging_mixin.py:188} INFO - [2024-05-10T07:49:55.044+0000] {dag.py:3096} INFO - Sync 1 DAGs
[2024-05-10T07:49:55.067+0000] {logging_mixin.py:188} INFO - [2024-05-10T07:49:55.067+0000] {dag.py:3954} INFO - Setting next_dagrun for example_short_circuit_operator to 2024-05-09 00:00:00+00:00, run_after=2024-05-10 00:00:00+00:00
[2024-05-10T07:49:55.110+0000] {processor.py:183} INFO - Processing /home/airflow/.local/lib/python3.12/site-packages/airflow/example_dags/example_short_circuit_operator.py took 0.103 seconds
[2024-05-10T07:50:25.995+0000] {processor.py:161} INFO - Started process (PID=3275) to work on /home/airflow/.local/lib/python3.12/site-packages/airflow/example_dags/example_short_circuit_operator.py
[2024-05-10T07:50:25.997+0000] {processor.py:830} INFO - Processing file /home/airflow/.local/lib/python3.12/site-packages/airflow/example_dags/example_short_circuit_operator.py for tasks to queue
[2024-05-10T07:50:25.997+0000] {logging_mixin.py:188} INFO - [2024-05-10T07:50:25.997+0000] {dagbag.py:540} INFO - Filling up the DagBag from /home/airflow/.local/lib/python3.12/site-packages/airflow/example_dags/example_short_circuit_operator.py
[2024-05-10T07:50:26.007+0000] {processor.py:840} INFO - DAG(s) 'example_short_circuit_operator' retrieved from /home/airflow/.local/lib/python3.12/site-packages/airflow/example_dags/example_short_circuit_operator.py
[2024-05-10T07:50:26.031+0000] {logging_mixin.py:188} INFO - [2024-05-10T07:50:26.030+0000] {dag.py:3096} INFO - Sync 1 DAGs
[2024-05-10T07:50:26.049+0000] {logging_mixin.py:188} INFO - [2024-05-10T07:50:26.049+0000] {dag.py:3954} INFO - Setting next_dagrun for example_short_circuit_operator to 2024-05-09 00:00:00+00:00, run_after=2024-05-10 00:00:00+00:00
[2024-05-10T07:50:26.080+0000] {processor.py:183} INFO - Processing /home/airflow/.local/lib/python3.12/site-packages/airflow/example_dags/example_short_circuit_operator.py took 0.093 seconds
[2024-05-10T07:50:56.137+0000] {processor.py:161} INFO - Started process (PID=3332) to work on /home/airflow/.local/lib/python3.12/site-packages/airflow/example_dags/example_short_circuit_operator.py
[2024-05-10T07:50:56.139+0000] {processor.py:830} INFO - Processing file /home/airflow/.local/lib/python3.12/site-packages/airflow/example_dags/example_short_circuit_operator.py for tasks to queue
[2024-05-10T07:50:56.140+0000] {logging_mixin.py:188} INFO - [2024-05-10T07:50:56.139+0000] {dagbag.py:540} INFO - Filling up the DagBag from /home/airflow/.local/lib/python3.12/site-packages/airflow/example_dags/example_short_circuit_operator.py
[2024-05-10T07:50:56.147+0000] {processor.py:840} INFO - DAG(s) 'example_short_circuit_operator' retrieved from /home/airflow/.local/lib/python3.12/site-packages/airflow/example_dags/example_short_circuit_operator.py
[2024-05-10T07:50:56.165+0000] {logging_mixin.py:188} INFO - [2024-05-10T07:50:56.165+0000] {dag.py:3096} INFO - Sync 1 DAGs
[2024-05-10T07:50:56.182+0000] {logging_mixin.py:188} INFO - [2024-05-10T07:50:56.181+0000] {dag.py:3954} INFO - Setting next_dagrun for example_short_circuit_operator to 2024-05-09 00:00:00+00:00, run_after=2024-05-10 00:00:00+00:00
[2024-05-10T07:50:56.221+0000] {processor.py:183} INFO - Processing /home/airflow/.local/lib/python3.12/site-packages/airflow/example_dags/example_short_circuit_operator.py took 0.091 seconds
[2024-05-10T07:51:26.301+0000] {processor.py:161} INFO - Started process (PID=3389) to work on /home/airflow/.local/lib/python3.12/site-packages/airflow/example_dags/example_short_circuit_operator.py
[2024-05-10T07:51:26.302+0000] {processor.py:830} INFO - Processing file /home/airflow/.local/lib/python3.12/site-packages/airflow/example_dags/example_short_circuit_operator.py for tasks to queue
[2024-05-10T07:51:26.303+0000] {logging_mixin.py:188} INFO - [2024-05-10T07:51:26.303+0000] {dagbag.py:540} INFO - Filling up the DagBag from /home/airflow/.local/lib/python3.12/site-packages/airflow/example_dags/example_short_circuit_operator.py
[2024-05-10T07:51:26.311+0000] {processor.py:840} INFO - DAG(s) 'example_short_circuit_operator' retrieved from /home/airflow/.local/lib/python3.12/site-packages/airflow/example_dags/example_short_circuit_operator.py
[2024-05-10T07:51:26.333+0000] {logging_mixin.py:188} INFO - [2024-05-10T07:51:26.332+0000] {dag.py:3096} INFO - Sync 1 DAGs
[2024-05-10T07:51:26.354+0000] {logging_mixin.py:188} INFO - [2024-05-10T07:51:26.353+0000] {dag.py:3954} INFO - Setting next_dagrun for example_short_circuit_operator to 2024-05-09 00:00:00+00:00, run_after=2024-05-10 00:00:00+00:00
[2024-05-10T07:51:26.386+0000] {processor.py:183} INFO - Processing /home/airflow/.local/lib/python3.12/site-packages/airflow/example_dags/example_short_circuit_operator.py took 0.090 seconds
[2024-05-10T07:51:56.559+0000] {processor.py:161} INFO - Started process (PID=3447) to work on /home/airflow/.local/lib/python3.12/site-packages/airflow/example_dags/example_short_circuit_operator.py
[2024-05-10T07:51:56.559+0000] {processor.py:830} INFO - Processing file /home/airflow/.local/lib/python3.12/site-packages/airflow/example_dags/example_short_circuit_operator.py for tasks to queue
[2024-05-10T07:51:56.560+0000] {logging_mixin.py:188} INFO - [2024-05-10T07:51:56.560+0000] {dagbag.py:540} INFO - Filling up the DagBag from /home/airflow/.local/lib/python3.12/site-packages/airflow/example_dags/example_short_circuit_operator.py
[2024-05-10T07:51:56.566+0000] {processor.py:840} INFO - DAG(s) 'example_short_circuit_operator' retrieved from /home/airflow/.local/lib/python3.12/site-packages/airflow/example_dags/example_short_circuit_operator.py
[2024-05-10T07:51:56.587+0000] {logging_mixin.py:188} INFO - [2024-05-10T07:51:56.587+0000] {dag.py:3096} INFO - Sync 1 DAGs
[2024-05-10T07:51:56.607+0000] {logging_mixin.py:188} INFO - [2024-05-10T07:51:56.607+0000] {dag.py:3954} INFO - Setting next_dagrun for example_short_circuit_operator to 2024-05-09 00:00:00+00:00, run_after=2024-05-10 00:00:00+00:00
[2024-05-10T07:51:56.628+0000] {processor.py:183} INFO - Processing /home/airflow/.local/lib/python3.12/site-packages/airflow/example_dags/example_short_circuit_operator.py took 0.074 seconds
[2024-05-10T07:52:26.657+0000] {processor.py:161} INFO - Started process (PID=3505) to work on /home/airflow/.local/lib/python3.12/site-packages/airflow/example_dags/example_short_circuit_operator.py
[2024-05-10T07:52:26.657+0000] {processor.py:830} INFO - Processing file /home/airflow/.local/lib/python3.12/site-packages/airflow/example_dags/example_short_circuit_operator.py for tasks to queue
[2024-05-10T07:52:26.658+0000] {logging_mixin.py:188} INFO - [2024-05-10T07:52:26.658+0000] {dagbag.py:540} INFO - Filling up the DagBag from /home/airflow/.local/lib/python3.12/site-packages/airflow/example_dags/example_short_circuit_operator.py
[2024-05-10T07:52:26.664+0000] {processor.py:840} INFO - DAG(s) 'example_short_circuit_operator' retrieved from /home/airflow/.local/lib/python3.12/site-packages/airflow/example_dags/example_short_circuit_operator.py
[2024-05-10T07:52:26.683+0000] {logging_mixin.py:188} INFO - [2024-05-10T07:52:26.683+0000] {dag.py:3096} INFO - Sync 1 DAGs
[2024-05-10T07:52:26.700+0000] {logging_mixin.py:188} INFO - [2024-05-10T07:52:26.700+0000] {dag.py:3954} INFO - Setting next_dagrun for example_short_circuit_operator to 2024-05-09 00:00:00+00:00, run_after=2024-05-10 00:00:00+00:00
[2024-05-10T07:52:26.729+0000] {processor.py:183} INFO - Processing /home/airflow/.local/lib/python3.12/site-packages/airflow/example_dags/example_short_circuit_operator.py took 0.078 seconds
[2024-05-10T07:52:56.782+0000] {processor.py:161} INFO - Started process (PID=3563) to work on /home/airflow/.local/lib/python3.12/site-packages/airflow/example_dags/example_short_circuit_operator.py
[2024-05-10T07:52:56.783+0000] {processor.py:830} INFO - Processing file /home/airflow/.local/lib/python3.12/site-packages/airflow/example_dags/example_short_circuit_operator.py for tasks to queue
[2024-05-10T07:52:56.783+0000] {logging_mixin.py:188} INFO - [2024-05-10T07:52:56.783+0000] {dagbag.py:540} INFO - Filling up the DagBag from /home/airflow/.local/lib/python3.12/site-packages/airflow/example_dags/example_short_circuit_operator.py
[2024-05-10T07:52:56.790+0000] {processor.py:840} INFO - DAG(s) 'example_short_circuit_operator' retrieved from /home/airflow/.local/lib/python3.12/site-packages/airflow/example_dags/example_short_circuit_operator.py
[2024-05-10T07:52:56.812+0000] {logging_mixin.py:188} INFO - [2024-05-10T07:52:56.811+0000] {dag.py:3096} INFO - Sync 1 DAGs
[2024-05-10T07:52:56.830+0000] {logging_mixin.py:188} INFO - [2024-05-10T07:52:56.830+0000] {dag.py:3954} INFO - Setting next_dagrun for example_short_circuit_operator to 2024-05-09 00:00:00+00:00, run_after=2024-05-10 00:00:00+00:00
[2024-05-10T07:52:56.850+0000] {processor.py:183} INFO - Processing /home/airflow/.local/lib/python3.12/site-packages/airflow/example_dags/example_short_circuit_operator.py took 0.073 seconds
[2024-05-10T07:53:27.542+0000] {processor.py:161} INFO - Started process (PID=3620) to work on /home/airflow/.local/lib/python3.12/site-packages/airflow/example_dags/example_short_circuit_operator.py
[2024-05-10T07:53:27.542+0000] {processor.py:830} INFO - Processing file /home/airflow/.local/lib/python3.12/site-packages/airflow/example_dags/example_short_circuit_operator.py for tasks to queue
[2024-05-10T07:53:27.543+0000] {logging_mixin.py:188} INFO - [2024-05-10T07:53:27.543+0000] {dagbag.py:540} INFO - Filling up the DagBag from /home/airflow/.local/lib/python3.12/site-packages/airflow/example_dags/example_short_circuit_operator.py
[2024-05-10T07:53:27.553+0000] {processor.py:840} INFO - DAG(s) 'example_short_circuit_operator' retrieved from /home/airflow/.local/lib/python3.12/site-packages/airflow/example_dags/example_short_circuit_operator.py
[2024-05-10T07:53:27.575+0000] {logging_mixin.py:188} INFO - [2024-05-10T07:53:27.575+0000] {dag.py:3096} INFO - Sync 1 DAGs
[2024-05-10T07:53:27.596+0000] {logging_mixin.py:188} INFO - [2024-05-10T07:53:27.595+0000] {dag.py:3954} INFO - Setting next_dagrun for example_short_circuit_operator to 2024-05-09 00:00:00+00:00, run_after=2024-05-10 00:00:00+00:00
[2024-05-10T07:53:27.615+0000] {processor.py:183} INFO - Processing /home/airflow/.local/lib/python3.12/site-packages/airflow/example_dags/example_short_circuit_operator.py took 0.078 seconds
[2024-05-10T07:53:58.015+0000] {processor.py:161} INFO - Started process (PID=3678) to work on /home/airflow/.local/lib/python3.12/site-packages/airflow/example_dags/example_short_circuit_operator.py
[2024-05-10T07:53:58.016+0000] {processor.py:830} INFO - Processing file /home/airflow/.local/lib/python3.12/site-packages/airflow/example_dags/example_short_circuit_operator.py for tasks to queue
[2024-05-10T07:53:58.017+0000] {logging_mixin.py:188} INFO - [2024-05-10T07:53:58.016+0000] {dagbag.py:540} INFO - Filling up the DagBag from /home/airflow/.local/lib/python3.12/site-packages/airflow/example_dags/example_short_circuit_operator.py
[2024-05-10T07:53:58.023+0000] {processor.py:840} INFO - DAG(s) 'example_short_circuit_operator' retrieved from /home/airflow/.local/lib/python3.12/site-packages/airflow/example_dags/example_short_circuit_operator.py
[2024-05-10T07:53:58.042+0000] {logging_mixin.py:188} INFO - [2024-05-10T07:53:58.041+0000] {dag.py:3096} INFO - Sync 1 DAGs
[2024-05-10T07:53:58.061+0000] {logging_mixin.py:188} INFO - [2024-05-10T07:53:58.061+0000] {dag.py:3954} INFO - Setting next_dagrun for example_short_circuit_operator to 2024-05-09 00:00:00+00:00, run_after=2024-05-10 00:00:00+00:00
[2024-05-10T07:53:58.086+0000] {processor.py:183} INFO - Processing /home/airflow/.local/lib/python3.12/site-packages/airflow/example_dags/example_short_circuit_operator.py took 0.076 seconds
[2024-05-10T07:54:28.508+0000] {processor.py:161} INFO - Started process (PID=3735) to work on /home/airflow/.local/lib/python3.12/site-packages/airflow/example_dags/example_short_circuit_operator.py
[2024-05-10T07:54:28.508+0000] {processor.py:830} INFO - Processing file /home/airflow/.local/lib/python3.12/site-packages/airflow/example_dags/example_short_circuit_operator.py for tasks to queue
[2024-05-10T07:54:28.509+0000] {logging_mixin.py:188} INFO - [2024-05-10T07:54:28.509+0000] {dagbag.py:540} INFO - Filling up the DagBag from /home/airflow/.local/lib/python3.12/site-packages/airflow/example_dags/example_short_circuit_operator.py
[2024-05-10T07:54:28.516+0000] {processor.py:840} INFO - DAG(s) 'example_short_circuit_operator' retrieved from /home/airflow/.local/lib/python3.12/site-packages/airflow/example_dags/example_short_circuit_operator.py
[2024-05-10T07:54:28.535+0000] {logging_mixin.py:188} INFO - [2024-05-10T07:54:28.535+0000] {dag.py:3096} INFO - Sync 1 DAGs
[2024-05-10T07:54:28.553+0000] {logging_mixin.py:188} INFO - [2024-05-10T07:54:28.553+0000] {dag.py:3954} INFO - Setting next_dagrun for example_short_circuit_operator to 2024-05-09 00:00:00+00:00, run_after=2024-05-10 00:00:00+00:00
[2024-05-10T07:54:28.571+0000] {processor.py:183} INFO - Processing /home/airflow/.local/lib/python3.12/site-packages/airflow/example_dags/example_short_circuit_operator.py took 0.071 seconds
[2024-05-10T07:54:59.203+0000] {processor.py:161} INFO - Started process (PID=3793) to work on /home/airflow/.local/lib/python3.12/site-packages/airflow/example_dags/example_short_circuit_operator.py
[2024-05-10T07:54:59.204+0000] {processor.py:830} INFO - Processing file /home/airflow/.local/lib/python3.12/site-packages/airflow/example_dags/example_short_circuit_operator.py for tasks to queue
[2024-05-10T07:54:59.204+0000] {logging_mixin.py:188} INFO - [2024-05-10T07:54:59.204+0000] {dagbag.py:540} INFO - Filling up the DagBag from /home/airflow/.local/lib/python3.12/site-packages/airflow/example_dags/example_short_circuit_operator.py
[2024-05-10T07:54:59.211+0000] {processor.py:840} INFO - DAG(s) 'example_short_circuit_operator' retrieved from /home/airflow/.local/lib/python3.12/site-packages/airflow/example_dags/example_short_circuit_operator.py
[2024-05-10T07:54:59.238+0000] {logging_mixin.py:188} INFO - [2024-05-10T07:54:59.238+0000] {dag.py:3096} INFO - Sync 1 DAGs
[2024-05-10T07:54:59.258+0000] {logging_mixin.py:188} INFO - [2024-05-10T07:54:59.258+0000] {dag.py:3954} INFO - Setting next_dagrun for example_short_circuit_operator to 2024-05-09 00:00:00+00:00, run_after=2024-05-10 00:00:00+00:00
[2024-05-10T07:54:59.282+0000] {processor.py:183} INFO - Processing /home/airflow/.local/lib/python3.12/site-packages/airflow/example_dags/example_short_circuit_operator.py took 0.084 seconds
