[2024-05-10T07:22:24.760+0000] {processor.py:161} INFO - Started process (PID=67) to work on /home/airflow/.local/lib/python3.12/site-packages/airflow/example_dags/example_dag_decorator.py
[2024-05-10T07:22:24.761+0000] {processor.py:830} INFO - Processing file /home/airflow/.local/lib/python3.12/site-packages/airflow/example_dags/example_dag_decorator.py for tasks to queue
[2024-05-10T07:22:24.762+0000] {logging_mixin.py:188} INFO - [2024-05-10T07:22:24.762+0000] {dagbag.py:540} INFO - Filling up the DagBag from /home/airflow/.local/lib/python3.12/site-packages/airflow/example_dags/example_dag_decorator.py
[2024-05-10T07:22:24.984+0000] {processor.py:840} INFO - DAG(s) 'example_dag_decorator' retrieved from /home/airflow/.local/lib/python3.12/site-packages/airflow/example_dags/example_dag_decorator.py
[2024-05-10T07:22:24.995+0000] {logging_mixin.py:188} INFO - [2024-05-10T07:22:24.995+0000] {dag.py:3096} INFO - Sync 1 DAGs
[2024-05-10T07:22:25.007+0000] {logging_mixin.py:188} INFO - [2024-05-10T07:22:25.007+0000] {dag.py:3954} INFO - Setting next_dagrun for example_dag_decorator to None, run_after=None
[2024-05-10T07:22:25.029+0000] {processor.py:183} INFO - Processing /home/airflow/.local/lib/python3.12/site-packages/airflow/example_dags/example_dag_decorator.py took 0.273 seconds
[2024-05-10T07:22:57.127+0000] {processor.py:161} INFO - Started process (PID=125) to work on /home/airflow/.local/lib/python3.12/site-packages/airflow/example_dags/example_dag_decorator.py
[2024-05-10T07:22:57.129+0000] {processor.py:830} INFO - Processing file /home/airflow/.local/lib/python3.12/site-packages/airflow/example_dags/example_dag_decorator.py for tasks to queue
[2024-05-10T07:22:57.130+0000] {logging_mixin.py:188} INFO - [2024-05-10T07:22:57.130+0000] {dagbag.py:540} INFO - Filling up the DagBag from /home/airflow/.local/lib/python3.12/site-packages/airflow/example_dags/example_dag_decorator.py
[2024-05-10T07:22:57.213+0000] {processor.py:840} INFO - DAG(s) 'example_dag_decorator' retrieved from /home/airflow/.local/lib/python3.12/site-packages/airflow/example_dags/example_dag_decorator.py
[2024-05-10T07:22:57.316+0000] {logging_mixin.py:188} INFO - [2024-05-10T07:22:57.315+0000] {dag.py:3096} INFO - Sync 1 DAGs
[2024-05-10T07:22:57.325+0000] {logging_mixin.py:188} INFO - [2024-05-10T07:22:57.325+0000] {dag.py:3954} INFO - Setting next_dagrun for example_dag_decorator to None, run_after=None
[2024-05-10T07:22:57.353+0000] {processor.py:183} INFO - Processing /home/airflow/.local/lib/python3.12/site-packages/airflow/example_dags/example_dag_decorator.py took 0.230 seconds
[2024-05-10T07:23:27.663+0000] {processor.py:161} INFO - Started process (PID=183) to work on /home/airflow/.local/lib/python3.12/site-packages/airflow/example_dags/example_dag_decorator.py
[2024-05-10T07:23:27.664+0000] {processor.py:830} INFO - Processing file /home/airflow/.local/lib/python3.12/site-packages/airflow/example_dags/example_dag_decorator.py for tasks to queue
[2024-05-10T07:23:27.665+0000] {logging_mixin.py:188} INFO - [2024-05-10T07:23:27.665+0000] {dagbag.py:540} INFO - Filling up the DagBag from /home/airflow/.local/lib/python3.12/site-packages/airflow/example_dags/example_dag_decorator.py
[2024-05-10T07:23:27.758+0000] {processor.py:840} INFO - DAG(s) 'example_dag_decorator' retrieved from /home/airflow/.local/lib/python3.12/site-packages/airflow/example_dags/example_dag_decorator.py
[2024-05-10T07:23:27.875+0000] {logging_mixin.py:188} INFO - [2024-05-10T07:23:27.875+0000] {dag.py:3096} INFO - Sync 1 DAGs
[2024-05-10T07:23:27.990+0000] {logging_mixin.py:188} INFO - [2024-05-10T07:23:27.990+0000] {dag.py:3954} INFO - Setting next_dagrun for example_dag_decorator to None, run_after=None
[2024-05-10T07:23:28.009+0000] {processor.py:183} INFO - Processing /home/airflow/.local/lib/python3.12/site-packages/airflow/example_dags/example_dag_decorator.py took 0.351 seconds
[2024-05-10T07:23:58.237+0000] {processor.py:161} INFO - Started process (PID=241) to work on /home/airflow/.local/lib/python3.12/site-packages/airflow/example_dags/example_dag_decorator.py
[2024-05-10T07:23:58.238+0000] {processor.py:830} INFO - Processing file /home/airflow/.local/lib/python3.12/site-packages/airflow/example_dags/example_dag_decorator.py for tasks to queue
[2024-05-10T07:23:58.239+0000] {logging_mixin.py:188} INFO - [2024-05-10T07:23:58.239+0000] {dagbag.py:540} INFO - Filling up the DagBag from /home/airflow/.local/lib/python3.12/site-packages/airflow/example_dags/example_dag_decorator.py
[2024-05-10T07:23:58.320+0000] {processor.py:840} INFO - DAG(s) 'example_dag_decorator' retrieved from /home/airflow/.local/lib/python3.12/site-packages/airflow/example_dags/example_dag_decorator.py
[2024-05-10T07:23:58.338+0000] {logging_mixin.py:188} INFO - [2024-05-10T07:23:58.338+0000] {dag.py:3096} INFO - Sync 1 DAGs
[2024-05-10T07:23:58.348+0000] {logging_mixin.py:188} INFO - [2024-05-10T07:23:58.348+0000] {dag.py:3954} INFO - Setting next_dagrun for example_dag_decorator to None, run_after=None
[2024-05-10T07:23:58.374+0000] {processor.py:183} INFO - Processing /home/airflow/.local/lib/python3.12/site-packages/airflow/example_dags/example_dag_decorator.py took 0.141 seconds
[2024-05-10T07:24:28.848+0000] {processor.py:161} INFO - Started process (PID=298) to work on /home/airflow/.local/lib/python3.12/site-packages/airflow/example_dags/example_dag_decorator.py
[2024-05-10T07:24:28.848+0000] {processor.py:830} INFO - Processing file /home/airflow/.local/lib/python3.12/site-packages/airflow/example_dags/example_dag_decorator.py for tasks to queue
[2024-05-10T07:24:28.850+0000] {logging_mixin.py:188} INFO - [2024-05-10T07:24:28.849+0000] {dagbag.py:540} INFO - Filling up the DagBag from /home/airflow/.local/lib/python3.12/site-packages/airflow/example_dags/example_dag_decorator.py
[2024-05-10T07:24:28.929+0000] {processor.py:840} INFO - DAG(s) 'example_dag_decorator' retrieved from /home/airflow/.local/lib/python3.12/site-packages/airflow/example_dags/example_dag_decorator.py
[2024-05-10T07:24:29.119+0000] {logging_mixin.py:188} INFO - [2024-05-10T07:24:29.119+0000] {dag.py:3096} INFO - Sync 1 DAGs
[2024-05-10T07:24:29.127+0000] {logging_mixin.py:188} INFO - [2024-05-10T07:24:29.126+0000] {dag.py:3954} INFO - Setting next_dagrun for example_dag_decorator to None, run_after=None
[2024-05-10T07:24:29.151+0000] {processor.py:183} INFO - Processing /home/airflow/.local/lib/python3.12/site-packages/airflow/example_dags/example_dag_decorator.py took 0.308 seconds
[2024-05-10T07:24:59.436+0000] {processor.py:161} INFO - Started process (PID=358) to work on /home/airflow/.local/lib/python3.12/site-packages/airflow/example_dags/example_dag_decorator.py
[2024-05-10T07:24:59.437+0000] {processor.py:830} INFO - Processing file /home/airflow/.local/lib/python3.12/site-packages/airflow/example_dags/example_dag_decorator.py for tasks to queue
[2024-05-10T07:24:59.438+0000] {logging_mixin.py:188} INFO - [2024-05-10T07:24:59.438+0000] {dagbag.py:540} INFO - Filling up the DagBag from /home/airflow/.local/lib/python3.12/site-packages/airflow/example_dags/example_dag_decorator.py
[2024-05-10T07:24:59.514+0000] {processor.py:840} INFO - DAG(s) 'example_dag_decorator' retrieved from /home/airflow/.local/lib/python3.12/site-packages/airflow/example_dags/example_dag_decorator.py
[2024-05-10T07:24:59.700+0000] {logging_mixin.py:188} INFO - [2024-05-10T07:24:59.700+0000] {dag.py:3096} INFO - Sync 1 DAGs
[2024-05-10T07:24:59.708+0000] {logging_mixin.py:188} INFO - [2024-05-10T07:24:59.708+0000] {dag.py:3954} INFO - Setting next_dagrun for example_dag_decorator to None, run_after=None
[2024-05-10T07:24:59.746+0000] {processor.py:183} INFO - Processing /home/airflow/.local/lib/python3.12/site-packages/airflow/example_dags/example_dag_decorator.py took 0.315 seconds
[2024-05-10T07:25:30.069+0000] {processor.py:161} INFO - Started process (PID=414) to work on /home/airflow/.local/lib/python3.12/site-packages/airflow/example_dags/example_dag_decorator.py
[2024-05-10T07:25:30.070+0000] {processor.py:830} INFO - Processing file /home/airflow/.local/lib/python3.12/site-packages/airflow/example_dags/example_dag_decorator.py for tasks to queue
[2024-05-10T07:25:30.071+0000] {logging_mixin.py:188} INFO - [2024-05-10T07:25:30.071+0000] {dagbag.py:540} INFO - Filling up the DagBag from /home/airflow/.local/lib/python3.12/site-packages/airflow/example_dags/example_dag_decorator.py
[2024-05-10T07:25:30.149+0000] {processor.py:840} INFO - DAG(s) 'example_dag_decorator' retrieved from /home/airflow/.local/lib/python3.12/site-packages/airflow/example_dags/example_dag_decorator.py
[2024-05-10T07:25:30.371+0000] {logging_mixin.py:188} INFO - [2024-05-10T07:25:30.371+0000] {dag.py:3096} INFO - Sync 1 DAGs
[2024-05-10T07:25:30.380+0000] {logging_mixin.py:188} INFO - [2024-05-10T07:25:30.380+0000] {dag.py:3954} INFO - Setting next_dagrun for example_dag_decorator to None, run_after=None
[2024-05-10T07:25:30.407+0000] {processor.py:183} INFO - Processing /home/airflow/.local/lib/python3.12/site-packages/airflow/example_dags/example_dag_decorator.py took 0.342 seconds
[2024-05-10T07:26:01.081+0000] {processor.py:161} INFO - Started process (PID=472) to work on /home/airflow/.local/lib/python3.12/site-packages/airflow/example_dags/example_dag_decorator.py
[2024-05-10T07:26:01.082+0000] {processor.py:830} INFO - Processing file /home/airflow/.local/lib/python3.12/site-packages/airflow/example_dags/example_dag_decorator.py for tasks to queue
[2024-05-10T07:26:01.083+0000] {logging_mixin.py:188} INFO - [2024-05-10T07:26:01.083+0000] {dagbag.py:540} INFO - Filling up the DagBag from /home/airflow/.local/lib/python3.12/site-packages/airflow/example_dags/example_dag_decorator.py
[2024-05-10T07:26:01.160+0000] {processor.py:840} INFO - DAG(s) 'example_dag_decorator' retrieved from /home/airflow/.local/lib/python3.12/site-packages/airflow/example_dags/example_dag_decorator.py
[2024-05-10T07:26:01.355+0000] {logging_mixin.py:188} INFO - [2024-05-10T07:26:01.355+0000] {dag.py:3096} INFO - Sync 1 DAGs
[2024-05-10T07:26:01.363+0000] {logging_mixin.py:188} INFO - [2024-05-10T07:26:01.363+0000] {dag.py:3954} INFO - Setting next_dagrun for example_dag_decorator to None, run_after=None
[2024-05-10T07:26:01.384+0000] {processor.py:183} INFO - Processing /home/airflow/.local/lib/python3.12/site-packages/airflow/example_dags/example_dag_decorator.py took 0.307 seconds
[2024-05-10T07:26:31.739+0000] {processor.py:161} INFO - Started process (PID=532) to work on /home/airflow/.local/lib/python3.12/site-packages/airflow/example_dags/example_dag_decorator.py
[2024-05-10T07:26:31.740+0000] {processor.py:830} INFO - Processing file /home/airflow/.local/lib/python3.12/site-packages/airflow/example_dags/example_dag_decorator.py for tasks to queue
[2024-05-10T07:26:31.741+0000] {logging_mixin.py:188} INFO - [2024-05-10T07:26:31.741+0000] {dagbag.py:540} INFO - Filling up the DagBag from /home/airflow/.local/lib/python3.12/site-packages/airflow/example_dags/example_dag_decorator.py
[2024-05-10T07:26:31.818+0000] {processor.py:840} INFO - DAG(s) 'example_dag_decorator' retrieved from /home/airflow/.local/lib/python3.12/site-packages/airflow/example_dags/example_dag_decorator.py
[2024-05-10T07:26:32.009+0000] {logging_mixin.py:188} INFO - [2024-05-10T07:26:32.009+0000] {dag.py:3096} INFO - Sync 1 DAGs
[2024-05-10T07:26:32.017+0000] {logging_mixin.py:188} INFO - [2024-05-10T07:26:32.017+0000] {dag.py:3954} INFO - Setting next_dagrun for example_dag_decorator to None, run_after=None
[2024-05-10T07:26:32.040+0000] {processor.py:183} INFO - Processing /home/airflow/.local/lib/python3.12/site-packages/airflow/example_dags/example_dag_decorator.py took 0.305 seconds
[2024-05-10T07:27:02.227+0000] {processor.py:161} INFO - Started process (PID=591) to work on /home/airflow/.local/lib/python3.12/site-packages/airflow/example_dags/example_dag_decorator.py
[2024-05-10T07:27:02.229+0000] {processor.py:830} INFO - Processing file /home/airflow/.local/lib/python3.12/site-packages/airflow/example_dags/example_dag_decorator.py for tasks to queue
[2024-05-10T07:27:02.230+0000] {logging_mixin.py:188} INFO - [2024-05-10T07:27:02.230+0000] {dagbag.py:540} INFO - Filling up the DagBag from /home/airflow/.local/lib/python3.12/site-packages/airflow/example_dags/example_dag_decorator.py
[2024-05-10T07:27:02.308+0000] {processor.py:840} INFO - DAG(s) 'example_dag_decorator' retrieved from /home/airflow/.local/lib/python3.12/site-packages/airflow/example_dags/example_dag_decorator.py
[2024-05-10T07:27:02.499+0000] {logging_mixin.py:188} INFO - [2024-05-10T07:27:02.499+0000] {dag.py:3096} INFO - Sync 1 DAGs
[2024-05-10T07:27:02.507+0000] {logging_mixin.py:188} INFO - [2024-05-10T07:27:02.507+0000] {dag.py:3954} INFO - Setting next_dagrun for example_dag_decorator to None, run_after=None
[2024-05-10T07:27:02.530+0000] {processor.py:183} INFO - Processing /home/airflow/.local/lib/python3.12/site-packages/airflow/example_dags/example_dag_decorator.py took 0.308 seconds
[2024-05-10T07:27:32.860+0000] {processor.py:161} INFO - Started process (PID=650) to work on /home/airflow/.local/lib/python3.12/site-packages/airflow/example_dags/example_dag_decorator.py
[2024-05-10T07:27:32.860+0000] {processor.py:830} INFO - Processing file /home/airflow/.local/lib/python3.12/site-packages/airflow/example_dags/example_dag_decorator.py for tasks to queue
[2024-05-10T07:27:32.861+0000] {logging_mixin.py:188} INFO - [2024-05-10T07:27:32.861+0000] {dagbag.py:540} INFO - Filling up the DagBag from /home/airflow/.local/lib/python3.12/site-packages/airflow/example_dags/example_dag_decorator.py
[2024-05-10T07:27:32.936+0000] {processor.py:840} INFO - DAG(s) 'example_dag_decorator' retrieved from /home/airflow/.local/lib/python3.12/site-packages/airflow/example_dags/example_dag_decorator.py
[2024-05-10T07:27:33.117+0000] {logging_mixin.py:188} INFO - [2024-05-10T07:27:33.117+0000] {dag.py:3096} INFO - Sync 1 DAGs
[2024-05-10T07:27:33.125+0000] {logging_mixin.py:188} INFO - [2024-05-10T07:27:33.124+0000] {dag.py:3954} INFO - Setting next_dagrun for example_dag_decorator to None, run_after=None
[2024-05-10T07:27:33.152+0000] {processor.py:183} INFO - Processing /home/airflow/.local/lib/python3.12/site-packages/airflow/example_dags/example_dag_decorator.py took 0.296 seconds
[2024-05-10T07:28:03.197+0000] {processor.py:161} INFO - Started process (PID=708) to work on /home/airflow/.local/lib/python3.12/site-packages/airflow/example_dags/example_dag_decorator.py
[2024-05-10T07:28:03.198+0000] {processor.py:830} INFO - Processing file /home/airflow/.local/lib/python3.12/site-packages/airflow/example_dags/example_dag_decorator.py for tasks to queue
[2024-05-10T07:28:03.199+0000] {logging_mixin.py:188} INFO - [2024-05-10T07:28:03.199+0000] {dagbag.py:540} INFO - Filling up the DagBag from /home/airflow/.local/lib/python3.12/site-packages/airflow/example_dags/example_dag_decorator.py
[2024-05-10T07:28:03.391+0000] {processor.py:840} INFO - DAG(s) 'example_dag_decorator' retrieved from /home/airflow/.local/lib/python3.12/site-packages/airflow/example_dags/example_dag_decorator.py
[2024-05-10T07:28:03.488+0000] {logging_mixin.py:188} INFO - [2024-05-10T07:28:03.488+0000] {dag.py:3096} INFO - Sync 1 DAGs
[2024-05-10T07:28:03.497+0000] {logging_mixin.py:188} INFO - [2024-05-10T07:28:03.497+0000] {dag.py:3954} INFO - Setting next_dagrun for example_dag_decorator to None, run_after=None
[2024-05-10T07:28:03.519+0000] {processor.py:183} INFO - Processing /home/airflow/.local/lib/python3.12/site-packages/airflow/example_dags/example_dag_decorator.py took 0.329 seconds
[2024-05-10T07:28:33.942+0000] {processor.py:161} INFO - Started process (PID=764) to work on /home/airflow/.local/lib/python3.12/site-packages/airflow/example_dags/example_dag_decorator.py
[2024-05-10T07:28:33.942+0000] {processor.py:830} INFO - Processing file /home/airflow/.local/lib/python3.12/site-packages/airflow/example_dags/example_dag_decorator.py for tasks to queue
[2024-05-10T07:28:33.944+0000] {logging_mixin.py:188} INFO - [2024-05-10T07:28:33.944+0000] {dagbag.py:540} INFO - Filling up the DagBag from /home/airflow/.local/lib/python3.12/site-packages/airflow/example_dags/example_dag_decorator.py
[2024-05-10T07:28:34.174+0000] {processor.py:840} INFO - DAG(s) 'example_dag_decorator' retrieved from /home/airflow/.local/lib/python3.12/site-packages/airflow/example_dags/example_dag_decorator.py
[2024-05-10T07:28:34.274+0000] {logging_mixin.py:188} INFO - [2024-05-10T07:28:34.273+0000] {dag.py:3096} INFO - Sync 1 DAGs
[2024-05-10T07:28:34.289+0000] {logging_mixin.py:188} INFO - [2024-05-10T07:28:34.288+0000] {dag.py:3954} INFO - Setting next_dagrun for example_dag_decorator to None, run_after=None
[2024-05-10T07:28:34.356+0000] {processor.py:183} INFO - Processing /home/airflow/.local/lib/python3.12/site-packages/airflow/example_dags/example_dag_decorator.py took 0.419 seconds
[2024-05-10T07:29:05.218+0000] {processor.py:161} INFO - Started process (PID=822) to work on /home/airflow/.local/lib/python3.12/site-packages/airflow/example_dags/example_dag_decorator.py
[2024-05-10T07:29:05.219+0000] {processor.py:830} INFO - Processing file /home/airflow/.local/lib/python3.12/site-packages/airflow/example_dags/example_dag_decorator.py for tasks to queue
[2024-05-10T07:29:05.221+0000] {logging_mixin.py:188} INFO - [2024-05-10T07:29:05.221+0000] {dagbag.py:540} INFO - Filling up the DagBag from /home/airflow/.local/lib/python3.12/site-packages/airflow/example_dags/example_dag_decorator.py
[2024-05-10T07:29:05.406+0000] {processor.py:840} INFO - DAG(s) 'example_dag_decorator' retrieved from /home/airflow/.local/lib/python3.12/site-packages/airflow/example_dags/example_dag_decorator.py
[2024-05-10T07:29:05.520+0000] {logging_mixin.py:188} INFO - [2024-05-10T07:29:05.520+0000] {dag.py:3096} INFO - Sync 1 DAGs
[2024-05-10T07:29:05.530+0000] {logging_mixin.py:188} INFO - [2024-05-10T07:29:05.530+0000] {dag.py:3954} INFO - Setting next_dagrun for example_dag_decorator to None, run_after=None
[2024-05-10T07:29:05.560+0000] {processor.py:183} INFO - Processing /home/airflow/.local/lib/python3.12/site-packages/airflow/example_dags/example_dag_decorator.py took 0.352 seconds
[2024-05-10T07:29:35.701+0000] {processor.py:161} INFO - Started process (PID=884) to work on /home/airflow/.local/lib/python3.12/site-packages/airflow/example_dags/example_dag_decorator.py
[2024-05-10T07:29:35.702+0000] {processor.py:830} INFO - Processing file /home/airflow/.local/lib/python3.12/site-packages/airflow/example_dags/example_dag_decorator.py for tasks to queue
[2024-05-10T07:29:35.703+0000] {logging_mixin.py:188} INFO - [2024-05-10T07:29:35.702+0000] {dagbag.py:540} INFO - Filling up the DagBag from /home/airflow/.local/lib/python3.12/site-packages/airflow/example_dags/example_dag_decorator.py
[2024-05-10T07:29:35.779+0000] {processor.py:840} INFO - DAG(s) 'example_dag_decorator' retrieved from /home/airflow/.local/lib/python3.12/site-packages/airflow/example_dags/example_dag_decorator.py
[2024-05-10T07:29:35.958+0000] {logging_mixin.py:188} INFO - [2024-05-10T07:29:35.958+0000] {dag.py:3096} INFO - Sync 1 DAGs
[2024-05-10T07:29:35.965+0000] {logging_mixin.py:188} INFO - [2024-05-10T07:29:35.965+0000] {dag.py:3954} INFO - Setting next_dagrun for example_dag_decorator to None, run_after=None
[2024-05-10T07:29:35.986+0000] {processor.py:183} INFO - Processing /home/airflow/.local/lib/python3.12/site-packages/airflow/example_dags/example_dag_decorator.py took 0.289 seconds
[2024-05-10T07:30:06.195+0000] {processor.py:161} INFO - Started process (PID=938) to work on /home/airflow/.local/lib/python3.12/site-packages/airflow/example_dags/example_dag_decorator.py
[2024-05-10T07:30:06.197+0000] {processor.py:830} INFO - Processing file /home/airflow/.local/lib/python3.12/site-packages/airflow/example_dags/example_dag_decorator.py for tasks to queue
[2024-05-10T07:30:06.199+0000] {logging_mixin.py:188} INFO - [2024-05-10T07:30:06.199+0000] {dagbag.py:540} INFO - Filling up the DagBag from /home/airflow/.local/lib/python3.12/site-packages/airflow/example_dags/example_dag_decorator.py
[2024-05-10T07:30:06.284+0000] {processor.py:840} INFO - DAG(s) 'example_dag_decorator' retrieved from /home/airflow/.local/lib/python3.12/site-packages/airflow/example_dags/example_dag_decorator.py
[2024-05-10T07:30:06.473+0000] {logging_mixin.py:188} INFO - [2024-05-10T07:30:06.473+0000] {dag.py:3096} INFO - Sync 1 DAGs
[2024-05-10T07:30:06.481+0000] {logging_mixin.py:188} INFO - [2024-05-10T07:30:06.481+0000] {dag.py:3954} INFO - Setting next_dagrun for example_dag_decorator to None, run_after=None
[2024-05-10T07:30:06.525+0000] {processor.py:183} INFO - Processing /home/airflow/.local/lib/python3.12/site-packages/airflow/example_dags/example_dag_decorator.py took 0.343 seconds
[2024-05-10T07:30:36.673+0000] {processor.py:161} INFO - Started process (PID=1000) to work on /home/airflow/.local/lib/python3.12/site-packages/airflow/example_dags/example_dag_decorator.py
[2024-05-10T07:30:36.674+0000] {processor.py:830} INFO - Processing file /home/airflow/.local/lib/python3.12/site-packages/airflow/example_dags/example_dag_decorator.py for tasks to queue
[2024-05-10T07:30:36.675+0000] {logging_mixin.py:188} INFO - [2024-05-10T07:30:36.675+0000] {dagbag.py:540} INFO - Filling up the DagBag from /home/airflow/.local/lib/python3.12/site-packages/airflow/example_dags/example_dag_decorator.py
[2024-05-10T07:30:36.853+0000] {processor.py:840} INFO - DAG(s) 'example_dag_decorator' retrieved from /home/airflow/.local/lib/python3.12/site-packages/airflow/example_dags/example_dag_decorator.py
[2024-05-10T07:30:36.940+0000] {logging_mixin.py:188} INFO - [2024-05-10T07:30:36.940+0000] {dag.py:3096} INFO - Sync 1 DAGs
[2024-05-10T07:30:36.948+0000] {logging_mixin.py:188} INFO - [2024-05-10T07:30:36.948+0000] {dag.py:3954} INFO - Setting next_dagrun for example_dag_decorator to None, run_after=None
[2024-05-10T07:30:36.972+0000] {processor.py:183} INFO - Processing /home/airflow/.local/lib/python3.12/site-packages/airflow/example_dags/example_dag_decorator.py took 0.303 seconds
[2024-05-10T07:31:07.227+0000] {processor.py:161} INFO - Started process (PID=1053) to work on /home/airflow/.local/lib/python3.12/site-packages/airflow/example_dags/example_dag_decorator.py
[2024-05-10T07:31:07.228+0000] {processor.py:830} INFO - Processing file /home/airflow/.local/lib/python3.12/site-packages/airflow/example_dags/example_dag_decorator.py for tasks to queue
[2024-05-10T07:31:07.230+0000] {logging_mixin.py:188} INFO - [2024-05-10T07:31:07.229+0000] {dagbag.py:540} INFO - Filling up the DagBag from /home/airflow/.local/lib/python3.12/site-packages/airflow/example_dags/example_dag_decorator.py
[2024-05-10T07:31:07.411+0000] {processor.py:840} INFO - DAG(s) 'example_dag_decorator' retrieved from /home/airflow/.local/lib/python3.12/site-packages/airflow/example_dags/example_dag_decorator.py
[2024-05-10T07:31:07.497+0000] {logging_mixin.py:188} INFO - [2024-05-10T07:31:07.497+0000] {dag.py:3096} INFO - Sync 1 DAGs
[2024-05-10T07:31:07.506+0000] {logging_mixin.py:188} INFO - [2024-05-10T07:31:07.506+0000] {dag.py:3954} INFO - Setting next_dagrun for example_dag_decorator to None, run_after=None
[2024-05-10T07:31:07.529+0000] {processor.py:183} INFO - Processing /home/airflow/.local/lib/python3.12/site-packages/airflow/example_dags/example_dag_decorator.py took 0.306 seconds
[2024-05-10T07:31:37.958+0000] {processor.py:161} INFO - Started process (PID=1111) to work on /home/airflow/.local/lib/python3.12/site-packages/airflow/example_dags/example_dag_decorator.py
[2024-05-10T07:31:37.959+0000] {processor.py:830} INFO - Processing file /home/airflow/.local/lib/python3.12/site-packages/airflow/example_dags/example_dag_decorator.py for tasks to queue
[2024-05-10T07:31:37.960+0000] {logging_mixin.py:188} INFO - [2024-05-10T07:31:37.960+0000] {dagbag.py:540} INFO - Filling up the DagBag from /home/airflow/.local/lib/python3.12/site-packages/airflow/example_dags/example_dag_decorator.py
[2024-05-10T07:31:38.036+0000] {processor.py:840} INFO - DAG(s) 'example_dag_decorator' retrieved from /home/airflow/.local/lib/python3.12/site-packages/airflow/example_dags/example_dag_decorator.py
[2024-05-10T07:31:38.127+0000] {logging_mixin.py:188} INFO - [2024-05-10T07:31:38.127+0000] {dag.py:3096} INFO - Sync 1 DAGs
[2024-05-10T07:31:38.136+0000] {logging_mixin.py:188} INFO - [2024-05-10T07:31:38.136+0000] {dag.py:3954} INFO - Setting next_dagrun for example_dag_decorator to None, run_after=None
[2024-05-10T07:31:38.162+0000] {processor.py:183} INFO - Processing /home/airflow/.local/lib/python3.12/site-packages/airflow/example_dags/example_dag_decorator.py took 0.208 seconds
[2024-05-10T07:32:08.871+0000] {processor.py:161} INFO - Started process (PID=1175) to work on /home/airflow/.local/lib/python3.12/site-packages/airflow/example_dags/example_dag_decorator.py
[2024-05-10T07:32:08.872+0000] {processor.py:830} INFO - Processing file /home/airflow/.local/lib/python3.12/site-packages/airflow/example_dags/example_dag_decorator.py for tasks to queue
[2024-05-10T07:32:08.873+0000] {logging_mixin.py:188} INFO - [2024-05-10T07:32:08.873+0000] {dagbag.py:540} INFO - Filling up the DagBag from /home/airflow/.local/lib/python3.12/site-packages/airflow/example_dags/example_dag_decorator.py
[2024-05-10T07:32:08.951+0000] {processor.py:840} INFO - DAG(s) 'example_dag_decorator' retrieved from /home/airflow/.local/lib/python3.12/site-packages/airflow/example_dags/example_dag_decorator.py
[2024-05-10T07:32:09.044+0000] {logging_mixin.py:188} INFO - [2024-05-10T07:32:09.043+0000] {dag.py:3096} INFO - Sync 1 DAGs
[2024-05-10T07:32:09.053+0000] {logging_mixin.py:188} INFO - [2024-05-10T07:32:09.053+0000] {dag.py:3954} INFO - Setting next_dagrun for example_dag_decorator to None, run_after=None
[2024-05-10T07:32:09.073+0000] {processor.py:183} INFO - Processing /home/airflow/.local/lib/python3.12/site-packages/airflow/example_dags/example_dag_decorator.py took 0.207 seconds
[2024-05-10T07:32:39.408+0000] {processor.py:161} INFO - Started process (PID=1233) to work on /home/airflow/.local/lib/python3.12/site-packages/airflow/example_dags/example_dag_decorator.py
[2024-05-10T07:32:39.408+0000] {processor.py:830} INFO - Processing file /home/airflow/.local/lib/python3.12/site-packages/airflow/example_dags/example_dag_decorator.py for tasks to queue
[2024-05-10T07:32:39.410+0000] {logging_mixin.py:188} INFO - [2024-05-10T07:32:39.409+0000] {dagbag.py:540} INFO - Filling up the DagBag from /home/airflow/.local/lib/python3.12/site-packages/airflow/example_dags/example_dag_decorator.py
[2024-05-10T07:32:39.485+0000] {processor.py:840} INFO - DAG(s) 'example_dag_decorator' retrieved from /home/airflow/.local/lib/python3.12/site-packages/airflow/example_dags/example_dag_decorator.py
[2024-05-10T07:32:39.577+0000] {logging_mixin.py:188} INFO - [2024-05-10T07:32:39.577+0000] {dag.py:3096} INFO - Sync 1 DAGs
[2024-05-10T07:32:39.585+0000] {logging_mixin.py:188} INFO - [2024-05-10T07:32:39.585+0000] {dag.py:3954} INFO - Setting next_dagrun for example_dag_decorator to None, run_after=None
[2024-05-10T07:32:39.606+0000] {processor.py:183} INFO - Processing /home/airflow/.local/lib/python3.12/site-packages/airflow/example_dags/example_dag_decorator.py took 0.203 seconds
[2024-05-10T07:33:10.240+0000] {processor.py:161} INFO - Started process (PID=1293) to work on /home/airflow/.local/lib/python3.12/site-packages/airflow/example_dags/example_dag_decorator.py
[2024-05-10T07:33:10.241+0000] {processor.py:830} INFO - Processing file /home/airflow/.local/lib/python3.12/site-packages/airflow/example_dags/example_dag_decorator.py for tasks to queue
[2024-05-10T07:33:10.242+0000] {logging_mixin.py:188} INFO - [2024-05-10T07:33:10.242+0000] {dagbag.py:540} INFO - Filling up the DagBag from /home/airflow/.local/lib/python3.12/site-packages/airflow/example_dags/example_dag_decorator.py
[2024-05-10T07:33:10.323+0000] {processor.py:840} INFO - DAG(s) 'example_dag_decorator' retrieved from /home/airflow/.local/lib/python3.12/site-packages/airflow/example_dags/example_dag_decorator.py
[2024-05-10T07:33:10.420+0000] {logging_mixin.py:188} INFO - [2024-05-10T07:33:10.420+0000] {dag.py:3096} INFO - Sync 1 DAGs
[2024-05-10T07:33:10.429+0000] {logging_mixin.py:188} INFO - [2024-05-10T07:33:10.429+0000] {dag.py:3954} INFO - Setting next_dagrun for example_dag_decorator to None, run_after=None
[2024-05-10T07:33:10.456+0000] {processor.py:183} INFO - Processing /home/airflow/.local/lib/python3.12/site-packages/airflow/example_dags/example_dag_decorator.py took 0.221 seconds
[2024-05-10T07:33:40.815+0000] {processor.py:161} INFO - Started process (PID=1354) to work on /home/airflow/.local/lib/python3.12/site-packages/airflow/example_dags/example_dag_decorator.py
[2024-05-10T07:33:40.815+0000] {processor.py:830} INFO - Processing file /home/airflow/.local/lib/python3.12/site-packages/airflow/example_dags/example_dag_decorator.py for tasks to queue
[2024-05-10T07:33:40.817+0000] {logging_mixin.py:188} INFO - [2024-05-10T07:33:40.816+0000] {dagbag.py:540} INFO - Filling up the DagBag from /home/airflow/.local/lib/python3.12/site-packages/airflow/example_dags/example_dag_decorator.py
[2024-05-10T07:33:40.893+0000] {processor.py:840} INFO - DAG(s) 'example_dag_decorator' retrieved from /home/airflow/.local/lib/python3.12/site-packages/airflow/example_dags/example_dag_decorator.py
[2024-05-10T07:33:40.996+0000] {logging_mixin.py:188} INFO - [2024-05-10T07:33:40.996+0000] {dag.py:3096} INFO - Sync 1 DAGs
[2024-05-10T07:33:41.005+0000] {logging_mixin.py:188} INFO - [2024-05-10T07:33:41.005+0000] {dag.py:3954} INFO - Setting next_dagrun for example_dag_decorator to None, run_after=None
[2024-05-10T07:33:41.031+0000] {processor.py:183} INFO - Processing /home/airflow/.local/lib/python3.12/site-packages/airflow/example_dags/example_dag_decorator.py took 0.221 seconds
[2024-05-10T07:34:11.498+0000] {processor.py:161} INFO - Started process (PID=1412) to work on /home/airflow/.local/lib/python3.12/site-packages/airflow/example_dags/example_dag_decorator.py
[2024-05-10T07:34:11.499+0000] {processor.py:830} INFO - Processing file /home/airflow/.local/lib/python3.12/site-packages/airflow/example_dags/example_dag_decorator.py for tasks to queue
[2024-05-10T07:34:11.500+0000] {logging_mixin.py:188} INFO - [2024-05-10T07:34:11.500+0000] {dagbag.py:540} INFO - Filling up the DagBag from /home/airflow/.local/lib/python3.12/site-packages/airflow/example_dags/example_dag_decorator.py
[2024-05-10T07:34:11.581+0000] {processor.py:840} INFO - DAG(s) 'example_dag_decorator' retrieved from /home/airflow/.local/lib/python3.12/site-packages/airflow/example_dags/example_dag_decorator.py
[2024-05-10T07:34:11.684+0000] {logging_mixin.py:188} INFO - [2024-05-10T07:34:11.684+0000] {dag.py:3096} INFO - Sync 1 DAGs
[2024-05-10T07:34:11.693+0000] {logging_mixin.py:188} INFO - [2024-05-10T07:34:11.693+0000] {dag.py:3954} INFO - Setting next_dagrun for example_dag_decorator to None, run_after=None
[2024-05-10T07:34:11.718+0000] {processor.py:183} INFO - Processing /home/airflow/.local/lib/python3.12/site-packages/airflow/example_dags/example_dag_decorator.py took 0.225 seconds
[2024-05-10T07:34:42.104+0000] {processor.py:161} INFO - Started process (PID=1471) to work on /home/airflow/.local/lib/python3.12/site-packages/airflow/example_dags/example_dag_decorator.py
[2024-05-10T07:34:42.104+0000] {processor.py:830} INFO - Processing file /home/airflow/.local/lib/python3.12/site-packages/airflow/example_dags/example_dag_decorator.py for tasks to queue
[2024-05-10T07:34:42.106+0000] {logging_mixin.py:188} INFO - [2024-05-10T07:34:42.105+0000] {dagbag.py:540} INFO - Filling up the DagBag from /home/airflow/.local/lib/python3.12/site-packages/airflow/example_dags/example_dag_decorator.py
[2024-05-10T07:34:42.182+0000] {processor.py:840} INFO - DAG(s) 'example_dag_decorator' retrieved from /home/airflow/.local/lib/python3.12/site-packages/airflow/example_dags/example_dag_decorator.py
[2024-05-10T07:34:42.275+0000] {logging_mixin.py:188} INFO - [2024-05-10T07:34:42.275+0000] {dag.py:3096} INFO - Sync 1 DAGs
[2024-05-10T07:34:42.283+0000] {logging_mixin.py:188} INFO - [2024-05-10T07:34:42.283+0000] {dag.py:3954} INFO - Setting next_dagrun for example_dag_decorator to None, run_after=None
[2024-05-10T07:34:42.307+0000] {processor.py:183} INFO - Processing /home/airflow/.local/lib/python3.12/site-packages/airflow/example_dags/example_dag_decorator.py took 0.208 seconds
[2024-05-10T07:35:12.831+0000] {processor.py:161} INFO - Started process (PID=1530) to work on /home/airflow/.local/lib/python3.12/site-packages/airflow/example_dags/example_dag_decorator.py
[2024-05-10T07:35:12.832+0000] {processor.py:830} INFO - Processing file /home/airflow/.local/lib/python3.12/site-packages/airflow/example_dags/example_dag_decorator.py for tasks to queue
[2024-05-10T07:35:12.833+0000] {logging_mixin.py:188} INFO - [2024-05-10T07:35:12.833+0000] {dagbag.py:540} INFO - Filling up the DagBag from /home/airflow/.local/lib/python3.12/site-packages/airflow/example_dags/example_dag_decorator.py
[2024-05-10T07:35:12.918+0000] {processor.py:840} INFO - DAG(s) 'example_dag_decorator' retrieved from /home/airflow/.local/lib/python3.12/site-packages/airflow/example_dags/example_dag_decorator.py
[2024-05-10T07:35:13.019+0000] {logging_mixin.py:188} INFO - [2024-05-10T07:35:13.019+0000] {dag.py:3096} INFO - Sync 1 DAGs
[2024-05-10T07:35:13.028+0000] {logging_mixin.py:188} INFO - [2024-05-10T07:35:13.028+0000] {dag.py:3954} INFO - Setting next_dagrun for example_dag_decorator to None, run_after=None
[2024-05-10T07:35:13.051+0000] {processor.py:183} INFO - Processing /home/airflow/.local/lib/python3.12/site-packages/airflow/example_dags/example_dag_decorator.py took 0.224 seconds
[2024-05-10T07:35:43.761+0000] {processor.py:161} INFO - Started process (PID=1589) to work on /home/airflow/.local/lib/python3.12/site-packages/airflow/example_dags/example_dag_decorator.py
[2024-05-10T07:35:43.761+0000] {processor.py:830} INFO - Processing file /home/airflow/.local/lib/python3.12/site-packages/airflow/example_dags/example_dag_decorator.py for tasks to queue
[2024-05-10T07:35:43.763+0000] {logging_mixin.py:188} INFO - [2024-05-10T07:35:43.762+0000] {dagbag.py:540} INFO - Filling up the DagBag from /home/airflow/.local/lib/python3.12/site-packages/airflow/example_dags/example_dag_decorator.py
[2024-05-10T07:35:43.845+0000] {processor.py:840} INFO - DAG(s) 'example_dag_decorator' retrieved from /home/airflow/.local/lib/python3.12/site-packages/airflow/example_dags/example_dag_decorator.py
[2024-05-10T07:35:43.941+0000] {logging_mixin.py:188} INFO - [2024-05-10T07:35:43.941+0000] {dag.py:3096} INFO - Sync 1 DAGs
[2024-05-10T07:35:43.949+0000] {logging_mixin.py:188} INFO - [2024-05-10T07:35:43.949+0000] {dag.py:3954} INFO - Setting next_dagrun for example_dag_decorator to None, run_after=None
[2024-05-10T07:35:43.974+0000] {processor.py:183} INFO - Processing /home/airflow/.local/lib/python3.12/site-packages/airflow/example_dags/example_dag_decorator.py took 0.218 seconds
[2024-05-10T07:36:14.108+0000] {processor.py:161} INFO - Started process (PID=1648) to work on /home/airflow/.local/lib/python3.12/site-packages/airflow/example_dags/example_dag_decorator.py
[2024-05-10T07:36:14.109+0000] {processor.py:830} INFO - Processing file /home/airflow/.local/lib/python3.12/site-packages/airflow/example_dags/example_dag_decorator.py for tasks to queue
[2024-05-10T07:36:14.110+0000] {logging_mixin.py:188} INFO - [2024-05-10T07:36:14.110+0000] {dagbag.py:540} INFO - Filling up the DagBag from /home/airflow/.local/lib/python3.12/site-packages/airflow/example_dags/example_dag_decorator.py
[2024-05-10T07:36:14.190+0000] {processor.py:840} INFO - DAG(s) 'example_dag_decorator' retrieved from /home/airflow/.local/lib/python3.12/site-packages/airflow/example_dags/example_dag_decorator.py
[2024-05-10T07:36:14.283+0000] {logging_mixin.py:188} INFO - [2024-05-10T07:36:14.283+0000] {dag.py:3096} INFO - Sync 1 DAGs
[2024-05-10T07:36:14.292+0000] {logging_mixin.py:188} INFO - [2024-05-10T07:36:14.292+0000] {dag.py:3954} INFO - Setting next_dagrun for example_dag_decorator to None, run_after=None
[2024-05-10T07:36:14.317+0000] {processor.py:183} INFO - Processing /home/airflow/.local/lib/python3.12/site-packages/airflow/example_dags/example_dag_decorator.py took 0.214 seconds
[2024-05-10T07:36:44.394+0000] {processor.py:161} INFO - Started process (PID=1708) to work on /home/airflow/.local/lib/python3.12/site-packages/airflow/example_dags/example_dag_decorator.py
[2024-05-10T07:36:44.394+0000] {processor.py:830} INFO - Processing file /home/airflow/.local/lib/python3.12/site-packages/airflow/example_dags/example_dag_decorator.py for tasks to queue
[2024-05-10T07:36:44.395+0000] {logging_mixin.py:188} INFO - [2024-05-10T07:36:44.395+0000] {dagbag.py:540} INFO - Filling up the DagBag from /home/airflow/.local/lib/python3.12/site-packages/airflow/example_dags/example_dag_decorator.py
[2024-05-10T07:36:44.477+0000] {processor.py:840} INFO - DAG(s) 'example_dag_decorator' retrieved from /home/airflow/.local/lib/python3.12/site-packages/airflow/example_dags/example_dag_decorator.py
[2024-05-10T07:36:44.570+0000] {logging_mixin.py:188} INFO - [2024-05-10T07:36:44.570+0000] {dag.py:3096} INFO - Sync 1 DAGs
[2024-05-10T07:36:44.579+0000] {logging_mixin.py:188} INFO - [2024-05-10T07:36:44.579+0000] {dag.py:3954} INFO - Setting next_dagrun for example_dag_decorator to None, run_after=None
[2024-05-10T07:36:44.596+0000] {processor.py:183} INFO - Processing /home/airflow/.local/lib/python3.12/site-packages/airflow/example_dags/example_dag_decorator.py took 0.208 seconds
[2024-05-10T07:37:15.318+0000] {processor.py:161} INFO - Started process (PID=1765) to work on /home/airflow/.local/lib/python3.12/site-packages/airflow/example_dags/example_dag_decorator.py
[2024-05-10T07:37:15.319+0000] {processor.py:830} INFO - Processing file /home/airflow/.local/lib/python3.12/site-packages/airflow/example_dags/example_dag_decorator.py for tasks to queue
[2024-05-10T07:37:15.320+0000] {logging_mixin.py:188} INFO - [2024-05-10T07:37:15.320+0000] {dagbag.py:540} INFO - Filling up the DagBag from /home/airflow/.local/lib/python3.12/site-packages/airflow/example_dags/example_dag_decorator.py
[2024-05-10T07:37:15.410+0000] {processor.py:840} INFO - DAG(s) 'example_dag_decorator' retrieved from /home/airflow/.local/lib/python3.12/site-packages/airflow/example_dags/example_dag_decorator.py
[2024-05-10T07:37:15.517+0000] {logging_mixin.py:188} INFO - [2024-05-10T07:37:15.517+0000] {dag.py:3096} INFO - Sync 1 DAGs
[2024-05-10T07:37:15.527+0000] {logging_mixin.py:188} INFO - [2024-05-10T07:37:15.526+0000] {dag.py:3954} INFO - Setting next_dagrun for example_dag_decorator to None, run_after=None
[2024-05-10T07:37:15.571+0000] {processor.py:183} INFO - Processing /home/airflow/.local/lib/python3.12/site-packages/airflow/example_dags/example_dag_decorator.py took 0.258 seconds
[2024-05-10T07:37:45.628+0000] {processor.py:161} INFO - Started process (PID=1825) to work on /home/airflow/.local/lib/python3.12/site-packages/airflow/example_dags/example_dag_decorator.py
[2024-05-10T07:37:45.628+0000] {processor.py:830} INFO - Processing file /home/airflow/.local/lib/python3.12/site-packages/airflow/example_dags/example_dag_decorator.py for tasks to queue
[2024-05-10T07:37:45.630+0000] {logging_mixin.py:188} INFO - [2024-05-10T07:37:45.629+0000] {dagbag.py:540} INFO - Filling up the DagBag from /home/airflow/.local/lib/python3.12/site-packages/airflow/example_dags/example_dag_decorator.py
[2024-05-10T07:37:45.715+0000] {processor.py:840} INFO - DAG(s) 'example_dag_decorator' retrieved from /home/airflow/.local/lib/python3.12/site-packages/airflow/example_dags/example_dag_decorator.py
[2024-05-10T07:37:45.817+0000] {logging_mixin.py:188} INFO - [2024-05-10T07:37:45.817+0000] {dag.py:3096} INFO - Sync 1 DAGs
[2024-05-10T07:37:45.828+0000] {logging_mixin.py:188} INFO - [2024-05-10T07:37:45.827+0000] {dag.py:3954} INFO - Setting next_dagrun for example_dag_decorator to None, run_after=None
[2024-05-10T07:37:45.853+0000] {processor.py:183} INFO - Processing /home/airflow/.local/lib/python3.12/site-packages/airflow/example_dags/example_dag_decorator.py took 0.230 seconds
[2024-05-10T07:38:16.211+0000] {processor.py:161} INFO - Started process (PID=1883) to work on /home/airflow/.local/lib/python3.12/site-packages/airflow/example_dags/example_dag_decorator.py
[2024-05-10T07:38:16.211+0000] {processor.py:830} INFO - Processing file /home/airflow/.local/lib/python3.12/site-packages/airflow/example_dags/example_dag_decorator.py for tasks to queue
[2024-05-10T07:38:16.213+0000] {logging_mixin.py:188} INFO - [2024-05-10T07:38:16.212+0000] {dagbag.py:540} INFO - Filling up the DagBag from /home/airflow/.local/lib/python3.12/site-packages/airflow/example_dags/example_dag_decorator.py
[2024-05-10T07:38:16.300+0000] {processor.py:840} INFO - DAG(s) 'example_dag_decorator' retrieved from /home/airflow/.local/lib/python3.12/site-packages/airflow/example_dags/example_dag_decorator.py
[2024-05-10T07:38:16.399+0000] {logging_mixin.py:188} INFO - [2024-05-10T07:38:16.399+0000] {dag.py:3096} INFO - Sync 1 DAGs
[2024-05-10T07:38:16.409+0000] {logging_mixin.py:188} INFO - [2024-05-10T07:38:16.409+0000] {dag.py:3954} INFO - Setting next_dagrun for example_dag_decorator to None, run_after=None
[2024-05-10T07:38:16.430+0000] {processor.py:183} INFO - Processing /home/airflow/.local/lib/python3.12/site-packages/airflow/example_dags/example_dag_decorator.py took 0.225 seconds
[2024-05-10T07:38:46.927+0000] {processor.py:161} INFO - Started process (PID=1941) to work on /home/airflow/.local/lib/python3.12/site-packages/airflow/example_dags/example_dag_decorator.py
[2024-05-10T07:38:46.928+0000] {processor.py:830} INFO - Processing file /home/airflow/.local/lib/python3.12/site-packages/airflow/example_dags/example_dag_decorator.py for tasks to queue
[2024-05-10T07:38:46.929+0000] {logging_mixin.py:188} INFO - [2024-05-10T07:38:46.929+0000] {dagbag.py:540} INFO - Filling up the DagBag from /home/airflow/.local/lib/python3.12/site-packages/airflow/example_dags/example_dag_decorator.py
[2024-05-10T07:38:47.010+0000] {processor.py:840} INFO - DAG(s) 'example_dag_decorator' retrieved from /home/airflow/.local/lib/python3.12/site-packages/airflow/example_dags/example_dag_decorator.py
[2024-05-10T07:38:47.104+0000] {logging_mixin.py:188} INFO - [2024-05-10T07:38:47.104+0000] {dag.py:3096} INFO - Sync 1 DAGs
[2024-05-10T07:38:47.113+0000] {logging_mixin.py:188} INFO - [2024-05-10T07:38:47.112+0000] {dag.py:3954} INFO - Setting next_dagrun for example_dag_decorator to None, run_after=None
[2024-05-10T07:38:47.194+0000] {processor.py:183} INFO - Processing /home/airflow/.local/lib/python3.12/site-packages/airflow/example_dags/example_dag_decorator.py took 0.272 seconds
[2024-05-10T07:39:18.026+0000] {processor.py:161} INFO - Started process (PID=2000) to work on /home/airflow/.local/lib/python3.12/site-packages/airflow/example_dags/example_dag_decorator.py
[2024-05-10T07:39:18.027+0000] {processor.py:830} INFO - Processing file /home/airflow/.local/lib/python3.12/site-packages/airflow/example_dags/example_dag_decorator.py for tasks to queue
[2024-05-10T07:39:18.029+0000] {logging_mixin.py:188} INFO - [2024-05-10T07:39:18.028+0000] {dagbag.py:540} INFO - Filling up the DagBag from /home/airflow/.local/lib/python3.12/site-packages/airflow/example_dags/example_dag_decorator.py
[2024-05-10T07:39:18.107+0000] {processor.py:840} INFO - DAG(s) 'example_dag_decorator' retrieved from /home/airflow/.local/lib/python3.12/site-packages/airflow/example_dags/example_dag_decorator.py
[2024-05-10T07:39:18.202+0000] {logging_mixin.py:188} INFO - [2024-05-10T07:39:18.201+0000] {dag.py:3096} INFO - Sync 1 DAGs
[2024-05-10T07:39:18.210+0000] {logging_mixin.py:188} INFO - [2024-05-10T07:39:18.210+0000] {dag.py:3954} INFO - Setting next_dagrun for example_dag_decorator to None, run_after=None
[2024-05-10T07:39:18.229+0000] {processor.py:183} INFO - Processing /home/airflow/.local/lib/python3.12/site-packages/airflow/example_dags/example_dag_decorator.py took 0.208 seconds
[2024-05-10T07:39:48.289+0000] {processor.py:161} INFO - Started process (PID=2059) to work on /home/airflow/.local/lib/python3.12/site-packages/airflow/example_dags/example_dag_decorator.py
[2024-05-10T07:39:48.290+0000] {processor.py:830} INFO - Processing file /home/airflow/.local/lib/python3.12/site-packages/airflow/example_dags/example_dag_decorator.py for tasks to queue
[2024-05-10T07:39:48.292+0000] {logging_mixin.py:188} INFO - [2024-05-10T07:39:48.292+0000] {dagbag.py:540} INFO - Filling up the DagBag from /home/airflow/.local/lib/python3.12/site-packages/airflow/example_dags/example_dag_decorator.py
[2024-05-10T07:39:48.374+0000] {processor.py:840} INFO - DAG(s) 'example_dag_decorator' retrieved from /home/airflow/.local/lib/python3.12/site-packages/airflow/example_dags/example_dag_decorator.py
[2024-05-10T07:39:48.471+0000] {logging_mixin.py:188} INFO - [2024-05-10T07:39:48.471+0000] {dag.py:3096} INFO - Sync 1 DAGs
[2024-05-10T07:39:48.480+0000] {logging_mixin.py:188} INFO - [2024-05-10T07:39:48.480+0000] {dag.py:3954} INFO - Setting next_dagrun for example_dag_decorator to None, run_after=None
[2024-05-10T07:39:48.507+0000] {processor.py:183} INFO - Processing /home/airflow/.local/lib/python3.12/site-packages/airflow/example_dags/example_dag_decorator.py took 0.226 seconds
[2024-05-10T07:40:19.038+0000] {processor.py:161} INFO - Started process (PID=2117) to work on /home/airflow/.local/lib/python3.12/site-packages/airflow/example_dags/example_dag_decorator.py
[2024-05-10T07:40:19.039+0000] {processor.py:830} INFO - Processing file /home/airflow/.local/lib/python3.12/site-packages/airflow/example_dags/example_dag_decorator.py for tasks to queue
[2024-05-10T07:40:19.040+0000] {logging_mixin.py:188} INFO - [2024-05-10T07:40:19.040+0000] {dagbag.py:540} INFO - Filling up the DagBag from /home/airflow/.local/lib/python3.12/site-packages/airflow/example_dags/example_dag_decorator.py
[2024-05-10T07:40:19.121+0000] {processor.py:840} INFO - DAG(s) 'example_dag_decorator' retrieved from /home/airflow/.local/lib/python3.12/site-packages/airflow/example_dags/example_dag_decorator.py
[2024-05-10T07:40:19.215+0000] {logging_mixin.py:188} INFO - [2024-05-10T07:40:19.214+0000] {dag.py:3096} INFO - Sync 1 DAGs
[2024-05-10T07:40:19.223+0000] {logging_mixin.py:188} INFO - [2024-05-10T07:40:19.223+0000] {dag.py:3954} INFO - Setting next_dagrun for example_dag_decorator to None, run_after=None
[2024-05-10T07:40:19.240+0000] {processor.py:183} INFO - Processing /home/airflow/.local/lib/python3.12/site-packages/airflow/example_dags/example_dag_decorator.py took 0.207 seconds
[2024-05-10T07:40:49.627+0000] {processor.py:161} INFO - Started process (PID=2176) to work on /home/airflow/.local/lib/python3.12/site-packages/airflow/example_dags/example_dag_decorator.py
[2024-05-10T07:40:49.627+0000] {processor.py:830} INFO - Processing file /home/airflow/.local/lib/python3.12/site-packages/airflow/example_dags/example_dag_decorator.py for tasks to queue
[2024-05-10T07:40:49.628+0000] {logging_mixin.py:188} INFO - [2024-05-10T07:40:49.628+0000] {dagbag.py:540} INFO - Filling up the DagBag from /home/airflow/.local/lib/python3.12/site-packages/airflow/example_dags/example_dag_decorator.py
[2024-05-10T07:40:49.708+0000] {processor.py:840} INFO - DAG(s) 'example_dag_decorator' retrieved from /home/airflow/.local/lib/python3.12/site-packages/airflow/example_dags/example_dag_decorator.py
[2024-05-10T07:40:49.801+0000] {logging_mixin.py:188} INFO - [2024-05-10T07:40:49.801+0000] {dag.py:3096} INFO - Sync 1 DAGs
[2024-05-10T07:40:49.810+0000] {logging_mixin.py:188} INFO - [2024-05-10T07:40:49.810+0000] {dag.py:3954} INFO - Setting next_dagrun for example_dag_decorator to None, run_after=None
[2024-05-10T07:40:49.829+0000] {processor.py:183} INFO - Processing /home/airflow/.local/lib/python3.12/site-packages/airflow/example_dags/example_dag_decorator.py took 0.207 seconds
[2024-05-10T07:41:20.342+0000] {processor.py:161} INFO - Started process (PID=2235) to work on /home/airflow/.local/lib/python3.12/site-packages/airflow/example_dags/example_dag_decorator.py
[2024-05-10T07:41:20.342+0000] {processor.py:830} INFO - Processing file /home/airflow/.local/lib/python3.12/site-packages/airflow/example_dags/example_dag_decorator.py for tasks to queue
[2024-05-10T07:41:20.344+0000] {logging_mixin.py:188} INFO - [2024-05-10T07:41:20.343+0000] {dagbag.py:540} INFO - Filling up the DagBag from /home/airflow/.local/lib/python3.12/site-packages/airflow/example_dags/example_dag_decorator.py
[2024-05-10T07:41:20.425+0000] {processor.py:840} INFO - DAG(s) 'example_dag_decorator' retrieved from /home/airflow/.local/lib/python3.12/site-packages/airflow/example_dags/example_dag_decorator.py
[2024-05-10T07:41:20.547+0000] {logging_mixin.py:188} INFO - [2024-05-10T07:41:20.547+0000] {dag.py:3096} INFO - Sync 1 DAGs
[2024-05-10T07:41:20.557+0000] {logging_mixin.py:188} INFO - [2024-05-10T07:41:20.557+0000] {dag.py:3954} INFO - Setting next_dagrun for example_dag_decorator to None, run_after=None
[2024-05-10T07:41:20.598+0000] {processor.py:183} INFO - Processing /home/airflow/.local/lib/python3.12/site-packages/airflow/example_dags/example_dag_decorator.py took 0.262 seconds
[2024-05-10T07:41:50.732+0000] {processor.py:161} INFO - Started process (PID=2295) to work on /home/airflow/.local/lib/python3.12/site-packages/airflow/example_dags/example_dag_decorator.py
[2024-05-10T07:41:50.732+0000] {processor.py:830} INFO - Processing file /home/airflow/.local/lib/python3.12/site-packages/airflow/example_dags/example_dag_decorator.py for tasks to queue
[2024-05-10T07:41:50.734+0000] {logging_mixin.py:188} INFO - [2024-05-10T07:41:50.733+0000] {dagbag.py:540} INFO - Filling up the DagBag from /home/airflow/.local/lib/python3.12/site-packages/airflow/example_dags/example_dag_decorator.py
[2024-05-10T07:41:50.811+0000] {processor.py:840} INFO - DAG(s) 'example_dag_decorator' retrieved from /home/airflow/.local/lib/python3.12/site-packages/airflow/example_dags/example_dag_decorator.py
[2024-05-10T07:41:50.900+0000] {logging_mixin.py:188} INFO - [2024-05-10T07:41:50.900+0000] {dag.py:3096} INFO - Sync 1 DAGs
[2024-05-10T07:41:50.909+0000] {logging_mixin.py:188} INFO - [2024-05-10T07:41:50.909+0000] {dag.py:3954} INFO - Setting next_dagrun for example_dag_decorator to None, run_after=None
[2024-05-10T07:41:50.929+0000] {processor.py:183} INFO - Processing /home/airflow/.local/lib/python3.12/site-packages/airflow/example_dags/example_dag_decorator.py took 0.203 seconds
[2024-05-10T07:42:21.017+0000] {processor.py:161} INFO - Started process (PID=2355) to work on /home/airflow/.local/lib/python3.12/site-packages/airflow/example_dags/example_dag_decorator.py
[2024-05-10T07:42:21.017+0000] {processor.py:830} INFO - Processing file /home/airflow/.local/lib/python3.12/site-packages/airflow/example_dags/example_dag_decorator.py for tasks to queue
[2024-05-10T07:42:21.018+0000] {logging_mixin.py:188} INFO - [2024-05-10T07:42:21.018+0000] {dagbag.py:540} INFO - Filling up the DagBag from /home/airflow/.local/lib/python3.12/site-packages/airflow/example_dags/example_dag_decorator.py
[2024-05-10T07:42:21.098+0000] {processor.py:840} INFO - DAG(s) 'example_dag_decorator' retrieved from /home/airflow/.local/lib/python3.12/site-packages/airflow/example_dags/example_dag_decorator.py
[2024-05-10T07:42:21.191+0000] {logging_mixin.py:188} INFO - [2024-05-10T07:42:21.191+0000] {dag.py:3096} INFO - Sync 1 DAGs
[2024-05-10T07:42:21.200+0000] {logging_mixin.py:188} INFO - [2024-05-10T07:42:21.200+0000] {dag.py:3954} INFO - Setting next_dagrun for example_dag_decorator to None, run_after=None
[2024-05-10T07:42:21.218+0000] {processor.py:183} INFO - Processing /home/airflow/.local/lib/python3.12/site-packages/airflow/example_dags/example_dag_decorator.py took 0.206 seconds
[2024-05-10T07:42:51.779+0000] {processor.py:161} INFO - Started process (PID=2411) to work on /home/airflow/.local/lib/python3.12/site-packages/airflow/example_dags/example_dag_decorator.py
[2024-05-10T07:42:51.779+0000] {processor.py:830} INFO - Processing file /home/airflow/.local/lib/python3.12/site-packages/airflow/example_dags/example_dag_decorator.py for tasks to queue
[2024-05-10T07:42:51.781+0000] {logging_mixin.py:188} INFO - [2024-05-10T07:42:51.781+0000] {dagbag.py:540} INFO - Filling up the DagBag from /home/airflow/.local/lib/python3.12/site-packages/airflow/example_dags/example_dag_decorator.py
[2024-05-10T07:42:51.872+0000] {processor.py:840} INFO - DAG(s) 'example_dag_decorator' retrieved from /home/airflow/.local/lib/python3.12/site-packages/airflow/example_dags/example_dag_decorator.py
[2024-05-10T07:42:51.986+0000] {logging_mixin.py:188} INFO - [2024-05-10T07:42:51.986+0000] {dag.py:3096} INFO - Sync 1 DAGs
[2024-05-10T07:42:51.995+0000] {logging_mixin.py:188} INFO - [2024-05-10T07:42:51.995+0000] {dag.py:3954} INFO - Setting next_dagrun for example_dag_decorator to None, run_after=None
[2024-05-10T07:42:52.018+0000] {processor.py:183} INFO - Processing /home/airflow/.local/lib/python3.12/site-packages/airflow/example_dags/example_dag_decorator.py took 0.246 seconds
[2024-05-10T07:43:22.360+0000] {processor.py:161} INFO - Started process (PID=2472) to work on /home/airflow/.local/lib/python3.12/site-packages/airflow/example_dags/example_dag_decorator.py
[2024-05-10T07:43:22.360+0000] {processor.py:830} INFO - Processing file /home/airflow/.local/lib/python3.12/site-packages/airflow/example_dags/example_dag_decorator.py for tasks to queue
[2024-05-10T07:43:22.362+0000] {logging_mixin.py:188} INFO - [2024-05-10T07:43:22.361+0000] {dagbag.py:540} INFO - Filling up the DagBag from /home/airflow/.local/lib/python3.12/site-packages/airflow/example_dags/example_dag_decorator.py
[2024-05-10T07:43:22.439+0000] {processor.py:840} INFO - DAG(s) 'example_dag_decorator' retrieved from /home/airflow/.local/lib/python3.12/site-packages/airflow/example_dags/example_dag_decorator.py
[2024-05-10T07:43:22.532+0000] {logging_mixin.py:188} INFO - [2024-05-10T07:43:22.531+0000] {dag.py:3096} INFO - Sync 1 DAGs
[2024-05-10T07:43:22.540+0000] {logging_mixin.py:188} INFO - [2024-05-10T07:43:22.540+0000] {dag.py:3954} INFO - Setting next_dagrun for example_dag_decorator to None, run_after=None
[2024-05-10T07:43:22.562+0000] {processor.py:183} INFO - Processing /home/airflow/.local/lib/python3.12/site-packages/airflow/example_dags/example_dag_decorator.py took 0.207 seconds
[2024-05-10T07:43:52.916+0000] {processor.py:161} INFO - Started process (PID=2532) to work on /home/airflow/.local/lib/python3.12/site-packages/airflow/example_dags/example_dag_decorator.py
[2024-05-10T07:43:52.917+0000] {processor.py:830} INFO - Processing file /home/airflow/.local/lib/python3.12/site-packages/airflow/example_dags/example_dag_decorator.py for tasks to queue
[2024-05-10T07:43:52.920+0000] {logging_mixin.py:188} INFO - [2024-05-10T07:43:52.920+0000] {dagbag.py:540} INFO - Filling up the DagBag from /home/airflow/.local/lib/python3.12/site-packages/airflow/example_dags/example_dag_decorator.py
[2024-05-10T07:43:53.002+0000] {processor.py:840} INFO - DAG(s) 'example_dag_decorator' retrieved from /home/airflow/.local/lib/python3.12/site-packages/airflow/example_dags/example_dag_decorator.py
[2024-05-10T07:43:53.095+0000] {logging_mixin.py:188} INFO - [2024-05-10T07:43:53.094+0000] {dag.py:3096} INFO - Sync 1 DAGs
[2024-05-10T07:43:53.103+0000] {logging_mixin.py:188} INFO - [2024-05-10T07:43:53.103+0000] {dag.py:3954} INFO - Setting next_dagrun for example_dag_decorator to None, run_after=None
[2024-05-10T07:43:53.128+0000] {processor.py:183} INFO - Processing /home/airflow/.local/lib/python3.12/site-packages/airflow/example_dags/example_dag_decorator.py took 0.217 seconds
[2024-05-10T07:44:23.649+0000] {processor.py:161} INFO - Started process (PID=2592) to work on /home/airflow/.local/lib/python3.12/site-packages/airflow/example_dags/example_dag_decorator.py
[2024-05-10T07:44:23.649+0000] {processor.py:830} INFO - Processing file /home/airflow/.local/lib/python3.12/site-packages/airflow/example_dags/example_dag_decorator.py for tasks to queue
[2024-05-10T07:44:23.651+0000] {logging_mixin.py:188} INFO - [2024-05-10T07:44:23.650+0000] {dagbag.py:540} INFO - Filling up the DagBag from /home/airflow/.local/lib/python3.12/site-packages/airflow/example_dags/example_dag_decorator.py
[2024-05-10T07:44:23.728+0000] {processor.py:840} INFO - DAG(s) 'example_dag_decorator' retrieved from /home/airflow/.local/lib/python3.12/site-packages/airflow/example_dags/example_dag_decorator.py
[2024-05-10T07:44:23.822+0000] {logging_mixin.py:188} INFO - [2024-05-10T07:44:23.821+0000] {dag.py:3096} INFO - Sync 1 DAGs
[2024-05-10T07:44:23.830+0000] {logging_mixin.py:188} INFO - [2024-05-10T07:44:23.830+0000] {dag.py:3954} INFO - Setting next_dagrun for example_dag_decorator to None, run_after=None
[2024-05-10T07:44:23.850+0000] {processor.py:183} INFO - Processing /home/airflow/.local/lib/python3.12/site-packages/airflow/example_dags/example_dag_decorator.py took 0.207 seconds
[2024-05-10T07:44:53.969+0000] {processor.py:161} INFO - Started process (PID=2649) to work on /home/airflow/.local/lib/python3.12/site-packages/airflow/example_dags/example_dag_decorator.py
[2024-05-10T07:44:53.970+0000] {processor.py:830} INFO - Processing file /home/airflow/.local/lib/python3.12/site-packages/airflow/example_dags/example_dag_decorator.py for tasks to queue
[2024-05-10T07:44:53.971+0000] {logging_mixin.py:188} INFO - [2024-05-10T07:44:53.971+0000] {dagbag.py:540} INFO - Filling up the DagBag from /home/airflow/.local/lib/python3.12/site-packages/airflow/example_dags/example_dag_decorator.py
[2024-05-10T07:44:54.048+0000] {processor.py:840} INFO - DAG(s) 'example_dag_decorator' retrieved from /home/airflow/.local/lib/python3.12/site-packages/airflow/example_dags/example_dag_decorator.py
[2024-05-10T07:44:54.139+0000] {logging_mixin.py:188} INFO - [2024-05-10T07:44:54.138+0000] {dag.py:3096} INFO - Sync 1 DAGs
[2024-05-10T07:44:54.148+0000] {logging_mixin.py:188} INFO - [2024-05-10T07:44:54.148+0000] {dag.py:3954} INFO - Setting next_dagrun for example_dag_decorator to None, run_after=None
[2024-05-10T07:44:54.172+0000] {processor.py:183} INFO - Processing /home/airflow/.local/lib/python3.12/site-packages/airflow/example_dags/example_dag_decorator.py took 0.208 seconds
[2024-05-10T07:45:24.511+0000] {processor.py:161} INFO - Started process (PID=2707) to work on /home/airflow/.local/lib/python3.12/site-packages/airflow/example_dags/example_dag_decorator.py
[2024-05-10T07:45:24.511+0000] {processor.py:830} INFO - Processing file /home/airflow/.local/lib/python3.12/site-packages/airflow/example_dags/example_dag_decorator.py for tasks to queue
[2024-05-10T07:45:24.512+0000] {logging_mixin.py:188} INFO - [2024-05-10T07:45:24.512+0000] {dagbag.py:540} INFO - Filling up the DagBag from /home/airflow/.local/lib/python3.12/site-packages/airflow/example_dags/example_dag_decorator.py
[2024-05-10T07:45:24.600+0000] {processor.py:840} INFO - DAG(s) 'example_dag_decorator' retrieved from /home/airflow/.local/lib/python3.12/site-packages/airflow/example_dags/example_dag_decorator.py
[2024-05-10T07:45:24.710+0000] {logging_mixin.py:188} INFO - [2024-05-10T07:45:24.710+0000] {dag.py:3096} INFO - Sync 1 DAGs
[2024-05-10T07:45:24.719+0000] {logging_mixin.py:188} INFO - [2024-05-10T07:45:24.719+0000] {dag.py:3954} INFO - Setting next_dagrun for example_dag_decorator to None, run_after=None
[2024-05-10T07:45:24.741+0000] {processor.py:183} INFO - Processing /home/airflow/.local/lib/python3.12/site-packages/airflow/example_dags/example_dag_decorator.py took 0.235 seconds
[2024-05-10T07:45:55.170+0000] {processor.py:161} INFO - Started process (PID=2766) to work on /home/airflow/.local/lib/python3.12/site-packages/airflow/example_dags/example_dag_decorator.py
[2024-05-10T07:45:55.171+0000] {processor.py:830} INFO - Processing file /home/airflow/.local/lib/python3.12/site-packages/airflow/example_dags/example_dag_decorator.py for tasks to queue
[2024-05-10T07:45:55.172+0000] {logging_mixin.py:188} INFO - [2024-05-10T07:45:55.171+0000] {dagbag.py:540} INFO - Filling up the DagBag from /home/airflow/.local/lib/python3.12/site-packages/airflow/example_dags/example_dag_decorator.py
[2024-05-10T07:45:55.253+0000] {processor.py:840} INFO - DAG(s) 'example_dag_decorator' retrieved from /home/airflow/.local/lib/python3.12/site-packages/airflow/example_dags/example_dag_decorator.py
[2024-05-10T07:45:55.350+0000] {logging_mixin.py:188} INFO - [2024-05-10T07:45:55.350+0000] {dag.py:3096} INFO - Sync 1 DAGs
[2024-05-10T07:45:55.359+0000] {logging_mixin.py:188} INFO - [2024-05-10T07:45:55.359+0000] {dag.py:3954} INFO - Setting next_dagrun for example_dag_decorator to None, run_after=None
[2024-05-10T07:45:55.384+0000] {processor.py:183} INFO - Processing /home/airflow/.local/lib/python3.12/site-packages/airflow/example_dags/example_dag_decorator.py took 0.218 seconds
[2024-05-10T07:46:25.992+0000] {processor.py:161} INFO - Started process (PID=2824) to work on /home/airflow/.local/lib/python3.12/site-packages/airflow/example_dags/example_dag_decorator.py
[2024-05-10T07:46:25.996+0000] {processor.py:830} INFO - Processing file /home/airflow/.local/lib/python3.12/site-packages/airflow/example_dags/example_dag_decorator.py for tasks to queue
[2024-05-10T07:46:25.996+0000] {logging_mixin.py:188} INFO - [2024-05-10T07:46:25.996+0000] {dagbag.py:540} INFO - Filling up the DagBag from /home/airflow/.local/lib/python3.12/site-packages/airflow/example_dags/example_dag_decorator.py
[2024-05-10T07:46:26.096+0000] {processor.py:840} INFO - DAG(s) 'example_dag_decorator' retrieved from /home/airflow/.local/lib/python3.12/site-packages/airflow/example_dags/example_dag_decorator.py
[2024-05-10T07:46:26.217+0000] {logging_mixin.py:188} INFO - [2024-05-10T07:46:26.216+0000] {dag.py:3096} INFO - Sync 1 DAGs
[2024-05-10T07:46:26.225+0000] {logging_mixin.py:188} INFO - [2024-05-10T07:46:26.225+0000] {dag.py:3954} INFO - Setting next_dagrun for example_dag_decorator to None, run_after=None
[2024-05-10T07:46:26.274+0000] {processor.py:183} INFO - Processing /home/airflow/.local/lib/python3.12/site-packages/airflow/example_dags/example_dag_decorator.py took 0.290 seconds
[2024-05-10T07:46:56.502+0000] {processor.py:161} INFO - Started process (PID=2881) to work on /home/airflow/.local/lib/python3.12/site-packages/airflow/example_dags/example_dag_decorator.py
[2024-05-10T07:46:56.502+0000] {processor.py:830} INFO - Processing file /home/airflow/.local/lib/python3.12/site-packages/airflow/example_dags/example_dag_decorator.py for tasks to queue
[2024-05-10T07:46:56.503+0000] {logging_mixin.py:188} INFO - [2024-05-10T07:46:56.503+0000] {dagbag.py:540} INFO - Filling up the DagBag from /home/airflow/.local/lib/python3.12/site-packages/airflow/example_dags/example_dag_decorator.py
[2024-05-10T07:46:56.596+0000] {processor.py:840} INFO - DAG(s) 'example_dag_decorator' retrieved from /home/airflow/.local/lib/python3.12/site-packages/airflow/example_dags/example_dag_decorator.py
[2024-05-10T07:46:56.707+0000] {logging_mixin.py:188} INFO - [2024-05-10T07:46:56.706+0000] {dag.py:3096} INFO - Sync 1 DAGs
[2024-05-10T07:46:56.716+0000] {logging_mixin.py:188} INFO - [2024-05-10T07:46:56.716+0000] {dag.py:3954} INFO - Setting next_dagrun for example_dag_decorator to None, run_after=None
[2024-05-10T07:46:56.743+0000] {processor.py:183} INFO - Processing /home/airflow/.local/lib/python3.12/site-packages/airflow/example_dags/example_dag_decorator.py took 0.248 seconds
[2024-05-10T07:47:26.770+0000] {processor.py:161} INFO - Started process (PID=2940) to work on /home/airflow/.local/lib/python3.12/site-packages/airflow/example_dags/example_dag_decorator.py
[2024-05-10T07:47:26.770+0000] {processor.py:830} INFO - Processing file /home/airflow/.local/lib/python3.12/site-packages/airflow/example_dags/example_dag_decorator.py for tasks to queue
[2024-05-10T07:47:26.771+0000] {logging_mixin.py:188} INFO - [2024-05-10T07:47:26.771+0000] {dagbag.py:540} INFO - Filling up the DagBag from /home/airflow/.local/lib/python3.12/site-packages/airflow/example_dags/example_dag_decorator.py
[2024-05-10T07:47:26.849+0000] {processor.py:840} INFO - DAG(s) 'example_dag_decorator' retrieved from /home/airflow/.local/lib/python3.12/site-packages/airflow/example_dags/example_dag_decorator.py
[2024-05-10T07:47:26.938+0000] {logging_mixin.py:188} INFO - [2024-05-10T07:47:26.938+0000] {dag.py:3096} INFO - Sync 1 DAGs
[2024-05-10T07:47:26.946+0000] {logging_mixin.py:188} INFO - [2024-05-10T07:47:26.946+0000] {dag.py:3954} INFO - Setting next_dagrun for example_dag_decorator to None, run_after=None
[2024-05-10T07:47:27.000+0000] {processor.py:183} INFO - Processing /home/airflow/.local/lib/python3.12/site-packages/airflow/example_dags/example_dag_decorator.py took 0.235 seconds
[2024-05-10T07:47:57.165+0000] {processor.py:161} INFO - Started process (PID=2998) to work on /home/airflow/.local/lib/python3.12/site-packages/airflow/example_dags/example_dag_decorator.py
[2024-05-10T07:47:57.166+0000] {processor.py:830} INFO - Processing file /home/airflow/.local/lib/python3.12/site-packages/airflow/example_dags/example_dag_decorator.py for tasks to queue
[2024-05-10T07:47:57.166+0000] {logging_mixin.py:188} INFO - [2024-05-10T07:47:57.166+0000] {dagbag.py:540} INFO - Filling up the DagBag from /home/airflow/.local/lib/python3.12/site-packages/airflow/example_dags/example_dag_decorator.py
[2024-05-10T07:47:57.246+0000] {processor.py:840} INFO - DAG(s) 'example_dag_decorator' retrieved from /home/airflow/.local/lib/python3.12/site-packages/airflow/example_dags/example_dag_decorator.py
[2024-05-10T07:47:57.341+0000] {logging_mixin.py:188} INFO - [2024-05-10T07:47:57.341+0000] {dag.py:3096} INFO - Sync 1 DAGs
[2024-05-10T07:47:57.351+0000] {logging_mixin.py:188} INFO - [2024-05-10T07:47:57.351+0000] {dag.py:3954} INFO - Setting next_dagrun for example_dag_decorator to None, run_after=None
[2024-05-10T07:47:57.374+0000] {processor.py:183} INFO - Processing /home/airflow/.local/lib/python3.12/site-packages/airflow/example_dags/example_dag_decorator.py took 0.215 seconds
[2024-05-10T07:48:28.149+0000] {processor.py:161} INFO - Started process (PID=3055) to work on /home/airflow/.local/lib/python3.12/site-packages/airflow/example_dags/example_dag_decorator.py
[2024-05-10T07:48:28.150+0000] {processor.py:830} INFO - Processing file /home/airflow/.local/lib/python3.12/site-packages/airflow/example_dags/example_dag_decorator.py for tasks to queue
[2024-05-10T07:48:28.151+0000] {logging_mixin.py:188} INFO - [2024-05-10T07:48:28.150+0000] {dagbag.py:540} INFO - Filling up the DagBag from /home/airflow/.local/lib/python3.12/site-packages/airflow/example_dags/example_dag_decorator.py
[2024-05-10T07:48:28.243+0000] {processor.py:840} INFO - DAG(s) 'example_dag_decorator' retrieved from /home/airflow/.local/lib/python3.12/site-packages/airflow/example_dags/example_dag_decorator.py
[2024-05-10T07:48:28.359+0000] {logging_mixin.py:188} INFO - [2024-05-10T07:48:28.359+0000] {dag.py:3096} INFO - Sync 1 DAGs
[2024-05-10T07:48:28.368+0000] {logging_mixin.py:188} INFO - [2024-05-10T07:48:28.368+0000] {dag.py:3954} INFO - Setting next_dagrun for example_dag_decorator to None, run_after=None
[2024-05-10T07:48:28.391+0000] {processor.py:183} INFO - Processing /home/airflow/.local/lib/python3.12/site-packages/airflow/example_dags/example_dag_decorator.py took 0.247 seconds
[2024-05-10T07:48:58.444+0000] {processor.py:161} INFO - Started process (PID=3114) to work on /home/airflow/.local/lib/python3.12/site-packages/airflow/example_dags/example_dag_decorator.py
[2024-05-10T07:48:58.445+0000] {processor.py:830} INFO - Processing file /home/airflow/.local/lib/python3.12/site-packages/airflow/example_dags/example_dag_decorator.py for tasks to queue
[2024-05-10T07:48:58.446+0000] {logging_mixin.py:188} INFO - [2024-05-10T07:48:58.445+0000] {dagbag.py:540} INFO - Filling up the DagBag from /home/airflow/.local/lib/python3.12/site-packages/airflow/example_dags/example_dag_decorator.py
[2024-05-10T07:48:58.552+0000] {processor.py:840} INFO - DAG(s) 'example_dag_decorator' retrieved from /home/airflow/.local/lib/python3.12/site-packages/airflow/example_dags/example_dag_decorator.py
[2024-05-10T07:48:58.697+0000] {logging_mixin.py:188} INFO - [2024-05-10T07:48:58.697+0000] {dag.py:3096} INFO - Sync 1 DAGs
[2024-05-10T07:48:58.706+0000] {logging_mixin.py:188} INFO - [2024-05-10T07:48:58.706+0000] {dag.py:3118} INFO - Creating ORM DAG for example_dag_decorator
[2024-05-10T07:48:58.707+0000] {logging_mixin.py:188} INFO - [2024-05-10T07:48:58.706+0000] {dag.py:3954} INFO - Setting next_dagrun for example_dag_decorator to None, run_after=None
[2024-05-10T07:48:58.733+0000] {processor.py:183} INFO - Processing /home/airflow/.local/lib/python3.12/site-packages/airflow/example_dags/example_dag_decorator.py took 0.296 seconds
[2024-05-10T07:49:28.764+0000] {processor.py:161} INFO - Started process (PID=3174) to work on /home/airflow/.local/lib/python3.12/site-packages/airflow/example_dags/example_dag_decorator.py
[2024-05-10T07:49:28.765+0000] {processor.py:830} INFO - Processing file /home/airflow/.local/lib/python3.12/site-packages/airflow/example_dags/example_dag_decorator.py for tasks to queue
[2024-05-10T07:49:28.766+0000] {logging_mixin.py:188} INFO - [2024-05-10T07:49:28.765+0000] {dagbag.py:540} INFO - Filling up the DagBag from /home/airflow/.local/lib/python3.12/site-packages/airflow/example_dags/example_dag_decorator.py
[2024-05-10T07:49:28.842+0000] {processor.py:840} INFO - DAG(s) 'example_dag_decorator' retrieved from /home/airflow/.local/lib/python3.12/site-packages/airflow/example_dags/example_dag_decorator.py
[2024-05-10T07:49:28.934+0000] {logging_mixin.py:188} INFO - [2024-05-10T07:49:28.933+0000] {dag.py:3096} INFO - Sync 1 DAGs
[2024-05-10T07:49:28.942+0000] {logging_mixin.py:188} INFO - [2024-05-10T07:49:28.942+0000] {dag.py:3954} INFO - Setting next_dagrun for example_dag_decorator to None, run_after=None
[2024-05-10T07:49:28.996+0000] {processor.py:183} INFO - Processing /home/airflow/.local/lib/python3.12/site-packages/airflow/example_dags/example_dag_decorator.py took 0.236 seconds
[2024-05-10T07:49:59.088+0000] {processor.py:161} INFO - Started process (PID=3231) to work on /home/airflow/.local/lib/python3.12/site-packages/airflow/example_dags/example_dag_decorator.py
[2024-05-10T07:49:59.088+0000] {processor.py:830} INFO - Processing file /home/airflow/.local/lib/python3.12/site-packages/airflow/example_dags/example_dag_decorator.py for tasks to queue
[2024-05-10T07:49:59.089+0000] {logging_mixin.py:188} INFO - [2024-05-10T07:49:59.089+0000] {dagbag.py:540} INFO - Filling up the DagBag from /home/airflow/.local/lib/python3.12/site-packages/airflow/example_dags/example_dag_decorator.py
[2024-05-10T07:49:59.174+0000] {processor.py:840} INFO - DAG(s) 'example_dag_decorator' retrieved from /home/airflow/.local/lib/python3.12/site-packages/airflow/example_dags/example_dag_decorator.py
[2024-05-10T07:49:59.278+0000] {logging_mixin.py:188} INFO - [2024-05-10T07:49:59.277+0000] {dag.py:3096} INFO - Sync 1 DAGs
[2024-05-10T07:49:59.289+0000] {logging_mixin.py:188} INFO - [2024-05-10T07:49:59.288+0000] {dag.py:3118} INFO - Creating ORM DAG for example_dag_decorator
[2024-05-10T07:49:59.289+0000] {logging_mixin.py:188} INFO - [2024-05-10T07:49:59.289+0000] {dag.py:3954} INFO - Setting next_dagrun for example_dag_decorator to None, run_after=None
[2024-05-10T07:49:59.314+0000] {processor.py:183} INFO - Processing /home/airflow/.local/lib/python3.12/site-packages/airflow/example_dags/example_dag_decorator.py took 0.232 seconds
[2024-05-10T07:50:29.761+0000] {processor.py:161} INFO - Started process (PID=3287) to work on /home/airflow/.local/lib/python3.12/site-packages/airflow/example_dags/example_dag_decorator.py
[2024-05-10T07:50:29.762+0000] {processor.py:830} INFO - Processing file /home/airflow/.local/lib/python3.12/site-packages/airflow/example_dags/example_dag_decorator.py for tasks to queue
[2024-05-10T07:50:29.763+0000] {logging_mixin.py:188} INFO - [2024-05-10T07:50:29.762+0000] {dagbag.py:540} INFO - Filling up the DagBag from /home/airflow/.local/lib/python3.12/site-packages/airflow/example_dags/example_dag_decorator.py
[2024-05-10T07:50:29.847+0000] {processor.py:840} INFO - DAG(s) 'example_dag_decorator' retrieved from /home/airflow/.local/lib/python3.12/site-packages/airflow/example_dags/example_dag_decorator.py
[2024-05-10T07:50:29.867+0000] {logging_mixin.py:188} INFO - [2024-05-10T07:50:29.866+0000] {dag.py:3096} INFO - Sync 1 DAGs
[2024-05-10T07:50:29.878+0000] {logging_mixin.py:188} INFO - [2024-05-10T07:50:29.877+0000] {dag.py:3954} INFO - Setting next_dagrun for example_dag_decorator to None, run_after=None
[2024-05-10T07:50:29.903+0000] {processor.py:183} INFO - Processing /home/airflow/.local/lib/python3.12/site-packages/airflow/example_dags/example_dag_decorator.py took 0.147 seconds
[2024-05-10T07:51:00.003+0000] {processor.py:161} INFO - Started process (PID=3345) to work on /home/airflow/.local/lib/python3.12/site-packages/airflow/example_dags/example_dag_decorator.py
[2024-05-10T07:51:00.004+0000] {processor.py:830} INFO - Processing file /home/airflow/.local/lib/python3.12/site-packages/airflow/example_dags/example_dag_decorator.py for tasks to queue
[2024-05-10T07:51:00.005+0000] {logging_mixin.py:188} INFO - [2024-05-10T07:51:00.004+0000] {dagbag.py:540} INFO - Filling up the DagBag from /home/airflow/.local/lib/python3.12/site-packages/airflow/example_dags/example_dag_decorator.py
[2024-05-10T07:51:00.087+0000] {processor.py:840} INFO - DAG(s) 'example_dag_decorator' retrieved from /home/airflow/.local/lib/python3.12/site-packages/airflow/example_dags/example_dag_decorator.py
[2024-05-10T07:51:00.187+0000] {logging_mixin.py:188} INFO - [2024-05-10T07:51:00.187+0000] {dag.py:3096} INFO - Sync 1 DAGs
[2024-05-10T07:51:00.196+0000] {logging_mixin.py:188} INFO - [2024-05-10T07:51:00.196+0000] {dag.py:3954} INFO - Setting next_dagrun for example_dag_decorator to None, run_after=None
[2024-05-10T07:51:00.214+0000] {processor.py:183} INFO - Processing /home/airflow/.local/lib/python3.12/site-packages/airflow/example_dags/example_dag_decorator.py took 0.216 seconds
[2024-05-10T07:51:30.315+0000] {processor.py:161} INFO - Started process (PID=3402) to work on /home/airflow/.local/lib/python3.12/site-packages/airflow/example_dags/example_dag_decorator.py
[2024-05-10T07:51:30.316+0000] {processor.py:830} INFO - Processing file /home/airflow/.local/lib/python3.12/site-packages/airflow/example_dags/example_dag_decorator.py for tasks to queue
[2024-05-10T07:51:30.316+0000] {logging_mixin.py:188} INFO - [2024-05-10T07:51:30.316+0000] {dagbag.py:540} INFO - Filling up the DagBag from /home/airflow/.local/lib/python3.12/site-packages/airflow/example_dags/example_dag_decorator.py
[2024-05-10T07:51:30.415+0000] {processor.py:840} INFO - DAG(s) 'example_dag_decorator' retrieved from /home/airflow/.local/lib/python3.12/site-packages/airflow/example_dags/example_dag_decorator.py
[2024-05-10T07:51:30.550+0000] {logging_mixin.py:188} INFO - [2024-05-10T07:51:30.550+0000] {dag.py:3096} INFO - Sync 1 DAGs
[2024-05-10T07:51:30.562+0000] {logging_mixin.py:188} INFO - [2024-05-10T07:51:30.561+0000] {dag.py:3118} INFO - Creating ORM DAG for example_dag_decorator
[2024-05-10T07:51:30.562+0000] {logging_mixin.py:188} INFO - [2024-05-10T07:51:30.562+0000] {dag.py:3954} INFO - Setting next_dagrun for example_dag_decorator to None, run_after=None
[2024-05-10T07:51:30.594+0000] {processor.py:183} INFO - Processing /home/airflow/.local/lib/python3.12/site-packages/airflow/example_dags/example_dag_decorator.py took 0.286 seconds
[2024-05-10T07:52:01.348+0000] {processor.py:161} INFO - Started process (PID=3460) to work on /home/airflow/.local/lib/python3.12/site-packages/airflow/example_dags/example_dag_decorator.py
[2024-05-10T07:52:01.349+0000] {processor.py:830} INFO - Processing file /home/airflow/.local/lib/python3.12/site-packages/airflow/example_dags/example_dag_decorator.py for tasks to queue
[2024-05-10T07:52:01.350+0000] {logging_mixin.py:188} INFO - [2024-05-10T07:52:01.349+0000] {dagbag.py:540} INFO - Filling up the DagBag from /home/airflow/.local/lib/python3.12/site-packages/airflow/example_dags/example_dag_decorator.py
[2024-05-10T07:52:01.431+0000] {processor.py:840} INFO - DAG(s) 'example_dag_decorator' retrieved from /home/airflow/.local/lib/python3.12/site-packages/airflow/example_dags/example_dag_decorator.py
[2024-05-10T07:52:01.525+0000] {logging_mixin.py:188} INFO - [2024-05-10T07:52:01.525+0000] {dag.py:3096} INFO - Sync 1 DAGs
[2024-05-10T07:52:01.533+0000] {logging_mixin.py:188} INFO - [2024-05-10T07:52:01.533+0000] {dag.py:3954} INFO - Setting next_dagrun for example_dag_decorator to None, run_after=None
[2024-05-10T07:52:01.550+0000] {processor.py:183} INFO - Processing /home/airflow/.local/lib/python3.12/site-packages/airflow/example_dags/example_dag_decorator.py took 0.213 seconds
[2024-05-10T07:52:31.587+0000] {processor.py:161} INFO - Started process (PID=3518) to work on /home/airflow/.local/lib/python3.12/site-packages/airflow/example_dags/example_dag_decorator.py
[2024-05-10T07:52:31.587+0000] {processor.py:830} INFO - Processing file /home/airflow/.local/lib/python3.12/site-packages/airflow/example_dags/example_dag_decorator.py for tasks to queue
[2024-05-10T07:52:31.588+0000] {logging_mixin.py:188} INFO - [2024-05-10T07:52:31.588+0000] {dagbag.py:540} INFO - Filling up the DagBag from /home/airflow/.local/lib/python3.12/site-packages/airflow/example_dags/example_dag_decorator.py
[2024-05-10T07:52:31.669+0000] {processor.py:840} INFO - DAG(s) 'example_dag_decorator' retrieved from /home/airflow/.local/lib/python3.12/site-packages/airflow/example_dags/example_dag_decorator.py
[2024-05-10T07:52:31.767+0000] {logging_mixin.py:188} INFO - [2024-05-10T07:52:31.767+0000] {dag.py:3096} INFO - Sync 1 DAGs
[2024-05-10T07:52:31.777+0000] {logging_mixin.py:188} INFO - [2024-05-10T07:52:31.777+0000] {dag.py:3954} INFO - Setting next_dagrun for example_dag_decorator to None, run_after=None
[2024-05-10T07:52:31.794+0000] {processor.py:183} INFO - Processing /home/airflow/.local/lib/python3.12/site-packages/airflow/example_dags/example_dag_decorator.py took 0.212 seconds
[2024-05-10T07:53:02.614+0000] {processor.py:161} INFO - Started process (PID=3576) to work on /home/airflow/.local/lib/python3.12/site-packages/airflow/example_dags/example_dag_decorator.py
[2024-05-10T07:53:02.616+0000] {processor.py:830} INFO - Processing file /home/airflow/.local/lib/python3.12/site-packages/airflow/example_dags/example_dag_decorator.py for tasks to queue
[2024-05-10T07:53:02.617+0000] {logging_mixin.py:188} INFO - [2024-05-10T07:53:02.617+0000] {dagbag.py:540} INFO - Filling up the DagBag from /home/airflow/.local/lib/python3.12/site-packages/airflow/example_dags/example_dag_decorator.py
[2024-05-10T07:53:02.701+0000] {processor.py:840} INFO - DAG(s) 'example_dag_decorator' retrieved from /home/airflow/.local/lib/python3.12/site-packages/airflow/example_dags/example_dag_decorator.py
[2024-05-10T07:53:02.799+0000] {logging_mixin.py:188} INFO - [2024-05-10T07:53:02.799+0000] {dag.py:3096} INFO - Sync 1 DAGs
[2024-05-10T07:53:02.807+0000] {logging_mixin.py:188} INFO - [2024-05-10T07:53:02.807+0000] {dag.py:3954} INFO - Setting next_dagrun for example_dag_decorator to None, run_after=None
[2024-05-10T07:53:02.827+0000] {processor.py:183} INFO - Processing /home/airflow/.local/lib/python3.12/site-packages/airflow/example_dags/example_dag_decorator.py took 0.224 seconds
[2024-05-10T07:53:33.131+0000] {processor.py:161} INFO - Started process (PID=3633) to work on /home/airflow/.local/lib/python3.12/site-packages/airflow/example_dags/example_dag_decorator.py
[2024-05-10T07:53:33.132+0000] {processor.py:830} INFO - Processing file /home/airflow/.local/lib/python3.12/site-packages/airflow/example_dags/example_dag_decorator.py for tasks to queue
[2024-05-10T07:53:33.132+0000] {logging_mixin.py:188} INFO - [2024-05-10T07:53:33.132+0000] {dagbag.py:540} INFO - Filling up the DagBag from /home/airflow/.local/lib/python3.12/site-packages/airflow/example_dags/example_dag_decorator.py
[2024-05-10T07:53:33.212+0000] {processor.py:840} INFO - DAG(s) 'example_dag_decorator' retrieved from /home/airflow/.local/lib/python3.12/site-packages/airflow/example_dags/example_dag_decorator.py
[2024-05-10T07:53:33.309+0000] {logging_mixin.py:188} INFO - [2024-05-10T07:53:33.308+0000] {dag.py:3096} INFO - Sync 1 DAGs
[2024-05-10T07:53:33.318+0000] {logging_mixin.py:188} INFO - [2024-05-10T07:53:33.318+0000] {dag.py:3954} INFO - Setting next_dagrun for example_dag_decorator to None, run_after=None
[2024-05-10T07:53:33.340+0000] {processor.py:183} INFO - Processing /home/airflow/.local/lib/python3.12/site-packages/airflow/example_dags/example_dag_decorator.py took 0.213 seconds
[2024-05-10T07:54:03.624+0000] {processor.py:161} INFO - Started process (PID=3691) to work on /home/airflow/.local/lib/python3.12/site-packages/airflow/example_dags/example_dag_decorator.py
[2024-05-10T07:54:03.626+0000] {processor.py:830} INFO - Processing file /home/airflow/.local/lib/python3.12/site-packages/airflow/example_dags/example_dag_decorator.py for tasks to queue
[2024-05-10T07:54:03.627+0000] {logging_mixin.py:188} INFO - [2024-05-10T07:54:03.626+0000] {dagbag.py:540} INFO - Filling up the DagBag from /home/airflow/.local/lib/python3.12/site-packages/airflow/example_dags/example_dag_decorator.py
[2024-05-10T07:54:03.714+0000] {processor.py:840} INFO - DAG(s) 'example_dag_decorator' retrieved from /home/airflow/.local/lib/python3.12/site-packages/airflow/example_dags/example_dag_decorator.py
[2024-05-10T07:54:03.814+0000] {logging_mixin.py:188} INFO - [2024-05-10T07:54:03.814+0000] {dag.py:3096} INFO - Sync 1 DAGs
[2024-05-10T07:54:03.823+0000] {logging_mixin.py:188} INFO - [2024-05-10T07:54:03.823+0000] {dag.py:3954} INFO - Setting next_dagrun for example_dag_decorator to None, run_after=None
[2024-05-10T07:54:03.853+0000] {processor.py:183} INFO - Processing /home/airflow/.local/lib/python3.12/site-packages/airflow/example_dags/example_dag_decorator.py took 0.237 seconds
[2024-05-10T07:54:34.159+0000] {processor.py:161} INFO - Started process (PID=3748) to work on /home/airflow/.local/lib/python3.12/site-packages/airflow/example_dags/example_dag_decorator.py
[2024-05-10T07:54:34.159+0000] {processor.py:830} INFO - Processing file /home/airflow/.local/lib/python3.12/site-packages/airflow/example_dags/example_dag_decorator.py for tasks to queue
[2024-05-10T07:54:34.160+0000] {logging_mixin.py:188} INFO - [2024-05-10T07:54:34.160+0000] {dagbag.py:540} INFO - Filling up the DagBag from /home/airflow/.local/lib/python3.12/site-packages/airflow/example_dags/example_dag_decorator.py
[2024-05-10T07:54:34.244+0000] {processor.py:840} INFO - DAG(s) 'example_dag_decorator' retrieved from /home/airflow/.local/lib/python3.12/site-packages/airflow/example_dags/example_dag_decorator.py
[2024-05-10T07:54:34.351+0000] {logging_mixin.py:188} INFO - [2024-05-10T07:54:34.350+0000] {dag.py:3096} INFO - Sync 1 DAGs
[2024-05-10T07:54:34.362+0000] {logging_mixin.py:188} INFO - [2024-05-10T07:54:34.362+0000] {dag.py:3954} INFO - Setting next_dagrun for example_dag_decorator to None, run_after=None
[2024-05-10T07:54:34.391+0000] {processor.py:183} INFO - Processing /home/airflow/.local/lib/python3.12/site-packages/airflow/example_dags/example_dag_decorator.py took 0.237 seconds
[2024-05-10T07:55:04.888+0000] {processor.py:161} INFO - Started process (PID=3806) to work on /home/airflow/.local/lib/python3.12/site-packages/airflow/example_dags/example_dag_decorator.py
[2024-05-10T07:55:04.890+0000] {processor.py:830} INFO - Processing file /home/airflow/.local/lib/python3.12/site-packages/airflow/example_dags/example_dag_decorator.py for tasks to queue
[2024-05-10T07:55:04.890+0000] {logging_mixin.py:188} INFO - [2024-05-10T07:55:04.890+0000] {dagbag.py:540} INFO - Filling up the DagBag from /home/airflow/.local/lib/python3.12/site-packages/airflow/example_dags/example_dag_decorator.py
[2024-05-10T07:55:04.982+0000] {processor.py:840} INFO - DAG(s) 'example_dag_decorator' retrieved from /home/airflow/.local/lib/python3.12/site-packages/airflow/example_dags/example_dag_decorator.py
[2024-05-10T07:55:05.086+0000] {logging_mixin.py:188} INFO - [2024-05-10T07:55:05.086+0000] {dag.py:3096} INFO - Sync 1 DAGs
[2024-05-10T07:55:05.095+0000] {logging_mixin.py:188} INFO - [2024-05-10T07:55:05.095+0000] {dag.py:3954} INFO - Setting next_dagrun for example_dag_decorator to None, run_after=None
[2024-05-10T07:55:05.118+0000] {processor.py:183} INFO - Processing /home/airflow/.local/lib/python3.12/site-packages/airflow/example_dags/example_dag_decorator.py took 0.234 seconds
