[2024-05-10T07:22:23.411+0000] {processor.py:161} INFO - Started process (PID=41) to work on /home/airflow/.local/lib/python3.12/site-packages/airflow/example_dags/example_complex.py
[2024-05-10T07:22:23.411+0000] {processor.py:830} INFO - Processing file /home/airflow/.local/lib/python3.12/site-packages/airflow/example_dags/example_complex.py for tasks to queue
[2024-05-10T07:22:23.413+0000] {logging_mixin.py:188} INFO - [2024-05-10T07:22:23.412+0000] {dagbag.py:540} INFO - Filling up the DagBag from /home/airflow/.local/lib/python3.12/site-packages/airflow/example_dags/example_complex.py
[2024-05-10T07:22:23.425+0000] {processor.py:840} INFO - DAG(s) 'example_complex' retrieved from /home/airflow/.local/lib/python3.12/site-packages/airflow/example_dags/example_complex.py
[2024-05-10T07:22:23.434+0000] {logging_mixin.py:188} INFO - [2024-05-10T07:22:23.433+0000] {dag.py:3096} INFO - Sync 1 DAGs
[2024-05-10T07:22:23.445+0000] {logging_mixin.py:188} INFO - [2024-05-10T07:22:23.445+0000] {dag.py:3954} INFO - Setting next_dagrun for example_complex to None, run_after=None
[2024-05-10T07:22:23.462+0000] {processor.py:183} INFO - Processing /home/airflow/.local/lib/python3.12/site-packages/airflow/example_dags/example_complex.py took 0.057 seconds
[2024-05-10T07:22:54.582+0000] {processor.py:161} INFO - Started process (PID=99) to work on /home/airflow/.local/lib/python3.12/site-packages/airflow/example_dags/example_complex.py
[2024-05-10T07:22:54.583+0000] {processor.py:830} INFO - Processing file /home/airflow/.local/lib/python3.12/site-packages/airflow/example_dags/example_complex.py for tasks to queue
[2024-05-10T07:22:54.584+0000] {logging_mixin.py:188} INFO - [2024-05-10T07:22:54.584+0000] {dagbag.py:540} INFO - Filling up the DagBag from /home/airflow/.local/lib/python3.12/site-packages/airflow/example_dags/example_complex.py
[2024-05-10T07:22:54.592+0000] {processor.py:840} INFO - DAG(s) 'example_complex' retrieved from /home/airflow/.local/lib/python3.12/site-packages/airflow/example_dags/example_complex.py
[2024-05-10T07:22:54.695+0000] {logging_mixin.py:188} INFO - [2024-05-10T07:22:54.695+0000] {dag.py:3096} INFO - Sync 1 DAGs
[2024-05-10T07:22:54.704+0000] {logging_mixin.py:188} INFO - [2024-05-10T07:22:54.704+0000] {dag.py:3954} INFO - Setting next_dagrun for example_complex to None, run_after=None
[2024-05-10T07:22:54.729+0000] {processor.py:183} INFO - Processing /home/airflow/.local/lib/python3.12/site-packages/airflow/example_dags/example_complex.py took 0.151 seconds
[2024-05-10T07:23:25.329+0000] {processor.py:161} INFO - Started process (PID=157) to work on /home/airflow/.local/lib/python3.12/site-packages/airflow/example_dags/example_complex.py
[2024-05-10T07:23:25.330+0000] {processor.py:830} INFO - Processing file /home/airflow/.local/lib/python3.12/site-packages/airflow/example_dags/example_complex.py for tasks to queue
[2024-05-10T07:23:25.331+0000] {logging_mixin.py:188} INFO - [2024-05-10T07:23:25.331+0000] {dagbag.py:540} INFO - Filling up the DagBag from /home/airflow/.local/lib/python3.12/site-packages/airflow/example_dags/example_complex.py
[2024-05-10T07:23:25.340+0000] {processor.py:840} INFO - DAG(s) 'example_complex' retrieved from /home/airflow/.local/lib/python3.12/site-packages/airflow/example_dags/example_complex.py
[2024-05-10T07:23:25.366+0000] {logging_mixin.py:188} INFO - [2024-05-10T07:23:25.366+0000] {dag.py:3096} INFO - Sync 1 DAGs
[2024-05-10T07:23:25.376+0000] {logging_mixin.py:188} INFO - [2024-05-10T07:23:25.376+0000] {dag.py:3954} INFO - Setting next_dagrun for example_complex to None, run_after=None
[2024-05-10T07:23:25.396+0000] {processor.py:183} INFO - Processing /home/airflow/.local/lib/python3.12/site-packages/airflow/example_dags/example_complex.py took 0.072 seconds
[2024-05-10T07:23:56.141+0000] {processor.py:161} INFO - Started process (PID=215) to work on /home/airflow/.local/lib/python3.12/site-packages/airflow/example_dags/example_complex.py
[2024-05-10T07:23:56.142+0000] {processor.py:830} INFO - Processing file /home/airflow/.local/lib/python3.12/site-packages/airflow/example_dags/example_complex.py for tasks to queue
[2024-05-10T07:23:56.143+0000] {logging_mixin.py:188} INFO - [2024-05-10T07:23:56.143+0000] {dagbag.py:540} INFO - Filling up the DagBag from /home/airflow/.local/lib/python3.12/site-packages/airflow/example_dags/example_complex.py
[2024-05-10T07:23:56.152+0000] {processor.py:840} INFO - DAG(s) 'example_complex' retrieved from /home/airflow/.local/lib/python3.12/site-packages/airflow/example_dags/example_complex.py
[2024-05-10T07:23:56.179+0000] {logging_mixin.py:188} INFO - [2024-05-10T07:23:56.179+0000] {dag.py:3096} INFO - Sync 1 DAGs
[2024-05-10T07:23:56.190+0000] {logging_mixin.py:188} INFO - [2024-05-10T07:23:56.189+0000] {dag.py:3954} INFO - Setting next_dagrun for example_complex to None, run_after=None
[2024-05-10T07:23:56.207+0000] {processor.py:183} INFO - Processing /home/airflow/.local/lib/python3.12/site-packages/airflow/example_dags/example_complex.py took 0.070 seconds
[2024-05-10T07:24:26.741+0000] {processor.py:161} INFO - Started process (PID=272) to work on /home/airflow/.local/lib/python3.12/site-packages/airflow/example_dags/example_complex.py
[2024-05-10T07:24:26.742+0000] {processor.py:830} INFO - Processing file /home/airflow/.local/lib/python3.12/site-packages/airflow/example_dags/example_complex.py for tasks to queue
[2024-05-10T07:24:26.743+0000] {logging_mixin.py:188} INFO - [2024-05-10T07:24:26.743+0000] {dagbag.py:540} INFO - Filling up the DagBag from /home/airflow/.local/lib/python3.12/site-packages/airflow/example_dags/example_complex.py
[2024-05-10T07:24:26.752+0000] {processor.py:840} INFO - DAG(s) 'example_complex' retrieved from /home/airflow/.local/lib/python3.12/site-packages/airflow/example_dags/example_complex.py
[2024-05-10T07:24:26.779+0000] {logging_mixin.py:188} INFO - [2024-05-10T07:24:26.779+0000] {dag.py:3096} INFO - Sync 1 DAGs
[2024-05-10T07:24:26.790+0000] {logging_mixin.py:188} INFO - [2024-05-10T07:24:26.789+0000] {dag.py:3954} INFO - Setting next_dagrun for example_complex to None, run_after=None
[2024-05-10T07:24:26.807+0000] {processor.py:183} INFO - Processing /home/airflow/.local/lib/python3.12/site-packages/airflow/example_dags/example_complex.py took 0.070 seconds
[2024-05-10T07:24:57.239+0000] {processor.py:161} INFO - Started process (PID=330) to work on /home/airflow/.local/lib/python3.12/site-packages/airflow/example_dags/example_complex.py
[2024-05-10T07:24:57.239+0000] {processor.py:830} INFO - Processing file /home/airflow/.local/lib/python3.12/site-packages/airflow/example_dags/example_complex.py for tasks to queue
[2024-05-10T07:24:57.240+0000] {logging_mixin.py:188} INFO - [2024-05-10T07:24:57.240+0000] {dagbag.py:540} INFO - Filling up the DagBag from /home/airflow/.local/lib/python3.12/site-packages/airflow/example_dags/example_complex.py
[2024-05-10T07:24:57.249+0000] {processor.py:840} INFO - DAG(s) 'example_complex' retrieved from /home/airflow/.local/lib/python3.12/site-packages/airflow/example_dags/example_complex.py
[2024-05-10T07:24:57.275+0000] {logging_mixin.py:188} INFO - [2024-05-10T07:24:57.275+0000] {dag.py:3096} INFO - Sync 1 DAGs
[2024-05-10T07:24:57.286+0000] {logging_mixin.py:188} INFO - [2024-05-10T07:24:57.286+0000] {dag.py:3954} INFO - Setting next_dagrun for example_complex to None, run_after=None
[2024-05-10T07:24:57.307+0000] {processor.py:183} INFO - Processing /home/airflow/.local/lib/python3.12/site-packages/airflow/example_dags/example_complex.py took 0.073 seconds
[2024-05-10T07:25:27.749+0000] {processor.py:161} INFO - Started process (PID=388) to work on /home/airflow/.local/lib/python3.12/site-packages/airflow/example_dags/example_complex.py
[2024-05-10T07:25:27.750+0000] {processor.py:830} INFO - Processing file /home/airflow/.local/lib/python3.12/site-packages/airflow/example_dags/example_complex.py for tasks to queue
[2024-05-10T07:25:27.751+0000] {logging_mixin.py:188} INFO - [2024-05-10T07:25:27.751+0000] {dagbag.py:540} INFO - Filling up the DagBag from /home/airflow/.local/lib/python3.12/site-packages/airflow/example_dags/example_complex.py
[2024-05-10T07:25:27.759+0000] {processor.py:840} INFO - DAG(s) 'example_complex' retrieved from /home/airflow/.local/lib/python3.12/site-packages/airflow/example_dags/example_complex.py
[2024-05-10T07:25:27.786+0000] {logging_mixin.py:188} INFO - [2024-05-10T07:25:27.786+0000] {dag.py:3096} INFO - Sync 1 DAGs
[2024-05-10T07:25:27.796+0000] {logging_mixin.py:188} INFO - [2024-05-10T07:25:27.796+0000] {dag.py:3954} INFO - Setting next_dagrun for example_complex to None, run_after=None
[2024-05-10T07:25:27.818+0000] {processor.py:183} INFO - Processing /home/airflow/.local/lib/python3.12/site-packages/airflow/example_dags/example_complex.py took 0.073 seconds
[2024-05-10T07:25:57.917+0000] {processor.py:161} INFO - Started process (PID=446) to work on /home/airflow/.local/lib/python3.12/site-packages/airflow/example_dags/example_complex.py
[2024-05-10T07:25:57.917+0000] {processor.py:830} INFO - Processing file /home/airflow/.local/lib/python3.12/site-packages/airflow/example_dags/example_complex.py for tasks to queue
[2024-05-10T07:25:57.919+0000] {logging_mixin.py:188} INFO - [2024-05-10T07:25:57.918+0000] {dagbag.py:540} INFO - Filling up the DagBag from /home/airflow/.local/lib/python3.12/site-packages/airflow/example_dags/example_complex.py
[2024-05-10T07:25:57.927+0000] {processor.py:840} INFO - DAG(s) 'example_complex' retrieved from /home/airflow/.local/lib/python3.12/site-packages/airflow/example_dags/example_complex.py
[2024-05-10T07:25:57.954+0000] {logging_mixin.py:188} INFO - [2024-05-10T07:25:57.953+0000] {dag.py:3096} INFO - Sync 1 DAGs
[2024-05-10T07:25:57.964+0000] {logging_mixin.py:188} INFO - [2024-05-10T07:25:57.964+0000] {dag.py:3954} INFO - Setting next_dagrun for example_complex to None, run_after=None
[2024-05-10T07:25:57.984+0000] {processor.py:183} INFO - Processing /home/airflow/.local/lib/python3.12/site-packages/airflow/example_dags/example_complex.py took 0.072 seconds
[2024-05-10T07:26:28.417+0000] {processor.py:161} INFO - Started process (PID=504) to work on /home/airflow/.local/lib/python3.12/site-packages/airflow/example_dags/example_complex.py
[2024-05-10T07:26:28.417+0000] {processor.py:830} INFO - Processing file /home/airflow/.local/lib/python3.12/site-packages/airflow/example_dags/example_complex.py for tasks to queue
[2024-05-10T07:26:28.419+0000] {logging_mixin.py:188} INFO - [2024-05-10T07:26:28.418+0000] {dagbag.py:540} INFO - Filling up the DagBag from /home/airflow/.local/lib/python3.12/site-packages/airflow/example_dags/example_complex.py
[2024-05-10T07:26:28.427+0000] {processor.py:840} INFO - DAG(s) 'example_complex' retrieved from /home/airflow/.local/lib/python3.12/site-packages/airflow/example_dags/example_complex.py
[2024-05-10T07:26:28.455+0000] {logging_mixin.py:188} INFO - [2024-05-10T07:26:28.454+0000] {dag.py:3096} INFO - Sync 1 DAGs
[2024-05-10T07:26:28.467+0000] {logging_mixin.py:188} INFO - [2024-05-10T07:26:28.467+0000] {dag.py:3954} INFO - Setting next_dagrun for example_complex to None, run_after=None
[2024-05-10T07:26:28.485+0000] {processor.py:183} INFO - Processing /home/airflow/.local/lib/python3.12/site-packages/airflow/example_dags/example_complex.py took 0.072 seconds
[2024-05-10T07:26:58.997+0000] {processor.py:161} INFO - Started process (PID=562) to work on /home/airflow/.local/lib/python3.12/site-packages/airflow/example_dags/example_complex.py
[2024-05-10T07:26:58.997+0000] {processor.py:830} INFO - Processing file /home/airflow/.local/lib/python3.12/site-packages/airflow/example_dags/example_complex.py for tasks to queue
[2024-05-10T07:26:58.999+0000] {logging_mixin.py:188} INFO - [2024-05-10T07:26:58.998+0000] {dagbag.py:540} INFO - Filling up the DagBag from /home/airflow/.local/lib/python3.12/site-packages/airflow/example_dags/example_complex.py
[2024-05-10T07:26:59.007+0000] {processor.py:840} INFO - DAG(s) 'example_complex' retrieved from /home/airflow/.local/lib/python3.12/site-packages/airflow/example_dags/example_complex.py
[2024-05-10T07:26:59.035+0000] {logging_mixin.py:188} INFO - [2024-05-10T07:26:59.035+0000] {dag.py:3096} INFO - Sync 1 DAGs
[2024-05-10T07:26:59.046+0000] {logging_mixin.py:188} INFO - [2024-05-10T07:26:59.046+0000] {dag.py:3954} INFO - Setting next_dagrun for example_complex to None, run_after=None
[2024-05-10T07:26:59.063+0000] {processor.py:183} INFO - Processing /home/airflow/.local/lib/python3.12/site-packages/airflow/example_dags/example_complex.py took 0.071 seconds
[2024-05-10T07:27:29.452+0000] {processor.py:161} INFO - Started process (PID=620) to work on /home/airflow/.local/lib/python3.12/site-packages/airflow/example_dags/example_complex.py
[2024-05-10T07:27:29.453+0000] {processor.py:830} INFO - Processing file /home/airflow/.local/lib/python3.12/site-packages/airflow/example_dags/example_complex.py for tasks to queue
[2024-05-10T07:27:29.455+0000] {logging_mixin.py:188} INFO - [2024-05-10T07:27:29.454+0000] {dagbag.py:540} INFO - Filling up the DagBag from /home/airflow/.local/lib/python3.12/site-packages/airflow/example_dags/example_complex.py
[2024-05-10T07:27:29.463+0000] {processor.py:840} INFO - DAG(s) 'example_complex' retrieved from /home/airflow/.local/lib/python3.12/site-packages/airflow/example_dags/example_complex.py
[2024-05-10T07:27:29.492+0000] {logging_mixin.py:188} INFO - [2024-05-10T07:27:29.492+0000] {dag.py:3096} INFO - Sync 1 DAGs
[2024-05-10T07:27:29.503+0000] {logging_mixin.py:188} INFO - [2024-05-10T07:27:29.503+0000] {dag.py:3954} INFO - Setting next_dagrun for example_complex to None, run_after=None
[2024-05-10T07:27:29.519+0000] {processor.py:183} INFO - Processing /home/airflow/.local/lib/python3.12/site-packages/airflow/example_dags/example_complex.py took 0.071 seconds
[2024-05-10T07:28:00.164+0000] {processor.py:161} INFO - Started process (PID=678) to work on /home/airflow/.local/lib/python3.12/site-packages/airflow/example_dags/example_complex.py
[2024-05-10T07:28:00.165+0000] {processor.py:830} INFO - Processing file /home/airflow/.local/lib/python3.12/site-packages/airflow/example_dags/example_complex.py for tasks to queue
[2024-05-10T07:28:00.167+0000] {logging_mixin.py:188} INFO - [2024-05-10T07:28:00.166+0000] {dagbag.py:540} INFO - Filling up the DagBag from /home/airflow/.local/lib/python3.12/site-packages/airflow/example_dags/example_complex.py
[2024-05-10T07:28:00.178+0000] {processor.py:840} INFO - DAG(s) 'example_complex' retrieved from /home/airflow/.local/lib/python3.12/site-packages/airflow/example_dags/example_complex.py
[2024-05-10T07:28:00.213+0000] {logging_mixin.py:188} INFO - [2024-05-10T07:28:00.212+0000] {dag.py:3096} INFO - Sync 1 DAGs
[2024-05-10T07:28:00.226+0000] {logging_mixin.py:188} INFO - [2024-05-10T07:28:00.226+0000] {dag.py:3954} INFO - Setting next_dagrun for example_complex to None, run_after=None
[2024-05-10T07:28:00.275+0000] {processor.py:183} INFO - Processing /home/airflow/.local/lib/python3.12/site-packages/airflow/example_dags/example_complex.py took 0.122 seconds
[2024-05-10T07:28:30.344+0000] {processor.py:161} INFO - Started process (PID=736) to work on /home/airflow/.local/lib/python3.12/site-packages/airflow/example_dags/example_complex.py
[2024-05-10T07:28:30.345+0000] {processor.py:830} INFO - Processing file /home/airflow/.local/lib/python3.12/site-packages/airflow/example_dags/example_complex.py for tasks to queue
[2024-05-10T07:28:30.348+0000] {logging_mixin.py:188} INFO - [2024-05-10T07:28:30.348+0000] {dagbag.py:540} INFO - Filling up the DagBag from /home/airflow/.local/lib/python3.12/site-packages/airflow/example_dags/example_complex.py
[2024-05-10T07:28:30.367+0000] {processor.py:840} INFO - DAG(s) 'example_complex' retrieved from /home/airflow/.local/lib/python3.12/site-packages/airflow/example_dags/example_complex.py
[2024-05-10T07:28:30.431+0000] {logging_mixin.py:188} INFO - [2024-05-10T07:28:30.431+0000] {dag.py:3096} INFO - Sync 1 DAGs
[2024-05-10T07:28:30.452+0000] {logging_mixin.py:188} INFO - [2024-05-10T07:28:30.451+0000] {dag.py:3954} INFO - Setting next_dagrun for example_complex to None, run_after=None
[2024-05-10T07:28:30.478+0000] {processor.py:183} INFO - Processing /home/airflow/.local/lib/python3.12/site-packages/airflow/example_dags/example_complex.py took 0.144 seconds
[2024-05-10T07:29:00.907+0000] {processor.py:161} INFO - Started process (PID=794) to work on /home/airflow/.local/lib/python3.12/site-packages/airflow/example_dags/example_complex.py
[2024-05-10T07:29:00.908+0000] {processor.py:830} INFO - Processing file /home/airflow/.local/lib/python3.12/site-packages/airflow/example_dags/example_complex.py for tasks to queue
[2024-05-10T07:29:00.909+0000] {logging_mixin.py:188} INFO - [2024-05-10T07:29:00.909+0000] {dagbag.py:540} INFO - Filling up the DagBag from /home/airflow/.local/lib/python3.12/site-packages/airflow/example_dags/example_complex.py
[2024-05-10T07:29:00.918+0000] {processor.py:840} INFO - DAG(s) 'example_complex' retrieved from /home/airflow/.local/lib/python3.12/site-packages/airflow/example_dags/example_complex.py
[2024-05-10T07:29:00.945+0000] {logging_mixin.py:188} INFO - [2024-05-10T07:29:00.944+0000] {dag.py:3096} INFO - Sync 1 DAGs
[2024-05-10T07:29:00.955+0000] {logging_mixin.py:188} INFO - [2024-05-10T07:29:00.955+0000] {dag.py:3954} INFO - Setting next_dagrun for example_complex to None, run_after=None
[2024-05-10T07:29:00.974+0000] {processor.py:183} INFO - Processing /home/airflow/.local/lib/python3.12/site-packages/airflow/example_dags/example_complex.py took 0.072 seconds
[2024-05-10T07:29:31.282+0000] {processor.py:161} INFO - Started process (PID=852) to work on /home/airflow/.local/lib/python3.12/site-packages/airflow/example_dags/example_complex.py
[2024-05-10T07:29:31.283+0000] {processor.py:830} INFO - Processing file /home/airflow/.local/lib/python3.12/site-packages/airflow/example_dags/example_complex.py for tasks to queue
[2024-05-10T07:29:31.284+0000] {logging_mixin.py:188} INFO - [2024-05-10T07:29:31.284+0000] {dagbag.py:540} INFO - Filling up the DagBag from /home/airflow/.local/lib/python3.12/site-packages/airflow/example_dags/example_complex.py
[2024-05-10T07:29:31.292+0000] {processor.py:840} INFO - DAG(s) 'example_complex' retrieved from /home/airflow/.local/lib/python3.12/site-packages/airflow/example_dags/example_complex.py
[2024-05-10T07:29:31.319+0000] {logging_mixin.py:188} INFO - [2024-05-10T07:29:31.318+0000] {dag.py:3096} INFO - Sync 1 DAGs
[2024-05-10T07:29:31.328+0000] {logging_mixin.py:188} INFO - [2024-05-10T07:29:31.328+0000] {dag.py:3954} INFO - Setting next_dagrun for example_complex to None, run_after=None
[2024-05-10T07:29:31.351+0000] {processor.py:183} INFO - Processing /home/airflow/.local/lib/python3.12/site-packages/airflow/example_dags/example_complex.py took 0.073 seconds
[2024-05-10T07:30:01.618+0000] {processor.py:161} INFO - Started process (PID=910) to work on /home/airflow/.local/lib/python3.12/site-packages/airflow/example_dags/example_complex.py
[2024-05-10T07:30:01.619+0000] {processor.py:830} INFO - Processing file /home/airflow/.local/lib/python3.12/site-packages/airflow/example_dags/example_complex.py for tasks to queue
[2024-05-10T07:30:01.620+0000] {logging_mixin.py:188} INFO - [2024-05-10T07:30:01.620+0000] {dagbag.py:540} INFO - Filling up the DagBag from /home/airflow/.local/lib/python3.12/site-packages/airflow/example_dags/example_complex.py
[2024-05-10T07:30:01.629+0000] {processor.py:840} INFO - DAG(s) 'example_complex' retrieved from /home/airflow/.local/lib/python3.12/site-packages/airflow/example_dags/example_complex.py
[2024-05-10T07:30:01.656+0000] {logging_mixin.py:188} INFO - [2024-05-10T07:30:01.656+0000] {dag.py:3096} INFO - Sync 1 DAGs
[2024-05-10T07:30:01.765+0000] {logging_mixin.py:188} INFO - [2024-05-10T07:30:01.765+0000] {dag.py:3954} INFO - Setting next_dagrun for example_complex to None, run_after=None
[2024-05-10T07:30:01.784+0000] {processor.py:183} INFO - Processing /home/airflow/.local/lib/python3.12/site-packages/airflow/example_dags/example_complex.py took 0.171 seconds
[2024-05-10T07:30:32.574+0000] {processor.py:161} INFO - Started process (PID=969) to work on /home/airflow/.local/lib/python3.12/site-packages/airflow/example_dags/example_complex.py
[2024-05-10T07:30:32.574+0000] {processor.py:830} INFO - Processing file /home/airflow/.local/lib/python3.12/site-packages/airflow/example_dags/example_complex.py for tasks to queue
[2024-05-10T07:30:32.576+0000] {logging_mixin.py:188} INFO - [2024-05-10T07:30:32.575+0000] {dagbag.py:540} INFO - Filling up the DagBag from /home/airflow/.local/lib/python3.12/site-packages/airflow/example_dags/example_complex.py
[2024-05-10T07:30:32.584+0000] {processor.py:840} INFO - DAG(s) 'example_complex' retrieved from /home/airflow/.local/lib/python3.12/site-packages/airflow/example_dags/example_complex.py
[2024-05-10T07:30:32.611+0000] {logging_mixin.py:188} INFO - [2024-05-10T07:30:32.611+0000] {dag.py:3096} INFO - Sync 1 DAGs
[2024-05-10T07:30:32.622+0000] {logging_mixin.py:188} INFO - [2024-05-10T07:30:32.622+0000] {dag.py:3954} INFO - Setting next_dagrun for example_complex to None, run_after=None
[2024-05-10T07:30:32.751+0000] {processor.py:183} INFO - Processing /home/airflow/.local/lib/python3.12/site-packages/airflow/example_dags/example_complex.py took 0.182 seconds
[2024-05-10T07:31:03.017+0000] {processor.py:161} INFO - Started process (PID=1028) to work on /home/airflow/.local/lib/python3.12/site-packages/airflow/example_dags/example_complex.py
[2024-05-10T07:31:03.017+0000] {processor.py:830} INFO - Processing file /home/airflow/.local/lib/python3.12/site-packages/airflow/example_dags/example_complex.py for tasks to queue
[2024-05-10T07:31:03.019+0000] {logging_mixin.py:188} INFO - [2024-05-10T07:31:03.018+0000] {dagbag.py:540} INFO - Filling up the DagBag from /home/airflow/.local/lib/python3.12/site-packages/airflow/example_dags/example_complex.py
[2024-05-10T07:31:03.027+0000] {processor.py:840} INFO - DAG(s) 'example_complex' retrieved from /home/airflow/.local/lib/python3.12/site-packages/airflow/example_dags/example_complex.py
[2024-05-10T07:31:03.062+0000] {logging_mixin.py:188} INFO - [2024-05-10T07:31:03.061+0000] {dag.py:3096} INFO - Sync 1 DAGs
[2024-05-10T07:31:03.073+0000] {logging_mixin.py:188} INFO - [2024-05-10T07:31:03.073+0000] {dag.py:3954} INFO - Setting next_dagrun for example_complex to None, run_after=None
[2024-05-10T07:31:03.097+0000] {processor.py:183} INFO - Processing /home/airflow/.local/lib/python3.12/site-packages/airflow/example_dags/example_complex.py took 0.085 seconds
[2024-05-10T07:31:33.793+0000] {processor.py:161} INFO - Started process (PID=1085) to work on /home/airflow/.local/lib/python3.12/site-packages/airflow/example_dags/example_complex.py
[2024-05-10T07:31:33.794+0000] {processor.py:830} INFO - Processing file /home/airflow/.local/lib/python3.12/site-packages/airflow/example_dags/example_complex.py for tasks to queue
[2024-05-10T07:31:33.795+0000] {logging_mixin.py:188} INFO - [2024-05-10T07:31:33.795+0000] {dagbag.py:540} INFO - Filling up the DagBag from /home/airflow/.local/lib/python3.12/site-packages/airflow/example_dags/example_complex.py
[2024-05-10T07:31:33.803+0000] {processor.py:840} INFO - DAG(s) 'example_complex' retrieved from /home/airflow/.local/lib/python3.12/site-packages/airflow/example_dags/example_complex.py
[2024-05-10T07:31:33.831+0000] {logging_mixin.py:188} INFO - [2024-05-10T07:31:33.830+0000] {dag.py:3096} INFO - Sync 1 DAGs
[2024-05-10T07:31:33.841+0000] {logging_mixin.py:188} INFO - [2024-05-10T07:31:33.840+0000] {dag.py:3954} INFO - Setting next_dagrun for example_complex to None, run_after=None
[2024-05-10T07:31:33.862+0000] {processor.py:183} INFO - Processing /home/airflow/.local/lib/python3.12/site-packages/airflow/example_dags/example_complex.py took 0.073 seconds
[2024-05-10T07:32:04.573+0000] {processor.py:161} INFO - Started process (PID=1143) to work on /home/airflow/.local/lib/python3.12/site-packages/airflow/example_dags/example_complex.py
[2024-05-10T07:32:04.573+0000] {processor.py:830} INFO - Processing file /home/airflow/.local/lib/python3.12/site-packages/airflow/example_dags/example_complex.py for tasks to queue
[2024-05-10T07:32:04.575+0000] {logging_mixin.py:188} INFO - [2024-05-10T07:32:04.574+0000] {dagbag.py:540} INFO - Filling up the DagBag from /home/airflow/.local/lib/python3.12/site-packages/airflow/example_dags/example_complex.py
[2024-05-10T07:32:04.583+0000] {processor.py:840} INFO - DAG(s) 'example_complex' retrieved from /home/airflow/.local/lib/python3.12/site-packages/airflow/example_dags/example_complex.py
[2024-05-10T07:32:04.610+0000] {logging_mixin.py:188} INFO - [2024-05-10T07:32:04.610+0000] {dag.py:3096} INFO - Sync 1 DAGs
[2024-05-10T07:32:04.621+0000] {logging_mixin.py:188} INFO - [2024-05-10T07:32:04.620+0000] {dag.py:3954} INFO - Setting next_dagrun for example_complex to None, run_after=None
[2024-05-10T07:32:04.640+0000] {processor.py:183} INFO - Processing /home/airflow/.local/lib/python3.12/site-packages/airflow/example_dags/example_complex.py took 0.072 seconds
[2024-05-10T07:32:35.216+0000] {processor.py:161} INFO - Started process (PID=1202) to work on /home/airflow/.local/lib/python3.12/site-packages/airflow/example_dags/example_complex.py
[2024-05-10T07:32:35.217+0000] {processor.py:830} INFO - Processing file /home/airflow/.local/lib/python3.12/site-packages/airflow/example_dags/example_complex.py for tasks to queue
[2024-05-10T07:32:35.218+0000] {logging_mixin.py:188} INFO - [2024-05-10T07:32:35.218+0000] {dagbag.py:540} INFO - Filling up the DagBag from /home/airflow/.local/lib/python3.12/site-packages/airflow/example_dags/example_complex.py
[2024-05-10T07:32:35.226+0000] {processor.py:840} INFO - DAG(s) 'example_complex' retrieved from /home/airflow/.local/lib/python3.12/site-packages/airflow/example_dags/example_complex.py
[2024-05-10T07:32:35.252+0000] {logging_mixin.py:188} INFO - [2024-05-10T07:32:35.252+0000] {dag.py:3096} INFO - Sync 1 DAGs
[2024-05-10T07:32:35.262+0000] {logging_mixin.py:188} INFO - [2024-05-10T07:32:35.262+0000] {dag.py:3954} INFO - Setting next_dagrun for example_complex to None, run_after=None
[2024-05-10T07:32:35.285+0000] {processor.py:183} INFO - Processing /home/airflow/.local/lib/python3.12/site-packages/airflow/example_dags/example_complex.py took 0.073 seconds
[2024-05-10T07:33:05.771+0000] {processor.py:161} INFO - Started process (PID=1260) to work on /home/airflow/.local/lib/python3.12/site-packages/airflow/example_dags/example_complex.py
[2024-05-10T07:33:05.772+0000] {processor.py:830} INFO - Processing file /home/airflow/.local/lib/python3.12/site-packages/airflow/example_dags/example_complex.py for tasks to queue
[2024-05-10T07:33:05.773+0000] {logging_mixin.py:188} INFO - [2024-05-10T07:33:05.773+0000] {dagbag.py:540} INFO - Filling up the DagBag from /home/airflow/.local/lib/python3.12/site-packages/airflow/example_dags/example_complex.py
[2024-05-10T07:33:05.784+0000] {processor.py:840} INFO - DAG(s) 'example_complex' retrieved from /home/airflow/.local/lib/python3.12/site-packages/airflow/example_dags/example_complex.py
[2024-05-10T07:33:05.811+0000] {logging_mixin.py:188} INFO - [2024-05-10T07:33:05.810+0000] {dag.py:3096} INFO - Sync 1 DAGs
[2024-05-10T07:33:05.821+0000] {logging_mixin.py:188} INFO - [2024-05-10T07:33:05.821+0000] {dag.py:3954} INFO - Setting next_dagrun for example_complex to None, run_after=None
[2024-05-10T07:33:05.852+0000] {processor.py:183} INFO - Processing /home/airflow/.local/lib/python3.12/site-packages/airflow/example_dags/example_complex.py took 0.085 seconds
[2024-05-10T07:33:36.583+0000] {processor.py:161} INFO - Started process (PID=1320) to work on /home/airflow/.local/lib/python3.12/site-packages/airflow/example_dags/example_complex.py
[2024-05-10T07:33:36.584+0000] {processor.py:830} INFO - Processing file /home/airflow/.local/lib/python3.12/site-packages/airflow/example_dags/example_complex.py for tasks to queue
[2024-05-10T07:33:36.585+0000] {logging_mixin.py:188} INFO - [2024-05-10T07:33:36.585+0000] {dagbag.py:540} INFO - Filling up the DagBag from /home/airflow/.local/lib/python3.12/site-packages/airflow/example_dags/example_complex.py
[2024-05-10T07:33:36.594+0000] {processor.py:840} INFO - DAG(s) 'example_complex' retrieved from /home/airflow/.local/lib/python3.12/site-packages/airflow/example_dags/example_complex.py
[2024-05-10T07:33:36.621+0000] {logging_mixin.py:188} INFO - [2024-05-10T07:33:36.621+0000] {dag.py:3096} INFO - Sync 1 DAGs
[2024-05-10T07:33:36.632+0000] {logging_mixin.py:188} INFO - [2024-05-10T07:33:36.632+0000] {dag.py:3954} INFO - Setting next_dagrun for example_complex to None, run_after=None
[2024-05-10T07:33:36.651+0000] {processor.py:183} INFO - Processing /home/airflow/.local/lib/python3.12/site-packages/airflow/example_dags/example_complex.py took 0.073 seconds
[2024-05-10T07:34:07.049+0000] {processor.py:161} INFO - Started process (PID=1380) to work on /home/airflow/.local/lib/python3.12/site-packages/airflow/example_dags/example_complex.py
[2024-05-10T07:34:07.050+0000] {processor.py:830} INFO - Processing file /home/airflow/.local/lib/python3.12/site-packages/airflow/example_dags/example_complex.py for tasks to queue
[2024-05-10T07:34:07.051+0000] {logging_mixin.py:188} INFO - [2024-05-10T07:34:07.051+0000] {dagbag.py:540} INFO - Filling up the DagBag from /home/airflow/.local/lib/python3.12/site-packages/airflow/example_dags/example_complex.py
[2024-05-10T07:34:07.061+0000] {processor.py:840} INFO - DAG(s) 'example_complex' retrieved from /home/airflow/.local/lib/python3.12/site-packages/airflow/example_dags/example_complex.py
[2024-05-10T07:34:07.093+0000] {logging_mixin.py:188} INFO - [2024-05-10T07:34:07.093+0000] {dag.py:3096} INFO - Sync 1 DAGs
[2024-05-10T07:34:07.110+0000] {logging_mixin.py:188} INFO - [2024-05-10T07:34:07.110+0000] {dag.py:3954} INFO - Setting next_dagrun for example_complex to None, run_after=None
[2024-05-10T07:34:07.141+0000] {processor.py:183} INFO - Processing /home/airflow/.local/lib/python3.12/site-packages/airflow/example_dags/example_complex.py took 0.098 seconds
[2024-05-10T07:34:37.972+0000] {processor.py:161} INFO - Started process (PID=1439) to work on /home/airflow/.local/lib/python3.12/site-packages/airflow/example_dags/example_complex.py
[2024-05-10T07:34:37.972+0000] {processor.py:830} INFO - Processing file /home/airflow/.local/lib/python3.12/site-packages/airflow/example_dags/example_complex.py for tasks to queue
[2024-05-10T07:34:37.974+0000] {logging_mixin.py:188} INFO - [2024-05-10T07:34:37.973+0000] {dagbag.py:540} INFO - Filling up the DagBag from /home/airflow/.local/lib/python3.12/site-packages/airflow/example_dags/example_complex.py
[2024-05-10T07:34:37.982+0000] {processor.py:840} INFO - DAG(s) 'example_complex' retrieved from /home/airflow/.local/lib/python3.12/site-packages/airflow/example_dags/example_complex.py
[2024-05-10T07:34:38.009+0000] {logging_mixin.py:188} INFO - [2024-05-10T07:34:38.008+0000] {dag.py:3096} INFO - Sync 1 DAGs
[2024-05-10T07:34:38.019+0000] {logging_mixin.py:188} INFO - [2024-05-10T07:34:38.019+0000] {dag.py:3954} INFO - Setting next_dagrun for example_complex to None, run_after=None
[2024-05-10T07:34:38.041+0000] {processor.py:183} INFO - Processing /home/airflow/.local/lib/python3.12/site-packages/airflow/example_dags/example_complex.py took 0.074 seconds
[2024-05-10T07:35:08.508+0000] {processor.py:161} INFO - Started process (PID=1498) to work on /home/airflow/.local/lib/python3.12/site-packages/airflow/example_dags/example_complex.py
[2024-05-10T07:35:08.509+0000] {processor.py:830} INFO - Processing file /home/airflow/.local/lib/python3.12/site-packages/airflow/example_dags/example_complex.py for tasks to queue
[2024-05-10T07:35:08.510+0000] {logging_mixin.py:188} INFO - [2024-05-10T07:35:08.510+0000] {dagbag.py:540} INFO - Filling up the DagBag from /home/airflow/.local/lib/python3.12/site-packages/airflow/example_dags/example_complex.py
[2024-05-10T07:35:08.519+0000] {processor.py:840} INFO - DAG(s) 'example_complex' retrieved from /home/airflow/.local/lib/python3.12/site-packages/airflow/example_dags/example_complex.py
[2024-05-10T07:35:08.549+0000] {logging_mixin.py:188} INFO - [2024-05-10T07:35:08.549+0000] {dag.py:3096} INFO - Sync 1 DAGs
[2024-05-10T07:35:08.560+0000] {logging_mixin.py:188} INFO - [2024-05-10T07:35:08.560+0000] {dag.py:3954} INFO - Setting next_dagrun for example_complex to None, run_after=None
[2024-05-10T07:35:08.585+0000] {processor.py:183} INFO - Processing /home/airflow/.local/lib/python3.12/site-packages/airflow/example_dags/example_complex.py took 0.083 seconds
[2024-05-10T07:35:39.218+0000] {processor.py:161} INFO - Started process (PID=1557) to work on /home/airflow/.local/lib/python3.12/site-packages/airflow/example_dags/example_complex.py
[2024-05-10T07:35:39.219+0000] {processor.py:830} INFO - Processing file /home/airflow/.local/lib/python3.12/site-packages/airflow/example_dags/example_complex.py for tasks to queue
[2024-05-10T07:35:39.220+0000] {logging_mixin.py:188} INFO - [2024-05-10T07:35:39.220+0000] {dagbag.py:540} INFO - Filling up the DagBag from /home/airflow/.local/lib/python3.12/site-packages/airflow/example_dags/example_complex.py
[2024-05-10T07:35:39.229+0000] {processor.py:840} INFO - DAG(s) 'example_complex' retrieved from /home/airflow/.local/lib/python3.12/site-packages/airflow/example_dags/example_complex.py
[2024-05-10T07:35:39.287+0000] {logging_mixin.py:188} INFO - [2024-05-10T07:35:39.287+0000] {dag.py:3096} INFO - Sync 1 DAGs
[2024-05-10T07:35:39.300+0000] {logging_mixin.py:188} INFO - [2024-05-10T07:35:39.300+0000] {dag.py:3954} INFO - Setting next_dagrun for example_complex to None, run_after=None
[2024-05-10T07:35:39.329+0000] {processor.py:183} INFO - Processing /home/airflow/.local/lib/python3.12/site-packages/airflow/example_dags/example_complex.py took 0.116 seconds
[2024-05-10T07:36:09.618+0000] {processor.py:161} INFO - Started process (PID=1622) to work on /home/airflow/.local/lib/python3.12/site-packages/airflow/example_dags/example_complex.py
[2024-05-10T07:36:09.620+0000] {processor.py:830} INFO - Processing file /home/airflow/.local/lib/python3.12/site-packages/airflow/example_dags/example_complex.py for tasks to queue
[2024-05-10T07:36:09.621+0000] {logging_mixin.py:188} INFO - [2024-05-10T07:36:09.621+0000] {dagbag.py:540} INFO - Filling up the DagBag from /home/airflow/.local/lib/python3.12/site-packages/airflow/example_dags/example_complex.py
[2024-05-10T07:36:09.631+0000] {processor.py:840} INFO - DAG(s) 'example_complex' retrieved from /home/airflow/.local/lib/python3.12/site-packages/airflow/example_dags/example_complex.py
[2024-05-10T07:36:09.666+0000] {logging_mixin.py:188} INFO - [2024-05-10T07:36:09.665+0000] {dag.py:3096} INFO - Sync 1 DAGs
[2024-05-10T07:36:09.677+0000] {logging_mixin.py:188} INFO - [2024-05-10T07:36:09.677+0000] {dag.py:3954} INFO - Setting next_dagrun for example_complex to None, run_after=None
[2024-05-10T07:36:09.707+0000] {processor.py:183} INFO - Processing /home/airflow/.local/lib/python3.12/site-packages/airflow/example_dags/example_complex.py took 0.094 seconds
[2024-05-10T07:36:39.799+0000] {processor.py:161} INFO - Started process (PID=1680) to work on /home/airflow/.local/lib/python3.12/site-packages/airflow/example_dags/example_complex.py
[2024-05-10T07:36:39.800+0000] {processor.py:830} INFO - Processing file /home/airflow/.local/lib/python3.12/site-packages/airflow/example_dags/example_complex.py for tasks to queue
[2024-05-10T07:36:39.801+0000] {logging_mixin.py:188} INFO - [2024-05-10T07:36:39.801+0000] {dagbag.py:540} INFO - Filling up the DagBag from /home/airflow/.local/lib/python3.12/site-packages/airflow/example_dags/example_complex.py
[2024-05-10T07:36:39.809+0000] {processor.py:840} INFO - DAG(s) 'example_complex' retrieved from /home/airflow/.local/lib/python3.12/site-packages/airflow/example_dags/example_complex.py
[2024-05-10T07:36:39.837+0000] {logging_mixin.py:188} INFO - [2024-05-10T07:36:39.837+0000] {dag.py:3096} INFO - Sync 1 DAGs
[2024-05-10T07:36:39.848+0000] {logging_mixin.py:188} INFO - [2024-05-10T07:36:39.848+0000] {dag.py:3954} INFO - Setting next_dagrun for example_complex to None, run_after=None
[2024-05-10T07:36:39.874+0000] {processor.py:183} INFO - Processing /home/airflow/.local/lib/python3.12/site-packages/airflow/example_dags/example_complex.py took 0.080 seconds
[2024-05-10T07:37:10.063+0000] {processor.py:161} INFO - Started process (PID=1739) to work on /home/airflow/.local/lib/python3.12/site-packages/airflow/example_dags/example_complex.py
[2024-05-10T07:37:10.064+0000] {processor.py:830} INFO - Processing file /home/airflow/.local/lib/python3.12/site-packages/airflow/example_dags/example_complex.py for tasks to queue
[2024-05-10T07:37:10.065+0000] {logging_mixin.py:188} INFO - [2024-05-10T07:37:10.065+0000] {dagbag.py:540} INFO - Filling up the DagBag from /home/airflow/.local/lib/python3.12/site-packages/airflow/example_dags/example_complex.py
[2024-05-10T07:37:10.074+0000] {processor.py:840} INFO - DAG(s) 'example_complex' retrieved from /home/airflow/.local/lib/python3.12/site-packages/airflow/example_dags/example_complex.py
[2024-05-10T07:37:10.101+0000] {logging_mixin.py:188} INFO - [2024-05-10T07:37:10.100+0000] {dag.py:3096} INFO - Sync 1 DAGs
[2024-05-10T07:37:10.112+0000] {logging_mixin.py:188} INFO - [2024-05-10T07:37:10.111+0000] {dag.py:3954} INFO - Setting next_dagrun for example_complex to None, run_after=None
[2024-05-10T07:37:10.130+0000] {processor.py:183} INFO - Processing /home/airflow/.local/lib/python3.12/site-packages/airflow/example_dags/example_complex.py took 0.072 seconds
[2024-05-10T07:37:40.299+0000] {processor.py:161} INFO - Started process (PID=1798) to work on /home/airflow/.local/lib/python3.12/site-packages/airflow/example_dags/example_complex.py
[2024-05-10T07:37:40.300+0000] {processor.py:830} INFO - Processing file /home/airflow/.local/lib/python3.12/site-packages/airflow/example_dags/example_complex.py for tasks to queue
[2024-05-10T07:37:40.301+0000] {logging_mixin.py:188} INFO - [2024-05-10T07:37:40.301+0000] {dagbag.py:540} INFO - Filling up the DagBag from /home/airflow/.local/lib/python3.12/site-packages/airflow/example_dags/example_complex.py
[2024-05-10T07:37:40.310+0000] {processor.py:840} INFO - DAG(s) 'example_complex' retrieved from /home/airflow/.local/lib/python3.12/site-packages/airflow/example_dags/example_complex.py
[2024-05-10T07:37:40.337+0000] {logging_mixin.py:188} INFO - [2024-05-10T07:37:40.337+0000] {dag.py:3096} INFO - Sync 1 DAGs
[2024-05-10T07:37:40.348+0000] {logging_mixin.py:188} INFO - [2024-05-10T07:37:40.348+0000] {dag.py:3954} INFO - Setting next_dagrun for example_complex to None, run_after=None
[2024-05-10T07:37:40.363+0000] {processor.py:183} INFO - Processing /home/airflow/.local/lib/python3.12/site-packages/airflow/example_dags/example_complex.py took 0.070 seconds
[2024-05-10T07:38:10.998+0000] {processor.py:161} INFO - Started process (PID=1857) to work on /home/airflow/.local/lib/python3.12/site-packages/airflow/example_dags/example_complex.py
[2024-05-10T07:38:10.999+0000] {processor.py:830} INFO - Processing file /home/airflow/.local/lib/python3.12/site-packages/airflow/example_dags/example_complex.py for tasks to queue
[2024-05-10T07:38:11.000+0000] {logging_mixin.py:188} INFO - [2024-05-10T07:38:11.000+0000] {dagbag.py:540} INFO - Filling up the DagBag from /home/airflow/.local/lib/python3.12/site-packages/airflow/example_dags/example_complex.py
[2024-05-10T07:38:11.009+0000] {processor.py:840} INFO - DAG(s) 'example_complex' retrieved from /home/airflow/.local/lib/python3.12/site-packages/airflow/example_dags/example_complex.py
[2024-05-10T07:38:11.036+0000] {logging_mixin.py:188} INFO - [2024-05-10T07:38:11.036+0000] {dag.py:3096} INFO - Sync 1 DAGs
[2024-05-10T07:38:11.047+0000] {logging_mixin.py:188} INFO - [2024-05-10T07:38:11.047+0000] {dag.py:3954} INFO - Setting next_dagrun for example_complex to None, run_after=None
[2024-05-10T07:38:11.063+0000] {processor.py:183} INFO - Processing /home/airflow/.local/lib/python3.12/site-packages/airflow/example_dags/example_complex.py took 0.070 seconds
[2024-05-10T07:38:41.685+0000] {processor.py:161} INFO - Started process (PID=1915) to work on /home/airflow/.local/lib/python3.12/site-packages/airflow/example_dags/example_complex.py
[2024-05-10T07:38:41.686+0000] {processor.py:830} INFO - Processing file /home/airflow/.local/lib/python3.12/site-packages/airflow/example_dags/example_complex.py for tasks to queue
[2024-05-10T07:38:41.687+0000] {logging_mixin.py:188} INFO - [2024-05-10T07:38:41.687+0000] {dagbag.py:540} INFO - Filling up the DagBag from /home/airflow/.local/lib/python3.12/site-packages/airflow/example_dags/example_complex.py
[2024-05-10T07:38:41.695+0000] {processor.py:840} INFO - DAG(s) 'example_complex' retrieved from /home/airflow/.local/lib/python3.12/site-packages/airflow/example_dags/example_complex.py
[2024-05-10T07:38:41.723+0000] {logging_mixin.py:188} INFO - [2024-05-10T07:38:41.723+0000] {dag.py:3096} INFO - Sync 1 DAGs
[2024-05-10T07:38:41.734+0000] {logging_mixin.py:188} INFO - [2024-05-10T07:38:41.733+0000] {dag.py:3954} INFO - Setting next_dagrun for example_complex to None, run_after=None
[2024-05-10T07:38:41.752+0000] {processor.py:183} INFO - Processing /home/airflow/.local/lib/python3.12/site-packages/airflow/example_dags/example_complex.py took 0.072 seconds
[2024-05-10T07:39:12.329+0000] {processor.py:161} INFO - Started process (PID=1974) to work on /home/airflow/.local/lib/python3.12/site-packages/airflow/example_dags/example_complex.py
[2024-05-10T07:39:12.329+0000] {processor.py:830} INFO - Processing file /home/airflow/.local/lib/python3.12/site-packages/airflow/example_dags/example_complex.py for tasks to queue
[2024-05-10T07:39:12.331+0000] {logging_mixin.py:188} INFO - [2024-05-10T07:39:12.330+0000] {dagbag.py:540} INFO - Filling up the DagBag from /home/airflow/.local/lib/python3.12/site-packages/airflow/example_dags/example_complex.py
[2024-05-10T07:39:12.340+0000] {processor.py:840} INFO - DAG(s) 'example_complex' retrieved from /home/airflow/.local/lib/python3.12/site-packages/airflow/example_dags/example_complex.py
[2024-05-10T07:39:12.369+0000] {logging_mixin.py:188} INFO - [2024-05-10T07:39:12.369+0000] {dag.py:3096} INFO - Sync 1 DAGs
[2024-05-10T07:39:12.380+0000] {logging_mixin.py:188} INFO - [2024-05-10T07:39:12.380+0000] {dag.py:3954} INFO - Setting next_dagrun for example_complex to None, run_after=None
[2024-05-10T07:39:12.427+0000] {processor.py:183} INFO - Processing /home/airflow/.local/lib/python3.12/site-packages/airflow/example_dags/example_complex.py took 0.103 seconds
[2024-05-10T07:39:42.596+0000] {processor.py:161} INFO - Started process (PID=2032) to work on /home/airflow/.local/lib/python3.12/site-packages/airflow/example_dags/example_complex.py
[2024-05-10T07:39:42.597+0000] {processor.py:830} INFO - Processing file /home/airflow/.local/lib/python3.12/site-packages/airflow/example_dags/example_complex.py for tasks to queue
[2024-05-10T07:39:42.598+0000] {logging_mixin.py:188} INFO - [2024-05-10T07:39:42.598+0000] {dagbag.py:540} INFO - Filling up the DagBag from /home/airflow/.local/lib/python3.12/site-packages/airflow/example_dags/example_complex.py
[2024-05-10T07:39:42.607+0000] {processor.py:840} INFO - DAG(s) 'example_complex' retrieved from /home/airflow/.local/lib/python3.12/site-packages/airflow/example_dags/example_complex.py
[2024-05-10T07:39:42.634+0000] {logging_mixin.py:188} INFO - [2024-05-10T07:39:42.634+0000] {dag.py:3096} INFO - Sync 1 DAGs
[2024-05-10T07:39:42.644+0000] {logging_mixin.py:188} INFO - [2024-05-10T07:39:42.644+0000] {dag.py:3954} INFO - Setting next_dagrun for example_complex to None, run_after=None
[2024-05-10T07:39:42.685+0000] {processor.py:183} INFO - Processing /home/airflow/.local/lib/python3.12/site-packages/airflow/example_dags/example_complex.py took 0.093 seconds
[2024-05-10T07:40:12.774+0000] {processor.py:161} INFO - Started process (PID=2091) to work on /home/airflow/.local/lib/python3.12/site-packages/airflow/example_dags/example_complex.py
[2024-05-10T07:40:12.775+0000] {processor.py:830} INFO - Processing file /home/airflow/.local/lib/python3.12/site-packages/airflow/example_dags/example_complex.py for tasks to queue
[2024-05-10T07:40:12.776+0000] {logging_mixin.py:188} INFO - [2024-05-10T07:40:12.776+0000] {dagbag.py:540} INFO - Filling up the DagBag from /home/airflow/.local/lib/python3.12/site-packages/airflow/example_dags/example_complex.py
[2024-05-10T07:40:12.785+0000] {processor.py:840} INFO - DAG(s) 'example_complex' retrieved from /home/airflow/.local/lib/python3.12/site-packages/airflow/example_dags/example_complex.py
[2024-05-10T07:40:12.812+0000] {logging_mixin.py:188} INFO - [2024-05-10T07:40:12.812+0000] {dag.py:3096} INFO - Sync 1 DAGs
[2024-05-10T07:40:12.823+0000] {logging_mixin.py:188} INFO - [2024-05-10T07:40:12.823+0000] {dag.py:3954} INFO - Setting next_dagrun for example_complex to None, run_after=None
[2024-05-10T07:40:12.840+0000] {processor.py:183} INFO - Processing /home/airflow/.local/lib/python3.12/site-packages/airflow/example_dags/example_complex.py took 0.071 seconds
[2024-05-10T07:40:43.462+0000] {processor.py:161} INFO - Started process (PID=2150) to work on /home/airflow/.local/lib/python3.12/site-packages/airflow/example_dags/example_complex.py
[2024-05-10T07:40:43.462+0000] {processor.py:830} INFO - Processing file /home/airflow/.local/lib/python3.12/site-packages/airflow/example_dags/example_complex.py for tasks to queue
[2024-05-10T07:40:43.464+0000] {logging_mixin.py:188} INFO - [2024-05-10T07:40:43.463+0000] {dagbag.py:540} INFO - Filling up the DagBag from /home/airflow/.local/lib/python3.12/site-packages/airflow/example_dags/example_complex.py
[2024-05-10T07:40:43.472+0000] {processor.py:840} INFO - DAG(s) 'example_complex' retrieved from /home/airflow/.local/lib/python3.12/site-packages/airflow/example_dags/example_complex.py
[2024-05-10T07:40:43.500+0000] {logging_mixin.py:188} INFO - [2024-05-10T07:40:43.500+0000] {dag.py:3096} INFO - Sync 1 DAGs
[2024-05-10T07:40:43.511+0000] {logging_mixin.py:188} INFO - [2024-05-10T07:40:43.511+0000] {dag.py:3954} INFO - Setting next_dagrun for example_complex to None, run_after=None
[2024-05-10T07:40:43.540+0000] {processor.py:183} INFO - Processing /home/airflow/.local/lib/python3.12/site-packages/airflow/example_dags/example_complex.py took 0.084 seconds
[2024-05-10T07:41:13.940+0000] {processor.py:161} INFO - Started process (PID=2209) to work on /home/airflow/.local/lib/python3.12/site-packages/airflow/example_dags/example_complex.py
[2024-05-10T07:41:13.941+0000] {processor.py:830} INFO - Processing file /home/airflow/.local/lib/python3.12/site-packages/airflow/example_dags/example_complex.py for tasks to queue
[2024-05-10T07:41:13.942+0000] {logging_mixin.py:188} INFO - [2024-05-10T07:41:13.942+0000] {dagbag.py:540} INFO - Filling up the DagBag from /home/airflow/.local/lib/python3.12/site-packages/airflow/example_dags/example_complex.py
[2024-05-10T07:41:13.950+0000] {processor.py:840} INFO - DAG(s) 'example_complex' retrieved from /home/airflow/.local/lib/python3.12/site-packages/airflow/example_dags/example_complex.py
[2024-05-10T07:41:13.978+0000] {logging_mixin.py:188} INFO - [2024-05-10T07:41:13.978+0000] {dag.py:3096} INFO - Sync 1 DAGs
[2024-05-10T07:41:13.989+0000] {logging_mixin.py:188} INFO - [2024-05-10T07:41:13.988+0000] {dag.py:3954} INFO - Setting next_dagrun for example_complex to None, run_after=None
[2024-05-10T07:41:14.007+0000] {processor.py:183} INFO - Processing /home/airflow/.local/lib/python3.12/site-packages/airflow/example_dags/example_complex.py took 0.072 seconds
[2024-05-10T07:41:44.184+0000] {processor.py:161} INFO - Started process (PID=2268) to work on /home/airflow/.local/lib/python3.12/site-packages/airflow/example_dags/example_complex.py
[2024-05-10T07:41:44.185+0000] {processor.py:830} INFO - Processing file /home/airflow/.local/lib/python3.12/site-packages/airflow/example_dags/example_complex.py for tasks to queue
[2024-05-10T07:41:44.186+0000] {logging_mixin.py:188} INFO - [2024-05-10T07:41:44.186+0000] {dagbag.py:540} INFO - Filling up the DagBag from /home/airflow/.local/lib/python3.12/site-packages/airflow/example_dags/example_complex.py
[2024-05-10T07:41:44.194+0000] {processor.py:840} INFO - DAG(s) 'example_complex' retrieved from /home/airflow/.local/lib/python3.12/site-packages/airflow/example_dags/example_complex.py
[2024-05-10T07:41:44.221+0000] {logging_mixin.py:188} INFO - [2024-05-10T07:41:44.221+0000] {dag.py:3096} INFO - Sync 1 DAGs
[2024-05-10T07:41:44.231+0000] {logging_mixin.py:188} INFO - [2024-05-10T07:41:44.231+0000] {dag.py:3954} INFO - Setting next_dagrun for example_complex to None, run_after=None
[2024-05-10T07:41:44.251+0000] {processor.py:183} INFO - Processing /home/airflow/.local/lib/python3.12/site-packages/airflow/example_dags/example_complex.py took 0.072 seconds
[2024-05-10T07:42:14.398+0000] {processor.py:161} INFO - Started process (PID=2326) to work on /home/airflow/.local/lib/python3.12/site-packages/airflow/example_dags/example_complex.py
[2024-05-10T07:42:14.399+0000] {processor.py:830} INFO - Processing file /home/airflow/.local/lib/python3.12/site-packages/airflow/example_dags/example_complex.py for tasks to queue
[2024-05-10T07:42:14.401+0000] {logging_mixin.py:188} INFO - [2024-05-10T07:42:14.401+0000] {dagbag.py:540} INFO - Filling up the DagBag from /home/airflow/.local/lib/python3.12/site-packages/airflow/example_dags/example_complex.py
[2024-05-10T07:42:14.411+0000] {processor.py:840} INFO - DAG(s) 'example_complex' retrieved from /home/airflow/.local/lib/python3.12/site-packages/airflow/example_dags/example_complex.py
[2024-05-10T07:42:14.454+0000] {logging_mixin.py:188} INFO - [2024-05-10T07:42:14.454+0000] {dag.py:3096} INFO - Sync 1 DAGs
[2024-05-10T07:42:14.465+0000] {logging_mixin.py:188} INFO - [2024-05-10T07:42:14.465+0000] {dag.py:3954} INFO - Setting next_dagrun for example_complex to None, run_after=None
[2024-05-10T07:42:14.485+0000] {processor.py:183} INFO - Processing /home/airflow/.local/lib/python3.12/site-packages/airflow/example_dags/example_complex.py took 0.093 seconds
[2024-05-10T07:42:44.561+0000] {processor.py:161} INFO - Started process (PID=2385) to work on /home/airflow/.local/lib/python3.12/site-packages/airflow/example_dags/example_complex.py
[2024-05-10T07:42:44.562+0000] {processor.py:830} INFO - Processing file /home/airflow/.local/lib/python3.12/site-packages/airflow/example_dags/example_complex.py for tasks to queue
[2024-05-10T07:42:44.563+0000] {logging_mixin.py:188} INFO - [2024-05-10T07:42:44.563+0000] {dagbag.py:540} INFO - Filling up the DagBag from /home/airflow/.local/lib/python3.12/site-packages/airflow/example_dags/example_complex.py
[2024-05-10T07:42:44.572+0000] {processor.py:840} INFO - DAG(s) 'example_complex' retrieved from /home/airflow/.local/lib/python3.12/site-packages/airflow/example_dags/example_complex.py
[2024-05-10T07:42:44.599+0000] {logging_mixin.py:188} INFO - [2024-05-10T07:42:44.599+0000] {dag.py:3096} INFO - Sync 1 DAGs
[2024-05-10T07:42:44.610+0000] {logging_mixin.py:188} INFO - [2024-05-10T07:42:44.610+0000] {dag.py:3954} INFO - Setting next_dagrun for example_complex to None, run_after=None
[2024-05-10T07:42:44.629+0000] {processor.py:183} INFO - Processing /home/airflow/.local/lib/python3.12/site-packages/airflow/example_dags/example_complex.py took 0.073 seconds
[2024-05-10T07:43:15.116+0000] {processor.py:161} INFO - Started process (PID=2444) to work on /home/airflow/.local/lib/python3.12/site-packages/airflow/example_dags/example_complex.py
[2024-05-10T07:43:15.117+0000] {processor.py:830} INFO - Processing file /home/airflow/.local/lib/python3.12/site-packages/airflow/example_dags/example_complex.py for tasks to queue
[2024-05-10T07:43:15.118+0000] {logging_mixin.py:188} INFO - [2024-05-10T07:43:15.118+0000] {dagbag.py:540} INFO - Filling up the DagBag from /home/airflow/.local/lib/python3.12/site-packages/airflow/example_dags/example_complex.py
[2024-05-10T07:43:15.127+0000] {processor.py:840} INFO - DAG(s) 'example_complex' retrieved from /home/airflow/.local/lib/python3.12/site-packages/airflow/example_dags/example_complex.py
[2024-05-10T07:43:15.153+0000] {logging_mixin.py:188} INFO - [2024-05-10T07:43:15.153+0000] {dag.py:3096} INFO - Sync 1 DAGs
[2024-05-10T07:43:15.164+0000] {logging_mixin.py:188} INFO - [2024-05-10T07:43:15.163+0000] {dag.py:3954} INFO - Setting next_dagrun for example_complex to None, run_after=None
[2024-05-10T07:43:15.195+0000] {processor.py:183} INFO - Processing /home/airflow/.local/lib/python3.12/site-packages/airflow/example_dags/example_complex.py took 0.084 seconds
[2024-05-10T07:43:45.572+0000] {processor.py:161} INFO - Started process (PID=2503) to work on /home/airflow/.local/lib/python3.12/site-packages/airflow/example_dags/example_complex.py
[2024-05-10T07:43:45.573+0000] {processor.py:830} INFO - Processing file /home/airflow/.local/lib/python3.12/site-packages/airflow/example_dags/example_complex.py for tasks to queue
[2024-05-10T07:43:45.574+0000] {logging_mixin.py:188} INFO - [2024-05-10T07:43:45.574+0000] {dagbag.py:540} INFO - Filling up the DagBag from /home/airflow/.local/lib/python3.12/site-packages/airflow/example_dags/example_complex.py
[2024-05-10T07:43:45.583+0000] {processor.py:840} INFO - DAG(s) 'example_complex' retrieved from /home/airflow/.local/lib/python3.12/site-packages/airflow/example_dags/example_complex.py
[2024-05-10T07:43:45.610+0000] {logging_mixin.py:188} INFO - [2024-05-10T07:43:45.609+0000] {dag.py:3096} INFO - Sync 1 DAGs
[2024-05-10T07:43:45.620+0000] {logging_mixin.py:188} INFO - [2024-05-10T07:43:45.620+0000] {dag.py:3954} INFO - Setting next_dagrun for example_complex to None, run_after=None
[2024-05-10T07:43:45.640+0000] {processor.py:183} INFO - Processing /home/airflow/.local/lib/python3.12/site-packages/airflow/example_dags/example_complex.py took 0.072 seconds
[2024-05-10T07:44:16.119+0000] {processor.py:161} INFO - Started process (PID=2562) to work on /home/airflow/.local/lib/python3.12/site-packages/airflow/example_dags/example_complex.py
[2024-05-10T07:44:16.119+0000] {processor.py:830} INFO - Processing file /home/airflow/.local/lib/python3.12/site-packages/airflow/example_dags/example_complex.py for tasks to queue
[2024-05-10T07:44:16.121+0000] {logging_mixin.py:188} INFO - [2024-05-10T07:44:16.120+0000] {dagbag.py:540} INFO - Filling up the DagBag from /home/airflow/.local/lib/python3.12/site-packages/airflow/example_dags/example_complex.py
[2024-05-10T07:44:16.130+0000] {processor.py:840} INFO - DAG(s) 'example_complex' retrieved from /home/airflow/.local/lib/python3.12/site-packages/airflow/example_dags/example_complex.py
[2024-05-10T07:44:16.157+0000] {logging_mixin.py:188} INFO - [2024-05-10T07:44:16.157+0000] {dag.py:3096} INFO - Sync 1 DAGs
[2024-05-10T07:44:16.167+0000] {logging_mixin.py:188} INFO - [2024-05-10T07:44:16.167+0000] {dag.py:3954} INFO - Setting next_dagrun for example_complex to None, run_after=None
[2024-05-10T07:44:16.188+0000] {processor.py:183} INFO - Processing /home/airflow/.local/lib/python3.12/site-packages/airflow/example_dags/example_complex.py took 0.075 seconds
[2024-05-10T07:44:46.704+0000] {processor.py:161} INFO - Started process (PID=2621) to work on /home/airflow/.local/lib/python3.12/site-packages/airflow/example_dags/example_complex.py
[2024-05-10T07:44:46.705+0000] {processor.py:830} INFO - Processing file /home/airflow/.local/lib/python3.12/site-packages/airflow/example_dags/example_complex.py for tasks to queue
[2024-05-10T07:44:46.706+0000] {logging_mixin.py:188} INFO - [2024-05-10T07:44:46.706+0000] {dagbag.py:540} INFO - Filling up the DagBag from /home/airflow/.local/lib/python3.12/site-packages/airflow/example_dags/example_complex.py
[2024-05-10T07:44:46.715+0000] {processor.py:840} INFO - DAG(s) 'example_complex' retrieved from /home/airflow/.local/lib/python3.12/site-packages/airflow/example_dags/example_complex.py
[2024-05-10T07:44:46.741+0000] {logging_mixin.py:188} INFO - [2024-05-10T07:44:46.741+0000] {dag.py:3096} INFO - Sync 1 DAGs
[2024-05-10T07:44:46.751+0000] {logging_mixin.py:188} INFO - [2024-05-10T07:44:46.751+0000] {dag.py:3954} INFO - Setting next_dagrun for example_complex to None, run_after=None
[2024-05-10T07:44:46.773+0000] {processor.py:183} INFO - Processing /home/airflow/.local/lib/python3.12/site-packages/airflow/example_dags/example_complex.py took 0.073 seconds
[2024-05-10T07:45:17.237+0000] {processor.py:161} INFO - Started process (PID=2681) to work on /home/airflow/.local/lib/python3.12/site-packages/airflow/example_dags/example_complex.py
[2024-05-10T07:45:17.238+0000] {processor.py:830} INFO - Processing file /home/airflow/.local/lib/python3.12/site-packages/airflow/example_dags/example_complex.py for tasks to queue
[2024-05-10T07:45:17.239+0000] {logging_mixin.py:188} INFO - [2024-05-10T07:45:17.239+0000] {dagbag.py:540} INFO - Filling up the DagBag from /home/airflow/.local/lib/python3.12/site-packages/airflow/example_dags/example_complex.py
[2024-05-10T07:45:17.248+0000] {processor.py:840} INFO - DAG(s) 'example_complex' retrieved from /home/airflow/.local/lib/python3.12/site-packages/airflow/example_dags/example_complex.py
[2024-05-10T07:45:17.274+0000] {logging_mixin.py:188} INFO - [2024-05-10T07:45:17.274+0000] {dag.py:3096} INFO - Sync 1 DAGs
[2024-05-10T07:45:17.284+0000] {logging_mixin.py:188} INFO - [2024-05-10T07:45:17.284+0000] {dag.py:3954} INFO - Setting next_dagrun for example_complex to None, run_after=None
[2024-05-10T07:45:17.306+0000] {processor.py:183} INFO - Processing /home/airflow/.local/lib/python3.12/site-packages/airflow/example_dags/example_complex.py took 0.072 seconds
[2024-05-10T07:45:48.000+0000] {processor.py:161} INFO - Started process (PID=2740) to work on /home/airflow/.local/lib/python3.12/site-packages/airflow/example_dags/example_complex.py
[2024-05-10T07:45:48.001+0000] {processor.py:830} INFO - Processing file /home/airflow/.local/lib/python3.12/site-packages/airflow/example_dags/example_complex.py for tasks to queue
[2024-05-10T07:45:48.002+0000] {logging_mixin.py:188} INFO - [2024-05-10T07:45:48.002+0000] {dagbag.py:540} INFO - Filling up the DagBag from /home/airflow/.local/lib/python3.12/site-packages/airflow/example_dags/example_complex.py
[2024-05-10T07:45:48.012+0000] {processor.py:840} INFO - DAG(s) 'example_complex' retrieved from /home/airflow/.local/lib/python3.12/site-packages/airflow/example_dags/example_complex.py
[2024-05-10T07:45:48.042+0000] {logging_mixin.py:188} INFO - [2024-05-10T07:45:48.042+0000] {dag.py:3096} INFO - Sync 1 DAGs
[2024-05-10T07:45:48.054+0000] {logging_mixin.py:188} INFO - [2024-05-10T07:45:48.054+0000] {dag.py:3954} INFO - Setting next_dagrun for example_complex to None, run_after=None
[2024-05-10T07:45:48.073+0000] {processor.py:183} INFO - Processing /home/airflow/.local/lib/python3.12/site-packages/airflow/example_dags/example_complex.py took 0.079 seconds
[2024-05-10T07:46:18.479+0000] {processor.py:161} INFO - Started process (PID=2798) to work on /home/airflow/.local/lib/python3.12/site-packages/airflow/example_dags/example_complex.py
[2024-05-10T07:46:18.479+0000] {processor.py:830} INFO - Processing file /home/airflow/.local/lib/python3.12/site-packages/airflow/example_dags/example_complex.py for tasks to queue
[2024-05-10T07:46:18.480+0000] {logging_mixin.py:188} INFO - [2024-05-10T07:46:18.480+0000] {dagbag.py:540} INFO - Filling up the DagBag from /home/airflow/.local/lib/python3.12/site-packages/airflow/example_dags/example_complex.py
[2024-05-10T07:46:18.490+0000] {processor.py:840} INFO - DAG(s) 'example_complex' retrieved from /home/airflow/.local/lib/python3.12/site-packages/airflow/example_dags/example_complex.py
[2024-05-10T07:46:18.520+0000] {logging_mixin.py:188} INFO - [2024-05-10T07:46:18.520+0000] {dag.py:3096} INFO - Sync 1 DAGs
[2024-05-10T07:46:18.531+0000] {logging_mixin.py:188} INFO - [2024-05-10T07:46:18.531+0000] {dag.py:3954} INFO - Setting next_dagrun for example_complex to None, run_after=None
[2024-05-10T07:46:18.551+0000] {processor.py:183} INFO - Processing /home/airflow/.local/lib/python3.12/site-packages/airflow/example_dags/example_complex.py took 0.077 seconds
[2024-05-10T07:46:49.023+0000] {processor.py:161} INFO - Started process (PID=2855) to work on /home/airflow/.local/lib/python3.12/site-packages/airflow/example_dags/example_complex.py
[2024-05-10T07:46:49.034+0000] {processor.py:830} INFO - Processing file /home/airflow/.local/lib/python3.12/site-packages/airflow/example_dags/example_complex.py for tasks to queue
[2024-05-10T07:46:49.035+0000] {logging_mixin.py:188} INFO - [2024-05-10T07:46:49.035+0000] {dagbag.py:540} INFO - Filling up the DagBag from /home/airflow/.local/lib/python3.12/site-packages/airflow/example_dags/example_complex.py
[2024-05-10T07:46:49.046+0000] {processor.py:840} INFO - DAG(s) 'example_complex' retrieved from /home/airflow/.local/lib/python3.12/site-packages/airflow/example_dags/example_complex.py
[2024-05-10T07:46:49.077+0000] {logging_mixin.py:188} INFO - [2024-05-10T07:46:49.077+0000] {dag.py:3096} INFO - Sync 1 DAGs
[2024-05-10T07:46:49.088+0000] {logging_mixin.py:188} INFO - [2024-05-10T07:46:49.088+0000] {dag.py:3954} INFO - Setting next_dagrun for example_complex to None, run_after=None
[2024-05-10T07:46:49.111+0000] {processor.py:183} INFO - Processing /home/airflow/.local/lib/python3.12/site-packages/airflow/example_dags/example_complex.py took 0.092 seconds
[2024-05-10T07:47:19.378+0000] {processor.py:161} INFO - Started process (PID=2913) to work on /home/airflow/.local/lib/python3.12/site-packages/airflow/example_dags/example_complex.py
[2024-05-10T07:47:19.378+0000] {processor.py:830} INFO - Processing file /home/airflow/.local/lib/python3.12/site-packages/airflow/example_dags/example_complex.py for tasks to queue
[2024-05-10T07:47:19.379+0000] {logging_mixin.py:188} INFO - [2024-05-10T07:47:19.379+0000] {dagbag.py:540} INFO - Filling up the DagBag from /home/airflow/.local/lib/python3.12/site-packages/airflow/example_dags/example_complex.py
[2024-05-10T07:47:19.390+0000] {processor.py:840} INFO - DAG(s) 'example_complex' retrieved from /home/airflow/.local/lib/python3.12/site-packages/airflow/example_dags/example_complex.py
[2024-05-10T07:47:19.422+0000] {logging_mixin.py:188} INFO - [2024-05-10T07:47:19.421+0000] {dag.py:3096} INFO - Sync 1 DAGs
[2024-05-10T07:47:19.431+0000] {logging_mixin.py:188} INFO - [2024-05-10T07:47:19.431+0000] {dag.py:3954} INFO - Setting next_dagrun for example_complex to None, run_after=None
[2024-05-10T07:47:19.464+0000] {processor.py:183} INFO - Processing /home/airflow/.local/lib/python3.12/site-packages/airflow/example_dags/example_complex.py took 0.091 seconds
[2024-05-10T07:47:49.584+0000] {processor.py:161} INFO - Started process (PID=2971) to work on /home/airflow/.local/lib/python3.12/site-packages/airflow/example_dags/example_complex.py
[2024-05-10T07:47:49.585+0000] {processor.py:830} INFO - Processing file /home/airflow/.local/lib/python3.12/site-packages/airflow/example_dags/example_complex.py for tasks to queue
[2024-05-10T07:47:49.586+0000] {logging_mixin.py:188} INFO - [2024-05-10T07:47:49.586+0000] {dagbag.py:540} INFO - Filling up the DagBag from /home/airflow/.local/lib/python3.12/site-packages/airflow/example_dags/example_complex.py
[2024-05-10T07:47:49.595+0000] {processor.py:840} INFO - DAG(s) 'example_complex' retrieved from /home/airflow/.local/lib/python3.12/site-packages/airflow/example_dags/example_complex.py
[2024-05-10T07:47:49.627+0000] {logging_mixin.py:188} INFO - [2024-05-10T07:47:49.626+0000] {dag.py:3096} INFO - Sync 1 DAGs
[2024-05-10T07:47:49.640+0000] {logging_mixin.py:188} INFO - [2024-05-10T07:47:49.640+0000] {dag.py:3954} INFO - Setting next_dagrun for example_complex to None, run_after=None
[2024-05-10T07:47:49.686+0000] {processor.py:183} INFO - Processing /home/airflow/.local/lib/python3.12/site-packages/airflow/example_dags/example_complex.py took 0.108 seconds
[2024-05-10T07:48:20.691+0000] {processor.py:161} INFO - Started process (PID=3029) to work on /home/airflow/.local/lib/python3.12/site-packages/airflow/example_dags/example_complex.py
[2024-05-10T07:48:20.692+0000] {processor.py:830} INFO - Processing file /home/airflow/.local/lib/python3.12/site-packages/airflow/example_dags/example_complex.py for tasks to queue
[2024-05-10T07:48:20.693+0000] {logging_mixin.py:188} INFO - [2024-05-10T07:48:20.692+0000] {dagbag.py:540} INFO - Filling up the DagBag from /home/airflow/.local/lib/python3.12/site-packages/airflow/example_dags/example_complex.py
[2024-05-10T07:48:20.704+0000] {processor.py:840} INFO - DAG(s) 'example_complex' retrieved from /home/airflow/.local/lib/python3.12/site-packages/airflow/example_dags/example_complex.py
[2024-05-10T07:48:20.733+0000] {logging_mixin.py:188} INFO - [2024-05-10T07:48:20.733+0000] {dag.py:3096} INFO - Sync 1 DAGs
[2024-05-10T07:48:20.744+0000] {logging_mixin.py:188} INFO - [2024-05-10T07:48:20.743+0000] {dag.py:3954} INFO - Setting next_dagrun for example_complex to None, run_after=None
[2024-05-10T07:48:20.765+0000] {processor.py:183} INFO - Processing /home/airflow/.local/lib/python3.12/site-packages/airflow/example_dags/example_complex.py took 0.081 seconds
[2024-05-10T07:48:51.615+0000] {processor.py:161} INFO - Started process (PID=3087) to work on /home/airflow/.local/lib/python3.12/site-packages/airflow/example_dags/example_complex.py
[2024-05-10T07:48:51.615+0000] {processor.py:830} INFO - Processing file /home/airflow/.local/lib/python3.12/site-packages/airflow/example_dags/example_complex.py for tasks to queue
[2024-05-10T07:48:51.616+0000] {logging_mixin.py:188} INFO - [2024-05-10T07:48:51.616+0000] {dagbag.py:540} INFO - Filling up the DagBag from /home/airflow/.local/lib/python3.12/site-packages/airflow/example_dags/example_complex.py
[2024-05-10T07:48:51.625+0000] {processor.py:840} INFO - DAG(s) 'example_complex' retrieved from /home/airflow/.local/lib/python3.12/site-packages/airflow/example_dags/example_complex.py
[2024-05-10T07:48:51.766+0000] {logging_mixin.py:188} INFO - [2024-05-10T07:48:51.766+0000] {dag.py:3096} INFO - Sync 1 DAGs
[2024-05-10T07:48:51.777+0000] {logging_mixin.py:188} INFO - [2024-05-10T07:48:51.777+0000] {dag.py:3118} INFO - Creating ORM DAG for example_complex
[2024-05-10T07:48:51.778+0000] {logging_mixin.py:188} INFO - [2024-05-10T07:48:51.777+0000] {dag.py:3954} INFO - Setting next_dagrun for example_complex to None, run_after=None
[2024-05-10T07:48:51.813+0000] {processor.py:183} INFO - Processing /home/airflow/.local/lib/python3.12/site-packages/airflow/example_dags/example_complex.py took 0.203 seconds
[2024-05-10T07:49:21.869+0000] {processor.py:161} INFO - Started process (PID=3144) to work on /home/airflow/.local/lib/python3.12/site-packages/airflow/example_dags/example_complex.py
[2024-05-10T07:49:21.871+0000] {processor.py:830} INFO - Processing file /home/airflow/.local/lib/python3.12/site-packages/airflow/example_dags/example_complex.py for tasks to queue
[2024-05-10T07:49:21.871+0000] {logging_mixin.py:188} INFO - [2024-05-10T07:49:21.871+0000] {dagbag.py:540} INFO - Filling up the DagBag from /home/airflow/.local/lib/python3.12/site-packages/airflow/example_dags/example_complex.py
[2024-05-10T07:49:21.880+0000] {processor.py:840} INFO - DAG(s) 'example_complex' retrieved from /home/airflow/.local/lib/python3.12/site-packages/airflow/example_dags/example_complex.py
[2024-05-10T07:49:21.996+0000] {logging_mixin.py:188} INFO - [2024-05-10T07:49:21.996+0000] {dag.py:3096} INFO - Sync 1 DAGs
[2024-05-10T07:49:22.006+0000] {logging_mixin.py:188} INFO - [2024-05-10T07:49:22.006+0000] {dag.py:3118} INFO - Creating ORM DAG for example_complex
[2024-05-10T07:49:22.007+0000] {logging_mixin.py:188} INFO - [2024-05-10T07:49:22.007+0000] {dag.py:3954} INFO - Setting next_dagrun for example_complex to None, run_after=None
[2024-05-10T07:49:22.034+0000] {processor.py:183} INFO - Processing /home/airflow/.local/lib/python3.12/site-packages/airflow/example_dags/example_complex.py took 0.169 seconds
[2024-05-10T07:49:52.079+0000] {processor.py:161} INFO - Started process (PID=3202) to work on /home/airflow/.local/lib/python3.12/site-packages/airflow/example_dags/example_complex.py
[2024-05-10T07:49:52.081+0000] {processor.py:830} INFO - Processing file /home/airflow/.local/lib/python3.12/site-packages/airflow/example_dags/example_complex.py for tasks to queue
[2024-05-10T07:49:52.081+0000] {logging_mixin.py:188} INFO - [2024-05-10T07:49:52.081+0000] {dagbag.py:540} INFO - Filling up the DagBag from /home/airflow/.local/lib/python3.12/site-packages/airflow/example_dags/example_complex.py
[2024-05-10T07:49:52.091+0000] {processor.py:840} INFO - DAG(s) 'example_complex' retrieved from /home/airflow/.local/lib/python3.12/site-packages/airflow/example_dags/example_complex.py
[2024-05-10T07:49:52.204+0000] {logging_mixin.py:188} INFO - [2024-05-10T07:49:52.204+0000] {dag.py:3096} INFO - Sync 1 DAGs
[2024-05-10T07:49:52.213+0000] {logging_mixin.py:188} INFO - [2024-05-10T07:49:52.213+0000] {dag.py:3118} INFO - Creating ORM DAG for example_complex
[2024-05-10T07:49:52.213+0000] {logging_mixin.py:188} INFO - [2024-05-10T07:49:52.213+0000] {dag.py:3954} INFO - Setting next_dagrun for example_complex to None, run_after=None
[2024-05-10T07:49:52.239+0000] {processor.py:183} INFO - Processing /home/airflow/.local/lib/python3.12/site-packages/airflow/example_dags/example_complex.py took 0.164 seconds
[2024-05-10T07:50:23.209+0000] {processor.py:161} INFO - Started process (PID=3261) to work on /home/airflow/.local/lib/python3.12/site-packages/airflow/example_dags/example_complex.py
[2024-05-10T07:50:23.210+0000] {processor.py:830} INFO - Processing file /home/airflow/.local/lib/python3.12/site-packages/airflow/example_dags/example_complex.py for tasks to queue
[2024-05-10T07:50:23.211+0000] {logging_mixin.py:188} INFO - [2024-05-10T07:50:23.210+0000] {dagbag.py:540} INFO - Filling up the DagBag from /home/airflow/.local/lib/python3.12/site-packages/airflow/example_dags/example_complex.py
[2024-05-10T07:50:23.220+0000] {processor.py:840} INFO - DAG(s) 'example_complex' retrieved from /home/airflow/.local/lib/python3.12/site-packages/airflow/example_dags/example_complex.py
[2024-05-10T07:50:23.252+0000] {logging_mixin.py:188} INFO - [2024-05-10T07:50:23.252+0000] {dag.py:3096} INFO - Sync 1 DAGs
[2024-05-10T07:50:23.263+0000] {logging_mixin.py:188} INFO - [2024-05-10T07:50:23.263+0000] {dag.py:3954} INFO - Setting next_dagrun for example_complex to None, run_after=None
[2024-05-10T07:50:23.302+0000] {processor.py:183} INFO - Processing /home/airflow/.local/lib/python3.12/site-packages/airflow/example_dags/example_complex.py took 0.099 seconds
[2024-05-10T07:50:54.184+0000] {processor.py:161} INFO - Started process (PID=3319) to work on /home/airflow/.local/lib/python3.12/site-packages/airflow/example_dags/example_complex.py
[2024-05-10T07:50:54.185+0000] {processor.py:830} INFO - Processing file /home/airflow/.local/lib/python3.12/site-packages/airflow/example_dags/example_complex.py for tasks to queue
[2024-05-10T07:50:54.186+0000] {logging_mixin.py:188} INFO - [2024-05-10T07:50:54.185+0000] {dagbag.py:540} INFO - Filling up the DagBag from /home/airflow/.local/lib/python3.12/site-packages/airflow/example_dags/example_complex.py
[2024-05-10T07:50:54.195+0000] {processor.py:840} INFO - DAG(s) 'example_complex' retrieved from /home/airflow/.local/lib/python3.12/site-packages/airflow/example_dags/example_complex.py
[2024-05-10T07:50:54.323+0000] {logging_mixin.py:188} INFO - [2024-05-10T07:50:54.323+0000] {dag.py:3096} INFO - Sync 1 DAGs
[2024-05-10T07:50:54.335+0000] {logging_mixin.py:188} INFO - [2024-05-10T07:50:54.334+0000] {dag.py:3118} INFO - Creating ORM DAG for example_complex
[2024-05-10T07:50:54.336+0000] {logging_mixin.py:188} INFO - [2024-05-10T07:50:54.335+0000] {dag.py:3954} INFO - Setting next_dagrun for example_complex to None, run_after=None
[2024-05-10T07:50:54.370+0000] {processor.py:183} INFO - Processing /home/airflow/.local/lib/python3.12/site-packages/airflow/example_dags/example_complex.py took 0.192 seconds
[2024-05-10T07:51:25.419+0000] {processor.py:161} INFO - Started process (PID=3376) to work on /home/airflow/.local/lib/python3.12/site-packages/airflow/example_dags/example_complex.py
[2024-05-10T07:51:25.420+0000] {processor.py:830} INFO - Processing file /home/airflow/.local/lib/python3.12/site-packages/airflow/example_dags/example_complex.py for tasks to queue
[2024-05-10T07:51:25.421+0000] {logging_mixin.py:188} INFO - [2024-05-10T07:51:25.421+0000] {dagbag.py:540} INFO - Filling up the DagBag from /home/airflow/.local/lib/python3.12/site-packages/airflow/example_dags/example_complex.py
[2024-05-10T07:51:25.434+0000] {processor.py:840} INFO - DAG(s) 'example_complex' retrieved from /home/airflow/.local/lib/python3.12/site-packages/airflow/example_dags/example_complex.py
[2024-05-10T07:51:25.533+0000] {logging_mixin.py:188} INFO - [2024-05-10T07:51:25.533+0000] {dag.py:3096} INFO - Sync 1 DAGs
[2024-05-10T07:51:25.542+0000] {logging_mixin.py:188} INFO - [2024-05-10T07:51:25.542+0000] {dag.py:3118} INFO - Creating ORM DAG for example_complex
[2024-05-10T07:51:25.543+0000] {logging_mixin.py:188} INFO - [2024-05-10T07:51:25.543+0000] {dag.py:3954} INFO - Setting next_dagrun for example_complex to None, run_after=None
[2024-05-10T07:51:25.569+0000] {processor.py:183} INFO - Processing /home/airflow/.local/lib/python3.12/site-packages/airflow/example_dags/example_complex.py took 0.160 seconds
[2024-05-10T07:51:55.804+0000] {processor.py:161} INFO - Started process (PID=3434) to work on /home/airflow/.local/lib/python3.12/site-packages/airflow/example_dags/example_complex.py
[2024-05-10T07:51:55.805+0000] {processor.py:830} INFO - Processing file /home/airflow/.local/lib/python3.12/site-packages/airflow/example_dags/example_complex.py for tasks to queue
[2024-05-10T07:51:55.805+0000] {logging_mixin.py:188} INFO - [2024-05-10T07:51:55.805+0000] {dagbag.py:540} INFO - Filling up the DagBag from /home/airflow/.local/lib/python3.12/site-packages/airflow/example_dags/example_complex.py
[2024-05-10T07:51:55.815+0000] {processor.py:840} INFO - DAG(s) 'example_complex' retrieved from /home/airflow/.local/lib/python3.12/site-packages/airflow/example_dags/example_complex.py
[2024-05-10T07:51:55.842+0000] {logging_mixin.py:188} INFO - [2024-05-10T07:51:55.842+0000] {dag.py:3096} INFO - Sync 1 DAGs
[2024-05-10T07:51:55.853+0000] {logging_mixin.py:188} INFO - [2024-05-10T07:51:55.852+0000] {dag.py:3954} INFO - Setting next_dagrun for example_complex to None, run_after=None
[2024-05-10T07:51:55.883+0000] {processor.py:183} INFO - Processing /home/airflow/.local/lib/python3.12/site-packages/airflow/example_dags/example_complex.py took 0.085 seconds
[2024-05-10T07:52:25.994+0000] {processor.py:161} INFO - Started process (PID=3491) to work on /home/airflow/.local/lib/python3.12/site-packages/airflow/example_dags/example_complex.py
[2024-05-10T07:52:25.995+0000] {processor.py:830} INFO - Processing file /home/airflow/.local/lib/python3.12/site-packages/airflow/example_dags/example_complex.py for tasks to queue
[2024-05-10T07:52:25.996+0000] {logging_mixin.py:188} INFO - [2024-05-10T07:52:25.996+0000] {dagbag.py:540} INFO - Filling up the DagBag from /home/airflow/.local/lib/python3.12/site-packages/airflow/example_dags/example_complex.py
[2024-05-10T07:52:26.008+0000] {processor.py:840} INFO - DAG(s) 'example_complex' retrieved from /home/airflow/.local/lib/python3.12/site-packages/airflow/example_dags/example_complex.py
[2024-05-10T07:52:26.036+0000] {logging_mixin.py:188} INFO - [2024-05-10T07:52:26.036+0000] {dag.py:3096} INFO - Sync 1 DAGs
[2024-05-10T07:52:26.046+0000] {logging_mixin.py:188} INFO - [2024-05-10T07:52:26.046+0000] {dag.py:3954} INFO - Setting next_dagrun for example_complex to None, run_after=None
[2024-05-10T07:52:26.074+0000] {processor.py:183} INFO - Processing /home/airflow/.local/lib/python3.12/site-packages/airflow/example_dags/example_complex.py took 0.088 seconds
[2024-05-10T07:52:56.128+0000] {processor.py:161} INFO - Started process (PID=3549) to work on /home/airflow/.local/lib/python3.12/site-packages/airflow/example_dags/example_complex.py
[2024-05-10T07:52:56.128+0000] {processor.py:830} INFO - Processing file /home/airflow/.local/lib/python3.12/site-packages/airflow/example_dags/example_complex.py for tasks to queue
[2024-05-10T07:52:56.129+0000] {logging_mixin.py:188} INFO - [2024-05-10T07:52:56.129+0000] {dagbag.py:540} INFO - Filling up the DagBag from /home/airflow/.local/lib/python3.12/site-packages/airflow/example_dags/example_complex.py
[2024-05-10T07:52:56.137+0000] {processor.py:840} INFO - DAG(s) 'example_complex' retrieved from /home/airflow/.local/lib/python3.12/site-packages/airflow/example_dags/example_complex.py
[2024-05-10T07:52:56.165+0000] {logging_mixin.py:188} INFO - [2024-05-10T07:52:56.165+0000] {dag.py:3096} INFO - Sync 1 DAGs
[2024-05-10T07:52:56.175+0000] {logging_mixin.py:188} INFO - [2024-05-10T07:52:56.175+0000] {dag.py:3954} INFO - Setting next_dagrun for example_complex to None, run_after=None
[2024-05-10T07:52:56.194+0000] {processor.py:183} INFO - Processing /home/airflow/.local/lib/python3.12/site-packages/airflow/example_dags/example_complex.py took 0.072 seconds
[2024-05-10T07:53:26.902+0000] {processor.py:161} INFO - Started process (PID=3607) to work on /home/airflow/.local/lib/python3.12/site-packages/airflow/example_dags/example_complex.py
[2024-05-10T07:53:26.903+0000] {processor.py:830} INFO - Processing file /home/airflow/.local/lib/python3.12/site-packages/airflow/example_dags/example_complex.py for tasks to queue
[2024-05-10T07:53:26.904+0000] {logging_mixin.py:188} INFO - [2024-05-10T07:53:26.904+0000] {dagbag.py:540} INFO - Filling up the DagBag from /home/airflow/.local/lib/python3.12/site-packages/airflow/example_dags/example_complex.py
[2024-05-10T07:53:26.914+0000] {processor.py:840} INFO - DAG(s) 'example_complex' retrieved from /home/airflow/.local/lib/python3.12/site-packages/airflow/example_dags/example_complex.py
[2024-05-10T07:53:26.941+0000] {logging_mixin.py:188} INFO - [2024-05-10T07:53:26.941+0000] {dag.py:3096} INFO - Sync 1 DAGs
[2024-05-10T07:53:26.951+0000] {logging_mixin.py:188} INFO - [2024-05-10T07:53:26.951+0000] {dag.py:3954} INFO - Setting next_dagrun for example_complex to None, run_after=None
[2024-05-10T07:53:26.972+0000] {processor.py:183} INFO - Processing /home/airflow/.local/lib/python3.12/site-packages/airflow/example_dags/example_complex.py took 0.076 seconds
[2024-05-10T07:53:57.400+0000] {processor.py:161} INFO - Started process (PID=3665) to work on /home/airflow/.local/lib/python3.12/site-packages/airflow/example_dags/example_complex.py
[2024-05-10T07:53:57.401+0000] {processor.py:830} INFO - Processing file /home/airflow/.local/lib/python3.12/site-packages/airflow/example_dags/example_complex.py for tasks to queue
[2024-05-10T07:53:57.402+0000] {logging_mixin.py:188} INFO - [2024-05-10T07:53:57.401+0000] {dagbag.py:540} INFO - Filling up the DagBag from /home/airflow/.local/lib/python3.12/site-packages/airflow/example_dags/example_complex.py
[2024-05-10T07:53:57.411+0000] {processor.py:840} INFO - DAG(s) 'example_complex' retrieved from /home/airflow/.local/lib/python3.12/site-packages/airflow/example_dags/example_complex.py
[2024-05-10T07:53:57.439+0000] {logging_mixin.py:188} INFO - [2024-05-10T07:53:57.439+0000] {dag.py:3096} INFO - Sync 1 DAGs
[2024-05-10T07:53:57.450+0000] {logging_mixin.py:188} INFO - [2024-05-10T07:53:57.450+0000] {dag.py:3954} INFO - Setting next_dagrun for example_complex to None, run_after=None
[2024-05-10T07:53:57.472+0000] {processor.py:183} INFO - Processing /home/airflow/.local/lib/python3.12/site-packages/airflow/example_dags/example_complex.py took 0.079 seconds
[2024-05-10T07:54:27.892+0000] {processor.py:161} INFO - Started process (PID=3722) to work on /home/airflow/.local/lib/python3.12/site-packages/airflow/example_dags/example_complex.py
[2024-05-10T07:54:27.893+0000] {processor.py:830} INFO - Processing file /home/airflow/.local/lib/python3.12/site-packages/airflow/example_dags/example_complex.py for tasks to queue
[2024-05-10T07:54:27.894+0000] {logging_mixin.py:188} INFO - [2024-05-10T07:54:27.893+0000] {dagbag.py:540} INFO - Filling up the DagBag from /home/airflow/.local/lib/python3.12/site-packages/airflow/example_dags/example_complex.py
[2024-05-10T07:54:27.903+0000] {processor.py:840} INFO - DAG(s) 'example_complex' retrieved from /home/airflow/.local/lib/python3.12/site-packages/airflow/example_dags/example_complex.py
[2024-05-10T07:54:27.931+0000] {logging_mixin.py:188} INFO - [2024-05-10T07:54:27.931+0000] {dag.py:3096} INFO - Sync 1 DAGs
[2024-05-10T07:54:27.941+0000] {logging_mixin.py:188} INFO - [2024-05-10T07:54:27.941+0000] {dag.py:3954} INFO - Setting next_dagrun for example_complex to None, run_after=None
[2024-05-10T07:54:27.960+0000] {processor.py:183} INFO - Processing /home/airflow/.local/lib/python3.12/site-packages/airflow/example_dags/example_complex.py took 0.074 seconds
[2024-05-10T07:54:58.491+0000] {processor.py:161} INFO - Started process (PID=3780) to work on /home/airflow/.local/lib/python3.12/site-packages/airflow/example_dags/example_complex.py
[2024-05-10T07:54:58.491+0000] {processor.py:830} INFO - Processing file /home/airflow/.local/lib/python3.12/site-packages/airflow/example_dags/example_complex.py for tasks to queue
[2024-05-10T07:54:58.492+0000] {logging_mixin.py:188} INFO - [2024-05-10T07:54:58.492+0000] {dagbag.py:540} INFO - Filling up the DagBag from /home/airflow/.local/lib/python3.12/site-packages/airflow/example_dags/example_complex.py
[2024-05-10T07:54:58.501+0000] {processor.py:840} INFO - DAG(s) 'example_complex' retrieved from /home/airflow/.local/lib/python3.12/site-packages/airflow/example_dags/example_complex.py
[2024-05-10T07:54:58.531+0000] {logging_mixin.py:188} INFO - [2024-05-10T07:54:58.530+0000] {dag.py:3096} INFO - Sync 1 DAGs
[2024-05-10T07:54:58.543+0000] {logging_mixin.py:188} INFO - [2024-05-10T07:54:58.543+0000] {dag.py:3954} INFO - Setting next_dagrun for example_complex to None, run_after=None
[2024-05-10T07:54:58.580+0000] {processor.py:183} INFO - Processing /home/airflow/.local/lib/python3.12/site-packages/airflow/example_dags/example_complex.py took 0.094 seconds
