[2024-05-10T07:22:25.114+0000] {processor.py:161} INFO - Started process (PID=72) to work on /home/airflow/.local/lib/python3.12/site-packages/airflow/example_dags/example_display_name.py
[2024-05-10T07:22:25.115+0000] {processor.py:830} INFO - Processing file /home/airflow/.local/lib/python3.12/site-packages/airflow/example_dags/example_display_name.py for tasks to queue
[2024-05-10T07:22:25.116+0000] {logging_mixin.py:188} INFO - [2024-05-10T07:22:25.116+0000] {dagbag.py:540} INFO - Filling up the DagBag from /home/airflow/.local/lib/python3.12/site-packages/airflow/example_dags/example_display_name.py
[2024-05-10T07:22:25.121+0000] {processor.py:840} INFO - DAG(s) 'example_display_name' retrieved from /home/airflow/.local/lib/python3.12/site-packages/airflow/example_dags/example_display_name.py
[2024-05-10T07:22:25.130+0000] {logging_mixin.py:188} INFO - [2024-05-10T07:22:25.130+0000] {dag.py:3096} INFO - Sync 1 DAGs
[2024-05-10T07:22:25.141+0000] {logging_mixin.py:188} INFO - [2024-05-10T07:22:25.141+0000] {dag.py:3954} INFO - Setting next_dagrun for example_display_name to None, run_after=None
[2024-05-10T07:22:25.162+0000] {processor.py:183} INFO - Processing /home/airflow/.local/lib/python3.12/site-packages/airflow/example_dags/example_display_name.py took 0.053 seconds
[2024-05-10T07:22:57.906+0000] {processor.py:161} INFO - Started process (PID=130) to work on /home/airflow/.local/lib/python3.12/site-packages/airflow/example_dags/example_display_name.py
[2024-05-10T07:22:57.910+0000] {processor.py:830} INFO - Processing file /home/airflow/.local/lib/python3.12/site-packages/airflow/example_dags/example_display_name.py for tasks to queue
[2024-05-10T07:22:57.915+0000] {logging_mixin.py:188} INFO - [2024-05-10T07:22:57.914+0000] {dagbag.py:540} INFO - Filling up the DagBag from /home/airflow/.local/lib/python3.12/site-packages/airflow/example_dags/example_display_name.py
[2024-05-10T07:22:57.935+0000] {processor.py:840} INFO - DAG(s) 'example_display_name' retrieved from /home/airflow/.local/lib/python3.12/site-packages/airflow/example_dags/example_display_name.py
[2024-05-10T07:22:58.106+0000] {logging_mixin.py:188} INFO - [2024-05-10T07:22:58.106+0000] {dag.py:3096} INFO - Sync 1 DAGs
[2024-05-10T07:22:58.115+0000] {logging_mixin.py:188} INFO - [2024-05-10T07:22:58.114+0000] {dag.py:3954} INFO - Setting next_dagrun for example_display_name to None, run_after=None
[2024-05-10T07:22:58.211+0000] {processor.py:183} INFO - Processing /home/airflow/.local/lib/python3.12/site-packages/airflow/example_dags/example_display_name.py took 0.323 seconds
[2024-05-10T07:23:29.105+0000] {processor.py:161} INFO - Started process (PID=188) to work on /home/airflow/.local/lib/python3.12/site-packages/airflow/example_dags/example_display_name.py
[2024-05-10T07:23:29.106+0000] {processor.py:830} INFO - Processing file /home/airflow/.local/lib/python3.12/site-packages/airflow/example_dags/example_display_name.py for tasks to queue
[2024-05-10T07:23:29.108+0000] {logging_mixin.py:188} INFO - [2024-05-10T07:23:29.108+0000] {dagbag.py:540} INFO - Filling up the DagBag from /home/airflow/.local/lib/python3.12/site-packages/airflow/example_dags/example_display_name.py
[2024-05-10T07:23:29.118+0000] {processor.py:840} INFO - DAG(s) 'example_display_name' retrieved from /home/airflow/.local/lib/python3.12/site-packages/airflow/example_dags/example_display_name.py
[2024-05-10T07:23:29.140+0000] {logging_mixin.py:188} INFO - [2024-05-10T07:23:29.140+0000] {dag.py:3096} INFO - Sync 1 DAGs
[2024-05-10T07:23:29.151+0000] {logging_mixin.py:188} INFO - [2024-05-10T07:23:29.150+0000] {dag.py:3954} INFO - Setting next_dagrun for example_display_name to None, run_after=None
[2024-05-10T07:23:29.178+0000] {processor.py:183} INFO - Processing /home/airflow/.local/lib/python3.12/site-packages/airflow/example_dags/example_display_name.py took 0.085 seconds
[2024-05-10T07:23:59.496+0000] {processor.py:161} INFO - Started process (PID=246) to work on /home/airflow/.local/lib/python3.12/site-packages/airflow/example_dags/example_display_name.py
[2024-05-10T07:23:59.497+0000] {processor.py:830} INFO - Processing file /home/airflow/.local/lib/python3.12/site-packages/airflow/example_dags/example_display_name.py for tasks to queue
[2024-05-10T07:23:59.498+0000] {logging_mixin.py:188} INFO - [2024-05-10T07:23:59.498+0000] {dagbag.py:540} INFO - Filling up the DagBag from /home/airflow/.local/lib/python3.12/site-packages/airflow/example_dags/example_display_name.py
[2024-05-10T07:23:59.503+0000] {processor.py:840} INFO - DAG(s) 'example_display_name' retrieved from /home/airflow/.local/lib/python3.12/site-packages/airflow/example_dags/example_display_name.py
[2024-05-10T07:23:59.519+0000] {logging_mixin.py:188} INFO - [2024-05-10T07:23:59.519+0000] {dag.py:3096} INFO - Sync 1 DAGs
[2024-05-10T07:23:59.529+0000] {logging_mixin.py:188} INFO - [2024-05-10T07:23:59.529+0000] {dag.py:3954} INFO - Setting next_dagrun for example_display_name to None, run_after=None
[2024-05-10T07:23:59.553+0000] {processor.py:183} INFO - Processing /home/airflow/.local/lib/python3.12/site-packages/airflow/example_dags/example_display_name.py took 0.061 seconds
[2024-05-10T07:24:30.193+0000] {processor.py:161} INFO - Started process (PID=303) to work on /home/airflow/.local/lib/python3.12/site-packages/airflow/example_dags/example_display_name.py
[2024-05-10T07:24:30.195+0000] {processor.py:830} INFO - Processing file /home/airflow/.local/lib/python3.12/site-packages/airflow/example_dags/example_display_name.py for tasks to queue
[2024-05-10T07:24:30.198+0000] {logging_mixin.py:188} INFO - [2024-05-10T07:24:30.198+0000] {dagbag.py:540} INFO - Filling up the DagBag from /home/airflow/.local/lib/python3.12/site-packages/airflow/example_dags/example_display_name.py
[2024-05-10T07:24:30.208+0000] {processor.py:840} INFO - DAG(s) 'example_display_name' retrieved from /home/airflow/.local/lib/python3.12/site-packages/airflow/example_dags/example_display_name.py
[2024-05-10T07:24:30.229+0000] {logging_mixin.py:188} INFO - [2024-05-10T07:24:30.229+0000] {dag.py:3096} INFO - Sync 1 DAGs
[2024-05-10T07:24:30.240+0000] {logging_mixin.py:188} INFO - [2024-05-10T07:24:30.239+0000] {dag.py:3954} INFO - Setting next_dagrun for example_display_name to None, run_after=None
[2024-05-10T07:24:30.263+0000] {processor.py:183} INFO - Processing /home/airflow/.local/lib/python3.12/site-packages/airflow/example_dags/example_display_name.py took 0.081 seconds
[2024-05-10T07:25:00.666+0000] {processor.py:161} INFO - Started process (PID=361) to work on /home/airflow/.local/lib/python3.12/site-packages/airflow/example_dags/example_display_name.py
[2024-05-10T07:25:00.668+0000] {processor.py:830} INFO - Processing file /home/airflow/.local/lib/python3.12/site-packages/airflow/example_dags/example_display_name.py for tasks to queue
[2024-05-10T07:25:00.671+0000] {logging_mixin.py:188} INFO - [2024-05-10T07:25:00.670+0000] {dagbag.py:540} INFO - Filling up the DagBag from /home/airflow/.local/lib/python3.12/site-packages/airflow/example_dags/example_display_name.py
[2024-05-10T07:25:00.679+0000] {processor.py:840} INFO - DAG(s) 'example_display_name' retrieved from /home/airflow/.local/lib/python3.12/site-packages/airflow/example_dags/example_display_name.py
[2024-05-10T07:25:00.698+0000] {logging_mixin.py:188} INFO - [2024-05-10T07:25:00.698+0000] {dag.py:3096} INFO - Sync 1 DAGs
[2024-05-10T07:25:00.709+0000] {logging_mixin.py:188} INFO - [2024-05-10T07:25:00.709+0000] {dag.py:3954} INFO - Setting next_dagrun for example_display_name to None, run_after=None
[2024-05-10T07:25:00.731+0000] {processor.py:183} INFO - Processing /home/airflow/.local/lib/python3.12/site-packages/airflow/example_dags/example_display_name.py took 0.076 seconds
[2024-05-10T07:25:31.478+0000] {processor.py:161} INFO - Started process (PID=419) to work on /home/airflow/.local/lib/python3.12/site-packages/airflow/example_dags/example_display_name.py
[2024-05-10T07:25:31.480+0000] {processor.py:830} INFO - Processing file /home/airflow/.local/lib/python3.12/site-packages/airflow/example_dags/example_display_name.py for tasks to queue
[2024-05-10T07:25:31.482+0000] {logging_mixin.py:188} INFO - [2024-05-10T07:25:31.482+0000] {dagbag.py:540} INFO - Filling up the DagBag from /home/airflow/.local/lib/python3.12/site-packages/airflow/example_dags/example_display_name.py
[2024-05-10T07:25:31.488+0000] {processor.py:840} INFO - DAG(s) 'example_display_name' retrieved from /home/airflow/.local/lib/python3.12/site-packages/airflow/example_dags/example_display_name.py
[2024-05-10T07:25:31.506+0000] {logging_mixin.py:188} INFO - [2024-05-10T07:25:31.506+0000] {dag.py:3096} INFO - Sync 1 DAGs
[2024-05-10T07:25:31.516+0000] {logging_mixin.py:188} INFO - [2024-05-10T07:25:31.516+0000] {dag.py:3954} INFO - Setting next_dagrun for example_display_name to None, run_after=None
[2024-05-10T07:25:31.557+0000] {processor.py:183} INFO - Processing /home/airflow/.local/lib/python3.12/site-packages/airflow/example_dags/example_display_name.py took 0.090 seconds
[2024-05-10T07:26:02.445+0000] {processor.py:161} INFO - Started process (PID=477) to work on /home/airflow/.local/lib/python3.12/site-packages/airflow/example_dags/example_display_name.py
[2024-05-10T07:26:02.447+0000] {processor.py:830} INFO - Processing file /home/airflow/.local/lib/python3.12/site-packages/airflow/example_dags/example_display_name.py for tasks to queue
[2024-05-10T07:26:02.449+0000] {logging_mixin.py:188} INFO - [2024-05-10T07:26:02.449+0000] {dagbag.py:540} INFO - Filling up the DagBag from /home/airflow/.local/lib/python3.12/site-packages/airflow/example_dags/example_display_name.py
[2024-05-10T07:26:02.457+0000] {processor.py:840} INFO - DAG(s) 'example_display_name' retrieved from /home/airflow/.local/lib/python3.12/site-packages/airflow/example_dags/example_display_name.py
[2024-05-10T07:26:02.478+0000] {logging_mixin.py:188} INFO - [2024-05-10T07:26:02.477+0000] {dag.py:3096} INFO - Sync 1 DAGs
[2024-05-10T07:26:02.490+0000] {logging_mixin.py:188} INFO - [2024-05-10T07:26:02.490+0000] {dag.py:3954} INFO - Setting next_dagrun for example_display_name to None, run_after=None
[2024-05-10T07:26:02.507+0000] {processor.py:183} INFO - Processing /home/airflow/.local/lib/python3.12/site-packages/airflow/example_dags/example_display_name.py took 0.076 seconds
[2024-05-10T07:26:33.023+0000] {processor.py:161} INFO - Started process (PID=535) to work on /home/airflow/.local/lib/python3.12/site-packages/airflow/example_dags/example_display_name.py
[2024-05-10T07:26:33.025+0000] {processor.py:830} INFO - Processing file /home/airflow/.local/lib/python3.12/site-packages/airflow/example_dags/example_display_name.py for tasks to queue
[2024-05-10T07:26:33.028+0000] {logging_mixin.py:188} INFO - [2024-05-10T07:26:33.027+0000] {dagbag.py:540} INFO - Filling up the DagBag from /home/airflow/.local/lib/python3.12/site-packages/airflow/example_dags/example_display_name.py
[2024-05-10T07:26:33.036+0000] {processor.py:840} INFO - DAG(s) 'example_display_name' retrieved from /home/airflow/.local/lib/python3.12/site-packages/airflow/example_dags/example_display_name.py
[2024-05-10T07:26:33.055+0000] {logging_mixin.py:188} INFO - [2024-05-10T07:26:33.055+0000] {dag.py:3096} INFO - Sync 1 DAGs
[2024-05-10T07:26:33.065+0000] {logging_mixin.py:188} INFO - [2024-05-10T07:26:33.065+0000] {dag.py:3954} INFO - Setting next_dagrun for example_display_name to None, run_after=None
[2024-05-10T07:26:33.086+0000] {processor.py:183} INFO - Processing /home/airflow/.local/lib/python3.12/site-packages/airflow/example_dags/example_display_name.py took 0.076 seconds
[2024-05-10T07:27:03.396+0000] {processor.py:161} INFO - Started process (PID=593) to work on /home/airflow/.local/lib/python3.12/site-packages/airflow/example_dags/example_display_name.py
[2024-05-10T07:27:03.398+0000] {processor.py:830} INFO - Processing file /home/airflow/.local/lib/python3.12/site-packages/airflow/example_dags/example_display_name.py for tasks to queue
[2024-05-10T07:27:03.399+0000] {logging_mixin.py:188} INFO - [2024-05-10T07:27:03.399+0000] {dagbag.py:540} INFO - Filling up the DagBag from /home/airflow/.local/lib/python3.12/site-packages/airflow/example_dags/example_display_name.py
[2024-05-10T07:27:03.404+0000] {processor.py:840} INFO - DAG(s) 'example_display_name' retrieved from /home/airflow/.local/lib/python3.12/site-packages/airflow/example_dags/example_display_name.py
[2024-05-10T07:27:03.424+0000] {logging_mixin.py:188} INFO - [2024-05-10T07:27:03.423+0000] {dag.py:3096} INFO - Sync 1 DAGs
[2024-05-10T07:27:03.435+0000] {logging_mixin.py:188} INFO - [2024-05-10T07:27:03.434+0000] {dag.py:3954} INFO - Setting next_dagrun for example_display_name to None, run_after=None
[2024-05-10T07:27:03.465+0000] {processor.py:183} INFO - Processing /home/airflow/.local/lib/python3.12/site-packages/airflow/example_dags/example_display_name.py took 0.076 seconds
[2024-05-10T07:27:33.943+0000] {processor.py:161} INFO - Started process (PID=651) to work on /home/airflow/.local/lib/python3.12/site-packages/airflow/example_dags/example_display_name.py
[2024-05-10T07:27:33.944+0000] {processor.py:830} INFO - Processing file /home/airflow/.local/lib/python3.12/site-packages/airflow/example_dags/example_display_name.py for tasks to queue
[2024-05-10T07:27:33.947+0000] {logging_mixin.py:188} INFO - [2024-05-10T07:27:33.946+0000] {dagbag.py:540} INFO - Filling up the DagBag from /home/airflow/.local/lib/python3.12/site-packages/airflow/example_dags/example_display_name.py
[2024-05-10T07:27:33.954+0000] {processor.py:840} INFO - DAG(s) 'example_display_name' retrieved from /home/airflow/.local/lib/python3.12/site-packages/airflow/example_dags/example_display_name.py
[2024-05-10T07:27:33.973+0000] {logging_mixin.py:188} INFO - [2024-05-10T07:27:33.973+0000] {dag.py:3096} INFO - Sync 1 DAGs
[2024-05-10T07:27:33.983+0000] {logging_mixin.py:188} INFO - [2024-05-10T07:27:33.983+0000] {dag.py:3954} INFO - Setting next_dagrun for example_display_name to None, run_after=None
[2024-05-10T07:27:34.008+0000] {processor.py:183} INFO - Processing /home/airflow/.local/lib/python3.12/site-packages/airflow/example_dags/example_display_name.py took 0.079 seconds
[2024-05-10T07:28:04.263+0000] {processor.py:161} INFO - Started process (PID=709) to work on /home/airflow/.local/lib/python3.12/site-packages/airflow/example_dags/example_display_name.py
[2024-05-10T07:28:04.265+0000] {processor.py:830} INFO - Processing file /home/airflow/.local/lib/python3.12/site-packages/airflow/example_dags/example_display_name.py for tasks to queue
[2024-05-10T07:28:04.267+0000] {logging_mixin.py:188} INFO - [2024-05-10T07:28:04.267+0000] {dagbag.py:540} INFO - Filling up the DagBag from /home/airflow/.local/lib/python3.12/site-packages/airflow/example_dags/example_display_name.py
[2024-05-10T07:28:04.274+0000] {processor.py:840} INFO - DAG(s) 'example_display_name' retrieved from /home/airflow/.local/lib/python3.12/site-packages/airflow/example_dags/example_display_name.py
[2024-05-10T07:28:04.293+0000] {logging_mixin.py:188} INFO - [2024-05-10T07:28:04.293+0000] {dag.py:3096} INFO - Sync 1 DAGs
[2024-05-10T07:28:04.304+0000] {logging_mixin.py:188} INFO - [2024-05-10T07:28:04.304+0000] {dag.py:3954} INFO - Setting next_dagrun for example_display_name to None, run_after=None
[2024-05-10T07:28:04.332+0000] {processor.py:183} INFO - Processing /home/airflow/.local/lib/python3.12/site-packages/airflow/example_dags/example_display_name.py took 0.083 seconds
[2024-05-10T07:28:34.382+0000] {processor.py:161} INFO - Started process (PID=767) to work on /home/airflow/.local/lib/python3.12/site-packages/airflow/example_dags/example_display_name.py
[2024-05-10T07:28:34.382+0000] {processor.py:830} INFO - Processing file /home/airflow/.local/lib/python3.12/site-packages/airflow/example_dags/example_display_name.py for tasks to queue
[2024-05-10T07:28:34.384+0000] {logging_mixin.py:188} INFO - [2024-05-10T07:28:34.384+0000] {dagbag.py:540} INFO - Filling up the DagBag from /home/airflow/.local/lib/python3.12/site-packages/airflow/example_dags/example_display_name.py
[2024-05-10T07:28:34.389+0000] {processor.py:840} INFO - DAG(s) 'example_display_name' retrieved from /home/airflow/.local/lib/python3.12/site-packages/airflow/example_dags/example_display_name.py
[2024-05-10T07:28:34.413+0000] {logging_mixin.py:188} INFO - [2024-05-10T07:28:34.413+0000] {dag.py:3096} INFO - Sync 1 DAGs
[2024-05-10T07:28:34.423+0000] {logging_mixin.py:188} INFO - [2024-05-10T07:28:34.423+0000] {dag.py:3954} INFO - Setting next_dagrun for example_display_name to None, run_after=None
[2024-05-10T07:28:34.486+0000] {processor.py:183} INFO - Processing /home/airflow/.local/lib/python3.12/site-packages/airflow/example_dags/example_display_name.py took 0.109 seconds
[2024-05-10T07:29:05.408+0000] {processor.py:161} INFO - Started process (PID=825) to work on /home/airflow/.local/lib/python3.12/site-packages/airflow/example_dags/example_display_name.py
[2024-05-10T07:29:05.409+0000] {processor.py:830} INFO - Processing file /home/airflow/.local/lib/python3.12/site-packages/airflow/example_dags/example_display_name.py for tasks to queue
[2024-05-10T07:29:05.410+0000] {logging_mixin.py:188} INFO - [2024-05-10T07:29:05.410+0000] {dagbag.py:540} INFO - Filling up the DagBag from /home/airflow/.local/lib/python3.12/site-packages/airflow/example_dags/example_display_name.py
[2024-05-10T07:29:05.415+0000] {processor.py:840} INFO - DAG(s) 'example_display_name' retrieved from /home/airflow/.local/lib/python3.12/site-packages/airflow/example_dags/example_display_name.py
[2024-05-10T07:29:05.431+0000] {logging_mixin.py:188} INFO - [2024-05-10T07:29:05.431+0000] {dag.py:3096} INFO - Sync 1 DAGs
[2024-05-10T07:29:05.441+0000] {logging_mixin.py:188} INFO - [2024-05-10T07:29:05.441+0000] {dag.py:3954} INFO - Setting next_dagrun for example_display_name to None, run_after=None
[2024-05-10T07:29:05.464+0000] {processor.py:183} INFO - Processing /home/airflow/.local/lib/python3.12/site-packages/airflow/example_dags/example_display_name.py took 0.061 seconds
[2024-05-10T07:29:35.657+0000] {processor.py:161} INFO - Started process (PID=882) to work on /home/airflow/.local/lib/python3.12/site-packages/airflow/example_dags/example_display_name.py
[2024-05-10T07:29:35.657+0000] {processor.py:830} INFO - Processing file /home/airflow/.local/lib/python3.12/site-packages/airflow/example_dags/example_display_name.py for tasks to queue
[2024-05-10T07:29:35.658+0000] {logging_mixin.py:188} INFO - [2024-05-10T07:29:35.658+0000] {dagbag.py:540} INFO - Filling up the DagBag from /home/airflow/.local/lib/python3.12/site-packages/airflow/example_dags/example_display_name.py
[2024-05-10T07:29:35.662+0000] {processor.py:840} INFO - DAG(s) 'example_display_name' retrieved from /home/airflow/.local/lib/python3.12/site-packages/airflow/example_dags/example_display_name.py
[2024-05-10T07:29:35.677+0000] {logging_mixin.py:188} INFO - [2024-05-10T07:29:35.677+0000] {dag.py:3096} INFO - Sync 1 DAGs
[2024-05-10T07:29:35.687+0000] {logging_mixin.py:188} INFO - [2024-05-10T07:29:35.687+0000] {dag.py:3954} INFO - Setting next_dagrun for example_display_name to None, run_after=None
[2024-05-10T07:29:35.708+0000] {processor.py:183} INFO - Processing /home/airflow/.local/lib/python3.12/site-packages/airflow/example_dags/example_display_name.py took 0.056 seconds
[2024-05-10T07:30:06.381+0000] {processor.py:161} INFO - Started process (PID=941) to work on /home/airflow/.local/lib/python3.12/site-packages/airflow/example_dags/example_display_name.py
[2024-05-10T07:30:06.382+0000] {processor.py:830} INFO - Processing file /home/airflow/.local/lib/python3.12/site-packages/airflow/example_dags/example_display_name.py for tasks to queue
[2024-05-10T07:30:06.383+0000] {logging_mixin.py:188} INFO - [2024-05-10T07:30:06.383+0000] {dagbag.py:540} INFO - Filling up the DagBag from /home/airflow/.local/lib/python3.12/site-packages/airflow/example_dags/example_display_name.py
[2024-05-10T07:30:06.387+0000] {processor.py:840} INFO - DAG(s) 'example_display_name' retrieved from /home/airflow/.local/lib/python3.12/site-packages/airflow/example_dags/example_display_name.py
[2024-05-10T07:30:06.402+0000] {logging_mixin.py:188} INFO - [2024-05-10T07:30:06.402+0000] {dag.py:3096} INFO - Sync 1 DAGs
[2024-05-10T07:30:06.411+0000] {logging_mixin.py:188} INFO - [2024-05-10T07:30:06.411+0000] {dag.py:3954} INFO - Setting next_dagrun for example_display_name to None, run_after=None
[2024-05-10T07:30:06.429+0000] {processor.py:183} INFO - Processing /home/airflow/.local/lib/python3.12/site-packages/airflow/example_dags/example_display_name.py took 0.053 seconds
[2024-05-10T07:30:36.660+0000] {processor.py:161} INFO - Started process (PID=999) to work on /home/airflow/.local/lib/python3.12/site-packages/airflow/example_dags/example_display_name.py
[2024-05-10T07:30:36.662+0000] {processor.py:830} INFO - Processing file /home/airflow/.local/lib/python3.12/site-packages/airflow/example_dags/example_display_name.py for tasks to queue
[2024-05-10T07:30:36.663+0000] {logging_mixin.py:188} INFO - [2024-05-10T07:30:36.663+0000] {dagbag.py:540} INFO - Filling up the DagBag from /home/airflow/.local/lib/python3.12/site-packages/airflow/example_dags/example_display_name.py
[2024-05-10T07:30:36.667+0000] {processor.py:840} INFO - DAG(s) 'example_display_name' retrieved from /home/airflow/.local/lib/python3.12/site-packages/airflow/example_dags/example_display_name.py
[2024-05-10T07:30:36.681+0000] {logging_mixin.py:188} INFO - [2024-05-10T07:30:36.681+0000] {dag.py:3096} INFO - Sync 1 DAGs
[2024-05-10T07:30:36.794+0000] {logging_mixin.py:188} INFO - [2024-05-10T07:30:36.793+0000] {dag.py:3954} INFO - Setting next_dagrun for example_display_name to None, run_after=None
[2024-05-10T07:30:36.817+0000] {processor.py:183} INFO - Processing /home/airflow/.local/lib/python3.12/site-packages/airflow/example_dags/example_display_name.py took 0.162 seconds
[2024-05-10T07:31:07.750+0000] {processor.py:161} INFO - Started process (PID=1058) to work on /home/airflow/.local/lib/python3.12/site-packages/airflow/example_dags/example_display_name.py
[2024-05-10T07:31:07.751+0000] {processor.py:830} INFO - Processing file /home/airflow/.local/lib/python3.12/site-packages/airflow/example_dags/example_display_name.py for tasks to queue
[2024-05-10T07:31:07.752+0000] {logging_mixin.py:188} INFO - [2024-05-10T07:31:07.752+0000] {dagbag.py:540} INFO - Filling up the DagBag from /home/airflow/.local/lib/python3.12/site-packages/airflow/example_dags/example_display_name.py
[2024-05-10T07:31:07.757+0000] {processor.py:840} INFO - DAG(s) 'example_display_name' retrieved from /home/airflow/.local/lib/python3.12/site-packages/airflow/example_dags/example_display_name.py
[2024-05-10T07:31:07.775+0000] {logging_mixin.py:188} INFO - [2024-05-10T07:31:07.775+0000] {dag.py:3096} INFO - Sync 1 DAGs
[2024-05-10T07:31:07.888+0000] {logging_mixin.py:188} INFO - [2024-05-10T07:31:07.888+0000] {dag.py:3954} INFO - Setting next_dagrun for example_display_name to None, run_after=None
[2024-05-10T07:31:07.915+0000] {processor.py:183} INFO - Processing /home/airflow/.local/lib/python3.12/site-packages/airflow/example_dags/example_display_name.py took 0.171 seconds
[2024-05-10T07:31:38.247+0000] {processor.py:161} INFO - Started process (PID=1116) to work on /home/airflow/.local/lib/python3.12/site-packages/airflow/example_dags/example_display_name.py
[2024-05-10T07:31:38.248+0000] {processor.py:830} INFO - Processing file /home/airflow/.local/lib/python3.12/site-packages/airflow/example_dags/example_display_name.py for tasks to queue
[2024-05-10T07:31:38.249+0000] {logging_mixin.py:188} INFO - [2024-05-10T07:31:38.249+0000] {dagbag.py:540} INFO - Filling up the DagBag from /home/airflow/.local/lib/python3.12/site-packages/airflow/example_dags/example_display_name.py
[2024-05-10T07:31:38.254+0000] {processor.py:840} INFO - DAG(s) 'example_display_name' retrieved from /home/airflow/.local/lib/python3.12/site-packages/airflow/example_dags/example_display_name.py
[2024-05-10T07:31:38.268+0000] {logging_mixin.py:188} INFO - [2024-05-10T07:31:38.268+0000] {dag.py:3096} INFO - Sync 1 DAGs
[2024-05-10T07:31:38.279+0000] {logging_mixin.py:188} INFO - [2024-05-10T07:31:38.278+0000] {dag.py:3954} INFO - Setting next_dagrun for example_display_name to None, run_after=None
[2024-05-10T07:31:38.295+0000] {processor.py:183} INFO - Processing /home/airflow/.local/lib/python3.12/site-packages/airflow/example_dags/example_display_name.py took 0.053 seconds
[2024-05-10T07:32:09.160+0000] {processor.py:161} INFO - Started process (PID=1180) to work on /home/airflow/.local/lib/python3.12/site-packages/airflow/example_dags/example_display_name.py
[2024-05-10T07:32:09.161+0000] {processor.py:830} INFO - Processing file /home/airflow/.local/lib/python3.12/site-packages/airflow/example_dags/example_display_name.py for tasks to queue
[2024-05-10T07:32:09.162+0000] {logging_mixin.py:188} INFO - [2024-05-10T07:32:09.162+0000] {dagbag.py:540} INFO - Filling up the DagBag from /home/airflow/.local/lib/python3.12/site-packages/airflow/example_dags/example_display_name.py
[2024-05-10T07:32:09.167+0000] {processor.py:840} INFO - DAG(s) 'example_display_name' retrieved from /home/airflow/.local/lib/python3.12/site-packages/airflow/example_dags/example_display_name.py
[2024-05-10T07:32:09.183+0000] {logging_mixin.py:188} INFO - [2024-05-10T07:32:09.183+0000] {dag.py:3096} INFO - Sync 1 DAGs
[2024-05-10T07:32:09.193+0000] {logging_mixin.py:188} INFO - [2024-05-10T07:32:09.193+0000] {dag.py:3954} INFO - Setting next_dagrun for example_display_name to None, run_after=None
[2024-05-10T07:32:09.218+0000] {processor.py:183} INFO - Processing /home/airflow/.local/lib/python3.12/site-packages/airflow/example_dags/example_display_name.py took 0.063 seconds
[2024-05-10T07:32:39.715+0000] {processor.py:161} INFO - Started process (PID=1238) to work on /home/airflow/.local/lib/python3.12/site-packages/airflow/example_dags/example_display_name.py
[2024-05-10T07:32:39.716+0000] {processor.py:830} INFO - Processing file /home/airflow/.local/lib/python3.12/site-packages/airflow/example_dags/example_display_name.py for tasks to queue
[2024-05-10T07:32:39.717+0000] {logging_mixin.py:188} INFO - [2024-05-10T07:32:39.717+0000] {dagbag.py:540} INFO - Filling up the DagBag from /home/airflow/.local/lib/python3.12/site-packages/airflow/example_dags/example_display_name.py
[2024-05-10T07:32:39.721+0000] {processor.py:840} INFO - DAG(s) 'example_display_name' retrieved from /home/airflow/.local/lib/python3.12/site-packages/airflow/example_dags/example_display_name.py
[2024-05-10T07:32:39.736+0000] {logging_mixin.py:188} INFO - [2024-05-10T07:32:39.736+0000] {dag.py:3096} INFO - Sync 1 DAGs
[2024-05-10T07:32:39.746+0000] {logging_mixin.py:188} INFO - [2024-05-10T07:32:39.746+0000] {dag.py:3954} INFO - Setting next_dagrun for example_display_name to None, run_after=None
[2024-05-10T07:32:39.762+0000] {processor.py:183} INFO - Processing /home/airflow/.local/lib/python3.12/site-packages/airflow/example_dags/example_display_name.py took 0.051 seconds
[2024-05-10T07:33:10.552+0000] {processor.py:161} INFO - Started process (PID=1298) to work on /home/airflow/.local/lib/python3.12/site-packages/airflow/example_dags/example_display_name.py
[2024-05-10T07:33:10.553+0000] {processor.py:830} INFO - Processing file /home/airflow/.local/lib/python3.12/site-packages/airflow/example_dags/example_display_name.py for tasks to queue
[2024-05-10T07:33:10.554+0000] {logging_mixin.py:188} INFO - [2024-05-10T07:33:10.554+0000] {dagbag.py:540} INFO - Filling up the DagBag from /home/airflow/.local/lib/python3.12/site-packages/airflow/example_dags/example_display_name.py
[2024-05-10T07:33:10.559+0000] {processor.py:840} INFO - DAG(s) 'example_display_name' retrieved from /home/airflow/.local/lib/python3.12/site-packages/airflow/example_dags/example_display_name.py
[2024-05-10T07:33:10.574+0000] {logging_mixin.py:188} INFO - [2024-05-10T07:33:10.574+0000] {dag.py:3096} INFO - Sync 1 DAGs
[2024-05-10T07:33:10.585+0000] {logging_mixin.py:188} INFO - [2024-05-10T07:33:10.585+0000] {dag.py:3954} INFO - Setting next_dagrun for example_display_name to None, run_after=None
[2024-05-10T07:33:10.607+0000] {processor.py:183} INFO - Processing /home/airflow/.local/lib/python3.12/site-packages/airflow/example_dags/example_display_name.py took 0.060 seconds
[2024-05-10T07:33:41.015+0000] {processor.py:161} INFO - Started process (PID=1357) to work on /home/airflow/.local/lib/python3.12/site-packages/airflow/example_dags/example_display_name.py
[2024-05-10T07:33:41.015+0000] {processor.py:830} INFO - Processing file /home/airflow/.local/lib/python3.12/site-packages/airflow/example_dags/example_display_name.py for tasks to queue
[2024-05-10T07:33:41.016+0000] {logging_mixin.py:188} INFO - [2024-05-10T07:33:41.016+0000] {dagbag.py:540} INFO - Filling up the DagBag from /home/airflow/.local/lib/python3.12/site-packages/airflow/example_dags/example_display_name.py
[2024-05-10T07:33:41.021+0000] {processor.py:840} INFO - DAG(s) 'example_display_name' retrieved from /home/airflow/.local/lib/python3.12/site-packages/airflow/example_dags/example_display_name.py
[2024-05-10T07:33:41.036+0000] {logging_mixin.py:188} INFO - [2024-05-10T07:33:41.035+0000] {dag.py:3096} INFO - Sync 1 DAGs
[2024-05-10T07:33:41.046+0000] {logging_mixin.py:188} INFO - [2024-05-10T07:33:41.046+0000] {dag.py:3954} INFO - Setting next_dagrun for example_display_name to None, run_after=None
[2024-05-10T07:33:41.090+0000] {processor.py:183} INFO - Processing /home/airflow/.local/lib/python3.12/site-packages/airflow/example_dags/example_display_name.py took 0.080 seconds
[2024-05-10T07:34:11.840+0000] {processor.py:161} INFO - Started process (PID=1417) to work on /home/airflow/.local/lib/python3.12/site-packages/airflow/example_dags/example_display_name.py
[2024-05-10T07:34:11.841+0000] {processor.py:830} INFO - Processing file /home/airflow/.local/lib/python3.12/site-packages/airflow/example_dags/example_display_name.py for tasks to queue
[2024-05-10T07:34:11.842+0000] {logging_mixin.py:188} INFO - [2024-05-10T07:34:11.842+0000] {dagbag.py:540} INFO - Filling up the DagBag from /home/airflow/.local/lib/python3.12/site-packages/airflow/example_dags/example_display_name.py
[2024-05-10T07:34:11.847+0000] {processor.py:840} INFO - DAG(s) 'example_display_name' retrieved from /home/airflow/.local/lib/python3.12/site-packages/airflow/example_dags/example_display_name.py
[2024-05-10T07:34:11.863+0000] {logging_mixin.py:188} INFO - [2024-05-10T07:34:11.862+0000] {dag.py:3096} INFO - Sync 1 DAGs
[2024-05-10T07:34:11.873+0000] {logging_mixin.py:188} INFO - [2024-05-10T07:34:11.873+0000] {dag.py:3954} INFO - Setting next_dagrun for example_display_name to None, run_after=None
[2024-05-10T07:34:11.896+0000] {processor.py:183} INFO - Processing /home/airflow/.local/lib/python3.12/site-packages/airflow/example_dags/example_display_name.py took 0.062 seconds
[2024-05-10T07:34:42.404+0000] {processor.py:161} INFO - Started process (PID=1476) to work on /home/airflow/.local/lib/python3.12/site-packages/airflow/example_dags/example_display_name.py
[2024-05-10T07:34:42.404+0000] {processor.py:830} INFO - Processing file /home/airflow/.local/lib/python3.12/site-packages/airflow/example_dags/example_display_name.py for tasks to queue
[2024-05-10T07:34:42.405+0000] {logging_mixin.py:188} INFO - [2024-05-10T07:34:42.405+0000] {dagbag.py:540} INFO - Filling up the DagBag from /home/airflow/.local/lib/python3.12/site-packages/airflow/example_dags/example_display_name.py
[2024-05-10T07:34:42.410+0000] {processor.py:840} INFO - DAG(s) 'example_display_name' retrieved from /home/airflow/.local/lib/python3.12/site-packages/airflow/example_dags/example_display_name.py
[2024-05-10T07:34:42.425+0000] {logging_mixin.py:188} INFO - [2024-05-10T07:34:42.424+0000] {dag.py:3096} INFO - Sync 1 DAGs
[2024-05-10T07:34:42.435+0000] {logging_mixin.py:188} INFO - [2024-05-10T07:34:42.435+0000] {dag.py:3954} INFO - Setting next_dagrun for example_display_name to None, run_after=None
[2024-05-10T07:34:42.462+0000] {processor.py:183} INFO - Processing /home/airflow/.local/lib/python3.12/site-packages/airflow/example_dags/example_display_name.py took 0.064 seconds
[2024-05-10T07:35:13.128+0000] {processor.py:161} INFO - Started process (PID=1535) to work on /home/airflow/.local/lib/python3.12/site-packages/airflow/example_dags/example_display_name.py
[2024-05-10T07:35:13.129+0000] {processor.py:830} INFO - Processing file /home/airflow/.local/lib/python3.12/site-packages/airflow/example_dags/example_display_name.py for tasks to queue
[2024-05-10T07:35:13.130+0000] {logging_mixin.py:188} INFO - [2024-05-10T07:35:13.130+0000] {dagbag.py:540} INFO - Filling up the DagBag from /home/airflow/.local/lib/python3.12/site-packages/airflow/example_dags/example_display_name.py
[2024-05-10T07:35:13.134+0000] {processor.py:840} INFO - DAG(s) 'example_display_name' retrieved from /home/airflow/.local/lib/python3.12/site-packages/airflow/example_dags/example_display_name.py
[2024-05-10T07:35:13.150+0000] {logging_mixin.py:188} INFO - [2024-05-10T07:35:13.149+0000] {dag.py:3096} INFO - Sync 1 DAGs
[2024-05-10T07:35:13.160+0000] {logging_mixin.py:188} INFO - [2024-05-10T07:35:13.160+0000] {dag.py:3954} INFO - Setting next_dagrun for example_display_name to None, run_after=None
[2024-05-10T07:35:13.186+0000] {processor.py:183} INFO - Processing /home/airflow/.local/lib/python3.12/site-packages/airflow/example_dags/example_display_name.py took 0.062 seconds
[2024-05-10T07:35:44.072+0000] {processor.py:161} INFO - Started process (PID=1594) to work on /home/airflow/.local/lib/python3.12/site-packages/airflow/example_dags/example_display_name.py
[2024-05-10T07:35:44.073+0000] {processor.py:830} INFO - Processing file /home/airflow/.local/lib/python3.12/site-packages/airflow/example_dags/example_display_name.py for tasks to queue
[2024-05-10T07:35:44.074+0000] {logging_mixin.py:188} INFO - [2024-05-10T07:35:44.074+0000] {dagbag.py:540} INFO - Filling up the DagBag from /home/airflow/.local/lib/python3.12/site-packages/airflow/example_dags/example_display_name.py
[2024-05-10T07:35:44.079+0000] {processor.py:840} INFO - DAG(s) 'example_display_name' retrieved from /home/airflow/.local/lib/python3.12/site-packages/airflow/example_dags/example_display_name.py
[2024-05-10T07:35:44.094+0000] {logging_mixin.py:188} INFO - [2024-05-10T07:35:44.094+0000] {dag.py:3096} INFO - Sync 1 DAGs
[2024-05-10T07:35:44.105+0000] {logging_mixin.py:188} INFO - [2024-05-10T07:35:44.105+0000] {dag.py:3954} INFO - Setting next_dagrun for example_display_name to None, run_after=None
[2024-05-10T07:35:44.130+0000] {processor.py:183} INFO - Processing /home/airflow/.local/lib/python3.12/site-packages/airflow/example_dags/example_display_name.py took 0.063 seconds
[2024-05-10T07:36:14.383+0000] {processor.py:161} INFO - Started process (PID=1653) to work on /home/airflow/.local/lib/python3.12/site-packages/airflow/example_dags/example_display_name.py
[2024-05-10T07:36:14.383+0000] {processor.py:830} INFO - Processing file /home/airflow/.local/lib/python3.12/site-packages/airflow/example_dags/example_display_name.py for tasks to queue
[2024-05-10T07:36:14.384+0000] {logging_mixin.py:188} INFO - [2024-05-10T07:36:14.384+0000] {dagbag.py:540} INFO - Filling up the DagBag from /home/airflow/.local/lib/python3.12/site-packages/airflow/example_dags/example_display_name.py
[2024-05-10T07:36:14.389+0000] {processor.py:840} INFO - DAG(s) 'example_display_name' retrieved from /home/airflow/.local/lib/python3.12/site-packages/airflow/example_dags/example_display_name.py
[2024-05-10T07:36:14.404+0000] {logging_mixin.py:188} INFO - [2024-05-10T07:36:14.403+0000] {dag.py:3096} INFO - Sync 1 DAGs
[2024-05-10T07:36:14.414+0000] {logging_mixin.py:188} INFO - [2024-05-10T07:36:14.414+0000] {dag.py:3954} INFO - Setting next_dagrun for example_display_name to None, run_after=None
[2024-05-10T07:36:14.441+0000] {processor.py:183} INFO - Processing /home/airflow/.local/lib/python3.12/site-packages/airflow/example_dags/example_display_name.py took 0.063 seconds
[2024-05-10T07:36:44.604+0000] {processor.py:161} INFO - Started process (PID=1711) to work on /home/airflow/.local/lib/python3.12/site-packages/airflow/example_dags/example_display_name.py
[2024-05-10T07:36:44.605+0000] {processor.py:830} INFO - Processing file /home/airflow/.local/lib/python3.12/site-packages/airflow/example_dags/example_display_name.py for tasks to queue
[2024-05-10T07:36:44.606+0000] {logging_mixin.py:188} INFO - [2024-05-10T07:36:44.606+0000] {dagbag.py:540} INFO - Filling up the DagBag from /home/airflow/.local/lib/python3.12/site-packages/airflow/example_dags/example_display_name.py
[2024-05-10T07:36:44.611+0000] {processor.py:840} INFO - DAG(s) 'example_display_name' retrieved from /home/airflow/.local/lib/python3.12/site-packages/airflow/example_dags/example_display_name.py
[2024-05-10T07:36:44.625+0000] {logging_mixin.py:188} INFO - [2024-05-10T07:36:44.625+0000] {dag.py:3096} INFO - Sync 1 DAGs
[2024-05-10T07:36:44.636+0000] {logging_mixin.py:188} INFO - [2024-05-10T07:36:44.636+0000] {dag.py:3954} INFO - Setting next_dagrun for example_display_name to None, run_after=None
[2024-05-10T07:36:44.652+0000] {processor.py:183} INFO - Processing /home/airflow/.local/lib/python3.12/site-packages/airflow/example_dags/example_display_name.py took 0.053 seconds
[2024-05-10T07:37:15.771+0000] {processor.py:161} INFO - Started process (PID=1770) to work on /home/airflow/.local/lib/python3.12/site-packages/airflow/example_dags/example_display_name.py
[2024-05-10T07:37:15.773+0000] {processor.py:830} INFO - Processing file /home/airflow/.local/lib/python3.12/site-packages/airflow/example_dags/example_display_name.py for tasks to queue
[2024-05-10T07:37:15.778+0000] {logging_mixin.py:188} INFO - [2024-05-10T07:37:15.777+0000] {dagbag.py:540} INFO - Filling up the DagBag from /home/airflow/.local/lib/python3.12/site-packages/airflow/example_dags/example_display_name.py
[2024-05-10T07:37:15.796+0000] {processor.py:840} INFO - DAG(s) 'example_display_name' retrieved from /home/airflow/.local/lib/python3.12/site-packages/airflow/example_dags/example_display_name.py
[2024-05-10T07:37:15.857+0000] {logging_mixin.py:188} INFO - [2024-05-10T07:37:15.857+0000] {dag.py:3096} INFO - Sync 1 DAGs
[2024-05-10T07:37:15.879+0000] {logging_mixin.py:188} INFO - [2024-05-10T07:37:15.879+0000] {dag.py:3954} INFO - Setting next_dagrun for example_display_name to None, run_after=None
[2024-05-10T07:37:15.909+0000] {processor.py:183} INFO - Processing /home/airflow/.local/lib/python3.12/site-packages/airflow/example_dags/example_display_name.py took 0.156 seconds
[2024-05-10T07:37:46.827+0000] {processor.py:161} INFO - Started process (PID=1829) to work on /home/airflow/.local/lib/python3.12/site-packages/airflow/example_dags/example_display_name.py
[2024-05-10T07:37:46.828+0000] {processor.py:830} INFO - Processing file /home/airflow/.local/lib/python3.12/site-packages/airflow/example_dags/example_display_name.py for tasks to queue
[2024-05-10T07:37:46.829+0000] {logging_mixin.py:188} INFO - [2024-05-10T07:37:46.829+0000] {dagbag.py:540} INFO - Filling up the DagBag from /home/airflow/.local/lib/python3.12/site-packages/airflow/example_dags/example_display_name.py
[2024-05-10T07:37:46.834+0000] {processor.py:840} INFO - DAG(s) 'example_display_name' retrieved from /home/airflow/.local/lib/python3.12/site-packages/airflow/example_dags/example_display_name.py
[2024-05-10T07:37:46.851+0000] {logging_mixin.py:188} INFO - [2024-05-10T07:37:46.851+0000] {dag.py:3096} INFO - Sync 1 DAGs
[2024-05-10T07:37:46.861+0000] {logging_mixin.py:188} INFO - [2024-05-10T07:37:46.860+0000] {dag.py:3954} INFO - Setting next_dagrun for example_display_name to None, run_after=None
[2024-05-10T07:37:46.885+0000] {processor.py:183} INFO - Processing /home/airflow/.local/lib/python3.12/site-packages/airflow/example_dags/example_display_name.py took 0.063 seconds
[2024-05-10T07:38:17.505+0000] {processor.py:161} INFO - Started process (PID=1888) to work on /home/airflow/.local/lib/python3.12/site-packages/airflow/example_dags/example_display_name.py
[2024-05-10T07:38:17.506+0000] {processor.py:830} INFO - Processing file /home/airflow/.local/lib/python3.12/site-packages/airflow/example_dags/example_display_name.py for tasks to queue
[2024-05-10T07:38:17.507+0000] {logging_mixin.py:188} INFO - [2024-05-10T07:38:17.507+0000] {dagbag.py:540} INFO - Filling up the DagBag from /home/airflow/.local/lib/python3.12/site-packages/airflow/example_dags/example_display_name.py
[2024-05-10T07:38:17.511+0000] {processor.py:840} INFO - DAG(s) 'example_display_name' retrieved from /home/airflow/.local/lib/python3.12/site-packages/airflow/example_dags/example_display_name.py
[2024-05-10T07:38:17.527+0000] {logging_mixin.py:188} INFO - [2024-05-10T07:38:17.527+0000] {dag.py:3096} INFO - Sync 1 DAGs
[2024-05-10T07:38:17.538+0000] {logging_mixin.py:188} INFO - [2024-05-10T07:38:17.537+0000] {dag.py:3954} INFO - Setting next_dagrun for example_display_name to None, run_after=None
[2024-05-10T07:38:17.564+0000] {processor.py:183} INFO - Processing /home/airflow/.local/lib/python3.12/site-packages/airflow/example_dags/example_display_name.py took 0.063 seconds
[2024-05-10T07:38:48.234+0000] {processor.py:161} INFO - Started process (PID=1946) to work on /home/airflow/.local/lib/python3.12/site-packages/airflow/example_dags/example_display_name.py
[2024-05-10T07:38:48.234+0000] {processor.py:830} INFO - Processing file /home/airflow/.local/lib/python3.12/site-packages/airflow/example_dags/example_display_name.py for tasks to queue
[2024-05-10T07:38:48.236+0000] {logging_mixin.py:188} INFO - [2024-05-10T07:38:48.236+0000] {dagbag.py:540} INFO - Filling up the DagBag from /home/airflow/.local/lib/python3.12/site-packages/airflow/example_dags/example_display_name.py
[2024-05-10T07:38:48.240+0000] {processor.py:840} INFO - DAG(s) 'example_display_name' retrieved from /home/airflow/.local/lib/python3.12/site-packages/airflow/example_dags/example_display_name.py
[2024-05-10T07:38:48.256+0000] {logging_mixin.py:188} INFO - [2024-05-10T07:38:48.256+0000] {dag.py:3096} INFO - Sync 1 DAGs
[2024-05-10T07:38:48.267+0000] {logging_mixin.py:188} INFO - [2024-05-10T07:38:48.267+0000] {dag.py:3954} INFO - Setting next_dagrun for example_display_name to None, run_after=None
[2024-05-10T07:38:48.286+0000] {processor.py:183} INFO - Processing /home/airflow/.local/lib/python3.12/site-packages/airflow/example_dags/example_display_name.py took 0.057 seconds
[2024-05-10T07:39:18.313+0000] {processor.py:161} INFO - Started process (PID=2004) to work on /home/airflow/.local/lib/python3.12/site-packages/airflow/example_dags/example_display_name.py
[2024-05-10T07:39:18.314+0000] {processor.py:830} INFO - Processing file /home/airflow/.local/lib/python3.12/site-packages/airflow/example_dags/example_display_name.py for tasks to queue
[2024-05-10T07:39:18.315+0000] {logging_mixin.py:188} INFO - [2024-05-10T07:39:18.315+0000] {dagbag.py:540} INFO - Filling up the DagBag from /home/airflow/.local/lib/python3.12/site-packages/airflow/example_dags/example_display_name.py
[2024-05-10T07:39:18.321+0000] {processor.py:840} INFO - DAG(s) 'example_display_name' retrieved from /home/airflow/.local/lib/python3.12/site-packages/airflow/example_dags/example_display_name.py
[2024-05-10T07:39:18.337+0000] {logging_mixin.py:188} INFO - [2024-05-10T07:39:18.337+0000] {dag.py:3096} INFO - Sync 1 DAGs
[2024-05-10T07:39:18.348+0000] {logging_mixin.py:188} INFO - [2024-05-10T07:39:18.347+0000] {dag.py:3954} INFO - Setting next_dagrun for example_display_name to None, run_after=None
[2024-05-10T07:39:18.395+0000] {processor.py:183} INFO - Processing /home/airflow/.local/lib/python3.12/site-packages/airflow/example_dags/example_display_name.py took 0.086 seconds
[2024-05-10T07:39:48.484+0000] {processor.py:161} INFO - Started process (PID=2062) to work on /home/airflow/.local/lib/python3.12/site-packages/airflow/example_dags/example_display_name.py
[2024-05-10T07:39:48.485+0000] {processor.py:830} INFO - Processing file /home/airflow/.local/lib/python3.12/site-packages/airflow/example_dags/example_display_name.py for tasks to queue
[2024-05-10T07:39:48.486+0000] {logging_mixin.py:188} INFO - [2024-05-10T07:39:48.486+0000] {dagbag.py:540} INFO - Filling up the DagBag from /home/airflow/.local/lib/python3.12/site-packages/airflow/example_dags/example_display_name.py
[2024-05-10T07:39:48.490+0000] {processor.py:840} INFO - DAG(s) 'example_display_name' retrieved from /home/airflow/.local/lib/python3.12/site-packages/airflow/example_dags/example_display_name.py
[2024-05-10T07:39:48.505+0000] {logging_mixin.py:188} INFO - [2024-05-10T07:39:48.505+0000] {dag.py:3096} INFO - Sync 1 DAGs
[2024-05-10T07:39:48.515+0000] {logging_mixin.py:188} INFO - [2024-05-10T07:39:48.515+0000] {dag.py:3954} INFO - Setting next_dagrun for example_display_name to None, run_after=None
[2024-05-10T07:39:48.541+0000] {processor.py:183} INFO - Processing /home/airflow/.local/lib/python3.12/site-packages/airflow/example_dags/example_display_name.py took 0.062 seconds
[2024-05-10T07:40:19.337+0000] {processor.py:161} INFO - Started process (PID=2122) to work on /home/airflow/.local/lib/python3.12/site-packages/airflow/example_dags/example_display_name.py
[2024-05-10T07:40:19.338+0000] {processor.py:830} INFO - Processing file /home/airflow/.local/lib/python3.12/site-packages/airflow/example_dags/example_display_name.py for tasks to queue
[2024-05-10T07:40:19.339+0000] {logging_mixin.py:188} INFO - [2024-05-10T07:40:19.339+0000] {dagbag.py:540} INFO - Filling up the DagBag from /home/airflow/.local/lib/python3.12/site-packages/airflow/example_dags/example_display_name.py
[2024-05-10T07:40:19.344+0000] {processor.py:840} INFO - DAG(s) 'example_display_name' retrieved from /home/airflow/.local/lib/python3.12/site-packages/airflow/example_dags/example_display_name.py
[2024-05-10T07:40:19.358+0000] {logging_mixin.py:188} INFO - [2024-05-10T07:40:19.358+0000] {dag.py:3096} INFO - Sync 1 DAGs
[2024-05-10T07:40:19.369+0000] {logging_mixin.py:188} INFO - [2024-05-10T07:40:19.369+0000] {dag.py:3954} INFO - Setting next_dagrun for example_display_name to None, run_after=None
[2024-05-10T07:40:19.385+0000] {processor.py:183} INFO - Processing /home/airflow/.local/lib/python3.12/site-packages/airflow/example_dags/example_display_name.py took 0.053 seconds
[2024-05-10T07:40:49.904+0000] {processor.py:161} INFO - Started process (PID=2181) to work on /home/airflow/.local/lib/python3.12/site-packages/airflow/example_dags/example_display_name.py
[2024-05-10T07:40:49.905+0000] {processor.py:830} INFO - Processing file /home/airflow/.local/lib/python3.12/site-packages/airflow/example_dags/example_display_name.py for tasks to queue
[2024-05-10T07:40:49.906+0000] {logging_mixin.py:188} INFO - [2024-05-10T07:40:49.906+0000] {dagbag.py:540} INFO - Filling up the DagBag from /home/airflow/.local/lib/python3.12/site-packages/airflow/example_dags/example_display_name.py
[2024-05-10T07:40:49.910+0000] {processor.py:840} INFO - DAG(s) 'example_display_name' retrieved from /home/airflow/.local/lib/python3.12/site-packages/airflow/example_dags/example_display_name.py
[2024-05-10T07:40:49.926+0000] {logging_mixin.py:188} INFO - [2024-05-10T07:40:49.926+0000] {dag.py:3096} INFO - Sync 1 DAGs
[2024-05-10T07:40:49.936+0000] {logging_mixin.py:188} INFO - [2024-05-10T07:40:49.936+0000] {dag.py:3954} INFO - Setting next_dagrun for example_display_name to None, run_after=None
[2024-05-10T07:40:49.963+0000] {processor.py:183} INFO - Processing /home/airflow/.local/lib/python3.12/site-packages/airflow/example_dags/example_display_name.py took 0.063 seconds
[2024-05-10T07:41:20.750+0000] {processor.py:161} INFO - Started process (PID=2240) to work on /home/airflow/.local/lib/python3.12/site-packages/airflow/example_dags/example_display_name.py
[2024-05-10T07:41:20.750+0000] {processor.py:830} INFO - Processing file /home/airflow/.local/lib/python3.12/site-packages/airflow/example_dags/example_display_name.py for tasks to queue
[2024-05-10T07:41:20.752+0000] {logging_mixin.py:188} INFO - [2024-05-10T07:41:20.751+0000] {dagbag.py:540} INFO - Filling up the DagBag from /home/airflow/.local/lib/python3.12/site-packages/airflow/example_dags/example_display_name.py
[2024-05-10T07:41:20.756+0000] {processor.py:840} INFO - DAG(s) 'example_display_name' retrieved from /home/airflow/.local/lib/python3.12/site-packages/airflow/example_dags/example_display_name.py
[2024-05-10T07:41:20.772+0000] {logging_mixin.py:188} INFO - [2024-05-10T07:41:20.772+0000] {dag.py:3096} INFO - Sync 1 DAGs
[2024-05-10T07:41:20.783+0000] {logging_mixin.py:188} INFO - [2024-05-10T07:41:20.783+0000] {dag.py:3954} INFO - Setting next_dagrun for example_display_name to None, run_after=None
[2024-05-10T07:41:20.807+0000] {processor.py:183} INFO - Processing /home/airflow/.local/lib/python3.12/site-packages/airflow/example_dags/example_display_name.py took 0.062 seconds
[2024-05-10T07:41:50.949+0000] {processor.py:161} INFO - Started process (PID=2299) to work on /home/airflow/.local/lib/python3.12/site-packages/airflow/example_dags/example_display_name.py
[2024-05-10T07:41:50.950+0000] {processor.py:830} INFO - Processing file /home/airflow/.local/lib/python3.12/site-packages/airflow/example_dags/example_display_name.py for tasks to queue
[2024-05-10T07:41:50.951+0000] {logging_mixin.py:188} INFO - [2024-05-10T07:41:50.951+0000] {dagbag.py:540} INFO - Filling up the DagBag from /home/airflow/.local/lib/python3.12/site-packages/airflow/example_dags/example_display_name.py
[2024-05-10T07:41:50.955+0000] {processor.py:840} INFO - DAG(s) 'example_display_name' retrieved from /home/airflow/.local/lib/python3.12/site-packages/airflow/example_dags/example_display_name.py
[2024-05-10T07:41:50.970+0000] {logging_mixin.py:188} INFO - [2024-05-10T07:41:50.970+0000] {dag.py:3096} INFO - Sync 1 DAGs
[2024-05-10T07:41:50.980+0000] {logging_mixin.py:188} INFO - [2024-05-10T07:41:50.980+0000] {dag.py:3954} INFO - Setting next_dagrun for example_display_name to None, run_after=None
[2024-05-10T07:41:50.996+0000] {processor.py:183} INFO - Processing /home/airflow/.local/lib/python3.12/site-packages/airflow/example_dags/example_display_name.py took 0.052 seconds
[2024-05-10T07:42:21.181+0000] {processor.py:161} INFO - Started process (PID=2357) to work on /home/airflow/.local/lib/python3.12/site-packages/airflow/example_dags/example_display_name.py
[2024-05-10T07:42:21.182+0000] {processor.py:830} INFO - Processing file /home/airflow/.local/lib/python3.12/site-packages/airflow/example_dags/example_display_name.py for tasks to queue
[2024-05-10T07:42:21.183+0000] {logging_mixin.py:188} INFO - [2024-05-10T07:42:21.183+0000] {dagbag.py:540} INFO - Filling up the DagBag from /home/airflow/.local/lib/python3.12/site-packages/airflow/example_dags/example_display_name.py
[2024-05-10T07:42:21.187+0000] {processor.py:840} INFO - DAG(s) 'example_display_name' retrieved from /home/airflow/.local/lib/python3.12/site-packages/airflow/example_dags/example_display_name.py
[2024-05-10T07:42:21.203+0000] {logging_mixin.py:188} INFO - [2024-05-10T07:42:21.202+0000] {dag.py:3096} INFO - Sync 1 DAGs
[2024-05-10T07:42:21.213+0000] {logging_mixin.py:188} INFO - [2024-05-10T07:42:21.213+0000] {dag.py:3954} INFO - Setting next_dagrun for example_display_name to None, run_after=None
[2024-05-10T07:42:21.229+0000] {processor.py:183} INFO - Processing /home/airflow/.local/lib/python3.12/site-packages/airflow/example_dags/example_display_name.py took 0.053 seconds
[2024-05-10T07:42:52.091+0000] {processor.py:161} INFO - Started process (PID=2416) to work on /home/airflow/.local/lib/python3.12/site-packages/airflow/example_dags/example_display_name.py
[2024-05-10T07:42:52.091+0000] {processor.py:830} INFO - Processing file /home/airflow/.local/lib/python3.12/site-packages/airflow/example_dags/example_display_name.py for tasks to queue
[2024-05-10T07:42:52.093+0000] {logging_mixin.py:188} INFO - [2024-05-10T07:42:52.092+0000] {dagbag.py:540} INFO - Filling up the DagBag from /home/airflow/.local/lib/python3.12/site-packages/airflow/example_dags/example_display_name.py
[2024-05-10T07:42:52.097+0000] {processor.py:840} INFO - DAG(s) 'example_display_name' retrieved from /home/airflow/.local/lib/python3.12/site-packages/airflow/example_dags/example_display_name.py
[2024-05-10T07:42:52.118+0000] {logging_mixin.py:188} INFO - [2024-05-10T07:42:52.118+0000] {dag.py:3096} INFO - Sync 1 DAGs
[2024-05-10T07:42:52.138+0000] {logging_mixin.py:188} INFO - [2024-05-10T07:42:52.137+0000] {dag.py:3954} INFO - Setting next_dagrun for example_display_name to None, run_after=None
[2024-05-10T07:42:52.165+0000] {processor.py:183} INFO - Processing /home/airflow/.local/lib/python3.12/site-packages/airflow/example_dags/example_display_name.py took 0.080 seconds
[2024-05-10T07:43:22.547+0000] {processor.py:161} INFO - Started process (PID=2475) to work on /home/airflow/.local/lib/python3.12/site-packages/airflow/example_dags/example_display_name.py
[2024-05-10T07:43:22.548+0000] {processor.py:830} INFO - Processing file /home/airflow/.local/lib/python3.12/site-packages/airflow/example_dags/example_display_name.py for tasks to queue
[2024-05-10T07:43:22.549+0000] {logging_mixin.py:188} INFO - [2024-05-10T07:43:22.549+0000] {dagbag.py:540} INFO - Filling up the DagBag from /home/airflow/.local/lib/python3.12/site-packages/airflow/example_dags/example_display_name.py
[2024-05-10T07:43:22.553+0000] {processor.py:840} INFO - DAG(s) 'example_display_name' retrieved from /home/airflow/.local/lib/python3.12/site-packages/airflow/example_dags/example_display_name.py
[2024-05-10T07:43:22.568+0000] {logging_mixin.py:188} INFO - [2024-05-10T07:43:22.568+0000] {dag.py:3096} INFO - Sync 1 DAGs
[2024-05-10T07:43:22.579+0000] {logging_mixin.py:188} INFO - [2024-05-10T07:43:22.579+0000] {dag.py:3954} INFO - Setting next_dagrun for example_display_name to None, run_after=None
[2024-05-10T07:43:22.596+0000] {processor.py:183} INFO - Processing /home/airflow/.local/lib/python3.12/site-packages/airflow/example_dags/example_display_name.py took 0.053 seconds
[2024-05-10T07:43:53.092+0000] {processor.py:161} INFO - Started process (PID=2534) to work on /home/airflow/.local/lib/python3.12/site-packages/airflow/example_dags/example_display_name.py
[2024-05-10T07:43:53.092+0000] {processor.py:830} INFO - Processing file /home/airflow/.local/lib/python3.12/site-packages/airflow/example_dags/example_display_name.py for tasks to queue
[2024-05-10T07:43:53.094+0000] {logging_mixin.py:188} INFO - [2024-05-10T07:43:53.093+0000] {dagbag.py:540} INFO - Filling up the DagBag from /home/airflow/.local/lib/python3.12/site-packages/airflow/example_dags/example_display_name.py
[2024-05-10T07:43:53.098+0000] {processor.py:840} INFO - DAG(s) 'example_display_name' retrieved from /home/airflow/.local/lib/python3.12/site-packages/airflow/example_dags/example_display_name.py
[2024-05-10T07:43:53.113+0000] {logging_mixin.py:188} INFO - [2024-05-10T07:43:53.113+0000] {dag.py:3096} INFO - Sync 1 DAGs
[2024-05-10T07:43:53.123+0000] {logging_mixin.py:188} INFO - [2024-05-10T07:43:53.123+0000] {dag.py:3954} INFO - Setting next_dagrun for example_display_name to None, run_after=None
[2024-05-10T07:43:53.140+0000] {processor.py:183} INFO - Processing /home/airflow/.local/lib/python3.12/site-packages/airflow/example_dags/example_display_name.py took 0.053 seconds
[2024-05-10T07:44:23.703+0000] {processor.py:161} INFO - Started process (PID=2593) to work on /home/airflow/.local/lib/python3.12/site-packages/airflow/example_dags/example_display_name.py
[2024-05-10T07:44:23.704+0000] {processor.py:830} INFO - Processing file /home/airflow/.local/lib/python3.12/site-packages/airflow/example_dags/example_display_name.py for tasks to queue
[2024-05-10T07:44:23.705+0000] {logging_mixin.py:188} INFO - [2024-05-10T07:44:23.705+0000] {dagbag.py:540} INFO - Filling up the DagBag from /home/airflow/.local/lib/python3.12/site-packages/airflow/example_dags/example_display_name.py
[2024-05-10T07:44:23.710+0000] {processor.py:840} INFO - DAG(s) 'example_display_name' retrieved from /home/airflow/.local/lib/python3.12/site-packages/airflow/example_dags/example_display_name.py
[2024-05-10T07:44:23.724+0000] {logging_mixin.py:188} INFO - [2024-05-10T07:44:23.724+0000] {dag.py:3096} INFO - Sync 1 DAGs
[2024-05-10T07:44:23.735+0000] {logging_mixin.py:188} INFO - [2024-05-10T07:44:23.735+0000] {dag.py:3954} INFO - Setting next_dagrun for example_display_name to None, run_after=None
[2024-05-10T07:44:23.762+0000] {processor.py:183} INFO - Processing /home/airflow/.local/lib/python3.12/site-packages/airflow/example_dags/example_display_name.py took 0.063 seconds
[2024-05-10T07:44:54.146+0000] {processor.py:161} INFO - Started process (PID=2652) to work on /home/airflow/.local/lib/python3.12/site-packages/airflow/example_dags/example_display_name.py
[2024-05-10T07:44:54.147+0000] {processor.py:830} INFO - Processing file /home/airflow/.local/lib/python3.12/site-packages/airflow/example_dags/example_display_name.py for tasks to queue
[2024-05-10T07:44:54.148+0000] {logging_mixin.py:188} INFO - [2024-05-10T07:44:54.148+0000] {dagbag.py:540} INFO - Filling up the DagBag from /home/airflow/.local/lib/python3.12/site-packages/airflow/example_dags/example_display_name.py
[2024-05-10T07:44:54.152+0000] {processor.py:840} INFO - DAG(s) 'example_display_name' retrieved from /home/airflow/.local/lib/python3.12/site-packages/airflow/example_dags/example_display_name.py
[2024-05-10T07:44:54.167+0000] {logging_mixin.py:188} INFO - [2024-05-10T07:44:54.167+0000] {dag.py:3096} INFO - Sync 1 DAGs
[2024-05-10T07:44:54.177+0000] {logging_mixin.py:188} INFO - [2024-05-10T07:44:54.177+0000] {dag.py:3954} INFO - Setting next_dagrun for example_display_name to None, run_after=None
[2024-05-10T07:44:54.196+0000] {processor.py:183} INFO - Processing /home/airflow/.local/lib/python3.12/site-packages/airflow/example_dags/example_display_name.py took 0.054 seconds
[2024-05-10T07:45:24.862+0000] {processor.py:161} INFO - Started process (PID=2712) to work on /home/airflow/.local/lib/python3.12/site-packages/airflow/example_dags/example_display_name.py
[2024-05-10T07:45:24.863+0000] {processor.py:830} INFO - Processing file /home/airflow/.local/lib/python3.12/site-packages/airflow/example_dags/example_display_name.py for tasks to queue
[2024-05-10T07:45:24.864+0000] {logging_mixin.py:188} INFO - [2024-05-10T07:45:24.864+0000] {dagbag.py:540} INFO - Filling up the DagBag from /home/airflow/.local/lib/python3.12/site-packages/airflow/example_dags/example_display_name.py
[2024-05-10T07:45:24.869+0000] {processor.py:840} INFO - DAG(s) 'example_display_name' retrieved from /home/airflow/.local/lib/python3.12/site-packages/airflow/example_dags/example_display_name.py
[2024-05-10T07:45:24.884+0000] {logging_mixin.py:188} INFO - [2024-05-10T07:45:24.884+0000] {dag.py:3096} INFO - Sync 1 DAGs
[2024-05-10T07:45:24.895+0000] {logging_mixin.py:188} INFO - [2024-05-10T07:45:24.895+0000] {dag.py:3954} INFO - Setting next_dagrun for example_display_name to None, run_after=None
[2024-05-10T07:45:24.920+0000] {processor.py:183} INFO - Processing /home/airflow/.local/lib/python3.12/site-packages/airflow/example_dags/example_display_name.py took 0.063 seconds
[2024-05-10T07:45:55.470+0000] {processor.py:161} INFO - Started process (PID=2771) to work on /home/airflow/.local/lib/python3.12/site-packages/airflow/example_dags/example_display_name.py
[2024-05-10T07:45:55.471+0000] {processor.py:830} INFO - Processing file /home/airflow/.local/lib/python3.12/site-packages/airflow/example_dags/example_display_name.py for tasks to queue
[2024-05-10T07:45:55.472+0000] {logging_mixin.py:188} INFO - [2024-05-10T07:45:55.471+0000] {dagbag.py:540} INFO - Filling up the DagBag from /home/airflow/.local/lib/python3.12/site-packages/airflow/example_dags/example_display_name.py
[2024-05-10T07:45:55.476+0000] {processor.py:840} INFO - DAG(s) 'example_display_name' retrieved from /home/airflow/.local/lib/python3.12/site-packages/airflow/example_dags/example_display_name.py
[2024-05-10T07:45:55.493+0000] {logging_mixin.py:188} INFO - [2024-05-10T07:45:55.492+0000] {dag.py:3096} INFO - Sync 1 DAGs
[2024-05-10T07:45:55.504+0000] {logging_mixin.py:188} INFO - [2024-05-10T07:45:55.504+0000] {dag.py:3954} INFO - Setting next_dagrun for example_display_name to None, run_after=None
[2024-05-10T07:45:55.529+0000] {processor.py:183} INFO - Processing /home/airflow/.local/lib/python3.12/site-packages/airflow/example_dags/example_display_name.py took 0.063 seconds
[2024-05-10T07:46:26.561+0000] {processor.py:161} INFO - Started process (PID=2829) to work on /home/airflow/.local/lib/python3.12/site-packages/airflow/example_dags/example_display_name.py
[2024-05-10T07:46:26.565+0000] {processor.py:830} INFO - Processing file /home/airflow/.local/lib/python3.12/site-packages/airflow/example_dags/example_display_name.py for tasks to queue
[2024-05-10T07:46:26.566+0000] {logging_mixin.py:188} INFO - [2024-05-10T07:46:26.566+0000] {dagbag.py:540} INFO - Filling up the DagBag from /home/airflow/.local/lib/python3.12/site-packages/airflow/example_dags/example_display_name.py
[2024-05-10T07:46:26.571+0000] {processor.py:840} INFO - DAG(s) 'example_display_name' retrieved from /home/airflow/.local/lib/python3.12/site-packages/airflow/example_dags/example_display_name.py
[2024-05-10T07:46:26.588+0000] {logging_mixin.py:188} INFO - [2024-05-10T07:46:26.588+0000] {dag.py:3096} INFO - Sync 1 DAGs
[2024-05-10T07:46:26.599+0000] {logging_mixin.py:188} INFO - [2024-05-10T07:46:26.599+0000] {dag.py:3954} INFO - Setting next_dagrun for example_display_name to None, run_after=None
[2024-05-10T07:46:26.623+0000] {processor.py:183} INFO - Processing /home/airflow/.local/lib/python3.12/site-packages/airflow/example_dags/example_display_name.py took 0.069 seconds
[2024-05-10T07:46:56.895+0000] {processor.py:161} INFO - Started process (PID=2886) to work on /home/airflow/.local/lib/python3.12/site-packages/airflow/example_dags/example_display_name.py
[2024-05-10T07:46:56.895+0000] {processor.py:830} INFO - Processing file /home/airflow/.local/lib/python3.12/site-packages/airflow/example_dags/example_display_name.py for tasks to queue
[2024-05-10T07:46:56.896+0000] {logging_mixin.py:188} INFO - [2024-05-10T07:46:56.896+0000] {dagbag.py:540} INFO - Filling up the DagBag from /home/airflow/.local/lib/python3.12/site-packages/airflow/example_dags/example_display_name.py
[2024-05-10T07:46:56.901+0000] {processor.py:840} INFO - DAG(s) 'example_display_name' retrieved from /home/airflow/.local/lib/python3.12/site-packages/airflow/example_dags/example_display_name.py
[2024-05-10T07:46:56.922+0000] {logging_mixin.py:188} INFO - [2024-05-10T07:46:56.922+0000] {dag.py:3096} INFO - Sync 1 DAGs
[2024-05-10T07:46:56.937+0000] {logging_mixin.py:188} INFO - [2024-05-10T07:46:56.937+0000] {dag.py:3954} INFO - Setting next_dagrun for example_display_name to None, run_after=None
[2024-05-10T07:46:57.015+0000] {processor.py:183} INFO - Processing /home/airflow/.local/lib/python3.12/site-packages/airflow/example_dags/example_display_name.py took 0.126 seconds
[2024-05-10T07:47:27.237+0000] {processor.py:161} INFO - Started process (PID=2946) to work on /home/airflow/.local/lib/python3.12/site-packages/airflow/example_dags/example_display_name.py
[2024-05-10T07:47:27.238+0000] {processor.py:830} INFO - Processing file /home/airflow/.local/lib/python3.12/site-packages/airflow/example_dags/example_display_name.py for tasks to queue
[2024-05-10T07:47:27.239+0000] {logging_mixin.py:188} INFO - [2024-05-10T07:47:27.238+0000] {dagbag.py:540} INFO - Filling up the DagBag from /home/airflow/.local/lib/python3.12/site-packages/airflow/example_dags/example_display_name.py
[2024-05-10T07:47:27.245+0000] {processor.py:840} INFO - DAG(s) 'example_display_name' retrieved from /home/airflow/.local/lib/python3.12/site-packages/airflow/example_dags/example_display_name.py
[2024-05-10T07:47:27.266+0000] {logging_mixin.py:188} INFO - [2024-05-10T07:47:27.266+0000] {dag.py:3096} INFO - Sync 1 DAGs
[2024-05-10T07:47:27.278+0000] {logging_mixin.py:188} INFO - [2024-05-10T07:47:27.278+0000] {dag.py:3954} INFO - Setting next_dagrun for example_display_name to None, run_after=None
[2024-05-10T07:47:27.298+0000] {processor.py:183} INFO - Processing /home/airflow/.local/lib/python3.12/site-packages/airflow/example_dags/example_display_name.py took 0.067 seconds
[2024-05-10T07:47:57.431+0000] {processor.py:161} INFO - Started process (PID=3002) to work on /home/airflow/.local/lib/python3.12/site-packages/airflow/example_dags/example_display_name.py
[2024-05-10T07:47:57.431+0000] {processor.py:830} INFO - Processing file /home/airflow/.local/lib/python3.12/site-packages/airflow/example_dags/example_display_name.py for tasks to queue
[2024-05-10T07:47:57.432+0000] {logging_mixin.py:188} INFO - [2024-05-10T07:47:57.432+0000] {dagbag.py:540} INFO - Filling up the DagBag from /home/airflow/.local/lib/python3.12/site-packages/airflow/example_dags/example_display_name.py
[2024-05-10T07:47:57.437+0000] {processor.py:840} INFO - DAG(s) 'example_display_name' retrieved from /home/airflow/.local/lib/python3.12/site-packages/airflow/example_dags/example_display_name.py
[2024-05-10T07:47:57.454+0000] {logging_mixin.py:188} INFO - [2024-05-10T07:47:57.453+0000] {dag.py:3096} INFO - Sync 1 DAGs
[2024-05-10T07:47:57.465+0000] {logging_mixin.py:188} INFO - [2024-05-10T07:47:57.465+0000] {dag.py:3954} INFO - Setting next_dagrun for example_display_name to None, run_after=None
[2024-05-10T07:47:57.488+0000] {processor.py:183} INFO - Processing /home/airflow/.local/lib/python3.12/site-packages/airflow/example_dags/example_display_name.py took 0.062 seconds
[2024-05-10T07:48:28.498+0000] {processor.py:161} INFO - Started process (PID=3060) to work on /home/airflow/.local/lib/python3.12/site-packages/airflow/example_dags/example_display_name.py
[2024-05-10T07:48:28.499+0000] {processor.py:830} INFO - Processing file /home/airflow/.local/lib/python3.12/site-packages/airflow/example_dags/example_display_name.py for tasks to queue
[2024-05-10T07:48:28.500+0000] {logging_mixin.py:188} INFO - [2024-05-10T07:48:28.499+0000] {dagbag.py:540} INFO - Filling up the DagBag from /home/airflow/.local/lib/python3.12/site-packages/airflow/example_dags/example_display_name.py
[2024-05-10T07:48:28.505+0000] {processor.py:840} INFO - DAG(s) 'example_display_name' retrieved from /home/airflow/.local/lib/python3.12/site-packages/airflow/example_dags/example_display_name.py
[2024-05-10T07:48:28.522+0000] {logging_mixin.py:188} INFO - [2024-05-10T07:48:28.521+0000] {dag.py:3096} INFO - Sync 1 DAGs
[2024-05-10T07:48:28.533+0000] {logging_mixin.py:188} INFO - [2024-05-10T07:48:28.533+0000] {dag.py:3954} INFO - Setting next_dagrun for example_display_name to None, run_after=None
[2024-05-10T07:48:28.555+0000] {processor.py:183} INFO - Processing /home/airflow/.local/lib/python3.12/site-packages/airflow/example_dags/example_display_name.py took 0.062 seconds
[2024-05-10T07:48:58.792+0000] {processor.py:161} INFO - Started process (PID=3119) to work on /home/airflow/.local/lib/python3.12/site-packages/airflow/example_dags/example_display_name.py
[2024-05-10T07:48:58.793+0000] {processor.py:830} INFO - Processing file /home/airflow/.local/lib/python3.12/site-packages/airflow/example_dags/example_display_name.py for tasks to queue
[2024-05-10T07:48:58.794+0000] {logging_mixin.py:188} INFO - [2024-05-10T07:48:58.794+0000] {dagbag.py:540} INFO - Filling up the DagBag from /home/airflow/.local/lib/python3.12/site-packages/airflow/example_dags/example_display_name.py
[2024-05-10T07:48:58.801+0000] {processor.py:840} INFO - DAG(s) 'example_display_name' retrieved from /home/airflow/.local/lib/python3.12/site-packages/airflow/example_dags/example_display_name.py
[2024-05-10T07:48:58.820+0000] {logging_mixin.py:188} INFO - [2024-05-10T07:48:58.820+0000] {dag.py:3096} INFO - Sync 1 DAGs
[2024-05-10T07:48:58.831+0000] {logging_mixin.py:188} INFO - [2024-05-10T07:48:58.831+0000] {dag.py:3954} INFO - Setting next_dagrun for example_display_name to None, run_after=None
[2024-05-10T07:48:58.857+0000] {processor.py:183} INFO - Processing /home/airflow/.local/lib/python3.12/site-packages/airflow/example_dags/example_display_name.py took 0.070 seconds
[2024-05-10T07:49:29.049+0000] {processor.py:161} INFO - Started process (PID=3176) to work on /home/airflow/.local/lib/python3.12/site-packages/airflow/example_dags/example_display_name.py
[2024-05-10T07:49:29.050+0000] {processor.py:830} INFO - Processing file /home/airflow/.local/lib/python3.12/site-packages/airflow/example_dags/example_display_name.py for tasks to queue
[2024-05-10T07:49:29.051+0000] {logging_mixin.py:188} INFO - [2024-05-10T07:49:29.050+0000] {dagbag.py:540} INFO - Filling up the DagBag from /home/airflow/.local/lib/python3.12/site-packages/airflow/example_dags/example_display_name.py
[2024-05-10T07:49:29.057+0000] {processor.py:840} INFO - DAG(s) 'example_display_name' retrieved from /home/airflow/.local/lib/python3.12/site-packages/airflow/example_dags/example_display_name.py
[2024-05-10T07:49:29.074+0000] {logging_mixin.py:188} INFO - [2024-05-10T07:49:29.074+0000] {dag.py:3096} INFO - Sync 1 DAGs
[2024-05-10T07:49:29.085+0000] {logging_mixin.py:188} INFO - [2024-05-10T07:49:29.085+0000] {dag.py:3954} INFO - Setting next_dagrun for example_display_name to None, run_after=None
[2024-05-10T07:49:29.101+0000] {processor.py:183} INFO - Processing /home/airflow/.local/lib/python3.12/site-packages/airflow/example_dags/example_display_name.py took 0.059 seconds
[2024-05-10T07:49:59.347+0000] {processor.py:161} INFO - Started process (PID=3234) to work on /home/airflow/.local/lib/python3.12/site-packages/airflow/example_dags/example_display_name.py
[2024-05-10T07:49:59.349+0000] {processor.py:830} INFO - Processing file /home/airflow/.local/lib/python3.12/site-packages/airflow/example_dags/example_display_name.py for tasks to queue
[2024-05-10T07:49:59.350+0000] {logging_mixin.py:188} INFO - [2024-05-10T07:49:59.349+0000] {dagbag.py:540} INFO - Filling up the DagBag from /home/airflow/.local/lib/python3.12/site-packages/airflow/example_dags/example_display_name.py
[2024-05-10T07:49:59.355+0000] {processor.py:840} INFO - DAG(s) 'example_display_name' retrieved from /home/airflow/.local/lib/python3.12/site-packages/airflow/example_dags/example_display_name.py
[2024-05-10T07:49:59.378+0000] {logging_mixin.py:188} INFO - [2024-05-10T07:49:59.377+0000] {dag.py:3096} INFO - Sync 1 DAGs
[2024-05-10T07:49:59.389+0000] {logging_mixin.py:188} INFO - [2024-05-10T07:49:59.389+0000] {dag.py:3954} INFO - Setting next_dagrun for example_display_name to None, run_after=None
[2024-05-10T07:49:59.413+0000] {processor.py:183} INFO - Processing /home/airflow/.local/lib/python3.12/site-packages/airflow/example_dags/example_display_name.py took 0.071 seconds
[2024-05-10T07:50:30.067+0000] {processor.py:161} INFO - Started process (PID=3292) to work on /home/airflow/.local/lib/python3.12/site-packages/airflow/example_dags/example_display_name.py
[2024-05-10T07:50:30.068+0000] {processor.py:830} INFO - Processing file /home/airflow/.local/lib/python3.12/site-packages/airflow/example_dags/example_display_name.py for tasks to queue
[2024-05-10T07:50:30.069+0000] {logging_mixin.py:188} INFO - [2024-05-10T07:50:30.069+0000] {dagbag.py:540} INFO - Filling up the DagBag from /home/airflow/.local/lib/python3.12/site-packages/airflow/example_dags/example_display_name.py
[2024-05-10T07:50:30.078+0000] {processor.py:840} INFO - DAG(s) 'example_display_name' retrieved from /home/airflow/.local/lib/python3.12/site-packages/airflow/example_dags/example_display_name.py
[2024-05-10T07:50:30.101+0000] {logging_mixin.py:188} INFO - [2024-05-10T07:50:30.101+0000] {dag.py:3096} INFO - Sync 1 DAGs
[2024-05-10T07:50:30.112+0000] {logging_mixin.py:188} INFO - [2024-05-10T07:50:30.112+0000] {dag.py:3954} INFO - Setting next_dagrun for example_display_name to None, run_after=None
[2024-05-10T07:50:30.137+0000] {processor.py:183} INFO - Processing /home/airflow/.local/lib/python3.12/site-packages/airflow/example_dags/example_display_name.py took 0.076 seconds
[2024-05-10T07:51:00.325+0000] {processor.py:161} INFO - Started process (PID=3350) to work on /home/airflow/.local/lib/python3.12/site-packages/airflow/example_dags/example_display_name.py
[2024-05-10T07:51:00.325+0000] {processor.py:830} INFO - Processing file /home/airflow/.local/lib/python3.12/site-packages/airflow/example_dags/example_display_name.py for tasks to queue
[2024-05-10T07:51:00.326+0000] {logging_mixin.py:188} INFO - [2024-05-10T07:51:00.326+0000] {dagbag.py:540} INFO - Filling up the DagBag from /home/airflow/.local/lib/python3.12/site-packages/airflow/example_dags/example_display_name.py
[2024-05-10T07:51:00.330+0000] {processor.py:840} INFO - DAG(s) 'example_display_name' retrieved from /home/airflow/.local/lib/python3.12/site-packages/airflow/example_dags/example_display_name.py
[2024-05-10T07:51:00.347+0000] {logging_mixin.py:188} INFO - [2024-05-10T07:51:00.346+0000] {dag.py:3096} INFO - Sync 1 DAGs
[2024-05-10T07:51:00.358+0000] {logging_mixin.py:188} INFO - [2024-05-10T07:51:00.357+0000] {dag.py:3954} INFO - Setting next_dagrun for example_display_name to None, run_after=None
[2024-05-10T07:51:00.380+0000] {processor.py:183} INFO - Processing /home/airflow/.local/lib/python3.12/site-packages/airflow/example_dags/example_display_name.py took 0.060 seconds
[2024-05-10T07:51:30.707+0000] {processor.py:161} INFO - Started process (PID=3407) to work on /home/airflow/.local/lib/python3.12/site-packages/airflow/example_dags/example_display_name.py
[2024-05-10T07:51:30.707+0000] {processor.py:830} INFO - Processing file /home/airflow/.local/lib/python3.12/site-packages/airflow/example_dags/example_display_name.py for tasks to queue
[2024-05-10T07:51:30.708+0000] {logging_mixin.py:188} INFO - [2024-05-10T07:51:30.708+0000] {dagbag.py:540} INFO - Filling up the DagBag from /home/airflow/.local/lib/python3.12/site-packages/airflow/example_dags/example_display_name.py
[2024-05-10T07:51:30.713+0000] {processor.py:840} INFO - DAG(s) 'example_display_name' retrieved from /home/airflow/.local/lib/python3.12/site-packages/airflow/example_dags/example_display_name.py
[2024-05-10T07:51:30.731+0000] {logging_mixin.py:188} INFO - [2024-05-10T07:51:30.731+0000] {dag.py:3096} INFO - Sync 1 DAGs
[2024-05-10T07:51:30.743+0000] {logging_mixin.py:188} INFO - [2024-05-10T07:51:30.742+0000] {dag.py:3954} INFO - Setting next_dagrun for example_display_name to None, run_after=None
[2024-05-10T07:51:30.760+0000] {processor.py:183} INFO - Processing /home/airflow/.local/lib/python3.12/site-packages/airflow/example_dags/example_display_name.py took 0.060 seconds
[2024-05-10T07:52:01.636+0000] {processor.py:161} INFO - Started process (PID=3465) to work on /home/airflow/.local/lib/python3.12/site-packages/airflow/example_dags/example_display_name.py
[2024-05-10T07:52:01.636+0000] {processor.py:830} INFO - Processing file /home/airflow/.local/lib/python3.12/site-packages/airflow/example_dags/example_display_name.py for tasks to queue
[2024-05-10T07:52:01.637+0000] {logging_mixin.py:188} INFO - [2024-05-10T07:52:01.637+0000] {dagbag.py:540} INFO - Filling up the DagBag from /home/airflow/.local/lib/python3.12/site-packages/airflow/example_dags/example_display_name.py
[2024-05-10T07:52:01.641+0000] {processor.py:840} INFO - DAG(s) 'example_display_name' retrieved from /home/airflow/.local/lib/python3.12/site-packages/airflow/example_dags/example_display_name.py
[2024-05-10T07:52:01.657+0000] {logging_mixin.py:188} INFO - [2024-05-10T07:52:01.657+0000] {dag.py:3096} INFO - Sync 1 DAGs
[2024-05-10T07:52:01.667+0000] {logging_mixin.py:188} INFO - [2024-05-10T07:52:01.667+0000] {dag.py:3954} INFO - Setting next_dagrun for example_display_name to None, run_after=None
[2024-05-10T07:52:01.684+0000] {processor.py:183} INFO - Processing /home/airflow/.local/lib/python3.12/site-packages/airflow/example_dags/example_display_name.py took 0.053 seconds
[2024-05-10T07:52:31.886+0000] {processor.py:161} INFO - Started process (PID=3523) to work on /home/airflow/.local/lib/python3.12/site-packages/airflow/example_dags/example_display_name.py
[2024-05-10T07:52:31.886+0000] {processor.py:830} INFO - Processing file /home/airflow/.local/lib/python3.12/site-packages/airflow/example_dags/example_display_name.py for tasks to queue
[2024-05-10T07:52:31.887+0000] {logging_mixin.py:188} INFO - [2024-05-10T07:52:31.886+0000] {dagbag.py:540} INFO - Filling up the DagBag from /home/airflow/.local/lib/python3.12/site-packages/airflow/example_dags/example_display_name.py
[2024-05-10T07:52:31.892+0000] {processor.py:840} INFO - DAG(s) 'example_display_name' retrieved from /home/airflow/.local/lib/python3.12/site-packages/airflow/example_dags/example_display_name.py
[2024-05-10T07:52:31.910+0000] {logging_mixin.py:188} INFO - [2024-05-10T07:52:31.910+0000] {dag.py:3096} INFO - Sync 1 DAGs
[2024-05-10T07:52:31.925+0000] {logging_mixin.py:188} INFO - [2024-05-10T07:52:31.924+0000] {dag.py:3954} INFO - Setting next_dagrun for example_display_name to None, run_after=None
[2024-05-10T07:52:31.952+0000] {processor.py:183} INFO - Processing /home/airflow/.local/lib/python3.12/site-packages/airflow/example_dags/example_display_name.py took 0.072 seconds
[2024-05-10T07:53:02.891+0000] {processor.py:161} INFO - Started process (PID=3581) to work on /home/airflow/.local/lib/python3.12/site-packages/airflow/example_dags/example_display_name.py
[2024-05-10T07:53:02.891+0000] {processor.py:830} INFO - Processing file /home/airflow/.local/lib/python3.12/site-packages/airflow/example_dags/example_display_name.py for tasks to queue
[2024-05-10T07:53:02.892+0000] {logging_mixin.py:188} INFO - [2024-05-10T07:53:02.891+0000] {dagbag.py:540} INFO - Filling up the DagBag from /home/airflow/.local/lib/python3.12/site-packages/airflow/example_dags/example_display_name.py
[2024-05-10T07:53:02.896+0000] {processor.py:840} INFO - DAG(s) 'example_display_name' retrieved from /home/airflow/.local/lib/python3.12/site-packages/airflow/example_dags/example_display_name.py
[2024-05-10T07:53:02.911+0000] {logging_mixin.py:188} INFO - [2024-05-10T07:53:02.911+0000] {dag.py:3096} INFO - Sync 1 DAGs
[2024-05-10T07:53:02.921+0000] {logging_mixin.py:188} INFO - [2024-05-10T07:53:02.921+0000] {dag.py:3954} INFO - Setting next_dagrun for example_display_name to None, run_after=None
[2024-05-10T07:53:02.940+0000] {processor.py:183} INFO - Processing /home/airflow/.local/lib/python3.12/site-packages/airflow/example_dags/example_display_name.py took 0.054 seconds
[2024-05-10T07:53:33.415+0000] {processor.py:161} INFO - Started process (PID=3638) to work on /home/airflow/.local/lib/python3.12/site-packages/airflow/example_dags/example_display_name.py
[2024-05-10T07:53:33.416+0000] {processor.py:830} INFO - Processing file /home/airflow/.local/lib/python3.12/site-packages/airflow/example_dags/example_display_name.py for tasks to queue
[2024-05-10T07:53:33.416+0000] {logging_mixin.py:188} INFO - [2024-05-10T07:53:33.416+0000] {dagbag.py:540} INFO - Filling up the DagBag from /home/airflow/.local/lib/python3.12/site-packages/airflow/example_dags/example_display_name.py
[2024-05-10T07:53:33.421+0000] {processor.py:840} INFO - DAG(s) 'example_display_name' retrieved from /home/airflow/.local/lib/python3.12/site-packages/airflow/example_dags/example_display_name.py
[2024-05-10T07:53:33.437+0000] {logging_mixin.py:188} INFO - [2024-05-10T07:53:33.437+0000] {dag.py:3096} INFO - Sync 1 DAGs
[2024-05-10T07:53:33.447+0000] {logging_mixin.py:188} INFO - [2024-05-10T07:53:33.447+0000] {dag.py:3954} INFO - Setting next_dagrun for example_display_name to None, run_after=None
[2024-05-10T07:53:33.473+0000] {processor.py:183} INFO - Processing /home/airflow/.local/lib/python3.12/site-packages/airflow/example_dags/example_display_name.py took 0.063 seconds
[2024-05-10T07:54:03.926+0000] {processor.py:161} INFO - Started process (PID=3696) to work on /home/airflow/.local/lib/python3.12/site-packages/airflow/example_dags/example_display_name.py
[2024-05-10T07:54:03.927+0000] {processor.py:830} INFO - Processing file /home/airflow/.local/lib/python3.12/site-packages/airflow/example_dags/example_display_name.py for tasks to queue
[2024-05-10T07:54:03.927+0000] {logging_mixin.py:188} INFO - [2024-05-10T07:54:03.927+0000] {dagbag.py:540} INFO - Filling up the DagBag from /home/airflow/.local/lib/python3.12/site-packages/airflow/example_dags/example_display_name.py
[2024-05-10T07:54:03.932+0000] {processor.py:840} INFO - DAG(s) 'example_display_name' retrieved from /home/airflow/.local/lib/python3.12/site-packages/airflow/example_dags/example_display_name.py
[2024-05-10T07:54:03.948+0000] {logging_mixin.py:188} INFO - [2024-05-10T07:54:03.948+0000] {dag.py:3096} INFO - Sync 1 DAGs
[2024-05-10T07:54:03.959+0000] {logging_mixin.py:188} INFO - [2024-05-10T07:54:03.959+0000] {dag.py:3954} INFO - Setting next_dagrun for example_display_name to None, run_after=None
[2024-05-10T07:54:03.984+0000] {processor.py:183} INFO - Processing /home/airflow/.local/lib/python3.12/site-packages/airflow/example_dags/example_display_name.py took 0.063 seconds
[2024-05-10T07:54:34.499+0000] {processor.py:161} INFO - Started process (PID=3753) to work on /home/airflow/.local/lib/python3.12/site-packages/airflow/example_dags/example_display_name.py
[2024-05-10T07:54:34.500+0000] {processor.py:830} INFO - Processing file /home/airflow/.local/lib/python3.12/site-packages/airflow/example_dags/example_display_name.py for tasks to queue
[2024-05-10T07:54:34.500+0000] {logging_mixin.py:188} INFO - [2024-05-10T07:54:34.500+0000] {dagbag.py:540} INFO - Filling up the DagBag from /home/airflow/.local/lib/python3.12/site-packages/airflow/example_dags/example_display_name.py
[2024-05-10T07:54:34.506+0000] {processor.py:840} INFO - DAG(s) 'example_display_name' retrieved from /home/airflow/.local/lib/python3.12/site-packages/airflow/example_dags/example_display_name.py
[2024-05-10T07:54:34.527+0000] {logging_mixin.py:188} INFO - [2024-05-10T07:54:34.527+0000] {dag.py:3096} INFO - Sync 1 DAGs
[2024-05-10T07:54:34.539+0000] {logging_mixin.py:188} INFO - [2024-05-10T07:54:34.539+0000] {dag.py:3954} INFO - Setting next_dagrun for example_display_name to None, run_after=None
[2024-05-10T07:54:34.561+0000] {processor.py:183} INFO - Processing /home/airflow/.local/lib/python3.12/site-packages/airflow/example_dags/example_display_name.py took 0.068 seconds
[2024-05-10T07:55:05.254+0000] {processor.py:161} INFO - Started process (PID=3811) to work on /home/airflow/.local/lib/python3.12/site-packages/airflow/example_dags/example_display_name.py
[2024-05-10T07:55:05.256+0000] {processor.py:830} INFO - Processing file /home/airflow/.local/lib/python3.12/site-packages/airflow/example_dags/example_display_name.py for tasks to queue
[2024-05-10T07:55:05.257+0000] {logging_mixin.py:188} INFO - [2024-05-10T07:55:05.256+0000] {dagbag.py:540} INFO - Filling up the DagBag from /home/airflow/.local/lib/python3.12/site-packages/airflow/example_dags/example_display_name.py
[2024-05-10T07:55:05.261+0000] {processor.py:840} INFO - DAG(s) 'example_display_name' retrieved from /home/airflow/.local/lib/python3.12/site-packages/airflow/example_dags/example_display_name.py
[2024-05-10T07:55:05.283+0000] {logging_mixin.py:188} INFO - [2024-05-10T07:55:05.282+0000] {dag.py:3096} INFO - Sync 1 DAGs
[2024-05-10T07:55:05.294+0000] {logging_mixin.py:188} INFO - [2024-05-10T07:55:05.293+0000] {dag.py:3954} INFO - Setting next_dagrun for example_display_name to None, run_after=None
[2024-05-10T07:55:05.317+0000] {processor.py:183} INFO - Processing /home/airflow/.local/lib/python3.12/site-packages/airflow/example_dags/example_display_name.py took 0.068 seconds
