[2024-05-10T07:22:22.708+0000] {processor.py:161} INFO - Started process (PID=30) to work on /home/airflow/.local/lib/python3.12/site-packages/airflow/example_dags/example_skip_dag.py
[2024-05-10T07:22:22.708+0000] {processor.py:830} INFO - Processing file /home/airflow/.local/lib/python3.12/site-packages/airflow/example_dags/example_skip_dag.py for tasks to queue
[2024-05-10T07:22:22.710+0000] {logging_mixin.py:188} INFO - [2024-05-10T07:22:22.709+0000] {dagbag.py:540} INFO - Filling up the DagBag from /home/airflow/.local/lib/python3.12/site-packages/airflow/example_dags/example_skip_dag.py
[2024-05-10T07:22:22.717+0000] {processor.py:840} INFO - DAG(s) 'example_skip_dag' retrieved from /home/airflow/.local/lib/python3.12/site-packages/airflow/example_dags/example_skip_dag.py
[2024-05-10T07:22:22.726+0000] {logging_mixin.py:188} INFO - [2024-05-10T07:22:22.726+0000] {dag.py:3096} INFO - Sync 1 DAGs
[2024-05-10T07:22:22.746+0000] {logging_mixin.py:188} INFO - [2024-05-10T07:22:22.746+0000] {dag.py:3954} INFO - Setting next_dagrun for example_skip_dag to 2024-05-09 00:00:00+00:00, run_after=2024-05-10 00:00:00+00:00
[2024-05-10T07:22:22.775+0000] {processor.py:183} INFO - Processing /home/airflow/.local/lib/python3.12/site-packages/airflow/example_dags/example_skip_dag.py took 0.072 seconds
[2024-05-10T07:22:53.670+0000] {processor.py:161} INFO - Started process (PID=88) to work on /home/airflow/.local/lib/python3.12/site-packages/airflow/example_dags/example_skip_dag.py
[2024-05-10T07:22:53.671+0000] {processor.py:830} INFO - Processing file /home/airflow/.local/lib/python3.12/site-packages/airflow/example_dags/example_skip_dag.py for tasks to queue
[2024-05-10T07:22:53.672+0000] {logging_mixin.py:188} INFO - [2024-05-10T07:22:53.672+0000] {dagbag.py:540} INFO - Filling up the DagBag from /home/airflow/.local/lib/python3.12/site-packages/airflow/example_dags/example_skip_dag.py
[2024-05-10T07:22:53.677+0000] {processor.py:840} INFO - DAG(s) 'example_skip_dag' retrieved from /home/airflow/.local/lib/python3.12/site-packages/airflow/example_dags/example_skip_dag.py
[2024-05-10T07:22:53.762+0000] {logging_mixin.py:188} INFO - [2024-05-10T07:22:53.762+0000] {dag.py:3096} INFO - Sync 1 DAGs
[2024-05-10T07:22:53.777+0000] {logging_mixin.py:188} INFO - [2024-05-10T07:22:53.777+0000] {dag.py:3954} INFO - Setting next_dagrun for example_skip_dag to 2024-05-09 00:00:00+00:00, run_after=2024-05-10 00:00:00+00:00
[2024-05-10T07:22:53.795+0000] {processor.py:183} INFO - Processing /home/airflow/.local/lib/python3.12/site-packages/airflow/example_dags/example_skip_dag.py took 0.130 seconds
[2024-05-10T07:23:24.819+0000] {processor.py:161} INFO - Started process (PID=146) to work on /home/airflow/.local/lib/python3.12/site-packages/airflow/example_dags/example_skip_dag.py
[2024-05-10T07:23:24.820+0000] {processor.py:830} INFO - Processing file /home/airflow/.local/lib/python3.12/site-packages/airflow/example_dags/example_skip_dag.py for tasks to queue
[2024-05-10T07:23:24.821+0000] {logging_mixin.py:188} INFO - [2024-05-10T07:23:24.821+0000] {dagbag.py:540} INFO - Filling up the DagBag from /home/airflow/.local/lib/python3.12/site-packages/airflow/example_dags/example_skip_dag.py
[2024-05-10T07:23:24.827+0000] {processor.py:840} INFO - DAG(s) 'example_skip_dag' retrieved from /home/airflow/.local/lib/python3.12/site-packages/airflow/example_dags/example_skip_dag.py
[2024-05-10T07:23:24.843+0000] {logging_mixin.py:188} INFO - [2024-05-10T07:23:24.843+0000] {dag.py:3096} INFO - Sync 1 DAGs
[2024-05-10T07:23:24.860+0000] {logging_mixin.py:188} INFO - [2024-05-10T07:23:24.860+0000] {dag.py:3954} INFO - Setting next_dagrun for example_skip_dag to 2024-05-09 00:00:00+00:00, run_after=2024-05-10 00:00:00+00:00
[2024-05-10T07:23:24.885+0000] {processor.py:183} INFO - Processing /home/airflow/.local/lib/python3.12/site-packages/airflow/example_dags/example_skip_dag.py took 0.074 seconds
[2024-05-10T07:23:55.568+0000] {processor.py:161} INFO - Started process (PID=204) to work on /home/airflow/.local/lib/python3.12/site-packages/airflow/example_dags/example_skip_dag.py
[2024-05-10T07:23:55.569+0000] {processor.py:830} INFO - Processing file /home/airflow/.local/lib/python3.12/site-packages/airflow/example_dags/example_skip_dag.py for tasks to queue
[2024-05-10T07:23:55.570+0000] {logging_mixin.py:188} INFO - [2024-05-10T07:23:55.570+0000] {dagbag.py:540} INFO - Filling up the DagBag from /home/airflow/.local/lib/python3.12/site-packages/airflow/example_dags/example_skip_dag.py
[2024-05-10T07:23:55.576+0000] {processor.py:840} INFO - DAG(s) 'example_skip_dag' retrieved from /home/airflow/.local/lib/python3.12/site-packages/airflow/example_dags/example_skip_dag.py
[2024-05-10T07:23:55.594+0000] {logging_mixin.py:188} INFO - [2024-05-10T07:23:55.594+0000] {dag.py:3096} INFO - Sync 1 DAGs
[2024-05-10T07:23:55.612+0000] {logging_mixin.py:188} INFO - [2024-05-10T07:23:55.611+0000] {dag.py:3954} INFO - Setting next_dagrun for example_skip_dag to 2024-05-09 00:00:00+00:00, run_after=2024-05-10 00:00:00+00:00
[2024-05-10T07:23:55.642+0000] {processor.py:183} INFO - Processing /home/airflow/.local/lib/python3.12/site-packages/airflow/example_dags/example_skip_dag.py took 0.083 seconds
[2024-05-10T07:24:25.967+0000] {processor.py:161} INFO - Started process (PID=261) to work on /home/airflow/.local/lib/python3.12/site-packages/airflow/example_dags/example_skip_dag.py
[2024-05-10T07:24:25.968+0000] {processor.py:830} INFO - Processing file /home/airflow/.local/lib/python3.12/site-packages/airflow/example_dags/example_skip_dag.py for tasks to queue
[2024-05-10T07:24:25.970+0000] {logging_mixin.py:188} INFO - [2024-05-10T07:24:25.970+0000] {dagbag.py:540} INFO - Filling up the DagBag from /home/airflow/.local/lib/python3.12/site-packages/airflow/example_dags/example_skip_dag.py
[2024-05-10T07:24:25.978+0000] {processor.py:840} INFO - DAG(s) 'example_skip_dag' retrieved from /home/airflow/.local/lib/python3.12/site-packages/airflow/example_dags/example_skip_dag.py
[2024-05-10T07:24:25.999+0000] {logging_mixin.py:188} INFO - [2024-05-10T07:24:25.998+0000] {dag.py:3096} INFO - Sync 1 DAGs
[2024-05-10T07:24:26.021+0000] {logging_mixin.py:188} INFO - [2024-05-10T07:24:26.021+0000] {dag.py:3954} INFO - Setting next_dagrun for example_skip_dag to 2024-05-09 00:00:00+00:00, run_after=2024-05-10 00:00:00+00:00
[2024-05-10T07:24:26.071+0000] {processor.py:183} INFO - Processing /home/airflow/.local/lib/python3.12/site-packages/airflow/example_dags/example_skip_dag.py took 0.112 seconds
[2024-05-10T07:24:56.645+0000] {processor.py:161} INFO - Started process (PID=319) to work on /home/airflow/.local/lib/python3.12/site-packages/airflow/example_dags/example_skip_dag.py
[2024-05-10T07:24:56.645+0000] {processor.py:830} INFO - Processing file /home/airflow/.local/lib/python3.12/site-packages/airflow/example_dags/example_skip_dag.py for tasks to queue
[2024-05-10T07:24:56.646+0000] {logging_mixin.py:188} INFO - [2024-05-10T07:24:56.646+0000] {dagbag.py:540} INFO - Filling up the DagBag from /home/airflow/.local/lib/python3.12/site-packages/airflow/example_dags/example_skip_dag.py
[2024-05-10T07:24:56.652+0000] {processor.py:840} INFO - DAG(s) 'example_skip_dag' retrieved from /home/airflow/.local/lib/python3.12/site-packages/airflow/example_dags/example_skip_dag.py
[2024-05-10T07:24:56.668+0000] {logging_mixin.py:188} INFO - [2024-05-10T07:24:56.668+0000] {dag.py:3096} INFO - Sync 1 DAGs
[2024-05-10T07:24:56.685+0000] {logging_mixin.py:188} INFO - [2024-05-10T07:24:56.685+0000] {dag.py:3954} INFO - Setting next_dagrun for example_skip_dag to 2024-05-09 00:00:00+00:00, run_after=2024-05-10 00:00:00+00:00
[2024-05-10T07:24:56.743+0000] {processor.py:183} INFO - Processing /home/airflow/.local/lib/python3.12/site-packages/airflow/example_dags/example_skip_dag.py took 0.103 seconds
[2024-05-10T07:25:27.173+0000] {processor.py:161} INFO - Started process (PID=377) to work on /home/airflow/.local/lib/python3.12/site-packages/airflow/example_dags/example_skip_dag.py
[2024-05-10T07:25:27.176+0000] {processor.py:830} INFO - Processing file /home/airflow/.local/lib/python3.12/site-packages/airflow/example_dags/example_skip_dag.py for tasks to queue
[2024-05-10T07:25:27.181+0000] {logging_mixin.py:188} INFO - [2024-05-10T07:25:27.180+0000] {dagbag.py:540} INFO - Filling up the DagBag from /home/airflow/.local/lib/python3.12/site-packages/airflow/example_dags/example_skip_dag.py
[2024-05-10T07:25:27.199+0000] {processor.py:840} INFO - DAG(s) 'example_skip_dag' retrieved from /home/airflow/.local/lib/python3.12/site-packages/airflow/example_dags/example_skip_dag.py
[2024-05-10T07:25:27.234+0000] {logging_mixin.py:188} INFO - [2024-05-10T07:25:27.233+0000] {dag.py:3096} INFO - Sync 1 DAGs
[2024-05-10T07:25:27.259+0000] {logging_mixin.py:188} INFO - [2024-05-10T07:25:27.259+0000] {dag.py:3954} INFO - Setting next_dagrun for example_skip_dag to 2024-05-09 00:00:00+00:00, run_after=2024-05-10 00:00:00+00:00
[2024-05-10T07:25:27.296+0000] {processor.py:183} INFO - Processing /home/airflow/.local/lib/python3.12/site-packages/airflow/example_dags/example_skip_dag.py took 0.141 seconds
[2024-05-10T07:25:57.399+0000] {processor.py:161} INFO - Started process (PID=435) to work on /home/airflow/.local/lib/python3.12/site-packages/airflow/example_dags/example_skip_dag.py
[2024-05-10T07:25:57.400+0000] {processor.py:830} INFO - Processing file /home/airflow/.local/lib/python3.12/site-packages/airflow/example_dags/example_skip_dag.py for tasks to queue
[2024-05-10T07:25:57.402+0000] {logging_mixin.py:188} INFO - [2024-05-10T07:25:57.401+0000] {dagbag.py:540} INFO - Filling up the DagBag from /home/airflow/.local/lib/python3.12/site-packages/airflow/example_dags/example_skip_dag.py
[2024-05-10T07:25:57.408+0000] {processor.py:840} INFO - DAG(s) 'example_skip_dag' retrieved from /home/airflow/.local/lib/python3.12/site-packages/airflow/example_dags/example_skip_dag.py
[2024-05-10T07:25:57.425+0000] {logging_mixin.py:188} INFO - [2024-05-10T07:25:57.425+0000] {dag.py:3096} INFO - Sync 1 DAGs
[2024-05-10T07:25:57.442+0000] {logging_mixin.py:188} INFO - [2024-05-10T07:25:57.442+0000] {dag.py:3954} INFO - Setting next_dagrun for example_skip_dag to 2024-05-09 00:00:00+00:00, run_after=2024-05-10 00:00:00+00:00
[2024-05-10T07:25:57.475+0000] {processor.py:183} INFO - Processing /home/airflow/.local/lib/python3.12/site-packages/airflow/example_dags/example_skip_dag.py took 0.084 seconds
[2024-05-10T07:26:27.899+0000] {processor.py:161} INFO - Started process (PID=493) to work on /home/airflow/.local/lib/python3.12/site-packages/airflow/example_dags/example_skip_dag.py
[2024-05-10T07:26:27.900+0000] {processor.py:830} INFO - Processing file /home/airflow/.local/lib/python3.12/site-packages/airflow/example_dags/example_skip_dag.py for tasks to queue
[2024-05-10T07:26:27.902+0000] {logging_mixin.py:188} INFO - [2024-05-10T07:26:27.902+0000] {dagbag.py:540} INFO - Filling up the DagBag from /home/airflow/.local/lib/python3.12/site-packages/airflow/example_dags/example_skip_dag.py
[2024-05-10T07:26:27.909+0000] {processor.py:840} INFO - DAG(s) 'example_skip_dag' retrieved from /home/airflow/.local/lib/python3.12/site-packages/airflow/example_dags/example_skip_dag.py
[2024-05-10T07:26:27.931+0000] {logging_mixin.py:188} INFO - [2024-05-10T07:26:27.931+0000] {dag.py:3096} INFO - Sync 1 DAGs
[2024-05-10T07:26:27.949+0000] {logging_mixin.py:188} INFO - [2024-05-10T07:26:27.949+0000] {dag.py:3954} INFO - Setting next_dagrun for example_skip_dag to 2024-05-09 00:00:00+00:00, run_after=2024-05-10 00:00:00+00:00
[2024-05-10T07:26:27.985+0000] {processor.py:183} INFO - Processing /home/airflow/.local/lib/python3.12/site-packages/airflow/example_dags/example_skip_dag.py took 0.093 seconds
[2024-05-10T07:26:58.486+0000] {processor.py:161} INFO - Started process (PID=551) to work on /home/airflow/.local/lib/python3.12/site-packages/airflow/example_dags/example_skip_dag.py
[2024-05-10T07:26:58.487+0000] {processor.py:830} INFO - Processing file /home/airflow/.local/lib/python3.12/site-packages/airflow/example_dags/example_skip_dag.py for tasks to queue
[2024-05-10T07:26:58.489+0000] {logging_mixin.py:188} INFO - [2024-05-10T07:26:58.488+0000] {dagbag.py:540} INFO - Filling up the DagBag from /home/airflow/.local/lib/python3.12/site-packages/airflow/example_dags/example_skip_dag.py
[2024-05-10T07:26:58.494+0000] {processor.py:840} INFO - DAG(s) 'example_skip_dag' retrieved from /home/airflow/.local/lib/python3.12/site-packages/airflow/example_dags/example_skip_dag.py
[2024-05-10T07:26:58.512+0000] {logging_mixin.py:188} INFO - [2024-05-10T07:26:58.511+0000] {dag.py:3096} INFO - Sync 1 DAGs
[2024-05-10T07:26:58.530+0000] {logging_mixin.py:188} INFO - [2024-05-10T07:26:58.529+0000] {dag.py:3954} INFO - Setting next_dagrun for example_skip_dag to 2024-05-09 00:00:00+00:00, run_after=2024-05-10 00:00:00+00:00
[2024-05-10T07:26:58.552+0000] {processor.py:183} INFO - Processing /home/airflow/.local/lib/python3.12/site-packages/airflow/example_dags/example_skip_dag.py took 0.071 seconds
[2024-05-10T07:27:28.862+0000] {processor.py:161} INFO - Started process (PID=609) to work on /home/airflow/.local/lib/python3.12/site-packages/airflow/example_dags/example_skip_dag.py
[2024-05-10T07:27:28.863+0000] {processor.py:830} INFO - Processing file /home/airflow/.local/lib/python3.12/site-packages/airflow/example_dags/example_skip_dag.py for tasks to queue
[2024-05-10T07:27:28.864+0000] {logging_mixin.py:188} INFO - [2024-05-10T07:27:28.864+0000] {dagbag.py:540} INFO - Filling up the DagBag from /home/airflow/.local/lib/python3.12/site-packages/airflow/example_dags/example_skip_dag.py
[2024-05-10T07:27:28.870+0000] {processor.py:840} INFO - DAG(s) 'example_skip_dag' retrieved from /home/airflow/.local/lib/python3.12/site-packages/airflow/example_dags/example_skip_dag.py
[2024-05-10T07:27:28.887+0000] {logging_mixin.py:188} INFO - [2024-05-10T07:27:28.887+0000] {dag.py:3096} INFO - Sync 1 DAGs
[2024-05-10T07:27:28.905+0000] {logging_mixin.py:188} INFO - [2024-05-10T07:27:28.905+0000] {dag.py:3954} INFO - Setting next_dagrun for example_skip_dag to 2024-05-09 00:00:00+00:00, run_after=2024-05-10 00:00:00+00:00
[2024-05-10T07:27:28.930+0000] {processor.py:183} INFO - Processing /home/airflow/.local/lib/python3.12/site-packages/airflow/example_dags/example_skip_dag.py took 0.072 seconds
[2024-05-10T07:27:59.392+0000] {processor.py:161} INFO - Started process (PID=667) to work on /home/airflow/.local/lib/python3.12/site-packages/airflow/example_dags/example_skip_dag.py
[2024-05-10T07:27:59.395+0000] {processor.py:830} INFO - Processing file /home/airflow/.local/lib/python3.12/site-packages/airflow/example_dags/example_skip_dag.py for tasks to queue
[2024-05-10T07:27:59.398+0000] {logging_mixin.py:188} INFO - [2024-05-10T07:27:59.396+0000] {dagbag.py:540} INFO - Filling up the DagBag from /home/airflow/.local/lib/python3.12/site-packages/airflow/example_dags/example_skip_dag.py
[2024-05-10T07:27:59.405+0000] {processor.py:840} INFO - DAG(s) 'example_skip_dag' retrieved from /home/airflow/.local/lib/python3.12/site-packages/airflow/example_dags/example_skip_dag.py
[2024-05-10T07:27:59.425+0000] {logging_mixin.py:188} INFO - [2024-05-10T07:27:59.425+0000] {dag.py:3096} INFO - Sync 1 DAGs
[2024-05-10T07:27:59.444+0000] {logging_mixin.py:188} INFO - [2024-05-10T07:27:59.444+0000] {dag.py:3954} INFO - Setting next_dagrun for example_skip_dag to 2024-05-09 00:00:00+00:00, run_after=2024-05-10 00:00:00+00:00
[2024-05-10T07:27:59.464+0000] {processor.py:183} INFO - Processing /home/airflow/.local/lib/python3.12/site-packages/airflow/example_dags/example_skip_dag.py took 0.077 seconds
[2024-05-10T07:28:29.712+0000] {processor.py:161} INFO - Started process (PID=725) to work on /home/airflow/.local/lib/python3.12/site-packages/airflow/example_dags/example_skip_dag.py
[2024-05-10T07:28:29.713+0000] {processor.py:830} INFO - Processing file /home/airflow/.local/lib/python3.12/site-packages/airflow/example_dags/example_skip_dag.py for tasks to queue
[2024-05-10T07:28:29.714+0000] {logging_mixin.py:188} INFO - [2024-05-10T07:28:29.714+0000] {dagbag.py:540} INFO - Filling up the DagBag from /home/airflow/.local/lib/python3.12/site-packages/airflow/example_dags/example_skip_dag.py
[2024-05-10T07:28:29.721+0000] {processor.py:840} INFO - DAG(s) 'example_skip_dag' retrieved from /home/airflow/.local/lib/python3.12/site-packages/airflow/example_dags/example_skip_dag.py
[2024-05-10T07:28:29.737+0000] {logging_mixin.py:188} INFO - [2024-05-10T07:28:29.737+0000] {dag.py:3096} INFO - Sync 1 DAGs
[2024-05-10T07:28:29.755+0000] {logging_mixin.py:188} INFO - [2024-05-10T07:28:29.755+0000] {dag.py:3954} INFO - Setting next_dagrun for example_skip_dag to 2024-05-09 00:00:00+00:00, run_after=2024-05-10 00:00:00+00:00
[2024-05-10T07:28:29.785+0000] {processor.py:183} INFO - Processing /home/airflow/.local/lib/python3.12/site-packages/airflow/example_dags/example_skip_dag.py took 0.082 seconds
[2024-05-10T07:29:00.014+0000] {processor.py:161} INFO - Started process (PID=783) to work on /home/airflow/.local/lib/python3.12/site-packages/airflow/example_dags/example_skip_dag.py
[2024-05-10T07:29:00.015+0000] {processor.py:830} INFO - Processing file /home/airflow/.local/lib/python3.12/site-packages/airflow/example_dags/example_skip_dag.py for tasks to queue
[2024-05-10T07:29:00.017+0000] {logging_mixin.py:188} INFO - [2024-05-10T07:29:00.017+0000] {dagbag.py:540} INFO - Filling up the DagBag from /home/airflow/.local/lib/python3.12/site-packages/airflow/example_dags/example_skip_dag.py
[2024-05-10T07:29:00.024+0000] {processor.py:840} INFO - DAG(s) 'example_skip_dag' retrieved from /home/airflow/.local/lib/python3.12/site-packages/airflow/example_dags/example_skip_dag.py
[2024-05-10T07:29:00.043+0000] {logging_mixin.py:188} INFO - [2024-05-10T07:29:00.043+0000] {dag.py:3096} INFO - Sync 1 DAGs
[2024-05-10T07:29:00.061+0000] {logging_mixin.py:188} INFO - [2024-05-10T07:29:00.060+0000] {dag.py:3954} INFO - Setting next_dagrun for example_skip_dag to 2024-05-09 00:00:00+00:00, run_after=2024-05-10 00:00:00+00:00
[2024-05-10T07:29:00.199+0000] {processor.py:183} INFO - Processing /home/airflow/.local/lib/python3.12/site-packages/airflow/example_dags/example_skip_dag.py took 0.193 seconds
[2024-05-10T07:29:30.303+0000] {processor.py:161} INFO - Started process (PID=841) to work on /home/airflow/.local/lib/python3.12/site-packages/airflow/example_dags/example_skip_dag.py
[2024-05-10T07:29:30.304+0000] {processor.py:830} INFO - Processing file /home/airflow/.local/lib/python3.12/site-packages/airflow/example_dags/example_skip_dag.py for tasks to queue
[2024-05-10T07:29:30.306+0000] {logging_mixin.py:188} INFO - [2024-05-10T07:29:30.305+0000] {dagbag.py:540} INFO - Filling up the DagBag from /home/airflow/.local/lib/python3.12/site-packages/airflow/example_dags/example_skip_dag.py
[2024-05-10T07:29:30.312+0000] {processor.py:840} INFO - DAG(s) 'example_skip_dag' retrieved from /home/airflow/.local/lib/python3.12/site-packages/airflow/example_dags/example_skip_dag.py
[2024-05-10T07:29:30.329+0000] {logging_mixin.py:188} INFO - [2024-05-10T07:29:30.328+0000] {dag.py:3096} INFO - Sync 1 DAGs
[2024-05-10T07:29:30.346+0000] {logging_mixin.py:188} INFO - [2024-05-10T07:29:30.346+0000] {dag.py:3954} INFO - Setting next_dagrun for example_skip_dag to 2024-05-09 00:00:00+00:00, run_after=2024-05-10 00:00:00+00:00
[2024-05-10T07:29:30.376+0000] {processor.py:183} INFO - Processing /home/airflow/.local/lib/python3.12/site-packages/airflow/example_dags/example_skip_dag.py took 0.080 seconds
[2024-05-10T07:30:00.666+0000] {processor.py:161} INFO - Started process (PID=899) to work on /home/airflow/.local/lib/python3.12/site-packages/airflow/example_dags/example_skip_dag.py
[2024-05-10T07:30:00.667+0000] {processor.py:830} INFO - Processing file /home/airflow/.local/lib/python3.12/site-packages/airflow/example_dags/example_skip_dag.py for tasks to queue
[2024-05-10T07:30:00.669+0000] {logging_mixin.py:188} INFO - [2024-05-10T07:30:00.668+0000] {dagbag.py:540} INFO - Filling up the DagBag from /home/airflow/.local/lib/python3.12/site-packages/airflow/example_dags/example_skip_dag.py
[2024-05-10T07:30:00.676+0000] {processor.py:840} INFO - DAG(s) 'example_skip_dag' retrieved from /home/airflow/.local/lib/python3.12/site-packages/airflow/example_dags/example_skip_dag.py
[2024-05-10T07:30:00.693+0000] {logging_mixin.py:188} INFO - [2024-05-10T07:30:00.693+0000] {dag.py:3096} INFO - Sync 1 DAGs
[2024-05-10T07:30:00.710+0000] {logging_mixin.py:188} INFO - [2024-05-10T07:30:00.710+0000] {dag.py:3954} INFO - Setting next_dagrun for example_skip_dag to 2024-05-09 00:00:00+00:00, run_after=2024-05-10 00:00:00+00:00
[2024-05-10T07:30:00.741+0000] {processor.py:183} INFO - Processing /home/airflow/.local/lib/python3.12/site-packages/airflow/example_dags/example_skip_dag.py took 0.082 seconds
[2024-05-10T07:30:30.930+0000] {processor.py:161} INFO - Started process (PID=958) to work on /home/airflow/.local/lib/python3.12/site-packages/airflow/example_dags/example_skip_dag.py
[2024-05-10T07:30:30.931+0000] {processor.py:830} INFO - Processing file /home/airflow/.local/lib/python3.12/site-packages/airflow/example_dags/example_skip_dag.py for tasks to queue
[2024-05-10T07:30:30.932+0000] {logging_mixin.py:188} INFO - [2024-05-10T07:30:30.932+0000] {dagbag.py:540} INFO - Filling up the DagBag from /home/airflow/.local/lib/python3.12/site-packages/airflow/example_dags/example_skip_dag.py
[2024-05-10T07:30:30.937+0000] {processor.py:840} INFO - DAG(s) 'example_skip_dag' retrieved from /home/airflow/.local/lib/python3.12/site-packages/airflow/example_dags/example_skip_dag.py
[2024-05-10T07:30:30.952+0000] {logging_mixin.py:188} INFO - [2024-05-10T07:30:30.952+0000] {dag.py:3096} INFO - Sync 1 DAGs
[2024-05-10T07:30:30.969+0000] {logging_mixin.py:188} INFO - [2024-05-10T07:30:30.968+0000] {dag.py:3954} INFO - Setting next_dagrun for example_skip_dag to 2024-05-09 00:00:00+00:00, run_after=2024-05-10 00:00:00+00:00
[2024-05-10T07:30:30.996+0000] {processor.py:183} INFO - Processing /home/airflow/.local/lib/python3.12/site-packages/airflow/example_dags/example_skip_dag.py took 0.070 seconds
[2024-05-10T07:31:01.364+0000] {processor.py:161} INFO - Started process (PID=1016) to work on /home/airflow/.local/lib/python3.12/site-packages/airflow/example_dags/example_skip_dag.py
[2024-05-10T07:31:01.365+0000] {processor.py:830} INFO - Processing file /home/airflow/.local/lib/python3.12/site-packages/airflow/example_dags/example_skip_dag.py for tasks to queue
[2024-05-10T07:31:01.367+0000] {logging_mixin.py:188} INFO - [2024-05-10T07:31:01.367+0000] {dagbag.py:540} INFO - Filling up the DagBag from /home/airflow/.local/lib/python3.12/site-packages/airflow/example_dags/example_skip_dag.py
[2024-05-10T07:31:01.373+0000] {processor.py:840} INFO - DAG(s) 'example_skip_dag' retrieved from /home/airflow/.local/lib/python3.12/site-packages/airflow/example_dags/example_skip_dag.py
[2024-05-10T07:31:01.390+0000] {logging_mixin.py:188} INFO - [2024-05-10T07:31:01.389+0000] {dag.py:3096} INFO - Sync 1 DAGs
[2024-05-10T07:31:01.407+0000] {logging_mixin.py:188} INFO - [2024-05-10T07:31:01.406+0000] {dag.py:3954} INFO - Setting next_dagrun for example_skip_dag to 2024-05-09 00:00:00+00:00, run_after=2024-05-10 00:00:00+00:00
[2024-05-10T07:31:01.452+0000] {processor.py:183} INFO - Processing /home/airflow/.local/lib/python3.12/site-packages/airflow/example_dags/example_skip_dag.py took 0.095 seconds
[2024-05-10T07:31:31.734+0000] {processor.py:161} INFO - Started process (PID=1074) to work on /home/airflow/.local/lib/python3.12/site-packages/airflow/example_dags/example_skip_dag.py
[2024-05-10T07:31:31.735+0000] {processor.py:830} INFO - Processing file /home/airflow/.local/lib/python3.12/site-packages/airflow/example_dags/example_skip_dag.py for tasks to queue
[2024-05-10T07:31:31.737+0000] {logging_mixin.py:188} INFO - [2024-05-10T07:31:31.737+0000] {dagbag.py:540} INFO - Filling up the DagBag from /home/airflow/.local/lib/python3.12/site-packages/airflow/example_dags/example_skip_dag.py
[2024-05-10T07:31:31.743+0000] {processor.py:840} INFO - DAG(s) 'example_skip_dag' retrieved from /home/airflow/.local/lib/python3.12/site-packages/airflow/example_dags/example_skip_dag.py
[2024-05-10T07:31:31.861+0000] {logging_mixin.py:188} INFO - [2024-05-10T07:31:31.861+0000] {dag.py:3096} INFO - Sync 1 DAGs
[2024-05-10T07:31:31.876+0000] {logging_mixin.py:188} INFO - [2024-05-10T07:31:31.876+0000] {dag.py:3954} INFO - Setting next_dagrun for example_skip_dag to 2024-05-09 00:00:00+00:00, run_after=2024-05-10 00:00:00+00:00
[2024-05-10T07:31:31.906+0000] {processor.py:183} INFO - Processing /home/airflow/.local/lib/python3.12/site-packages/airflow/example_dags/example_skip_dag.py took 0.180 seconds
[2024-05-10T07:32:01.974+0000] {processor.py:161} INFO - Started process (PID=1132) to work on /home/airflow/.local/lib/python3.12/site-packages/airflow/example_dags/example_skip_dag.py
[2024-05-10T07:32:01.977+0000] {processor.py:830} INFO - Processing file /home/airflow/.local/lib/python3.12/site-packages/airflow/example_dags/example_skip_dag.py for tasks to queue
[2024-05-10T07:32:01.980+0000] {logging_mixin.py:188} INFO - [2024-05-10T07:32:01.979+0000] {dagbag.py:540} INFO - Filling up the DagBag from /home/airflow/.local/lib/python3.12/site-packages/airflow/example_dags/example_skip_dag.py
[2024-05-10T07:32:01.988+0000] {processor.py:840} INFO - DAG(s) 'example_skip_dag' retrieved from /home/airflow/.local/lib/python3.12/site-packages/airflow/example_dags/example_skip_dag.py
[2024-05-10T07:32:02.013+0000] {logging_mixin.py:188} INFO - [2024-05-10T07:32:02.013+0000] {dag.py:3096} INFO - Sync 1 DAGs
[2024-05-10T07:32:02.038+0000] {logging_mixin.py:188} INFO - [2024-05-10T07:32:02.038+0000] {dag.py:3954} INFO - Setting next_dagrun for example_skip_dag to 2024-05-09 00:00:00+00:00, run_after=2024-05-10 00:00:00+00:00
[2024-05-10T07:32:02.065+0000] {processor.py:183} INFO - Processing /home/airflow/.local/lib/python3.12/site-packages/airflow/example_dags/example_skip_dag.py took 0.105 seconds
[2024-05-10T07:32:32.676+0000] {processor.py:161} INFO - Started process (PID=1191) to work on /home/airflow/.local/lib/python3.12/site-packages/airflow/example_dags/example_skip_dag.py
[2024-05-10T07:32:32.677+0000] {processor.py:830} INFO - Processing file /home/airflow/.local/lib/python3.12/site-packages/airflow/example_dags/example_skip_dag.py for tasks to queue
[2024-05-10T07:32:32.679+0000] {logging_mixin.py:188} INFO - [2024-05-10T07:32:32.678+0000] {dagbag.py:540} INFO - Filling up the DagBag from /home/airflow/.local/lib/python3.12/site-packages/airflow/example_dags/example_skip_dag.py
[2024-05-10T07:32:32.685+0000] {processor.py:840} INFO - DAG(s) 'example_skip_dag' retrieved from /home/airflow/.local/lib/python3.12/site-packages/airflow/example_dags/example_skip_dag.py
[2024-05-10T07:32:32.700+0000] {logging_mixin.py:188} INFO - [2024-05-10T07:32:32.700+0000] {dag.py:3096} INFO - Sync 1 DAGs
[2024-05-10T07:32:32.717+0000] {logging_mixin.py:188} INFO - [2024-05-10T07:32:32.717+0000] {dag.py:3954} INFO - Setting next_dagrun for example_skip_dag to 2024-05-09 00:00:00+00:00, run_after=2024-05-10 00:00:00+00:00
[2024-05-10T07:32:32.758+0000] {processor.py:183} INFO - Processing /home/airflow/.local/lib/python3.12/site-packages/airflow/example_dags/example_skip_dag.py took 0.090 seconds
[2024-05-10T07:33:03.158+0000] {processor.py:161} INFO - Started process (PID=1249) to work on /home/airflow/.local/lib/python3.12/site-packages/airflow/example_dags/example_skip_dag.py
[2024-05-10T07:33:03.158+0000] {processor.py:830} INFO - Processing file /home/airflow/.local/lib/python3.12/site-packages/airflow/example_dags/example_skip_dag.py for tasks to queue
[2024-05-10T07:33:03.160+0000] {logging_mixin.py:188} INFO - [2024-05-10T07:33:03.160+0000] {dagbag.py:540} INFO - Filling up the DagBag from /home/airflow/.local/lib/python3.12/site-packages/airflow/example_dags/example_skip_dag.py
[2024-05-10T07:33:03.166+0000] {processor.py:840} INFO - DAG(s) 'example_skip_dag' retrieved from /home/airflow/.local/lib/python3.12/site-packages/airflow/example_dags/example_skip_dag.py
[2024-05-10T07:33:03.182+0000] {logging_mixin.py:188} INFO - [2024-05-10T07:33:03.181+0000] {dag.py:3096} INFO - Sync 1 DAGs
[2024-05-10T07:33:03.199+0000] {logging_mixin.py:188} INFO - [2024-05-10T07:33:03.199+0000] {dag.py:3954} INFO - Setting next_dagrun for example_skip_dag to 2024-05-09 00:00:00+00:00, run_after=2024-05-10 00:00:00+00:00
[2024-05-10T07:33:03.237+0000] {processor.py:183} INFO - Processing /home/airflow/.local/lib/python3.12/site-packages/airflow/example_dags/example_skip_dag.py took 0.087 seconds
[2024-05-10T07:33:33.999+0000] {processor.py:161} INFO - Started process (PID=1309) to work on /home/airflow/.local/lib/python3.12/site-packages/airflow/example_dags/example_skip_dag.py
[2024-05-10T07:33:34.000+0000] {processor.py:830} INFO - Processing file /home/airflow/.local/lib/python3.12/site-packages/airflow/example_dags/example_skip_dag.py for tasks to queue
[2024-05-10T07:33:34.001+0000] {logging_mixin.py:188} INFO - [2024-05-10T07:33:34.001+0000] {dagbag.py:540} INFO - Filling up the DagBag from /home/airflow/.local/lib/python3.12/site-packages/airflow/example_dags/example_skip_dag.py
[2024-05-10T07:33:34.006+0000] {processor.py:840} INFO - DAG(s) 'example_skip_dag' retrieved from /home/airflow/.local/lib/python3.12/site-packages/airflow/example_dags/example_skip_dag.py
[2024-05-10T07:33:34.023+0000] {logging_mixin.py:188} INFO - [2024-05-10T07:33:34.023+0000] {dag.py:3096} INFO - Sync 1 DAGs
[2024-05-10T07:33:34.042+0000] {logging_mixin.py:188} INFO - [2024-05-10T07:33:34.042+0000] {dag.py:3954} INFO - Setting next_dagrun for example_skip_dag to 2024-05-09 00:00:00+00:00, run_after=2024-05-10 00:00:00+00:00
[2024-05-10T07:33:34.074+0000] {processor.py:183} INFO - Processing /home/airflow/.local/lib/python3.12/site-packages/airflow/example_dags/example_skip_dag.py took 0.081 seconds
[2024-05-10T07:34:04.471+0000] {processor.py:161} INFO - Started process (PID=1369) to work on /home/airflow/.local/lib/python3.12/site-packages/airflow/example_dags/example_skip_dag.py
[2024-05-10T07:34:04.472+0000] {processor.py:830} INFO - Processing file /home/airflow/.local/lib/python3.12/site-packages/airflow/example_dags/example_skip_dag.py for tasks to queue
[2024-05-10T07:34:04.473+0000] {logging_mixin.py:188} INFO - [2024-05-10T07:34:04.473+0000] {dagbag.py:540} INFO - Filling up the DagBag from /home/airflow/.local/lib/python3.12/site-packages/airflow/example_dags/example_skip_dag.py
[2024-05-10T07:34:04.480+0000] {processor.py:840} INFO - DAG(s) 'example_skip_dag' retrieved from /home/airflow/.local/lib/python3.12/site-packages/airflow/example_dags/example_skip_dag.py
[2024-05-10T07:34:04.497+0000] {logging_mixin.py:188} INFO - [2024-05-10T07:34:04.496+0000] {dag.py:3096} INFO - Sync 1 DAGs
[2024-05-10T07:34:04.515+0000] {logging_mixin.py:188} INFO - [2024-05-10T07:34:04.515+0000] {dag.py:3954} INFO - Setting next_dagrun for example_skip_dag to 2024-05-09 00:00:00+00:00, run_after=2024-05-10 00:00:00+00:00
[2024-05-10T07:34:04.541+0000] {processor.py:183} INFO - Processing /home/airflow/.local/lib/python3.12/site-packages/airflow/example_dags/example_skip_dag.py took 0.076 seconds
[2024-05-10T07:34:35.298+0000] {processor.py:161} INFO - Started process (PID=1428) to work on /home/airflow/.local/lib/python3.12/site-packages/airflow/example_dags/example_skip_dag.py
[2024-05-10T07:34:35.299+0000] {processor.py:830} INFO - Processing file /home/airflow/.local/lib/python3.12/site-packages/airflow/example_dags/example_skip_dag.py for tasks to queue
[2024-05-10T07:34:35.301+0000] {logging_mixin.py:188} INFO - [2024-05-10T07:34:35.300+0000] {dagbag.py:540} INFO - Filling up the DagBag from /home/airflow/.local/lib/python3.12/site-packages/airflow/example_dags/example_skip_dag.py
[2024-05-10T07:34:35.307+0000] {processor.py:840} INFO - DAG(s) 'example_skip_dag' retrieved from /home/airflow/.local/lib/python3.12/site-packages/airflow/example_dags/example_skip_dag.py
[2024-05-10T07:34:35.324+0000] {logging_mixin.py:188} INFO - [2024-05-10T07:34:35.323+0000] {dag.py:3096} INFO - Sync 1 DAGs
[2024-05-10T07:34:35.341+0000] {logging_mixin.py:188} INFO - [2024-05-10T07:34:35.340+0000] {dag.py:3954} INFO - Setting next_dagrun for example_skip_dag to 2024-05-09 00:00:00+00:00, run_after=2024-05-10 00:00:00+00:00
[2024-05-10T07:34:35.375+0000] {processor.py:183} INFO - Processing /home/airflow/.local/lib/python3.12/site-packages/airflow/example_dags/example_skip_dag.py took 0.084 seconds
[2024-05-10T07:35:05.845+0000] {processor.py:161} INFO - Started process (PID=1487) to work on /home/airflow/.local/lib/python3.12/site-packages/airflow/example_dags/example_skip_dag.py
[2024-05-10T07:35:05.845+0000] {processor.py:830} INFO - Processing file /home/airflow/.local/lib/python3.12/site-packages/airflow/example_dags/example_skip_dag.py for tasks to queue
[2024-05-10T07:35:05.847+0000] {logging_mixin.py:188} INFO - [2024-05-10T07:35:05.847+0000] {dagbag.py:540} INFO - Filling up the DagBag from /home/airflow/.local/lib/python3.12/site-packages/airflow/example_dags/example_skip_dag.py
[2024-05-10T07:35:05.853+0000] {processor.py:840} INFO - DAG(s) 'example_skip_dag' retrieved from /home/airflow/.local/lib/python3.12/site-packages/airflow/example_dags/example_skip_dag.py
[2024-05-10T07:35:05.870+0000] {logging_mixin.py:188} INFO - [2024-05-10T07:35:05.870+0000] {dag.py:3096} INFO - Sync 1 DAGs
[2024-05-10T07:35:05.888+0000] {logging_mixin.py:188} INFO - [2024-05-10T07:35:05.888+0000] {dag.py:3954} INFO - Setting next_dagrun for example_skip_dag to 2024-05-09 00:00:00+00:00, run_after=2024-05-10 00:00:00+00:00
[2024-05-10T07:35:05.918+0000] {processor.py:183} INFO - Processing /home/airflow/.local/lib/python3.12/site-packages/airflow/example_dags/example_skip_dag.py took 0.080 seconds
[2024-05-10T07:35:36.598+0000] {processor.py:161} INFO - Started process (PID=1546) to work on /home/airflow/.local/lib/python3.12/site-packages/airflow/example_dags/example_skip_dag.py
[2024-05-10T07:35:36.600+0000] {processor.py:830} INFO - Processing file /home/airflow/.local/lib/python3.12/site-packages/airflow/example_dags/example_skip_dag.py for tasks to queue
[2024-05-10T07:35:36.602+0000] {logging_mixin.py:188} INFO - [2024-05-10T07:35:36.601+0000] {dagbag.py:540} INFO - Filling up the DagBag from /home/airflow/.local/lib/python3.12/site-packages/airflow/example_dags/example_skip_dag.py
[2024-05-10T07:35:36.607+0000] {processor.py:840} INFO - DAG(s) 'example_skip_dag' retrieved from /home/airflow/.local/lib/python3.12/site-packages/airflow/example_dags/example_skip_dag.py
[2024-05-10T07:35:36.624+0000] {logging_mixin.py:188} INFO - [2024-05-10T07:35:36.623+0000] {dag.py:3096} INFO - Sync 1 DAGs
[2024-05-10T07:35:36.644+0000] {logging_mixin.py:188} INFO - [2024-05-10T07:35:36.644+0000] {dag.py:3954} INFO - Setting next_dagrun for example_skip_dag to 2024-05-09 00:00:00+00:00, run_after=2024-05-10 00:00:00+00:00
[2024-05-10T07:35:36.674+0000] {processor.py:183} INFO - Processing /home/airflow/.local/lib/python3.12/site-packages/airflow/example_dags/example_skip_dag.py took 0.081 seconds
[2024-05-10T07:36:06.828+0000] {processor.py:161} INFO - Started process (PID=1605) to work on /home/airflow/.local/lib/python3.12/site-packages/airflow/example_dags/example_skip_dag.py
[2024-05-10T07:36:06.828+0000] {processor.py:830} INFO - Processing file /home/airflow/.local/lib/python3.12/site-packages/airflow/example_dags/example_skip_dag.py for tasks to queue
[2024-05-10T07:36:06.830+0000] {logging_mixin.py:188} INFO - [2024-05-10T07:36:06.829+0000] {dagbag.py:540} INFO - Filling up the DagBag from /home/airflow/.local/lib/python3.12/site-packages/airflow/example_dags/example_skip_dag.py
[2024-05-10T07:36:06.835+0000] {processor.py:840} INFO - DAG(s) 'example_skip_dag' retrieved from /home/airflow/.local/lib/python3.12/site-packages/airflow/example_dags/example_skip_dag.py
[2024-05-10T07:36:06.853+0000] {logging_mixin.py:188} INFO - [2024-05-10T07:36:06.853+0000] {dag.py:3096} INFO - Sync 1 DAGs
[2024-05-10T07:36:06.873+0000] {logging_mixin.py:188} INFO - [2024-05-10T07:36:06.873+0000] {dag.py:3954} INFO - Setting next_dagrun for example_skip_dag to 2024-05-09 00:00:00+00:00, run_after=2024-05-10 00:00:00+00:00
[2024-05-10T07:36:06.898+0000] {processor.py:183} INFO - Processing /home/airflow/.local/lib/python3.12/site-packages/airflow/example_dags/example_skip_dag.py took 0.076 seconds
[2024-05-10T07:36:37.181+0000] {processor.py:161} INFO - Started process (PID=1664) to work on /home/airflow/.local/lib/python3.12/site-packages/airflow/example_dags/example_skip_dag.py
[2024-05-10T07:36:37.182+0000] {processor.py:830} INFO - Processing file /home/airflow/.local/lib/python3.12/site-packages/airflow/example_dags/example_skip_dag.py for tasks to queue
[2024-05-10T07:36:37.184+0000] {logging_mixin.py:188} INFO - [2024-05-10T07:36:37.183+0000] {dagbag.py:540} INFO - Filling up the DagBag from /home/airflow/.local/lib/python3.12/site-packages/airflow/example_dags/example_skip_dag.py
[2024-05-10T07:36:37.189+0000] {processor.py:840} INFO - DAG(s) 'example_skip_dag' retrieved from /home/airflow/.local/lib/python3.12/site-packages/airflow/example_dags/example_skip_dag.py
[2024-05-10T07:36:37.206+0000] {logging_mixin.py:188} INFO - [2024-05-10T07:36:37.206+0000] {dag.py:3096} INFO - Sync 1 DAGs
[2024-05-10T07:36:37.224+0000] {logging_mixin.py:188} INFO - [2024-05-10T07:36:37.224+0000] {dag.py:3954} INFO - Setting next_dagrun for example_skip_dag to 2024-05-09 00:00:00+00:00, run_after=2024-05-10 00:00:00+00:00
[2024-05-10T07:36:37.262+0000] {processor.py:183} INFO - Processing /home/airflow/.local/lib/python3.12/site-packages/airflow/example_dags/example_skip_dag.py took 0.088 seconds
[2024-05-10T07:37:07.372+0000] {processor.py:161} INFO - Started process (PID=1722) to work on /home/airflow/.local/lib/python3.12/site-packages/airflow/example_dags/example_skip_dag.py
[2024-05-10T07:37:07.376+0000] {processor.py:830} INFO - Processing file /home/airflow/.local/lib/python3.12/site-packages/airflow/example_dags/example_skip_dag.py for tasks to queue
[2024-05-10T07:37:07.381+0000] {logging_mixin.py:188} INFO - [2024-05-10T07:37:07.380+0000] {dagbag.py:540} INFO - Filling up the DagBag from /home/airflow/.local/lib/python3.12/site-packages/airflow/example_dags/example_skip_dag.py
[2024-05-10T07:37:07.402+0000] {processor.py:840} INFO - DAG(s) 'example_skip_dag' retrieved from /home/airflow/.local/lib/python3.12/site-packages/airflow/example_dags/example_skip_dag.py
[2024-05-10T07:37:07.450+0000] {logging_mixin.py:188} INFO - [2024-05-10T07:37:07.449+0000] {dag.py:3096} INFO - Sync 1 DAGs
[2024-05-10T07:37:07.477+0000] {logging_mixin.py:188} INFO - [2024-05-10T07:37:07.477+0000] {dag.py:3954} INFO - Setting next_dagrun for example_skip_dag to 2024-05-09 00:00:00+00:00, run_after=2024-05-10 00:00:00+00:00
[2024-05-10T07:37:07.519+0000] {processor.py:183} INFO - Processing /home/airflow/.local/lib/python3.12/site-packages/airflow/example_dags/example_skip_dag.py took 0.166 seconds
[2024-05-10T07:37:37.689+0000] {processor.py:161} INFO - Started process (PID=1781) to work on /home/airflow/.local/lib/python3.12/site-packages/airflow/example_dags/example_skip_dag.py
[2024-05-10T07:37:37.689+0000] {processor.py:830} INFO - Processing file /home/airflow/.local/lib/python3.12/site-packages/airflow/example_dags/example_skip_dag.py for tasks to queue
[2024-05-10T07:37:37.691+0000] {logging_mixin.py:188} INFO - [2024-05-10T07:37:37.691+0000] {dagbag.py:540} INFO - Filling up the DagBag from /home/airflow/.local/lib/python3.12/site-packages/airflow/example_dags/example_skip_dag.py
[2024-05-10T07:37:37.697+0000] {processor.py:840} INFO - DAG(s) 'example_skip_dag' retrieved from /home/airflow/.local/lib/python3.12/site-packages/airflow/example_dags/example_skip_dag.py
[2024-05-10T07:37:37.715+0000] {logging_mixin.py:188} INFO - [2024-05-10T07:37:37.715+0000] {dag.py:3096} INFO - Sync 1 DAGs
[2024-05-10T07:37:37.734+0000] {logging_mixin.py:188} INFO - [2024-05-10T07:37:37.734+0000] {dag.py:3954} INFO - Setting next_dagrun for example_skip_dag to 2024-05-09 00:00:00+00:00, run_after=2024-05-10 00:00:00+00:00
[2024-05-10T07:37:37.773+0000] {processor.py:183} INFO - Processing /home/airflow/.local/lib/python3.12/site-packages/airflow/example_dags/example_skip_dag.py took 0.092 seconds
[2024-05-10T07:38:08.444+0000] {processor.py:161} INFO - Started process (PID=1840) to work on /home/airflow/.local/lib/python3.12/site-packages/airflow/example_dags/example_skip_dag.py
[2024-05-10T07:38:08.445+0000] {processor.py:830} INFO - Processing file /home/airflow/.local/lib/python3.12/site-packages/airflow/example_dags/example_skip_dag.py for tasks to queue
[2024-05-10T07:38:08.447+0000] {logging_mixin.py:188} INFO - [2024-05-10T07:38:08.446+0000] {dagbag.py:540} INFO - Filling up the DagBag from /home/airflow/.local/lib/python3.12/site-packages/airflow/example_dags/example_skip_dag.py
[2024-05-10T07:38:08.453+0000] {processor.py:840} INFO - DAG(s) 'example_skip_dag' retrieved from /home/airflow/.local/lib/python3.12/site-packages/airflow/example_dags/example_skip_dag.py
[2024-05-10T07:38:08.470+0000] {logging_mixin.py:188} INFO - [2024-05-10T07:38:08.469+0000] {dag.py:3096} INFO - Sync 1 DAGs
[2024-05-10T07:38:08.487+0000] {logging_mixin.py:188} INFO - [2024-05-10T07:38:08.487+0000] {dag.py:3954} INFO - Setting next_dagrun for example_skip_dag to 2024-05-09 00:00:00+00:00, run_after=2024-05-10 00:00:00+00:00
[2024-05-10T07:38:08.519+0000] {processor.py:183} INFO - Processing /home/airflow/.local/lib/python3.12/site-packages/airflow/example_dags/example_skip_dag.py took 0.082 seconds
[2024-05-10T07:38:39.026+0000] {processor.py:161} INFO - Started process (PID=1899) to work on /home/airflow/.local/lib/python3.12/site-packages/airflow/example_dags/example_skip_dag.py
[2024-05-10T07:38:39.027+0000] {processor.py:830} INFO - Processing file /home/airflow/.local/lib/python3.12/site-packages/airflow/example_dags/example_skip_dag.py for tasks to queue
[2024-05-10T07:38:39.029+0000] {logging_mixin.py:188} INFO - [2024-05-10T07:38:39.028+0000] {dagbag.py:540} INFO - Filling up the DagBag from /home/airflow/.local/lib/python3.12/site-packages/airflow/example_dags/example_skip_dag.py
[2024-05-10T07:38:39.036+0000] {processor.py:840} INFO - DAG(s) 'example_skip_dag' retrieved from /home/airflow/.local/lib/python3.12/site-packages/airflow/example_dags/example_skip_dag.py
[2024-05-10T07:38:39.057+0000] {logging_mixin.py:188} INFO - [2024-05-10T07:38:39.057+0000] {dag.py:3096} INFO - Sync 1 DAGs
[2024-05-10T07:38:39.075+0000] {logging_mixin.py:188} INFO - [2024-05-10T07:38:39.075+0000] {dag.py:3954} INFO - Setting next_dagrun for example_skip_dag to 2024-05-09 00:00:00+00:00, run_after=2024-05-10 00:00:00+00:00
[2024-05-10T07:38:39.108+0000] {processor.py:183} INFO - Processing /home/airflow/.local/lib/python3.12/site-packages/airflow/example_dags/example_skip_dag.py took 0.088 seconds
[2024-05-10T07:39:09.706+0000] {processor.py:161} INFO - Started process (PID=1957) to work on /home/airflow/.local/lib/python3.12/site-packages/airflow/example_dags/example_skip_dag.py
[2024-05-10T07:39:09.707+0000] {processor.py:830} INFO - Processing file /home/airflow/.local/lib/python3.12/site-packages/airflow/example_dags/example_skip_dag.py for tasks to queue
[2024-05-10T07:39:09.708+0000] {logging_mixin.py:188} INFO - [2024-05-10T07:39:09.708+0000] {dagbag.py:540} INFO - Filling up the DagBag from /home/airflow/.local/lib/python3.12/site-packages/airflow/example_dags/example_skip_dag.py
[2024-05-10T07:39:09.714+0000] {processor.py:840} INFO - DAG(s) 'example_skip_dag' retrieved from /home/airflow/.local/lib/python3.12/site-packages/airflow/example_dags/example_skip_dag.py
[2024-05-10T07:39:09.731+0000] {logging_mixin.py:188} INFO - [2024-05-10T07:39:09.731+0000] {dag.py:3096} INFO - Sync 1 DAGs
[2024-05-10T07:39:09.762+0000] {logging_mixin.py:188} INFO - [2024-05-10T07:39:09.762+0000] {dag.py:3954} INFO - Setting next_dagrun for example_skip_dag to 2024-05-09 00:00:00+00:00, run_after=2024-05-10 00:00:00+00:00
[2024-05-10T07:39:09.797+0000] {processor.py:183} INFO - Processing /home/airflow/.local/lib/python3.12/site-packages/airflow/example_dags/example_skip_dag.py took 0.098 seconds
[2024-05-10T07:39:39.922+0000] {processor.py:161} INFO - Started process (PID=2016) to work on /home/airflow/.local/lib/python3.12/site-packages/airflow/example_dags/example_skip_dag.py
[2024-05-10T07:39:39.923+0000] {processor.py:830} INFO - Processing file /home/airflow/.local/lib/python3.12/site-packages/airflow/example_dags/example_skip_dag.py for tasks to queue
[2024-05-10T07:39:39.925+0000] {logging_mixin.py:188} INFO - [2024-05-10T07:39:39.925+0000] {dagbag.py:540} INFO - Filling up the DagBag from /home/airflow/.local/lib/python3.12/site-packages/airflow/example_dags/example_skip_dag.py
[2024-05-10T07:39:39.931+0000] {processor.py:840} INFO - DAG(s) 'example_skip_dag' retrieved from /home/airflow/.local/lib/python3.12/site-packages/airflow/example_dags/example_skip_dag.py
[2024-05-10T07:39:39.948+0000] {logging_mixin.py:188} INFO - [2024-05-10T07:39:39.948+0000] {dag.py:3096} INFO - Sync 1 DAGs
[2024-05-10T07:39:39.988+0000] {logging_mixin.py:188} INFO - [2024-05-10T07:39:39.988+0000] {dag.py:3954} INFO - Setting next_dagrun for example_skip_dag to 2024-05-09 00:00:00+00:00, run_after=2024-05-10 00:00:00+00:00
[2024-05-10T07:39:40.048+0000] {processor.py:183} INFO - Processing /home/airflow/.local/lib/python3.12/site-packages/airflow/example_dags/example_skip_dag.py took 0.135 seconds
[2024-05-10T07:40:10.181+0000] {processor.py:161} INFO - Started process (PID=2074) to work on /home/airflow/.local/lib/python3.12/site-packages/airflow/example_dags/example_skip_dag.py
[2024-05-10T07:40:10.186+0000] {processor.py:830} INFO - Processing file /home/airflow/.local/lib/python3.12/site-packages/airflow/example_dags/example_skip_dag.py for tasks to queue
[2024-05-10T07:40:10.190+0000] {logging_mixin.py:188} INFO - [2024-05-10T07:40:10.189+0000] {dagbag.py:540} INFO - Filling up the DagBag from /home/airflow/.local/lib/python3.12/site-packages/airflow/example_dags/example_skip_dag.py
[2024-05-10T07:40:10.198+0000] {processor.py:840} INFO - DAG(s) 'example_skip_dag' retrieved from /home/airflow/.local/lib/python3.12/site-packages/airflow/example_dags/example_skip_dag.py
[2024-05-10T07:40:10.226+0000] {logging_mixin.py:188} INFO - [2024-05-10T07:40:10.226+0000] {dag.py:3096} INFO - Sync 1 DAGs
[2024-05-10T07:40:10.248+0000] {logging_mixin.py:188} INFO - [2024-05-10T07:40:10.248+0000] {dag.py:3954} INFO - Setting next_dagrun for example_skip_dag to 2024-05-09 00:00:00+00:00, run_after=2024-05-10 00:00:00+00:00
[2024-05-10T07:40:10.291+0000] {processor.py:183} INFO - Processing /home/airflow/.local/lib/python3.12/site-packages/airflow/example_dags/example_skip_dag.py took 0.115 seconds
[2024-05-10T07:40:40.829+0000] {processor.py:161} INFO - Started process (PID=2139) to work on /home/airflow/.local/lib/python3.12/site-packages/airflow/example_dags/example_skip_dag.py
[2024-05-10T07:40:40.832+0000] {processor.py:830} INFO - Processing file /home/airflow/.local/lib/python3.12/site-packages/airflow/example_dags/example_skip_dag.py for tasks to queue
[2024-05-10T07:40:40.840+0000] {logging_mixin.py:188} INFO - [2024-05-10T07:40:40.839+0000] {dagbag.py:540} INFO - Filling up the DagBag from /home/airflow/.local/lib/python3.12/site-packages/airflow/example_dags/example_skip_dag.py
[2024-05-10T07:40:40.861+0000] {processor.py:840} INFO - DAG(s) 'example_skip_dag' retrieved from /home/airflow/.local/lib/python3.12/site-packages/airflow/example_dags/example_skip_dag.py
[2024-05-10T07:40:40.891+0000] {logging_mixin.py:188} INFO - [2024-05-10T07:40:40.891+0000] {dag.py:3096} INFO - Sync 1 DAGs
[2024-05-10T07:40:40.913+0000] {logging_mixin.py:188} INFO - [2024-05-10T07:40:40.913+0000] {dag.py:3954} INFO - Setting next_dagrun for example_skip_dag to 2024-05-09 00:00:00+00:00, run_after=2024-05-10 00:00:00+00:00
[2024-05-10T07:40:40.940+0000] {processor.py:183} INFO - Processing /home/airflow/.local/lib/python3.12/site-packages/airflow/example_dags/example_skip_dag.py took 0.149 seconds
[2024-05-10T07:41:11.311+0000] {processor.py:161} INFO - Started process (PID=2198) to work on /home/airflow/.local/lib/python3.12/site-packages/airflow/example_dags/example_skip_dag.py
[2024-05-10T07:41:11.312+0000] {processor.py:830} INFO - Processing file /home/airflow/.local/lib/python3.12/site-packages/airflow/example_dags/example_skip_dag.py for tasks to queue
[2024-05-10T07:41:11.314+0000] {logging_mixin.py:188} INFO - [2024-05-10T07:41:11.313+0000] {dagbag.py:540} INFO - Filling up the DagBag from /home/airflow/.local/lib/python3.12/site-packages/airflow/example_dags/example_skip_dag.py
[2024-05-10T07:41:11.319+0000] {processor.py:840} INFO - DAG(s) 'example_skip_dag' retrieved from /home/airflow/.local/lib/python3.12/site-packages/airflow/example_dags/example_skip_dag.py
[2024-05-10T07:41:11.336+0000] {logging_mixin.py:188} INFO - [2024-05-10T07:41:11.336+0000] {dag.py:3096} INFO - Sync 1 DAGs
[2024-05-10T07:41:11.354+0000] {logging_mixin.py:188} INFO - [2024-05-10T07:41:11.354+0000] {dag.py:3954} INFO - Setting next_dagrun for example_skip_dag to 2024-05-09 00:00:00+00:00, run_after=2024-05-10 00:00:00+00:00
[2024-05-10T07:41:11.384+0000] {processor.py:183} INFO - Processing /home/airflow/.local/lib/python3.12/site-packages/airflow/example_dags/example_skip_dag.py took 0.078 seconds
[2024-05-10T07:41:41.517+0000] {processor.py:161} INFO - Started process (PID=2257) to work on /home/airflow/.local/lib/python3.12/site-packages/airflow/example_dags/example_skip_dag.py
[2024-05-10T07:41:41.518+0000] {processor.py:830} INFO - Processing file /home/airflow/.local/lib/python3.12/site-packages/airflow/example_dags/example_skip_dag.py for tasks to queue
[2024-05-10T07:41:41.519+0000] {logging_mixin.py:188} INFO - [2024-05-10T07:41:41.519+0000] {dagbag.py:540} INFO - Filling up the DagBag from /home/airflow/.local/lib/python3.12/site-packages/airflow/example_dags/example_skip_dag.py
[2024-05-10T07:41:41.525+0000] {processor.py:840} INFO - DAG(s) 'example_skip_dag' retrieved from /home/airflow/.local/lib/python3.12/site-packages/airflow/example_dags/example_skip_dag.py
[2024-05-10T07:41:41.542+0000] {logging_mixin.py:188} INFO - [2024-05-10T07:41:41.542+0000] {dag.py:3096} INFO - Sync 1 DAGs
[2024-05-10T07:41:41.576+0000] {logging_mixin.py:188} INFO - [2024-05-10T07:41:41.576+0000] {dag.py:3954} INFO - Setting next_dagrun for example_skip_dag to 2024-05-09 00:00:00+00:00, run_after=2024-05-10 00:00:00+00:00
[2024-05-10T07:41:41.596+0000] {processor.py:183} INFO - Processing /home/airflow/.local/lib/python3.12/site-packages/airflow/example_dags/example_skip_dag.py took 0.086 seconds
[2024-05-10T07:42:11.652+0000] {processor.py:161} INFO - Started process (PID=2315) to work on /home/airflow/.local/lib/python3.12/site-packages/airflow/example_dags/example_skip_dag.py
[2024-05-10T07:42:11.653+0000] {processor.py:830} INFO - Processing file /home/airflow/.local/lib/python3.12/site-packages/airflow/example_dags/example_skip_dag.py for tasks to queue
[2024-05-10T07:42:11.655+0000] {logging_mixin.py:188} INFO - [2024-05-10T07:42:11.655+0000] {dagbag.py:540} INFO - Filling up the DagBag from /home/airflow/.local/lib/python3.12/site-packages/airflow/example_dags/example_skip_dag.py
[2024-05-10T07:42:11.660+0000] {processor.py:840} INFO - DAG(s) 'example_skip_dag' retrieved from /home/airflow/.local/lib/python3.12/site-packages/airflow/example_dags/example_skip_dag.py
[2024-05-10T07:42:11.680+0000] {logging_mixin.py:188} INFO - [2024-05-10T07:42:11.680+0000] {dag.py:3096} INFO - Sync 1 DAGs
[2024-05-10T07:42:11.703+0000] {logging_mixin.py:188} INFO - [2024-05-10T07:42:11.703+0000] {dag.py:3954} INFO - Setting next_dagrun for example_skip_dag to 2024-05-09 00:00:00+00:00, run_after=2024-05-10 00:00:00+00:00
[2024-05-10T07:42:11.731+0000] {processor.py:183} INFO - Processing /home/airflow/.local/lib/python3.12/site-packages/airflow/example_dags/example_skip_dag.py took 0.084 seconds
[2024-05-10T07:42:41.934+0000] {processor.py:161} INFO - Started process (PID=2374) to work on /home/airflow/.local/lib/python3.12/site-packages/airflow/example_dags/example_skip_dag.py
[2024-05-10T07:42:41.938+0000] {processor.py:830} INFO - Processing file /home/airflow/.local/lib/python3.12/site-packages/airflow/example_dags/example_skip_dag.py for tasks to queue
[2024-05-10T07:42:41.941+0000] {logging_mixin.py:188} INFO - [2024-05-10T07:42:41.940+0000] {dagbag.py:540} INFO - Filling up the DagBag from /home/airflow/.local/lib/python3.12/site-packages/airflow/example_dags/example_skip_dag.py
[2024-05-10T07:42:41.951+0000] {processor.py:840} INFO - DAG(s) 'example_skip_dag' retrieved from /home/airflow/.local/lib/python3.12/site-packages/airflow/example_dags/example_skip_dag.py
[2024-05-10T07:42:41.976+0000] {logging_mixin.py:188} INFO - [2024-05-10T07:42:41.976+0000] {dag.py:3096} INFO - Sync 1 DAGs
[2024-05-10T07:42:41.997+0000] {logging_mixin.py:188} INFO - [2024-05-10T07:42:41.996+0000] {dag.py:3954} INFO - Setting next_dagrun for example_skip_dag to 2024-05-09 00:00:00+00:00, run_after=2024-05-10 00:00:00+00:00
[2024-05-10T07:42:42.032+0000] {processor.py:183} INFO - Processing /home/airflow/.local/lib/python3.12/site-packages/airflow/example_dags/example_skip_dag.py took 0.119 seconds
[2024-05-10T07:43:12.532+0000] {processor.py:161} INFO - Started process (PID=2433) to work on /home/airflow/.local/lib/python3.12/site-packages/airflow/example_dags/example_skip_dag.py
[2024-05-10T07:43:12.532+0000] {processor.py:830} INFO - Processing file /home/airflow/.local/lib/python3.12/site-packages/airflow/example_dags/example_skip_dag.py for tasks to queue
[2024-05-10T07:43:12.534+0000] {logging_mixin.py:188} INFO - [2024-05-10T07:43:12.534+0000] {dagbag.py:540} INFO - Filling up the DagBag from /home/airflow/.local/lib/python3.12/site-packages/airflow/example_dags/example_skip_dag.py
[2024-05-10T07:43:12.541+0000] {processor.py:840} INFO - DAG(s) 'example_skip_dag' retrieved from /home/airflow/.local/lib/python3.12/site-packages/airflow/example_dags/example_skip_dag.py
[2024-05-10T07:43:12.561+0000] {logging_mixin.py:188} INFO - [2024-05-10T07:43:12.561+0000] {dag.py:3096} INFO - Sync 1 DAGs
[2024-05-10T07:43:12.580+0000] {logging_mixin.py:188} INFO - [2024-05-10T07:43:12.579+0000] {dag.py:3954} INFO - Setting next_dagrun for example_skip_dag to 2024-05-09 00:00:00+00:00, run_after=2024-05-10 00:00:00+00:00
[2024-05-10T07:43:12.606+0000] {processor.py:183} INFO - Processing /home/airflow/.local/lib/python3.12/site-packages/airflow/example_dags/example_skip_dag.py took 0.082 seconds
[2024-05-10T07:43:42.990+0000] {processor.py:161} INFO - Started process (PID=2492) to work on /home/airflow/.local/lib/python3.12/site-packages/airflow/example_dags/example_skip_dag.py
[2024-05-10T07:43:42.991+0000] {processor.py:830} INFO - Processing file /home/airflow/.local/lib/python3.12/site-packages/airflow/example_dags/example_skip_dag.py for tasks to queue
[2024-05-10T07:43:42.992+0000] {logging_mixin.py:188} INFO - [2024-05-10T07:43:42.992+0000] {dagbag.py:540} INFO - Filling up the DagBag from /home/airflow/.local/lib/python3.12/site-packages/airflow/example_dags/example_skip_dag.py
[2024-05-10T07:43:42.997+0000] {processor.py:840} INFO - DAG(s) 'example_skip_dag' retrieved from /home/airflow/.local/lib/python3.12/site-packages/airflow/example_dags/example_skip_dag.py
[2024-05-10T07:43:43.014+0000] {logging_mixin.py:188} INFO - [2024-05-10T07:43:43.014+0000] {dag.py:3096} INFO - Sync 1 DAGs
[2024-05-10T07:43:43.033+0000] {logging_mixin.py:188} INFO - [2024-05-10T07:43:43.033+0000] {dag.py:3954} INFO - Setting next_dagrun for example_skip_dag to 2024-05-09 00:00:00+00:00, run_after=2024-05-10 00:00:00+00:00
[2024-05-10T07:43:43.073+0000] {processor.py:183} INFO - Processing /home/airflow/.local/lib/python3.12/site-packages/airflow/example_dags/example_skip_dag.py took 0.088 seconds
[2024-05-10T07:44:13.549+0000] {processor.py:161} INFO - Started process (PID=2551) to work on /home/airflow/.local/lib/python3.12/site-packages/airflow/example_dags/example_skip_dag.py
[2024-05-10T07:44:13.549+0000] {processor.py:830} INFO - Processing file /home/airflow/.local/lib/python3.12/site-packages/airflow/example_dags/example_skip_dag.py for tasks to queue
[2024-05-10T07:44:13.551+0000] {logging_mixin.py:188} INFO - [2024-05-10T07:44:13.551+0000] {dagbag.py:540} INFO - Filling up the DagBag from /home/airflow/.local/lib/python3.12/site-packages/airflow/example_dags/example_skip_dag.py
[2024-05-10T07:44:13.557+0000] {processor.py:840} INFO - DAG(s) 'example_skip_dag' retrieved from /home/airflow/.local/lib/python3.12/site-packages/airflow/example_dags/example_skip_dag.py
[2024-05-10T07:44:13.573+0000] {logging_mixin.py:188} INFO - [2024-05-10T07:44:13.573+0000] {dag.py:3096} INFO - Sync 1 DAGs
[2024-05-10T07:44:13.590+0000] {logging_mixin.py:188} INFO - [2024-05-10T07:44:13.590+0000] {dag.py:3954} INFO - Setting next_dagrun for example_skip_dag to 2024-05-09 00:00:00+00:00, run_after=2024-05-10 00:00:00+00:00
[2024-05-10T07:44:13.617+0000] {processor.py:183} INFO - Processing /home/airflow/.local/lib/python3.12/site-packages/airflow/example_dags/example_skip_dag.py took 0.075 seconds
[2024-05-10T07:44:44.181+0000] {processor.py:161} INFO - Started process (PID=2610) to work on /home/airflow/.local/lib/python3.12/site-packages/airflow/example_dags/example_skip_dag.py
[2024-05-10T07:44:44.182+0000] {processor.py:830} INFO - Processing file /home/airflow/.local/lib/python3.12/site-packages/airflow/example_dags/example_skip_dag.py for tasks to queue
[2024-05-10T07:44:44.183+0000] {logging_mixin.py:188} INFO - [2024-05-10T07:44:44.183+0000] {dagbag.py:540} INFO - Filling up the DagBag from /home/airflow/.local/lib/python3.12/site-packages/airflow/example_dags/example_skip_dag.py
[2024-05-10T07:44:44.188+0000] {processor.py:840} INFO - DAG(s) 'example_skip_dag' retrieved from /home/airflow/.local/lib/python3.12/site-packages/airflow/example_dags/example_skip_dag.py
[2024-05-10T07:44:44.207+0000] {logging_mixin.py:188} INFO - [2024-05-10T07:44:44.207+0000] {dag.py:3096} INFO - Sync 1 DAGs
[2024-05-10T07:44:44.225+0000] {logging_mixin.py:188} INFO - [2024-05-10T07:44:44.225+0000] {dag.py:3954} INFO - Setting next_dagrun for example_skip_dag to 2024-05-09 00:00:00+00:00, run_after=2024-05-10 00:00:00+00:00
[2024-05-10T07:44:44.250+0000] {processor.py:183} INFO - Processing /home/airflow/.local/lib/python3.12/site-packages/airflow/example_dags/example_skip_dag.py took 0.074 seconds
[2024-05-10T07:45:14.616+0000] {processor.py:161} INFO - Started process (PID=2670) to work on /home/airflow/.local/lib/python3.12/site-packages/airflow/example_dags/example_skip_dag.py
[2024-05-10T07:45:14.617+0000] {processor.py:830} INFO - Processing file /home/airflow/.local/lib/python3.12/site-packages/airflow/example_dags/example_skip_dag.py for tasks to queue
[2024-05-10T07:45:14.618+0000] {logging_mixin.py:188} INFO - [2024-05-10T07:45:14.618+0000] {dagbag.py:540} INFO - Filling up the DagBag from /home/airflow/.local/lib/python3.12/site-packages/airflow/example_dags/example_skip_dag.py
[2024-05-10T07:45:14.630+0000] {processor.py:840} INFO - DAG(s) 'example_skip_dag' retrieved from /home/airflow/.local/lib/python3.12/site-packages/airflow/example_dags/example_skip_dag.py
[2024-05-10T07:45:14.646+0000] {logging_mixin.py:188} INFO - [2024-05-10T07:45:14.646+0000] {dag.py:3096} INFO - Sync 1 DAGs
[2024-05-10T07:45:14.664+0000] {logging_mixin.py:188} INFO - [2024-05-10T07:45:14.664+0000] {dag.py:3954} INFO - Setting next_dagrun for example_skip_dag to 2024-05-09 00:00:00+00:00, run_after=2024-05-10 00:00:00+00:00
[2024-05-10T07:45:14.694+0000] {processor.py:183} INFO - Processing /home/airflow/.local/lib/python3.12/site-packages/airflow/example_dags/example_skip_dag.py took 0.084 seconds
[2024-05-10T07:45:45.301+0000] {processor.py:161} INFO - Started process (PID=2729) to work on /home/airflow/.local/lib/python3.12/site-packages/airflow/example_dags/example_skip_dag.py
[2024-05-10T07:45:45.302+0000] {processor.py:830} INFO - Processing file /home/airflow/.local/lib/python3.12/site-packages/airflow/example_dags/example_skip_dag.py for tasks to queue
[2024-05-10T07:45:45.303+0000] {logging_mixin.py:188} INFO - [2024-05-10T07:45:45.303+0000] {dagbag.py:540} INFO - Filling up the DagBag from /home/airflow/.local/lib/python3.12/site-packages/airflow/example_dags/example_skip_dag.py
[2024-05-10T07:45:45.308+0000] {processor.py:840} INFO - DAG(s) 'example_skip_dag' retrieved from /home/airflow/.local/lib/python3.12/site-packages/airflow/example_dags/example_skip_dag.py
[2024-05-10T07:45:45.324+0000] {logging_mixin.py:188} INFO - [2024-05-10T07:45:45.324+0000] {dag.py:3096} INFO - Sync 1 DAGs
[2024-05-10T07:45:45.342+0000] {logging_mixin.py:188} INFO - [2024-05-10T07:45:45.341+0000] {dag.py:3954} INFO - Setting next_dagrun for example_skip_dag to 2024-05-09 00:00:00+00:00, run_after=2024-05-10 00:00:00+00:00
[2024-05-10T07:45:45.372+0000] {processor.py:183} INFO - Processing /home/airflow/.local/lib/python3.12/site-packages/airflow/example_dags/example_skip_dag.py took 0.076 seconds
[2024-05-10T07:46:15.898+0000] {processor.py:161} INFO - Started process (PID=2787) to work on /home/airflow/.local/lib/python3.12/site-packages/airflow/example_dags/example_skip_dag.py
[2024-05-10T07:46:15.899+0000] {processor.py:830} INFO - Processing file /home/airflow/.local/lib/python3.12/site-packages/airflow/example_dags/example_skip_dag.py for tasks to queue
[2024-05-10T07:46:15.900+0000] {logging_mixin.py:188} INFO - [2024-05-10T07:46:15.899+0000] {dagbag.py:540} INFO - Filling up the DagBag from /home/airflow/.local/lib/python3.12/site-packages/airflow/example_dags/example_skip_dag.py
[2024-05-10T07:46:15.906+0000] {processor.py:840} INFO - DAG(s) 'example_skip_dag' retrieved from /home/airflow/.local/lib/python3.12/site-packages/airflow/example_dags/example_skip_dag.py
[2024-05-10T07:46:15.923+0000] {logging_mixin.py:188} INFO - [2024-05-10T07:46:15.922+0000] {dag.py:3096} INFO - Sync 1 DAGs
[2024-05-10T07:46:15.940+0000] {logging_mixin.py:188} INFO - [2024-05-10T07:46:15.940+0000] {dag.py:3954} INFO - Setting next_dagrun for example_skip_dag to 2024-05-09 00:00:00+00:00, run_after=2024-05-10 00:00:00+00:00
[2024-05-10T07:46:15.983+0000] {processor.py:183} INFO - Processing /home/airflow/.local/lib/python3.12/site-packages/airflow/example_dags/example_skip_dag.py took 0.093 seconds
[2024-05-10T07:46:46.240+0000] {processor.py:161} INFO - Started process (PID=2844) to work on /home/airflow/.local/lib/python3.12/site-packages/airflow/example_dags/example_skip_dag.py
[2024-05-10T07:46:46.241+0000] {processor.py:830} INFO - Processing file /home/airflow/.local/lib/python3.12/site-packages/airflow/example_dags/example_skip_dag.py for tasks to queue
[2024-05-10T07:46:46.242+0000] {logging_mixin.py:188} INFO - [2024-05-10T07:46:46.241+0000] {dagbag.py:540} INFO - Filling up the DagBag from /home/airflow/.local/lib/python3.12/site-packages/airflow/example_dags/example_skip_dag.py
[2024-05-10T07:46:46.248+0000] {processor.py:840} INFO - DAG(s) 'example_skip_dag' retrieved from /home/airflow/.local/lib/python3.12/site-packages/airflow/example_dags/example_skip_dag.py
[2024-05-10T07:46:46.265+0000] {logging_mixin.py:188} INFO - [2024-05-10T07:46:46.265+0000] {dag.py:3096} INFO - Sync 1 DAGs
[2024-05-10T07:46:46.282+0000] {logging_mixin.py:188} INFO - [2024-05-10T07:46:46.282+0000] {dag.py:3954} INFO - Setting next_dagrun for example_skip_dag to 2024-05-09 00:00:00+00:00, run_after=2024-05-10 00:00:00+00:00
[2024-05-10T07:46:46.307+0000] {processor.py:183} INFO - Processing /home/airflow/.local/lib/python3.12/site-packages/airflow/example_dags/example_skip_dag.py took 0.075 seconds
[2024-05-10T07:47:16.616+0000] {processor.py:161} INFO - Started process (PID=2902) to work on /home/airflow/.local/lib/python3.12/site-packages/airflow/example_dags/example_skip_dag.py
[2024-05-10T07:47:16.617+0000] {processor.py:830} INFO - Processing file /home/airflow/.local/lib/python3.12/site-packages/airflow/example_dags/example_skip_dag.py for tasks to queue
[2024-05-10T07:47:16.618+0000] {logging_mixin.py:188} INFO - [2024-05-10T07:47:16.617+0000] {dagbag.py:540} INFO - Filling up the DagBag from /home/airflow/.local/lib/python3.12/site-packages/airflow/example_dags/example_skip_dag.py
[2024-05-10T07:47:16.625+0000] {processor.py:840} INFO - DAG(s) 'example_skip_dag' retrieved from /home/airflow/.local/lib/python3.12/site-packages/airflow/example_dags/example_skip_dag.py
[2024-05-10T07:47:16.643+0000] {logging_mixin.py:188} INFO - [2024-05-10T07:47:16.643+0000] {dag.py:3096} INFO - Sync 1 DAGs
[2024-05-10T07:47:16.660+0000] {logging_mixin.py:188} INFO - [2024-05-10T07:47:16.660+0000] {dag.py:3954} INFO - Setting next_dagrun for example_skip_dag to 2024-05-09 00:00:00+00:00, run_after=2024-05-10 00:00:00+00:00
[2024-05-10T07:47:16.685+0000] {processor.py:183} INFO - Processing /home/airflow/.local/lib/python3.12/site-packages/airflow/example_dags/example_skip_dag.py took 0.078 seconds
[2024-05-10T07:47:46.868+0000] {processor.py:161} INFO - Started process (PID=2960) to work on /home/airflow/.local/lib/python3.12/site-packages/airflow/example_dags/example_skip_dag.py
[2024-05-10T07:47:46.869+0000] {processor.py:830} INFO - Processing file /home/airflow/.local/lib/python3.12/site-packages/airflow/example_dags/example_skip_dag.py for tasks to queue
[2024-05-10T07:47:46.871+0000] {logging_mixin.py:188} INFO - [2024-05-10T07:47:46.870+0000] {dagbag.py:540} INFO - Filling up the DagBag from /home/airflow/.local/lib/python3.12/site-packages/airflow/example_dags/example_skip_dag.py
[2024-05-10T07:47:46.881+0000] {processor.py:840} INFO - DAG(s) 'example_skip_dag' retrieved from /home/airflow/.local/lib/python3.12/site-packages/airflow/example_dags/example_skip_dag.py
[2024-05-10T07:47:46.911+0000] {logging_mixin.py:188} INFO - [2024-05-10T07:47:46.911+0000] {dag.py:3096} INFO - Sync 1 DAGs
[2024-05-10T07:47:46.931+0000] {logging_mixin.py:188} INFO - [2024-05-10T07:47:46.931+0000] {dag.py:3954} INFO - Setting next_dagrun for example_skip_dag to 2024-05-09 00:00:00+00:00, run_after=2024-05-10 00:00:00+00:00
[2024-05-10T07:47:46.957+0000] {processor.py:183} INFO - Processing /home/airflow/.local/lib/python3.12/site-packages/airflow/example_dags/example_skip_dag.py took 0.097 seconds
[2024-05-10T07:48:17.129+0000] {processor.py:161} INFO - Started process (PID=3018) to work on /home/airflow/.local/lib/python3.12/site-packages/airflow/example_dags/example_skip_dag.py
[2024-05-10T07:48:17.130+0000] {processor.py:830} INFO - Processing file /home/airflow/.local/lib/python3.12/site-packages/airflow/example_dags/example_skip_dag.py for tasks to queue
[2024-05-10T07:48:17.131+0000] {logging_mixin.py:188} INFO - [2024-05-10T07:48:17.130+0000] {dagbag.py:540} INFO - Filling up the DagBag from /home/airflow/.local/lib/python3.12/site-packages/airflow/example_dags/example_skip_dag.py
[2024-05-10T07:48:17.137+0000] {processor.py:840} INFO - DAG(s) 'example_skip_dag' retrieved from /home/airflow/.local/lib/python3.12/site-packages/airflow/example_dags/example_skip_dag.py
[2024-05-10T07:48:17.153+0000] {logging_mixin.py:188} INFO - [2024-05-10T07:48:17.153+0000] {dag.py:3096} INFO - Sync 1 DAGs
[2024-05-10T07:48:17.171+0000] {logging_mixin.py:188} INFO - [2024-05-10T07:48:17.170+0000] {dag.py:3954} INFO - Setting next_dagrun for example_skip_dag to 2024-05-09 00:00:00+00:00, run_after=2024-05-10 00:00:00+00:00
[2024-05-10T07:48:17.208+0000] {processor.py:183} INFO - Processing /home/airflow/.local/lib/python3.12/site-packages/airflow/example_dags/example_skip_dag.py took 0.086 seconds
[2024-05-10T07:48:47.861+0000] {processor.py:161} INFO - Started process (PID=3076) to work on /home/airflow/.local/lib/python3.12/site-packages/airflow/example_dags/example_skip_dag.py
[2024-05-10T07:48:47.863+0000] {processor.py:830} INFO - Processing file /home/airflow/.local/lib/python3.12/site-packages/airflow/example_dags/example_skip_dag.py for tasks to queue
[2024-05-10T07:48:47.864+0000] {logging_mixin.py:188} INFO - [2024-05-10T07:48:47.864+0000] {dagbag.py:540} INFO - Filling up the DagBag from /home/airflow/.local/lib/python3.12/site-packages/airflow/example_dags/example_skip_dag.py
[2024-05-10T07:48:47.870+0000] {processor.py:840} INFO - DAG(s) 'example_skip_dag' retrieved from /home/airflow/.local/lib/python3.12/site-packages/airflow/example_dags/example_skip_dag.py
[2024-05-10T07:48:47.889+0000] {logging_mixin.py:188} INFO - [2024-05-10T07:48:47.889+0000] {dag.py:3096} INFO - Sync 1 DAGs
[2024-05-10T07:48:47.908+0000] {logging_mixin.py:188} INFO - [2024-05-10T07:48:47.908+0000] {dag.py:3954} INFO - Setting next_dagrun for example_skip_dag to 2024-05-09 00:00:00+00:00, run_after=2024-05-10 00:00:00+00:00
[2024-05-10T07:48:47.955+0000] {processor.py:183} INFO - Processing /home/airflow/.local/lib/python3.12/site-packages/airflow/example_dags/example_skip_dag.py took 0.099 seconds
[2024-05-10T07:49:18.252+0000] {processor.py:161} INFO - Started process (PID=3134) to work on /home/airflow/.local/lib/python3.12/site-packages/airflow/example_dags/example_skip_dag.py
[2024-05-10T07:49:18.253+0000] {processor.py:830} INFO - Processing file /home/airflow/.local/lib/python3.12/site-packages/airflow/example_dags/example_skip_dag.py for tasks to queue
[2024-05-10T07:49:18.254+0000] {logging_mixin.py:188} INFO - [2024-05-10T07:49:18.254+0000] {dagbag.py:540} INFO - Filling up the DagBag from /home/airflow/.local/lib/python3.12/site-packages/airflow/example_dags/example_skip_dag.py
[2024-05-10T07:49:18.261+0000] {processor.py:840} INFO - DAG(s) 'example_skip_dag' retrieved from /home/airflow/.local/lib/python3.12/site-packages/airflow/example_dags/example_skip_dag.py
[2024-05-10T07:49:18.279+0000] {logging_mixin.py:188} INFO - [2024-05-10T07:49:18.278+0000] {dag.py:3096} INFO - Sync 1 DAGs
[2024-05-10T07:49:18.296+0000] {logging_mixin.py:188} INFO - [2024-05-10T07:49:18.296+0000] {dag.py:3954} INFO - Setting next_dagrun for example_skip_dag to 2024-05-09 00:00:00+00:00, run_after=2024-05-10 00:00:00+00:00
[2024-05-10T07:49:18.322+0000] {processor.py:183} INFO - Processing /home/airflow/.local/lib/python3.12/site-packages/airflow/example_dags/example_skip_dag.py took 0.079 seconds
[2024-05-10T07:49:48.462+0000] {processor.py:161} INFO - Started process (PID=3192) to work on /home/airflow/.local/lib/python3.12/site-packages/airflow/example_dags/example_skip_dag.py
[2024-05-10T07:49:48.463+0000] {processor.py:830} INFO - Processing file /home/airflow/.local/lib/python3.12/site-packages/airflow/example_dags/example_skip_dag.py for tasks to queue
[2024-05-10T07:49:48.465+0000] {logging_mixin.py:188} INFO - [2024-05-10T07:49:48.465+0000] {dagbag.py:540} INFO - Filling up the DagBag from /home/airflow/.local/lib/python3.12/site-packages/airflow/example_dags/example_skip_dag.py
[2024-05-10T07:49:48.472+0000] {processor.py:840} INFO - DAG(s) 'example_skip_dag' retrieved from /home/airflow/.local/lib/python3.12/site-packages/airflow/example_dags/example_skip_dag.py
[2024-05-10T07:49:48.496+0000] {logging_mixin.py:188} INFO - [2024-05-10T07:49:48.496+0000] {dag.py:3096} INFO - Sync 1 DAGs
[2024-05-10T07:49:48.520+0000] {logging_mixin.py:188} INFO - [2024-05-10T07:49:48.520+0000] {dag.py:3954} INFO - Setting next_dagrun for example_skip_dag to 2024-05-09 00:00:00+00:00, run_after=2024-05-10 00:00:00+00:00
[2024-05-10T07:49:48.557+0000] {processor.py:183} INFO - Processing /home/airflow/.local/lib/python3.12/site-packages/airflow/example_dags/example_skip_dag.py took 0.100 seconds
[2024-05-10T07:50:18.737+0000] {processor.py:161} INFO - Started process (PID=3250) to work on /home/airflow/.local/lib/python3.12/site-packages/airflow/example_dags/example_skip_dag.py
[2024-05-10T07:50:18.738+0000] {processor.py:830} INFO - Processing file /home/airflow/.local/lib/python3.12/site-packages/airflow/example_dags/example_skip_dag.py for tasks to queue
[2024-05-10T07:50:18.738+0000] {logging_mixin.py:188} INFO - [2024-05-10T07:50:18.738+0000] {dagbag.py:540} INFO - Filling up the DagBag from /home/airflow/.local/lib/python3.12/site-packages/airflow/example_dags/example_skip_dag.py
[2024-05-10T07:50:18.745+0000] {processor.py:840} INFO - DAG(s) 'example_skip_dag' retrieved from /home/airflow/.local/lib/python3.12/site-packages/airflow/example_dags/example_skip_dag.py
[2024-05-10T07:50:18.775+0000] {logging_mixin.py:188} INFO - [2024-05-10T07:50:18.775+0000] {dag.py:3096} INFO - Sync 1 DAGs
[2024-05-10T07:50:18.798+0000] {logging_mixin.py:188} INFO - [2024-05-10T07:50:18.798+0000] {dag.py:3954} INFO - Setting next_dagrun for example_skip_dag to 2024-05-09 00:00:00+00:00, run_after=2024-05-10 00:00:00+00:00
[2024-05-10T07:50:18.825+0000] {processor.py:183} INFO - Processing /home/airflow/.local/lib/python3.12/site-packages/airflow/example_dags/example_skip_dag.py took 0.094 seconds
[2024-05-10T07:50:49.522+0000] {processor.py:161} INFO - Started process (PID=3308) to work on /home/airflow/.local/lib/python3.12/site-packages/airflow/example_dags/example_skip_dag.py
[2024-05-10T07:50:49.523+0000] {processor.py:830} INFO - Processing file /home/airflow/.local/lib/python3.12/site-packages/airflow/example_dags/example_skip_dag.py for tasks to queue
[2024-05-10T07:50:49.524+0000] {logging_mixin.py:188} INFO - [2024-05-10T07:50:49.524+0000] {dagbag.py:540} INFO - Filling up the DagBag from /home/airflow/.local/lib/python3.12/site-packages/airflow/example_dags/example_skip_dag.py
[2024-05-10T07:50:49.531+0000] {processor.py:840} INFO - DAG(s) 'example_skip_dag' retrieved from /home/airflow/.local/lib/python3.12/site-packages/airflow/example_dags/example_skip_dag.py
[2024-05-10T07:50:49.548+0000] {logging_mixin.py:188} INFO - [2024-05-10T07:50:49.548+0000] {dag.py:3096} INFO - Sync 1 DAGs
[2024-05-10T07:50:49.565+0000] {logging_mixin.py:188} INFO - [2024-05-10T07:50:49.565+0000] {dag.py:3954} INFO - Setting next_dagrun for example_skip_dag to 2024-05-09 00:00:00+00:00, run_after=2024-05-10 00:00:00+00:00
[2024-05-10T07:50:49.616+0000] {processor.py:183} INFO - Processing /home/airflow/.local/lib/python3.12/site-packages/airflow/example_dags/example_skip_dag.py took 0.101 seconds
[2024-05-10T07:51:19.691+0000] {processor.py:161} INFO - Started process (PID=3365) to work on /home/airflow/.local/lib/python3.12/site-packages/airflow/example_dags/example_skip_dag.py
[2024-05-10T07:51:19.693+0000] {processor.py:830} INFO - Processing file /home/airflow/.local/lib/python3.12/site-packages/airflow/example_dags/example_skip_dag.py for tasks to queue
[2024-05-10T07:51:19.694+0000] {logging_mixin.py:188} INFO - [2024-05-10T07:51:19.694+0000] {dagbag.py:540} INFO - Filling up the DagBag from /home/airflow/.local/lib/python3.12/site-packages/airflow/example_dags/example_skip_dag.py
[2024-05-10T07:51:19.701+0000] {processor.py:840} INFO - DAG(s) 'example_skip_dag' retrieved from /home/airflow/.local/lib/python3.12/site-packages/airflow/example_dags/example_skip_dag.py
[2024-05-10T07:51:19.725+0000] {logging_mixin.py:188} INFO - [2024-05-10T07:51:19.725+0000] {dag.py:3096} INFO - Sync 1 DAGs
[2024-05-10T07:51:19.746+0000] {logging_mixin.py:188} INFO - [2024-05-10T07:51:19.746+0000] {dag.py:3954} INFO - Setting next_dagrun for example_skip_dag to 2024-05-09 00:00:00+00:00, run_after=2024-05-10 00:00:00+00:00
[2024-05-10T07:51:19.774+0000] {processor.py:183} INFO - Processing /home/airflow/.local/lib/python3.12/site-packages/airflow/example_dags/example_skip_dag.py took 0.087 seconds
[2024-05-10T07:51:50.115+0000] {processor.py:161} INFO - Started process (PID=3423) to work on /home/airflow/.local/lib/python3.12/site-packages/airflow/example_dags/example_skip_dag.py
[2024-05-10T07:51:50.116+0000] {processor.py:830} INFO - Processing file /home/airflow/.local/lib/python3.12/site-packages/airflow/example_dags/example_skip_dag.py for tasks to queue
[2024-05-10T07:51:50.116+0000] {logging_mixin.py:188} INFO - [2024-05-10T07:51:50.116+0000] {dagbag.py:540} INFO - Filling up the DagBag from /home/airflow/.local/lib/python3.12/site-packages/airflow/example_dags/example_skip_dag.py
[2024-05-10T07:51:50.124+0000] {processor.py:840} INFO - DAG(s) 'example_skip_dag' retrieved from /home/airflow/.local/lib/python3.12/site-packages/airflow/example_dags/example_skip_dag.py
[2024-05-10T07:51:50.143+0000] {logging_mixin.py:188} INFO - [2024-05-10T07:51:50.143+0000] {dag.py:3096} INFO - Sync 1 DAGs
[2024-05-10T07:51:50.162+0000] {logging_mixin.py:188} INFO - [2024-05-10T07:51:50.162+0000] {dag.py:3954} INFO - Setting next_dagrun for example_skip_dag to 2024-05-09 00:00:00+00:00, run_after=2024-05-10 00:00:00+00:00
[2024-05-10T07:51:50.199+0000] {processor.py:183} INFO - Processing /home/airflow/.local/lib/python3.12/site-packages/airflow/example_dags/example_skip_dag.py took 0.095 seconds
[2024-05-10T07:52:20.388+0000] {processor.py:161} INFO - Started process (PID=3481) to work on /home/airflow/.local/lib/python3.12/site-packages/airflow/example_dags/example_skip_dag.py
[2024-05-10T07:52:20.388+0000] {processor.py:830} INFO - Processing file /home/airflow/.local/lib/python3.12/site-packages/airflow/example_dags/example_skip_dag.py for tasks to queue
[2024-05-10T07:52:20.389+0000] {logging_mixin.py:188} INFO - [2024-05-10T07:52:20.389+0000] {dagbag.py:540} INFO - Filling up the DagBag from /home/airflow/.local/lib/python3.12/site-packages/airflow/example_dags/example_skip_dag.py
[2024-05-10T07:52:20.396+0000] {processor.py:840} INFO - DAG(s) 'example_skip_dag' retrieved from /home/airflow/.local/lib/python3.12/site-packages/airflow/example_dags/example_skip_dag.py
[2024-05-10T07:52:20.413+0000] {logging_mixin.py:188} INFO - [2024-05-10T07:52:20.413+0000] {dag.py:3096} INFO - Sync 1 DAGs
[2024-05-10T07:52:20.431+0000] {logging_mixin.py:188} INFO - [2024-05-10T07:52:20.431+0000] {dag.py:3954} INFO - Setting next_dagrun for example_skip_dag to 2024-05-09 00:00:00+00:00, run_after=2024-05-10 00:00:00+00:00
[2024-05-10T07:52:20.486+0000] {processor.py:183} INFO - Processing /home/airflow/.local/lib/python3.12/site-packages/airflow/example_dags/example_skip_dag.py took 0.106 seconds
[2024-05-10T07:52:50.519+0000] {processor.py:161} INFO - Started process (PID=3539) to work on /home/airflow/.local/lib/python3.12/site-packages/airflow/example_dags/example_skip_dag.py
[2024-05-10T07:52:50.520+0000] {processor.py:830} INFO - Processing file /home/airflow/.local/lib/python3.12/site-packages/airflow/example_dags/example_skip_dag.py for tasks to queue
[2024-05-10T07:52:50.521+0000] {logging_mixin.py:188} INFO - [2024-05-10T07:52:50.520+0000] {dagbag.py:540} INFO - Filling up the DagBag from /home/airflow/.local/lib/python3.12/site-packages/airflow/example_dags/example_skip_dag.py
[2024-05-10T07:52:50.527+0000] {processor.py:840} INFO - DAG(s) 'example_skip_dag' retrieved from /home/airflow/.local/lib/python3.12/site-packages/airflow/example_dags/example_skip_dag.py
[2024-05-10T07:52:50.552+0000] {logging_mixin.py:188} INFO - [2024-05-10T07:52:50.552+0000] {dag.py:3096} INFO - Sync 1 DAGs
[2024-05-10T07:52:50.571+0000] {logging_mixin.py:188} INFO - [2024-05-10T07:52:50.571+0000] {dag.py:3954} INFO - Setting next_dagrun for example_skip_dag to 2024-05-09 00:00:00+00:00, run_after=2024-05-10 00:00:00+00:00
[2024-05-10T07:52:50.596+0000] {processor.py:183} INFO - Processing /home/airflow/.local/lib/python3.12/site-packages/airflow/example_dags/example_skip_dag.py took 0.082 seconds
[2024-05-10T07:53:21.318+0000] {processor.py:161} INFO - Started process (PID=3596) to work on /home/airflow/.local/lib/python3.12/site-packages/airflow/example_dags/example_skip_dag.py
[2024-05-10T07:53:21.319+0000] {processor.py:830} INFO - Processing file /home/airflow/.local/lib/python3.12/site-packages/airflow/example_dags/example_skip_dag.py for tasks to queue
[2024-05-10T07:53:21.319+0000] {logging_mixin.py:188} INFO - [2024-05-10T07:53:21.319+0000] {dagbag.py:540} INFO - Filling up the DagBag from /home/airflow/.local/lib/python3.12/site-packages/airflow/example_dags/example_skip_dag.py
[2024-05-10T07:53:21.327+0000] {processor.py:840} INFO - DAG(s) 'example_skip_dag' retrieved from /home/airflow/.local/lib/python3.12/site-packages/airflow/example_dags/example_skip_dag.py
[2024-05-10T07:53:21.350+0000] {logging_mixin.py:188} INFO - [2024-05-10T07:53:21.349+0000] {dag.py:3096} INFO - Sync 1 DAGs
[2024-05-10T07:53:21.374+0000] {logging_mixin.py:188} INFO - [2024-05-10T07:53:21.373+0000] {dag.py:3954} INFO - Setting next_dagrun for example_skip_dag to 2024-05-09 00:00:00+00:00, run_after=2024-05-10 00:00:00+00:00
[2024-05-10T07:53:21.398+0000] {processor.py:183} INFO - Processing /home/airflow/.local/lib/python3.12/site-packages/airflow/example_dags/example_skip_dag.py took 0.088 seconds
[2024-05-10T07:53:51.812+0000] {processor.py:161} INFO - Started process (PID=3654) to work on /home/airflow/.local/lib/python3.12/site-packages/airflow/example_dags/example_skip_dag.py
[2024-05-10T07:53:51.813+0000] {processor.py:830} INFO - Processing file /home/airflow/.local/lib/python3.12/site-packages/airflow/example_dags/example_skip_dag.py for tasks to queue
[2024-05-10T07:53:51.814+0000] {logging_mixin.py:188} INFO - [2024-05-10T07:53:51.814+0000] {dagbag.py:540} INFO - Filling up the DagBag from /home/airflow/.local/lib/python3.12/site-packages/airflow/example_dags/example_skip_dag.py
[2024-05-10T07:53:51.822+0000] {processor.py:840} INFO - DAG(s) 'example_skip_dag' retrieved from /home/airflow/.local/lib/python3.12/site-packages/airflow/example_dags/example_skip_dag.py
[2024-05-10T07:53:51.840+0000] {logging_mixin.py:188} INFO - [2024-05-10T07:53:51.840+0000] {dag.py:3096} INFO - Sync 1 DAGs
[2024-05-10T07:53:51.859+0000] {logging_mixin.py:188} INFO - [2024-05-10T07:53:51.859+0000] {dag.py:3954} INFO - Setting next_dagrun for example_skip_dag to 2024-05-09 00:00:00+00:00, run_after=2024-05-10 00:00:00+00:00
[2024-05-10T07:53:51.900+0000] {processor.py:183} INFO - Processing /home/airflow/.local/lib/python3.12/site-packages/airflow/example_dags/example_skip_dag.py took 0.097 seconds
[2024-05-10T07:54:22.345+0000] {processor.py:161} INFO - Started process (PID=3711) to work on /home/airflow/.local/lib/python3.12/site-packages/airflow/example_dags/example_skip_dag.py
[2024-05-10T07:54:22.346+0000] {processor.py:830} INFO - Processing file /home/airflow/.local/lib/python3.12/site-packages/airflow/example_dags/example_skip_dag.py for tasks to queue
[2024-05-10T07:54:22.347+0000] {logging_mixin.py:188} INFO - [2024-05-10T07:54:22.346+0000] {dagbag.py:540} INFO - Filling up the DagBag from /home/airflow/.local/lib/python3.12/site-packages/airflow/example_dags/example_skip_dag.py
[2024-05-10T07:54:22.354+0000] {processor.py:840} INFO - DAG(s) 'example_skip_dag' retrieved from /home/airflow/.local/lib/python3.12/site-packages/airflow/example_dags/example_skip_dag.py
[2024-05-10T07:54:22.371+0000] {logging_mixin.py:188} INFO - [2024-05-10T07:54:22.371+0000] {dag.py:3096} INFO - Sync 1 DAGs
[2024-05-10T07:54:22.391+0000] {logging_mixin.py:188} INFO - [2024-05-10T07:54:22.390+0000] {dag.py:3954} INFO - Setting next_dagrun for example_skip_dag to 2024-05-09 00:00:00+00:00, run_after=2024-05-10 00:00:00+00:00
[2024-05-10T07:54:22.416+0000] {processor.py:183} INFO - Processing /home/airflow/.local/lib/python3.12/site-packages/airflow/example_dags/example_skip_dag.py took 0.080 seconds
[2024-05-10T07:54:52.924+0000] {processor.py:161} INFO - Started process (PID=3769) to work on /home/airflow/.local/lib/python3.12/site-packages/airflow/example_dags/example_skip_dag.py
[2024-05-10T07:54:52.924+0000] {processor.py:830} INFO - Processing file /home/airflow/.local/lib/python3.12/site-packages/airflow/example_dags/example_skip_dag.py for tasks to queue
[2024-05-10T07:54:52.925+0000] {logging_mixin.py:188} INFO - [2024-05-10T07:54:52.925+0000] {dagbag.py:540} INFO - Filling up the DagBag from /home/airflow/.local/lib/python3.12/site-packages/airflow/example_dags/example_skip_dag.py
[2024-05-10T07:54:52.931+0000] {processor.py:840} INFO - DAG(s) 'example_skip_dag' retrieved from /home/airflow/.local/lib/python3.12/site-packages/airflow/example_dags/example_skip_dag.py
[2024-05-10T07:54:52.951+0000] {logging_mixin.py:188} INFO - [2024-05-10T07:54:52.951+0000] {dag.py:3096} INFO - Sync 1 DAGs
[2024-05-10T07:54:52.971+0000] {logging_mixin.py:188} INFO - [2024-05-10T07:54:52.971+0000] {dag.py:3954} INFO - Setting next_dagrun for example_skip_dag to 2024-05-09 00:00:00+00:00, run_after=2024-05-10 00:00:00+00:00
[2024-05-10T07:54:52.994+0000] {processor.py:183} INFO - Processing /home/airflow/.local/lib/python3.12/site-packages/airflow/example_dags/example_skip_dag.py took 0.075 seconds
[2024-05-10T07:55:23.089+0000] {processor.py:161} INFO - Started process (PID=3827) to work on /home/airflow/.local/lib/python3.12/site-packages/airflow/example_dags/example_skip_dag.py
[2024-05-10T07:55:23.090+0000] {processor.py:830} INFO - Processing file /home/airflow/.local/lib/python3.12/site-packages/airflow/example_dags/example_skip_dag.py for tasks to queue
[2024-05-10T07:55:23.091+0000] {logging_mixin.py:188} INFO - [2024-05-10T07:55:23.090+0000] {dagbag.py:540} INFO - Filling up the DagBag from /home/airflow/.local/lib/python3.12/site-packages/airflow/example_dags/example_skip_dag.py
[2024-05-10T07:55:23.097+0000] {processor.py:840} INFO - DAG(s) 'example_skip_dag' retrieved from /home/airflow/.local/lib/python3.12/site-packages/airflow/example_dags/example_skip_dag.py
[2024-05-10T07:55:23.122+0000] {logging_mixin.py:188} INFO - [2024-05-10T07:55:23.121+0000] {dag.py:3096} INFO - Sync 1 DAGs
[2024-05-10T07:55:23.141+0000] {logging_mixin.py:188} INFO - [2024-05-10T07:55:23.141+0000] {dag.py:3954} INFO - Setting next_dagrun for example_skip_dag to 2024-05-09 00:00:00+00:00, run_after=2024-05-10 00:00:00+00:00
[2024-05-10T07:55:23.161+0000] {processor.py:183} INFO - Processing /home/airflow/.local/lib/python3.12/site-packages/airflow/example_dags/example_skip_dag.py took 0.077 seconds
