[2024-05-10T07:22:24.915+0000] {processor.py:161} INFO - Started process (PID=69) to work on /home/airflow/.local/lib/python3.12/site-packages/airflow/example_dags/tutorial.py
[2024-05-10T07:22:24.916+0000] {processor.py:830} INFO - Processing file /home/airflow/.local/lib/python3.12/site-packages/airflow/example_dags/tutorial.py for tasks to queue
[2024-05-10T07:22:24.924+0000] {logging_mixin.py:188} INFO - [2024-05-10T07:22:24.923+0000] {dagbag.py:540} INFO - Filling up the DagBag from /home/airflow/.local/lib/python3.12/site-packages/airflow/example_dags/tutorial.py
[2024-05-10T07:22:24.934+0000] {processor.py:840} INFO - DAG(s) 'tutorial' retrieved from /home/airflow/.local/lib/python3.12/site-packages/airflow/example_dags/tutorial.py
[2024-05-10T07:22:24.950+0000] {logging_mixin.py:188} INFO - [2024-05-10T07:22:24.950+0000] {dag.py:3096} INFO - Sync 1 DAGs
[2024-05-10T07:22:24.970+0000] {logging_mixin.py:188} INFO - [2024-05-10T07:22:24.970+0000] {dag.py:3954} INFO - Setting next_dagrun for tutorial to 2024-05-09 00:00:00+00:00, run_after=2024-05-10 00:00:00+00:00
[2024-05-10T07:22:24.997+0000] {processor.py:183} INFO - Processing /home/airflow/.local/lib/python3.12/site-packages/airflow/example_dags/tutorial.py took 0.087 seconds
[2024-05-10T07:22:57.367+0000] {processor.py:161} INFO - Started process (PID=127) to work on /home/airflow/.local/lib/python3.12/site-packages/airflow/example_dags/tutorial.py
[2024-05-10T07:22:57.368+0000] {processor.py:830} INFO - Processing file /home/airflow/.local/lib/python3.12/site-packages/airflow/example_dags/tutorial.py for tasks to queue
[2024-05-10T07:22:57.370+0000] {logging_mixin.py:188} INFO - [2024-05-10T07:22:57.370+0000] {dagbag.py:540} INFO - Filling up the DagBag from /home/airflow/.local/lib/python3.12/site-packages/airflow/example_dags/tutorial.py
[2024-05-10T07:22:57.375+0000] {processor.py:840} INFO - DAG(s) 'tutorial' retrieved from /home/airflow/.local/lib/python3.12/site-packages/airflow/example_dags/tutorial.py
[2024-05-10T07:22:57.463+0000] {logging_mixin.py:188} INFO - [2024-05-10T07:22:57.463+0000] {dag.py:3096} INFO - Sync 1 DAGs
[2024-05-10T07:22:57.479+0000] {logging_mixin.py:188} INFO - [2024-05-10T07:22:57.479+0000] {dag.py:3954} INFO - Setting next_dagrun for tutorial to 2024-05-09 00:00:00+00:00, run_after=2024-05-10 00:00:00+00:00
[2024-05-10T07:22:57.524+0000] {processor.py:183} INFO - Processing /home/airflow/.local/lib/python3.12/site-packages/airflow/example_dags/tutorial.py took 0.161 seconds
[2024-05-10T07:23:27.866+0000] {processor.py:161} INFO - Started process (PID=185) to work on /home/airflow/.local/lib/python3.12/site-packages/airflow/example_dags/tutorial.py
[2024-05-10T07:23:27.867+0000] {processor.py:830} INFO - Processing file /home/airflow/.local/lib/python3.12/site-packages/airflow/example_dags/tutorial.py for tasks to queue
[2024-05-10T07:23:27.869+0000] {logging_mixin.py:188} INFO - [2024-05-10T07:23:27.869+0000] {dagbag.py:540} INFO - Filling up the DagBag from /home/airflow/.local/lib/python3.12/site-packages/airflow/example_dags/tutorial.py
[2024-05-10T07:23:27.875+0000] {processor.py:840} INFO - DAG(s) 'tutorial' retrieved from /home/airflow/.local/lib/python3.12/site-packages/airflow/example_dags/tutorial.py
[2024-05-10T07:23:27.892+0000] {logging_mixin.py:188} INFO - [2024-05-10T07:23:27.891+0000] {dag.py:3096} INFO - Sync 1 DAGs
[2024-05-10T07:23:27.912+0000] {logging_mixin.py:188} INFO - [2024-05-10T07:23:27.912+0000] {dag.py:3954} INFO - Setting next_dagrun for tutorial to 2024-05-09 00:00:00+00:00, run_after=2024-05-10 00:00:00+00:00
[2024-05-10T07:23:27.941+0000] {processor.py:183} INFO - Processing /home/airflow/.local/lib/python3.12/site-packages/airflow/example_dags/tutorial.py took 0.082 seconds
[2024-05-10T07:23:58.393+0000] {processor.py:161} INFO - Started process (PID=243) to work on /home/airflow/.local/lib/python3.12/site-packages/airflow/example_dags/tutorial.py
[2024-05-10T07:23:58.394+0000] {processor.py:830} INFO - Processing file /home/airflow/.local/lib/python3.12/site-packages/airflow/example_dags/tutorial.py for tasks to queue
[2024-05-10T07:23:58.395+0000] {logging_mixin.py:188} INFO - [2024-05-10T07:23:58.395+0000] {dagbag.py:540} INFO - Filling up the DagBag from /home/airflow/.local/lib/python3.12/site-packages/airflow/example_dags/tutorial.py
[2024-05-10T07:23:58.400+0000] {processor.py:840} INFO - DAG(s) 'tutorial' retrieved from /home/airflow/.local/lib/python3.12/site-packages/airflow/example_dags/tutorial.py
[2024-05-10T07:23:58.415+0000] {logging_mixin.py:188} INFO - [2024-05-10T07:23:58.415+0000] {dag.py:3096} INFO - Sync 1 DAGs
[2024-05-10T07:23:58.433+0000] {logging_mixin.py:188} INFO - [2024-05-10T07:23:58.433+0000] {dag.py:3954} INFO - Setting next_dagrun for tutorial to 2024-05-09 00:00:00+00:00, run_after=2024-05-10 00:00:00+00:00
[2024-05-10T07:23:58.452+0000] {processor.py:183} INFO - Processing /home/airflow/.local/lib/python3.12/site-packages/airflow/example_dags/tutorial.py took 0.063 seconds
[2024-05-10T07:24:28.991+0000] {processor.py:161} INFO - Started process (PID=300) to work on /home/airflow/.local/lib/python3.12/site-packages/airflow/example_dags/tutorial.py
[2024-05-10T07:24:28.992+0000] {processor.py:830} INFO - Processing file /home/airflow/.local/lib/python3.12/site-packages/airflow/example_dags/tutorial.py for tasks to queue
[2024-05-10T07:24:28.993+0000] {logging_mixin.py:188} INFO - [2024-05-10T07:24:28.993+0000] {dagbag.py:540} INFO - Filling up the DagBag from /home/airflow/.local/lib/python3.12/site-packages/airflow/example_dags/tutorial.py
[2024-05-10T07:24:28.997+0000] {processor.py:840} INFO - DAG(s) 'tutorial' retrieved from /home/airflow/.local/lib/python3.12/site-packages/airflow/example_dags/tutorial.py
[2024-05-10T07:24:29.014+0000] {logging_mixin.py:188} INFO - [2024-05-10T07:24:29.014+0000] {dag.py:3096} INFO - Sync 1 DAGs
[2024-05-10T07:24:29.033+0000] {logging_mixin.py:188} INFO - [2024-05-10T07:24:29.033+0000] {dag.py:3954} INFO - Setting next_dagrun for tutorial to 2024-05-09 00:00:00+00:00, run_after=2024-05-10 00:00:00+00:00
[2024-05-10T07:24:29.052+0000] {processor.py:183} INFO - Processing /home/airflow/.local/lib/python3.12/site-packages/airflow/example_dags/tutorial.py took 0.066 seconds
[2024-05-10T07:24:59.383+0000] {processor.py:161} INFO - Started process (PID=357) to work on /home/airflow/.local/lib/python3.12/site-packages/airflow/example_dags/tutorial.py
[2024-05-10T07:24:59.383+0000] {processor.py:830} INFO - Processing file /home/airflow/.local/lib/python3.12/site-packages/airflow/example_dags/tutorial.py for tasks to queue
[2024-05-10T07:24:59.384+0000] {logging_mixin.py:188} INFO - [2024-05-10T07:24:59.384+0000] {dagbag.py:540} INFO - Filling up the DagBag from /home/airflow/.local/lib/python3.12/site-packages/airflow/example_dags/tutorial.py
[2024-05-10T07:24:59.389+0000] {processor.py:840} INFO - DAG(s) 'tutorial' retrieved from /home/airflow/.local/lib/python3.12/site-packages/airflow/example_dags/tutorial.py
[2024-05-10T07:24:59.410+0000] {logging_mixin.py:188} INFO - [2024-05-10T07:24:59.410+0000] {dag.py:3096} INFO - Sync 1 DAGs
[2024-05-10T07:24:59.428+0000] {logging_mixin.py:188} INFO - [2024-05-10T07:24:59.428+0000] {dag.py:3954} INFO - Setting next_dagrun for tutorial to 2024-05-09 00:00:00+00:00, run_after=2024-05-10 00:00:00+00:00
[2024-05-10T07:24:59.451+0000] {processor.py:183} INFO - Processing /home/airflow/.local/lib/python3.12/site-packages/airflow/example_dags/tutorial.py took 0.073 seconds
[2024-05-10T07:25:30.213+0000] {processor.py:161} INFO - Started process (PID=416) to work on /home/airflow/.local/lib/python3.12/site-packages/airflow/example_dags/tutorial.py
[2024-05-10T07:25:30.214+0000] {processor.py:830} INFO - Processing file /home/airflow/.local/lib/python3.12/site-packages/airflow/example_dags/tutorial.py for tasks to queue
[2024-05-10T07:25:30.215+0000] {logging_mixin.py:188} INFO - [2024-05-10T07:25:30.215+0000] {dagbag.py:540} INFO - Filling up the DagBag from /home/airflow/.local/lib/python3.12/site-packages/airflow/example_dags/tutorial.py
[2024-05-10T07:25:30.221+0000] {processor.py:840} INFO - DAG(s) 'tutorial' retrieved from /home/airflow/.local/lib/python3.12/site-packages/airflow/example_dags/tutorial.py
[2024-05-10T07:25:30.241+0000] {logging_mixin.py:188} INFO - [2024-05-10T07:25:30.241+0000] {dag.py:3096} INFO - Sync 1 DAGs
[2024-05-10T07:25:30.260+0000] {logging_mixin.py:188} INFO - [2024-05-10T07:25:30.260+0000] {dag.py:3954} INFO - Setting next_dagrun for tutorial to 2024-05-09 00:00:00+00:00, run_after=2024-05-10 00:00:00+00:00
[2024-05-10T07:25:30.285+0000] {processor.py:183} INFO - Processing /home/airflow/.local/lib/python3.12/site-packages/airflow/example_dags/tutorial.py took 0.076 seconds
[2024-05-10T07:26:01.226+0000] {processor.py:161} INFO - Started process (PID=474) to work on /home/airflow/.local/lib/python3.12/site-packages/airflow/example_dags/tutorial.py
[2024-05-10T07:26:01.227+0000] {processor.py:830} INFO - Processing file /home/airflow/.local/lib/python3.12/site-packages/airflow/example_dags/tutorial.py for tasks to queue
[2024-05-10T07:26:01.229+0000] {logging_mixin.py:188} INFO - [2024-05-10T07:26:01.228+0000] {dagbag.py:540} INFO - Filling up the DagBag from /home/airflow/.local/lib/python3.12/site-packages/airflow/example_dags/tutorial.py
[2024-05-10T07:26:01.233+0000] {processor.py:840} INFO - DAG(s) 'tutorial' retrieved from /home/airflow/.local/lib/python3.12/site-packages/airflow/example_dags/tutorial.py
[2024-05-10T07:26:01.249+0000] {logging_mixin.py:188} INFO - [2024-05-10T07:26:01.248+0000] {dag.py:3096} INFO - Sync 1 DAGs
[2024-05-10T07:26:01.266+0000] {logging_mixin.py:188} INFO - [2024-05-10T07:26:01.266+0000] {dag.py:3954} INFO - Setting next_dagrun for tutorial to 2024-05-09 00:00:00+00:00, run_after=2024-05-10 00:00:00+00:00
[2024-05-10T07:26:01.297+0000] {processor.py:183} INFO - Processing /home/airflow/.local/lib/python3.12/site-packages/airflow/example_dags/tutorial.py took 0.076 seconds
[2024-05-10T07:26:31.682+0000] {processor.py:161} INFO - Started process (PID=531) to work on /home/airflow/.local/lib/python3.12/site-packages/airflow/example_dags/tutorial.py
[2024-05-10T07:26:31.683+0000] {processor.py:830} INFO - Processing file /home/airflow/.local/lib/python3.12/site-packages/airflow/example_dags/tutorial.py for tasks to queue
[2024-05-10T07:26:31.684+0000] {logging_mixin.py:188} INFO - [2024-05-10T07:26:31.684+0000] {dagbag.py:540} INFO - Filling up the DagBag from /home/airflow/.local/lib/python3.12/site-packages/airflow/example_dags/tutorial.py
[2024-05-10T07:26:31.688+0000] {processor.py:840} INFO - DAG(s) 'tutorial' retrieved from /home/airflow/.local/lib/python3.12/site-packages/airflow/example_dags/tutorial.py
[2024-05-10T07:26:31.703+0000] {logging_mixin.py:188} INFO - [2024-05-10T07:26:31.703+0000] {dag.py:3096} INFO - Sync 1 DAGs
[2024-05-10T07:26:31.720+0000] {logging_mixin.py:188} INFO - [2024-05-10T07:26:31.719+0000] {dag.py:3954} INFO - Setting next_dagrun for tutorial to 2024-05-09 00:00:00+00:00, run_after=2024-05-10 00:00:00+00:00
[2024-05-10T07:26:31.758+0000] {processor.py:183} INFO - Processing /home/airflow/.local/lib/python3.12/site-packages/airflow/example_dags/tutorial.py took 0.080 seconds
[2024-05-10T07:27:02.149+0000] {processor.py:161} INFO - Started process (PID=589) to work on /home/airflow/.local/lib/python3.12/site-packages/airflow/example_dags/tutorial.py
[2024-05-10T07:27:02.149+0000] {processor.py:830} INFO - Processing file /home/airflow/.local/lib/python3.12/site-packages/airflow/example_dags/tutorial.py for tasks to queue
[2024-05-10T07:27:02.151+0000] {logging_mixin.py:188} INFO - [2024-05-10T07:27:02.150+0000] {dagbag.py:540} INFO - Filling up the DagBag from /home/airflow/.local/lib/python3.12/site-packages/airflow/example_dags/tutorial.py
[2024-05-10T07:27:02.155+0000] {processor.py:840} INFO - DAG(s) 'tutorial' retrieved from /home/airflow/.local/lib/python3.12/site-packages/airflow/example_dags/tutorial.py
[2024-05-10T07:27:02.170+0000] {logging_mixin.py:188} INFO - [2024-05-10T07:27:02.170+0000] {dag.py:3096} INFO - Sync 1 DAGs
[2024-05-10T07:27:02.190+0000] {logging_mixin.py:188} INFO - [2024-05-10T07:27:02.190+0000] {dag.py:3954} INFO - Setting next_dagrun for tutorial to 2024-05-09 00:00:00+00:00, run_after=2024-05-10 00:00:00+00:00
[2024-05-10T07:27:02.208+0000] {processor.py:183} INFO - Processing /home/airflow/.local/lib/python3.12/site-packages/airflow/example_dags/tutorial.py took 0.064 seconds
[2024-05-10T07:27:32.727+0000] {processor.py:161} INFO - Started process (PID=647) to work on /home/airflow/.local/lib/python3.12/site-packages/airflow/example_dags/tutorial.py
[2024-05-10T07:27:32.727+0000] {processor.py:830} INFO - Processing file /home/airflow/.local/lib/python3.12/site-packages/airflow/example_dags/tutorial.py for tasks to queue
[2024-05-10T07:27:32.729+0000] {logging_mixin.py:188} INFO - [2024-05-10T07:27:32.728+0000] {dagbag.py:540} INFO - Filling up the DagBag from /home/airflow/.local/lib/python3.12/site-packages/airflow/example_dags/tutorial.py
[2024-05-10T07:27:32.733+0000] {processor.py:840} INFO - DAG(s) 'tutorial' retrieved from /home/airflow/.local/lib/python3.12/site-packages/airflow/example_dags/tutorial.py
[2024-05-10T07:27:32.748+0000] {logging_mixin.py:188} INFO - [2024-05-10T07:27:32.748+0000] {dag.py:3096} INFO - Sync 1 DAGs
[2024-05-10T07:27:32.766+0000] {logging_mixin.py:188} INFO - [2024-05-10T07:27:32.766+0000] {dag.py:3954} INFO - Setting next_dagrun for tutorial to 2024-05-09 00:00:00+00:00, run_after=2024-05-10 00:00:00+00:00
[2024-05-10T07:27:32.785+0000] {processor.py:183} INFO - Processing /home/airflow/.local/lib/python3.12/site-packages/airflow/example_dags/tutorial.py took 0.063 seconds
[2024-05-10T07:28:02.990+0000] {processor.py:161} INFO - Started process (PID=705) to work on /home/airflow/.local/lib/python3.12/site-packages/airflow/example_dags/tutorial.py
[2024-05-10T07:28:02.991+0000] {processor.py:830} INFO - Processing file /home/airflow/.local/lib/python3.12/site-packages/airflow/example_dags/tutorial.py for tasks to queue
[2024-05-10T07:28:02.992+0000] {logging_mixin.py:188} INFO - [2024-05-10T07:28:02.992+0000] {dagbag.py:540} INFO - Filling up the DagBag from /home/airflow/.local/lib/python3.12/site-packages/airflow/example_dags/tutorial.py
[2024-05-10T07:28:02.997+0000] {processor.py:840} INFO - DAG(s) 'tutorial' retrieved from /home/airflow/.local/lib/python3.12/site-packages/airflow/example_dags/tutorial.py
[2024-05-10T07:28:03.014+0000] {logging_mixin.py:188} INFO - [2024-05-10T07:28:03.013+0000] {dag.py:3096} INFO - Sync 1 DAGs
[2024-05-10T07:28:03.037+0000] {logging_mixin.py:188} INFO - [2024-05-10T07:28:03.037+0000] {dag.py:3954} INFO - Setting next_dagrun for tutorial to 2024-05-09 00:00:00+00:00, run_after=2024-05-10 00:00:00+00:00
[2024-05-10T07:28:03.074+0000] {processor.py:183} INFO - Processing /home/airflow/.local/lib/python3.12/site-packages/airflow/example_dags/tutorial.py took 0.089 seconds
[2024-05-10T07:28:33.865+0000] {processor.py:161} INFO - Started process (PID=763) to work on /home/airflow/.local/lib/python3.12/site-packages/airflow/example_dags/tutorial.py
[2024-05-10T07:28:33.866+0000] {processor.py:830} INFO - Processing file /home/airflow/.local/lib/python3.12/site-packages/airflow/example_dags/tutorial.py for tasks to queue
[2024-05-10T07:28:33.867+0000] {logging_mixin.py:188} INFO - [2024-05-10T07:28:33.867+0000] {dagbag.py:540} INFO - Filling up the DagBag from /home/airflow/.local/lib/python3.12/site-packages/airflow/example_dags/tutorial.py
[2024-05-10T07:28:33.871+0000] {processor.py:840} INFO - DAG(s) 'tutorial' retrieved from /home/airflow/.local/lib/python3.12/site-packages/airflow/example_dags/tutorial.py
[2024-05-10T07:28:33.887+0000] {logging_mixin.py:188} INFO - [2024-05-10T07:28:33.886+0000] {dag.py:3096} INFO - Sync 1 DAGs
[2024-05-10T07:28:33.907+0000] {logging_mixin.py:188} INFO - [2024-05-10T07:28:33.907+0000] {dag.py:3954} INFO - Setting next_dagrun for tutorial to 2024-05-09 00:00:00+00:00, run_after=2024-05-10 00:00:00+00:00
[2024-05-10T07:28:33.942+0000] {processor.py:183} INFO - Processing /home/airflow/.local/lib/python3.12/site-packages/airflow/example_dags/tutorial.py took 0.082 seconds
[2024-05-10T07:29:04.150+0000] {processor.py:161} INFO - Started process (PID=821) to work on /home/airflow/.local/lib/python3.12/site-packages/airflow/example_dags/tutorial.py
[2024-05-10T07:29:04.151+0000] {processor.py:830} INFO - Processing file /home/airflow/.local/lib/python3.12/site-packages/airflow/example_dags/tutorial.py for tasks to queue
[2024-05-10T07:29:04.153+0000] {logging_mixin.py:188} INFO - [2024-05-10T07:29:04.152+0000] {dagbag.py:540} INFO - Filling up the DagBag from /home/airflow/.local/lib/python3.12/site-packages/airflow/example_dags/tutorial.py
[2024-05-10T07:29:04.157+0000] {processor.py:840} INFO - DAG(s) 'tutorial' retrieved from /home/airflow/.local/lib/python3.12/site-packages/airflow/example_dags/tutorial.py
[2024-05-10T07:29:04.172+0000] {logging_mixin.py:188} INFO - [2024-05-10T07:29:04.172+0000] {dag.py:3096} INFO - Sync 1 DAGs
[2024-05-10T07:29:04.190+0000] {logging_mixin.py:188} INFO - [2024-05-10T07:29:04.190+0000] {dag.py:3954} INFO - Setting next_dagrun for tutorial to 2024-05-09 00:00:00+00:00, run_after=2024-05-10 00:00:00+00:00
[2024-05-10T07:29:04.207+0000] {processor.py:183} INFO - Processing /home/airflow/.local/lib/python3.12/site-packages/airflow/example_dags/tutorial.py took 0.061 seconds
[2024-05-10T07:29:34.470+0000] {processor.py:161} INFO - Started process (PID=879) to work on /home/airflow/.local/lib/python3.12/site-packages/airflow/example_dags/tutorial.py
[2024-05-10T07:29:34.471+0000] {processor.py:830} INFO - Processing file /home/airflow/.local/lib/python3.12/site-packages/airflow/example_dags/tutorial.py for tasks to queue
[2024-05-10T07:29:34.472+0000] {logging_mixin.py:188} INFO - [2024-05-10T07:29:34.472+0000] {dagbag.py:540} INFO - Filling up the DagBag from /home/airflow/.local/lib/python3.12/site-packages/airflow/example_dags/tutorial.py
[2024-05-10T07:29:34.476+0000] {processor.py:840} INFO - DAG(s) 'tutorial' retrieved from /home/airflow/.local/lib/python3.12/site-packages/airflow/example_dags/tutorial.py
[2024-05-10T07:29:34.492+0000] {logging_mixin.py:188} INFO - [2024-05-10T07:29:34.491+0000] {dag.py:3096} INFO - Sync 1 DAGs
[2024-05-10T07:29:34.509+0000] {logging_mixin.py:188} INFO - [2024-05-10T07:29:34.509+0000] {dag.py:3954} INFO - Setting next_dagrun for tutorial to 2024-05-09 00:00:00+00:00, run_after=2024-05-10 00:00:00+00:00
[2024-05-10T07:29:34.529+0000] {processor.py:183} INFO - Processing /home/airflow/.local/lib/python3.12/site-packages/airflow/example_dags/tutorial.py took 0.064 seconds
[2024-05-10T07:30:05.158+0000] {processor.py:161} INFO - Started process (PID=937) to work on /home/airflow/.local/lib/python3.12/site-packages/airflow/example_dags/tutorial.py
[2024-05-10T07:30:05.158+0000] {processor.py:830} INFO - Processing file /home/airflow/.local/lib/python3.12/site-packages/airflow/example_dags/tutorial.py for tasks to queue
[2024-05-10T07:30:05.160+0000] {logging_mixin.py:188} INFO - [2024-05-10T07:30:05.160+0000] {dagbag.py:540} INFO - Filling up the DagBag from /home/airflow/.local/lib/python3.12/site-packages/airflow/example_dags/tutorial.py
[2024-05-10T07:30:05.164+0000] {processor.py:840} INFO - DAG(s) 'tutorial' retrieved from /home/airflow/.local/lib/python3.12/site-packages/airflow/example_dags/tutorial.py
[2024-05-10T07:30:05.180+0000] {logging_mixin.py:188} INFO - [2024-05-10T07:30:05.180+0000] {dag.py:3096} INFO - Sync 1 DAGs
[2024-05-10T07:30:05.197+0000] {logging_mixin.py:188} INFO - [2024-05-10T07:30:05.197+0000] {dag.py:3954} INFO - Setting next_dagrun for tutorial to 2024-05-09 00:00:00+00:00, run_after=2024-05-10 00:00:00+00:00
[2024-05-10T07:30:05.227+0000] {processor.py:183} INFO - Processing /home/airflow/.local/lib/python3.12/site-packages/airflow/example_dags/tutorial.py took 0.073 seconds
[2024-05-10T07:30:36.295+0000] {processor.py:161} INFO - Started process (PID=996) to work on /home/airflow/.local/lib/python3.12/site-packages/airflow/example_dags/tutorial.py
[2024-05-10T07:30:36.296+0000] {processor.py:830} INFO - Processing file /home/airflow/.local/lib/python3.12/site-packages/airflow/example_dags/tutorial.py for tasks to queue
[2024-05-10T07:30:36.297+0000] {logging_mixin.py:188} INFO - [2024-05-10T07:30:36.297+0000] {dagbag.py:540} INFO - Filling up the DagBag from /home/airflow/.local/lib/python3.12/site-packages/airflow/example_dags/tutorial.py
[2024-05-10T07:30:36.301+0000] {processor.py:840} INFO - DAG(s) 'tutorial' retrieved from /home/airflow/.local/lib/python3.12/site-packages/airflow/example_dags/tutorial.py
[2024-05-10T07:30:36.422+0000] {logging_mixin.py:188} INFO - [2024-05-10T07:30:36.422+0000] {dag.py:3096} INFO - Sync 1 DAGs
[2024-05-10T07:30:36.437+0000] {logging_mixin.py:188} INFO - [2024-05-10T07:30:36.437+0000] {dag.py:3954} INFO - Setting next_dagrun for tutorial to 2024-05-09 00:00:00+00:00, run_after=2024-05-10 00:00:00+00:00
[2024-05-10T07:30:36.451+0000] {processor.py:183} INFO - Processing /home/airflow/.local/lib/python3.12/site-packages/airflow/example_dags/tutorial.py took 0.160 seconds
[2024-05-10T07:31:07.439+0000] {processor.py:161} INFO - Started process (PID=1055) to work on /home/airflow/.local/lib/python3.12/site-packages/airflow/example_dags/tutorial.py
[2024-05-10T07:31:07.440+0000] {processor.py:830} INFO - Processing file /home/airflow/.local/lib/python3.12/site-packages/airflow/example_dags/tutorial.py for tasks to queue
[2024-05-10T07:31:07.441+0000] {logging_mixin.py:188} INFO - [2024-05-10T07:31:07.441+0000] {dagbag.py:540} INFO - Filling up the DagBag from /home/airflow/.local/lib/python3.12/site-packages/airflow/example_dags/tutorial.py
[2024-05-10T07:31:07.446+0000] {processor.py:840} INFO - DAG(s) 'tutorial' retrieved from /home/airflow/.local/lib/python3.12/site-packages/airflow/example_dags/tutorial.py
[2024-05-10T07:31:07.461+0000] {logging_mixin.py:188} INFO - [2024-05-10T07:31:07.460+0000] {dag.py:3096} INFO - Sync 1 DAGs
[2024-05-10T07:31:07.579+0000] {logging_mixin.py:188} INFO - [2024-05-10T07:31:07.578+0000] {dag.py:3954} INFO - Setting next_dagrun for tutorial to 2024-05-09 00:00:00+00:00, run_after=2024-05-10 00:00:00+00:00
[2024-05-10T07:31:07.595+0000] {processor.py:183} INFO - Processing /home/airflow/.local/lib/python3.12/site-packages/airflow/example_dags/tutorial.py took 0.161 seconds
[2024-05-10T07:31:38.080+0000] {processor.py:161} INFO - Started process (PID=1113) to work on /home/airflow/.local/lib/python3.12/site-packages/airflow/example_dags/tutorial.py
[2024-05-10T07:31:38.081+0000] {processor.py:830} INFO - Processing file /home/airflow/.local/lib/python3.12/site-packages/airflow/example_dags/tutorial.py for tasks to queue
[2024-05-10T07:31:38.082+0000] {logging_mixin.py:188} INFO - [2024-05-10T07:31:38.082+0000] {dagbag.py:540} INFO - Filling up the DagBag from /home/airflow/.local/lib/python3.12/site-packages/airflow/example_dags/tutorial.py
[2024-05-10T07:31:38.087+0000] {processor.py:840} INFO - DAG(s) 'tutorial' retrieved from /home/airflow/.local/lib/python3.12/site-packages/airflow/example_dags/tutorial.py
[2024-05-10T07:31:38.103+0000] {logging_mixin.py:188} INFO - [2024-05-10T07:31:38.102+0000] {dag.py:3096} INFO - Sync 1 DAGs
[2024-05-10T07:31:38.121+0000] {logging_mixin.py:188} INFO - [2024-05-10T07:31:38.121+0000] {dag.py:3954} INFO - Setting next_dagrun for tutorial to 2024-05-09 00:00:00+00:00, run_after=2024-05-10 00:00:00+00:00
[2024-05-10T07:31:38.139+0000] {processor.py:183} INFO - Processing /home/airflow/.local/lib/python3.12/site-packages/airflow/example_dags/tutorial.py took 0.064 seconds
[2024-05-10T07:32:08.992+0000] {processor.py:161} INFO - Started process (PID=1177) to work on /home/airflow/.local/lib/python3.12/site-packages/airflow/example_dags/tutorial.py
[2024-05-10T07:32:08.992+0000] {processor.py:830} INFO - Processing file /home/airflow/.local/lib/python3.12/site-packages/airflow/example_dags/tutorial.py for tasks to queue
[2024-05-10T07:32:08.994+0000] {logging_mixin.py:188} INFO - [2024-05-10T07:32:08.993+0000] {dagbag.py:540} INFO - Filling up the DagBag from /home/airflow/.local/lib/python3.12/site-packages/airflow/example_dags/tutorial.py
[2024-05-10T07:32:08.998+0000] {processor.py:840} INFO - DAG(s) 'tutorial' retrieved from /home/airflow/.local/lib/python3.12/site-packages/airflow/example_dags/tutorial.py
[2024-05-10T07:32:09.014+0000] {logging_mixin.py:188} INFO - [2024-05-10T07:32:09.014+0000] {dag.py:3096} INFO - Sync 1 DAGs
[2024-05-10T07:32:09.032+0000] {logging_mixin.py:188} INFO - [2024-05-10T07:32:09.032+0000] {dag.py:3954} INFO - Setting next_dagrun for tutorial to 2024-05-09 00:00:00+00:00, run_after=2024-05-10 00:00:00+00:00
[2024-05-10T07:32:09.052+0000] {processor.py:183} INFO - Processing /home/airflow/.local/lib/python3.12/site-packages/airflow/example_dags/tutorial.py took 0.064 seconds
[2024-05-10T07:32:39.580+0000] {processor.py:161} INFO - Started process (PID=1235) to work on /home/airflow/.local/lib/python3.12/site-packages/airflow/example_dags/tutorial.py
[2024-05-10T07:32:39.580+0000] {processor.py:830} INFO - Processing file /home/airflow/.local/lib/python3.12/site-packages/airflow/example_dags/tutorial.py for tasks to queue
[2024-05-10T07:32:39.581+0000] {logging_mixin.py:188} INFO - [2024-05-10T07:32:39.581+0000] {dagbag.py:540} INFO - Filling up the DagBag from /home/airflow/.local/lib/python3.12/site-packages/airflow/example_dags/tutorial.py
[2024-05-10T07:32:39.586+0000] {processor.py:840} INFO - DAG(s) 'tutorial' retrieved from /home/airflow/.local/lib/python3.12/site-packages/airflow/example_dags/tutorial.py
[2024-05-10T07:32:39.601+0000] {logging_mixin.py:188} INFO - [2024-05-10T07:32:39.601+0000] {dag.py:3096} INFO - Sync 1 DAGs
[2024-05-10T07:32:39.618+0000] {logging_mixin.py:188} INFO - [2024-05-10T07:32:39.618+0000] {dag.py:3954} INFO - Setting next_dagrun for tutorial to 2024-05-09 00:00:00+00:00, run_after=2024-05-10 00:00:00+00:00
[2024-05-10T07:32:39.643+0000] {processor.py:183} INFO - Processing /home/airflow/.local/lib/python3.12/site-packages/airflow/example_dags/tutorial.py took 0.068 seconds
[2024-05-10T07:33:10.362+0000] {processor.py:161} INFO - Started process (PID=1295) to work on /home/airflow/.local/lib/python3.12/site-packages/airflow/example_dags/tutorial.py
[2024-05-10T07:33:10.363+0000] {processor.py:830} INFO - Processing file /home/airflow/.local/lib/python3.12/site-packages/airflow/example_dags/tutorial.py for tasks to queue
[2024-05-10T07:33:10.364+0000] {logging_mixin.py:188} INFO - [2024-05-10T07:33:10.364+0000] {dagbag.py:540} INFO - Filling up the DagBag from /home/airflow/.local/lib/python3.12/site-packages/airflow/example_dags/tutorial.py
[2024-05-10T07:33:10.369+0000] {processor.py:840} INFO - DAG(s) 'tutorial' retrieved from /home/airflow/.local/lib/python3.12/site-packages/airflow/example_dags/tutorial.py
[2024-05-10T07:33:10.387+0000] {logging_mixin.py:188} INFO - [2024-05-10T07:33:10.387+0000] {dag.py:3096} INFO - Sync 1 DAGs
[2024-05-10T07:33:10.406+0000] {logging_mixin.py:188} INFO - [2024-05-10T07:33:10.406+0000] {dag.py:3954} INFO - Setting next_dagrun for tutorial to 2024-05-09 00:00:00+00:00, run_after=2024-05-10 00:00:00+00:00
[2024-05-10T07:33:10.429+0000] {processor.py:183} INFO - Processing /home/airflow/.local/lib/python3.12/site-packages/airflow/example_dags/tutorial.py took 0.072 seconds
[2024-05-10T07:33:40.737+0000] {processor.py:161} INFO - Started process (PID=1353) to work on /home/airflow/.local/lib/python3.12/site-packages/airflow/example_dags/tutorial.py
[2024-05-10T07:33:40.738+0000] {processor.py:830} INFO - Processing file /home/airflow/.local/lib/python3.12/site-packages/airflow/example_dags/tutorial.py for tasks to queue
[2024-05-10T07:33:40.739+0000] {logging_mixin.py:188} INFO - [2024-05-10T07:33:40.739+0000] {dagbag.py:540} INFO - Filling up the DagBag from /home/airflow/.local/lib/python3.12/site-packages/airflow/example_dags/tutorial.py
[2024-05-10T07:33:40.744+0000] {processor.py:840} INFO - DAG(s) 'tutorial' retrieved from /home/airflow/.local/lib/python3.12/site-packages/airflow/example_dags/tutorial.py
[2024-05-10T07:33:40.759+0000] {logging_mixin.py:188} INFO - [2024-05-10T07:33:40.759+0000] {dag.py:3096} INFO - Sync 1 DAGs
[2024-05-10T07:33:40.777+0000] {logging_mixin.py:188} INFO - [2024-05-10T07:33:40.777+0000] {dag.py:3954} INFO - Setting next_dagrun for tutorial to 2024-05-09 00:00:00+00:00, run_after=2024-05-10 00:00:00+00:00
[2024-05-10T07:33:40.807+0000] {processor.py:183} INFO - Processing /home/airflow/.local/lib/python3.12/site-packages/airflow/example_dags/tutorial.py took 0.075 seconds
[2024-05-10T07:34:11.683+0000] {processor.py:161} INFO - Started process (PID=1414) to work on /home/airflow/.local/lib/python3.12/site-packages/airflow/example_dags/tutorial.py
[2024-05-10T07:34:11.684+0000] {processor.py:830} INFO - Processing file /home/airflow/.local/lib/python3.12/site-packages/airflow/example_dags/tutorial.py for tasks to queue
[2024-05-10T07:34:11.686+0000] {logging_mixin.py:188} INFO - [2024-05-10T07:34:11.685+0000] {dagbag.py:540} INFO - Filling up the DagBag from /home/airflow/.local/lib/python3.12/site-packages/airflow/example_dags/tutorial.py
[2024-05-10T07:34:11.690+0000] {processor.py:840} INFO - DAG(s) 'tutorial' retrieved from /home/airflow/.local/lib/python3.12/site-packages/airflow/example_dags/tutorial.py
[2024-05-10T07:34:11.711+0000] {logging_mixin.py:188} INFO - [2024-05-10T07:34:11.710+0000] {dag.py:3096} INFO - Sync 1 DAGs
[2024-05-10T07:34:11.731+0000] {logging_mixin.py:188} INFO - [2024-05-10T07:34:11.731+0000] {dag.py:3954} INFO - Setting next_dagrun for tutorial to 2024-05-09 00:00:00+00:00, run_after=2024-05-10 00:00:00+00:00
[2024-05-10T07:34:11.751+0000] {processor.py:183} INFO - Processing /home/airflow/.local/lib/python3.12/site-packages/airflow/example_dags/tutorial.py took 0.074 seconds
[2024-05-10T07:34:42.225+0000] {processor.py:161} INFO - Started process (PID=1473) to work on /home/airflow/.local/lib/python3.12/site-packages/airflow/example_dags/tutorial.py
[2024-05-10T07:34:42.225+0000] {processor.py:830} INFO - Processing file /home/airflow/.local/lib/python3.12/site-packages/airflow/example_dags/tutorial.py for tasks to queue
[2024-05-10T07:34:42.227+0000] {logging_mixin.py:188} INFO - [2024-05-10T07:34:42.226+0000] {dagbag.py:540} INFO - Filling up the DagBag from /home/airflow/.local/lib/python3.12/site-packages/airflow/example_dags/tutorial.py
[2024-05-10T07:34:42.231+0000] {processor.py:840} INFO - DAG(s) 'tutorial' retrieved from /home/airflow/.local/lib/python3.12/site-packages/airflow/example_dags/tutorial.py
[2024-05-10T07:34:42.248+0000] {logging_mixin.py:188} INFO - [2024-05-10T07:34:42.248+0000] {dag.py:3096} INFO - Sync 1 DAGs
[2024-05-10T07:34:42.266+0000] {logging_mixin.py:188} INFO - [2024-05-10T07:34:42.265+0000] {dag.py:3954} INFO - Setting next_dagrun for tutorial to 2024-05-09 00:00:00+00:00, run_after=2024-05-10 00:00:00+00:00
[2024-05-10T07:34:42.285+0000] {processor.py:183} INFO - Processing /home/airflow/.local/lib/python3.12/site-packages/airflow/example_dags/tutorial.py took 0.065 seconds
[2024-05-10T07:35:12.938+0000] {processor.py:161} INFO - Started process (PID=1532) to work on /home/airflow/.local/lib/python3.12/site-packages/airflow/example_dags/tutorial.py
[2024-05-10T07:35:12.939+0000] {processor.py:830} INFO - Processing file /home/airflow/.local/lib/python3.12/site-packages/airflow/example_dags/tutorial.py for tasks to queue
[2024-05-10T07:35:12.940+0000] {logging_mixin.py:188} INFO - [2024-05-10T07:35:12.940+0000] {dagbag.py:540} INFO - Filling up the DagBag from /home/airflow/.local/lib/python3.12/site-packages/airflow/example_dags/tutorial.py
[2024-05-10T07:35:12.945+0000] {processor.py:840} INFO - DAG(s) 'tutorial' retrieved from /home/airflow/.local/lib/python3.12/site-packages/airflow/example_dags/tutorial.py
[2024-05-10T07:35:12.962+0000] {logging_mixin.py:188} INFO - [2024-05-10T07:35:12.961+0000] {dag.py:3096} INFO - Sync 1 DAGs
[2024-05-10T07:35:12.982+0000] {logging_mixin.py:188} INFO - [2024-05-10T07:35:12.981+0000] {dag.py:3954} INFO - Setting next_dagrun for tutorial to 2024-05-09 00:00:00+00:00, run_after=2024-05-10 00:00:00+00:00
[2024-05-10T07:35:13.007+0000] {processor.py:183} INFO - Processing /home/airflow/.local/lib/python3.12/site-packages/airflow/example_dags/tutorial.py took 0.074 seconds
[2024-05-10T07:35:43.882+0000] {processor.py:161} INFO - Started process (PID=1591) to work on /home/airflow/.local/lib/python3.12/site-packages/airflow/example_dags/tutorial.py
[2024-05-10T07:35:43.883+0000] {processor.py:830} INFO - Processing file /home/airflow/.local/lib/python3.12/site-packages/airflow/example_dags/tutorial.py for tasks to queue
[2024-05-10T07:35:43.884+0000] {logging_mixin.py:188} INFO - [2024-05-10T07:35:43.884+0000] {dagbag.py:540} INFO - Filling up the DagBag from /home/airflow/.local/lib/python3.12/site-packages/airflow/example_dags/tutorial.py
[2024-05-10T07:35:43.889+0000] {processor.py:840} INFO - DAG(s) 'tutorial' retrieved from /home/airflow/.local/lib/python3.12/site-packages/airflow/example_dags/tutorial.py
[2024-05-10T07:35:43.904+0000] {logging_mixin.py:188} INFO - [2024-05-10T07:35:43.904+0000] {dag.py:3096} INFO - Sync 1 DAGs
[2024-05-10T07:35:43.929+0000] {logging_mixin.py:188} INFO - [2024-05-10T07:35:43.929+0000] {dag.py:3954} INFO - Setting next_dagrun for tutorial to 2024-05-09 00:00:00+00:00, run_after=2024-05-10 00:00:00+00:00
[2024-05-10T07:35:43.952+0000] {processor.py:183} INFO - Processing /home/airflow/.local/lib/python3.12/site-packages/airflow/example_dags/tutorial.py took 0.075 seconds
[2024-05-10T07:36:14.214+0000] {processor.py:161} INFO - Started process (PID=1650) to work on /home/airflow/.local/lib/python3.12/site-packages/airflow/example_dags/tutorial.py
[2024-05-10T07:36:14.214+0000] {processor.py:830} INFO - Processing file /home/airflow/.local/lib/python3.12/site-packages/airflow/example_dags/tutorial.py for tasks to queue
[2024-05-10T07:36:14.216+0000] {logging_mixin.py:188} INFO - [2024-05-10T07:36:14.215+0000] {dagbag.py:540} INFO - Filling up the DagBag from /home/airflow/.local/lib/python3.12/site-packages/airflow/example_dags/tutorial.py
[2024-05-10T07:36:14.220+0000] {processor.py:840} INFO - DAG(s) 'tutorial' retrieved from /home/airflow/.local/lib/python3.12/site-packages/airflow/example_dags/tutorial.py
[2024-05-10T07:36:14.235+0000] {logging_mixin.py:188} INFO - [2024-05-10T07:36:14.235+0000] {dag.py:3096} INFO - Sync 1 DAGs
[2024-05-10T07:36:14.253+0000] {logging_mixin.py:188} INFO - [2024-05-10T07:36:14.253+0000] {dag.py:3954} INFO - Setting next_dagrun for tutorial to 2024-05-09 00:00:00+00:00, run_after=2024-05-10 00:00:00+00:00
[2024-05-10T07:36:14.273+0000] {processor.py:183} INFO - Processing /home/airflow/.local/lib/python3.12/site-packages/airflow/example_dags/tutorial.py took 0.064 seconds
[2024-05-10T07:36:44.338+0000] {processor.py:161} INFO - Started process (PID=1707) to work on /home/airflow/.local/lib/python3.12/site-packages/airflow/example_dags/tutorial.py
[2024-05-10T07:36:44.338+0000] {processor.py:830} INFO - Processing file /home/airflow/.local/lib/python3.12/site-packages/airflow/example_dags/tutorial.py for tasks to queue
[2024-05-10T07:36:44.340+0000] {logging_mixin.py:188} INFO - [2024-05-10T07:36:44.339+0000] {dagbag.py:540} INFO - Filling up the DagBag from /home/airflow/.local/lib/python3.12/site-packages/airflow/example_dags/tutorial.py
[2024-05-10T07:36:44.344+0000] {processor.py:840} INFO - DAG(s) 'tutorial' retrieved from /home/airflow/.local/lib/python3.12/site-packages/airflow/example_dags/tutorial.py
[2024-05-10T07:36:44.361+0000] {logging_mixin.py:188} INFO - [2024-05-10T07:36:44.360+0000] {dag.py:3096} INFO - Sync 1 DAGs
[2024-05-10T07:36:44.378+0000] {logging_mixin.py:188} INFO - [2024-05-10T07:36:44.378+0000] {dag.py:3954} INFO - Setting next_dagrun for tutorial to 2024-05-09 00:00:00+00:00, run_after=2024-05-10 00:00:00+00:00
[2024-05-10T07:36:44.398+0000] {processor.py:183} INFO - Processing /home/airflow/.local/lib/python3.12/site-packages/airflow/example_dags/tutorial.py took 0.065 seconds
[2024-05-10T07:37:15.466+0000] {processor.py:161} INFO - Started process (PID=1767) to work on /home/airflow/.local/lib/python3.12/site-packages/airflow/example_dags/tutorial.py
[2024-05-10T07:37:15.467+0000] {processor.py:830} INFO - Processing file /home/airflow/.local/lib/python3.12/site-packages/airflow/example_dags/tutorial.py for tasks to queue
[2024-05-10T07:37:15.469+0000] {logging_mixin.py:188} INFO - [2024-05-10T07:37:15.468+0000] {dagbag.py:540} INFO - Filling up the DagBag from /home/airflow/.local/lib/python3.12/site-packages/airflow/example_dags/tutorial.py
[2024-05-10T07:37:15.475+0000] {processor.py:840} INFO - DAG(s) 'tutorial' retrieved from /home/airflow/.local/lib/python3.12/site-packages/airflow/example_dags/tutorial.py
[2024-05-10T07:37:15.494+0000] {logging_mixin.py:188} INFO - [2024-05-10T07:37:15.493+0000] {dag.py:3096} INFO - Sync 1 DAGs
[2024-05-10T07:37:15.517+0000] {logging_mixin.py:188} INFO - [2024-05-10T07:37:15.516+0000] {dag.py:3954} INFO - Setting next_dagrun for tutorial to 2024-05-09 00:00:00+00:00, run_after=2024-05-10 00:00:00+00:00
[2024-05-10T07:37:15.568+0000] {processor.py:183} INFO - Processing /home/airflow/.local/lib/python3.12/site-packages/airflow/example_dags/tutorial.py took 0.108 seconds
[2024-05-10T07:37:45.632+0000] {processor.py:161} INFO - Started process (PID=1826) to work on /home/airflow/.local/lib/python3.12/site-packages/airflow/example_dags/tutorial.py
[2024-05-10T07:37:45.633+0000] {processor.py:830} INFO - Processing file /home/airflow/.local/lib/python3.12/site-packages/airflow/example_dags/tutorial.py for tasks to queue
[2024-05-10T07:37:45.634+0000] {logging_mixin.py:188} INFO - [2024-05-10T07:37:45.634+0000] {dagbag.py:540} INFO - Filling up the DagBag from /home/airflow/.local/lib/python3.12/site-packages/airflow/example_dags/tutorial.py
[2024-05-10T07:37:45.639+0000] {processor.py:840} INFO - DAG(s) 'tutorial' retrieved from /home/airflow/.local/lib/python3.12/site-packages/airflow/example_dags/tutorial.py
[2024-05-10T07:37:45.658+0000] {logging_mixin.py:188} INFO - [2024-05-10T07:37:45.658+0000] {dag.py:3096} INFO - Sync 1 DAGs
[2024-05-10T07:37:45.677+0000] {logging_mixin.py:188} INFO - [2024-05-10T07:37:45.677+0000] {dag.py:3954} INFO - Setting next_dagrun for tutorial to 2024-05-09 00:00:00+00:00, run_after=2024-05-10 00:00:00+00:00
[2024-05-10T07:37:45.697+0000] {processor.py:183} INFO - Processing /home/airflow/.local/lib/python3.12/site-packages/airflow/example_dags/tutorial.py took 0.069 seconds
[2024-05-10T07:38:16.407+0000] {processor.py:161} INFO - Started process (PID=1885) to work on /home/airflow/.local/lib/python3.12/site-packages/airflow/example_dags/tutorial.py
[2024-05-10T07:38:16.407+0000] {processor.py:830} INFO - Processing file /home/airflow/.local/lib/python3.12/site-packages/airflow/example_dags/tutorial.py for tasks to queue
[2024-05-10T07:38:16.408+0000] {logging_mixin.py:188} INFO - [2024-05-10T07:38:16.408+0000] {dagbag.py:540} INFO - Filling up the DagBag from /home/airflow/.local/lib/python3.12/site-packages/airflow/example_dags/tutorial.py
[2024-05-10T07:38:16.413+0000] {processor.py:840} INFO - DAG(s) 'tutorial' retrieved from /home/airflow/.local/lib/python3.12/site-packages/airflow/example_dags/tutorial.py
[2024-05-10T07:38:16.429+0000] {logging_mixin.py:188} INFO - [2024-05-10T07:38:16.429+0000] {dag.py:3096} INFO - Sync 1 DAGs
[2024-05-10T07:38:16.450+0000] {logging_mixin.py:188} INFO - [2024-05-10T07:38:16.449+0000] {dag.py:3954} INFO - Setting next_dagrun for tutorial to 2024-05-09 00:00:00+00:00, run_after=2024-05-10 00:00:00+00:00
[2024-05-10T07:38:16.476+0000] {processor.py:183} INFO - Processing /home/airflow/.local/lib/python3.12/site-packages/airflow/example_dags/tutorial.py took 0.075 seconds
[2024-05-10T07:38:47.049+0000] {processor.py:161} INFO - Started process (PID=1943) to work on /home/airflow/.local/lib/python3.12/site-packages/airflow/example_dags/tutorial.py
[2024-05-10T07:38:47.050+0000] {processor.py:830} INFO - Processing file /home/airflow/.local/lib/python3.12/site-packages/airflow/example_dags/tutorial.py for tasks to queue
[2024-05-10T07:38:47.052+0000] {logging_mixin.py:188} INFO - [2024-05-10T07:38:47.051+0000] {dagbag.py:540} INFO - Filling up the DagBag from /home/airflow/.local/lib/python3.12/site-packages/airflow/example_dags/tutorial.py
[2024-05-10T07:38:47.056+0000] {processor.py:840} INFO - DAG(s) 'tutorial' retrieved from /home/airflow/.local/lib/python3.12/site-packages/airflow/example_dags/tutorial.py
[2024-05-10T07:38:47.073+0000] {logging_mixin.py:188} INFO - [2024-05-10T07:38:47.072+0000] {dag.py:3096} INFO - Sync 1 DAGs
[2024-05-10T07:38:47.091+0000] {logging_mixin.py:188} INFO - [2024-05-10T07:38:47.090+0000] {dag.py:3954} INFO - Setting next_dagrun for tutorial to 2024-05-09 00:00:00+00:00, run_after=2024-05-10 00:00:00+00:00
[2024-05-10T07:38:47.179+0000] {processor.py:183} INFO - Processing /home/airflow/.local/lib/python3.12/site-packages/airflow/example_dags/tutorial.py took 0.135 seconds
[2024-05-10T07:39:18.138+0000] {processor.py:161} INFO - Started process (PID=2002) to work on /home/airflow/.local/lib/python3.12/site-packages/airflow/example_dags/tutorial.py
[2024-05-10T07:39:18.140+0000] {processor.py:830} INFO - Processing file /home/airflow/.local/lib/python3.12/site-packages/airflow/example_dags/tutorial.py for tasks to queue
[2024-05-10T07:39:18.141+0000] {logging_mixin.py:188} INFO - [2024-05-10T07:39:18.141+0000] {dagbag.py:540} INFO - Filling up the DagBag from /home/airflow/.local/lib/python3.12/site-packages/airflow/example_dags/tutorial.py
[2024-05-10T07:39:18.145+0000] {processor.py:840} INFO - DAG(s) 'tutorial' retrieved from /home/airflow/.local/lib/python3.12/site-packages/airflow/example_dags/tutorial.py
[2024-05-10T07:39:18.162+0000] {logging_mixin.py:188} INFO - [2024-05-10T07:39:18.161+0000] {dag.py:3096} INFO - Sync 1 DAGs
[2024-05-10T07:39:18.180+0000] {logging_mixin.py:188} INFO - [2024-05-10T07:39:18.180+0000] {dag.py:3954} INFO - Setting next_dagrun for tutorial to 2024-05-09 00:00:00+00:00, run_after=2024-05-10 00:00:00+00:00
[2024-05-10T07:39:18.196+0000] {processor.py:183} INFO - Processing /home/airflow/.local/lib/python3.12/site-packages/airflow/example_dags/tutorial.py took 0.063 seconds
[2024-05-10T07:39:48.297+0000] {processor.py:161} INFO - Started process (PID=2060) to work on /home/airflow/.local/lib/python3.12/site-packages/airflow/example_dags/tutorial.py
[2024-05-10T07:39:48.297+0000] {processor.py:830} INFO - Processing file /home/airflow/.local/lib/python3.12/site-packages/airflow/example_dags/tutorial.py for tasks to queue
[2024-05-10T07:39:48.299+0000] {logging_mixin.py:188} INFO - [2024-05-10T07:39:48.299+0000] {dagbag.py:540} INFO - Filling up the DagBag from /home/airflow/.local/lib/python3.12/site-packages/airflow/example_dags/tutorial.py
[2024-05-10T07:39:48.304+0000] {processor.py:840} INFO - DAG(s) 'tutorial' retrieved from /home/airflow/.local/lib/python3.12/site-packages/airflow/example_dags/tutorial.py
[2024-05-10T07:39:48.320+0000] {logging_mixin.py:188} INFO - [2024-05-10T07:39:48.320+0000] {dag.py:3096} INFO - Sync 1 DAGs
[2024-05-10T07:39:48.338+0000] {logging_mixin.py:188} INFO - [2024-05-10T07:39:48.337+0000] {dag.py:3954} INFO - Setting next_dagrun for tutorial to 2024-05-09 00:00:00+00:00, run_after=2024-05-10 00:00:00+00:00
[2024-05-10T07:39:48.363+0000] {processor.py:183} INFO - Processing /home/airflow/.local/lib/python3.12/site-packages/airflow/example_dags/tutorial.py took 0.073 seconds
[2024-05-10T07:40:19.150+0000] {processor.py:161} INFO - Started process (PID=2119) to work on /home/airflow/.local/lib/python3.12/site-packages/airflow/example_dags/tutorial.py
[2024-05-10T07:40:19.151+0000] {processor.py:830} INFO - Processing file /home/airflow/.local/lib/python3.12/site-packages/airflow/example_dags/tutorial.py for tasks to queue
[2024-05-10T07:40:19.153+0000] {logging_mixin.py:188} INFO - [2024-05-10T07:40:19.152+0000] {dagbag.py:540} INFO - Filling up the DagBag from /home/airflow/.local/lib/python3.12/site-packages/airflow/example_dags/tutorial.py
[2024-05-10T07:40:19.157+0000] {processor.py:840} INFO - DAG(s) 'tutorial' retrieved from /home/airflow/.local/lib/python3.12/site-packages/airflow/example_dags/tutorial.py
[2024-05-10T07:40:19.173+0000] {logging_mixin.py:188} INFO - [2024-05-10T07:40:19.173+0000] {dag.py:3096} INFO - Sync 1 DAGs
[2024-05-10T07:40:19.192+0000] {logging_mixin.py:188} INFO - [2024-05-10T07:40:19.192+0000] {dag.py:3954} INFO - Setting next_dagrun for tutorial to 2024-05-09 00:00:00+00:00, run_after=2024-05-10 00:00:00+00:00
[2024-05-10T07:40:19.218+0000] {processor.py:183} INFO - Processing /home/airflow/.local/lib/python3.12/site-packages/airflow/example_dags/tutorial.py took 0.073 seconds
[2024-05-10T07:40:49.737+0000] {processor.py:161} INFO - Started process (PID=2178) to work on /home/airflow/.local/lib/python3.12/site-packages/airflow/example_dags/tutorial.py
[2024-05-10T07:40:49.738+0000] {processor.py:830} INFO - Processing file /home/airflow/.local/lib/python3.12/site-packages/airflow/example_dags/tutorial.py for tasks to queue
[2024-05-10T07:40:49.739+0000] {logging_mixin.py:188} INFO - [2024-05-10T07:40:49.739+0000] {dagbag.py:540} INFO - Filling up the DagBag from /home/airflow/.local/lib/python3.12/site-packages/airflow/example_dags/tutorial.py
[2024-05-10T07:40:49.743+0000] {processor.py:840} INFO - DAG(s) 'tutorial' retrieved from /home/airflow/.local/lib/python3.12/site-packages/airflow/example_dags/tutorial.py
[2024-05-10T07:40:49.760+0000] {logging_mixin.py:188} INFO - [2024-05-10T07:40:49.759+0000] {dag.py:3096} INFO - Sync 1 DAGs
[2024-05-10T07:40:49.778+0000] {logging_mixin.py:188} INFO - [2024-05-10T07:40:49.778+0000] {dag.py:3954} INFO - Setting next_dagrun for tutorial to 2024-05-09 00:00:00+00:00, run_after=2024-05-10 00:00:00+00:00
[2024-05-10T07:40:49.796+0000] {processor.py:183} INFO - Processing /home/airflow/.local/lib/python3.12/site-packages/airflow/example_dags/tutorial.py took 0.064 seconds
[2024-05-10T07:41:20.548+0000] {processor.py:161} INFO - Started process (PID=2237) to work on /home/airflow/.local/lib/python3.12/site-packages/airflow/example_dags/tutorial.py
[2024-05-10T07:41:20.550+0000] {processor.py:830} INFO - Processing file /home/airflow/.local/lib/python3.12/site-packages/airflow/example_dags/tutorial.py for tasks to queue
[2024-05-10T07:41:20.551+0000] {logging_mixin.py:188} INFO - [2024-05-10T07:41:20.551+0000] {dagbag.py:540} INFO - Filling up the DagBag from /home/airflow/.local/lib/python3.12/site-packages/airflow/example_dags/tutorial.py
[2024-05-10T07:41:20.556+0000] {processor.py:840} INFO - DAG(s) 'tutorial' retrieved from /home/airflow/.local/lib/python3.12/site-packages/airflow/example_dags/tutorial.py
[2024-05-10T07:41:20.572+0000] {logging_mixin.py:188} INFO - [2024-05-10T07:41:20.572+0000] {dag.py:3096} INFO - Sync 1 DAGs
[2024-05-10T07:41:20.591+0000] {logging_mixin.py:188} INFO - [2024-05-10T07:41:20.591+0000] {dag.py:3954} INFO - Setting next_dagrun for tutorial to 2024-05-09 00:00:00+00:00, run_after=2024-05-10 00:00:00+00:00
[2024-05-10T07:41:20.643+0000] {processor.py:183} INFO - Processing /home/airflow/.local/lib/python3.12/site-packages/airflow/example_dags/tutorial.py took 0.099 seconds
[2024-05-10T07:41:50.737+0000] {processor.py:161} INFO - Started process (PID=2296) to work on /home/airflow/.local/lib/python3.12/site-packages/airflow/example_dags/tutorial.py
[2024-05-10T07:41:50.738+0000] {processor.py:830} INFO - Processing file /home/airflow/.local/lib/python3.12/site-packages/airflow/example_dags/tutorial.py for tasks to queue
[2024-05-10T07:41:50.739+0000] {logging_mixin.py:188} INFO - [2024-05-10T07:41:50.739+0000] {dagbag.py:540} INFO - Filling up the DagBag from /home/airflow/.local/lib/python3.12/site-packages/airflow/example_dags/tutorial.py
[2024-05-10T07:41:50.744+0000] {processor.py:840} INFO - DAG(s) 'tutorial' retrieved from /home/airflow/.local/lib/python3.12/site-packages/airflow/example_dags/tutorial.py
[2024-05-10T07:41:50.760+0000] {logging_mixin.py:188} INFO - [2024-05-10T07:41:50.759+0000] {dag.py:3096} INFO - Sync 1 DAGs
[2024-05-10T07:41:50.776+0000] {logging_mixin.py:188} INFO - [2024-05-10T07:41:50.776+0000] {dag.py:3954} INFO - Setting next_dagrun for tutorial to 2024-05-09 00:00:00+00:00, run_after=2024-05-10 00:00:00+00:00
[2024-05-10T07:41:50.807+0000] {processor.py:183} INFO - Processing /home/airflow/.local/lib/python3.12/site-packages/airflow/example_dags/tutorial.py took 0.075 seconds
[2024-05-10T07:42:20.928+0000] {processor.py:161} INFO - Started process (PID=2353) to work on /home/airflow/.local/lib/python3.12/site-packages/airflow/example_dags/tutorial.py
[2024-05-10T07:42:20.928+0000] {processor.py:830} INFO - Processing file /home/airflow/.local/lib/python3.12/site-packages/airflow/example_dags/tutorial.py for tasks to queue
[2024-05-10T07:42:20.930+0000] {logging_mixin.py:188} INFO - [2024-05-10T07:42:20.929+0000] {dagbag.py:540} INFO - Filling up the DagBag from /home/airflow/.local/lib/python3.12/site-packages/airflow/example_dags/tutorial.py
[2024-05-10T07:42:20.934+0000] {processor.py:840} INFO - DAG(s) 'tutorial' retrieved from /home/airflow/.local/lib/python3.12/site-packages/airflow/example_dags/tutorial.py
[2024-05-10T07:42:20.950+0000] {logging_mixin.py:188} INFO - [2024-05-10T07:42:20.950+0000] {dag.py:3096} INFO - Sync 1 DAGs
[2024-05-10T07:42:20.968+0000] {logging_mixin.py:188} INFO - [2024-05-10T07:42:20.968+0000] {dag.py:3954} INFO - Setting next_dagrun for tutorial to 2024-05-09 00:00:00+00:00, run_after=2024-05-10 00:00:00+00:00
[2024-05-10T07:42:20.996+0000] {processor.py:183} INFO - Processing /home/airflow/.local/lib/python3.12/site-packages/airflow/example_dags/tutorial.py took 0.073 seconds
[2024-05-10T07:42:51.897+0000] {processor.py:161} INFO - Started process (PID=2413) to work on /home/airflow/.local/lib/python3.12/site-packages/airflow/example_dags/tutorial.py
[2024-05-10T07:42:51.897+0000] {processor.py:830} INFO - Processing file /home/airflow/.local/lib/python3.12/site-packages/airflow/example_dags/tutorial.py for tasks to queue
[2024-05-10T07:42:51.899+0000] {logging_mixin.py:188} INFO - [2024-05-10T07:42:51.898+0000] {dagbag.py:540} INFO - Filling up the DagBag from /home/airflow/.local/lib/python3.12/site-packages/airflow/example_dags/tutorial.py
[2024-05-10T07:42:51.903+0000] {processor.py:840} INFO - DAG(s) 'tutorial' retrieved from /home/airflow/.local/lib/python3.12/site-packages/airflow/example_dags/tutorial.py
[2024-05-10T07:42:51.919+0000] {logging_mixin.py:188} INFO - [2024-05-10T07:42:51.919+0000] {dag.py:3096} INFO - Sync 1 DAGs
[2024-05-10T07:42:51.938+0000] {logging_mixin.py:188} INFO - [2024-05-10T07:42:51.938+0000] {dag.py:3954} INFO - Setting next_dagrun for tutorial to 2024-05-09 00:00:00+00:00, run_after=2024-05-10 00:00:00+00:00
[2024-05-10T07:42:51.963+0000] {processor.py:183} INFO - Processing /home/airflow/.local/lib/python3.12/site-packages/airflow/example_dags/tutorial.py took 0.072 seconds
[2024-05-10T07:43:22.282+0000] {processor.py:161} INFO - Started process (PID=2471) to work on /home/airflow/.local/lib/python3.12/site-packages/airflow/example_dags/tutorial.py
[2024-05-10T07:43:22.283+0000] {processor.py:830} INFO - Processing file /home/airflow/.local/lib/python3.12/site-packages/airflow/example_dags/tutorial.py for tasks to queue
[2024-05-10T07:43:22.284+0000] {logging_mixin.py:188} INFO - [2024-05-10T07:43:22.284+0000] {dagbag.py:540} INFO - Filling up the DagBag from /home/airflow/.local/lib/python3.12/site-packages/airflow/example_dags/tutorial.py
[2024-05-10T07:43:22.288+0000] {processor.py:840} INFO - DAG(s) 'tutorial' retrieved from /home/airflow/.local/lib/python3.12/site-packages/airflow/example_dags/tutorial.py
[2024-05-10T07:43:22.304+0000] {logging_mixin.py:188} INFO - [2024-05-10T07:43:22.304+0000] {dag.py:3096} INFO - Sync 1 DAGs
[2024-05-10T07:43:22.321+0000] {logging_mixin.py:188} INFO - [2024-05-10T07:43:22.321+0000] {dag.py:3954} INFO - Setting next_dagrun for tutorial to 2024-05-09 00:00:00+00:00, run_after=2024-05-10 00:00:00+00:00
[2024-05-10T07:43:22.352+0000] {processor.py:183} INFO - Processing /home/airflow/.local/lib/python3.12/site-packages/airflow/example_dags/tutorial.py took 0.075 seconds
[2024-05-10T07:43:52.836+0000] {processor.py:161} INFO - Started process (PID=2530) to work on /home/airflow/.local/lib/python3.12/site-packages/airflow/example_dags/tutorial.py
[2024-05-10T07:43:52.837+0000] {processor.py:830} INFO - Processing file /home/airflow/.local/lib/python3.12/site-packages/airflow/example_dags/tutorial.py for tasks to queue
[2024-05-10T07:43:52.838+0000] {logging_mixin.py:188} INFO - [2024-05-10T07:43:52.838+0000] {dagbag.py:540} INFO - Filling up the DagBag from /home/airflow/.local/lib/python3.12/site-packages/airflow/example_dags/tutorial.py
[2024-05-10T07:43:52.843+0000] {processor.py:840} INFO - DAG(s) 'tutorial' retrieved from /home/airflow/.local/lib/python3.12/site-packages/airflow/example_dags/tutorial.py
[2024-05-10T07:43:52.858+0000] {logging_mixin.py:188} INFO - [2024-05-10T07:43:52.858+0000] {dag.py:3096} INFO - Sync 1 DAGs
[2024-05-10T07:43:52.875+0000] {logging_mixin.py:188} INFO - [2024-05-10T07:43:52.875+0000] {dag.py:3954} INFO - Setting next_dagrun for tutorial to 2024-05-09 00:00:00+00:00, run_after=2024-05-10 00:00:00+00:00
[2024-05-10T07:43:52.895+0000] {processor.py:183} INFO - Processing /home/airflow/.local/lib/python3.12/site-packages/airflow/example_dags/tutorial.py took 0.063 seconds
[2024-05-10T07:44:23.539+0000] {processor.py:161} INFO - Started process (PID=2589) to work on /home/airflow/.local/lib/python3.12/site-packages/airflow/example_dags/tutorial.py
[2024-05-10T07:44:23.540+0000] {processor.py:830} INFO - Processing file /home/airflow/.local/lib/python3.12/site-packages/airflow/example_dags/tutorial.py for tasks to queue
[2024-05-10T07:44:23.541+0000] {logging_mixin.py:188} INFO - [2024-05-10T07:44:23.541+0000] {dagbag.py:540} INFO - Filling up the DagBag from /home/airflow/.local/lib/python3.12/site-packages/airflow/example_dags/tutorial.py
[2024-05-10T07:44:23.546+0000] {processor.py:840} INFO - DAG(s) 'tutorial' retrieved from /home/airflow/.local/lib/python3.12/site-packages/airflow/example_dags/tutorial.py
[2024-05-10T07:44:23.560+0000] {logging_mixin.py:188} INFO - [2024-05-10T07:44:23.560+0000] {dag.py:3096} INFO - Sync 1 DAGs
[2024-05-10T07:44:23.578+0000] {logging_mixin.py:188} INFO - [2024-05-10T07:44:23.578+0000] {dag.py:3954} INFO - Setting next_dagrun for tutorial to 2024-05-09 00:00:00+00:00, run_after=2024-05-10 00:00:00+00:00
[2024-05-10T07:44:23.595+0000] {processor.py:183} INFO - Processing /home/airflow/.local/lib/python3.12/site-packages/airflow/example_dags/tutorial.py took 0.061 seconds
[2024-05-10T07:44:53.903+0000] {processor.py:161} INFO - Started process (PID=2648) to work on /home/airflow/.local/lib/python3.12/site-packages/airflow/example_dags/tutorial.py
[2024-05-10T07:44:53.903+0000] {processor.py:830} INFO - Processing file /home/airflow/.local/lib/python3.12/site-packages/airflow/example_dags/tutorial.py for tasks to queue
[2024-05-10T07:44:53.904+0000] {logging_mixin.py:188} INFO - [2024-05-10T07:44:53.904+0000] {dagbag.py:540} INFO - Filling up the DagBag from /home/airflow/.local/lib/python3.12/site-packages/airflow/example_dags/tutorial.py
[2024-05-10T07:44:53.909+0000] {processor.py:840} INFO - DAG(s) 'tutorial' retrieved from /home/airflow/.local/lib/python3.12/site-packages/airflow/example_dags/tutorial.py
[2024-05-10T07:44:53.924+0000] {logging_mixin.py:188} INFO - [2024-05-10T07:44:53.924+0000] {dag.py:3096} INFO - Sync 1 DAGs
[2024-05-10T07:44:53.941+0000] {logging_mixin.py:188} INFO - [2024-05-10T07:44:53.941+0000] {dag.py:3954} INFO - Setting next_dagrun for tutorial to 2024-05-09 00:00:00+00:00, run_after=2024-05-10 00:00:00+00:00
[2024-05-10T07:44:53.962+0000] {processor.py:183} INFO - Processing /home/airflow/.local/lib/python3.12/site-packages/airflow/example_dags/tutorial.py took 0.064 seconds
[2024-05-10T07:45:24.661+0000] {processor.py:161} INFO - Started process (PID=2709) to work on /home/airflow/.local/lib/python3.12/site-packages/airflow/example_dags/tutorial.py
[2024-05-10T07:45:24.661+0000] {processor.py:830} INFO - Processing file /home/airflow/.local/lib/python3.12/site-packages/airflow/example_dags/tutorial.py for tasks to queue
[2024-05-10T07:45:24.663+0000] {logging_mixin.py:188} INFO - [2024-05-10T07:45:24.662+0000] {dagbag.py:540} INFO - Filling up the DagBag from /home/airflow/.local/lib/python3.12/site-packages/airflow/example_dags/tutorial.py
[2024-05-10T07:45:24.667+0000] {processor.py:840} INFO - DAG(s) 'tutorial' retrieved from /home/airflow/.local/lib/python3.12/site-packages/airflow/example_dags/tutorial.py
[2024-05-10T07:45:24.684+0000] {logging_mixin.py:188} INFO - [2024-05-10T07:45:24.684+0000] {dag.py:3096} INFO - Sync 1 DAGs
[2024-05-10T07:45:24.703+0000] {logging_mixin.py:188} INFO - [2024-05-10T07:45:24.703+0000] {dag.py:3954} INFO - Setting next_dagrun for tutorial to 2024-05-09 00:00:00+00:00, run_after=2024-05-10 00:00:00+00:00
[2024-05-10T07:45:24.730+0000] {processor.py:183} INFO - Processing /home/airflow/.local/lib/python3.12/site-packages/airflow/example_dags/tutorial.py took 0.074 seconds
[2024-05-10T07:45:55.291+0000] {processor.py:161} INFO - Started process (PID=2768) to work on /home/airflow/.local/lib/python3.12/site-packages/airflow/example_dags/tutorial.py
[2024-05-10T07:45:55.292+0000] {processor.py:830} INFO - Processing file /home/airflow/.local/lib/python3.12/site-packages/airflow/example_dags/tutorial.py for tasks to queue
[2024-05-10T07:45:55.293+0000] {logging_mixin.py:188} INFO - [2024-05-10T07:45:55.293+0000] {dagbag.py:540} INFO - Filling up the DagBag from /home/airflow/.local/lib/python3.12/site-packages/airflow/example_dags/tutorial.py
[2024-05-10T07:45:55.298+0000] {processor.py:840} INFO - DAG(s) 'tutorial' retrieved from /home/airflow/.local/lib/python3.12/site-packages/airflow/example_dags/tutorial.py
[2024-05-10T07:45:55.314+0000] {logging_mixin.py:188} INFO - [2024-05-10T07:45:55.314+0000] {dag.py:3096} INFO - Sync 1 DAGs
[2024-05-10T07:45:55.333+0000] {logging_mixin.py:188} INFO - [2024-05-10T07:45:55.333+0000] {dag.py:3954} INFO - Setting next_dagrun for tutorial to 2024-05-09 00:00:00+00:00, run_after=2024-05-10 00:00:00+00:00
[2024-05-10T07:45:55.350+0000] {processor.py:183} INFO - Processing /home/airflow/.local/lib/python3.12/site-packages/airflow/example_dags/tutorial.py took 0.064 seconds
[2024-05-10T07:46:26.300+0000] {processor.py:161} INFO - Started process (PID=2826) to work on /home/airflow/.local/lib/python3.12/site-packages/airflow/example_dags/tutorial.py
[2024-05-10T07:46:26.301+0000] {processor.py:830} INFO - Processing file /home/airflow/.local/lib/python3.12/site-packages/airflow/example_dags/tutorial.py for tasks to queue
[2024-05-10T07:46:26.301+0000] {logging_mixin.py:188} INFO - [2024-05-10T07:46:26.301+0000] {dagbag.py:540} INFO - Filling up the DagBag from /home/airflow/.local/lib/python3.12/site-packages/airflow/example_dags/tutorial.py
[2024-05-10T07:46:26.307+0000] {processor.py:840} INFO - DAG(s) 'tutorial' retrieved from /home/airflow/.local/lib/python3.12/site-packages/airflow/example_dags/tutorial.py
[2024-05-10T07:46:26.332+0000] {logging_mixin.py:188} INFO - [2024-05-10T07:46:26.332+0000] {dag.py:3096} INFO - Sync 1 DAGs
[2024-05-10T07:46:26.355+0000] {logging_mixin.py:188} INFO - [2024-05-10T07:46:26.355+0000] {dag.py:3954} INFO - Setting next_dagrun for tutorial to 2024-05-09 00:00:00+00:00, run_after=2024-05-10 00:00:00+00:00
[2024-05-10T07:46:26.403+0000] {processor.py:183} INFO - Processing /home/airflow/.local/lib/python3.12/site-packages/airflow/example_dags/tutorial.py took 0.108 seconds
[2024-05-10T07:46:56.631+0000] {processor.py:161} INFO - Started process (PID=2883) to work on /home/airflow/.local/lib/python3.12/site-packages/airflow/example_dags/tutorial.py
[2024-05-10T07:46:56.633+0000] {processor.py:830} INFO - Processing file /home/airflow/.local/lib/python3.12/site-packages/airflow/example_dags/tutorial.py for tasks to queue
[2024-05-10T07:46:56.633+0000] {logging_mixin.py:188} INFO - [2024-05-10T07:46:56.633+0000] {dagbag.py:540} INFO - Filling up the DagBag from /home/airflow/.local/lib/python3.12/site-packages/airflow/example_dags/tutorial.py
[2024-05-10T07:46:56.639+0000] {processor.py:840} INFO - DAG(s) 'tutorial' retrieved from /home/airflow/.local/lib/python3.12/site-packages/airflow/example_dags/tutorial.py
[2024-05-10T07:46:56.661+0000] {logging_mixin.py:188} INFO - [2024-05-10T07:46:56.661+0000] {dag.py:3096} INFO - Sync 1 DAGs
[2024-05-10T07:46:56.681+0000] {logging_mixin.py:188} INFO - [2024-05-10T07:46:56.681+0000] {dag.py:3954} INFO - Setting next_dagrun for tutorial to 2024-05-09 00:00:00+00:00, run_after=2024-05-10 00:00:00+00:00
[2024-05-10T07:46:56.708+0000] {processor.py:183} INFO - Processing /home/airflow/.local/lib/python3.12/site-packages/airflow/example_dags/tutorial.py took 0.082 seconds
[2024-05-10T07:47:26.775+0000] {processor.py:161} INFO - Started process (PID=2941) to work on /home/airflow/.local/lib/python3.12/site-packages/airflow/example_dags/tutorial.py
[2024-05-10T07:47:26.775+0000] {processor.py:830} INFO - Processing file /home/airflow/.local/lib/python3.12/site-packages/airflow/example_dags/tutorial.py for tasks to queue
[2024-05-10T07:47:26.776+0000] {logging_mixin.py:188} INFO - [2024-05-10T07:47:26.776+0000] {dagbag.py:540} INFO - Filling up the DagBag from /home/airflow/.local/lib/python3.12/site-packages/airflow/example_dags/tutorial.py
[2024-05-10T07:47:26.781+0000] {processor.py:840} INFO - DAG(s) 'tutorial' retrieved from /home/airflow/.local/lib/python3.12/site-packages/airflow/example_dags/tutorial.py
[2024-05-10T07:47:26.798+0000] {logging_mixin.py:188} INFO - [2024-05-10T07:47:26.797+0000] {dag.py:3096} INFO - Sync 1 DAGs
[2024-05-10T07:47:26.815+0000] {logging_mixin.py:188} INFO - [2024-05-10T07:47:26.815+0000] {dag.py:3954} INFO - Setting next_dagrun for tutorial to 2024-05-09 00:00:00+00:00, run_after=2024-05-10 00:00:00+00:00
[2024-05-10T07:47:26.839+0000] {processor.py:183} INFO - Processing /home/airflow/.local/lib/python3.12/site-packages/airflow/example_dags/tutorial.py took 0.069 seconds
[2024-05-10T07:47:57.250+0000] {processor.py:161} INFO - Started process (PID=2999) to work on /home/airflow/.local/lib/python3.12/site-packages/airflow/example_dags/tutorial.py
[2024-05-10T07:47:57.251+0000] {processor.py:830} INFO - Processing file /home/airflow/.local/lib/python3.12/site-packages/airflow/example_dags/tutorial.py for tasks to queue
[2024-05-10T07:47:57.251+0000] {logging_mixin.py:188} INFO - [2024-05-10T07:47:57.251+0000] {dagbag.py:540} INFO - Filling up the DagBag from /home/airflow/.local/lib/python3.12/site-packages/airflow/example_dags/tutorial.py
[2024-05-10T07:47:57.256+0000] {processor.py:840} INFO - DAG(s) 'tutorial' retrieved from /home/airflow/.local/lib/python3.12/site-packages/airflow/example_dags/tutorial.py
[2024-05-10T07:47:57.272+0000] {logging_mixin.py:188} INFO - [2024-05-10T07:47:57.272+0000] {dag.py:3096} INFO - Sync 1 DAGs
[2024-05-10T07:47:57.291+0000] {logging_mixin.py:188} INFO - [2024-05-10T07:47:57.291+0000] {dag.py:3954} INFO - Setting next_dagrun for tutorial to 2024-05-09 00:00:00+00:00, run_after=2024-05-10 00:00:00+00:00
[2024-05-10T07:47:57.308+0000] {processor.py:183} INFO - Processing /home/airflow/.local/lib/python3.12/site-packages/airflow/example_dags/tutorial.py took 0.064 seconds
[2024-05-10T07:48:28.280+0000] {processor.py:161} INFO - Started process (PID=3057) to work on /home/airflow/.local/lib/python3.12/site-packages/airflow/example_dags/tutorial.py
[2024-05-10T07:48:28.281+0000] {processor.py:830} INFO - Processing file /home/airflow/.local/lib/python3.12/site-packages/airflow/example_dags/tutorial.py for tasks to queue
[2024-05-10T07:48:28.282+0000] {logging_mixin.py:188} INFO - [2024-05-10T07:48:28.282+0000] {dagbag.py:540} INFO - Filling up the DagBag from /home/airflow/.local/lib/python3.12/site-packages/airflow/example_dags/tutorial.py
[2024-05-10T07:48:28.297+0000] {processor.py:840} INFO - DAG(s) 'tutorial' retrieved from /home/airflow/.local/lib/python3.12/site-packages/airflow/example_dags/tutorial.py
[2024-05-10T07:48:28.327+0000] {logging_mixin.py:188} INFO - [2024-05-10T07:48:28.327+0000] {dag.py:3096} INFO - Sync 1 DAGs
[2024-05-10T07:48:28.347+0000] {logging_mixin.py:188} INFO - [2024-05-10T07:48:28.347+0000] {dag.py:3954} INFO - Setting next_dagrun for tutorial to 2024-05-09 00:00:00+00:00, run_after=2024-05-10 00:00:00+00:00
[2024-05-10T07:48:28.376+0000] {processor.py:183} INFO - Processing /home/airflow/.local/lib/python3.12/site-packages/airflow/example_dags/tutorial.py took 0.102 seconds
[2024-05-10T07:48:58.478+0000] {processor.py:161} INFO - Started process (PID=3115) to work on /home/airflow/.local/lib/python3.12/site-packages/airflow/example_dags/tutorial.py
[2024-05-10T07:48:58.479+0000] {processor.py:830} INFO - Processing file /home/airflow/.local/lib/python3.12/site-packages/airflow/example_dags/tutorial.py for tasks to queue
[2024-05-10T07:48:58.480+0000] {logging_mixin.py:188} INFO - [2024-05-10T07:48:58.479+0000] {dagbag.py:540} INFO - Filling up the DagBag from /home/airflow/.local/lib/python3.12/site-packages/airflow/example_dags/tutorial.py
[2024-05-10T07:48:58.485+0000] {processor.py:840} INFO - DAG(s) 'tutorial' retrieved from /home/airflow/.local/lib/python3.12/site-packages/airflow/example_dags/tutorial.py
[2024-05-10T07:48:58.500+0000] {logging_mixin.py:188} INFO - [2024-05-10T07:48:58.500+0000] {dag.py:3096} INFO - Sync 1 DAGs
[2024-05-10T07:48:58.519+0000] {logging_mixin.py:188} INFO - [2024-05-10T07:48:58.519+0000] {dag.py:3954} INFO - Setting next_dagrun for tutorial to 2024-05-09 00:00:00+00:00, run_after=2024-05-10 00:00:00+00:00
[2024-05-10T07:48:58.544+0000] {processor.py:183} INFO - Processing /home/airflow/.local/lib/python3.12/site-packages/airflow/example_dags/tutorial.py took 0.070 seconds
[2024-05-10T07:49:28.659+0000] {processor.py:161} INFO - Started process (PID=3172) to work on /home/airflow/.local/lib/python3.12/site-packages/airflow/example_dags/tutorial.py
[2024-05-10T07:49:28.661+0000] {processor.py:830} INFO - Processing file /home/airflow/.local/lib/python3.12/site-packages/airflow/example_dags/tutorial.py for tasks to queue
[2024-05-10T07:49:28.661+0000] {logging_mixin.py:188} INFO - [2024-05-10T07:49:28.661+0000] {dagbag.py:540} INFO - Filling up the DagBag from /home/airflow/.local/lib/python3.12/site-packages/airflow/example_dags/tutorial.py
[2024-05-10T07:49:28.667+0000] {processor.py:840} INFO - DAG(s) 'tutorial' retrieved from /home/airflow/.local/lib/python3.12/site-packages/airflow/example_dags/tutorial.py
[2024-05-10T07:49:28.682+0000] {logging_mixin.py:188} INFO - [2024-05-10T07:49:28.682+0000] {dag.py:3096} INFO - Sync 1 DAGs
[2024-05-10T07:49:28.700+0000] {logging_mixin.py:188} INFO - [2024-05-10T07:49:28.700+0000] {dag.py:3954} INFO - Setting next_dagrun for tutorial to 2024-05-09 00:00:00+00:00, run_after=2024-05-10 00:00:00+00:00
[2024-05-10T07:49:28.744+0000] {processor.py:183} INFO - Processing /home/airflow/.local/lib/python3.12/site-packages/airflow/example_dags/tutorial.py took 0.089 seconds
[2024-05-10T07:49:58.995+0000] {processor.py:161} INFO - Started process (PID=3230) to work on /home/airflow/.local/lib/python3.12/site-packages/airflow/example_dags/tutorial.py
[2024-05-10T07:49:58.996+0000] {processor.py:830} INFO - Processing file /home/airflow/.local/lib/python3.12/site-packages/airflow/example_dags/tutorial.py for tasks to queue
[2024-05-10T07:49:58.997+0000] {logging_mixin.py:188} INFO - [2024-05-10T07:49:58.997+0000] {dagbag.py:540} INFO - Filling up the DagBag from /home/airflow/.local/lib/python3.12/site-packages/airflow/example_dags/tutorial.py
[2024-05-10T07:49:59.002+0000] {processor.py:840} INFO - DAG(s) 'tutorial' retrieved from /home/airflow/.local/lib/python3.12/site-packages/airflow/example_dags/tutorial.py
[2024-05-10T07:49:59.021+0000] {logging_mixin.py:188} INFO - [2024-05-10T07:49:59.021+0000] {dag.py:3096} INFO - Sync 1 DAGs
[2024-05-10T07:49:59.043+0000] {logging_mixin.py:188} INFO - [2024-05-10T07:49:59.043+0000] {dag.py:3954} INFO - Setting next_dagrun for tutorial to 2024-05-09 00:00:00+00:00, run_after=2024-05-10 00:00:00+00:00
[2024-05-10T07:49:59.080+0000] {processor.py:183} INFO - Processing /home/airflow/.local/lib/python3.12/site-packages/airflow/example_dags/tutorial.py took 0.090 seconds
[2024-05-10T07:50:29.927+0000] {processor.py:161} INFO - Started process (PID=3289) to work on /home/airflow/.local/lib/python3.12/site-packages/airflow/example_dags/tutorial.py
[2024-05-10T07:50:29.927+0000] {processor.py:830} INFO - Processing file /home/airflow/.local/lib/python3.12/site-packages/airflow/example_dags/tutorial.py for tasks to queue
[2024-05-10T07:50:29.928+0000] {logging_mixin.py:188} INFO - [2024-05-10T07:50:29.928+0000] {dagbag.py:540} INFO - Filling up the DagBag from /home/airflow/.local/lib/python3.12/site-packages/airflow/example_dags/tutorial.py
[2024-05-10T07:50:29.933+0000] {processor.py:840} INFO - DAG(s) 'tutorial' retrieved from /home/airflow/.local/lib/python3.12/site-packages/airflow/example_dags/tutorial.py
[2024-05-10T07:50:29.954+0000] {logging_mixin.py:188} INFO - [2024-05-10T07:50:29.954+0000] {dag.py:3096} INFO - Sync 1 DAGs
[2024-05-10T07:50:29.980+0000] {logging_mixin.py:188} INFO - [2024-05-10T07:50:29.979+0000] {dag.py:3954} INFO - Setting next_dagrun for tutorial to 2024-05-09 00:00:00+00:00, run_after=2024-05-10 00:00:00+00:00
[2024-05-10T07:50:30.004+0000] {processor.py:183} INFO - Processing /home/airflow/.local/lib/python3.12/site-packages/airflow/example_dags/tutorial.py took 0.083 seconds
[2024-05-10T07:51:00.135+0000] {processor.py:161} INFO - Started process (PID=3347) to work on /home/airflow/.local/lib/python3.12/site-packages/airflow/example_dags/tutorial.py
[2024-05-10T07:51:00.135+0000] {processor.py:830} INFO - Processing file /home/airflow/.local/lib/python3.12/site-packages/airflow/example_dags/tutorial.py for tasks to queue
[2024-05-10T07:51:00.136+0000] {logging_mixin.py:188} INFO - [2024-05-10T07:51:00.136+0000] {dagbag.py:540} INFO - Filling up the DagBag from /home/airflow/.local/lib/python3.12/site-packages/airflow/example_dags/tutorial.py
[2024-05-10T07:51:00.141+0000] {processor.py:840} INFO - DAG(s) 'tutorial' retrieved from /home/airflow/.local/lib/python3.12/site-packages/airflow/example_dags/tutorial.py
[2024-05-10T07:51:00.159+0000] {logging_mixin.py:188} INFO - [2024-05-10T07:51:00.159+0000] {dag.py:3096} INFO - Sync 1 DAGs
[2024-05-10T07:51:00.177+0000] {logging_mixin.py:188} INFO - [2024-05-10T07:51:00.177+0000] {dag.py:3954} INFO - Setting next_dagrun for tutorial to 2024-05-09 00:00:00+00:00, run_after=2024-05-10 00:00:00+00:00
[2024-05-10T07:51:00.203+0000] {processor.py:183} INFO - Processing /home/airflow/.local/lib/python3.12/site-packages/airflow/example_dags/tutorial.py took 0.073 seconds
[2024-05-10T07:51:30.459+0000] {processor.py:161} INFO - Started process (PID=3404) to work on /home/airflow/.local/lib/python3.12/site-packages/airflow/example_dags/tutorial.py
[2024-05-10T07:51:30.461+0000] {processor.py:830} INFO - Processing file /home/airflow/.local/lib/python3.12/site-packages/airflow/example_dags/tutorial.py for tasks to queue
[2024-05-10T07:51:30.461+0000] {logging_mixin.py:188} INFO - [2024-05-10T07:51:30.461+0000] {dagbag.py:540} INFO - Filling up the DagBag from /home/airflow/.local/lib/python3.12/site-packages/airflow/example_dags/tutorial.py
[2024-05-10T07:51:30.470+0000] {processor.py:840} INFO - DAG(s) 'tutorial' retrieved from /home/airflow/.local/lib/python3.12/site-packages/airflow/example_dags/tutorial.py
[2024-05-10T07:51:30.497+0000] {logging_mixin.py:188} INFO - [2024-05-10T07:51:30.496+0000] {dag.py:3096} INFO - Sync 1 DAGs
[2024-05-10T07:51:30.520+0000] {logging_mixin.py:188} INFO - [2024-05-10T07:51:30.520+0000] {dag.py:3954} INFO - Setting next_dagrun for tutorial to 2024-05-09 00:00:00+00:00, run_after=2024-05-10 00:00:00+00:00
[2024-05-10T07:51:30.548+0000] {processor.py:183} INFO - Processing /home/airflow/.local/lib/python3.12/site-packages/airflow/example_dags/tutorial.py took 0.098 seconds
[2024-05-10T07:52:01.457+0000] {processor.py:161} INFO - Started process (PID=3462) to work on /home/airflow/.local/lib/python3.12/site-packages/airflow/example_dags/tutorial.py
[2024-05-10T07:52:01.458+0000] {processor.py:830} INFO - Processing file /home/airflow/.local/lib/python3.12/site-packages/airflow/example_dags/tutorial.py for tasks to queue
[2024-05-10T07:52:01.459+0000] {logging_mixin.py:188} INFO - [2024-05-10T07:52:01.459+0000] {dagbag.py:540} INFO - Filling up the DagBag from /home/airflow/.local/lib/python3.12/site-packages/airflow/example_dags/tutorial.py
[2024-05-10T07:52:01.464+0000] {processor.py:840} INFO - DAG(s) 'tutorial' retrieved from /home/airflow/.local/lib/python3.12/site-packages/airflow/example_dags/tutorial.py
[2024-05-10T07:52:01.480+0000] {logging_mixin.py:188} INFO - [2024-05-10T07:52:01.480+0000] {dag.py:3096} INFO - Sync 1 DAGs
[2024-05-10T07:52:01.498+0000] {logging_mixin.py:188} INFO - [2024-05-10T07:52:01.498+0000] {dag.py:3954} INFO - Setting next_dagrun for tutorial to 2024-05-09 00:00:00+00:00, run_after=2024-05-10 00:00:00+00:00
[2024-05-10T07:52:01.517+0000] {processor.py:183} INFO - Processing /home/airflow/.local/lib/python3.12/site-packages/airflow/example_dags/tutorial.py took 0.065 seconds
[2024-05-10T07:52:31.695+0000] {processor.py:161} INFO - Started process (PID=3520) to work on /home/airflow/.local/lib/python3.12/site-packages/airflow/example_dags/tutorial.py
[2024-05-10T07:52:31.696+0000] {processor.py:830} INFO - Processing file /home/airflow/.local/lib/python3.12/site-packages/airflow/example_dags/tutorial.py for tasks to queue
[2024-05-10T07:52:31.696+0000] {logging_mixin.py:188} INFO - [2024-05-10T07:52:31.696+0000] {dagbag.py:540} INFO - Filling up the DagBag from /home/airflow/.local/lib/python3.12/site-packages/airflow/example_dags/tutorial.py
[2024-05-10T07:52:31.702+0000] {processor.py:840} INFO - DAG(s) 'tutorial' retrieved from /home/airflow/.local/lib/python3.12/site-packages/airflow/example_dags/tutorial.py
[2024-05-10T07:52:31.719+0000] {logging_mixin.py:188} INFO - [2024-05-10T07:52:31.718+0000] {dag.py:3096} INFO - Sync 1 DAGs
[2024-05-10T07:52:31.739+0000] {logging_mixin.py:188} INFO - [2024-05-10T07:52:31.739+0000] {dag.py:3954} INFO - Setting next_dagrun for tutorial to 2024-05-09 00:00:00+00:00, run_after=2024-05-10 00:00:00+00:00
[2024-05-10T07:52:31.761+0000] {processor.py:183} INFO - Processing /home/airflow/.local/lib/python3.12/site-packages/airflow/example_dags/tutorial.py took 0.072 seconds
[2024-05-10T07:53:02.725+0000] {processor.py:161} INFO - Started process (PID=3578) to work on /home/airflow/.local/lib/python3.12/site-packages/airflow/example_dags/tutorial.py
[2024-05-10T07:53:02.726+0000] {processor.py:830} INFO - Processing file /home/airflow/.local/lib/python3.12/site-packages/airflow/example_dags/tutorial.py for tasks to queue
[2024-05-10T07:53:02.726+0000] {logging_mixin.py:188} INFO - [2024-05-10T07:53:02.726+0000] {dagbag.py:540} INFO - Filling up the DagBag from /home/airflow/.local/lib/python3.12/site-packages/airflow/example_dags/tutorial.py
[2024-05-10T07:53:02.732+0000] {processor.py:840} INFO - DAG(s) 'tutorial' retrieved from /home/airflow/.local/lib/python3.12/site-packages/airflow/example_dags/tutorial.py
[2024-05-10T07:53:02.748+0000] {logging_mixin.py:188} INFO - [2024-05-10T07:53:02.748+0000] {dag.py:3096} INFO - Sync 1 DAGs
[2024-05-10T07:53:02.766+0000] {logging_mixin.py:188} INFO - [2024-05-10T07:53:02.766+0000] {dag.py:3954} INFO - Setting next_dagrun for tutorial to 2024-05-09 00:00:00+00:00, run_after=2024-05-10 00:00:00+00:00
[2024-05-10T07:53:02.783+0000] {processor.py:183} INFO - Processing /home/airflow/.local/lib/python3.12/site-packages/airflow/example_dags/tutorial.py took 0.063 seconds
[2024-05-10T07:53:33.236+0000] {processor.py:161} INFO - Started process (PID=3635) to work on /home/airflow/.local/lib/python3.12/site-packages/airflow/example_dags/tutorial.py
[2024-05-10T07:53:33.236+0000] {processor.py:830} INFO - Processing file /home/airflow/.local/lib/python3.12/site-packages/airflow/example_dags/tutorial.py for tasks to queue
[2024-05-10T07:53:33.237+0000] {logging_mixin.py:188} INFO - [2024-05-10T07:53:33.237+0000] {dagbag.py:540} INFO - Filling up the DagBag from /home/airflow/.local/lib/python3.12/site-packages/airflow/example_dags/tutorial.py
[2024-05-10T07:53:33.242+0000] {processor.py:840} INFO - DAG(s) 'tutorial' retrieved from /home/airflow/.local/lib/python3.12/site-packages/airflow/example_dags/tutorial.py
[2024-05-10T07:53:33.259+0000] {logging_mixin.py:188} INFO - [2024-05-10T07:53:33.259+0000] {dag.py:3096} INFO - Sync 1 DAGs
[2024-05-10T07:53:33.277+0000] {logging_mixin.py:188} INFO - [2024-05-10T07:53:33.277+0000] {dag.py:3954} INFO - Setting next_dagrun for tutorial to 2024-05-09 00:00:00+00:00, run_after=2024-05-10 00:00:00+00:00
[2024-05-10T07:53:33.294+0000] {processor.py:183} INFO - Processing /home/airflow/.local/lib/python3.12/site-packages/airflow/example_dags/tutorial.py took 0.064 seconds
[2024-05-10T07:54:03.738+0000] {processor.py:161} INFO - Started process (PID=3693) to work on /home/airflow/.local/lib/python3.12/site-packages/airflow/example_dags/tutorial.py
[2024-05-10T07:54:03.739+0000] {processor.py:830} INFO - Processing file /home/airflow/.local/lib/python3.12/site-packages/airflow/example_dags/tutorial.py for tasks to queue
[2024-05-10T07:54:03.740+0000] {logging_mixin.py:188} INFO - [2024-05-10T07:54:03.739+0000] {dagbag.py:540} INFO - Filling up the DagBag from /home/airflow/.local/lib/python3.12/site-packages/airflow/example_dags/tutorial.py
[2024-05-10T07:54:03.745+0000] {processor.py:840} INFO - DAG(s) 'tutorial' retrieved from /home/airflow/.local/lib/python3.12/site-packages/airflow/example_dags/tutorial.py
[2024-05-10T07:54:03.761+0000] {logging_mixin.py:188} INFO - [2024-05-10T07:54:03.761+0000] {dag.py:3096} INFO - Sync 1 DAGs
[2024-05-10T07:54:03.780+0000] {logging_mixin.py:188} INFO - [2024-05-10T07:54:03.779+0000] {dag.py:3954} INFO - Setting next_dagrun for tutorial to 2024-05-09 00:00:00+00:00, run_after=2024-05-10 00:00:00+00:00
[2024-05-10T07:54:03.805+0000] {processor.py:183} INFO - Processing /home/airflow/.local/lib/python3.12/site-packages/airflow/example_dags/tutorial.py took 0.072 seconds
[2024-05-10T07:54:34.276+0000] {processor.py:161} INFO - Started process (PID=3750) to work on /home/airflow/.local/lib/python3.12/site-packages/airflow/example_dags/tutorial.py
[2024-05-10T07:54:34.278+0000] {processor.py:830} INFO - Processing file /home/airflow/.local/lib/python3.12/site-packages/airflow/example_dags/tutorial.py for tasks to queue
[2024-05-10T07:54:34.278+0000] {logging_mixin.py:188} INFO - [2024-05-10T07:54:34.278+0000] {dagbag.py:540} INFO - Filling up the DagBag from /home/airflow/.local/lib/python3.12/site-packages/airflow/example_dags/tutorial.py
[2024-05-10T07:54:34.286+0000] {processor.py:840} INFO - DAG(s) 'tutorial' retrieved from /home/airflow/.local/lib/python3.12/site-packages/airflow/example_dags/tutorial.py
[2024-05-10T07:54:34.306+0000] {logging_mixin.py:188} INFO - [2024-05-10T07:54:34.306+0000] {dag.py:3096} INFO - Sync 1 DAGs
[2024-05-10T07:54:34.332+0000] {logging_mixin.py:188} INFO - [2024-05-10T07:54:34.332+0000] {dag.py:3954} INFO - Setting next_dagrun for tutorial to 2024-05-09 00:00:00+00:00, run_after=2024-05-10 00:00:00+00:00
[2024-05-10T07:54:34.352+0000] {processor.py:183} INFO - Processing /home/airflow/.local/lib/python3.12/site-packages/airflow/example_dags/tutorial.py took 0.081 seconds
[2024-05-10T07:55:05.029+0000] {processor.py:161} INFO - Started process (PID=3808) to work on /home/airflow/.local/lib/python3.12/site-packages/airflow/example_dags/tutorial.py
[2024-05-10T07:55:05.029+0000] {processor.py:830} INFO - Processing file /home/airflow/.local/lib/python3.12/site-packages/airflow/example_dags/tutorial.py for tasks to queue
[2024-05-10T07:55:05.030+0000] {logging_mixin.py:188} INFO - [2024-05-10T07:55:05.030+0000] {dagbag.py:540} INFO - Filling up the DagBag from /home/airflow/.local/lib/python3.12/site-packages/airflow/example_dags/tutorial.py
[2024-05-10T07:55:05.036+0000] {processor.py:840} INFO - DAG(s) 'tutorial' retrieved from /home/airflow/.local/lib/python3.12/site-packages/airflow/example_dags/tutorial.py
[2024-05-10T07:55:05.053+0000] {logging_mixin.py:188} INFO - [2024-05-10T07:55:05.052+0000] {dag.py:3096} INFO - Sync 1 DAGs
[2024-05-10T07:55:05.072+0000] {logging_mixin.py:188} INFO - [2024-05-10T07:55:05.072+0000] {dag.py:3954} INFO - Setting next_dagrun for tutorial to 2024-05-09 00:00:00+00:00, run_after=2024-05-10 00:00:00+00:00
[2024-05-10T07:55:05.094+0000] {processor.py:183} INFO - Processing /home/airflow/.local/lib/python3.12/site-packages/airflow/example_dags/tutorial.py took 0.071 seconds
