[2024-05-10T09:47:56.538+0000] {local_task_job_runner.py:120} INFO - ::group::Pre task execution logs
[2024-05-10T09:47:56.559+0000] {taskinstance.py:2073} INFO - Dependencies all met for dep_context=non-requeueable deps ti=<TaskInstance: file_process_dag.copy_files manual__2024-05-10T09:47:55.520977+00:00 [queued]>
[2024-05-10T09:47:56.567+0000] {taskinstance.py:2073} INFO - Dependencies all met for dep_context=requeueable deps ti=<TaskInstance: file_process_dag.copy_files manual__2024-05-10T09:47:55.520977+00:00 [queued]>
[2024-05-10T09:47:56.568+0000] {taskinstance.py:2303} INFO - Starting attempt 1 of 1
[2024-05-10T09:47:56.586+0000] {taskinstance.py:2327} INFO - Executing <Task(PythonOperator): copy_files> on 2024-05-10 09:47:55.520977+00:00
[2024-05-10T09:47:56.591+0000] {warnings.py:110} WARNING - /home/***/.local/lib/python3.12/site-packages/***/task/task_runner/standard_task_runner.py:61: DeprecationWarning: This process (pid=1235) is multi-threaded, use of fork() may lead to deadlocks in the child.
  pid = os.fork()

[2024-05-10T09:47:56.592+0000] {standard_task_runner.py:63} INFO - Started process 1236 to run task
[2024-05-10T09:47:56.592+0000] {standard_task_runner.py:90} INFO - Running: ['***', 'tasks', 'run', 'file_process_dag', 'copy_files', 'manual__2024-05-10T09:47:55.520977+00:00', '--job-id', '37', '--raw', '--subdir', 'DAGS_FOLDER/basic_processing.py', '--cfg-path', '/tmp/tmpfqd2oq_5']
[2024-05-10T09:47:56.594+0000] {standard_task_runner.py:91} INFO - Job 37: Subtask copy_files
[2024-05-10T09:47:56.635+0000] {task_command.py:426} INFO - Running <TaskInstance: file_process_dag.copy_files manual__2024-05-10T09:47:55.520977+00:00 [running]> on host 24b77fb676b2
[2024-05-10T09:47:56.853+0000] {taskinstance.py:2644} INFO - Exporting env vars: AIRFLOW_CTX_DAG_OWNER='***' AIRFLOW_CTX_DAG_ID='file_process_dag' AIRFLOW_CTX_TASK_ID='copy_files' AIRFLOW_CTX_EXECUTION_DATE='2024-05-10T09:47:55.520977+00:00' AIRFLOW_CTX_TRY_NUMBER='1' AIRFLOW_CTX_DAG_RUN_ID='manual__2024-05-10T09:47:55.520977+00:00'
[2024-05-10T09:47:56.853+0000] {taskinstance.py:430} INFO - ::endgroup::
[2024-05-10T09:47:56.871+0000] {logging_mixin.py:188} INFO - Copy files
[2024-05-10T09:47:56.872+0000] {python.py:237} INFO - Done. Returned value was: None
[2024-05-10T09:47:56.872+0000] {taskinstance.py:441} INFO - ::group::Post task execution logs
[2024-05-10T09:47:56.885+0000] {taskinstance.py:1205} INFO - Marking task as SUCCESS. dag_id=file_process_dag, task_id=copy_files, execution_date=20240510T094755, start_date=20240510T094756, end_date=20240510T094756
[2024-05-10T09:47:56.926+0000] {local_task_job_runner.py:240} INFO - Task exited with return code 0
[2024-05-10T09:47:56.954+0000] {taskinstance.py:3482} INFO - 1 downstream tasks scheduled from follow-on schedule check
[2024-05-10T09:47:56.964+0000] {local_task_job_runner.py:222} INFO - ::endgroup::
